<?xml version="1.0" encoding="UTF-8"?>
<testsuite xmlns:xsi="http://www.w3.org/2001/XMLSchema-instance" xsi:noNamespaceSchemaLocation="https://maven.apache.org/surefire/maven-surefire-plugin/xsd/surefire-test-report.xsd" version="3.0.2" name="com.hoppyware.productos.ProductoRepositoryTest" time="8.161" tests="6" errors="0" skipped="0" failures="0">
  <properties>
    <property name="java.specification.version" value="17"/>
    <property name="sun.cpu.isalist" value="amd64"/>
    <property name="sun.jnu.encoding" value="Cp1252"/>
    <property name="java.class.path" value="C:\Users\disas\OneDrive\Escritorio\Producto-ms\producto-hw\target\test-classes;C:\Users\disas\OneDrive\Escritorio\Producto-ms\producto-hw\target\classes;C:\Users\disas\.m2\repository\org\springframework\boot\spring-boot-starter-data-jpa\3.4.7\spring-boot-starter-data-jpa-3.4.7.jar;C:\Users\disas\.m2\repository\org\springframework\boot\spring-boot-starter\3.4.7\spring-boot-starter-3.4.7.jar;C:\Users\disas\.m2\repository\org\springframework\boot\spring-boot\3.4.7\spring-boot-3.4.7.jar;C:\Users\disas\.m2\repository\org\springframework\boot\spring-boot-autoconfigure\3.4.7\spring-boot-autoconfigure-3.4.7.jar;C:\Users\disas\.m2\repository\org\springframework\boot\spring-boot-starter-logging\3.4.7\spring-boot-starter-logging-3.4.7.jar;C:\Users\disas\.m2\repository\ch\qos\logback\logback-classic\1.5.18\logback-classic-1.5.18.jar;C:\Users\disas\.m2\repository\ch\qos\logback\logback-core\1.5.18\logback-core-1.5.18.jar;C:\Users\disas\.m2\repository\org\apache\logging\log4j\log4j-to-slf4j\2.24.3\log4j-to-slf4j-2.24.3.jar;C:\Users\disas\.m2\repository\org\apache\logging\log4j\log4j-api\2.24.3\log4j-api-2.24.3.jar;C:\Users\disas\.m2\repository\org\slf4j\jul-to-slf4j\2.0.17\jul-to-slf4j-2.0.17.jar;C:\Users\disas\.m2\repository\jakarta\annotation\jakarta.annotation-api\2.1.1\jakarta.annotation-api-2.1.1.jar;C:\Users\disas\.m2\repository\org\yaml\snakeyaml\2.3\snakeyaml-2.3.jar;C:\Users\disas\.m2\repository\org\springframework\boot\spring-boot-starter-jdbc\3.4.7\spring-boot-starter-jdbc-3.4.7.jar;C:\Users\disas\.m2\repository\com\zaxxer\HikariCP\5.1.0\HikariCP-5.1.0.jar;C:\Users\disas\.m2\repository\org\springframework\spring-jdbc\6.2.8\spring-jdbc-6.2.8.jar;C:\Users\disas\.m2\repository\org\hibernate\orm\hibernate-core\6.6.18.Final\hibernate-core-6.6.18.Final.jar;C:\Users\disas\.m2\repository\jakarta\persistence\jakarta.persistence-api\3.1.0\jakarta.persistence-api-3.1.0.jar;C:\Users\disas\.m2\repository\jakarta\transaction\jakarta.transaction-api\2.0.1\jakarta.transaction-api-2.0.1.jar;C:\Users\disas\.m2\repository\org\jboss\logging\jboss-logging\3.6.1.Final\jboss-logging-3.6.1.Final.jar;C:\Users\disas\.m2\repository\org\hibernate\common\hibernate-commons-annotations\7.0.3.Final\hibernate-commons-annotations-7.0.3.Final.jar;C:\Users\disas\.m2\repository\io\smallrye\jandex\3.2.0\jandex-3.2.0.jar;C:\Users\disas\.m2\repository\com\fasterxml\classmate\1.7.0\classmate-1.7.0.jar;C:\Users\disas\.m2\repository\net\bytebuddy\byte-buddy\1.15.11\byte-buddy-1.15.11.jar;C:\Users\disas\.m2\repository\org\glassfish\jaxb\jaxb-runtime\4.0.5\jaxb-runtime-4.0.5.jar;C:\Users\disas\.m2\repository\org\glassfish\jaxb\jaxb-core\4.0.5\jaxb-core-4.0.5.jar;C:\Users\disas\.m2\repository\org\eclipse\angus\angus-activation\2.0.2\angus-activation-2.0.2.jar;C:\Users\disas\.m2\repository\org\glassfish\jaxb\txw2\4.0.5\txw2-4.0.5.jar;C:\Users\disas\.m2\repository\com\sun\istack\istack-commons-runtime\4.1.2\istack-commons-runtime-4.1.2.jar;C:\Users\disas\.m2\repository\jakarta\inject\jakarta.inject-api\2.0.1\jakarta.inject-api-2.0.1.jar;C:\Users\disas\.m2\repository\org\antlr\antlr4-runtime\4.13.0\antlr4-runtime-4.13.0.jar;C:\Users\disas\.m2\repository\org\springframework\data\spring-data-jpa\3.4.7\spring-data-jpa-3.4.7.jar;C:\Users\disas\.m2\repository\org\springframework\data\spring-data-commons\3.4.7\spring-data-commons-3.4.7.jar;C:\Users\disas\.m2\repository\org\springframework\spring-orm\6.2.8\spring-orm-6.2.8.jar;C:\Users\disas\.m2\repository\org\springframework\spring-context\6.2.8\spring-context-6.2.8.jar;C:\Users\disas\.m2\repository\org\springframework\spring-aop\6.2.8\spring-aop-6.2.8.jar;C:\Users\disas\.m2\repository\org\springframework\spring-tx\6.2.8\spring-tx-6.2.8.jar;C:\Users\disas\.m2\repository\org\springframework\spring-beans\6.2.8\spring-beans-6.2.8.jar;C:\Users\disas\.m2\repository\org\springframework\spring-aspects\6.2.8\spring-aspects-6.2.8.jar;C:\Users\disas\.m2\repository\org\aspectj\aspectjweaver\1.9.24\aspectjweaver-1.9.24.jar;C:\Users\disas\.m2\repository\org\springframework\boot\spring-boot-starter-web\3.4.7\spring-boot-starter-web-3.4.7.jar;C:\Users\disas\.m2\repository\org\springframework\boot\spring-boot-starter-json\3.4.7\spring-boot-starter-json-3.4.7.jar;C:\Users\disas\.m2\repository\com\fasterxml\jackson\core\jackson-databind\2.18.4\jackson-databind-2.18.4.jar;C:\Users\disas\.m2\repository\com\fasterxml\jackson\core\jackson-annotations\2.18.4\jackson-annotations-2.18.4.jar;C:\Users\disas\.m2\repository\com\fasterxml\jackson\core\jackson-core\2.18.4.1\jackson-core-2.18.4.1.jar;C:\Users\disas\.m2\repository\com\fasterxml\jackson\datatype\jackson-datatype-jdk8\2.18.4\jackson-datatype-jdk8-2.18.4.jar;C:\Users\disas\.m2\repository\com\fasterxml\jackson\datatype\jackson-datatype-jsr310\2.18.4\jackson-datatype-jsr310-2.18.4.jar;C:\Users\disas\.m2\repository\com\fasterxml\jackson\module\jackson-module-parameter-names\2.18.4\jackson-module-parameter-names-2.18.4.jar;C:\Users\disas\.m2\repository\org\springframework\boot\spring-boot-starter-tomcat\3.4.7\spring-boot-starter-tomcat-3.4.7.jar;C:\Users\disas\.m2\repository\org\apache\tomcat\embed\tomcat-embed-core\10.1.42\tomcat-embed-core-10.1.42.jar;C:\Users\disas\.m2\repository\org\apache\tomcat\embed\tomcat-embed-el\10.1.42\tomcat-embed-el-10.1.42.jar;C:\Users\disas\.m2\repository\org\apache\tomcat\embed\tomcat-embed-websocket\10.1.42\tomcat-embed-websocket-10.1.42.jar;C:\Users\disas\.m2\repository\org\springframework\spring-web\6.2.8\spring-web-6.2.8.jar;C:\Users\disas\.m2\repository\io\micrometer\micrometer-observation\1.14.8\micrometer-observation-1.14.8.jar;C:\Users\disas\.m2\repository\io\micrometer\micrometer-commons\1.14.8\micrometer-commons-1.14.8.jar;C:\Users\disas\.m2\repository\org\springframework\spring-webmvc\6.2.8\spring-webmvc-6.2.8.jar;C:\Users\disas\.m2\repository\org\springframework\spring-expression\6.2.8\spring-expression-6.2.8.jar;C:\Users\disas\.m2\repository\org\springframework\cloud\spring-cloud-starter-openfeign\4.2.0\spring-cloud-starter-openfeign-4.2.0.jar;C:\Users\disas\.m2\repository\org\springframework\cloud\spring-cloud-starter\4.2.0\spring-cloud-starter-4.2.0.jar;C:\Users\disas\.m2\repository\org\springframework\cloud\spring-cloud-context\4.2.0\spring-cloud-context-4.2.0.jar;C:\Users\disas\.m2\repository\org\bouncycastle\bcprov-jdk18on\1.78.1\bcprov-jdk18on-1.78.1.jar;C:\Users\disas\.m2\repository\org\springframework\cloud\spring-cloud-openfeign-core\4.2.0\spring-cloud-openfeign-core-4.2.0.jar;C:\Users\disas\.m2\repository\io\github\openfeign\feign-form-spring\13.5\feign-form-spring-13.5.jar;C:\Users\disas\.m2\repository\io\github\openfeign\feign-form\13.5\feign-form-13.5.jar;C:\Users\disas\.m2\repository\commons-fileupload\commons-fileupload\1.5\commons-fileupload-1.5.jar;C:\Users\disas\.m2\repository\commons-io\commons-io\2.11.0\commons-io-2.11.0.jar;C:\Users\disas\.m2\repository\org\springframework\cloud\spring-cloud-commons\4.2.0\spring-cloud-commons-4.2.0.jar;C:\Users\disas\.m2\repository\org\springframework\security\spring-security-crypto\6.4.7\spring-security-crypto-6.4.7.jar;C:\Users\disas\.m2\repository\io\github\openfeign\feign-core\13.5\feign-core-13.5.jar;C:\Users\disas\.m2\repository\io\github\openfeign\feign-slf4j\13.5\feign-slf4j-13.5.jar;C:\Users\disas\.m2\repository\com\oracle\database\jdbc\ojdbc11\23.5.0.24.07\ojdbc11-23.5.0.24.07.jar;C:\Users\disas\.m2\repository\org\apache\httpcomponents\client5\httpclient5\5.4.4\httpclient5-5.4.4.jar;C:\Users\disas\.m2\repository\org\apache\httpcomponents\core5\httpcore5\5.3.4\httpcore5-5.3.4.jar;C:\Users\disas\.m2\repository\org\apache\httpcomponents\core5\httpcore5-h2\5.3.4\httpcore5-h2-5.3.4.jar;C:\Users\disas\.m2\repository\org\slf4j\slf4j-api\2.0.17\slf4j-api-2.0.17.jar;C:\Users\disas\.m2\repository\com\oracle\database\jdbc\ojdbc8\23.5.0.24.07\ojdbc8-23.5.0.24.07.jar;C:\Users\disas\.m2\repository\com\oracle\database\security\oraclepki\23.5.0.24.07\oraclepki-23.5.0.24.07.jar;C:\Users\disas\.m2\repository\com\oracle\database\security\osdt_core\19.8.0.0\osdt_core-19.8.0.0.jar;C:\Users\disas\.m2\repository\com\oracle\database\security\osdt_cert\19.8.0.0\osdt_cert-19.8.0.0.jar;C:\Users\disas\.m2\repository\org\projectlombok\lombok\1.18.38\lombok-1.18.38.jar;C:\Users\disas\.m2\repository\org\springframework\boot\spring-boot-starter-test\3.4.7\spring-boot-starter-test-3.4.7.jar;C:\Users\disas\.m2\repository\org\springframework\boot\spring-boot-test\3.4.7\spring-boot-test-3.4.7.jar;C:\Users\disas\.m2\repository\org\springframework\boot\spring-boot-test-autoconfigure\3.4.7\spring-boot-test-autoconfigure-3.4.7.jar;C:\Users\disas\.m2\repository\com\jayway\jsonpath\json-path\2.9.0\json-path-2.9.0.jar;C:\Users\disas\.m2\repository\jakarta\xml\bind\jakarta.xml.bind-api\4.0.2\jakarta.xml.bind-api-4.0.2.jar;C:\Users\disas\.m2\repository\jakarta\activation\jakarta.activation-api\2.1.3\jakarta.activation-api-2.1.3.jar;C:\Users\disas\.m2\repository\net\minidev\json-smart\2.5.2\json-smart-2.5.2.jar;C:\Users\disas\.m2\repository\net\minidev\accessors-smart\2.5.2\accessors-smart-2.5.2.jar;C:\Users\disas\.m2\repository\org\ow2\asm\asm\9.7.1\asm-9.7.1.jar;C:\Users\disas\.m2\repository\org\assertj\assertj-core\3.26.3\assertj-core-3.26.3.jar;C:\Users\disas\.m2\repository\org\awaitility\awaitility\4.2.2\awaitility-4.2.2.jar;C:\Users\disas\.m2\repository\org\hamcrest\hamcrest\2.2\hamcrest-2.2.jar;C:\Users\disas\.m2\repository\org\junit\jupiter\junit-jupiter\5.11.4\junit-jupiter-5.11.4.jar;C:\Users\disas\.m2\repository\org\junit\jupiter\junit-jupiter-api\5.11.4\junit-jupiter-api-5.11.4.jar;C:\Users\disas\.m2\repository\org\opentest4j\opentest4j\1.3.0\opentest4j-1.3.0.jar;C:\Users\disas\.m2\repository\org\junit\platform\junit-platform-commons\1.11.4\junit-platform-commons-1.11.4.jar;C:\Users\disas\.m2\repository\org\apiguardian\apiguardian-api\1.1.2\apiguardian-api-1.1.2.jar;C:\Users\disas\.m2\repository\org\junit\jupiter\junit-jupiter-params\5.11.4\junit-jupiter-params-5.11.4.jar;C:\Users\disas\.m2\repository\org\junit\jupiter\junit-jupiter-engine\5.11.4\junit-jupiter-engine-5.11.4.jar;C:\Users\disas\.m2\repository\org\junit\platform\junit-platform-engine\1.11.4\junit-platform-engine-1.11.4.jar;C:\Users\disas\.m2\repository\org\mockito\mockito-core\5.14.2\mockito-core-5.14.2.jar;C:\Users\disas\.m2\repository\net\bytebuddy\byte-buddy-agent\1.15.11\byte-buddy-agent-1.15.11.jar;C:\Users\disas\.m2\repository\org\objenesis\objenesis\3.3\objenesis-3.3.jar;C:\Users\disas\.m2\repository\org\mockito\mockito-junit-jupiter\5.14.2\mockito-junit-jupiter-5.14.2.jar;C:\Users\disas\.m2\repository\org\skyscreamer\jsonassert\1.5.3\jsonassert-1.5.3.jar;C:\Users\disas\.m2\repository\com\vaadin\external\google\android-json\0.0.20131108.vaadin1\android-json-0.0.20131108.vaadin1.jar;C:\Users\disas\.m2\repository\org\springframework\spring-core\6.2.8\spring-core-6.2.8.jar;C:\Users\disas\.m2\repository\org\springframework\spring-jcl\6.2.8\spring-jcl-6.2.8.jar;C:\Users\disas\.m2\repository\org\springframework\spring-test\6.2.8\spring-test-6.2.8.jar;C:\Users\disas\.m2\repository\org\xmlunit\xmlunit-core\2.10.2\xmlunit-core-2.10.2.jar;C:\Users\disas\.m2\repository\org\springdoc\springdoc-openapi-starter-webmvc-ui\2.8.5\springdoc-openapi-starter-webmvc-ui-2.8.5.jar;C:\Users\disas\.m2\repository\org\springdoc\springdoc-openapi-starter-webmvc-api\2.8.5\springdoc-openapi-starter-webmvc-api-2.8.5.jar;C:\Users\disas\.m2\repository\org\springdoc\springdoc-openapi-starter-common\2.8.5\springdoc-openapi-starter-common-2.8.5.jar;C:\Users\disas\.m2\repository\io\swagger\core\v3\swagger-core-jakarta\2.2.28\swagger-core-jakarta-2.2.28.jar;C:\Users\disas\.m2\repository\org\apache\commons\commons-lang3\3.17.0\commons-lang3-3.17.0.jar;C:\Users\disas\.m2\repository\io\swagger\core\v3\swagger-annotations-jakarta\2.2.28\swagger-annotations-jakarta-2.2.28.jar;C:\Users\disas\.m2\repository\io\swagger\core\v3\swagger-models-jakarta\2.2.28\swagger-models-jakarta-2.2.28.jar;C:\Users\disas\.m2\repository\jakarta\validation\jakarta.validation-api\3.0.2\jakarta.validation-api-3.0.2.jar;C:\Users\disas\.m2\repository\com\fasterxml\jackson\dataformat\jackson-dataformat-yaml\2.18.4\jackson-dataformat-yaml-2.18.4.jar;C:\Users\disas\.m2\repository\org\webjars\swagger-ui\5.18.3\swagger-ui-5.18.3.jar;C:\Users\disas\.m2\repository\org\webjars\webjars-locator-lite\1.0.1\webjars-locator-lite-1.0.1.jar;C:\Users\disas\.m2\repository\org\jspecify\jspecify\1.0.0\jspecify-1.0.0.jar;C:\Users\disas\.m2\repository\org\springdoc\springdoc-openapi-starter-webflux-ui\2.8.5\springdoc-openapi-starter-webflux-ui-2.8.5.jar;C:\Users\disas\.m2\repository\org\springdoc\springdoc-openapi-starter-webflux-api\2.8.5\springdoc-openapi-starter-webflux-api-2.8.5.jar;C:\Users\disas\.m2\repository\org\springframework\spring-webflux\6.2.8\spring-webflux-6.2.8.jar;C:\Users\disas\.m2\repository\io\projectreactor\reactor-core\3.7.7\reactor-core-3.7.7.jar;C:\Users\disas\.m2\repository\org\reactivestreams\reactive-streams\1.0.4\reactive-streams-1.0.4.jar;C:\Users\disas\.m2\repository\com\h2database\h2\2.3.232\h2-2.3.232.jar;"/>
    <property name="java.vm.vendor" value="Oracle Corporation"/>
    <property name="sun.arch.data.model" value="64"/>
    <property name="user.variant" value=""/>
    <property name="java.vendor.url" value="https://java.oracle.com/"/>
    <property name="user.timezone" value="America/Santiago"/>
    <property name="org.jboss.logging.provider" value="slf4j"/>
    <property name="os.name" value="Windows 11"/>
    <property name="java.vm.specification.version" value="17"/>
    <property name="APPLICATION_NAME" value="productos"/>
    <property name="user.country" value="CL"/>
    <property name="sun.java.launcher" value="SUN_STANDARD"/>
    <property name="sun.boot.library.path" value="C:\Program Files\Java\jdk-17\bin"/>
    <property name="sun.java.command" value="C:\Users\disas\AppData\Local\Temp\surefire4313697664341406881\surefirebooter-20250626212301399_3.jar C:\Users\disas\AppData\Local\Temp\surefire4313697664341406881 2025-06-26T21-23-01_117-jvmRun1 surefire-20250626212301399_1tmp surefire_0-20250626212301399_2tmp"/>
    <property name="jdk.debug" value="release"/>
    <property name="test" value="com.hoppyware.productos.ProductoRepositoryTest"/>
    <property name="surefire.test.class.path" value="C:\Users\disas\OneDrive\Escritorio\Producto-ms\producto-hw\target\test-classes;C:\Users\disas\OneDrive\Escritorio\Producto-ms\producto-hw\target\classes;C:\Users\disas\.m2\repository\org\springframework\boot\spring-boot-starter-data-jpa\3.4.7\spring-boot-starter-data-jpa-3.4.7.jar;C:\Users\disas\.m2\repository\org\springframework\boot\spring-boot-starter\3.4.7\spring-boot-starter-3.4.7.jar;C:\Users\disas\.m2\repository\org\springframework\boot\spring-boot\3.4.7\spring-boot-3.4.7.jar;C:\Users\disas\.m2\repository\org\springframework\boot\spring-boot-autoconfigure\3.4.7\spring-boot-autoconfigure-3.4.7.jar;C:\Users\disas\.m2\repository\org\springframework\boot\spring-boot-starter-logging\3.4.7\spring-boot-starter-logging-3.4.7.jar;C:\Users\disas\.m2\repository\ch\qos\logback\logback-classic\1.5.18\logback-classic-1.5.18.jar;C:\Users\disas\.m2\repository\ch\qos\logback\logback-core\1.5.18\logback-core-1.5.18.jar;C:\Users\disas\.m2\repository\org\apache\logging\log4j\log4j-to-slf4j\2.24.3\log4j-to-slf4j-2.24.3.jar;C:\Users\disas\.m2\repository\org\apache\logging\log4j\log4j-api\2.24.3\log4j-api-2.24.3.jar;C:\Users\disas\.m2\repository\org\slf4j\jul-to-slf4j\2.0.17\jul-to-slf4j-2.0.17.jar;C:\Users\disas\.m2\repository\jakarta\annotation\jakarta.annotation-api\2.1.1\jakarta.annotation-api-2.1.1.jar;C:\Users\disas\.m2\repository\org\yaml\snakeyaml\2.3\snakeyaml-2.3.jar;C:\Users\disas\.m2\repository\org\springframework\boot\spring-boot-starter-jdbc\3.4.7\spring-boot-starter-jdbc-3.4.7.jar;C:\Users\disas\.m2\repository\com\zaxxer\HikariCP\5.1.0\HikariCP-5.1.0.jar;C:\Users\disas\.m2\repository\org\springframework\spring-jdbc\6.2.8\spring-jdbc-6.2.8.jar;C:\Users\disas\.m2\repository\org\hibernate\orm\hibernate-core\6.6.18.Final\hibernate-core-6.6.18.Final.jar;C:\Users\disas\.m2\repository\jakarta\persistence\jakarta.persistence-api\3.1.0\jakarta.persistence-api-3.1.0.jar;C:\Users\disas\.m2\repository\jakarta\transaction\jakarta.transaction-api\2.0.1\jakarta.transaction-api-2.0.1.jar;C:\Users\disas\.m2\repository\org\jboss\logging\jboss-logging\3.6.1.Final\jboss-logging-3.6.1.Final.jar;C:\Users\disas\.m2\repository\org\hibernate\common\hibernate-commons-annotations\7.0.3.Final\hibernate-commons-annotations-7.0.3.Final.jar;C:\Users\disas\.m2\repository\io\smallrye\jandex\3.2.0\jandex-3.2.0.jar;C:\Users\disas\.m2\repository\com\fasterxml\classmate\1.7.0\classmate-1.7.0.jar;C:\Users\disas\.m2\repository\net\bytebuddy\byte-buddy\1.15.11\byte-buddy-1.15.11.jar;C:\Users\disas\.m2\repository\org\glassfish\jaxb\jaxb-runtime\4.0.5\jaxb-runtime-4.0.5.jar;C:\Users\disas\.m2\repository\org\glassfish\jaxb\jaxb-core\4.0.5\jaxb-core-4.0.5.jar;C:\Users\disas\.m2\repository\org\eclipse\angus\angus-activation\2.0.2\angus-activation-2.0.2.jar;C:\Users\disas\.m2\repository\org\glassfish\jaxb\txw2\4.0.5\txw2-4.0.5.jar;C:\Users\disas\.m2\repository\com\sun\istack\istack-commons-runtime\4.1.2\istack-commons-runtime-4.1.2.jar;C:\Users\disas\.m2\repository\jakarta\inject\jakarta.inject-api\2.0.1\jakarta.inject-api-2.0.1.jar;C:\Users\disas\.m2\repository\org\antlr\antlr4-runtime\4.13.0\antlr4-runtime-4.13.0.jar;C:\Users\disas\.m2\repository\org\springframework\data\spring-data-jpa\3.4.7\spring-data-jpa-3.4.7.jar;C:\Users\disas\.m2\repository\org\springframework\data\spring-data-commons\3.4.7\spring-data-commons-3.4.7.jar;C:\Users\disas\.m2\repository\org\springframework\spring-orm\6.2.8\spring-orm-6.2.8.jar;C:\Users\disas\.m2\repository\org\springframework\spring-context\6.2.8\spring-context-6.2.8.jar;C:\Users\disas\.m2\repository\org\springframework\spring-aop\6.2.8\spring-aop-6.2.8.jar;C:\Users\disas\.m2\repository\org\springframework\spring-tx\6.2.8\spring-tx-6.2.8.jar;C:\Users\disas\.m2\repository\org\springframework\spring-beans\6.2.8\spring-beans-6.2.8.jar;C:\Users\disas\.m2\repository\org\springframework\spring-aspects\6.2.8\spring-aspects-6.2.8.jar;C:\Users\disas\.m2\repository\org\aspectj\aspectjweaver\1.9.24\aspectjweaver-1.9.24.jar;C:\Users\disas\.m2\repository\org\springframework\boot\spring-boot-starter-web\3.4.7\spring-boot-starter-web-3.4.7.jar;C:\Users\disas\.m2\repository\org\springframework\boot\spring-boot-starter-json\3.4.7\spring-boot-starter-json-3.4.7.jar;C:\Users\disas\.m2\repository\com\fasterxml\jackson\core\jackson-databind\2.18.4\jackson-databind-2.18.4.jar;C:\Users\disas\.m2\repository\com\fasterxml\jackson\core\jackson-annotations\2.18.4\jackson-annotations-2.18.4.jar;C:\Users\disas\.m2\repository\com\fasterxml\jackson\core\jackson-core\2.18.4.1\jackson-core-2.18.4.1.jar;C:\Users\disas\.m2\repository\com\fasterxml\jackson\datatype\jackson-datatype-jdk8\2.18.4\jackson-datatype-jdk8-2.18.4.jar;C:\Users\disas\.m2\repository\com\fasterxml\jackson\datatype\jackson-datatype-jsr310\2.18.4\jackson-datatype-jsr310-2.18.4.jar;C:\Users\disas\.m2\repository\com\fasterxml\jackson\module\jackson-module-parameter-names\2.18.4\jackson-module-parameter-names-2.18.4.jar;C:\Users\disas\.m2\repository\org\springframework\boot\spring-boot-starter-tomcat\3.4.7\spring-boot-starter-tomcat-3.4.7.jar;C:\Users\disas\.m2\repository\org\apache\tomcat\embed\tomcat-embed-core\10.1.42\tomcat-embed-core-10.1.42.jar;C:\Users\disas\.m2\repository\org\apache\tomcat\embed\tomcat-embed-el\10.1.42\tomcat-embed-el-10.1.42.jar;C:\Users\disas\.m2\repository\org\apache\tomcat\embed\tomcat-embed-websocket\10.1.42\tomcat-embed-websocket-10.1.42.jar;C:\Users\disas\.m2\repository\org\springframework\spring-web\6.2.8\spring-web-6.2.8.jar;C:\Users\disas\.m2\repository\io\micrometer\micrometer-observation\1.14.8\micrometer-observation-1.14.8.jar;C:\Users\disas\.m2\repository\io\micrometer\micrometer-commons\1.14.8\micrometer-commons-1.14.8.jar;C:\Users\disas\.m2\repository\org\springframework\spring-webmvc\6.2.8\spring-webmvc-6.2.8.jar;C:\Users\disas\.m2\repository\org\springframework\spring-expression\6.2.8\spring-expression-6.2.8.jar;C:\Users\disas\.m2\repository\org\springframework\cloud\spring-cloud-starter-openfeign\4.2.0\spring-cloud-starter-openfeign-4.2.0.jar;C:\Users\disas\.m2\repository\org\springframework\cloud\spring-cloud-starter\4.2.0\spring-cloud-starter-4.2.0.jar;C:\Users\disas\.m2\repository\org\springframework\cloud\spring-cloud-context\4.2.0\spring-cloud-context-4.2.0.jar;C:\Users\disas\.m2\repository\org\bouncycastle\bcprov-jdk18on\1.78.1\bcprov-jdk18on-1.78.1.jar;C:\Users\disas\.m2\repository\org\springframework\cloud\spring-cloud-openfeign-core\4.2.0\spring-cloud-openfeign-core-4.2.0.jar;C:\Users\disas\.m2\repository\io\github\openfeign\feign-form-spring\13.5\feign-form-spring-13.5.jar;C:\Users\disas\.m2\repository\io\github\openfeign\feign-form\13.5\feign-form-13.5.jar;C:\Users\disas\.m2\repository\commons-fileupload\commons-fileupload\1.5\commons-fileupload-1.5.jar;C:\Users\disas\.m2\repository\commons-io\commons-io\2.11.0\commons-io-2.11.0.jar;C:\Users\disas\.m2\repository\org\springframework\cloud\spring-cloud-commons\4.2.0\spring-cloud-commons-4.2.0.jar;C:\Users\disas\.m2\repository\org\springframework\security\spring-security-crypto\6.4.7\spring-security-crypto-6.4.7.jar;C:\Users\disas\.m2\repository\io\github\openfeign\feign-core\13.5\feign-core-13.5.jar;C:\Users\disas\.m2\repository\io\github\openfeign\feign-slf4j\13.5\feign-slf4j-13.5.jar;C:\Users\disas\.m2\repository\com\oracle\database\jdbc\ojdbc11\23.5.0.24.07\ojdbc11-23.5.0.24.07.jar;C:\Users\disas\.m2\repository\org\apache\httpcomponents\client5\httpclient5\5.4.4\httpclient5-5.4.4.jar;C:\Users\disas\.m2\repository\org\apache\httpcomponents\core5\httpcore5\5.3.4\httpcore5-5.3.4.jar;C:\Users\disas\.m2\repository\org\apache\httpcomponents\core5\httpcore5-h2\5.3.4\httpcore5-h2-5.3.4.jar;C:\Users\disas\.m2\repository\org\slf4j\slf4j-api\2.0.17\slf4j-api-2.0.17.jar;C:\Users\disas\.m2\repository\com\oracle\database\jdbc\ojdbc8\23.5.0.24.07\ojdbc8-23.5.0.24.07.jar;C:\Users\disas\.m2\repository\com\oracle\database\security\oraclepki\23.5.0.24.07\oraclepki-23.5.0.24.07.jar;C:\Users\disas\.m2\repository\com\oracle\database\security\osdt_core\19.8.0.0\osdt_core-19.8.0.0.jar;C:\Users\disas\.m2\repository\com\oracle\database\security\osdt_cert\19.8.0.0\osdt_cert-19.8.0.0.jar;C:\Users\disas\.m2\repository\org\projectlombok\lombok\1.18.38\lombok-1.18.38.jar;C:\Users\disas\.m2\repository\org\springframework\boot\spring-boot-starter-test\3.4.7\spring-boot-starter-test-3.4.7.jar;C:\Users\disas\.m2\repository\org\springframework\boot\spring-boot-test\3.4.7\spring-boot-test-3.4.7.jar;C:\Users\disas\.m2\repository\org\springframework\boot\spring-boot-test-autoconfigure\3.4.7\spring-boot-test-autoconfigure-3.4.7.jar;C:\Users\disas\.m2\repository\com\jayway\jsonpath\json-path\2.9.0\json-path-2.9.0.jar;C:\Users\disas\.m2\repository\jakarta\xml\bind\jakarta.xml.bind-api\4.0.2\jakarta.xml.bind-api-4.0.2.jar;C:\Users\disas\.m2\repository\jakarta\activation\jakarta.activation-api\2.1.3\jakarta.activation-api-2.1.3.jar;C:\Users\disas\.m2\repository\net\minidev\json-smart\2.5.2\json-smart-2.5.2.jar;C:\Users\disas\.m2\repository\net\minidev\accessors-smart\2.5.2\accessors-smart-2.5.2.jar;C:\Users\disas\.m2\repository\org\ow2\asm\asm\9.7.1\asm-9.7.1.jar;C:\Users\disas\.m2\repository\org\assertj\assertj-core\3.26.3\assertj-core-3.26.3.jar;C:\Users\disas\.m2\repository\org\awaitility\awaitility\4.2.2\awaitility-4.2.2.jar;C:\Users\disas\.m2\repository\org\hamcrest\hamcrest\2.2\hamcrest-2.2.jar;C:\Users\disas\.m2\repository\org\junit\jupiter\junit-jupiter\5.11.4\junit-jupiter-5.11.4.jar;C:\Users\disas\.m2\repository\org\junit\jupiter\junit-jupiter-api\5.11.4\junit-jupiter-api-5.11.4.jar;C:\Users\disas\.m2\repository\org\opentest4j\opentest4j\1.3.0\opentest4j-1.3.0.jar;C:\Users\disas\.m2\repository\org\junit\platform\junit-platform-commons\1.11.4\junit-platform-commons-1.11.4.jar;C:\Users\disas\.m2\repository\org\apiguardian\apiguardian-api\1.1.2\apiguardian-api-1.1.2.jar;C:\Users\disas\.m2\repository\org\junit\jupiter\junit-jupiter-params\5.11.4\junit-jupiter-params-5.11.4.jar;C:\Users\disas\.m2\repository\org\junit\jupiter\junit-jupiter-engine\5.11.4\junit-jupiter-engine-5.11.4.jar;C:\Users\disas\.m2\repository\org\junit\platform\junit-platform-engine\1.11.4\junit-platform-engine-1.11.4.jar;C:\Users\disas\.m2\repository\org\mockito\mockito-core\5.14.2\mockito-core-5.14.2.jar;C:\Users\disas\.m2\repository\net\bytebuddy\byte-buddy-agent\1.15.11\byte-buddy-agent-1.15.11.jar;C:\Users\disas\.m2\repository\org\objenesis\objenesis\3.3\objenesis-3.3.jar;C:\Users\disas\.m2\repository\org\mockito\mockito-junit-jupiter\5.14.2\mockito-junit-jupiter-5.14.2.jar;C:\Users\disas\.m2\repository\org\skyscreamer\jsonassert\1.5.3\jsonassert-1.5.3.jar;C:\Users\disas\.m2\repository\com\vaadin\external\google\android-json\0.0.20131108.vaadin1\android-json-0.0.20131108.vaadin1.jar;C:\Users\disas\.m2\repository\org\springframework\spring-core\6.2.8\spring-core-6.2.8.jar;C:\Users\disas\.m2\repository\org\springframework\spring-jcl\6.2.8\spring-jcl-6.2.8.jar;C:\Users\disas\.m2\repository\org\springframework\spring-test\6.2.8\spring-test-6.2.8.jar;C:\Users\disas\.m2\repository\org\xmlunit\xmlunit-core\2.10.2\xmlunit-core-2.10.2.jar;C:\Users\disas\.m2\repository\org\springdoc\springdoc-openapi-starter-webmvc-ui\2.8.5\springdoc-openapi-starter-webmvc-ui-2.8.5.jar;C:\Users\disas\.m2\repository\org\springdoc\springdoc-openapi-starter-webmvc-api\2.8.5\springdoc-openapi-starter-webmvc-api-2.8.5.jar;C:\Users\disas\.m2\repository\org\springdoc\springdoc-openapi-starter-common\2.8.5\springdoc-openapi-starter-common-2.8.5.jar;C:\Users\disas\.m2\repository\io\swagger\core\v3\swagger-core-jakarta\2.2.28\swagger-core-jakarta-2.2.28.jar;C:\Users\disas\.m2\repository\org\apache\commons\commons-lang3\3.17.0\commons-lang3-3.17.0.jar;C:\Users\disas\.m2\repository\io\swagger\core\v3\swagger-annotations-jakarta\2.2.28\swagger-annotations-jakarta-2.2.28.jar;C:\Users\disas\.m2\repository\io\swagger\core\v3\swagger-models-jakarta\2.2.28\swagger-models-jakarta-2.2.28.jar;C:\Users\disas\.m2\repository\jakarta\validation\jakarta.validation-api\3.0.2\jakarta.validation-api-3.0.2.jar;C:\Users\disas\.m2\repository\com\fasterxml\jackson\dataformat\jackson-dataformat-yaml\2.18.4\jackson-dataformat-yaml-2.18.4.jar;C:\Users\disas\.m2\repository\org\webjars\swagger-ui\5.18.3\swagger-ui-5.18.3.jar;C:\Users\disas\.m2\repository\org\webjars\webjars-locator-lite\1.0.1\webjars-locator-lite-1.0.1.jar;C:\Users\disas\.m2\repository\org\jspecify\jspecify\1.0.0\jspecify-1.0.0.jar;C:\Users\disas\.m2\repository\org\springdoc\springdoc-openapi-starter-webflux-ui\2.8.5\springdoc-openapi-starter-webflux-ui-2.8.5.jar;C:\Users\disas\.m2\repository\org\springdoc\springdoc-openapi-starter-webflux-api\2.8.5\springdoc-openapi-starter-webflux-api-2.8.5.jar;C:\Users\disas\.m2\repository\org\springframework\spring-webflux\6.2.8\spring-webflux-6.2.8.jar;C:\Users\disas\.m2\repository\io\projectreactor\reactor-core\3.7.7\reactor-core-3.7.7.jar;C:\Users\disas\.m2\repository\org\reactivestreams\reactive-streams\1.0.4\reactive-streams-1.0.4.jar;C:\Users\disas\.m2\repository\com\h2database\h2\2.3.232\h2-2.3.232.jar;"/>
    <property name="sun.cpu.endian" value="little"/>
    <property name="user.home" value="C:\Users\disas"/>
    <property name="user.language" value="es"/>
    <property name="java.specification.vendor" value="Oracle Corporation"/>
    <property name="java.version.date" value="2024-07-16"/>
    <property name="java.home" value="C:\Program Files\Java\jdk-17"/>
    <property name="file.separator" value="\"/>
    <property name="basedir" value="C:\Users\disas\OneDrive\Escritorio\Producto-ms\producto-hw"/>
    <property name="java.vm.compressedOopsMode" value="Zero based"/>
    <property name="line.separator" value="&#10;"/>
    <property name="java.vm.specification.vendor" value="Oracle Corporation"/>
    <property name="java.specification.name" value="Java Platform API Specification"/>
    <property name="FILE_LOG_CHARSET" value="windows-1252"/>
    <property name="java.awt.headless" value="true"/>
    <property name="surefire.real.class.path" value="C:\Users\disas\AppData\Local\Temp\surefire4313697664341406881\surefirebooter-20250626212301399_3.jar"/>
    <property name="user.script" value=""/>
    <property name="sun.management.compiler" value="HotSpot 64-Bit Tiered Compilers"/>
    <property name="java.runtime.version" value="17.0.12+8-LTS-286"/>
    <property name="user.name" value="disas"/>
    <property name="path.separator" value=";"/>
    <property name="os.version" value="10.0"/>
    <property name="java.runtime.name" value="Java(TM) SE Runtime Environment"/>
    <property name="file.encoding" value="Cp1252"/>
    <property name="java.vm.name" value="Java HotSpot(TM) 64-Bit Server VM"/>
    <property name="maven.ext.class.path" value="C:\Users\disas\.vscode\extensions\oracle.oracle-java-24.0.0\nbcode\java\maven-nblib\netbeans-eventspy.jar"/>
    <property name="localRepository" value="C:\Users\disas\.m2\repository"/>
    <property name="java.vendor.url.bug" value="https://bugreport.java.com/bugreport/"/>
    <property name="java.io.tmpdir" value="C:\Users\disas\AppData\Local\Temp\"/>
    <property name="java.version" value="17.0.12"/>
    <property name="user.dir" value="C:\Users\disas\OneDrive\Escritorio\Producto-ms\producto-hw"/>
    <property name="os.arch" value="amd64"/>
    <property name="java.vm.specification.name" value="Java Virtual Machine Specification"/>
    <property name="PID" value="13092"/>
    <property name="sun.os.patch.level" value=""/>
    <property name="CONSOLE_LOG_CHARSET" value="windows-1252"/>
    <property name="native.encoding" value="Cp1252"/>
    <property name="java.library.path" value="C:\Program Files\Java\jdk-17\bin;C:\WINDOWS\Sun\Java\bin;C:\WINDOWS\system32;C:\WINDOWS;C:\WINDOWS\system32;C:\WINDOWS;C:\WINDOWS\System32\Wbem;C:\WINDOWS\System32\WindowsPowerShell\v1.0\;C:\WINDOWS\System32\OpenSSH\;C:\Program Files\Java\jdk-17\bin;C:\Users\disas\AppData\Local\Microsoft\WindowsApps;C:\Users\disas\AppData\Local\Programs\Microsoft VS Code\bin;."/>
    <property name="java.vm.info" value="mixed mode, sharing"/>
    <property name="java.vendor" value="Oracle Corporation"/>
    <property name="java.vm.version" value="17.0.12+8-LTS-286"/>
    <property name="sun.io.unicode.encoding" value="UnicodeLittle"/>
    <property name="java.class.version" value="61.0"/>
    <property name="LOGGED_APPLICATION_NAME" value="[productos] "/>
  </properties>
  <testcase name="eliminarProducto" classname="com.hoppyware.productos.ProductoRepositoryTest" time="1.176">
    <system-out><![CDATA[21:23:03.074 [main] INFO org.springframework.test.context.support.AnnotationConfigContextLoaderUtils -- Could not detect default configuration classes for test class [com.hoppyware.productos.ProductoRepositoryTest]: ProductoRepositoryTest does not declare any static, non-private, non-final, nested classes annotated with @Configuration.
21:23:03.360 [main] INFO org.springframework.boot.test.context.SpringBootTestContextBootstrapper -- Found @SpringBootConfiguration com.hoppyware.productos.ProductosApplication for test class com.hoppyware.productos.ProductoRepositoryTest

  .   ____          _            __ _ _
 /\\ / ___'_ __ _ _(_)_ __  __ _ \ \ \ \
( ( )\___ | '_ | '_| | '_ \/ _` | \ \ \ \
 \\/  ___)| |_)| | | | | || (_| |  ) ) ) )
  '  |____| .__|_| |_|_| |_\__, | / / / /
 =========|_|==============|___/=/_/_/_/

 :: Spring Boot ::                (v3.4.7)

2025-06-26T21:23:04.595-04:00  INFO 13092 --- [productos] [           main] c.h.productos.ProductoRepositoryTest     : Starting ProductoRepositoryTest using Java 17.0.12 with PID 13092 (started by disas in C:\Users\disas\OneDrive\Escritorio\Producto-ms\producto-hw)
2025-06-26T21:23:04.599-04:00  INFO 13092 --- [productos] [           main] c.h.productos.ProductoRepositoryTest     : The following 1 profile is active: "test"
2025-06-26T21:23:05.454-04:00  INFO 13092 --- [productos] [           main] .s.d.r.c.RepositoryConfigurationDelegate : Bootstrapping Spring Data JPA repositories in DEFAULT mode.
2025-06-26T21:23:05.726-04:00  INFO 13092 --- [productos] [           main] .s.d.r.c.RepositoryConfigurationDelegate : Finished Spring Data repository scanning in 248 ms. Found 1 JPA repository interface.
2025-06-26T21:23:05.802-04:00  INFO 13092 --- [productos] [           main] beddedDataSourceBeanFactoryPostProcessor : Replacing 'dataSource' DataSource bean with embedded version
2025-06-26T21:23:05.988-04:00  INFO 13092 --- [productos] [           main] o.s.j.d.e.EmbeddedDatabaseFactory        : Starting embedded database: url='jdbc:h2:mem:c80352fa-e4cf-4b83-a801-a0897d6c5acb;DB_CLOSE_DELAY=-1;DB_CLOSE_ON_EXIT=false', username='sa'
2025-06-26T21:23:06.377-04:00 DEBUG 13092 --- [productos] [           main] o.hibernate.jpa.internal.util.LogHelper  : PersistenceUnitInfo [
	name: default
	persistence provider classname: null
	classloader: jdk.internal.loader.ClassLoaders$AppClassLoader@73d16e93
	excludeUnlistedClasses: true
	JTA datasource: null
	Non JTA datasource: org.springframework.jdbc.datasource.embedded.EmbeddedDatabaseFactory$EmbeddedDataSourceProxy@33bb3f86
	Transaction type: RESOURCE_LOCAL
	PU root URL: file:/C:/Users/disas/OneDrive/Escritorio/Producto-ms/producto-hw/target/test-classes/
	Shared Cache Mode: UNSPECIFIED
	Validation Mode: AUTO
	Jar files URLs []
	Managed classes names [
		com.hoppyware.productos.model.Producto]
	Mapping files names []
	Properties []
2025-06-26T21:23:06.384-04:00 DEBUG 13092 --- [productos] [           main] o.h.i.internal.IntegratorServiceImpl     : Adding Integrator [org.hibernate.boot.beanvalidation.BeanValidationIntegrator].
2025-06-26T21:23:06.385-04:00 DEBUG 13092 --- [productos] [           main] o.h.i.internal.IntegratorServiceImpl     : Adding Integrator [org.hibernate.cache.internal.CollectionCacheInvalidator].
2025-06-26T21:23:06.445-04:00  INFO 13092 --- [productos] [           main] org.hibernate.Version                    : HHH000412: Hibernate ORM core version 6.6.18.Final
2025-06-26T21:23:06.447-04:00 DEBUG 13092 --- [productos] [           main] org.hibernate.cfg.Environment            : HHH000206: 'hibernate.properties' not found
2025-06-26T21:23:06.480-04:00 DEBUG 13092 --- [productos] [           main] org.hibernate.orm.idgen.factory          : Registering IdentifierGenerator strategy [uuid2] -> [org.hibernate.id.UUIDGenerator]
2025-06-26T21:23:06.481-04:00 DEBUG 13092 --- [productos] [           main] org.hibernate.orm.idgen.factory          : Registering IdentifierGenerator strategy [guid] -> [org.hibernate.id.GUIDGenerator]
2025-06-26T21:23:06.482-04:00 DEBUG 13092 --- [productos] [           main] org.hibernate.orm.idgen.factory          : Registering IdentifierGenerator strategy [uuid] -> [org.hibernate.id.UUIDHexGenerator]
2025-06-26T21:23:06.482-04:00 DEBUG 13092 --- [productos] [           main] org.hibernate.orm.idgen.factory          : Registering IdentifierGenerator strategy [uuid.hex] -> [org.hibernate.id.UUIDHexGenerator]
2025-06-26T21:23:06.482-04:00 DEBUG 13092 --- [productos] [           main] org.hibernate.orm.idgen.factory          : Registering IdentifierGenerator strategy [assigned] -> [org.hibernate.id.Assigned]
2025-06-26T21:23:06.483-04:00 DEBUG 13092 --- [productos] [           main] org.hibernate.orm.idgen.factory          : Registering IdentifierGenerator strategy [identity] -> [org.hibernate.id.IdentityGenerator]
2025-06-26T21:23:06.483-04:00 DEBUG 13092 --- [productos] [           main] org.hibernate.orm.idgen.factory          : Registering IdentifierGenerator strategy [select] -> [org.hibernate.id.SelectGenerator]
2025-06-26T21:23:06.485-04:00 DEBUG 13092 --- [productos] [           main] org.hibernate.orm.idgen.factory          : Registering IdentifierGenerator strategy [sequence] -> [org.hibernate.id.enhanced.SequenceStyleGenerator]
2025-06-26T21:23:06.486-04:00 DEBUG 13092 --- [productos] [           main] org.hibernate.orm.idgen.factory          : Registering IdentifierGenerator strategy [increment] -> [org.hibernate.id.IncrementGenerator]
2025-06-26T21:23:06.486-04:00 DEBUG 13092 --- [productos] [           main] org.hibernate.orm.idgen.factory          : Registering IdentifierGenerator strategy [foreign] -> [org.hibernate.id.ForeignGenerator]
2025-06-26T21:23:06.487-04:00 DEBUG 13092 --- [productos] [           main] org.hibernate.orm.idgen.factory          : Registering IdentifierGenerator strategy [enhanced-sequence] -> [org.hibernate.id.enhanced.SequenceStyleGenerator]
2025-06-26T21:23:06.488-04:00 DEBUG 13092 --- [productos] [           main] org.hibernate.orm.idgen.factory          : Registering IdentifierGenerator strategy [enhanced-table] -> [org.hibernate.id.enhanced.TableGenerator]
2025-06-26T21:23:06.496-04:00 DEBUG 13092 --- [productos] [           main] o.h.c.internal.RegionFactoryInitiator    : Cannot default RegionFactory based on registered strategies as `[]` RegionFactory strategies were registered
2025-06-26T21:23:06.497-04:00  INFO 13092 --- [productos] [           main] o.h.c.internal.RegionFactoryInitiator    : HHH000026: Second-level cache disabled
2025-06-26T21:23:06.614-04:00 DEBUG 13092 --- [productos] [           main] org.hibernate.type.BasicTypeRegistry     : Adding type registration boolean -> org.hibernate.type.BasicTypeReference@3709748f
2025-06-26T21:23:06.615-04:00 DEBUG 13092 --- [productos] [           main] org.hibernate.type.BasicTypeRegistry     : Adding type registration boolean -> org.hibernate.type.BasicTypeReference@3709748f
2025-06-26T21:23:06.615-04:00 DEBUG 13092 --- [productos] [           main] org.hibernate.type.BasicTypeRegistry     : Adding type registration java.lang.Boolean -> org.hibernate.type.BasicTypeReference@3709748f
2025-06-26T21:23:06.615-04:00 DEBUG 13092 --- [productos] [           main] org.hibernate.type.BasicTypeRegistry     : Adding type registration numeric_boolean -> org.hibernate.type.BasicTypeReference@79ecc507
2025-06-26T21:23:06.615-04:00 DEBUG 13092 --- [productos] [           main] org.hibernate.type.BasicTypeRegistry     : Adding type registration org.hibernate.type.NumericBooleanConverter -> org.hibernate.type.BasicTypeReference@79ecc507
2025-06-26T21:23:06.615-04:00 DEBUG 13092 --- [productos] [           main] org.hibernate.type.BasicTypeRegistry     : Adding type registration true_false -> org.hibernate.type.BasicTypeReference@6ef2f7ad
2025-06-26T21:23:06.615-04:00 DEBUG 13092 --- [productos] [           main] org.hibernate.type.BasicTypeRegistry     : Adding type registration org.hibernate.type.TrueFalseConverter -> org.hibernate.type.BasicTypeReference@6ef2f7ad
2025-06-26T21:23:06.615-04:00 DEBUG 13092 --- [productos] [           main] org.hibernate.type.BasicTypeRegistry     : Adding type registration yes_no -> org.hibernate.type.BasicTypeReference@22d477c2
2025-06-26T21:23:06.616-04:00 DEBUG 13092 --- [productos] [           main] org.hibernate.type.BasicTypeRegistry     : Adding type registration org.hibernate.type.YesNoConverter -> org.hibernate.type.BasicTypeReference@22d477c2
2025-06-26T21:23:06.616-04:00 DEBUG 13092 --- [productos] [           main] org.hibernate.type.BasicTypeRegistry     : Adding type registration byte -> org.hibernate.type.BasicTypeReference@5e85c21b
2025-06-26T21:23:06.616-04:00 DEBUG 13092 --- [productos] [           main] org.hibernate.type.BasicTypeRegistry     : Adding type registration byte -> org.hibernate.type.BasicTypeReference@5e85c21b
2025-06-26T21:23:06.616-04:00 DEBUG 13092 --- [productos] [           main] org.hibernate.type.BasicTypeRegistry     : Adding type registration java.lang.Byte -> org.hibernate.type.BasicTypeReference@5e85c21b
2025-06-26T21:23:06.616-04:00 DEBUG 13092 --- [productos] [           main] org.hibernate.type.BasicTypeRegistry     : Adding type registration binary -> org.hibernate.type.BasicTypeReference@41def031
2025-06-26T21:23:06.616-04:00 DEBUG 13092 --- [productos] [           main] org.hibernate.type.BasicTypeRegistry     : Adding type registration byte[] -> org.hibernate.type.BasicTypeReference@41def031
2025-06-26T21:23:06.617-04:00 DEBUG 13092 --- [productos] [           main] org.hibernate.type.BasicTypeRegistry     : Adding type registration [B -> org.hibernate.type.BasicTypeReference@41def031
2025-06-26T21:23:06.617-04:00 DEBUG 13092 --- [productos] [           main] org.hibernate.type.BasicTypeRegistry     : Adding type registration binary_wrapper -> org.hibernate.type.BasicTypeReference@38e83838
2025-06-26T21:23:06.617-04:00 DEBUG 13092 --- [productos] [           main] org.hibernate.type.BasicTypeRegistry     : Adding type registration wrapper-binary -> org.hibernate.type.BasicTypeReference@38e83838
2025-06-26T21:23:06.617-04:00 DEBUG 13092 --- [productos] [           main] org.hibernate.type.BasicTypeRegistry     : Adding type registration image -> org.hibernate.type.BasicTypeReference@39832280
2025-06-26T21:23:06.617-04:00 DEBUG 13092 --- [productos] [           main] org.hibernate.type.BasicTypeRegistry     : Adding type registration blob -> org.hibernate.type.BasicTypeReference@4966bab1
2025-06-26T21:23:06.617-04:00 DEBUG 13092 --- [productos] [           main] org.hibernate.type.BasicTypeRegistry     : Adding type registration java.sql.Blob -> org.hibernate.type.BasicTypeReference@4966bab1
2025-06-26T21:23:06.617-04:00 DEBUG 13092 --- [productos] [           main] org.hibernate.type.BasicTypeRegistry     : Adding type registration materialized_blob -> org.hibernate.type.BasicTypeReference@7f0f84d4
2025-06-26T21:23:06.617-04:00 DEBUG 13092 --- [productos] [           main] org.hibernate.type.BasicTypeRegistry     : Adding type registration materialized_blob_wrapper -> org.hibernate.type.BasicTypeReference@6df4af5
2025-06-26T21:23:06.617-04:00 DEBUG 13092 --- [productos] [           main] org.hibernate.type.BasicTypeRegistry     : Adding type registration short -> org.hibernate.type.BasicTypeReference@26e8ff8c
2025-06-26T21:23:06.618-04:00 DEBUG 13092 --- [productos] [           main] org.hibernate.type.BasicTypeRegistry     : Adding type registration short -> org.hibernate.type.BasicTypeReference@26e8ff8c
2025-06-26T21:23:06.618-04:00 DEBUG 13092 --- [productos] [           main] org.hibernate.type.BasicTypeRegistry     : Adding type registration java.lang.Short -> org.hibernate.type.BasicTypeReference@26e8ff8c
2025-06-26T21:23:06.618-04:00 DEBUG 13092 --- [productos] [           main] org.hibernate.type.BasicTypeRegistry     : Adding type registration integer -> org.hibernate.type.BasicTypeReference@5aa76ad2
2025-06-26T21:23:06.618-04:00 DEBUG 13092 --- [productos] [           main] org.hibernate.type.BasicTypeRegistry     : Adding type registration int -> org.hibernate.type.BasicTypeReference@5aa76ad2
2025-06-26T21:23:06.618-04:00 DEBUG 13092 --- [productos] [           main] org.hibernate.type.BasicTypeRegistry     : Adding type registration java.lang.Integer -> org.hibernate.type.BasicTypeReference@5aa76ad2
2025-06-26T21:23:06.618-04:00 DEBUG 13092 --- [productos] [           main] org.hibernate.type.BasicTypeRegistry     : Adding type registration long -> org.hibernate.type.BasicTypeReference@590d6c76
2025-06-26T21:23:06.618-04:00 DEBUG 13092 --- [productos] [           main] org.hibernate.type.BasicTypeRegistry     : Adding type registration long -> org.hibernate.type.BasicTypeReference@590d6c76
2025-06-26T21:23:06.619-04:00 DEBUG 13092 --- [productos] [           main] org.hibernate.type.BasicTypeRegistry     : Adding type registration java.lang.Long -> org.hibernate.type.BasicTypeReference@590d6c76
2025-06-26T21:23:06.619-04:00 DEBUG 13092 --- [productos] [           main] org.hibernate.type.BasicTypeRegistry     : Adding type registration float -> org.hibernate.type.BasicTypeReference@25791d40
2025-06-26T21:23:06.619-04:00 DEBUG 13092 --- [productos] [           main] org.hibernate.type.BasicTypeRegistry     : Adding type registration float -> org.hibernate.type.BasicTypeReference@25791d40
2025-06-26T21:23:06.619-04:00 DEBUG 13092 --- [productos] [           main] org.hibernate.type.BasicTypeRegistry     : Adding type registration java.lang.Float -> org.hibernate.type.BasicTypeReference@25791d40
2025-06-26T21:23:06.619-04:00 DEBUG 13092 --- [productos] [           main] org.hibernate.type.BasicTypeRegistry     : Adding type registration double -> org.hibernate.type.BasicTypeReference@448c92fc
2025-06-26T21:23:06.619-04:00 DEBUG 13092 --- [productos] [           main] org.hibernate.type.BasicTypeRegistry     : Adding type registration double -> org.hibernate.type.BasicTypeReference@448c92fc
2025-06-26T21:23:06.619-04:00 DEBUG 13092 --- [productos] [           main] org.hibernate.type.BasicTypeRegistry     : Adding type registration java.lang.Double -> org.hibernate.type.BasicTypeReference@448c92fc
2025-06-26T21:23:06.620-04:00 DEBUG 13092 --- [productos] [           main] org.hibernate.type.BasicTypeRegistry     : Adding type registration big_integer -> org.hibernate.type.BasicTypeReference@251c8145
2025-06-26T21:23:06.620-04:00 DEBUG 13092 --- [productos] [           main] org.hibernate.type.BasicTypeRegistry     : Adding type registration java.math.BigInteger -> org.hibernate.type.BasicTypeReference@251c8145
2025-06-26T21:23:06.620-04:00 DEBUG 13092 --- [productos] [           main] org.hibernate.type.BasicTypeRegistry     : Adding type registration big_decimal -> org.hibernate.type.BasicTypeReference@17c0274c
2025-06-26T21:23:06.620-04:00 DEBUG 13092 --- [productos] [           main] org.hibernate.type.BasicTypeRegistry     : Adding type registration java.math.BigDecimal -> org.hibernate.type.BasicTypeReference@17c0274c
2025-06-26T21:23:06.620-04:00 DEBUG 13092 --- [productos] [           main] org.hibernate.type.BasicTypeRegistry     : Adding type registration character -> org.hibernate.type.BasicTypeReference@7abeabe9
2025-06-26T21:23:06.620-04:00 DEBUG 13092 --- [productos] [           main] org.hibernate.type.BasicTypeRegistry     : Adding type registration char -> org.hibernate.type.BasicTypeReference@7abeabe9
2025-06-26T21:23:06.620-04:00 DEBUG 13092 --- [productos] [           main] org.hibernate.type.BasicTypeRegistry     : Adding type registration java.lang.Character -> org.hibernate.type.BasicTypeReference@7abeabe9
2025-06-26T21:23:06.620-04:00 DEBUG 13092 --- [productos] [           main] org.hibernate.type.BasicTypeRegistry     : Adding type registration character_nchar -> org.hibernate.type.BasicTypeReference@5a05dd30
2025-06-26T21:23:06.621-04:00 DEBUG 13092 --- [productos] [           main] org.hibernate.type.BasicTypeRegistry     : Adding type registration string -> org.hibernate.type.BasicTypeReference@1b52699c
2025-06-26T21:23:06.621-04:00 DEBUG 13092 --- [productos] [           main] org.hibernate.type.BasicTypeRegistry     : Adding type registration java.lang.String -> org.hibernate.type.BasicTypeReference@1b52699c
2025-06-26T21:23:06.621-04:00 DEBUG 13092 --- [productos] [           main] org.hibernate.type.BasicTypeRegistry     : Adding type registration nstring -> org.hibernate.type.BasicTypeReference@dbed7fd
2025-06-26T21:23:06.621-04:00 DEBUG 13092 --- [productos] [           main] org.hibernate.type.BasicTypeRegistry     : Adding type registration characters -> org.hibernate.type.BasicTypeReference@250d440
2025-06-26T21:23:06.621-04:00 DEBUG 13092 --- [productos] [           main] org.hibernate.type.BasicTypeRegistry     : Adding type registration char[] -> org.hibernate.type.BasicTypeReference@250d440
2025-06-26T21:23:06.621-04:00 DEBUG 13092 --- [productos] [           main] org.hibernate.type.BasicTypeRegistry     : Adding type registration [C -> org.hibernate.type.BasicTypeReference@250d440
2025-06-26T21:23:06.621-04:00 DEBUG 13092 --- [productos] [           main] org.hibernate.type.BasicTypeRegistry     : Adding type registration wrapper-characters -> org.hibernate.type.BasicTypeReference@76c86567
2025-06-26T21:23:06.621-04:00 DEBUG 13092 --- [productos] [           main] org.hibernate.type.BasicTypeRegistry     : Adding type registration text -> org.hibernate.type.BasicTypeReference@7e5efcab
2025-06-26T21:23:06.622-04:00 DEBUG 13092 --- [productos] [           main] org.hibernate.type.BasicTypeRegistry     : Adding type registration ntext -> org.hibernate.type.BasicTypeReference@5a4dda2
2025-06-26T21:23:06.622-04:00 DEBUG 13092 --- [productos] [           main] org.hibernate.type.BasicTypeRegistry     : Adding type registration clob -> org.hibernate.type.BasicTypeReference@1d2fb82
2025-06-26T21:23:06.622-04:00 DEBUG 13092 --- [productos] [           main] org.hibernate.type.BasicTypeRegistry     : Adding type registration java.sql.Clob -> org.hibernate.type.BasicTypeReference@1d2fb82
2025-06-26T21:23:06.622-04:00 DEBUG 13092 --- [productos] [           main] org.hibernate.type.BasicTypeRegistry     : Adding type registration nclob -> org.hibernate.type.BasicTypeReference@34045582
2025-06-26T21:23:06.622-04:00 DEBUG 13092 --- [productos] [           main] org.hibernate.type.BasicTypeRegistry     : Adding type registration java.sql.NClob -> org.hibernate.type.BasicTypeReference@34045582
2025-06-26T21:23:06.622-04:00 DEBUG 13092 --- [productos] [           main] org.hibernate.type.BasicTypeRegistry     : Adding type registration materialized_clob -> org.hibernate.type.BasicTypeReference@3db65c0d
2025-06-26T21:23:06.622-04:00 DEBUG 13092 --- [productos] [           main] org.hibernate.type.BasicTypeRegistry     : Adding type registration materialized_clob_char_array -> org.hibernate.type.BasicTypeReference@1edccfd4
2025-06-26T21:23:06.622-04:00 DEBUG 13092 --- [productos] [           main] org.hibernate.type.BasicTypeRegistry     : Adding type registration materialized_clob_character_array -> org.hibernate.type.BasicTypeReference@8c43966
2025-06-26T21:23:06.622-04:00 DEBUG 13092 --- [productos] [           main] org.hibernate.type.BasicTypeRegistry     : Adding type registration materialized_nclob -> org.hibernate.type.BasicTypeReference@1efac5b9
2025-06-26T21:23:06.623-04:00 DEBUG 13092 --- [productos] [           main] org.hibernate.type.BasicTypeRegistry     : Adding type registration materialized_nclob_character_array -> org.hibernate.type.BasicTypeReference@11a3a45f
2025-06-26T21:23:06.623-04:00 DEBUG 13092 --- [productos] [           main] org.hibernate.type.BasicTypeRegistry     : Adding type registration materialized_nclob_char_array -> org.hibernate.type.BasicTypeReference@69796bd0
2025-06-26T21:23:06.623-04:00 DEBUG 13092 --- [productos] [           main] org.hibernate.type.BasicTypeRegistry     : Adding type registration Duration -> org.hibernate.type.BasicTypeReference@40df6090
2025-06-26T21:23:06.624-04:00 DEBUG 13092 --- [productos] [           main] org.hibernate.type.BasicTypeRegistry     : Adding type registration java.time.Duration -> org.hibernate.type.BasicTypeReference@40df6090
2025-06-26T21:23:06.624-04:00 DEBUG 13092 --- [productos] [           main] org.hibernate.type.BasicTypeRegistry     : Adding type registration LocalDateTime -> org.hibernate.type.BasicTypeReference@8c0a23f
2025-06-26T21:23:06.625-04:00 DEBUG 13092 --- [productos] [           main] org.hibernate.type.BasicTypeRegistry     : Adding type registration java.time.LocalDateTime -> org.hibernate.type.BasicTypeReference@8c0a23f
2025-06-26T21:23:06.625-04:00 DEBUG 13092 --- [productos] [           main] org.hibernate.type.BasicTypeRegistry     : Adding type registration LocalDate -> org.hibernate.type.BasicTypeReference@44d7e24
2025-06-26T21:23:06.625-04:00 DEBUG 13092 --- [productos] [           main] org.hibernate.type.BasicTypeRegistry     : Adding type registration java.time.LocalDate -> org.hibernate.type.BasicTypeReference@44d7e24
2025-06-26T21:23:06.625-04:00 DEBUG 13092 --- [productos] [           main] org.hibernate.type.BasicTypeRegistry     : Adding type registration LocalTime -> org.hibernate.type.BasicTypeReference@26c8b296
2025-06-26T21:23:06.625-04:00 DEBUG 13092 --- [productos] [           main] org.hibernate.type.BasicTypeRegistry     : Adding type registration java.time.LocalTime -> org.hibernate.type.BasicTypeReference@26c8b296
2025-06-26T21:23:06.625-04:00 DEBUG 13092 --- [productos] [           main] org.hibernate.type.BasicTypeRegistry     : Adding type registration OffsetDateTime -> org.hibernate.type.BasicTypeReference@1d289d3f
2025-06-26T21:23:06.625-04:00 DEBUG 13092 --- [productos] [           main] org.hibernate.type.BasicTypeRegistry     : Adding type registration java.time.OffsetDateTime -> org.hibernate.type.BasicTypeReference@1d289d3f
2025-06-26T21:23:06.625-04:00 DEBUG 13092 --- [productos] [           main] org.hibernate.type.BasicTypeRegistry     : Adding type registration OffsetDateTimeWithTimezone -> org.hibernate.type.BasicTypeReference@10f405ff
2025-06-26T21:23:06.625-04:00 DEBUG 13092 --- [productos] [           main] org.hibernate.type.BasicTypeRegistry     : Adding type registration OffsetDateTimeWithoutTimezone -> org.hibernate.type.BasicTypeReference@7f27f59b
2025-06-26T21:23:06.626-04:00 DEBUG 13092 --- [productos] [           main] org.hibernate.type.BasicTypeRegistry     : Adding type registration OffsetTime -> org.hibernate.type.BasicTypeReference@1c98b4eb
2025-06-26T21:23:06.626-04:00 DEBUG 13092 --- [productos] [           main] org.hibernate.type.BasicTypeRegistry     : Adding type registration java.time.OffsetTime -> org.hibernate.type.BasicTypeReference@1c98b4eb
2025-06-26T21:23:06.626-04:00 DEBUG 13092 --- [productos] [           main] org.hibernate.type.BasicTypeRegistry     : Adding type registration OffsetTimeUtc -> org.hibernate.type.BasicTypeReference@45801322
2025-06-26T21:23:06.626-04:00 DEBUG 13092 --- [productos] [           main] org.hibernate.type.BasicTypeRegistry     : Adding type registration OffsetTimeWithTimezone -> org.hibernate.type.BasicTypeReference@756b2d90
2025-06-26T21:23:06.626-04:00 DEBUG 13092 --- [productos] [           main] org.hibernate.type.BasicTypeRegistry     : Adding type registration OffsetTimeWithoutTimezone -> org.hibernate.type.BasicTypeReference@3520958b
2025-06-26T21:23:06.626-04:00 DEBUG 13092 --- [productos] [           main] org.hibernate.type.BasicTypeRegistry     : Adding type registration ZonedDateTime -> org.hibernate.type.BasicTypeReference@6cc64028
2025-06-26T21:23:06.626-04:00 DEBUG 13092 --- [productos] [           main] org.hibernate.type.BasicTypeRegistry     : Adding type registration java.time.ZonedDateTime -> org.hibernate.type.BasicTypeReference@6cc64028
2025-06-26T21:23:06.626-04:00 DEBUG 13092 --- [productos] [           main] org.hibernate.type.BasicTypeRegistry     : Adding type registration ZonedDateTimeWithTimezone -> org.hibernate.type.BasicTypeReference@291a4791
2025-06-26T21:23:06.626-04:00 DEBUG 13092 --- [productos] [           main] org.hibernate.type.BasicTypeRegistry     : Adding type registration ZonedDateTimeWithoutTimezone -> org.hibernate.type.BasicTypeReference@5b1e88f
2025-06-26T21:23:06.626-04:00 DEBUG 13092 --- [productos] [           main] org.hibernate.type.BasicTypeRegistry     : Adding type registration date -> org.hibernate.type.BasicTypeReference@340cb97f
2025-06-26T21:23:06.626-04:00 DEBUG 13092 --- [productos] [           main] org.hibernate.type.BasicTypeRegistry     : Adding type registration java.sql.Date -> org.hibernate.type.BasicTypeReference@340cb97f
2025-06-26T21:23:06.626-04:00 DEBUG 13092 --- [productos] [           main] org.hibernate.type.BasicTypeRegistry     : Adding type registration time -> org.hibernate.type.BasicTypeReference@6a1568d6
2025-06-26T21:23:06.626-04:00 DEBUG 13092 --- [productos] [           main] org.hibernate.type.BasicTypeRegistry     : Adding type registration java.sql.Time -> org.hibernate.type.BasicTypeReference@6a1568d6
2025-06-26T21:23:06.627-04:00 DEBUG 13092 --- [productos] [           main] org.hibernate.type.BasicTypeRegistry     : Adding type registration timestamp -> org.hibernate.type.BasicTypeReference@11c88cca
2025-06-26T21:23:06.627-04:00 DEBUG 13092 --- [productos] [           main] org.hibernate.type.BasicTypeRegistry     : Adding type registration java.sql.Timestamp -> org.hibernate.type.BasicTypeReference@11c88cca
2025-06-26T21:23:06.627-04:00 DEBUG 13092 --- [productos] [           main] org.hibernate.type.BasicTypeRegistry     : Adding type registration java.util.Date -> org.hibernate.type.BasicTypeReference@11c88cca
2025-06-26T21:23:06.627-04:00 DEBUG 13092 --- [productos] [           main] org.hibernate.type.BasicTypeRegistry     : Adding type registration calendar -> org.hibernate.type.BasicTypeReference@1b37fbec
2025-06-26T21:23:06.627-04:00 DEBUG 13092 --- [productos] [           main] org.hibernate.type.BasicTypeRegistry     : Adding type registration java.util.Calendar -> org.hibernate.type.BasicTypeReference@1b37fbec
2025-06-26T21:23:06.627-04:00 DEBUG 13092 --- [productos] [           main] org.hibernate.type.BasicTypeRegistry     : Adding type registration java.util.GregorianCalendar -> org.hibernate.type.BasicTypeReference@1b37fbec
2025-06-26T21:23:06.627-04:00 DEBUG 13092 --- [productos] [           main] org.hibernate.type.BasicTypeRegistry     : Adding type registration calendar_date -> org.hibernate.type.BasicTypeReference@4a216eb4
2025-06-26T21:23:06.627-04:00 DEBUG 13092 --- [productos] [           main] org.hibernate.type.BasicTypeRegistry     : Adding type registration calendar_time -> org.hibernate.type.BasicTypeReference@bb3ecfe
2025-06-26T21:23:06.627-04:00 DEBUG 13092 --- [productos] [           main] org.hibernate.type.BasicTypeRegistry     : Adding type registration instant -> org.hibernate.type.BasicTypeReference@5ec88f9e
2025-06-26T21:23:06.627-04:00 DEBUG 13092 --- [productos] [           main] org.hibernate.type.BasicTypeRegistry     : Adding type registration java.time.Instant -> org.hibernate.type.BasicTypeReference@5ec88f9e
2025-06-26T21:23:06.627-04:00 DEBUG 13092 --- [productos] [           main] org.hibernate.type.BasicTypeRegistry     : Adding type registration uuid -> org.hibernate.type.BasicTypeReference@7a04f730
2025-06-26T21:23:06.627-04:00 DEBUG 13092 --- [productos] [           main] org.hibernate.type.BasicTypeRegistry     : Adding type registration java.util.UUID -> org.hibernate.type.BasicTypeReference@7a04f730
2025-06-26T21:23:06.627-04:00 DEBUG 13092 --- [productos] [           main] org.hibernate.type.BasicTypeRegistry     : Adding type registration pg-uuid -> org.hibernate.type.BasicTypeReference@7a04f730
2025-06-26T21:23:06.628-04:00 DEBUG 13092 --- [productos] [           main] org.hibernate.type.BasicTypeRegistry     : Adding type registration uuid-binary -> org.hibernate.type.BasicTypeReference@3b11620a
2025-06-26T21:23:06.628-04:00 DEBUG 13092 --- [productos] [           main] org.hibernate.type.BasicTypeRegistry     : Adding type registration uuid-char -> org.hibernate.type.BasicTypeReference@2fd1ad8a
2025-06-26T21:23:06.628-04:00 DEBUG 13092 --- [productos] [           main] org.hibernate.type.BasicTypeRegistry     : Adding type registration class -> org.hibernate.type.BasicTypeReference@357f6391
2025-06-26T21:23:06.628-04:00 DEBUG 13092 --- [productos] [           main] org.hibernate.type.BasicTypeRegistry     : Adding type registration java.lang.Class -> org.hibernate.type.BasicTypeReference@357f6391
2025-06-26T21:23:06.628-04:00 DEBUG 13092 --- [productos] [           main] org.hibernate.type.BasicTypeRegistry     : Adding type registration currency -> org.hibernate.type.BasicTypeReference@689faf79
2025-06-26T21:23:06.628-04:00 DEBUG 13092 --- [productos] [           main] org.hibernate.type.BasicTypeRegistry     : Adding type registration Currency -> org.hibernate.type.BasicTypeReference@689faf79
2025-06-26T21:23:06.628-04:00 DEBUG 13092 --- [productos] [           main] org.hibernate.type.BasicTypeRegistry     : Adding type registration java.util.Currency -> org.hibernate.type.BasicTypeReference@689faf79
2025-06-26T21:23:06.628-04:00 DEBUG 13092 --- [productos] [           main] org.hibernate.type.BasicTypeRegistry     : Adding type registration locale -> org.hibernate.type.BasicTypeReference@582e9152
2025-06-26T21:23:06.628-04:00 DEBUG 13092 --- [productos] [           main] org.hibernate.type.BasicTypeRegistry     : Adding type registration java.util.Locale -> org.hibernate.type.BasicTypeReference@582e9152
2025-06-26T21:23:06.628-04:00 DEBUG 13092 --- [productos] [           main] org.hibernate.type.BasicTypeRegistry     : Adding type registration serializable -> org.hibernate.type.BasicTypeReference@7a31ca20
2025-06-26T21:23:06.629-04:00 DEBUG 13092 --- [productos] [           main] org.hibernate.type.BasicTypeRegistry     : Adding type registration java.io.Serializable -> org.hibernate.type.BasicTypeReference@7a31ca20
2025-06-26T21:23:06.629-04:00 DEBUG 13092 --- [productos] [           main] org.hibernate.type.BasicTypeRegistry     : Adding type registration timezone -> org.hibernate.type.BasicTypeReference@349c4d1c
2025-06-26T21:23:06.629-04:00 DEBUG 13092 --- [productos] [           main] org.hibernate.type.BasicTypeRegistry     : Adding type registration java.util.TimeZone -> org.hibernate.type.BasicTypeReference@349c4d1c
2025-06-26T21:23:06.629-04:00 DEBUG 13092 --- [productos] [           main] org.hibernate.type.BasicTypeRegistry     : Adding type registration ZoneOffset -> org.hibernate.type.BasicTypeReference@21edd891
2025-06-26T21:23:06.629-04:00 DEBUG 13092 --- [productos] [           main] org.hibernate.type.BasicTypeRegistry     : Adding type registration java.time.ZoneOffset -> org.hibernate.type.BasicTypeReference@21edd891
2025-06-26T21:23:06.629-04:00 DEBUG 13092 --- [productos] [           main] org.hibernate.type.BasicTypeRegistry     : Adding type registration url -> org.hibernate.type.BasicTypeReference@de579ff
2025-06-26T21:23:06.629-04:00 DEBUG 13092 --- [productos] [           main] org.hibernate.type.BasicTypeRegistry     : Adding type registration java.net.URL -> org.hibernate.type.BasicTypeReference@de579ff
2025-06-26T21:23:06.629-04:00 DEBUG 13092 --- [productos] [           main] org.hibernate.type.BasicTypeRegistry     : Adding type registration vector -> org.hibernate.type.BasicTypeReference@7971c2a9
2025-06-26T21:23:06.629-04:00 DEBUG 13092 --- [productos] [           main] org.hibernate.type.BasicTypeRegistry     : Adding type registration float_vector -> org.hibernate.type.BasicTypeReference@2fd39436
2025-06-26T21:23:06.630-04:00 DEBUG 13092 --- [productos] [           main] org.hibernate.type.BasicTypeRegistry     : Adding type registration double_vector -> org.hibernate.type.BasicTypeReference@60b5e80d
2025-06-26T21:23:06.630-04:00 DEBUG 13092 --- [productos] [           main] org.hibernate.type.BasicTypeRegistry     : Adding type registration byte_vector -> org.hibernate.type.BasicTypeReference@46394f65
2025-06-26T21:23:06.630-04:00 DEBUG 13092 --- [productos] [           main] org.hibernate.type.BasicTypeRegistry     : Adding type registration row_version -> org.hibernate.type.BasicTypeReference@31aab981
2025-06-26T21:23:06.634-04:00 DEBUG 13092 --- [productos] [           main] org.hibernate.type.BasicTypeRegistry     : Adding type registration object -> org.hibernate.type.JavaObjectType@6bce313
2025-06-26T21:23:06.634-04:00 DEBUG 13092 --- [productos] [           main] org.hibernate.type.BasicTypeRegistry     : Adding type registration java.lang.Object -> org.hibernate.type.JavaObjectType@6bce313
2025-06-26T21:23:06.636-04:00 DEBUG 13092 --- [productos] [           main] org.hibernate.type.BasicTypeRegistry     : Adding type registration null -> org.hibernate.type.NullType@6806468e
2025-06-26T21:23:06.636-04:00 DEBUG 13092 --- [productos] [           main] org.hibernate.type.BasicTypeRegistry     : Adding type registration imm_date -> org.hibernate.type.BasicTypeReference@3c7b137a
2025-06-26T21:23:06.636-04:00 DEBUG 13092 --- [productos] [           main] org.hibernate.type.BasicTypeRegistry     : Adding type registration imm_time -> org.hibernate.type.BasicTypeReference@68631b1d
2025-06-26T21:23:06.636-04:00 DEBUG 13092 --- [productos] [           main] org.hibernate.type.BasicTypeRegistry     : Adding type registration imm_timestamp -> org.hibernate.type.BasicTypeReference@5a48da4f
2025-06-26T21:23:06.636-04:00 DEBUG 13092 --- [productos] [           main] org.hibernate.type.BasicTypeRegistry     : Adding type registration imm_calendar -> org.hibernate.type.BasicTypeReference@a0c5be
2025-06-26T21:23:06.636-04:00 DEBUG 13092 --- [productos] [           main] org.hibernate.type.BasicTypeRegistry     : Adding type registration imm_calendar_date -> org.hibernate.type.BasicTypeReference@6424e613
2025-06-26T21:23:06.636-04:00 DEBUG 13092 --- [productos] [           main] org.hibernate.type.BasicTypeRegistry     : Adding type registration imm_calendar_time -> org.hibernate.type.BasicTypeReference@14efa279
2025-06-26T21:23:06.636-04:00 DEBUG 13092 --- [productos] [           main] org.hibernate.type.BasicTypeRegistry     : Adding type registration imm_binary -> org.hibernate.type.BasicTypeReference@8e99809
2025-06-26T21:23:06.636-04:00 DEBUG 13092 --- [productos] [           main] org.hibernate.type.BasicTypeRegistry     : Adding type registration imm_serializable -> org.hibernate.type.BasicTypeReference@e62319f
2025-06-26T21:23:06.643-04:00 DEBUG 13092 --- [productos] [           main] o.h.boot.internal.BootstrapContextImpl   : Injecting JPA temp ClassLoader [org.springframework.instrument.classloading.SimpleThrowawayClassLoader@191a0351] into BootstrapContext; was [null]
2025-06-26T21:23:06.644-04:00 DEBUG 13092 --- [productos] [           main] o.h.boot.internal.ClassLoaderAccessImpl  : ClassLoaderAccessImpl#injectTempClassLoader(org.springframework.instrument.classloading.SimpleThrowawayClassLoader@191a0351) [was null]
2025-06-26T21:23:06.644-04:00 DEBUG 13092 --- [productos] [           main] o.h.boot.internal.BootstrapContextImpl   : Injecting ScanEnvironment [org.hibernate.jpa.boot.internal.StandardJpaScanEnvironmentImpl@1e40fbb3] into BootstrapContext; was [null]
2025-06-26T21:23:06.644-04:00 DEBUG 13092 --- [productos] [           main] o.h.boot.internal.BootstrapContextImpl   : Injecting ScanOptions [org.hibernate.boot.archive.scan.internal.StandardScanOptions@1b560eb0] into BootstrapContext; was [org.hibernate.boot.archive.scan.internal.StandardScanOptions@9e02f84]
2025-06-26T21:23:06.662-04:00 DEBUG 13092 --- [productos] [           main] o.h.j.b.i.PersistenceUnitInfoDescriptor  : Pushing class transformers for PU named 'default' on loading classloader jdk.internal.loader.ClassLoaders$AppClassLoader@73d16e93
2025-06-26T21:23:06.960-04:00  INFO 13092 --- [productos] [           main] o.s.o.j.p.SpringPersistenceUnitInfo      : No LoadTimeWeaver setup: ignoring JPA class transformer
2025-06-26T21:23:06.960-04:00 DEBUG 13092 --- [productos] [           main] o.h.boot.internal.BootstrapContextImpl   : Injecting JPA temp ClassLoader [null] into BootstrapContext; was [org.springframework.instrument.classloading.SimpleThrowawayClassLoader@191a0351]
2025-06-26T21:23:06.961-04:00 DEBUG 13092 --- [productos] [           main] o.h.boot.internal.ClassLoaderAccessImpl  : ClassLoaderAccessImpl#injectTempClassLoader(null) [was org.springframework.instrument.classloading.SimpleThrowawayClassLoader@191a0351]
2025-06-26T21:23:07.012-04:00 DEBUG 13092 --- [productos] [           main] o.h.e.j.e.i.JdbcEnvironmentInitiator     : Database ->
	   name : H2
	version : 2.3.232 (2024-08-11)
	  major : 2
	  minor : 3
2025-06-26T21:23:07.013-04:00 DEBUG 13092 --- [productos] [           main] o.h.e.j.e.i.JdbcEnvironmentInitiator     : Driver ->
	   name : H2 JDBC Driver
	version : 2.3.232 (2024-08-11)
	  major : 2
	  minor : 3
2025-06-26T21:23:07.013-04:00 DEBUG 13092 --- [productos] [           main] o.h.e.j.e.i.JdbcEnvironmentInitiator     : JDBC version : 4.3
2025-06-26T21:23:07.046-04:00  WARN 13092 --- [productos] [           main] org.hibernate.orm.deprecation            : HHH90000025: H2Dialect does not need to be specified explicitly using 'hibernate.dialect' (remove the property setting and it will be selected by default)
2025-06-26T21:23:07.048-04:00 DEBUG 13092 --- [productos] [           main] org.hibernate.orm.dialect                : HHH035001: Using dialect: org.hibernate.dialect.H2Dialect, version: 2.3.232
2025-06-26T21:23:07.054-04:00 DEBUG 13092 --- [productos] [           main] o.h.e.j.env.spi.IdentifierHelperBuilder  : JDBC driver metadata reported database stores quoted identifiers in neither upper, lower nor mixed case
2025-06-26T21:23:07.092-04:00  INFO 13092 --- [productos] [           main] org.hibernate.orm.connections.pooling    : HHH10001005: Database info:
	Database JDBC URL [Connecting through datasource 'org.springframework.jdbc.datasource.embedded.EmbeddedDatabaseFactory$EmbeddedDataSourceProxy@33bb3f86']
	Database driver: undefined/unknown
	Database version: 2.3.232
	Autocommit mode: undefined/unknown
	Isolation level: undefined/unknown
	Minimum pool size: undefined/unknown
	Maximum pool size: undefined/unknown
2025-06-26T21:23:07.109-04:00 DEBUG 13092 --- [productos] [           main] o.h.t.d.jdbc.spi.JdbcTypeRegistry        : addDescriptor(NCharTypeDescriptor) replaced previous registration(CharTypeDescriptor)
2025-06-26T21:23:07.110-04:00 DEBUG 13092 --- [productos] [           main] o.h.t.d.jdbc.spi.JdbcTypeRegistry        : addDescriptor(NVarcharTypeDescriptor) replaced previous registration(VarcharTypeDescriptor)
2025-06-26T21:23:07.110-04:00 DEBUG 13092 --- [productos] [           main] o.h.t.d.jdbc.spi.JdbcTypeRegistry        : addDescriptor(LongNVarcharTypeDescriptor) replaced previous registration(LongVarcharTypeDescriptor)
2025-06-26T21:23:07.116-04:00 DEBUG 13092 --- [productos] [           main] o.h.t.d.jdbc.spi.JdbcTypeRegistry        : addDescriptor(NClobTypeDescriptor(DEFAULT)) replaced previous registration(ClobTypeDescriptor(DEFAULT))
2025-06-26T21:23:07.121-04:00 DEBUG 13092 --- [productos] [           main] o.h.t.d.jdbc.spi.JdbcTypeRegistry        : addDescriptor(TimestampUtcDescriptor) replaced previous registration(TimestampUtcDescriptor)
2025-06-26T21:23:07.137-04:00 DEBUG 13092 --- [productos] [           main] org.hibernate.type.BasicTypeRegistry     : Adding type registration org.hibernate.type.DurationType -> basicType@1(java.time.Duration,3015)
2025-06-26T21:23:07.137-04:00 DEBUG 13092 --- [productos] [           main] org.hibernate.type.BasicTypeRegistry     : Adding type registration Duration -> basicType@1(java.time.Duration,3015)
2025-06-26T21:23:07.137-04:00 DEBUG 13092 --- [productos] [           main] org.hibernate.type.BasicTypeRegistry     : Adding type registration java.time.Duration -> basicType@1(java.time.Duration,3015)
2025-06-26T21:23:07.230-04:00 DEBUG 13092 --- [productos] [           main] o.h.type.spi.TypeConfiguration$Scope     : Scoping TypeConfiguration [org.hibernate.type.spi.TypeConfiguration@153cfd86] to MetadataBuildingContext [org.hibernate.boot.internal.MetadataBuildingContextRootImpl@7e31062c]
2025-06-26T21:23:07.323-04:00 DEBUG 13092 --- [productos] [           main] o.h.boot.model.relational.Namespace      : Created database namespace [logicalName=Name{catalog=null, schema=null}, physicalName=Name{catalog=null, schema=null}]
2025-06-26T21:23:07.350-04:00 DEBUG 13092 --- [productos] [           main] o.h.boot.model.internal.EntityBinder     : Binding entity from annotated class: com.hoppyware.productos.model.Producto
2025-06-26T21:23:07.358-04:00 DEBUG 13092 --- [productos] [           main] o.h.boot.model.internal.EntityBinder     : Import with entity name Producto
2025-06-26T21:23:07.365-04:00 DEBUG 13092 --- [productos] [           main] o.h.boot.model.internal.EntityBinder     : Bind entity com.hoppyware.productos.model.Producto on table producto
2025-06-26T21:23:07.377-04:00 DEBUG 13092 --- [productos] [           main] o.h.boot.model.internal.AnnotatedColumn  : Binding column: AnnotatedDiscriminatorColumn(column='DTYPE')
2025-06-26T21:23:07.399-04:00 DEBUG 13092 --- [productos] [           main] o.h.boot.model.internal.AnnotatedColumn  : Binding column: AnnotatedColumn()
2025-06-26T21:23:07.400-04:00 DEBUG 13092 --- [productos] [           main] o.h.boot.internal.ClassLoaderAccessImpl  : Not known whether passed class name [com.hoppyware.productos.model.Producto] is safe
2025-06-26T21:23:07.400-04:00 DEBUG 13092 --- [productos] [           main] o.h.boot.internal.ClassLoaderAccessImpl  : No temp ClassLoader provided; using live ClassLoader for loading potentially unsafe class : com.hoppyware.productos.model.Producto
2025-06-26T21:23:07.405-04:00 DEBUG 13092 --- [productos] [           main] o.h.boot.model.internal.PropertyBinder   : MetadataSourceProcessor property id with lazy=false
2025-06-26T21:23:07.410-04:00 DEBUG 13092 --- [productos] [           main] o.h.b.m.internal.AbstractPropertyHolder  : Attempting to locate auto-apply AttributeConverter for property [com.hoppyware.productos.model.Producto:id]
2025-06-26T21:23:07.414-04:00 DEBUG 13092 --- [productos] [           main] o.h.b.model.internal.BasicValueBinder    : building BasicValue for id
2025-06-26T21:23:07.417-04:00 DEBUG 13092 --- [productos] [           main] org.hibernate.mapping.BasicValue         : Skipping column re-registration: producto.id
2025-06-26T21:23:07.418-04:00 DEBUG 13092 --- [productos] [           main] o.h.boot.model.internal.PropertyBinder   : Building property id
2025-06-26T21:23:07.423-04:00 DEBUG 13092 --- [productos] [           main] o.h.boot.model.internal.BinderHelper     : #makeIdGenerator(BasicValue([Column(id)]), id, identity, , ...)
2025-06-26T21:23:07.424-04:00 DEBUG 13092 --- [productos] [           main] o.h.boot.model.internal.AnnotatedColumn  : Binding column: AnnotatedColumn()
2025-06-26T21:23:07.425-04:00 DEBUG 13092 --- [productos] [           main] o.h.boot.model.internal.PropertyBinder   : MetadataSourceProcessor property descripcion with lazy=false
2025-06-26T21:23:07.425-04:00 DEBUG 13092 --- [productos] [           main] o.h.b.m.internal.AbstractPropertyHolder  : Attempting to locate auto-apply AttributeConverter for property [com.hoppyware.productos.model.Producto:descripcion]
2025-06-26T21:23:07.425-04:00 DEBUG 13092 --- [productos] [           main] o.h.b.model.internal.BasicValueBinder    : building BasicValue for descripcion
2025-06-26T21:23:07.425-04:00 DEBUG 13092 --- [productos] [           main] org.hibernate.mapping.BasicValue         : Skipping column re-registration: producto.descripcion
2025-06-26T21:23:07.425-04:00 DEBUG 13092 --- [productos] [           main] o.h.boot.model.internal.PropertyBinder   : Building property descripcion
2025-06-26T21:23:07.426-04:00 DEBUG 13092 --- [productos] [           main] o.h.boot.model.internal.AnnotatedColumn  : Binding column: AnnotatedColumn()
2025-06-26T21:23:07.426-04:00 DEBUG 13092 --- [productos] [           main] o.h.boot.model.internal.PropertyBinder   : MetadataSourceProcessor property nombre with lazy=false
2025-06-26T21:23:07.426-04:00 DEBUG 13092 --- [productos] [           main] o.h.b.m.internal.AbstractPropertyHolder  : Attempting to locate auto-apply AttributeConverter for property [com.hoppyware.productos.model.Producto:nombre]
2025-06-26T21:23:07.427-04:00 DEBUG 13092 --- [productos] [           main] o.h.b.model.internal.BasicValueBinder    : building BasicValue for nombre
2025-06-26T21:23:07.427-04:00 DEBUG 13092 --- [productos] [           main] org.hibernate.mapping.BasicValue         : Skipping column re-registration: producto.nombre
2025-06-26T21:23:07.427-04:00 DEBUG 13092 --- [productos] [           main] o.h.boot.model.internal.PropertyBinder   : Building property nombre
2025-06-26T21:23:07.427-04:00 DEBUG 13092 --- [productos] [           main] o.h.boot.model.internal.AnnotatedColumn  : Binding column: AnnotatedColumn()
2025-06-26T21:23:07.427-04:00 DEBUG 13092 --- [productos] [           main] o.h.boot.model.internal.PropertyBinder   : MetadataSourceProcessor property origen with lazy=false
2025-06-26T21:23:07.427-04:00 DEBUG 13092 --- [productos] [           main] o.h.b.m.internal.AbstractPropertyHolder  : Attempting to locate auto-apply AttributeConverter for property [com.hoppyware.productos.model.Producto:origen]
2025-06-26T21:23:07.427-04:00 DEBUG 13092 --- [productos] [           main] o.h.b.model.internal.BasicValueBinder    : building BasicValue for origen
2025-06-26T21:23:07.428-04:00 DEBUG 13092 --- [productos] [           main] org.hibernate.mapping.BasicValue         : Skipping column re-registration: producto.origen
2025-06-26T21:23:07.428-04:00 DEBUG 13092 --- [productos] [           main] o.h.boot.model.internal.PropertyBinder   : Building property origen
2025-06-26T21:23:07.428-04:00 DEBUG 13092 --- [productos] [           main] o.h.boot.model.internal.AnnotatedColumn  : Binding column: AnnotatedColumn()
2025-06-26T21:23:07.428-04:00 DEBUG 13092 --- [productos] [           main] o.h.boot.model.internal.PropertyBinder   : MetadataSourceProcessor property precio with lazy=false
2025-06-26T21:23:07.428-04:00 DEBUG 13092 --- [productos] [           main] o.h.b.m.internal.AbstractPropertyHolder  : Attempting to locate auto-apply AttributeConverter for property [com.hoppyware.productos.model.Producto:precio]
2025-06-26T21:23:07.428-04:00 DEBUG 13092 --- [productos] [           main] o.h.b.model.internal.BasicValueBinder    : building BasicValue for precio
2025-06-26T21:23:07.428-04:00 DEBUG 13092 --- [productos] [           main] org.hibernate.mapping.BasicValue         : Skipping column re-registration: producto.precio
2025-06-26T21:23:07.428-04:00 DEBUG 13092 --- [productos] [           main] o.h.boot.model.internal.PropertyBinder   : Building property precio
2025-06-26T21:23:07.429-04:00 DEBUG 13092 --- [productos] [           main] o.h.boot.model.internal.AnnotatedColumn  : Binding column: AnnotatedColumn()
2025-06-26T21:23:07.429-04:00 DEBUG 13092 --- [productos] [           main] o.h.boot.model.internal.PropertyBinder   : MetadataSourceProcessor property proveedor with lazy=false
2025-06-26T21:23:07.429-04:00 DEBUG 13092 --- [productos] [           main] o.h.b.m.internal.AbstractPropertyHolder  : Attempting to locate auto-apply AttributeConverter for property [com.hoppyware.productos.model.Producto:proveedor]
2025-06-26T21:23:07.429-04:00 DEBUG 13092 --- [productos] [           main] o.h.b.model.internal.BasicValueBinder    : building BasicValue for proveedor
2025-06-26T21:23:07.429-04:00 DEBUG 13092 --- [productos] [           main] org.hibernate.mapping.BasicValue         : Skipping column re-registration: producto.proveedor
2025-06-26T21:23:07.429-04:00 DEBUG 13092 --- [productos] [           main] o.h.boot.model.internal.PropertyBinder   : Building property proveedor
2025-06-26T21:23:07.429-04:00 DEBUG 13092 --- [productos] [           main] o.h.boot.model.internal.AnnotatedColumn  : Binding column: AnnotatedColumn()
2025-06-26T21:23:07.429-04:00 DEBUG 13092 --- [productos] [           main] o.h.boot.model.internal.PropertyBinder   : MetadataSourceProcessor property stock with lazy=false
2025-06-26T21:23:07.429-04:00 DEBUG 13092 --- [productos] [           main] o.h.b.m.internal.AbstractPropertyHolder  : Attempting to locate auto-apply AttributeConverter for property [com.hoppyware.productos.model.Producto:stock]
2025-06-26T21:23:07.430-04:00 DEBUG 13092 --- [productos] [           main] o.h.b.model.internal.BasicValueBinder    : building BasicValue for stock
2025-06-26T21:23:07.430-04:00 DEBUG 13092 --- [productos] [           main] org.hibernate.mapping.BasicValue         : Skipping column re-registration: producto.stock
2025-06-26T21:23:07.430-04:00 DEBUG 13092 --- [productos] [           main] o.h.boot.model.internal.PropertyBinder   : Building property stock
2025-06-26T21:23:07.431-04:00 DEBUG 13092 --- [productos] [           main] o.h.b.r.c.i.ClassLoaderServiceImpl       : HHH000194: Package not found or no package-info.java: com.hoppyware.productos.model
2025-06-26T21:23:07.441-04:00 DEBUG 13092 --- [productos] [           main] o.h.b.model.internal.BasicValueBinder    : Starting `BasicValueBinder#fillSimpleValue` for id
2025-06-26T21:23:07.443-04:00 DEBUG 13092 --- [productos] [           main] o.h.b.model.internal.BasicValueBinder    : Starting `BasicValueBinder#fillSimpleValue` for descripcion
2025-06-26T21:23:07.444-04:00 DEBUG 13092 --- [productos] [           main] o.h.b.model.internal.BasicValueBinder    : Starting `BasicValueBinder#fillSimpleValue` for nombre
2025-06-26T21:23:07.444-04:00 DEBUG 13092 --- [productos] [           main] o.h.b.model.internal.BasicValueBinder    : Starting `BasicValueBinder#fillSimpleValue` for origen
2025-06-26T21:23:07.444-04:00 DEBUG 13092 --- [productos] [           main] o.h.b.model.internal.BasicValueBinder    : Starting `BasicValueBinder#fillSimpleValue` for precio
2025-06-26T21:23:07.444-04:00 DEBUG 13092 --- [productos] [           main] o.h.b.model.internal.BasicValueBinder    : Starting `BasicValueBinder#fillSimpleValue` for proveedor
2025-06-26T21:23:07.444-04:00 DEBUG 13092 --- [productos] [           main] o.h.b.model.internal.BasicValueBinder    : Starting `BasicValueBinder#fillSimpleValue` for stock
2025-06-26T21:23:07.449-04:00 DEBUG 13092 --- [productos] [           main] org.hibernate.mapping.PrimaryKey         : Forcing column [id] to be non-null as it is part of the primary key for table [producto]
2025-06-26T21:23:07.551-04:00 DEBUG 13092 --- [productos] [           main] o.hibernate.internal.SessionFactoryImpl  : Building session factory
2025-06-26T21:23:07.606-04:00 DEBUG 13092 --- [productos] [           main] .h.s.i.SessionFactoryServiceRegistryImpl : EventListenerRegistry access via ServiceRegistry is deprecated.  Use `sessionFactory.getEventEngine().getListenerRegistry()` instead
2025-06-26T21:23:07.607-04:00 DEBUG 13092 --- [productos] [           main] o.hibernate.internal.SessionFactoryImpl  : Instantiating SessionFactory with settings: {hibernate.format_sql=true, java.specification.version=17, sun.cpu.isalist=amd64, hibernate.resource.beans.container=org.springframework.orm.hibernate5.SpringBeanContainer@6654ca0d, hibernate.connection.handling_mode=DELAYED_ACQUISITION_AND_HOLD, sun.jnu.encoding=Cp1252, hibernate.dialect=org.hibernate.dialect.H2Dialect, hibernate.implicit_naming_strategy=org.springframework.boot.orm.jpa.hibernate.SpringImplicitNamingStrategy, java.class.path=C:\Users\disas\OneDrive\Escritorio\Producto-ms\producto-hw\target\test-classes;C:\Users\disas\OneDrive\Escritorio\Producto-ms\producto-hw\target\classes;C:\Users\disas\.m2\repository\org\springframework\boot\spring-boot-starter-data-jpa\3.4.7\spring-boot-starter-data-jpa-3.4.7.jar;C:\Users\disas\.m2\repository\org\springframework\boot\spring-boot-starter\3.4.7\spring-boot-starter-3.4.7.jar;C:\Users\disas\.m2\repository\org\springframework\boot\spring-boot\3.4.7\spring-boot-3.4.7.jar;C:\Users\disas\.m2\repository\org\springframework\boot\spring-boot-autoconfigure\3.4.7\spring-boot-autoconfigure-3.4.7.jar;C:\Users\disas\.m2\repository\org\springframework\boot\spring-boot-starter-logging\3.4.7\spring-boot-starter-logging-3.4.7.jar;C:\Users\disas\.m2\repository\ch\qos\logback\logback-classic\1.5.18\logback-classic-1.5.18.jar;C:\Users\disas\.m2\repository\ch\qos\logback\logback-core\1.5.18\logback-core-1.5.18.jar;C:\Users\disas\.m2\repository\org\apache\logging\log4j\log4j-to-slf4j\2.24.3\log4j-to-slf4j-2.24.3.jar;C:\Users\disas\.m2\repository\org\apache\logging\log4j\log4j-api\2.24.3\log4j-api-2.24.3.jar;C:\Users\disas\.m2\repository\org\slf4j\jul-to-slf4j\2.0.17\jul-to-slf4j-2.0.17.jar;C:\Users\disas\.m2\repository\jakarta\annotation\jakarta.annotation-api\2.1.1\jakarta.annotation-api-2.1.1.jar;C:\Users\disas\.m2\repository\org\yaml\snakeyaml\2.3\snakeyaml-2.3.jar;C:\Users\disas\.m2\repository\org\springframework\boot\spring-boot-starter-jdbc\3.4.7\spring-boot-starter-jdbc-3.4.7.jar;C:\Users\disas\.m2\repository\com\zaxxer\HikariCP\5.1.0\HikariCP-5.1.0.jar;C:\Users\disas\.m2\repository\org\springframework\spring-jdbc\6.2.8\spring-jdbc-6.2.8.jar;C:\Users\disas\.m2\repository\org\hibernate\orm\hibernate-core\6.6.18.Final\hibernate-core-6.6.18.Final.jar;C:\Users\disas\.m2\repository\jakarta\persistence\jakarta.persistence-api\3.1.0\jakarta.persistence-api-3.1.0.jar;C:\Users\disas\.m2\repository\jakarta\transaction\jakarta.transaction-api\2.0.1\jakarta.transaction-api-2.0.1.jar;C:\Users\disas\.m2\repository\org\jboss\logging\jboss-logging\3.6.1.Final\jboss-logging-3.6.1.Final.jar;C:\Users\disas\.m2\repository\org\hibernate\common\hibernate-commons-annotations\7.0.3.Final\hibernate-commons-annotations-7.0.3.Final.jar;C:\Users\disas\.m2\repository\io\smallrye\jandex\3.2.0\jandex-3.2.0.jar;C:\Users\disas\.m2\repository\com\fasterxml\classmate\1.7.0\classmate-1.7.0.jar;C:\Users\disas\.m2\repository\net\bytebuddy\byte-buddy\1.15.11\byte-buddy-1.15.11.jar;C:\Users\disas\.m2\repository\org\glassfish\jaxb\jaxb-runtime\4.0.5\jaxb-runtime-4.0.5.jar;C:\Users\disas\.m2\repository\org\glassfish\jaxb\jaxb-core\4.0.5\jaxb-core-4.0.5.jar;C:\Users\disas\.m2\repository\org\eclipse\angus\angus-activation\2.0.2\angus-activation-2.0.2.jar;C:\Users\disas\.m2\repository\org\glassfish\jaxb\txw2\4.0.5\txw2-4.0.5.jar;C:\Users\disas\.m2\repository\com\sun\istack\istack-commons-runtime\4.1.2\istack-commons-runtime-4.1.2.jar;C:\Users\disas\.m2\repository\jakarta\inject\jakarta.inject-api\2.0.1\jakarta.inject-api-2.0.1.jar;C:\Users\disas\.m2\repository\org\antlr\antlr4-runtime\4.13.0\antlr4-runtime-4.13.0.jar;C:\Users\disas\.m2\repository\org\springframework\data\spring-data-jpa\3.4.7\spring-data-jpa-3.4.7.jar;C:\Users\disas\.m2\repository\org\springframework\data\spring-data-commons\3.4.7\spring-data-commons-3.4.7.jar;C:\Users\disas\.m2\repository\org\springframework\spring-orm\6.2.8\spring-orm-6.2.8.jar;C:\Users\disas\.m2\repository\org\springframework\spring-context\6.2.8\spring-context-6.2.8.jar;C:\Users\disas\.m2\repository\org\springframework\spring-aop\6.2.8\spring-aop-6.2.8.jar;C:\Users\disas\.m2\repository\org\springframework\spring-tx\6.2.8\spring-tx-6.2.8.jar;C:\Users\disas\.m2\repository\org\springframework\spring-beans\6.2.8\spring-beans-6.2.8.jar;C:\Users\disas\.m2\repository\org\springframework\spring-aspects\6.2.8\spring-aspects-6.2.8.jar;C:\Users\disas\.m2\repository\org\aspectj\aspectjweaver\1.9.24\aspectjweaver-1.9.24.jar;C:\Users\disas\.m2\repository\org\springframework\boot\spring-boot-starter-web\3.4.7\spring-boot-starter-web-3.4.7.jar;C:\Users\disas\.m2\repository\org\springframework\boot\spring-boot-starter-json\3.4.7\spring-boot-starter-json-3.4.7.jar;C:\Users\disas\.m2\repository\com\fasterxml\jackson\core\jackson-databind\2.18.4\jackson-databind-2.18.4.jar;C:\Users\disas\.m2\repository\com\fasterxml\jackson\core\jackson-annotations\2.18.4\jackson-annotations-2.18.4.jar;C:\Users\disas\.m2\repository\com\fasterxml\jackson\core\jackson-core\2.18.4.1\jackson-core-2.18.4.1.jar;C:\Users\disas\.m2\repository\com\fasterxml\jackson\datatype\jackson-datatype-jdk8\2.18.4\jackson-datatype-jdk8-2.18.4.jar;C:\Users\disas\.m2\repository\com\fasterxml\jackson\datatype\jackson-datatype-jsr310\2.18.4\jackson-datatype-jsr310-2.18.4.jar;C:\Users\disas\.m2\repository\com\fasterxml\jackson\module\jackson-module-parameter-names\2.18.4\jackson-module-parameter-names-2.18.4.jar;C:\Users\disas\.m2\repository\org\springframework\boot\spring-boot-starter-tomcat\3.4.7\spring-boot-starter-tomcat-3.4.7.jar;C:\Users\disas\.m2\repository\org\apache\tomcat\embed\tomcat-embed-core\10.1.42\tomcat-embed-core-10.1.42.jar;C:\Users\disas\.m2\repository\org\apache\tomcat\embed\tomcat-embed-el\10.1.42\tomcat-embed-el-10.1.42.jar;C:\Users\disas\.m2\repository\org\apache\tomcat\embed\tomcat-embed-websocket\10.1.42\tomcat-embed-websocket-10.1.42.jar;C:\Users\disas\.m2\repository\org\springframework\spring-web\6.2.8\spring-web-6.2.8.jar;C:\Users\disas\.m2\repository\io\micrometer\micrometer-observation\1.14.8\micrometer-observation-1.14.8.jar;C:\Users\disas\.m2\repository\io\micrometer\micrometer-commons\1.14.8\micrometer-commons-1.14.8.jar;C:\Users\disas\.m2\repository\org\springframework\spring-webmvc\6.2.8\spring-webmvc-6.2.8.jar;C:\Users\disas\.m2\repository\org\springframework\spring-expression\6.2.8\spring-expression-6.2.8.jar;C:\Users\disas\.m2\repository\org\springframework\cloud\spring-cloud-starter-openfeign\4.2.0\spring-cloud-starter-openfeign-4.2.0.jar;C:\Users\disas\.m2\repository\org\springframework\cloud\spring-cloud-starter\4.2.0\spring-cloud-starter-4.2.0.jar;C:\Users\disas\.m2\repository\org\springframework\cloud\spring-cloud-context\4.2.0\spring-cloud-context-4.2.0.jar;C:\Users\disas\.m2\repository\org\bouncycastle\bcprov-jdk18on\1.78.1\bcprov-jdk18on-1.78.1.jar;C:\Users\disas\.m2\repository\org\springframework\cloud\spring-cloud-openfeign-core\4.2.0\spring-cloud-openfeign-core-4.2.0.jar;C:\Users\disas\.m2\repository\io\github\openfeign\feign-form-spring\13.5\feign-form-spring-13.5.jar;C:\Users\disas\.m2\repository\io\github\openfeign\feign-form\13.5\feign-form-13.5.jar;C:\Users\disas\.m2\repository\commons-fileupload\commons-fileupload\1.5\commons-fileupload-1.5.jar;C:\Users\disas\.m2\repository\commons-io\commons-io\2.11.0\commons-io-2.11.0.jar;C:\Users\disas\.m2\repository\org\springframework\cloud\spring-cloud-commons\4.2.0\spring-cloud-commons-4.2.0.jar;C:\Users\disas\.m2\repository\org\springframework\security\spring-security-crypto\6.4.7\spring-security-crypto-6.4.7.jar;C:\Users\disas\.m2\repository\io\github\openfeign\feign-core\13.5\feign-core-13.5.jar;C:\Users\disas\.m2\repository\io\github\openfeign\feign-slf4j\13.5\feign-slf4j-13.5.jar;C:\Users\disas\.m2\repository\com\oracle\database\jdbc\ojdbc11\23.5.0.24.07\ojdbc11-23.5.0.24.07.jar;C:\Users\disas\.m2\repository\org\apache\httpcomponents\client5\httpclient5\5.4.4\httpclient5-5.4.4.jar;C:\Users\disas\.m2\repository\org\apache\httpcomponents\core5\httpcore5\5.3.4\httpcore5-5.3.4.jar;C:\Users\disas\.m2\repository\org\apache\httpcomponents\core5\httpcore5-h2\5.3.4\httpcore5-h2-5.3.4.jar;C:\Users\disas\.m2\repository\org\slf4j\slf4j-api\2.0.17\slf4j-api-2.0.17.jar;C:\Users\disas\.m2\repository\com\oracle\database\jdbc\ojdbc8\23.5.0.24.07\ojdbc8-23.5.0.24.07.jar;C:\Users\disas\.m2\repository\com\oracle\database\security\oraclepki\23.5.0.24.07\oraclepki-23.5.0.24.07.jar;C:\Users\disas\.m2\repository\com\oracle\database\security\osdt_core\19.8.0.0\osdt_core-19.8.0.0.jar;C:\Users\disas\.m2\repository\com\oracle\database\security\osdt_cert\19.8.0.0\osdt_cert-19.8.0.0.jar;C:\Users\disas\.m2\repository\org\projectlombok\lombok\1.18.38\lombok-1.18.38.jar;C:\Users\disas\.m2\repository\org\springframework\boot\spring-boot-starter-test\3.4.7\spring-boot-starter-test-3.4.7.jar;C:\Users\disas\.m2\repository\org\springframework\boot\spring-boot-test\3.4.7\spring-boot-test-3.4.7.jar;C:\Users\disas\.m2\repository\org\springframework\boot\spring-boot-test-autoconfigure\3.4.7\spring-boot-test-autoconfigure-3.4.7.jar;C:\Users\disas\.m2\repository\com\jayway\jsonpath\json-path\2.9.0\json-path-2.9.0.jar;C:\Users\disas\.m2\repository\jakarta\xml\bind\jakarta.xml.bind-api\4.0.2\jakarta.xml.bind-api-4.0.2.jar;C:\Users\disas\.m2\repository\jakarta\activation\jakarta.activation-api\2.1.3\jakarta.activation-api-2.1.3.jar;C:\Users\disas\.m2\repository\net\minidev\json-smart\2.5.2\json-smart-2.5.2.jar;C:\Users\disas\.m2\repository\net\minidev\accessors-smart\2.5.2\accessors-smart-2.5.2.jar;C:\Users\disas\.m2\repository\org\ow2\asm\asm\9.7.1\asm-9.7.1.jar;C:\Users\disas\.m2\repository\org\assertj\assertj-core\3.26.3\assertj-core-3.26.3.jar;C:\Users\disas\.m2\repository\org\awaitility\awaitility\4.2.2\awaitility-4.2.2.jar;C:\Users\disas\.m2\repository\org\hamcrest\hamcrest\2.2\hamcrest-2.2.jar;C:\Users\disas\.m2\repository\org\junit\jupiter\junit-jupiter\5.11.4\junit-jupiter-5.11.4.jar;C:\Users\disas\.m2\repository\org\junit\jupiter\junit-jupiter-api\5.11.4\junit-jupiter-api-5.11.4.jar;C:\Users\disas\.m2\repository\org\opentest4j\opentest4j\1.3.0\opentest4j-1.3.0.jar;C:\Users\disas\.m2\repository\org\junit\platform\junit-platform-commons\1.11.4\junit-platform-commons-1.11.4.jar;C:\Users\disas\.m2\repository\org\apiguardian\apiguardian-api\1.1.2\apiguardian-api-1.1.2.jar;C:\Users\disas\.m2\repository\org\junit\jupiter\junit-jupiter-params\5.11.4\junit-jupiter-params-5.11.4.jar;C:\Users\disas\.m2\repository\org\junit\jupiter\junit-jupiter-engine\5.11.4\junit-jupiter-engine-5.11.4.jar;C:\Users\disas\.m2\repository\org\junit\platform\junit-platform-engine\1.11.4\junit-platform-engine-1.11.4.jar;C:\Users\disas\.m2\repository\org\mockito\mockito-core\5.14.2\mockito-core-5.14.2.jar;C:\Users\disas\.m2\repository\net\bytebuddy\byte-buddy-agent\1.15.11\byte-buddy-agent-1.15.11.jar;C:\Users\disas\.m2\repository\org\objenesis\objenesis\3.3\objenesis-3.3.jar;C:\Users\disas\.m2\repository\org\mockito\mockito-junit-jupiter\5.14.2\mockito-junit-jupiter-5.14.2.jar;C:\Users\disas\.m2\repository\org\skyscreamer\jsonassert\1.5.3\jsonassert-1.5.3.jar;C:\Users\disas\.m2\repository\com\vaadin\external\google\android-json\0.0.20131108.vaadin1\android-json-0.0.20131108.vaadin1.jar;C:\Users\disas\.m2\repository\org\springframework\spring-core\6.2.8\spring-core-6.2.8.jar;C:\Users\disas\.m2\repository\org\springframework\spring-jcl\6.2.8\spring-jcl-6.2.8.jar;C:\Users\disas\.m2\repository\org\springframework\spring-test\6.2.8\spring-test-6.2.8.jar;C:\Users\disas\.m2\repository\org\xmlunit\xmlunit-core\2.10.2\xmlunit-core-2.10.2.jar;C:\Users\disas\.m2\repository\org\springdoc\springdoc-openapi-starter-webmvc-ui\2.8.5\springdoc-openapi-starter-webmvc-ui-2.8.5.jar;C:\Users\disas\.m2\repository\org\springdoc\springdoc-openapi-starter-webmvc-api\2.8.5\springdoc-openapi-starter-webmvc-api-2.8.5.jar;C:\Users\disas\.m2\repository\org\springdoc\springdoc-openapi-starter-common\2.8.5\springdoc-openapi-starter-common-2.8.5.jar;C:\Users\disas\.m2\repository\io\swagger\core\v3\swagger-core-jakarta\2.2.28\swagger-core-jakarta-2.2.28.jar;C:\Users\disas\.m2\repository\org\apache\commons\commons-lang3\3.17.0\commons-lang3-3.17.0.jar;C:\Users\disas\.m2\repository\io\swagger\core\v3\swagger-annotations-jakarta\2.2.28\swagger-annotations-jakarta-2.2.28.jar;C:\Users\disas\.m2\repository\io\swagger\core\v3\swagger-models-jakarta\2.2.28\swagger-models-jakarta-2.2.28.jar;C:\Users\disas\.m2\repository\jakarta\validation\jakarta.validation-api\3.0.2\jakarta.validation-api-3.0.2.jar;C:\Users\disas\.m2\repository\com\fasterxml\jackson\dataformat\jackson-dataformat-yaml\2.18.4\jackson-dataformat-yaml-2.18.4.jar;C:\Users\disas\.m2\repository\org\webjars\swagger-ui\5.18.3\swagger-ui-5.18.3.jar;C:\Users\disas\.m2\repository\org\webjars\webjars-locator-lite\1.0.1\webjars-locator-lite-1.0.1.jar;C:\Users\disas\.m2\repository\org\jspecify\jspecify\1.0.0\jspecify-1.0.0.jar;C:\Users\disas\.m2\repository\org\springdoc\springdoc-openapi-starter-webflux-ui\2.8.5\springdoc-openapi-starter-webflux-ui-2.8.5.jar;C:\Users\disas\.m2\repository\org\springdoc\springdoc-openapi-starter-webflux-api\2.8.5\springdoc-openapi-starter-webflux-api-2.8.5.jar;C:\Users\disas\.m2\repository\org\springframework\spring-webflux\6.2.8\spring-webflux-6.2.8.jar;C:\Users\disas\.m2\repository\io\projectreactor\reactor-core\3.7.7\reactor-core-3.7.7.jar;C:\Users\disas\.m2\repository\org\reactivestreams\reactive-streams\1.0.4\reactive-streams-1.0.4.jar;C:\Users\disas\.m2\repository\com\h2database\h2\2.3.232\h2-2.3.232.jar;, java.vm.vendor=Oracle Corporation, sun.arch.data.model=64, user.variant=, java.vendor.url=https://java.oracle.com/, user.timezone=America/Santiago, jakarta.persistence.sharedCache.mode=UNSPECIFIED, org.jboss.logging.provider=slf4j, java.vm.specification.version=17, os.name=Windows 11, APPLICATION_NAME=productos, jakarta.persistence.nonJtaDataSource=org.springframework.jdbc.datasource.embedded.EmbeddedDatabaseFactory$EmbeddedDataSourceProxy@33bb3f86, sun.java.launcher=SUN_STANDARD, user.country=CL, sun.boot.library.path=C:\Program Files\Java\jdk-17\bin, sun.java.command=C:\Users\disas\AppData\Local\Temp\surefire4313697664341406881\surefirebooter-20250626212301399_3.jar C:\Users\disas\AppData\Local\Temp\surefire4313697664341406881 2025-06-26T21-23-01_117-jvmRun1 surefire-20250626212301399_1tmp surefire_0-20250626212301399_2tmp, javax.persistence.nonJtaDataSource=org.springframework.jdbc.datasource.embedded.EmbeddedDatabaseFactory$EmbeddedDataSourceProxy@33bb3f86, hibernate.transaction.jta.platform=org.hibernate.engine.transaction.jta.platform.internal.NoJtaPlatform@35536760, jdk.debug=release, test=com.hoppyware.productos.ProductoRepositoryTest, surefire.test.class.path=C:\Users\disas\OneDrive\Escritorio\Producto-ms\producto-hw\target\test-classes;C:\Users\disas\OneDrive\Escritorio\Producto-ms\producto-hw\target\classes;C:\Users\disas\.m2\repository\org\springframework\boot\spring-boot-starter-data-jpa\3.4.7\spring-boot-starter-data-jpa-3.4.7.jar;C:\Users\disas\.m2\repository\org\springframework\boot\spring-boot-starter\3.4.7\spring-boot-starter-3.4.7.jar;C:\Users\disas\.m2\repository\org\springframework\boot\spring-boot\3.4.7\spring-boot-3.4.7.jar;C:\Users\disas\.m2\repository\org\springframework\boot\spring-boot-autoconfigure\3.4.7\spring-boot-autoconfigure-3.4.7.jar;C:\Users\disas\.m2\repository\org\springframework\boot\spring-boot-starter-logging\3.4.7\spring-boot-starter-logging-3.4.7.jar;C:\Users\disas\.m2\repository\ch\qos\logback\logback-classic\1.5.18\logback-classic-1.5.18.jar;C:\Users\disas\.m2\repository\ch\qos\logback\logback-core\1.5.18\logback-core-1.5.18.jar;C:\Users\disas\.m2\repository\org\apache\logging\log4j\log4j-to-slf4j\2.24.3\log4j-to-slf4j-2.24.3.jar;C:\Users\disas\.m2\repository\org\apache\logging\log4j\log4j-api\2.24.3\log4j-api-2.24.3.jar;C:\Users\disas\.m2\repository\org\slf4j\jul-to-slf4j\2.0.17\jul-to-slf4j-2.0.17.jar;C:\Users\disas\.m2\repository\jakarta\annotation\jakarta.annotation-api\2.1.1\jakarta.annotation-api-2.1.1.jar;C:\Users\disas\.m2\repository\org\yaml\snakeyaml\2.3\snakeyaml-2.3.jar;C:\Users\disas\.m2\repository\org\springframework\boot\spring-boot-starter-jdbc\3.4.7\spring-boot-starter-jdbc-3.4.7.jar;C:\Users\disas\.m2\repository\com\zaxxer\HikariCP\5.1.0\HikariCP-5.1.0.jar;C:\Users\disas\.m2\repository\org\springframework\spring-jdbc\6.2.8\spring-jdbc-6.2.8.jar;C:\Users\disas\.m2\repository\org\hibernate\orm\hibernate-core\6.6.18.Final\hibernate-core-6.6.18.Final.jar;C:\Users\disas\.m2\repository\jakarta\persistence\jakarta.persistence-api\3.1.0\jakarta.persistence-api-3.1.0.jar;C:\Users\disas\.m2\repository\jakarta\transaction\jakarta.transaction-api\2.0.1\jakarta.transaction-api-2.0.1.jar;C:\Users\disas\.m2\repository\org\jboss\logging\jboss-logging\3.6.1.Final\jboss-logging-3.6.1.Final.jar;C:\Users\disas\.m2\repository\org\hibernate\common\hibernate-commons-annotations\7.0.3.Final\hibernate-commons-annotations-7.0.3.Final.jar;C:\Users\disas\.m2\repository\io\smallrye\jandex\3.2.0\jandex-3.2.0.jar;C:\Users\disas\.m2\repository\com\fasterxml\classmate\1.7.0\classmate-1.7.0.jar;C:\Users\disas\.m2\repository\net\bytebuddy\byte-buddy\1.15.11\byte-buddy-1.15.11.jar;C:\Users\disas\.m2\repository\org\glassfish\jaxb\jaxb-runtime\4.0.5\jaxb-runtime-4.0.5.jar;C:\Users\disas\.m2\repository\org\glassfish\jaxb\jaxb-core\4.0.5\jaxb-core-4.0.5.jar;C:\Users\disas\.m2\repository\org\eclipse\angus\angus-activation\2.0.2\angus-activation-2.0.2.jar;C:\Users\disas\.m2\repository\org\glassfish\jaxb\txw2\4.0.5\txw2-4.0.5.jar;C:\Users\disas\.m2\repository\com\sun\istack\istack-commons-runtime\4.1.2\istack-commons-runtime-4.1.2.jar;C:\Users\disas\.m2\repository\jakarta\inject\jakarta.inject-api\2.0.1\jakarta.inject-api-2.0.1.jar;C:\Users\disas\.m2\repository\org\antlr\antlr4-runtime\4.13.0\antlr4-runtime-4.13.0.jar;C:\Users\disas\.m2\repository\org\springframework\data\spring-data-jpa\3.4.7\spring-data-jpa-3.4.7.jar;C:\Users\disas\.m2\repository\org\springframework\data\spring-data-commons\3.4.7\spring-data-commons-3.4.7.jar;C:\Users\disas\.m2\repository\org\springframework\spring-orm\6.2.8\spring-orm-6.2.8.jar;C:\Users\disas\.m2\repository\org\springframework\spring-context\6.2.8\spring-context-6.2.8.jar;C:\Users\disas\.m2\repository\org\springframework\spring-aop\6.2.8\spring-aop-6.2.8.jar;C:\Users\disas\.m2\repository\org\springframework\spring-tx\6.2.8\spring-tx-6.2.8.jar;C:\Users\disas\.m2\repository\org\springframework\spring-beans\6.2.8\spring-beans-6.2.8.jar;C:\Users\disas\.m2\repository\org\springframework\spring-aspects\6.2.8\spring-aspects-6.2.8.jar;C:\Users\disas\.m2\repository\org\aspectj\aspectjweaver\1.9.24\aspectjweaver-1.9.24.jar;C:\Users\disas\.m2\repository\org\springframework\boot\spring-boot-starter-web\3.4.7\spring-boot-starter-web-3.4.7.jar;C:\Users\disas\.m2\repository\org\springframework\boot\spring-boot-starter-json\3.4.7\spring-boot-starter-json-3.4.7.jar;C:\Users\disas\.m2\repository\com\fasterxml\jackson\core\jackson-databind\2.18.4\jackson-databind-2.18.4.jar;C:\Users\disas\.m2\repository\com\fasterxml\jackson\core\jackson-annotations\2.18.4\jackson-annotations-2.18.4.jar;C:\Users\disas\.m2\repository\com\fasterxml\jackson\core\jackson-core\2.18.4.1\jackson-core-2.18.4.1.jar;C:\Users\disas\.m2\repository\com\fasterxml\jackson\datatype\jackson-datatype-jdk8\2.18.4\jackson-datatype-jdk8-2.18.4.jar;C:\Users\disas\.m2\repository\com\fasterxml\jackson\datatype\jackson-datatype-jsr310\2.18.4\jackson-datatype-jsr310-2.18.4.jar;C:\Users\disas\.m2\repository\com\fasterxml\jackson\module\jackson-module-parameter-names\2.18.4\jackson-module-parameter-names-2.18.4.jar;C:\Users\disas\.m2\repository\org\springframework\boot\spring-boot-starter-tomcat\3.4.7\spring-boot-starter-tomcat-3.4.7.jar;C:\Users\disas\.m2\repository\org\apache\tomcat\embed\tomcat-embed-core\10.1.42\tomcat-embed-core-10.1.42.jar;C:\Users\disas\.m2\repository\org\apache\tomcat\embed\tomcat-embed-el\10.1.42\tomcat-embed-el-10.1.42.jar;C:\Users\disas\.m2\repository\org\apache\tomcat\embed\tomcat-embed-websocket\10.1.42\tomcat-embed-websocket-10.1.42.jar;C:\Users\disas\.m2\repository\org\springframework\spring-web\6.2.8\spring-web-6.2.8.jar;C:\Users\disas\.m2\repository\io\micrometer\micrometer-observation\1.14.8\micrometer-observation-1.14.8.jar;C:\Users\disas\.m2\repository\io\micrometer\micrometer-commons\1.14.8\micrometer-commons-1.14.8.jar;C:\Users\disas\.m2\repository\org\springframework\spring-webmvc\6.2.8\spring-webmvc-6.2.8.jar;C:\Users\disas\.m2\repository\org\springframework\spring-expression\6.2.8\spring-expression-6.2.8.jar;C:\Users\disas\.m2\repository\org\springframework\cloud\spring-cloud-starter-openfeign\4.2.0\spring-cloud-starter-openfeign-4.2.0.jar;C:\Users\disas\.m2\repository\org\springframework\cloud\spring-cloud-starter\4.2.0\spring-cloud-starter-4.2.0.jar;C:\Users\disas\.m2\repository\org\springframework\cloud\spring-cloud-context\4.2.0\spring-cloud-context-4.2.0.jar;C:\Users\disas\.m2\repository\org\bouncycastle\bcprov-jdk18on\1.78.1\bcprov-jdk18on-1.78.1.jar;C:\Users\disas\.m2\repository\org\springframework\cloud\spring-cloud-openfeign-core\4.2.0\spring-cloud-openfeign-core-4.2.0.jar;C:\Users\disas\.m2\repository\io\github\openfeign\feign-form-spring\13.5\feign-form-spring-13.5.jar;C:\Users\disas\.m2\repository\io\github\openfeign\feign-form\13.5\feign-form-13.5.jar;C:\Users\disas\.m2\repository\commons-fileupload\commons-fileupload\1.5\commons-fileupload-1.5.jar;C:\Users\disas\.m2\repository\commons-io\commons-io\2.11.0\commons-io-2.11.0.jar;C:\Users\disas\.m2\repository\org\springframework\cloud\spring-cloud-commons\4.2.0\spring-cloud-commons-4.2.0.jar;C:\Users\disas\.m2\repository\org\springframework\security\spring-security-crypto\6.4.7\spring-security-crypto-6.4.7.jar;C:\Users\disas\.m2\repository\io\github\openfeign\feign-core\13.5\feign-core-13.5.jar;C:\Users\disas\.m2\repository\io\github\openfeign\feign-slf4j\13.5\feign-slf4j-13.5.jar;C:\Users\disas\.m2\repository\com\oracle\database\jdbc\ojdbc11\23.5.0.24.07\ojdbc11-23.5.0.24.07.jar;C:\Users\disas\.m2\repository\org\apache\httpcomponents\client5\httpclient5\5.4.4\httpclient5-5.4.4.jar;C:\Users\disas\.m2\repository\org\apache\httpcomponents\core5\httpcore5\5.3.4\httpcore5-5.3.4.jar;C:\Users\disas\.m2\repository\org\apache\httpcomponents\core5\httpcore5-h2\5.3.4\httpcore5-h2-5.3.4.jar;C:\Users\disas\.m2\repository\org\slf4j\slf4j-api\2.0.17\slf4j-api-2.0.17.jar;C:\Users\disas\.m2\repository\com\oracle\database\jdbc\ojdbc8\23.5.0.24.07\ojdbc8-23.5.0.24.07.jar;C:\Users\disas\.m2\repository\com\oracle\database\security\oraclepki\23.5.0.24.07\oraclepki-23.5.0.24.07.jar;C:\Users\disas\.m2\repository\com\oracle\database\security\osdt_core\19.8.0.0\osdt_core-19.8.0.0.jar;C:\Users\disas\.m2\repository\com\oracle\database\security\osdt_cert\19.8.0.0\osdt_cert-19.8.0.0.jar;C:\Users\disas\.m2\repository\org\projectlombok\lombok\1.18.38\lombok-1.18.38.jar;C:\Users\disas\.m2\repository\org\springframework\boot\spring-boot-starter-test\3.4.7\spring-boot-starter-test-3.4.7.jar;C:\Users\disas\.m2\repository\org\springframework\boot\spring-boot-test\3.4.7\spring-boot-test-3.4.7.jar;C:\Users\disas\.m2\repository\org\springframework\boot\spring-boot-test-autoconfigure\3.4.7\spring-boot-test-autoconfigure-3.4.7.jar;C:\Users\disas\.m2\repository\com\jayway\jsonpath\json-path\2.9.0\json-path-2.9.0.jar;C:\Users\disas\.m2\repository\jakarta\xml\bind\jakarta.xml.bind-api\4.0.2\jakarta.xml.bind-api-4.0.2.jar;C:\Users\disas\.m2\repository\jakarta\activation\jakarta.activation-api\2.1.3\jakarta.activation-api-2.1.3.jar;C:\Users\disas\.m2\repository\net\minidev\json-smart\2.5.2\json-smart-2.5.2.jar;C:\Users\disas\.m2\repository\net\minidev\accessors-smart\2.5.2\accessors-smart-2.5.2.jar;C:\Users\disas\.m2\repository\org\ow2\asm\asm\9.7.1\asm-9.7.1.jar;C:\Users\disas\.m2\repository\org\assertj\assertj-core\3.26.3\assertj-core-3.26.3.jar;C:\Users\disas\.m2\repository\org\awaitility\awaitility\4.2.2\awaitility-4.2.2.jar;C:\Users\disas\.m2\repository\org\hamcrest\hamcrest\2.2\hamcrest-2.2.jar;C:\Users\disas\.m2\repository\org\junit\jupiter\junit-jupiter\5.11.4\junit-jupiter-5.11.4.jar;C:\Users\disas\.m2\repository\org\junit\jupiter\junit-jupiter-api\5.11.4\junit-jupiter-api-5.11.4.jar;C:\Users\disas\.m2\repository\org\opentest4j\opentest4j\1.3.0\opentest4j-1.3.0.jar;C:\Users\disas\.m2\repository\org\junit\platform\junit-platform-commons\1.11.4\junit-platform-commons-1.11.4.jar;C:\Users\disas\.m2\repository\org\apiguardian\apiguardian-api\1.1.2\apiguardian-api-1.1.2.jar;C:\Users\disas\.m2\repository\org\junit\jupiter\junit-jupiter-params\5.11.4\junit-jupiter-params-5.11.4.jar;C:\Users\disas\.m2\repository\org\junit\jupiter\junit-jupiter-engine\5.11.4\junit-jupiter-engine-5.11.4.jar;C:\Users\disas\.m2\repository\org\junit\platform\junit-platform-engine\1.11.4\junit-platform-engine-1.11.4.jar;C:\Users\disas\.m2\repository\org\mockito\mockito-core\5.14.2\mockito-core-5.14.2.jar;C:\Users\disas\.m2\repository\net\bytebuddy\byte-buddy-agent\1.15.11\byte-buddy-agent-1.15.11.jar;C:\Users\disas\.m2\repository\org\objenesis\objenesis\3.3\objenesis-3.3.jar;C:\Users\disas\.m2\repository\org\mockito\mockito-junit-jupiter\5.14.2\mockito-junit-jupiter-5.14.2.jar;C:\Users\disas\.m2\repository\org\skyscreamer\jsonassert\1.5.3\jsonassert-1.5.3.jar;C:\Users\disas\.m2\repository\com\vaadin\external\google\android-json\0.0.20131108.vaadin1\android-json-0.0.20131108.vaadin1.jar;C:\Users\disas\.m2\repository\org\springframework\spring-core\6.2.8\spring-core-6.2.8.jar;C:\Users\disas\.m2\repository\org\springframework\spring-jcl\6.2.8\spring-jcl-6.2.8.jar;C:\Users\disas\.m2\repository\org\springframework\spring-test\6.2.8\spring-test-6.2.8.jar;C:\Users\disas\.m2\repository\org\xmlunit\xmlunit-core\2.10.2\xmlunit-core-2.10.2.jar;C:\Users\disas\.m2\repository\org\springdoc\springdoc-openapi-starter-webmvc-ui\2.8.5\springdoc-openapi-starter-webmvc-ui-2.8.5.jar;C:\Users\disas\.m2\repository\org\springdoc\springdoc-openapi-starter-webmvc-api\2.8.5\springdoc-openapi-starter-webmvc-api-2.8.5.jar;C:\Users\disas\.m2\repository\org\springdoc\springdoc-openapi-starter-common\2.8.5\springdoc-openapi-starter-common-2.8.5.jar;C:\Users\disas\.m2\repository\io\swagger\core\v3\swagger-core-jakarta\2.2.28\swagger-core-jakarta-2.2.28.jar;C:\Users\disas\.m2\repository\org\apache\commons\commons-lang3\3.17.0\commons-lang3-3.17.0.jar;C:\Users\disas\.m2\repository\io\swagger\core\v3\swagger-annotations-jakarta\2.2.28\swagger-annotations-jakarta-2.2.28.jar;C:\Users\disas\.m2\repository\io\swagger\core\v3\swagger-models-jakarta\2.2.28\swagger-models-jakarta-2.2.28.jar;C:\Users\disas\.m2\repository\jakarta\validation\jakarta.validation-api\3.0.2\jakarta.validation-api-3.0.2.jar;C:\Users\disas\.m2\repository\com\fasterxml\jackson\dataformat\jackson-dataformat-yaml\2.18.4\jackson-dataformat-yaml-2.18.4.jar;C:\Users\disas\.m2\repository\org\webjars\swagger-ui\5.18.3\swagger-ui-5.18.3.jar;C:\Users\disas\.m2\repository\org\webjars\webjars-locator-lite\1.0.1\webjars-locator-lite-1.0.1.jar;C:\Users\disas\.m2\repository\org\jspecify\jspecify\1.0.0\jspecify-1.0.0.jar;C:\Users\disas\.m2\repository\org\springdoc\springdoc-openapi-starter-webflux-ui\2.8.5\springdoc-openapi-starter-webflux-ui-2.8.5.jar;C:\Users\disas\.m2\repository\org\springdoc\springdoc-openapi-starter-webflux-api\2.8.5\springdoc-openapi-starter-webflux-api-2.8.5.jar;C:\Users\disas\.m2\repository\org\springframework\spring-webflux\6.2.8\spring-webflux-6.2.8.jar;C:\Users\disas\.m2\repository\io\projectreactor\reactor-core\3.7.7\reactor-core-3.7.7.jar;C:\Users\disas\.m2\repository\org\reactivestreams\reactive-streams\1.0.4\reactive-streams-1.0.4.jar;C:\Users\disas\.m2\repository\com\h2database\h2\2.3.232\h2-2.3.232.jar;, sun.cpu.endian=little, hibernate.cdi.extensions=true, user.home=C:\Users\disas, user.language=es, java.specification.vendor=Oracle Corporation, java.version.date=2024-07-16, java.home=C:\Program Files\Java\jdk-17, file.separator=\, basedir=C:\Users\disas\OneDrive\Escritorio\Producto-ms\producto-hw, java.vm.compressedOopsMode=Zero based, line.separator=
, hibernate.persistenceUnitName=default, java.vm.specification.vendor=Oracle Corporation, java.specification.name=Java Platform API Specification, FILE_LOG_CHARSET=windows-1252, hibernate.transaction.coordinator_class=class org.hibernate.resource.transaction.backend.jdbc.internal.JdbcResourceLocalTransactionCoordinatorBuilderImpl, java.awt.headless=true, surefire.real.class.path=C:\Users\disas\AppData\Local\Temp\surefire4313697664341406881\surefirebooter-20250626212301399_3.jar, jakarta.persistence.validation.mode=AUTO, hibernate.hbm2ddl.auto=create-drop, user.script=, sun.management.compiler=HotSpot 64-Bit Tiered Compilers, java.runtime.version=17.0.12+8-LTS-286, user.name=disas, path.separator=;, os.version=10.0, java.runtime.name=Java(TM) SE Runtime Environment, file.encoding=Cp1252, java.vm.name=Java HotSpot(TM) 64-Bit Server VM, hibernate.show_sql=true, maven.ext.class.path=C:\Users\disas\.vscode\extensions\oracle.oracle-java-24.0.0\nbcode\java\maven-nblib\netbeans-eventspy.jar, localRepository=C:\Users\disas\.m2\repository, java.vendor.url.bug=https://bugreport.java.com/bugreport/, java.io.tmpdir=C:\Users\disas\AppData\Local\Temp\, java.version=17.0.12, hibernate.physical_naming_strategy=org.hibernate.boot.model.naming.CamelCaseToUnderscoresNamingStrategy, user.dir=C:\Users\disas\OneDrive\Escritorio\Producto-ms\producto-hw, os.arch=amd64, java.vm.specification.name=Java Virtual Machine Specification, PID=13092, sun.os.patch.level=, CONSOLE_LOG_CHARSET=windows-1252, hibernate.boot.CfgXmlAccessService.key=org.hibernate.boot.registry.StandardServiceRegistryBuilder$1@1c8f71a7, native.encoding=Cp1252, java.library.path=C:\Program Files\Java\jdk-17\bin;C:\WINDOWS\Sun\Java\bin;C:\WINDOWS\system32;C:\WINDOWS;C:\WINDOWS\system32;C:\WINDOWS;C:\WINDOWS\System32\Wbem;C:\WINDOWS\System32\WindowsPowerShell\v1.0\;C:\WINDOWS\System32\OpenSSH\;C:\Program Files\Java\jdk-17\bin;C:\Users\disas\AppData\Local\Microsoft\WindowsApps;C:\Users\disas\AppData\Local\Programs\Microsoft VS Code\bin;., java.vendor=Oracle Corporation, java.vm.info=mixed mode, sharing, java.vm.version=17.0.12+8-LTS-286, sun.io.unicode.encoding=UnicodeLittle, hibernate.archive.scanner=org.hibernate.boot.archive.scan.internal.DisabledScanner, hibernate.connection.datasource=org.springframework.jdbc.datasource.embedded.EmbeddedDatabaseFactory$EmbeddedDataSourceProxy@33bb3f86, java.class.version=61.0, LOGGED_APPLICATION_NAME=[productos] }
2025-06-26T21:23:07.620-04:00 DEBUG 13092 --- [productos] [           main] o.hibernate.internal.SessionFactoryImpl  : Session factory constructed with filter configurations : {}
2025-06-26T21:23:07.635-04:00 DEBUG 13092 --- [productos] [           main] o.h.b.beanvalidation.TypeSafeActivator   : Unable to acquire Bean Validation ValidatorFactory, skipping activation
2025-06-26T21:23:07.762-04:00 DEBUG 13092 --- [productos] [           main] o.h.q.sqm.function.SqmFunctionRegistry   : Registered SqmFunctionTemplate [NamedSqmFunctionTemplate(max)] under max; prior registration was null
2025-06-26T21:23:07.762-04:00 DEBUG 13092 --- [productos] [           main] o.h.q.sqm.function.SqmFunctionRegistry   : Registered SqmFunctionTemplate [NamedSqmFunctionTemplate(min)] under min; prior registration was null
2025-06-26T21:23:07.763-04:00 DEBUG 13092 --- [productos] [           main] o.h.q.sqm.function.SqmFunctionRegistry   : Registered SqmFunctionTemplate [NamedSqmFunctionTemplate(sum)] under sum; prior registration was null
2025-06-26T21:23:07.765-04:00 DEBUG 13092 --- [productos] [           main] o.h.q.sqm.function.SqmFunctionRegistry   : Registered SqmFunctionTemplate [NamedSqmFunctionTemplate(avg)] under avg; prior registration was null
2025-06-26T21:23:07.767-04:00 DEBUG 13092 --- [productos] [           main] o.h.q.sqm.function.SqmFunctionRegistry   : Registered SqmFunctionTemplate [org.hibernate.dialect.function.CountFunction@58021c3c] under count; prior registration was null
2025-06-26T21:23:07.768-04:00 DEBUG 13092 --- [productos] [           main] o.h.q.sqm.function.SqmFunctionRegistry   : Registered SqmFunctionTemplate [org.hibernate.dialect.function.EveryAnyEmulation@65ef9a0a] under every; prior registration was null
2025-06-26T21:23:07.769-04:00 DEBUG 13092 --- [productos] [           main] o.h.q.sqm.function.SqmFunctionRegistry   : Registered SqmFunctionTemplate [org.hibernate.dialect.function.EveryAnyEmulation@25216999] under any; prior registration was null
2025-06-26T21:23:07.769-04:00 DEBUG 13092 --- [productos] [           main] o.h.q.sqm.function.SqmFunctionRegistry   : Registered SqmFunctionTemplate [NamedSqmFunctionTemplate(floor)] under floor; prior registration was null
2025-06-26T21:23:07.772-04:00 DEBUG 13092 --- [productos] [           main] o.h.q.sqm.function.SqmFunctionRegistry   : Registered SqmFunctionTemplate [NamedSqmFunctionTemplate(ceiling)] under ceiling; prior registration was null
2025-06-26T21:23:07.772-04:00 DEBUG 13092 --- [productos] [           main] o.h.q.sqm.function.SqmFunctionRegistry   : Registered SqmFunctionTemplate [NamedSqmFunctionTemplate(mod)] under mod; prior registration was null
2025-06-26T21:23:07.772-04:00 DEBUG 13092 --- [productos] [           main] o.h.q.sqm.function.SqmFunctionRegistry   : Registered SqmFunctionTemplate [NamedSqmFunctionTemplate(abs)] under abs; prior registration was null
2025-06-26T21:23:07.773-04:00 DEBUG 13092 --- [productos] [           main] o.h.q.sqm.function.SqmFunctionRegistry   : Registered SqmFunctionTemplate [NamedSqmFunctionTemplate(sign)] under sign; prior registration was null
2025-06-26T21:23:07.773-04:00 DEBUG 13092 --- [productos] [           main] o.h.q.sqm.function.SqmFunctionRegistry   : Registered SqmFunctionTemplate [NamedSqmFunctionTemplate(sqrt)] under sqrt; prior registration was null
2025-06-26T21:23:07.774-04:00 DEBUG 13092 --- [productos] [           main] o.h.q.sqm.function.SqmFunctionRegistry   : Registered SqmFunctionTemplate [NamedSqmFunctionTemplate(ln)] under ln; prior registration was null
2025-06-26T21:23:07.775-04:00 DEBUG 13092 --- [productos] [           main] o.h.q.sqm.function.SqmFunctionRegistry   : Registered SqmFunctionTemplate [NamedSqmFunctionTemplate(exp)] under exp; prior registration was null
2025-06-26T21:23:07.775-04:00 DEBUG 13092 --- [productos] [           main] o.h.q.sqm.function.SqmFunctionRegistry   : Registered SqmFunctionTemplate [NamedSqmFunctionTemplate(power)] under power; prior registration was null
2025-06-26T21:23:07.776-04:00 DEBUG 13092 --- [productos] [           main] o.h.q.sqm.function.SqmFunctionRegistry   : Registered SqmFunctionTemplate [NamedSqmFunctionTemplate(round)] under round; prior registration was null
2025-06-26T21:23:07.776-04:00 DEBUG 13092 --- [productos] [           main] o.h.q.sqm.function.SqmFunctionRegistry   : Registered SqmFunctionTemplate [NamedSqmFunctionTemplate(sin)] under sin; prior registration was null
2025-06-26T21:23:07.776-04:00 DEBUG 13092 --- [productos] [           main] o.h.q.sqm.function.SqmFunctionRegistry   : Registered SqmFunctionTemplate [NamedSqmFunctionTemplate(cos)] under cos; prior registration was null
2025-06-26T21:23:07.777-04:00 DEBUG 13092 --- [productos] [           main] o.h.q.sqm.function.SqmFunctionRegistry   : Registered SqmFunctionTemplate [NamedSqmFunctionTemplate(tan)] under tan; prior registration was null
2025-06-26T21:23:07.777-04:00 DEBUG 13092 --- [productos] [           main] o.h.q.sqm.function.SqmFunctionRegistry   : Registered SqmFunctionTemplate [NamedSqmFunctionTemplate(asin)] under asin; prior registration was null
2025-06-26T21:23:07.777-04:00 DEBUG 13092 --- [productos] [           main] o.h.q.sqm.function.SqmFunctionRegistry   : Registered SqmFunctionTemplate [NamedSqmFunctionTemplate(acos)] under acos; prior registration was null
2025-06-26T21:23:07.777-04:00 DEBUG 13092 --- [productos] [           main] o.h.q.sqm.function.SqmFunctionRegistry   : Registered SqmFunctionTemplate [NamedSqmFunctionTemplate(atan)] under atan; prior registration was null
2025-06-26T21:23:07.777-04:00 DEBUG 13092 --- [productos] [           main] o.h.q.sqm.function.SqmFunctionRegistry   : Registered SqmFunctionTemplate [NamedSqmFunctionTemplate(atan2)] under atan2; prior registration was null
2025-06-26T21:23:07.780-04:00 DEBUG 13092 --- [productos] [           main] o.h.q.sqm.function.SqmFunctionRegistry   : Registered SqmFunctionTemplate [org.hibernate.query.sqm.function.PatternBasedSqmFunctionDescriptor@3ca278bc] under sinh; prior registration was null
2025-06-26T21:23:07.780-04:00 DEBUG 13092 --- [productos] [           main] o.h.q.sqm.function.SqmFunctionRegistry   : Registered SqmFunctionTemplate [org.hibernate.query.sqm.function.PatternBasedSqmFunctionDescriptor@283e1759] under cosh; prior registration was null
2025-06-26T21:23:07.780-04:00 DEBUG 13092 --- [productos] [           main] o.h.q.sqm.function.SqmFunctionRegistry   : Registered SqmFunctionTemplate [org.hibernate.query.sqm.function.PatternBasedSqmFunctionDescriptor@2acb1264] under tanh; prior registration was null
2025-06-26T21:23:07.781-04:00 DEBUG 13092 --- [productos] [           main] o.h.q.sqm.function.SqmFunctionRegistry   : Registered SqmFunctionTemplate [org.hibernate.query.sqm.function.PatternBasedSqmFunctionDescriptor@30a01dd8] under pi; prior registration was null
2025-06-26T21:23:07.781-04:00 DEBUG 13092 --- [productos] [           main] o.h.q.sqm.function.SqmFunctionRegistry   : Registered SqmFunctionTemplate [org.hibernate.query.sqm.function.PatternBasedSqmFunctionDescriptor@1f68e4e8] under log; prior registration was null
2025-06-26T21:23:07.781-04:00 DEBUG 13092 --- [productos] [           main] o.h.q.sqm.function.SqmFunctionRegistry   : Registered SqmFunctionTemplate [NamedSqmFunctionTemplate(coalesce)] under coalesce; prior registration was null
2025-06-26T21:23:07.782-04:00 DEBUG 13092 --- [productos] [           main] o.h.q.sqm.function.SqmFunctionRegistry   : Registered SqmFunctionTemplate [NamedSqmFunctionTemplate(nullif)] under nullif; prior registration was null
2025-06-26T21:23:07.782-04:00 DEBUG 13092 --- [productos] [           main] o.h.q.sqm.function.SqmFunctionRegistry   : Registered SqmFunctionTemplate [NamedSqmFunctionTemplate(left)] under left; prior registration was null
2025-06-26T21:23:07.782-04:00 DEBUG 13092 --- [productos] [           main] o.h.q.sqm.function.SqmFunctionRegistry   : Registered SqmFunctionTemplate [NamedSqmFunctionTemplate(right)] under right; prior registration was null
2025-06-26T21:23:07.782-04:00 DEBUG 13092 --- [productos] [           main] o.h.q.sqm.function.SqmFunctionRegistry   : Registered SqmFunctionTemplate [NamedSqmFunctionTemplate(replace)] under replace; prior registration was null
2025-06-26T21:23:07.783-04:00 DEBUG 13092 --- [productos] [           main] o.h.q.sqm.function.SqmFunctionRegistry   : Registered SqmFunctionTemplate [NamedSqmFunctionTemplate(concat)] under concat; prior registration was null
2025-06-26T21:23:07.783-04:00 DEBUG 13092 --- [productos] [           main] o.h.q.sqm.function.SqmFunctionRegistry   : Registered SqmFunctionTemplate [NamedSqmFunctionTemplate(lower)] under lower; prior registration was null
2025-06-26T21:23:07.783-04:00 DEBUG 13092 --- [productos] [           main] o.h.q.sqm.function.SqmFunctionRegistry   : Registered SqmFunctionTemplate [NamedSqmFunctionTemplate(upper)] under upper; prior registration was null
2025-06-26T21:23:07.783-04:00 DEBUG 13092 --- [productos] [           main] o.h.q.sqm.function.SqmFunctionRegistry   : Registered SqmFunctionTemplate [NamedSqmFunctionTemplate(substring)] under substring; prior registration was null
2025-06-26T21:23:07.783-04:00 DEBUG 13092 --- [productos] [           main] o.h.q.sqm.function.SqmFunctionRegistry   : Registered SqmFunctionTemplate [NamedSqmFunctionTemplate(locate)] under locate; prior registration was null
2025-06-26T21:23:07.783-04:00 DEBUG 13092 --- [productos] [           main] o.h.q.sqm.function.SqmFunctionRegistry   : Registered SqmFunctionTemplate [NamedSqmFunctionTemplate(character_length)] under character_length; prior registration was null
2025-06-26T21:23:07.783-04:00 DEBUG 13092 --- [productos] [           main] o.h.q.sqm.function.SqmFunctionRegistry   : Registering alternate key : length -> character_length
2025-06-26T21:23:07.784-04:00 DEBUG 13092 --- [productos] [           main] o.h.q.sqm.function.SqmFunctionRegistry   : Registered SqmFunctionTemplate [org.hibernate.dialect.function.LocatePositionEmulation@39b85a73] under position; prior registration was null
2025-06-26T21:23:07.785-04:00 DEBUG 13092 --- [productos] [           main] o.h.q.sqm.function.SqmFunctionRegistry   : Registered SqmFunctionTemplate [org.hibernate.dialect.function.InsertSubstringOverlayEmulation@1b19712f] under overlay; prior registration was null
2025-06-26T21:23:07.787-04:00 DEBUG 13092 --- [productos] [           main] o.h.q.sqm.function.SqmFunctionRegistry   : Registered SqmFunctionTemplate [org.hibernate.dialect.function.TrimFunction@7fcc3745] under trim; prior registration was null
2025-06-26T21:23:07.789-04:00 DEBUG 13092 --- [productos] [           main] o.h.q.sqm.function.SqmFunctionRegistry   : Registered SqmFunctionTemplate [org.hibernate.dialect.function.CastFunction@459d2ee6] under cast; prior registration was null
2025-06-26T21:23:07.789-04:00 DEBUG 13092 --- [productos] [           main] o.h.q.sqm.function.SqmFunctionRegistry   : Registered SqmFunctionTemplate [org.hibernate.query.sqm.function.PatternBasedSqmFunctionDescriptor@5342eec5] under collate; prior registration was null
2025-06-26T21:23:07.790-04:00 DEBUG 13092 --- [productos] [           main] o.h.q.sqm.function.SqmFunctionRegistry   : Registered SqmFunctionTemplate [org.hibernate.dialect.function.ExtractFunction@4eac65db] under extract; prior registration was null
2025-06-26T21:23:07.791-04:00 DEBUG 13092 --- [productos] [           main] o.h.q.sqm.function.SqmFunctionRegistry   : Registered SqmFunctionTemplate [NamedSqmFunctionTemplate(least)] under least; prior registration was null
2025-06-26T21:23:07.791-04:00 DEBUG 13092 --- [productos] [           main] o.h.q.sqm.function.SqmFunctionRegistry   : Registered SqmFunctionTemplate [NamedSqmFunctionTemplate(greatest)] under greatest; prior registration was null
2025-06-26T21:23:07.791-04:00 DEBUG 13092 --- [productos] [           main] o.h.q.sqm.function.SqmFunctionRegistry   : Registered SqmFunctionTemplate [org.hibernate.dialect.function.CoalesceIfnullEmulation@3b2db389] under ifnull; prior registration was null
2025-06-26T21:23:07.792-04:00 DEBUG 13092 --- [productos] [           main] o.h.q.sqm.function.SqmFunctionRegistry   : Registered SqmFunctionTemplate [NamedSqmFunctionTemplate(lpad)] under lpad; prior registration was null
2025-06-26T21:23:07.792-04:00 DEBUG 13092 --- [productos] [           main] o.h.q.sqm.function.SqmFunctionRegistry   : Registered SqmFunctionTemplate [NamedSqmFunctionTemplate(rpad)] under rpad; prior registration was null
2025-06-26T21:23:07.792-04:00 DEBUG 13092 --- [productos] [           main] o.h.q.sqm.function.SqmFunctionRegistry   : Registered SqmFunctionTemplate [org.hibernate.dialect.function.LpadRpadPadEmulation@4e85dcb2] under pad; prior registration was null
2025-06-26T21:23:07.793-04:00 DEBUG 13092 --- [productos] [           main] o.h.q.sqm.function.SqmFunctionRegistry   : Registered SqmFunctionTemplate [org.hibernate.dialect.function.CastStrEmulation@6bfdaa7a] under str; prior registration was null
2025-06-26T21:23:07.795-04:00 DEBUG 13092 --- [productos] [           main] o.h.q.sqm.function.SqmFunctionRegistry   : Registered SqmFunctionTemplate [org.hibernate.dialect.function.FormatFunction@23d0944b] under format; prior registration was null
2025-06-26T21:23:07.796-04:00 DEBUG 13092 --- [productos] [           main] o.h.q.sqm.function.SqmFunctionRegistry   : Registered SqmFunctionTemplate [org.hibernate.dialect.function.TimestampaddFunction@4ac19bc6] under timestampadd; prior registration was null
2025-06-26T21:23:07.797-04:00 DEBUG 13092 --- [productos] [           main] o.h.q.sqm.function.SqmFunctionRegistry   : Registered SqmFunctionTemplate [org.hibernate.dialect.function.TimestampdiffFunction@6475e778] under timestampdiff; prior registration was null
2025-06-26T21:23:07.798-04:00 DEBUG 13092 --- [productos] [           main] o.h.q.sqm.function.SqmFunctionRegistry   : Registering alternate key : dateadd -> timestampadd
2025-06-26T21:23:07.798-04:00 DEBUG 13092 --- [productos] [           main] o.h.q.sqm.function.SqmFunctionRegistry   : Registering alternate key : datediff -> timestampdiff
2025-06-26T21:23:07.798-04:00 DEBUG 13092 --- [productos] [           main] o.h.q.sqm.function.SqmFunctionRegistry   : Registered SqmFunctionTemplate [org.hibernate.dialect.function.CurrentFunction@3caa4d85] under current_date; prior registration was null
2025-06-26T21:23:07.798-04:00 DEBUG 13092 --- [productos] [           main] o.h.q.sqm.function.SqmFunctionRegistry   : Registered SqmFunctionTemplate [org.hibernate.dialect.function.CurrentFunction@356fa0d1] under current_time; prior registration was null
2025-06-26T21:23:07.799-04:00 DEBUG 13092 --- [productos] [           main] o.h.q.sqm.function.SqmFunctionRegistry   : Registered SqmFunctionTemplate [org.hibernate.dialect.function.CurrentFunction@51508029] under current_timestamp; prior registration was null
2025-06-26T21:23:07.799-04:00 DEBUG 13092 --- [productos] [           main] o.h.q.sqm.function.SqmFunctionRegistry   : Registering alternate key : current date -> current_date
2025-06-26T21:23:07.799-04:00 DEBUG 13092 --- [productos] [           main] o.h.q.sqm.function.SqmFunctionRegistry   : Registering alternate key : current time -> current_time
2025-06-26T21:23:07.799-04:00 DEBUG 13092 --- [productos] [           main] o.h.q.sqm.function.SqmFunctionRegistry   : Registering alternate key : current timestamp -> current_timestamp
2025-06-26T21:23:07.799-04:00 DEBUG 13092 --- [productos] [           main] o.h.q.sqm.function.SqmFunctionRegistry   : Registered SqmFunctionTemplate [org.hibernate.dialect.function.CurrentFunction@5f20b6fe] under local_date; prior registration was null
2025-06-26T21:23:07.799-04:00 DEBUG 13092 --- [productos] [           main] o.h.q.sqm.function.SqmFunctionRegistry   : Registered SqmFunctionTemplate [org.hibernate.dialect.function.CurrentFunction@31880efa] under local_time; prior registration was null
2025-06-26T21:23:07.799-04:00 DEBUG 13092 --- [productos] [           main] o.h.q.sqm.function.SqmFunctionRegistry   : Registered SqmFunctionTemplate [org.hibernate.dialect.function.CurrentFunction@79295932] under local_datetime; prior registration was null
2025-06-26T21:23:07.799-04:00 DEBUG 13092 --- [productos] [           main] o.h.q.sqm.function.SqmFunctionRegistry   : Registered SqmFunctionTemplate [org.hibernate.dialect.function.CurrentFunction@2cadcff6] under offset_datetime; prior registration was null
2025-06-26T21:23:07.799-04:00 DEBUG 13092 --- [productos] [           main] o.h.q.sqm.function.SqmFunctionRegistry   : Registering alternate key : local date -> local_date
2025-06-26T21:23:07.799-04:00 DEBUG 13092 --- [productos] [           main] o.h.q.sqm.function.SqmFunctionRegistry   : Registering alternate key : local time -> local_time
2025-06-26T21:23:07.799-04:00 DEBUG 13092 --- [productos] [           main] o.h.q.sqm.function.SqmFunctionRegistry   : Registering alternate key : local datetime -> local_datetime
2025-06-26T21:23:07.799-04:00 DEBUG 13092 --- [productos] [           main] o.h.q.sqm.function.SqmFunctionRegistry   : Registering alternate key : offset datetime -> offset_datetime
2025-06-26T21:23:07.799-04:00 DEBUG 13092 --- [productos] [           main] o.h.q.sqm.function.SqmFunctionRegistry   : Registered SqmFunctionTemplate [org.hibernate.dialect.function.CurrentFunction@76e00bdb] under instant; prior registration was null
2025-06-26T21:23:07.799-04:00 DEBUG 13092 --- [productos] [           main] o.h.q.sqm.function.SqmFunctionRegistry   : Registering alternate key : current_instant -> instant
2025-06-26T21:23:07.800-04:00 DEBUG 13092 --- [productos] [           main] o.h.q.sqm.function.SqmFunctionRegistry   : Registered SqmFunctionTemplate [org.hibernate.dialect.function.SqlFunction@e5c5e6] under sql; prior registration was null
2025-06-26T21:23:07.800-04:00 DEBUG 13092 --- [productos] [           main] o.h.q.sqm.function.SqmFunctionRegistry   : Registered SqmFunctionTemplate [NamedSqmFunctionTemplate(max)] under max; prior registration was NamedSqmFunctionTemplate(max)
2025-06-26T21:23:07.800-04:00 DEBUG 13092 --- [productos] [           main] o.h.q.sqm.function.SqmFunctionRegistry   : Registered SqmFunctionTemplate [NamedSqmFunctionTemplate(min)] under min; prior registration was NamedSqmFunctionTemplate(min)
2025-06-26T21:23:07.800-04:00 DEBUG 13092 --- [productos] [           main] o.h.q.sqm.function.SqmFunctionRegistry   : Registered SqmFunctionTemplate [NamedSqmFunctionTemplate(sum)] under sum; prior registration was NamedSqmFunctionTemplate(sum)
2025-06-26T21:23:07.800-04:00 DEBUG 13092 --- [productos] [           main] o.h.q.sqm.function.SqmFunctionRegistry   : Registered SqmFunctionTemplate [NamedSqmFunctionTemplate(avg)] under avg; prior registration was NamedSqmFunctionTemplate(avg)
2025-06-26T21:23:07.800-04:00 DEBUG 13092 --- [productos] [           main] o.h.q.sqm.function.SqmFunctionRegistry   : Registered SqmFunctionTemplate [org.hibernate.dialect.function.CountFunction@76dc36e5] under count; prior registration was org.hibernate.dialect.function.CountFunction@58021c3c
2025-06-26T21:23:07.801-04:00 DEBUG 13092 --- [productos] [           main] o.h.q.sqm.function.SqmFunctionRegistry   : Registered SqmFunctionTemplate [org.hibernate.dialect.function.AvgFunction@8cb7185] under avg; prior registration was NamedSqmFunctionTemplate(avg)
2025-06-26T21:23:07.801-04:00 DEBUG 13092 --- [productos] [           main] o.h.q.sqm.function.SqmFunctionRegistry   : Registered SqmFunctionTemplate [NamedSqmFunctionTemplate(pi)] under pi; prior registration was org.hibernate.query.sqm.function.PatternBasedSqmFunctionDescriptor@30a01dd8
2025-06-26T21:23:07.802-04:00 DEBUG 13092 --- [productos] [           main] o.h.q.sqm.function.SqmFunctionRegistry   : Registered SqmFunctionTemplate [NamedSqmFunctionTemplate(cot)] under cot; prior registration was null
2025-06-26T21:23:07.802-04:00 DEBUG 13092 --- [productos] [           main] o.h.q.sqm.function.SqmFunctionRegistry   : Registered SqmFunctionTemplate [NamedSqmFunctionTemplate(radians)] under radians; prior registration was null
2025-06-26T21:23:07.802-04:00 DEBUG 13092 --- [productos] [           main] o.h.q.sqm.function.SqmFunctionRegistry   : Registered SqmFunctionTemplate [NamedSqmFunctionTemplate(degrees)] under degrees; prior registration was null
2025-06-26T21:23:07.802-04:00 DEBUG 13092 --- [productos] [           main] o.h.q.sqm.function.SqmFunctionRegistry   : Registered SqmFunctionTemplate [NamedSqmFunctionTemplate(log10)] under log10; prior registration was null
2025-06-26T21:23:07.802-04:00 DEBUG 13092 --- [productos] [           main] o.h.q.sqm.function.SqmFunctionRegistry   : Registered SqmFunctionTemplate [org.hibernate.query.sqm.function.PatternBasedSqmFunctionDescriptor@4dac40b] under mod; prior registration was NamedSqmFunctionTemplate(mod)
2025-06-26T21:23:07.802-04:00 DEBUG 13092 --- [productos] [           main] o.h.q.sqm.function.SqmFunctionRegistry   : Registered SqmFunctionTemplate [NamedSqmFunctionTemplate(rand)] under rand; prior registration was null
2025-06-26T21:23:07.802-04:00 DEBUG 13092 --- [productos] [           main] o.h.q.sqm.function.SqmFunctionRegistry   : Registered SqmFunctionTemplate [NamedSqmFunctionTemplate(soundex)] under soundex; prior registration was null
2025-06-26T21:23:07.802-04:00 DEBUG 13092 --- [productos] [           main] o.h.q.sqm.function.SqmFunctionRegistry   : Registered SqmFunctionTemplate [NamedSqmFunctionTemplate(translate)] under translate; prior registration was null
2025-06-26T21:23:07.802-04:00 DEBUG 13092 --- [productos] [           main] o.h.q.sqm.function.SqmFunctionRegistry   : Registered SqmFunctionTemplate [NamedSqmFunctionTemplate(bitand)] under bitand; prior registration was null
2025-06-26T21:23:07.802-04:00 DEBUG 13092 --- [productos] [           main] o.h.q.sqm.function.SqmFunctionRegistry   : Registered SqmFunctionTemplate [NamedSqmFunctionTemplate(bitor)] under bitor; prior registration was null
2025-06-26T21:23:07.802-04:00 DEBUG 13092 --- [productos] [           main] o.h.q.sqm.function.SqmFunctionRegistry   : Registered SqmFunctionTemplate [NamedSqmFunctionTemplate(bitxor)] under bitxor; prior registration was null
2025-06-26T21:23:07.802-04:00 DEBUG 13092 --- [productos] [           main] o.h.q.sqm.function.SqmFunctionRegistry   : Registered SqmFunctionTemplate [NamedSqmFunctionTemplate(bitnot)] under bitnot; prior registration was null
2025-06-26T21:23:07.802-04:00 DEBUG 13092 --- [productos] [           main] o.h.q.sqm.function.SqmFunctionRegistry   : Registered SqmFunctionTemplate [NamedSqmFunctionTemplate(bit_and)] under bit_and; prior registration was null
2025-06-26T21:23:07.803-04:00 DEBUG 13092 --- [productos] [           main] o.h.q.sqm.function.SqmFunctionRegistry   : Registered SqmFunctionTemplate [NamedSqmFunctionTemplate(bit_or)] under bit_or; prior registration was null
2025-06-26T21:23:07.803-04:00 DEBUG 13092 --- [productos] [           main] o.h.q.sqm.function.SqmFunctionRegistry   : Registered SqmFunctionTemplate [NamedSqmFunctionTemplate(day)] under day; prior registration was null
2025-06-26T21:23:07.803-04:00 DEBUG 13092 --- [productos] [           main] o.h.q.sqm.function.SqmFunctionRegistry   : Registered SqmFunctionTemplate [NamedSqmFunctionTemplate(month)] under month; prior registration was null
2025-06-26T21:23:07.803-04:00 DEBUG 13092 --- [productos] [           main] o.h.q.sqm.function.SqmFunctionRegistry   : Registered SqmFunctionTemplate [NamedSqmFunctionTemplate(year)] under year; prior registration was null
2025-06-26T21:23:07.803-04:00 DEBUG 13092 --- [productos] [           main] o.h.q.sqm.function.SqmFunctionRegistry   : Registered SqmFunctionTemplate [NamedSqmFunctionTemplate(hour)] under hour; prior registration was null
2025-06-26T21:23:07.803-04:00 DEBUG 13092 --- [productos] [           main] o.h.q.sqm.function.SqmFunctionRegistry   : Registered SqmFunctionTemplate [NamedSqmFunctionTemplate(minute)] under minute; prior registration was null
2025-06-26T21:23:07.803-04:00 DEBUG 13092 --- [productos] [           main] o.h.q.sqm.function.SqmFunctionRegistry   : Registered SqmFunctionTemplate [NamedSqmFunctionTemplate(second)] under second; prior registration was null
2025-06-26T21:23:07.804-04:00 DEBUG 13092 --- [productos] [           main] o.h.q.sqm.function.SqmFunctionRegistry   : Registered SqmFunctionTemplate [NamedSqmFunctionTemplate(microsecond)] under microsecond; prior registration was null
2025-06-26T21:23:07.804-04:00 DEBUG 13092 --- [productos] [           main] o.h.q.sqm.function.SqmFunctionRegistry   : Registered SqmFunctionTemplate [NamedSqmFunctionTemplate(day_of_week)] under day_of_week; prior registration was null
2025-06-26T21:23:07.804-04:00 DEBUG 13092 --- [productos] [           main] o.h.q.sqm.function.SqmFunctionRegistry   : Registered SqmFunctionTemplate [NamedSqmFunctionTemplate(day_of_month)] under day_of_month; prior registration was null
2025-06-26T21:23:07.804-04:00 DEBUG 13092 --- [productos] [           main] o.h.q.sqm.function.SqmFunctionRegistry   : Registering alternate key : day -> day_of_month
2025-06-26T21:23:07.804-04:00 DEBUG 13092 --- [productos] [           main] o.h.q.sqm.function.SqmFunctionRegistry   : Registered SqmFunctionTemplate [NamedSqmFunctionTemplate(day_of_year)] under day_of_year; prior registration was null
2025-06-26T21:23:07.804-04:00 DEBUG 13092 --- [productos] [           main] o.h.q.sqm.function.SqmFunctionRegistry   : Registered SqmFunctionTemplate [NamedSqmFunctionTemplate(week)] under week; prior registration was null
2025-06-26T21:23:07.804-04:00 DEBUG 13092 --- [productos] [           main] o.h.q.sqm.function.SqmFunctionRegistry   : Registered SqmFunctionTemplate [NamedSqmFunctionTemplate(quarter)] under quarter; prior registration was null
2025-06-26T21:23:07.806-04:00 DEBUG 13092 --- [productos] [           main] o.h.q.sqm.function.SqmFunctionRegistry   : Registered SqmFunctionTemplate [NamedSqmFunctionTemplate(monthname)] under monthname; prior registration was null
2025-06-26T21:23:07.806-04:00 DEBUG 13092 --- [productos] [           main] o.h.q.sqm.function.SqmFunctionRegistry   : Registered SqmFunctionTemplate [NamedSqmFunctionTemplate(dayname)] under dayname; prior registration was null
2025-06-26T21:23:07.806-04:00 DEBUG 13092 --- [productos] [           main] o.h.q.sqm.function.SqmFunctionRegistry   : Registered SqmFunctionTemplate [NamedSqmFunctionTemplate(localtime)] under localtime; prior registration was null
2025-06-26T21:23:07.806-04:00 DEBUG 13092 --- [productos] [           main] o.h.q.sqm.function.SqmFunctionRegistry   : Registered SqmFunctionTemplate [NamedSqmFunctionTemplate(localtimestamp)] under localtimestamp; prior registration was null
2025-06-26T21:23:07.806-04:00 DEBUG 13092 --- [productos] [           main] o.h.q.sqm.function.SqmFunctionRegistry   : Registered SqmFunctionTemplate [NamedSqmFunctionTemplate(localtime)] under local_time; prior registration was org.hibernate.dialect.function.CurrentFunction@31880efa
2025-06-26T21:23:07.806-04:00 DEBUG 13092 --- [productos] [           main] o.h.q.sqm.function.SqmFunctionRegistry   : Registered SqmFunctionTemplate [NamedSqmFunctionTemplate(localtimestamp)] under local_datetime; prior registration was org.hibernate.dialect.function.CurrentFunction@79295932
2025-06-26T21:23:07.809-04:00 DEBUG 13092 --- [productos] [           main] o.h.q.sqm.function.SqmFunctionRegistry   : Registered SqmFunctionTemplate [org.hibernate.dialect.function.TruncFunction@bb50de6] under trunc; prior registration was null
2025-06-26T21:23:07.809-04:00 DEBUG 13092 --- [productos] [           main] o.h.q.sqm.function.SqmFunctionRegistry   : Registering alternate key : truncate -> trunc
2025-06-26T21:23:07.809-04:00 DEBUG 13092 --- [productos] [           main] o.h.q.sqm.function.SqmFunctionRegistry   : Registered SqmFunctionTemplate [org.hibernate.query.sqm.function.PatternBasedSqmFunctionDescriptor@2b6b487c] under date_trunc; prior registration was null
2025-06-26T21:23:07.809-04:00 DEBUG 13092 --- [productos] [           main] o.h.q.sqm.function.SqmFunctionRegistry   : Registered SqmFunctionTemplate [NamedSqmFunctionTemplate(bit_length)] under bit_length; prior registration was null
2025-06-26T21:23:07.809-04:00 DEBUG 13092 --- [productos] [           main] o.h.q.sqm.function.SqmFunctionRegistry   : Registered SqmFunctionTemplate [NamedSqmFunctionTemplate(octet_length)] under octet_length; prior registration was null
2025-06-26T21:23:07.809-04:00 DEBUG 13092 --- [productos] [           main] o.h.q.sqm.function.SqmFunctionRegistry   : Registered SqmFunctionTemplate [NamedSqmFunctionTemplate(ascii)] under ascii; prior registration was null
2025-06-26T21:23:07.809-04:00 DEBUG 13092 --- [productos] [           main] o.h.q.sqm.function.SqmFunctionRegistry   : Registered SqmFunctionTemplate [NamedSqmFunctionTemplate(octet_length)] under octet_length; prior registration was NamedSqmFunctionTemplate(octet_length)
2025-06-26T21:23:07.809-04:00 DEBUG 13092 --- [productos] [           main] o.h.q.sqm.function.SqmFunctionRegistry   : Registered SqmFunctionTemplate [NamedSqmFunctionTemplate(space)] under space; prior registration was null
2025-06-26T21:23:07.810-04:00 DEBUG 13092 --- [productos] [           main] o.h.q.sqm.function.SqmFunctionRegistry   : Registered SqmFunctionTemplate [NamedSqmFunctionTemplate(repeat)] under repeat; prior registration was null
2025-06-26T21:23:07.810-04:00 DEBUG 13092 --- [productos] [           main] o.h.q.sqm.function.SqmFunctionRegistry   : Registered SqmFunctionTemplate [NamedSqmFunctionTemplate(char)] under char; prior registration was null
2025-06-26T21:23:07.810-04:00 DEBUG 13092 --- [productos] [           main] o.h.q.sqm.function.SqmFunctionRegistry   : Registering alternate key : chr -> char
2025-06-26T21:23:07.810-04:00 DEBUG 13092 --- [productos] [           main] o.h.q.sqm.function.SqmFunctionRegistry   : Registered SqmFunctionTemplate [NamedSqmFunctionTemplate(instr)] under instr; prior registration was null
2025-06-26T21:23:07.810-04:00 DEBUG 13092 --- [productos] [           main] o.h.q.sqm.function.SqmFunctionRegistry   : Registered SqmFunctionTemplate [NamedSqmFunctionTemplate(substr)] under substr; prior registration was null
2025-06-26T21:23:07.810-04:00 DEBUG 13092 --- [productos] [           main] o.h.q.sqm.function.SqmFunctionRegistry   : Registered SqmFunctionTemplate [org.hibernate.query.sqm.function.PatternBasedSqmFunctionDescriptor@2d73767e] under position; prior registration was org.hibernate.dialect.function.LocatePositionEmulation@39b85a73
2025-06-26T21:23:07.810-04:00 DEBUG 13092 --- [productos] [           main] o.h.q.sqm.function.SqmFunctionRegistry   : Registered SqmFunctionTemplate [NamedSqmFunctionTemplate(ltrim)] under ltrim; prior registration was null
2025-06-26T21:23:07.810-04:00 DEBUG 13092 --- [productos] [           main] o.h.q.sqm.function.SqmFunctionRegistry   : Registered SqmFunctionTemplate [NamedSqmFunctionTemplate(rtrim)] under rtrim; prior registration was null
2025-06-26T21:23:07.810-04:00 DEBUG 13092 --- [productos] [           main] o.h.q.sqm.function.SqmFunctionRegistry   : Registered SqmFunctionTemplate [org.hibernate.query.sqm.function.PatternBasedSqmFunctionDescriptor@5e6522a6] under concat; prior registration was NamedSqmFunctionTemplate(concat)
2025-06-26T21:23:07.810-04:00 DEBUG 13092 --- [productos] [           main] o.h.q.sqm.function.SqmFunctionRegistry   : Registered SqmFunctionTemplate [NamedSqmFunctionTemplate(curtime)] under curtime; prior registration was null
2025-06-26T21:23:07.810-04:00 DEBUG 13092 --- [productos] [           main] o.h.q.sqm.function.SqmFunctionRegistry   : Registered SqmFunctionTemplate [NamedSqmFunctionTemplate(curdate)] under curdate; prior registration was null
2025-06-26T21:23:07.810-04:00 DEBUG 13092 --- [productos] [           main] o.h.q.sqm.function.SqmFunctionRegistry   : Registered SqmFunctionTemplate [NamedSqmFunctionTemplate(now)] under now; prior registration was null
2025-06-26T21:23:07.811-04:00 DEBUG 13092 --- [productos] [           main] o.h.q.sqm.function.SqmFunctionRegistry   : Registered SqmFunctionTemplate [NamedSqmFunctionTemplate(sysdate)] under sysdate; prior registration was null
2025-06-26T21:23:07.811-04:00 DEBUG 13092 --- [productos] [           main] o.h.q.sqm.function.SqmFunctionRegistry   : Registered SqmFunctionTemplate [NamedSqmFunctionTemplate(insert)] under insert; prior registration was null
2025-06-26T21:23:07.811-04:00 DEBUG 13092 --- [productos] [           main] o.h.q.sqm.function.SqmFunctionRegistry   : Registered SqmFunctionTemplate [NamedSqmFunctionTemplate(bool_and)] under bool_and; prior registration was null
2025-06-26T21:23:07.811-04:00 DEBUG 13092 --- [productos] [           main] o.h.q.sqm.function.SqmFunctionRegistry   : Registering alternate key : every -> bool_and
2025-06-26T21:23:07.811-04:00 DEBUG 13092 --- [productos] [           main] o.h.q.sqm.function.SqmFunctionRegistry   : Registered SqmFunctionTemplate [NamedSqmFunctionTemplate(bool_or)] under bool_or; prior registration was null
2025-06-26T21:23:07.811-04:00 DEBUG 13092 --- [productos] [           main] o.h.q.sqm.function.SqmFunctionRegistry   : Registering alternate key : any -> bool_or
2025-06-26T21:23:07.811-04:00 DEBUG 13092 --- [productos] [           main] o.h.q.sqm.function.SqmFunctionRegistry   : Registered SqmFunctionTemplate [NamedSqmFunctionTemplate(median)] under median; prior registration was null
2025-06-26T21:23:07.811-04:00 DEBUG 13092 --- [productos] [           main] o.h.q.sqm.function.SqmFunctionRegistry   : Registered SqmFunctionTemplate [NamedSqmFunctionTemplate(stddev_pop)] under stddev_pop; prior registration was null
2025-06-26T21:23:07.811-04:00 DEBUG 13092 --- [productos] [           main] o.h.q.sqm.function.SqmFunctionRegistry   : Registered SqmFunctionTemplate [NamedSqmFunctionTemplate(stddev_samp)] under stddev_samp; prior registration was null
2025-06-26T21:23:07.811-04:00 DEBUG 13092 --- [productos] [           main] o.h.q.sqm.function.SqmFunctionRegistry   : Registered SqmFunctionTemplate [NamedSqmFunctionTemplate(var_pop)] under var_pop; prior registration was null
2025-06-26T21:23:07.811-04:00 DEBUG 13092 --- [productos] [           main] o.h.q.sqm.function.SqmFunctionRegistry   : Registered SqmFunctionTemplate [NamedSqmFunctionTemplate(var_samp)] under var_samp; prior registration was null
2025-06-26T21:23:07.811-04:00 DEBUG 13092 --- [productos] [           main] o.h.q.sqm.function.SqmFunctionRegistry   : Registered SqmFunctionTemplate [org.hibernate.dialect.function.FormatFunction@7d1cdeb1] under format; prior registration was org.hibernate.dialect.function.FormatFunction@23d0944b
2025-06-26T21:23:07.811-04:00 DEBUG 13092 --- [productos] [           main] o.h.q.sqm.function.SqmFunctionRegistry   : Registered SqmFunctionTemplate [NamedSqmFunctionTemplate(rownum)] under rownum; prior registration was null
2025-06-26T21:23:07.811-04:00 DEBUG 13092 --- [productos] [           main] o.h.q.sqm.function.SqmFunctionRegistry   : Registered SqmFunctionTemplate [NamedSqmFunctionTemplate(row_number)] under row_number; prior registration was null
2025-06-26T21:23:07.812-04:00 DEBUG 13092 --- [productos] [           main] o.h.q.sqm.function.SqmFunctionRegistry   : Registered SqmFunctionTemplate [NamedSqmFunctionTemplate(lag)] under lag; prior registration was null
2025-06-26T21:23:07.812-04:00 DEBUG 13092 --- [productos] [           main] o.h.q.sqm.function.SqmFunctionRegistry   : Registered SqmFunctionTemplate [NamedSqmFunctionTemplate(lead)] under lead; prior registration was null
2025-06-26T21:23:07.812-04:00 DEBUG 13092 --- [productos] [           main] o.h.q.sqm.function.SqmFunctionRegistry   : Registered SqmFunctionTemplate [NamedSqmFunctionTemplate(first_value)] under first_value; prior registration was null
2025-06-26T21:23:07.812-04:00 DEBUG 13092 --- [productos] [           main] o.h.q.sqm.function.SqmFunctionRegistry   : Registered SqmFunctionTemplate [NamedSqmFunctionTemplate(last_value)] under last_value; prior registration was null
2025-06-26T21:23:07.820-04:00 DEBUG 13092 --- [productos] [           main] o.h.q.sqm.function.SqmFunctionRegistry   : Registered SqmFunctionTemplate [NamedSqmFunctionTemplate(nth_value)] under nth_value; prior registration was null
2025-06-26T21:23:07.823-04:00 DEBUG 13092 --- [productos] [           main] o.h.q.sqm.function.SqmFunctionRegistry   : Registered SqmFunctionTemplate [org.hibernate.dialect.function.ListaggFunction@702b656a] under listagg; prior registration was null
2025-06-26T21:23:07.825-04:00 DEBUG 13092 --- [productos] [           main] o.h.q.sqm.function.SqmFunctionRegistry   : Registered SqmFunctionTemplate [org.hibernate.dialect.function.InverseDistributionFunction@1ef93e01] under mode; prior registration was null
2025-06-26T21:23:07.825-04:00 DEBUG 13092 --- [productos] [           main] o.h.q.sqm.function.SqmFunctionRegistry   : Registered SqmFunctionTemplate [org.hibernate.dialect.function.InverseDistributionFunction@4fafd27e] under percentile_cont; prior registration was null
2025-06-26T21:23:07.825-04:00 DEBUG 13092 --- [productos] [           main] o.h.q.sqm.function.SqmFunctionRegistry   : Registered SqmFunctionTemplate [org.hibernate.dialect.function.InverseDistributionFunction@6cd66f6a] under percentile_disc; prior registration was null
2025-06-26T21:23:07.826-04:00 DEBUG 13092 --- [productos] [           main] o.h.q.sqm.function.SqmFunctionRegistry   : Registered SqmFunctionTemplate [org.hibernate.dialect.function.HypotheticalSetFunction@39f4a7c4] under rank; prior registration was null
2025-06-26T21:23:07.826-04:00 DEBUG 13092 --- [productos] [           main] o.h.q.sqm.function.SqmFunctionRegistry   : Registered SqmFunctionTemplate [org.hibernate.dialect.function.HypotheticalSetFunction@111fe921] under dense_rank; prior registration was null
2025-06-26T21:23:07.826-04:00 DEBUG 13092 --- [productos] [           main] o.h.q.sqm.function.SqmFunctionRegistry   : Registered SqmFunctionTemplate [org.hibernate.dialect.function.HypotheticalSetFunction@1ff542a3] under percent_rank; prior registration was null
2025-06-26T21:23:07.826-04:00 DEBUG 13092 --- [productos] [           main] o.h.q.sqm.function.SqmFunctionRegistry   : Registered SqmFunctionTemplate [org.hibernate.dialect.function.HypotheticalSetFunction@48ee3c2d] under cume_dist; prior registration was null
2025-06-26T21:23:07.828-04:00 DEBUG 13092 --- [productos] [           main] o.h.q.sqm.function.SqmFunctionRegistry   : Registered SqmFunctionTemplate [org.hibernate.dialect.function.array.ArrayConstructorFunction@43756cb] under array; prior registration was null
2025-06-26T21:23:07.828-04:00 DEBUG 13092 --- [productos] [           main] o.h.q.sqm.function.SqmFunctionRegistry   : Registered SqmFunctionTemplate [org.hibernate.dialect.function.array.ArrayConstructorFunction@4272d8cf] under array_list; prior registration was null
2025-06-26T21:23:07.829-04:00 DEBUG 13092 --- [productos] [           main] o.h.q.sqm.function.SqmFunctionRegistry   : Registered SqmFunctionTemplate [org.hibernate.dialect.function.array.ArrayAggFunction@1a336906] under array_agg; prior registration was null
2025-06-26T21:23:07.833-04:00 DEBUG 13092 --- [productos] [           main] o.h.q.sqm.function.SqmFunctionRegistry   : Registered SqmFunctionTemplate [org.hibernate.dialect.function.array.H2ArrayPositionFunction@22361e23] under array_position; prior registration was null
2025-06-26T21:23:07.843-04:00 DEBUG 13092 --- [productos] [           main] o.h.q.sqm.function.SqmFunctionRegistry   : Registered SqmFunctionTemplate [org.hibernate.dialect.function.array.H2ArrayPositionsFunction@70592729] under array_positions; prior registration was null
2025-06-26T21:23:07.845-04:00 DEBUG 13092 --- [productos] [           main] o.h.q.sqm.function.SqmFunctionRegistry   : Registered SqmFunctionTemplate [org.hibernate.dialect.function.array.H2ArrayPositionsFunction@5bbf744b] under array_positions_list; prior registration was null
2025-06-26T21:23:07.845-04:00 DEBUG 13092 --- [productos] [           main] o.h.q.sqm.function.SqmFunctionRegistry   : Registered SqmFunctionTemplate [org.hibernate.query.sqm.function.PatternBasedSqmFunctionDescriptor@55881f40] under array_length; prior registration was null
2025-06-26T21:23:07.846-04:00 DEBUG 13092 --- [productos] [           main] o.h.q.sqm.function.SqmFunctionRegistry   : Registered SqmFunctionTemplate [org.hibernate.dialect.function.DynamicDispatchFunction@11d1735e] under length; prior registration was null
2025-06-26T21:23:07.847-04:00 DEBUG 13092 --- [productos] [           main] o.h.q.sqm.function.SqmFunctionRegistry   : Registered SqmFunctionTemplate [org.hibernate.dialect.function.array.ArrayConcatFunction@1115be8c] under array_concat; prior registration was null
2025-06-26T21:23:07.848-04:00 DEBUG 13092 --- [productos] [           main] o.h.q.sqm.function.SqmFunctionRegistry   : Registered SqmFunctionTemplate [org.hibernate.dialect.function.array.ArrayConcatElementFunction@25589735] under array_prepend; prior registration was null
2025-06-26T21:23:07.848-04:00 DEBUG 13092 --- [productos] [           main] o.h.q.sqm.function.SqmFunctionRegistry   : Registered SqmFunctionTemplate [org.hibernate.dialect.function.array.ArrayConcatElementFunction@46994f26] under array_append; prior registration was null
2025-06-26T21:23:07.851-04:00 DEBUG 13092 --- [productos] [           main] o.h.q.sqm.function.SqmFunctionRegistry   : Registered SqmFunctionTemplate [org.hibernate.dialect.function.array.H2ArrayContainsFunction@79d14037] under array_contains; prior registration was null
2025-06-26T21:23:07.851-04:00 DEBUG 13092 --- [productos] [           main] o.h.q.sqm.function.SqmFunctionRegistry   : Registered SqmFunctionTemplate [org.hibernate.dialect.function.array.H2ArrayContainsFunction@6c1e40d9] under array_contains_nullable; prior registration was null
2025-06-26T21:23:07.855-04:00 DEBUG 13092 --- [productos] [           main] o.h.q.sqm.function.SqmFunctionRegistry   : Registered SqmFunctionTemplate [org.hibernate.dialect.function.array.H2ArrayIncludesFunction@37f41a81] under array_includes; prior registration was null
2025-06-26T21:23:07.855-04:00 DEBUG 13092 --- [productos] [           main] o.h.q.sqm.function.SqmFunctionRegistry   : Registered SqmFunctionTemplate [org.hibernate.dialect.function.array.H2ArrayIncludesFunction@47c81e89] under array_includes_nullable; prior registration was null
2025-06-26T21:23:07.856-04:00 DEBUG 13092 --- [productos] [           main] o.h.q.sqm.function.SqmFunctionRegistry   : Registered SqmFunctionTemplate [org.hibernate.dialect.function.array.H2ArrayIntersectsFunction@2e4d4d22] under array_intersects; prior registration was null
2025-06-26T21:23:07.856-04:00 DEBUG 13092 --- [productos] [           main] o.h.q.sqm.function.SqmFunctionRegistry   : Registered SqmFunctionTemplate [org.hibernate.dialect.function.array.H2ArrayIntersectsFunction@4470106b] under array_intersects_nullable; prior registration was null
2025-06-26T21:23:07.857-04:00 DEBUG 13092 --- [productos] [           main] o.h.q.sqm.function.SqmFunctionRegistry   : Registering alternate key : array_overlaps -> array_intersects
2025-06-26T21:23:07.857-04:00 DEBUG 13092 --- [productos] [           main] o.h.q.sqm.function.SqmFunctionRegistry   : Registering alternate key : array_overlaps_nullable -> array_intersects_nullable
2025-06-26T21:23:07.857-04:00 DEBUG 13092 --- [productos] [           main] o.h.q.sqm.function.SqmFunctionRegistry   : Registered SqmFunctionTemplate [org.hibernate.query.sqm.function.PatternBasedSqmFunctionDescriptor@68c4db77] under array_get; prior registration was null
2025-06-26T21:23:07.858-04:00 DEBUG 13092 --- [productos] [           main] o.h.q.sqm.function.SqmFunctionRegistry   : Registered SqmFunctionTemplate [org.hibernate.dialect.function.array.H2ArraySetFunction@3eedd0e3] under array_set; prior registration was null
2025-06-26T21:23:07.859-04:00 DEBUG 13092 --- [productos] [           main] o.h.q.sqm.function.SqmFunctionRegistry   : Registered SqmFunctionTemplate [org.hibernate.dialect.function.array.H2ArrayRemoveFunction@77020328] under array_remove; prior registration was null
2025-06-26T21:23:07.860-04:00 DEBUG 13092 --- [productos] [           main] o.h.q.sqm.function.SqmFunctionRegistry   : Registered SqmFunctionTemplate [org.hibernate.dialect.function.array.H2ArrayRemoveIndexFunction@f591271] under array_remove_index; prior registration was null
2025-06-26T21:23:07.860-04:00 DEBUG 13092 --- [productos] [           main] o.h.q.sqm.function.SqmFunctionRegistry   : Registered SqmFunctionTemplate [org.hibernate.query.sqm.function.PatternBasedSqmFunctionDescriptor@77cc6a28] under array_slice; prior registration was null
2025-06-26T21:23:07.862-04:00 DEBUG 13092 --- [productos] [           main] o.h.q.sqm.function.SqmFunctionRegistry   : Registered SqmFunctionTemplate [org.hibernate.dialect.function.array.H2ArrayReplaceFunction@749f61a3] under array_replace; prior registration was null
2025-06-26T21:23:07.862-04:00 DEBUG 13092 --- [productos] [           main] o.h.q.sqm.function.SqmFunctionRegistry   : Registered SqmFunctionTemplate [org.hibernate.query.sqm.function.PatternBasedSqmFunctionDescriptor@36d7a68a] under array_trim; prior registration was null
2025-06-26T21:23:07.863-04:00 DEBUG 13092 --- [productos] [           main] o.h.q.sqm.function.SqmFunctionRegistry   : Registered SqmFunctionTemplate [org.hibernate.dialect.function.array.H2ArrayFillFunction@12266084] under array_fill; prior registration was null
2025-06-26T21:23:07.864-04:00 DEBUG 13092 --- [productos] [           main] o.h.q.sqm.function.SqmFunctionRegistry   : Registered SqmFunctionTemplate [org.hibernate.dialect.function.array.H2ArrayFillFunction@6da646b8] under array_fill_list; prior registration was null
2025-06-26T21:23:07.866-04:00 DEBUG 13092 --- [productos] [           main] o.h.q.sqm.function.SqmFunctionRegistry   : Registered SqmFunctionTemplate [org.hibernate.dialect.function.array.H2ArrayToStringFunction@7be3abaa] under array_to_string; prior registration was null
2025-06-26T21:23:07.869-04:00 DEBUG 13092 --- [productos] [           main] org.hibernate.HQL_FUNCTIONS              : abs(NUMERIC arg)
2025-06-26T21:23:07.869-04:00 DEBUG 13092 --- [productos] [           main] org.hibernate.HQL_FUNCTIONS              : Double acos(NUMERIC arg)
2025-06-26T21:23:07.869-04:00 DEBUG 13092 --- [productos] [           main] org.hibernate.HQL_FUNCTIONS              : Boolean any(BOOLEAN predicate)
2025-06-26T21:23:07.869-04:00 DEBUG 13092 --- [productos] [           main] org.hibernate.HQL_FUNCTIONS              : array( ... )
2025-06-26T21:23:07.869-04:00 DEBUG 13092 --- [productos] [           main] org.hibernate.HQL_FUNCTIONS              : array_agg(arg)
2025-06-26T21:23:07.869-04:00 DEBUG 13092 --- [productos] [           main] org.hibernate.HQL_FUNCTIONS              : array_append( ... )
2025-06-26T21:23:07.869-04:00 DEBUG 13092 --- [productos] [           main] org.hibernate.HQL_FUNCTIONS              : array_concat( ... )
2025-06-26T21:23:07.869-04:00 DEBUG 13092 --- [productos] [           main] org.hibernate.HQL_FUNCTIONS              : Boolean array_contains(ARRAY haystackArray, OBJECT needleElementOrArray)
2025-06-26T21:23:07.869-04:00 DEBUG 13092 --- [productos] [           main] org.hibernate.HQL_FUNCTIONS              : Boolean array_contains_nullable(ARRAY haystackArray, OBJECT needleElementOrArray)
2025-06-26T21:23:07.870-04:00 DEBUG 13092 --- [productos] [           main] org.hibernate.HQL_FUNCTIONS              : array_fill(OBJECT element, INTEGER elementCount)
2025-06-26T21:23:07.870-04:00 DEBUG 13092 --- [productos] [           main] org.hibernate.HQL_FUNCTIONS              : array_fill_list(OBJECT element, INTEGER elementCount)
2025-06-26T21:23:07.870-04:00 DEBUG 13092 --- [productos] [           main] org.hibernate.HQL_FUNCTIONS              : array_get(ARRAY array, INTEGER index)
2025-06-26T21:23:07.870-04:00 DEBUG 13092 --- [productos] [           main] org.hibernate.HQL_FUNCTIONS              : Boolean array_includes(ARRAY haystackArray, OBJECT needleArray)
2025-06-26T21:23:07.870-04:00 DEBUG 13092 --- [productos] [           main] org.hibernate.HQL_FUNCTIONS              : Boolean array_includes_nullable(ARRAY haystackArray, OBJECT needleArray)
2025-06-26T21:23:07.870-04:00 DEBUG 13092 --- [productos] [           main] org.hibernate.HQL_FUNCTIONS              : Boolean array_intersects(ARRAY array0, OBJECT array1)
2025-06-26T21:23:07.870-04:00 DEBUG 13092 --- [productos] [           main] org.hibernate.HQL_FUNCTIONS              : Boolean array_intersects_nullable(ARRAY array0, OBJECT array1)
2025-06-26T21:23:07.870-04:00 DEBUG 13092 --- [productos] [           main] org.hibernate.HQL_FUNCTIONS              : Integer array_length(ARRAY array)
2025-06-26T21:23:07.870-04:00 DEBUG 13092 --- [productos] [           main] org.hibernate.HQL_FUNCTIONS              : array_list( ... )
2025-06-26T21:23:07.870-04:00 DEBUG 13092 --- [productos] [           main] org.hibernate.HQL_FUNCTIONS              : Boolean array_overlaps(ARRAY array0, OBJECT array1)
2025-06-26T21:23:07.871-04:00 DEBUG 13092 --- [productos] [           main] org.hibernate.HQL_FUNCTIONS              : Boolean array_overlaps_nullable(ARRAY array0, OBJECT array1)
2025-06-26T21:23:07.871-04:00 DEBUG 13092 --- [productos] [           main] org.hibernate.HQL_FUNCTIONS              : Integer array_position(ARRAY array, OBJECT element[, INTEGER startPosition])
2025-06-26T21:23:07.871-04:00 DEBUG 13092 --- [productos] [           main] org.hibernate.HQL_FUNCTIONS              : int[] array_positions(ARRAY array, OBJECT element)
2025-06-26T21:23:07.872-04:00 DEBUG 13092 --- [productos] [           main] org.hibernate.HQL_FUNCTIONS              : List array_positions_list(ARRAY array, OBJECT element)
2025-06-26T21:23:07.873-04:00 DEBUG 13092 --- [productos] [           main] org.hibernate.HQL_FUNCTIONS              : array_prepend( ... )
2025-06-26T21:23:07.873-04:00 DEBUG 13092 --- [productos] [           main] org.hibernate.HQL_FUNCTIONS              : array_remove( ... )
2025-06-26T21:23:07.873-04:00 DEBUG 13092 --- [productos] [           main] org.hibernate.HQL_FUNCTIONS              : array_remove_index( ... )
2025-06-26T21:23:07.873-04:00 DEBUG 13092 --- [productos] [           main] org.hibernate.HQL_FUNCTIONS              : array_replace( ... )
2025-06-26T21:23:07.876-04:00 DEBUG 13092 --- [productos] [           main] org.hibernate.HQL_FUNCTIONS              : array_set( ... )
2025-06-26T21:23:07.876-04:00 DEBUG 13092 --- [productos] [           main] org.hibernate.HQL_FUNCTIONS              : array_slice(ARRAY array, INTEGER start, INTEGER end)
2025-06-26T21:23:07.876-04:00 DEBUG 13092 --- [productos] [           main] org.hibernate.HQL_FUNCTIONS              : String array_to_string( ... )
2025-06-26T21:23:07.876-04:00 DEBUG 13092 --- [productos] [           main] org.hibernate.HQL_FUNCTIONS              : array_trim(ARRAY array, INTEGER elementsToRemove)
2025-06-26T21:23:07.876-04:00 DEBUG 13092 --- [productos] [           main] org.hibernate.HQL_FUNCTIONS              : Integer ascii(STRING arg)
2025-06-26T21:23:07.876-04:00 DEBUG 13092 --- [productos] [           main] org.hibernate.HQL_FUNCTIONS              : Double asin(NUMERIC arg)
2025-06-26T21:23:07.880-04:00 DEBUG 13092 --- [productos] [           main] org.hibernate.HQL_FUNCTIONS              : Double atan(NUMERIC arg)
2025-06-26T21:23:07.881-04:00 DEBUG 13092 --- [productos] [           main] org.hibernate.HQL_FUNCTIONS              : Double atan2(NUMERIC arg0, NUMERIC arg1)
2025-06-26T21:23:07.881-04:00 DEBUG 13092 --- [productos] [           main] org.hibernate.HQL_FUNCTIONS              : avg(NUMERIC arg)
2025-06-26T21:23:07.881-04:00 DEBUG 13092 --- [productos] [           main] org.hibernate.HQL_FUNCTIONS              : bit_and(arg)
2025-06-26T21:23:07.882-04:00 DEBUG 13092 --- [productos] [           main] org.hibernate.HQL_FUNCTIONS              : Integer bit_length(STRING_OR_CLOB arg)
2025-06-26T21:23:07.882-04:00 DEBUG 13092 --- [productos] [           main] org.hibernate.HQL_FUNCTIONS              : bit_or(arg)
2025-06-26T21:23:07.882-04:00 DEBUG 13092 --- [productos] [           main] org.hibernate.HQL_FUNCTIONS              : bitand(arg0, arg1)
2025-06-26T21:23:07.882-04:00 DEBUG 13092 --- [productos] [           main] org.hibernate.HQL_FUNCTIONS              : bitnot(arg)
2025-06-26T21:23:07.882-04:00 DEBUG 13092 --- [productos] [           main] org.hibernate.HQL_FUNCTIONS              : bitor(arg0, arg1)
2025-06-26T21:23:07.882-04:00 DEBUG 13092 --- [productos] [           main] org.hibernate.HQL_FUNCTIONS              : bitxor(arg0, arg1)
2025-06-26T21:23:07.882-04:00 DEBUG 13092 --- [productos] [           main] org.hibernate.HQL_FUNCTIONS              : Boolean bool_and(BOOLEAN predicate)
2025-06-26T21:23:07.882-04:00 DEBUG 13092 --- [productos] [           main] org.hibernate.HQL_FUNCTIONS              : Boolean bool_or(BOOLEAN predicate)
2025-06-26T21:23:07.889-04:00 DEBUG 13092 --- [productos] [           main] org.hibernate.HQL_FUNCTIONS              : cast(arg as Type)
2025-06-26T21:23:07.890-04:00 DEBUG 13092 --- [productos] [           main] org.hibernate.HQL_FUNCTIONS              : ceiling(NUMERIC arg)
2025-06-26T21:23:07.890-04:00 DEBUG 13092 --- [productos] [           main] org.hibernate.HQL_FUNCTIONS              : Character char(INTEGER arg)
2025-06-26T21:23:07.890-04:00 DEBUG 13092 --- [productos] [           main] org.hibernate.HQL_FUNCTIONS              : Integer character_length(STRING_OR_CLOB arg)
2025-06-26T21:23:07.890-04:00 DEBUG 13092 --- [productos] [           main] org.hibernate.HQL_FUNCTIONS              : Character chr(INTEGER arg)
2025-06-26T21:23:07.891-04:00 DEBUG 13092 --- [productos] [           main] org.hibernate.HQL_FUNCTIONS              : coalesce(arg0[, arg1[, ...]])
2025-06-26T21:23:07.891-04:00 DEBUG 13092 --- [productos] [           main] org.hibernate.HQL_FUNCTIONS              : String collate(STRING string as COLLATION collation)
2025-06-26T21:23:07.891-04:00 DEBUG 13092 --- [productos] [           main] org.hibernate.HQL_FUNCTIONS              : String concat(STRING string0[, STRING string1[, ...]])
2025-06-26T21:23:07.896-04:00 DEBUG 13092 --- [productos] [           main] org.hibernate.HQL_FUNCTIONS              : Double cos(NUMERIC arg)
2025-06-26T21:23:07.897-04:00 DEBUG 13092 --- [productos] [           main] org.hibernate.HQL_FUNCTIONS              : Double cosh(NUMERIC arg)
2025-06-26T21:23:07.897-04:00 DEBUG 13092 --- [productos] [           main] org.hibernate.HQL_FUNCTIONS              : Double cot(NUMERIC arg)
2025-06-26T21:23:07.897-04:00 DEBUG 13092 --- [productos] [           main] org.hibernate.HQL_FUNCTIONS              : Long count([distinct ]{arg|*})
2025-06-26T21:23:07.897-04:00 DEBUG 13092 --- [productos] [           main] org.hibernate.HQL_FUNCTIONS              : Double cume_dist([arg0[, ...]])
2025-06-26T21:23:07.897-04:00 DEBUG 13092 --- [productos] [           main] org.hibernate.HQL_FUNCTIONS              : Date curdate()
2025-06-26T21:23:07.897-04:00 DEBUG 13092 --- [productos] [           main] org.hibernate.HQL_FUNCTIONS              : Date current date
2025-06-26T21:23:07.897-04:00 DEBUG 13092 --- [productos] [           main] org.hibernate.HQL_FUNCTIONS              : Time current time
2025-06-26T21:23:07.897-04:00 DEBUG 13092 --- [productos] [           main] org.hibernate.HQL_FUNCTIONS              : Timestamp current timestamp
2025-06-26T21:23:07.897-04:00 DEBUG 13092 --- [productos] [           main] org.hibernate.HQL_FUNCTIONS              : Date current_date
2025-06-26T21:23:07.899-04:00 DEBUG 13092 --- [productos] [           main] org.hibernate.HQL_FUNCTIONS              : Instant current_instant
2025-06-26T21:23:07.899-04:00 DEBUG 13092 --- [productos] [           main] org.hibernate.HQL_FUNCTIONS              : Time current_time
2025-06-26T21:23:07.927-04:00 DEBUG 13092 --- [productos] [           main] org.hibernate.HQL_FUNCTIONS              : Timestamp current_timestamp
2025-06-26T21:23:07.927-04:00 DEBUG 13092 --- [productos] [           main] org.hibernate.HQL_FUNCTIONS              : Time curtime()
2025-06-26T21:23:07.929-04:00 DEBUG 13092 --- [productos] [           main] org.hibernate.HQL_FUNCTIONS              : date_trunc(STRING field, TEMPORAL datetime)
2025-06-26T21:23:07.939-04:00 DEBUG 13092 --- [productos] [           main] org.hibernate.HQL_FUNCTIONS              : dateadd(TEMPORAL_UNIT field, INTEGER magnitude, TEMPORAL datetime)
2025-06-26T21:23:07.940-04:00 DEBUG 13092 --- [productos] [           main] org.hibernate.HQL_FUNCTIONS              : Long|Double datediff(TEMPORAL_UNIT field, TEMPORAL start, TEMPORAL end)
2025-06-26T21:23:07.947-04:00 DEBUG 13092 --- [productos] [           main] org.hibernate.HQL_FUNCTIONS              : Integer day(DATE arg)
2025-06-26T21:23:07.947-04:00 DEBUG 13092 --- [productos] [           main] org.hibernate.HQL_FUNCTIONS              : Integer day_of_month(DATE arg)
2025-06-26T21:23:07.947-04:00 DEBUG 13092 --- [productos] [           main] org.hibernate.HQL_FUNCTIONS              : Integer day_of_week(DATE arg)
2025-06-26T21:23:07.949-04:00 DEBUG 13092 --- [productos] [           main] org.hibernate.HQL_FUNCTIONS              : Integer day_of_year(DATE arg)
2025-06-26T21:23:07.949-04:00 DEBUG 13092 --- [productos] [           main] org.hibernate.HQL_FUNCTIONS              : String dayname(DATE arg)
2025-06-26T21:23:07.949-04:00 DEBUG 13092 --- [productos] [           main] org.hibernate.HQL_FUNCTIONS              : Double degrees(NUMERIC arg)
2025-06-26T21:23:07.949-04:00 DEBUG 13092 --- [productos] [           main] org.hibernate.HQL_FUNCTIONS              : Long dense_rank([arg0[, ...]])
2025-06-26T21:23:07.949-04:00 DEBUG 13092 --- [productos] [           main] org.hibernate.HQL_FUNCTIONS              : Boolean every(BOOLEAN predicate)
2025-06-26T21:23:07.949-04:00 DEBUG 13092 --- [productos] [           main] org.hibernate.HQL_FUNCTIONS              : Double exp(NUMERIC arg)
2025-06-26T21:23:07.949-04:00 DEBUG 13092 --- [productos] [           main] org.hibernate.HQL_FUNCTIONS              : extract(TEMPORAL_UNIT field from TEMPORAL arg)
2025-06-26T21:23:07.949-04:00 DEBUG 13092 --- [productos] [           main] org.hibernate.HQL_FUNCTIONS              : first_valueANY value
2025-06-26T21:23:07.949-04:00 DEBUG 13092 --- [productos] [           main] org.hibernate.HQL_FUNCTIONS              : floor(NUMERIC arg)
2025-06-26T21:23:07.949-04:00 DEBUG 13092 --- [productos] [           main] org.hibernate.HQL_FUNCTIONS              : String format(TEMPORAL datetime as STRING pattern)
2025-06-26T21:23:07.949-04:00 DEBUG 13092 --- [productos] [           main] org.hibernate.HQL_FUNCTIONS              : greatest(COMPARABLE arg0, COMPARABLE arg1[, arg2[, ...]])
2025-06-26T21:23:07.949-04:00 DEBUG 13092 --- [productos] [           main] org.hibernate.HQL_FUNCTIONS              : Integer hour(TIME arg)
2025-06-26T21:23:07.949-04:00 DEBUG 13092 --- [productos] [           main] org.hibernate.HQL_FUNCTIONS              : ifnull(arg0, arg1)
2025-06-26T21:23:07.949-04:00 DEBUG 13092 --- [productos] [           main] org.hibernate.HQL_FUNCTIONS              : String insert(STRING string, INTEGER start, INTEGER length, STRING replacement)
2025-06-26T21:23:07.949-04:00 DEBUG 13092 --- [productos] [           main] org.hibernate.HQL_FUNCTIONS              : Instant instant
2025-06-26T21:23:07.949-04:00 DEBUG 13092 --- [productos] [           main] org.hibernate.HQL_FUNCTIONS              : Integer instr(STRING string, STRING pattern[, INTEGER start[, INTEGER occurrence]])
2025-06-26T21:23:07.949-04:00 DEBUG 13092 --- [productos] [           main] org.hibernate.HQL_FUNCTIONS              : lagANY value[, INTEGER offset[, ANY default]]
2025-06-26T21:23:07.949-04:00 DEBUG 13092 --- [productos] [           main] org.hibernate.HQL_FUNCTIONS              : last_valueANY value
2025-06-26T21:23:07.949-04:00 DEBUG 13092 --- [productos] [           main] org.hibernate.HQL_FUNCTIONS              : leadANY value[, INTEGER offset[, ANY default]]
2025-06-26T21:23:07.949-04:00 DEBUG 13092 --- [productos] [           main] org.hibernate.HQL_FUNCTIONS              : least(COMPARABLE arg0, COMPARABLE arg1[, arg2[, ...]])
2025-06-26T21:23:07.949-04:00 DEBUG 13092 --- [productos] [           main] org.hibernate.HQL_FUNCTIONS              : String left(STRING string, INTEGER length)
2025-06-26T21:23:07.949-04:00 DEBUG 13092 --- [productos] [           main] org.hibernate.HQL_FUNCTIONS              : length
2025-06-26T21:23:07.949-04:00 DEBUG 13092 --- [productos] [           main] org.hibernate.HQL_FUNCTIONS              : String listagg(STRING arg0, STRING arg1)
2025-06-26T21:23:07.949-04:00 DEBUG 13092 --- [productos] [           main] org.hibernate.HQL_FUNCTIONS              : Double ln(NUMERIC arg)
2025-06-26T21:23:07.949-04:00 DEBUG 13092 --- [productos] [           main] org.hibernate.HQL_FUNCTIONS              : LocalDate local date
2025-06-26T21:23:07.950-04:00 DEBUG 13092 --- [productos] [           main] org.hibernate.HQL_FUNCTIONS              : LocalDateTime local datetime
2025-06-26T21:23:07.950-04:00 DEBUG 13092 --- [productos] [           main] org.hibernate.HQL_FUNCTIONS              : LocalTime local time
2025-06-26T21:23:07.950-04:00 DEBUG 13092 --- [productos] [           main] org.hibernate.HQL_FUNCTIONS              : LocalDate local_date
2025-06-26T21:23:07.950-04:00 DEBUG 13092 --- [productos] [           main] org.hibernate.HQL_FUNCTIONS              : LocalDateTime local_datetime
2025-06-26T21:23:07.950-04:00 DEBUG 13092 --- [productos] [           main] org.hibernate.HQL_FUNCTIONS              : LocalTime local_time
2025-06-26T21:23:07.950-04:00 DEBUG 13092 --- [productos] [           main] org.hibernate.HQL_FUNCTIONS              : Time localtime
2025-06-26T21:23:07.950-04:00 DEBUG 13092 --- [productos] [           main] org.hibernate.HQL_FUNCTIONS              : Timestamp localtimestamp
2025-06-26T21:23:07.950-04:00 DEBUG 13092 --- [productos] [           main] org.hibernate.HQL_FUNCTIONS              : Integer locate(STRING pattern, STRING string[, INTEGER start])
2025-06-26T21:23:07.950-04:00 DEBUG 13092 --- [productos] [           main] org.hibernate.HQL_FUNCTIONS              : Double log(NUMERIC base, NUMERIC arg)
2025-06-26T21:23:07.952-04:00 DEBUG 13092 --- [productos] [           main] org.hibernate.HQL_FUNCTIONS              : Double log10(NUMERIC arg)
2025-06-26T21:23:07.953-04:00 DEBUG 13092 --- [productos] [           main] org.hibernate.HQL_FUNCTIONS              : String lower(STRING string)
2025-06-26T21:23:07.953-04:00 DEBUG 13092 --- [productos] [           main] org.hibernate.HQL_FUNCTIONS              : String lpad(STRING string, INTEGER length[, STRING padding])
2025-06-26T21:23:07.953-04:00 DEBUG 13092 --- [productos] [           main] org.hibernate.HQL_FUNCTIONS              : String ltrim(STRING string)
2025-06-26T21:23:07.953-04:00 DEBUG 13092 --- [productos] [           main] org.hibernate.HQL_FUNCTIONS              : max(COMPARABLE arg)
2025-06-26T21:23:07.953-04:00 DEBUG 13092 --- [productos] [           main] org.hibernate.HQL_FUNCTIONS              : Double median(NUMERIC arg)
2025-06-26T21:23:07.953-04:00 DEBUG 13092 --- [productos] [           main] org.hibernate.HQL_FUNCTIONS              : Integer microsecond(TIME arg)
2025-06-26T21:23:07.953-04:00 DEBUG 13092 --- [productos] [           main] org.hibernate.HQL_FUNCTIONS              : min(COMPARABLE arg)
2025-06-26T21:23:07.953-04:00 DEBUG 13092 --- [productos] [           main] org.hibernate.HQL_FUNCTIONS              : Integer minute(TIME arg)
2025-06-26T21:23:07.955-04:00 DEBUG 13092 --- [productos] [           main] org.hibernate.HQL_FUNCTIONS              : Integer mod(INTEGER arg0, INTEGER arg1)
2025-06-26T21:23:07.955-04:00 DEBUG 13092 --- [productos] [           main] org.hibernate.HQL_FUNCTIONS              : mode()
2025-06-26T21:23:07.957-04:00 DEBUG 13092 --- [productos] [           main] org.hibernate.HQL_FUNCTIONS              : Integer month(DATE arg)
2025-06-26T21:23:07.959-04:00 DEBUG 13092 --- [productos] [           main] org.hibernate.HQL_FUNCTIONS              : String monthname(DATE arg)
2025-06-26T21:23:07.959-04:00 DEBUG 13092 --- [productos] [           main] org.hibernate.HQL_FUNCTIONS              : Timestamp now()
2025-06-26T21:23:07.959-04:00 DEBUG 13092 --- [productos] [           main] org.hibernate.HQL_FUNCTIONS              : nth_valueANY value, INTEGER nth
2025-06-26T21:23:07.959-04:00 DEBUG 13092 --- [productos] [           main] org.hibernate.HQL_FUNCTIONS              : nullif(arg0, arg1)
2025-06-26T21:23:07.960-04:00 DEBUG 13092 --- [productos] [           main] org.hibernate.HQL_FUNCTIONS              : Integer octet_length(STRING_OR_CLOB arg)
2025-06-26T21:23:07.960-04:00 DEBUG 13092 --- [productos] [           main] org.hibernate.HQL_FUNCTIONS              : OffsetDateTime offset datetime
2025-06-26T21:23:07.960-04:00 DEBUG 13092 --- [productos] [           main] org.hibernate.HQL_FUNCTIONS              : OffsetDateTime offset_datetime
2025-06-26T21:23:07.960-04:00 DEBUG 13092 --- [productos] [           main] org.hibernate.HQL_FUNCTIONS              : String overlay(STRING string placing STRING replacement from INTEGER start[ for INTEGER length])
2025-06-26T21:23:07.960-04:00 DEBUG 13092 --- [productos] [           main] org.hibernate.HQL_FUNCTIONS              : String pad(STRING string with INTEGER length {leading|trailing}[ STRING character])
2025-06-26T21:23:07.960-04:00 DEBUG 13092 --- [productos] [           main] org.hibernate.HQL_FUNCTIONS              : Double percent_rank([arg0[, ...]])
2025-06-26T21:23:07.960-04:00 DEBUG 13092 --- [productos] [           main] org.hibernate.HQL_FUNCTIONS              : percentile_cont(NUMERIC arg)
2025-06-26T21:23:07.960-04:00 DEBUG 13092 --- [productos] [           main] org.hibernate.HQL_FUNCTIONS              : percentile_disc(NUMERIC arg)
2025-06-26T21:23:07.960-04:00 DEBUG 13092 --- [productos] [           main] org.hibernate.HQL_FUNCTIONS              : Double pi
2025-06-26T21:23:07.960-04:00 DEBUG 13092 --- [productos] [           main] org.hibernate.HQL_FUNCTIONS              : Integer position(STRING pattern in STRING string)
2025-06-26T21:23:07.961-04:00 DEBUG 13092 --- [productos] [           main] org.hibernate.HQL_FUNCTIONS              : Double power(NUMERIC arg0, NUMERIC arg1)
2025-06-26T21:23:07.961-04:00 DEBUG 13092 --- [productos] [           main] org.hibernate.HQL_FUNCTIONS              : Integer quarter(DATE arg)
2025-06-26T21:23:07.961-04:00 DEBUG 13092 --- [productos] [           main] org.hibernate.HQL_FUNCTIONS              : Double radians(NUMERIC arg)
2025-06-26T21:23:07.961-04:00 DEBUG 13092 --- [productos] [           main] org.hibernate.HQL_FUNCTIONS              : Double rand([INTEGER seed])
2025-06-26T21:23:07.961-04:00 DEBUG 13092 --- [productos] [           main] org.hibernate.HQL_FUNCTIONS              : Long rank([arg0[, ...]])
2025-06-26T21:23:07.961-04:00 DEBUG 13092 --- [productos] [           main] org.hibernate.HQL_FUNCTIONS              : String repeat(STRING string, INTEGER times)
2025-06-26T21:23:07.961-04:00 DEBUG 13092 --- [productos] [           main] org.hibernate.HQL_FUNCTIONS              : String replace(STRING string, STRING pattern, STRING replacement)
2025-06-26T21:23:07.961-04:00 DEBUG 13092 --- [productos] [           main] org.hibernate.HQL_FUNCTIONS              : String right(STRING string, INTEGER length)
2025-06-26T21:23:07.961-04:00 DEBUG 13092 --- [productos] [           main] org.hibernate.HQL_FUNCTIONS              : round(NUMERIC number[, INTEGER places])
2025-06-26T21:23:07.961-04:00 DEBUG 13092 --- [productos] [           main] org.hibernate.HQL_FUNCTIONS              : Long row_number()
2025-06-26T21:23:07.961-04:00 DEBUG 13092 --- [productos] [           main] org.hibernate.HQL_FUNCTIONS              : Long rownum()
2025-06-26T21:23:07.961-04:00 DEBUG 13092 --- [productos] [           main] org.hibernate.HQL_FUNCTIONS              : String rpad(STRING string, INTEGER length[, STRING padding])
2025-06-26T21:23:07.961-04:00 DEBUG 13092 --- [productos] [           main] org.hibernate.HQL_FUNCTIONS              : String rtrim(STRING string)
2025-06-26T21:23:07.961-04:00 DEBUG 13092 --- [productos] [           main] org.hibernate.HQL_FUNCTIONS              : Integer second(TIME arg)
2025-06-26T21:23:07.961-04:00 DEBUG 13092 --- [productos] [           main] org.hibernate.HQL_FUNCTIONS              : Integer sign(NUMERIC arg)
2025-06-26T21:23:07.961-04:00 DEBUG 13092 --- [productos] [           main] org.hibernate.HQL_FUNCTIONS              : Double sin(NUMERIC arg)
2025-06-26T21:23:07.961-04:00 DEBUG 13092 --- [productos] [           main] org.hibernate.HQL_FUNCTIONS              : Double sinh(NUMERIC arg)
2025-06-26T21:23:07.961-04:00 DEBUG 13092 --- [productos] [           main] org.hibernate.HQL_FUNCTIONS              : String soundex(arg)
2025-06-26T21:23:07.961-04:00 DEBUG 13092 --- [productos] [           main] org.hibernate.HQL_FUNCTIONS              : String space(INTEGER arg)
2025-06-26T21:23:07.962-04:00 DEBUG 13092 --- [productos] [           main] org.hibernate.HQL_FUNCTIONS              : Object sql
2025-06-26T21:23:07.963-04:00 DEBUG 13092 --- [productos] [           main] org.hibernate.HQL_FUNCTIONS              : Double sqrt(NUMERIC arg)
2025-06-26T21:23:07.963-04:00 DEBUG 13092 --- [productos] [           main] org.hibernate.HQL_FUNCTIONS              : Double stddev_pop(NUMERIC arg)
2025-06-26T21:23:07.963-04:00 DEBUG 13092 --- [productos] [           main] org.hibernate.HQL_FUNCTIONS              : Double stddev_samp(NUMERIC arg)
2025-06-26T21:23:07.963-04:00 DEBUG 13092 --- [productos] [           main] org.hibernate.HQL_FUNCTIONS              : String str(arg)
2025-06-26T21:23:07.963-04:00 DEBUG 13092 --- [productos] [           main] org.hibernate.HQL_FUNCTIONS              : String substr(STRING string, INTEGER start[, INTEGER length])
2025-06-26T21:23:07.963-04:00 DEBUG 13092 --- [productos] [           main] org.hibernate.HQL_FUNCTIONS              : String substring(STRING string{ from|,} INTEGER start[{ for|,} INTEGER length])
2025-06-26T21:23:07.963-04:00 DEBUG 13092 --- [productos] [           main] org.hibernate.HQL_FUNCTIONS              : sum(arg)
2025-06-26T21:23:07.964-04:00 DEBUG 13092 --- [productos] [           main] org.hibernate.HQL_FUNCTIONS              : Timestamp sysdate
2025-06-26T21:23:07.964-04:00 DEBUG 13092 --- [productos] [           main] org.hibernate.HQL_FUNCTIONS              : Double tan(NUMERIC arg)
2025-06-26T21:23:07.964-04:00 DEBUG 13092 --- [productos] [           main] org.hibernate.HQL_FUNCTIONS              : Double tanh(NUMERIC arg)
2025-06-26T21:23:07.964-04:00 DEBUG 13092 --- [productos] [           main] org.hibernate.HQL_FUNCTIONS              : timestampadd(TEMPORAL_UNIT field, INTEGER magnitude, TEMPORAL datetime)
2025-06-26T21:23:07.964-04:00 DEBUG 13092 --- [productos] [           main] org.hibernate.HQL_FUNCTIONS              : Long|Double timestampdiff(TEMPORAL_UNIT field, TEMPORAL start, TEMPORAL end)
2025-06-26T21:23:07.964-04:00 DEBUG 13092 --- [productos] [           main] org.hibernate.HQL_FUNCTIONS              : String translate(STRING arg0, STRING arg1, STRING arg2)
2025-06-26T21:23:07.964-04:00 DEBUG 13092 --- [productos] [           main] org.hibernate.HQL_FUNCTIONS              : String trim([[{leading|trailing|both} ][STRING arg0 ]from] STRING arg1)
2025-06-26T21:23:07.964-04:00 DEBUG 13092 --- [productos] [           main] org.hibernate.HQL_FUNCTIONS              : trunc( ... )
2025-06-26T21:23:07.964-04:00 DEBUG 13092 --- [productos] [           main] org.hibernate.HQL_FUNCTIONS              : truncate( ... )
2025-06-26T21:23:07.964-04:00 DEBUG 13092 --- [productos] [           main] org.hibernate.HQL_FUNCTIONS              : String upper(STRING string)
2025-06-26T21:23:07.964-04:00 DEBUG 13092 --- [productos] [           main] org.hibernate.HQL_FUNCTIONS              : Double var_pop(NUMERIC arg)
2025-06-26T21:23:07.964-04:00 DEBUG 13092 --- [productos] [           main] org.hibernate.HQL_FUNCTIONS              : Double var_samp(NUMERIC arg)
2025-06-26T21:23:07.964-04:00 DEBUG 13092 --- [productos] [           main] org.hibernate.HQL_FUNCTIONS              : Integer week(DATE arg)
2025-06-26T21:23:07.965-04:00 DEBUG 13092 --- [productos] [           main] org.hibernate.HQL_FUNCTIONS              : Integer year(DATE arg)
2025-06-26T21:23:07.981-04:00 DEBUG 13092 --- [productos] [           main] org.hibernate.orm.query.plan.cache       : Starting QueryInterpretationCache(2048)
2025-06-26T21:23:08.168-04:00 DEBUG 13092 --- [productos] [           main] .h.s.i.SessionFactoryServiceRegistryImpl : EventListenerRegistry access via ServiceRegistry is deprecated.  Use `sessionFactory.getEventEngine().getListenerRegistry()` instead
2025-06-26T21:23:08.169-04:00 DEBUG 13092 --- [productos] [           main] h.e.i.EntityCopyObserverFactoryInitiator : Configured EntityCopyObserver strategy: disallow
2025-06-26T21:23:08.268-04:00 DEBUG 13092 --- [productos] [           main] o.h.boot.internal.ClassLoaderAccessImpl  : Not known whether passed class name [com.hoppyware.productos.model.Producto] is safe
2025-06-26T21:23:08.268-04:00 DEBUG 13092 --- [productos] [           main] o.h.boot.internal.ClassLoaderAccessImpl  : No temp ClassLoader provided; using live ClassLoader for loading potentially unsafe class : com.hoppyware.productos.model.Producto
2025-06-26T21:23:08.469-04:00 DEBUG 13092 --- [productos] [           main] o.h.b.i.bytebuddy.BytecodeProviderImpl   : HHH000513: Unable to create the ReflectionOptimizer for [com.hoppyware.productos.model.Producto]: private accessor [descripcion]
2025-06-26T21:23:08.512-04:00 DEBUG 13092 --- [productos] [           main] o.hibernate.orm.model.mapping.creation   : Starting post-init callbacks
2025-06-26T21:23:08.512-04:00 DEBUG 13092 --- [productos] [           main] o.hibernate.orm.model.mapping.creation   : Starting PostInitCallbackEntry : Entity(com.hoppyware.productos.model.Producto) `staticFetchableList` generator
2025-06-26T21:23:08.614-04:00 DEBUG 13092 --- [productos] [           main] org.hibernate.orm.sql.ast.create         : Created new SQL alias : p1_0
2025-06-26T21:23:08.616-04:00 DEBUG 13092 --- [productos] [           main] org.hibernate.orm.sql.ast.create         : Registration of TableGroup [StandardTableGroup(com.hoppyware.productos.model.Producto)] with identifierForTableGroup [com.hoppyware.productos.model.Producto] for NavigablePath [com.hoppyware.productos.model.Producto] 
2025-06-26T21:23:08.633-04:00 DEBUG 13092 --- [productos] [           main] org.hibernate.orm.results.graph.AST      : DomainResult Graph:
 \-EntityResultImpl [com.hoppyware.productos.model.Producto]
 |  +-BasicFetch [com.hoppyware.productos.model.Producto.descripcion]
 |  +-BasicFetch [com.hoppyware.productos.model.Producto.nombre]
 |  +-BasicFetch [com.hoppyware.productos.model.Producto.origen]
 |  +-BasicFetch [com.hoppyware.productos.model.Producto.precio]
 |  +-BasicFetch [com.hoppyware.productos.model.Producto.proveedor]
 |  \-BasicFetch [com.hoppyware.productos.model.Producto.stock]

2025-06-26T21:23:08.637-04:00 DEBUG 13092 --- [productos] [           main] org.hibernate.orm.sql.ast.tree           : SQL AST Tree:
    SelectStatement {
      FromClause {
        StandardTableGroup (p1 : com.hoppyware.productos.model.Producto) {
          primaryTableReference : producto as p1_0
        }
      }
    }

2025-06-26T21:23:08.643-04:00 DEBUG 13092 --- [productos] [           main] o.h.p.entity.AbstractEntityPersister     : Static SQL for entity: com.hoppyware.productos.model.Producto
2025-06-26T21:23:08.643-04:00 DEBUG 13092 --- [productos] [           main] o.h.p.entity.AbstractEntityPersister     :  Version select: select id from producto where id=?
2025-06-26T21:23:08.643-04:00 DEBUG 13092 --- [productos] [           main] o.h.p.entity.AbstractEntityPersister     :  Insert (0): insert into producto (descripcion,nombre,origen,precio,proveedor,stock,id) values (?,?,?,?,?,?,default)
2025-06-26T21:23:08.643-04:00 DEBUG 13092 --- [productos] [           main] o.h.p.entity.AbstractEntityPersister     :  Update (0): update producto set descripcion=?,nombre=?,origen=?,precio=?,proveedor=?,stock=? where id=?
2025-06-26T21:23:08.643-04:00 DEBUG 13092 --- [productos] [           main] o.h.p.entity.AbstractEntityPersister     :  Delete (0): delete from producto where id=?
2025-06-26T21:23:08.666-04:00  INFO 13092 --- [productos] [           main] o.h.e.t.j.p.i.JtaPlatformInitiator       : HHH000489: No JTA platform available (set 'hibernate.transaction.jta.platform' to enable JTA platform integration)
2025-06-26T21:23:08.668-04:00 DEBUG 13092 --- [productos] [           main] o.h.type.spi.TypeConfiguration$Scope     : Scoping TypeConfiguration [org.hibernate.type.spi.TypeConfiguration@153cfd86] to SessionFactoryImplementor [org.hibernate.internal.SessionFactoryImpl@126ff1a1]
2025-06-26T21:23:08.670-04:00 DEBUG 13092 --- [productos] [           main] o.h.query.named.NamedObjectRepository    : Checking 0 named HQL queries
2025-06-26T21:23:08.670-04:00 DEBUG 13092 --- [productos] [           main] o.h.query.named.NamedObjectRepository    : Checking 0 named SQL queries
2025-06-26T21:23:08.690-04:00 DEBUG 13092 --- [productos] [           main] org.hibernate.SQL                        : 
    drop table if exists producto cascade 
Hibernate: 
    drop table if exists producto cascade 
2025-06-26T21:23:08.700-04:00 DEBUG 13092 --- [productos] [           main] org.hibernate.SQL                        : 
    create table producto (
        precio integer not null,
        stock integer not null,
        id bigint generated by default as identity,
        descripcion varchar(255) not null,
        nombre varchar(255) not null,
        origen varchar(255) not null,
        proveedor varchar(255) not null,
        primary key (id)
    )
Hibernate: 
    create table producto (
        precio integer not null,
        stock integer not null,
        id bigint generated by default as identity,
        descripcion varchar(255) not null,
        nombre varchar(255) not null,
        origen varchar(255) not null,
        proveedor varchar(255) not null,
        primary key (id)
    )
2025-06-26T21:23:08.714-04:00 DEBUG 13092 --- [productos] [           main] o.h.internal.SessionFactoryRegistry      : Initializing SessionFactoryRegistry : org.hibernate.internal.SessionFactoryRegistry@65259737
2025-06-26T21:23:08.714-04:00 DEBUG 13092 --- [productos] [           main] o.h.internal.SessionFactoryRegistry      : Registering SessionFactory: f0684979-1697-4452-82e7-932cebcfc892 (<unnamed>)
2025-06-26T21:23:08.714-04:00 DEBUG 13092 --- [productos] [           main] o.h.internal.SessionFactoryRegistry      : Not binding SessionFactory to JNDI, no JNDI name configured
2025-06-26T21:23:08.714-04:00 DEBUG 13092 --- [productos] [           main] o.hibernate.internal.SessionFactoryImpl  : Instantiated SessionFactory
2025-06-26T21:23:08.715-04:00  INFO 13092 --- [productos] [           main] j.LocalContainerEntityManagerFactoryBean : Initialized JPA EntityManagerFactory for persistence unit 'default'
2025-06-26T21:23:09.009-04:00 DEBUG 13092 --- [productos] [           main] o.h.stat.internal.StatisticsInitiator    : Statistics initialized [enabled=false]
2025-06-26T21:23:09.158-04:00 DEBUG 13092 --- [productos] [           main] cResourceLocalTransactionCoordinatorImpl : JDBC transaction marked for rollback-only (exception provided for stack trace)

java.lang.Exception: exception just for purpose of providing stack trace
	at org.hibernate.resource.transaction.backend.jdbc.internal.JdbcResourceLocalTransactionCoordinatorImpl$TransactionDriverControlImpl.markRollbackOnly(JdbcResourceLocalTransactionCoordinatorImpl.java:309) ~[hibernate-core-6.6.18.Final.jar:6.6.18.Final]
	at org.hibernate.internal.AbstractSharedSessionContract.buildNamedQuery(AbstractSharedSessionContract.java:1141) ~[hibernate-core-6.6.18.Final.jar:6.6.18.Final]
	at org.hibernate.internal.AbstractSharedSessionContract.createNamedQuery(AbstractSharedSessionContract.java:1019) ~[hibernate-core-6.6.18.Final.jar:6.6.18.Final]
	at org.hibernate.internal.AbstractSharedSessionContract.createNamedQuery(AbstractSharedSessionContract.java:143) ~[hibernate-core-6.6.18.Final.jar:6.6.18.Final]
	at java.base/jdk.internal.reflect.NativeMethodAccessorImpl.invoke0(Native Method) ~[na:na]
	at java.base/jdk.internal.reflect.NativeMethodAccessorImpl.invoke(NativeMethodAccessorImpl.java:77) ~[na:na]
	at java.base/jdk.internal.reflect.DelegatingMethodAccessorImpl.invoke(DelegatingMethodAccessorImpl.java:43) ~[na:na]
	at java.base/java.lang.reflect.Method.invoke(Method.java:568) ~[na:na]
	at org.springframework.orm.jpa.ExtendedEntityManagerCreator$ExtendedEntityManagerInvocationHandler.invoke(ExtendedEntityManagerCreator.java:364) ~[spring-orm-6.2.8.jar:6.2.8]
	at jdk.proxy2/jdk.proxy2.$Proxy115.createNamedQuery(Unknown Source) ~[na:na]
	at org.springframework.data.jpa.repository.query.NamedQuery.hasNamedQuery(NamedQuery.java:120) ~[spring-data-jpa-3.4.7.jar:3.4.7]
	at org.springframework.data.jpa.repository.query.JpaQueryLookupStrategy$DeclaredQueryLookupStrategy.getCountQuery(JpaQueryLookupStrategy.java:206) ~[spring-data-jpa-3.4.7.jar:3.4.7]
	at org.springframework.data.jpa.repository.query.JpaQueryLookupStrategy$DeclaredQueryLookupStrategy.resolveQuery(JpaQueryLookupStrategy.java:175) ~[spring-data-jpa-3.4.7.jar:3.4.7]
	at org.springframework.data.jpa.repository.query.JpaQueryLookupStrategy$CreateIfNotFoundQueryLookupStrategy.resolveQuery(JpaQueryLookupStrategy.java:254) ~[spring-data-jpa-3.4.7.jar:3.4.7]
	at org.springframework.data.jpa.repository.query.JpaQueryLookupStrategy$AbstractQueryLookupStrategy.resolveQuery(JpaQueryLookupStrategy.java:99) ~[spring-data-jpa-3.4.7.jar:3.4.7]
	at org.springframework.data.repository.core.support.QueryExecutorMethodInterceptor.lookupQuery(QueryExecutorMethodInterceptor.java:116) ~[spring-data-commons-3.4.7.jar:3.4.7]
	at org.springframework.data.repository.core.support.QueryExecutorMethodInterceptor.mapMethodsToQuery(QueryExecutorMethodInterceptor.java:104) ~[spring-data-commons-3.4.7.jar:3.4.7]
	at org.springframework.data.repository.core.support.QueryExecutorMethodInterceptor.lambda$new$0(QueryExecutorMethodInterceptor.java:92) ~[spring-data-commons-3.4.7.jar:3.4.7]
	at java.base/java.util.Optional.map(Optional.java:260) ~[na:na]
	at org.springframework.data.repository.core.support.QueryExecutorMethodInterceptor.<init>(QueryExecutorMethodInterceptor.java:92) ~[spring-data-commons-3.4.7.jar:3.4.7]
	at org.springframework.data.repository.core.support.RepositoryFactorySupport.getRepository(RepositoryFactorySupport.java:431) ~[spring-data-commons-3.4.7.jar:3.4.7]
	at org.springframework.data.repository.core.support.RepositoryFactoryBeanSupport.lambda$afterPropertiesSet$4(RepositoryFactoryBeanSupport.java:350) ~[spring-data-commons-3.4.7.jar:3.4.7]
	at org.springframework.data.util.Lazy.getNullable(Lazy.java:135) ~[spring-data-commons-3.4.7.jar:3.4.7]
	at org.springframework.data.util.Lazy.get(Lazy.java:113) ~[spring-data-commons-3.4.7.jar:3.4.7]
	at org.springframework.data.repository.core.support.RepositoryFactoryBeanSupport.afterPropertiesSet(RepositoryFactoryBeanSupport.java:356) ~[spring-data-commons-3.4.7.jar:3.4.7]
	at org.springframework.data.jpa.repository.support.JpaRepositoryFactoryBean.afterPropertiesSet(JpaRepositoryFactoryBean.java:132) ~[spring-data-jpa-3.4.7.jar:3.4.7]
	at org.springframework.beans.factory.support.AbstractAutowireCapableBeanFactory.invokeInitMethods(AbstractAutowireCapableBeanFactory.java:1873) ~[spring-beans-6.2.8.jar:6.2.8]
	at org.springframework.beans.factory.support.AbstractAutowireCapableBeanFactory.initializeBean(AbstractAutowireCapableBeanFactory.java:1822) ~[spring-beans-6.2.8.jar:6.2.8]
	at org.springframework.beans.factory.support.AbstractAutowireCapableBeanFactory.doCreateBean(AbstractAutowireCapableBeanFactory.java:607) ~[spring-beans-6.2.8.jar:6.2.8]
	at org.springframework.beans.factory.support.AbstractAutowireCapableBeanFactory.createBean(AbstractAutowireCapableBeanFactory.java:529) ~[spring-beans-6.2.8.jar:6.2.8]
	at org.springframework.beans.factory.support.AbstractBeanFactory.lambda$doGetBean$0(AbstractBeanFactory.java:339) ~[spring-beans-6.2.8.jar:6.2.8]
	at org.springframework.beans.factory.support.DefaultSingletonBeanRegistry.getSingleton(DefaultSingletonBeanRegistry.java:373) ~[spring-beans-6.2.8.jar:6.2.8]
	at org.springframework.beans.factory.support.AbstractBeanFactory.doGetBean(AbstractBeanFactory.java:337) ~[spring-beans-6.2.8.jar:6.2.8]
	at org.springframework.beans.factory.support.AbstractBeanFactory.getBean(AbstractBeanFactory.java:202) ~[spring-beans-6.2.8.jar:6.2.8]
	at org.springframework.beans.factory.support.DefaultListableBeanFactory.instantiateSingleton(DefaultListableBeanFactory.java:1216) ~[spring-beans-6.2.8.jar:6.2.8]
	at org.springframework.beans.factory.support.DefaultListableBeanFactory.preInstantiateSingleton(DefaultListableBeanFactory.java:1188) ~[spring-beans-6.2.8.jar:6.2.8]
	at org.springframework.beans.factory.support.DefaultListableBeanFactory.preInstantiateSingletons(DefaultListableBeanFactory.java:1123) ~[spring-beans-6.2.8.jar:6.2.8]
	at org.springframework.context.support.AbstractApplicationContext.finishBeanFactoryInitialization(AbstractApplicationContext.java:987) ~[spring-context-6.2.8.jar:6.2.8]
	at org.springframework.context.support.AbstractApplicationContext.refresh(AbstractApplicationContext.java:627) ~[spring-context-6.2.8.jar:6.2.8]
	at org.springframework.boot.SpringApplication.refresh(SpringApplication.java:752) ~[spring-boot-3.4.7.jar:3.4.7]
	at org.springframework.boot.SpringApplication.refreshContext(SpringApplication.java:439) ~[spring-boot-3.4.7.jar:3.4.7]
	at org.springframework.boot.SpringApplication.run(SpringApplication.java:318) ~[spring-boot-3.4.7.jar:3.4.7]
	at org.springframework.boot.test.context.SpringBootContextLoader.lambda$loadContext$3(SpringBootContextLoader.java:144) ~[spring-boot-test-3.4.7.jar:3.4.7]
	at org.springframework.util.function.ThrowingSupplier.get(ThrowingSupplier.java:58) ~[spring-core-6.2.8.jar:6.2.8]
	at org.springframework.util.function.ThrowingSupplier.get(ThrowingSupplier.java:46) ~[spring-core-6.2.8.jar:6.2.8]
	at org.springframework.boot.SpringApplication.withHook(SpringApplication.java:1461) ~[spring-boot-3.4.7.jar:3.4.7]
	at org.springframework.boot.test.context.SpringBootContextLoader$ContextLoaderHook.run(SpringBootContextLoader.java:563) ~[spring-boot-test-3.4.7.jar:3.4.7]
	at org.springframework.boot.test.context.SpringBootContextLoader.loadContext(SpringBootContextLoader.java:144) ~[spring-boot-test-3.4.7.jar:3.4.7]
	at org.springframework.boot.test.context.SpringBootContextLoader.loadContext(SpringBootContextLoader.java:110) ~[spring-boot-test-3.4.7.jar:3.4.7]
	at org.springframework.test.context.cache.DefaultCacheAwareContextLoaderDelegate.loadContextInternal(DefaultCacheAwareContextLoaderDelegate.java:225) ~[spring-test-6.2.8.jar:6.2.8]
	at org.springframework.test.context.cache.DefaultCacheAwareContextLoaderDelegate.loadContext(DefaultCacheAwareContextLoaderDelegate.java:152) ~[spring-test-6.2.8.jar:6.2.8]
	at org.springframework.test.context.support.DefaultTestContext.getApplicationContext(DefaultTestContext.java:130) ~[spring-test-6.2.8.jar:6.2.8]
	at org.springframework.test.context.support.DependencyInjectionTestExecutionListener.injectDependencies(DependencyInjectionTestExecutionListener.java:155) ~[spring-test-6.2.8.jar:6.2.8]
	at org.springframework.test.context.support.DependencyInjectionTestExecutionListener.prepareTestInstance(DependencyInjectionTestExecutionListener.java:111) ~[spring-test-6.2.8.jar:6.2.8]
	at org.springframework.test.context.TestContextManager.prepareTestInstance(TestContextManager.java:260) ~[spring-test-6.2.8.jar:6.2.8]
	at org.springframework.test.context.junit.jupiter.SpringExtension.postProcessTestInstance(SpringExtension.java:159) ~[spring-test-6.2.8.jar:6.2.8]
	at org.junit.jupiter.engine.descriptor.ClassBasedTestDescriptor.lambda$invokeTestInstancePostProcessors$11(ClassBasedTestDescriptor.java:378) ~[junit-jupiter-engine-5.11.4.jar:5.11.4]
	at org.junit.jupiter.engine.descriptor.ClassBasedTestDescriptor.executeAndMaskThrowable(ClassBasedTestDescriptor.java:383) ~[junit-jupiter-engine-5.11.4.jar:5.11.4]
	at org.junit.jupiter.engine.descriptor.ClassBasedTestDescriptor.lambda$invokeTestInstancePostProcessors$12(ClassBasedTestDescriptor.java:378) ~[junit-jupiter-engine-5.11.4.jar:5.11.4]
	at java.base/java.util.stream.ForEachOps$ForEachOp$OfRef.accept(ForEachOps.java:183) ~[na:na]
	at java.base/java.util.stream.ReferencePipeline$3$1.accept(ReferencePipeline.java:197) ~[na:na]
	at java.base/java.util.stream.ReferencePipeline$2$1.accept(ReferencePipeline.java:179) ~[na:na]
	at java.base/java.util.stream.ReferencePipeline$3$1.accept(ReferencePipeline.java:197) ~[na:na]
	at java.base/java.util.ArrayList$ArrayListSpliterator.forEachRemaining(ArrayList.java:1625) ~[na:na]
	at java.base/java.util.stream.AbstractPipeline.copyInto(AbstractPipeline.java:509) ~[na:na]
	at java.base/java.util.stream.AbstractPipeline.wrapAndCopyInto(AbstractPipeline.java:499) ~[na:na]
	at java.base/java.util.stream.ForEachOps$ForEachOp.evaluateSequential(ForEachOps.java:150) ~[na:na]
	at java.base/java.util.stream.ForEachOps$ForEachOp$OfRef.evaluateSequential(ForEachOps.java:173) ~[na:na]
	at java.base/java.util.stream.AbstractPipeline.evaluate(AbstractPipeline.java:234) ~[na:na]
	at java.base/java.util.stream.ReferencePipeline.forEach(ReferencePipeline.java:596) ~[na:na]
	at org.junit.jupiter.engine.descriptor.ClassBasedTestDescriptor.invokeTestInstancePostProcessors(ClassBasedTestDescriptor.java:377) ~[junit-jupiter-engine-5.11.4.jar:5.11.4]
	at org.junit.jupiter.engine.descriptor.ClassBasedTestDescriptor.lambda$instantiateAndPostProcessTestInstance$7(ClassBasedTestDescriptor.java:290) ~[junit-jupiter-engine-5.11.4.jar:5.11.4]
	at org.junit.platform.engine.support.hierarchical.ThrowableCollector.execute(ThrowableCollector.java:73) ~[junit-platform-engine-1.11.4.jar:1.11.4]
	at org.junit.jupiter.engine.descriptor.ClassBasedTestDescriptor.instantiateAndPostProcessTestInstance(ClassBasedTestDescriptor.java:289) ~[junit-jupiter-engine-5.11.4.jar:5.11.4]
	at org.junit.jupiter.engine.descriptor.ClassBasedTestDescriptor.lambda$testInstancesProvider$5(ClassBasedTestDescriptor.java:279) ~[junit-jupiter-engine-5.11.4.jar:5.11.4]
	at java.base/java.util.Optional.orElseGet(Optional.java:364) ~[na:na]
	at org.junit.jupiter.engine.descriptor.ClassBasedTestDescriptor.lambda$testInstancesProvider$6(ClassBasedTestDescriptor.java:278) ~[junit-jupiter-engine-5.11.4.jar:5.11.4]
	at org.junit.jupiter.engine.execution.TestInstancesProvider.getTestInstances(TestInstancesProvider.java:31) ~[junit-jupiter-engine-5.11.4.jar:5.11.4]
	at org.junit.jupiter.engine.descriptor.TestMethodTestDescriptor.lambda$prepare$1(TestMethodTestDescriptor.java:105) ~[junit-jupiter-engine-5.11.4.jar:5.11.4]
	at org.junit.platform.engine.support.hierarchical.ThrowableCollector.execute(ThrowableCollector.java:73) ~[junit-platform-engine-1.11.4.jar:1.11.4]
	at org.junit.jupiter.engine.descriptor.TestMethodTestDescriptor.prepare(TestMethodTestDescriptor.java:104) ~[junit-jupiter-engine-5.11.4.jar:5.11.4]
	at org.junit.jupiter.engine.descriptor.TestMethodTestDescriptor.prepare(TestMethodTestDescriptor.java:68) ~[junit-jupiter-engine-5.11.4.jar:5.11.4]
	at org.junit.platform.engine.support.hierarchical.NodeTestTask.lambda$prepare$2(NodeTestTask.java:128) ~[junit-platform-engine-1.11.4.jar:1.11.4]
	at org.junit.platform.engine.support.hierarchical.ThrowableCollector.execute(ThrowableCollector.java:73) ~[junit-platform-engine-1.11.4.jar:1.11.4]
	at org.junit.platform.engine.support.hierarchical.NodeTestTask.prepare(NodeTestTask.java:128) ~[junit-platform-engine-1.11.4.jar:1.11.4]
	at org.junit.platform.engine.support.hierarchical.NodeTestTask.execute(NodeTestTask.java:95) ~[junit-platform-engine-1.11.4.jar:1.11.4]
	at java.base/java.util.ArrayList.forEach(ArrayList.java:1511) ~[na:na]
	at org.junit.platform.engine.support.hierarchical.SameThreadHierarchicalTestExecutorService.invokeAll(SameThreadHierarchicalTestExecutorService.java:41) ~[junit-platform-engine-1.11.4.jar:1.11.4]
	at org.junit.platform.engine.support.hierarchical.NodeTestTask.lambda$executeRecursively$6(NodeTestTask.java:160) ~[junit-platform-engine-1.11.4.jar:1.11.4]
	at org.junit.platform.engine.support.hierarchical.ThrowableCollector.execute(ThrowableCollector.java:73) ~[junit-platform-engine-1.11.4.jar:1.11.4]
	at org.junit.platform.engine.support.hierarchical.NodeTestTask.lambda$executeRecursively$8(NodeTestTask.java:146) ~[junit-platform-engine-1.11.4.jar:1.11.4]
	at org.junit.platform.engine.support.hierarchical.Node.around(Node.java:137) ~[junit-platform-engine-1.11.4.jar:1.11.4]
	at org.junit.platform.engine.support.hierarchical.NodeTestTask.lambda$executeRecursively$9(NodeTestTask.java:144) ~[junit-platform-engine-1.11.4.jar:1.11.4]
	at org.junit.platform.engine.support.hierarchical.ThrowableCollector.execute(ThrowableCollector.java:73) ~[junit-platform-engine-1.11.4.jar:1.11.4]
	at org.junit.platform.engine.support.hierarchical.NodeTestTask.executeRecursively(NodeTestTask.java:143) ~[junit-platform-engine-1.11.4.jar:1.11.4]
	at org.junit.platform.engine.support.hierarchical.NodeTestTask.execute(NodeTestTask.java:100) ~[junit-platform-engine-1.11.4.jar:1.11.4]
	at java.base/java.util.ArrayList.forEach(ArrayList.java:1511) ~[na:na]
	at org.junit.platform.engine.support.hierarchical.SameThreadHierarchicalTestExecutorService.invokeAll(SameThreadHierarchicalTestExecutorService.java:41) ~[junit-platform-engine-1.11.4.jar:1.11.4]
	at org.junit.platform.engine.support.hierarchical.NodeTestTask.lambda$executeRecursively$6(NodeTestTask.java:160) ~[junit-platform-engine-1.11.4.jar:1.11.4]
	at org.junit.platform.engine.support.hierarchical.ThrowableCollector.execute(ThrowableCollector.java:73) ~[junit-platform-engine-1.11.4.jar:1.11.4]
	at org.junit.platform.engine.support.hierarchical.NodeTestTask.lambda$executeRecursively$8(NodeTestTask.java:146) ~[junit-platform-engine-1.11.4.jar:1.11.4]
	at org.junit.platform.engine.support.hierarchical.Node.around(Node.java:137) ~[junit-platform-engine-1.11.4.jar:1.11.4]
	at org.junit.platform.engine.support.hierarchical.NodeTestTask.lambda$executeRecursively$9(NodeTestTask.java:144) ~[junit-platform-engine-1.11.4.jar:1.11.4]
	at org.junit.platform.engine.support.hierarchical.ThrowableCollector.execute(ThrowableCollector.java:73) ~[junit-platform-engine-1.11.4.jar:1.11.4]
	at org.junit.platform.engine.support.hierarchical.NodeTestTask.executeRecursively(NodeTestTask.java:143) ~[junit-platform-engine-1.11.4.jar:1.11.4]
	at org.junit.platform.engine.support.hierarchical.NodeTestTask.execute(NodeTestTask.java:100) ~[junit-platform-engine-1.11.4.jar:1.11.4]
	at org.junit.platform.engine.support.hierarchical.SameThreadHierarchicalTestExecutorService.submit(SameThreadHierarchicalTestExecutorService.java:35) ~[junit-platform-engine-1.11.4.jar:1.11.4]
	at org.junit.platform.engine.support.hierarchical.HierarchicalTestExecutor.execute(HierarchicalTestExecutor.java:57) ~[junit-platform-engine-1.11.4.jar:1.11.4]
	at org.junit.platform.engine.support.hierarchical.HierarchicalTestEngine.execute(HierarchicalTestEngine.java:54) ~[junit-platform-engine-1.11.4.jar:1.11.4]
	at org.junit.platform.launcher.core.EngineExecutionOrchestrator.execute(EngineExecutionOrchestrator.java:198) ~[junit-platform-launcher-1.11.4.jar:1.11.4]
	at org.junit.platform.launcher.core.EngineExecutionOrchestrator.execute(EngineExecutionOrchestrator.java:169) ~[junit-platform-launcher-1.11.4.jar:1.11.4]
	at org.junit.platform.launcher.core.EngineExecutionOrchestrator.execute(EngineExecutionOrchestrator.java:93) ~[junit-platform-launcher-1.11.4.jar:1.11.4]
	at org.junit.platform.launcher.core.EngineExecutionOrchestrator.lambda$execute$0(EngineExecutionOrchestrator.java:58) ~[junit-platform-launcher-1.11.4.jar:1.11.4]
	at org.junit.platform.launcher.core.EngineExecutionOrchestrator.withInterceptedStreams(EngineExecutionOrchestrator.java:141) ~[junit-platform-launcher-1.11.4.jar:1.11.4]
	at org.junit.platform.launcher.core.EngineExecutionOrchestrator.execute(EngineExecutionOrchestrator.java:57) ~[junit-platform-launcher-1.11.4.jar:1.11.4]
	at org.junit.platform.launcher.core.DefaultLauncher.execute(DefaultLauncher.java:103) ~[junit-platform-launcher-1.11.4.jar:1.11.4]
	at org.junit.platform.launcher.core.DefaultLauncher.execute(DefaultLauncher.java:85) ~[junit-platform-launcher-1.11.4.jar:1.11.4]
	at org.junit.platform.launcher.core.DelegatingLauncher.execute(DelegatingLauncher.java:47) ~[junit-platform-launcher-1.11.4.jar:1.11.4]
	at org.apache.maven.surefire.junitplatform.LazyLauncher.execute(LazyLauncher.java:56) ~[surefire-junit-platform-3.5.3.jar:3.5.3]
	at org.apache.maven.surefire.junitplatform.JUnitPlatformProvider.execute(JUnitPlatformProvider.java:194) ~[surefire-junit-platform-3.5.3.jar:3.5.3]
	at org.apache.maven.surefire.junitplatform.JUnitPlatformProvider.invokeAllTests(JUnitPlatformProvider.java:150) ~[surefire-junit-platform-3.5.3.jar:3.5.3]
	at org.apache.maven.surefire.junitplatform.JUnitPlatformProvider.invoke(JUnitPlatformProvider.java:124) ~[surefire-junit-platform-3.5.3.jar:3.5.3]
	at org.apache.maven.surefire.booter.ForkedBooter.runSuitesInProcess(ForkedBooter.java:385) ~[surefire-booter-3.5.3.jar:3.5.3]
	at org.apache.maven.surefire.booter.ForkedBooter.execute(ForkedBooter.java:162) ~[surefire-booter-3.5.3.jar:3.5.3]
	at org.apache.maven.surefire.booter.ForkedBooter.run(ForkedBooter.java:507) ~[surefire-booter-3.5.3.jar:3.5.3]
	at org.apache.maven.surefire.booter.ForkedBooter.main(ForkedBooter.java:495) ~[surefire-booter-3.5.3.jar:3.5.3]

2025-06-26T21:23:09.229-04:00  INFO 13092 --- [productos] [           main] o.s.d.j.r.query.QueryEnhancerFactory     : Hibernate is in classpath; If applicable, HQL parser will be used.
2025-06-26T21:23:09.380-04:00  INFO 13092 --- [productos] [           main] c.h.productos.ProductoRepositoryTest     : Started ProductoRepositoryTest in 5.695 seconds (process running for 7.742)
2025-06-26T21:23:09.425-04:00 DEBUG 13092 --- [productos] [           main] o.h.e.t.internal.TransactionImpl         : On TransactionImpl creation, JpaCompliance#isJpaTransactionComplianceEnabled == false
2025-06-26T21:23:09.425-04:00 DEBUG 13092 --- [productos] [           main] o.h.e.t.internal.TransactionImpl         : begin
2025-06-26T21:23:10.339-04:00 DEBUG 13092 --- [productos] [           main] o.h.j.internal.PersistenceUnitUtilImpl   : jakarta.persistence.PersistenceUnitUtil.getIdentifier is only intended to work with enhanced entities (although Hibernate also adapts this support to its proxies); however the passed entity was not enhanced (nor a proxy).. may not be able to read identifier
2025-06-26T21:23:10.358-04:00 DEBUG 13092 --- [productos] [           main] org.hibernate.engine.spi.ActionQueue     : Executing identity-insert immediately
2025-06-26T21:23:10.384-04:00 DEBUG 13092 --- [productos] [           main] org.hibernate.SQL                        : 
    insert 
    into
        producto
        (descripcion, nombre, origen, precio, proveedor, stock, id) 
    values
        (?, ?, ?, ?, ?, ?, default)
Hibernate: 
    insert 
    into
        producto
        (descripcion, nombre, origen, precio, proveedor, stock, id) 
    values
        (?, ?, ?, ?, ?, ?, default)
2025-06-26T21:23:10.453-04:00 DEBUG 13092 --- [productos] [           main] org.hibernate.orm.results                : Initializer list is empty
2025-06-26T21:23:10.465-04:00 DEBUG 13092 --- [productos] [           main] o.h.id.IdentifierGeneratorHelper         : Extracted generated values [com.hoppyware.productos.model.Producto]: [Ljava.lang.Object;@1256925b
2025-06-26T21:23:10.486-04:00 DEBUG 13092 --- [productos] [           main] o.h.j.internal.PersistenceUnitUtilImpl   : jakarta.persistence.PersistenceUnitUtil.getIdentifier is only intended to work with enhanced entities (although Hibernate also adapts this support to its proxies); however the passed entity was not enhanced (nor a proxy).. may not be able to read identifier
2025-06-26T21:23:10.495-04:00 DEBUG 13092 --- [productos] [           main] org.hibernate.orm.results.loading        : Load request found matching entity in context, but it is scheduled for removal; returning null
2025-06-26T21:23:10.554-04:00 DEBUG 13092 --- [productos] [           main] o.h.e.t.internal.TransactionImpl         : rolling back
]]></system-out>
  </testcase>
  <testcase name="verificar" classname="com.hoppyware.productos.ProductoRepositoryTest" time="0.154">
    <system-out><![CDATA[2025-06-26T21:23:10.575-04:00 DEBUG 13092 --- [productos] [           main] o.h.e.t.internal.TransactionImpl         : On TransactionImpl creation, JpaCompliance#isJpaTransactionComplianceEnabled == false
2025-06-26T21:23:10.575-04:00 DEBUG 13092 --- [productos] [           main] o.h.e.t.internal.TransactionImpl         : begin
2025-06-26T21:23:10.681-04:00 DEBUG 13092 --- [productos] [           main] org.hibernate.orm.sql.ast.create         : Created new SQL alias : p1_0
2025-06-26T21:23:10.682-04:00 DEBUG 13092 --- [productos] [           main] org.hibernate.orm.sql.ast.create         : Registration of TableGroup [StandardTableGroup(com.hoppyware.productos.model.Producto(1))] with identifierForTableGroup [com.hoppyware.productos.model.Producto] for NavigablePath [com.hoppyware.productos.model.Producto] 
2025-06-26T21:23:10.694-04:00 DEBUG 13092 --- [productos] [           main] org.hibernate.orm.results.graph.AST      : DomainResult Graph:
 \-EntityResultImpl [com.hoppyware.productos.model.Producto(1)]
 |  +-BasicFetch [com.hoppyware.productos.model.Producto(1).descripcion]
 |  +-BasicFetch [com.hoppyware.productos.model.Producto(1).nombre]
 |  +-BasicFetch [com.hoppyware.productos.model.Producto(1).origen]
 |  +-BasicFetch [com.hoppyware.productos.model.Producto(1).precio]
 |  +-BasicFetch [com.hoppyware.productos.model.Producto(1).proveedor]
 |  \-BasicFetch [com.hoppyware.productos.model.Producto(1).stock]

2025-06-26T21:23:10.694-04:00 DEBUG 13092 --- [productos] [           main] org.hibernate.orm.sql.ast.tree           : SQL AST Tree:
    SelectStatement {
      FromClause {
        StandardTableGroup (p1 : com.hoppyware.productos.model.Producto(1)) {
          primaryTableReference : producto as p1_0
        }
      }
    }

2025-06-26T21:23:10.705-04:00 DEBUG 13092 --- [productos] [           main] org.hibernate.orm.sql.exec               : Skipping reading Query result cache data: cache-enabled = false, cache-mode = NORMAL
2025-06-26T21:23:10.707-04:00 DEBUG 13092 --- [productos] [           main] org.hibernate.SQL                        : 
    select
        p1_0.id,
        p1_0.descripcion,
        p1_0.nombre,
        p1_0.origen,
        p1_0.precio,
        p1_0.proveedor,
        p1_0.stock 
    from
        producto p1_0
Hibernate: 
    select
        p1_0.id,
        p1_0.descripcion,
        p1_0.nombre,
        p1_0.origen,
        p1_0.precio,
        p1_0.proveedor,
        p1_0.stock 
    from
        producto p1_0
2025-06-26T21:23:10.720-04:00 DEBUG 13092 --- [productos] [           main] org.hibernate.orm.results                : Initializer list:
	  com.hoppyware.productos.model.Producto(1) -> EntityJoinedFetchInitializer(com.hoppyware.productos.model.Producto(1))@402104751 (SingleTableEntityPersister(com.hoppyware.productos.model.Producto))

Productos existentes: []
2025-06-26T21:23:10.726-04:00 DEBUG 13092 --- [productos] [           main] o.h.e.t.internal.TransactionImpl         : rolling back
]]></system-out>
  </testcase>
  <testcase name="guardarListaProductos" classname="com.hoppyware.productos.ProductoRepositoryTest" time="0.028">
    <system-out><![CDATA[2025-06-26T21:23:10.776-04:00 DEBUG 13092 --- [productos] [           main] o.h.e.t.internal.TransactionImpl         : On TransactionImpl creation, JpaCompliance#isJpaTransactionComplianceEnabled == false
2025-06-26T21:23:10.776-04:00 DEBUG 13092 --- [productos] [           main] o.h.e.t.internal.TransactionImpl         : begin
2025-06-26T21:23:10.780-04:00 DEBUG 13092 --- [productos] [           main] o.h.j.internal.PersistenceUnitUtilImpl   : jakarta.persistence.PersistenceUnitUtil.getIdentifier is only intended to work with enhanced entities (although Hibernate also adapts this support to its proxies); however the passed entity was not enhanced (nor a proxy).. may not be able to read identifier
2025-06-26T21:23:10.780-04:00 DEBUG 13092 --- [productos] [           main] org.hibernate.engine.spi.ActionQueue     : Executing identity-insert immediately
2025-06-26T21:23:10.782-04:00 DEBUG 13092 --- [productos] [           main] org.hibernate.SQL                        : 
    insert 
    into
        producto
        (descripcion, nombre, origen, precio, proveedor, stock, id) 
    values
        (?, ?, ?, ?, ?, ?, default)
Hibernate: 
    insert 
    into
        producto
        (descripcion, nombre, origen, precio, proveedor, stock, id) 
    values
        (?, ?, ?, ?, ?, ?, default)
2025-06-26T21:23:10.782-04:00 DEBUG 13092 --- [productos] [           main] org.hibernate.orm.results                : Initializer list is empty
2025-06-26T21:23:10.782-04:00 DEBUG 13092 --- [productos] [           main] o.h.id.IdentifierGeneratorHelper         : Extracted generated values [com.hoppyware.productos.model.Producto]: [Ljava.lang.Object;@48dc9950
2025-06-26T21:23:10.784-04:00 DEBUG 13092 --- [productos] [           main] o.h.j.internal.PersistenceUnitUtilImpl   : jakarta.persistence.PersistenceUnitUtil.getIdentifier is only intended to work with enhanced entities (although Hibernate also adapts this support to its proxies); however the passed entity was not enhanced (nor a proxy).. may not be able to read identifier
2025-06-26T21:23:10.784-04:00 DEBUG 13092 --- [productos] [           main] org.hibernate.engine.spi.ActionQueue     : Executing identity-insert immediately
2025-06-26T21:23:10.784-04:00 DEBUG 13092 --- [productos] [           main] org.hibernate.SQL                        : 
    insert 
    into
        producto
        (descripcion, nombre, origen, precio, proveedor, stock, id) 
    values
        (?, ?, ?, ?, ?, ?, default)
Hibernate: 
    insert 
    into
        producto
        (descripcion, nombre, origen, precio, proveedor, stock, id) 
    values
        (?, ?, ?, ?, ?, ?, default)
2025-06-26T21:23:10.786-04:00 DEBUG 13092 --- [productos] [           main] org.hibernate.orm.results                : Initializer list is empty
2025-06-26T21:23:10.786-04:00 DEBUG 13092 --- [productos] [           main] o.h.id.IdentifierGeneratorHelper         : Extracted generated values [com.hoppyware.productos.model.Producto]: [Ljava.lang.Object;@7bbd944e
2025-06-26T21:23:10.802-04:00 DEBUG 13092 --- [productos] [           main] o.h.e.t.internal.TransactionImpl         : rolling back
]]></system-out>
  </testcase>
  <testcase name="buscarPorProveedor" classname="com.hoppyware.productos.ProductoRepositoryTest" time="0.099">
    <system-out><![CDATA[2025-06-26T21:23:10.806-04:00 DEBUG 13092 --- [productos] [           main] o.h.e.t.internal.TransactionImpl         : On TransactionImpl creation, JpaCompliance#isJpaTransactionComplianceEnabled == false
2025-06-26T21:23:10.806-04:00 DEBUG 13092 --- [productos] [           main] o.h.e.t.internal.TransactionImpl         : begin
2025-06-26T21:23:10.808-04:00 DEBUG 13092 --- [productos] [           main] o.h.j.internal.PersistenceUnitUtilImpl   : jakarta.persistence.PersistenceUnitUtil.getIdentifier is only intended to work with enhanced entities (although Hibernate also adapts this support to its proxies); however the passed entity was not enhanced (nor a proxy).. may not be able to read identifier
2025-06-26T21:23:10.808-04:00 DEBUG 13092 --- [productos] [           main] org.hibernate.engine.spi.ActionQueue     : Executing identity-insert immediately
2025-06-26T21:23:10.809-04:00 DEBUG 13092 --- [productos] [           main] org.hibernate.SQL                        : 
    insert 
    into
        producto
        (descripcion, nombre, origen, precio, proveedor, stock, id) 
    values
        (?, ?, ?, ?, ?, ?, default)
Hibernate: 
    insert 
    into
        producto
        (descripcion, nombre, origen, precio, proveedor, stock, id) 
    values
        (?, ?, ?, ?, ?, ?, default)
2025-06-26T21:23:10.809-04:00 DEBUG 13092 --- [productos] [           main] org.hibernate.orm.results                : Initializer list is empty
2025-06-26T21:23:10.809-04:00 DEBUG 13092 --- [productos] [           main] o.h.id.IdentifierGeneratorHelper         : Extracted generated values [com.hoppyware.productos.model.Producto]: [Ljava.lang.Object;@6b8cdc4
2025-06-26T21:23:10.854-04:00 DEBUG 13092 --- [productos] [           main] org.hibernate.orm.query.plan.cache       : Creating and caching NativeQuery ParameterInterpretation - ParameterInterpretationImpl (SELECT * FROM producto WHERE proveedor = ?) : {
    
}
2025-06-26T21:23:10.865-04:00 DEBUG 13092 --- [productos] [           main] o.h.e.i.AbstractFlushingEventListener    : Processing flush-time cascades
2025-06-26T21:23:10.867-04:00 DEBUG 13092 --- [productos] [           main] o.h.e.i.AbstractFlushingEventListener    : Dirty checking collections
2025-06-26T21:23:10.878-04:00 DEBUG 13092 --- [productos] [           main] o.h.e.i.AbstractFlushingEventListener    : Flushed: 0 insertions, 0 updates, 0 deletions to 1 objects
2025-06-26T21:23:10.878-04:00 DEBUG 13092 --- [productos] [           main] o.h.e.i.AbstractFlushingEventListener    : Flushed: 0 (re)creations, 0 updates, 0 removals to 0 collections
2025-06-26T21:23:10.882-04:00 DEBUG 13092 --- [productos] [           main] o.hibernate.internal.util.EntityPrinter  : Listing entities:
2025-06-26T21:23:10.883-04:00 DEBUG 13092 --- [productos] [           main] o.hibernate.internal.util.EntityPrinter  : com.hoppyware.productos.model.Producto{descripcion=Cerveza de prueba, precio=100, proveedor=Proveedor Test, id=4, origen=Testlandia, stock=50, nombre=Cerveza Test}
2025-06-26T21:23:10.891-04:00 DEBUG 13092 --- [productos] [           main] o.h.e.i.AbstractFlushingEventListener    : Processing flush-time cascades
2025-06-26T21:23:10.891-04:00 DEBUG 13092 --- [productos] [           main] o.h.e.i.AbstractFlushingEventListener    : Dirty checking collections
2025-06-26T21:23:10.891-04:00 DEBUG 13092 --- [productos] [           main] o.h.e.i.AbstractFlushingEventListener    : Flushed: 0 insertions, 0 updates, 0 deletions to 1 objects
2025-06-26T21:23:10.891-04:00 DEBUG 13092 --- [productos] [           main] o.h.e.i.AbstractFlushingEventListener    : Flushed: 0 (re)creations, 0 updates, 0 removals to 0 collections
2025-06-26T21:23:10.891-04:00 DEBUG 13092 --- [productos] [           main] o.hibernate.internal.util.EntityPrinter  : Listing entities:
2025-06-26T21:23:10.891-04:00 DEBUG 13092 --- [productos] [           main] o.hibernate.internal.util.EntityPrinter  : com.hoppyware.productos.model.Producto{descripcion=Cerveza de prueba, precio=100, proveedor=Proveedor Test, id=4, origen=Testlandia, stock=50, nombre=Cerveza Test}
2025-06-26T21:23:10.891-04:00 DEBUG 13092 --- [productos] [           main] org.hibernate.orm.sql.exec               : Skipping reading Query result cache data: cache-enabled = false, cache-mode = NORMAL
2025-06-26T21:23:10.891-04:00 DEBUG 13092 --- [productos] [           main] org.hibernate.SQL                        : 
    SELECT
        * 
    FROM
        producto 
    WHERE
        proveedor = ?
Hibernate: 
    SELECT
        * 
    FROM
        producto 
    WHERE
        proveedor = ?
2025-06-26T21:23:10.897-04:00 DEBUG 13092 --- [productos] [           main] org.hibernate.orm.results                : Disallowing positional selections : SELECT * FROM producto WHERE proveedor = :proveedor
2025-06-26T21:23:10.899-04:00 DEBUG 13092 --- [productos] [           main] org.hibernate.orm.results                : Initializer list:
	  com.hoppyware.productos.model.Producto -> EntityJoinedFetchInitializer(com.hoppyware.productos.model.Producto)@486668812 (SingleTableEntityPersister(com.hoppyware.productos.model.Producto))

2025-06-26T21:23:10.903-04:00 DEBUG 13092 --- [productos] [           main] o.h.e.t.internal.TransactionImpl         : rolling back
]]></system-out>
  </testcase>
  <testcase name="contextoLoads" classname="com.hoppyware.productos.ProductoRepositoryTest" time="0.009">
    <system-out><![CDATA[2025-06-26T21:23:10.907-04:00 DEBUG 13092 --- [productos] [           main] o.h.e.t.internal.TransactionImpl         : On TransactionImpl creation, JpaCompliance#isJpaTransactionComplianceEnabled == false
2025-06-26T21:23:10.907-04:00 DEBUG 13092 --- [productos] [           main] o.h.e.t.internal.TransactionImpl         : begin
2025-06-26T21:23:10.914-04:00 DEBUG 13092 --- [productos] [           main] o.h.e.t.internal.TransactionImpl         : rolling back
]]></system-out>
  </testcase>
  <testcase name="agregarProducto" classname="com.hoppyware.productos.ProductoRepositoryTest" time="0.02">
    <system-out><![CDATA[2025-06-26T21:23:10.918-04:00 DEBUG 13092 --- [productos] [           main] o.h.e.t.internal.TransactionImpl         : On TransactionImpl creation, JpaCompliance#isJpaTransactionComplianceEnabled == false
2025-06-26T21:23:10.918-04:00 DEBUG 13092 --- [productos] [           main] o.h.e.t.internal.TransactionImpl         : begin
2025-06-26T21:23:10.931-04:00 DEBUG 13092 --- [productos] [           main] o.h.j.internal.PersistenceUnitUtilImpl   : jakarta.persistence.PersistenceUnitUtil.getIdentifier is only intended to work with enhanced entities (although Hibernate also adapts this support to its proxies); however the passed entity was not enhanced (nor a proxy).. may not be able to read identifier
2025-06-26T21:23:10.932-04:00 DEBUG 13092 --- [productos] [           main] org.hibernate.engine.spi.ActionQueue     : Executing identity-insert immediately
2025-06-26T21:23:10.936-04:00 DEBUG 13092 --- [productos] [           main] org.hibernate.SQL                        : 
    insert 
    into
        producto
        (descripcion, nombre, origen, precio, proveedor, stock, id) 
    values
        (?, ?, ?, ?, ?, ?, default)
Hibernate: 
    insert 
    into
        producto
        (descripcion, nombre, origen, precio, proveedor, stock, id) 
    values
        (?, ?, ?, ?, ?, ?, default)
2025-06-26T21:23:10.937-04:00 DEBUG 13092 --- [productos] [           main] org.hibernate.orm.results                : Initializer list is empty
2025-06-26T21:23:10.937-04:00 DEBUG 13092 --- [productos] [           main] o.h.id.IdentifierGeneratorHelper         : Extracted generated values [com.hoppyware.productos.model.Producto]: [Ljava.lang.Object;@6e70861
2025-06-26T21:23:10.937-04:00 DEBUG 13092 --- [productos] [           main] o.h.e.t.internal.TransactionImpl         : rolling back
]]></system-out>
  </testcase>
</testsuite>