<?xml version="1.0" encoding="UTF-8"?>
<testsuite xmlns:xsi="http://www.w3.org/2001/XMLSchema-instance" xsi:noNamespaceSchemaLocation="https://maven.apache.org/surefire/maven-surefire-plugin/xsd/surefire-test-report.xsd" version="3.0.2" name="com.hoppyware.productos.ProductoControllerTest" time="16.423" tests="1" errors="0" skipped="0" failures="0">
  <properties>
    <property name="java.specification.version" value="17"/>
    <property name="sun.cpu.isalist" value="amd64"/>
    <property name="sun.jnu.encoding" value="Cp1252"/>
    <property name="java.class.path" value="C:\Users\disas\OneDrive\Escritorio\Producto-ms\producto-hw\target\test-classes;C:\Users\disas\OneDrive\Escritorio\Producto-ms\producto-hw\target\classes;C:\Users\disas\.m2\repository\org\springframework\boot\spring-boot-starter-data-jpa\3.4.7\spring-boot-starter-data-jpa-3.4.7.jar;C:\Users\disas\.m2\repository\org\springframework\boot\spring-boot-starter\3.4.7\spring-boot-starter-3.4.7.jar;C:\Users\disas\.m2\repository\org\springframework\boot\spring-boot\3.4.7\spring-boot-3.4.7.jar;C:\Users\disas\.m2\repository\org\springframework\boot\spring-boot-autoconfigure\3.4.7\spring-boot-autoconfigure-3.4.7.jar;C:\Users\disas\.m2\repository\org\springframework\boot\spring-boot-starter-logging\3.4.7\spring-boot-starter-logging-3.4.7.jar;C:\Users\disas\.m2\repository\ch\qos\logback\logback-classic\1.5.18\logback-classic-1.5.18.jar;C:\Users\disas\.m2\repository\ch\qos\logback\logback-core\1.5.18\logback-core-1.5.18.jar;C:\Users\disas\.m2\repository\org\apache\logging\log4j\log4j-to-slf4j\2.24.3\log4j-to-slf4j-2.24.3.jar;C:\Users\disas\.m2\repository\org\apache\logging\log4j\log4j-api\2.24.3\log4j-api-2.24.3.jar;C:\Users\disas\.m2\repository\org\slf4j\jul-to-slf4j\2.0.17\jul-to-slf4j-2.0.17.jar;C:\Users\disas\.m2\repository\jakarta\annotation\jakarta.annotation-api\2.1.1\jakarta.annotation-api-2.1.1.jar;C:\Users\disas\.m2\repository\org\yaml\snakeyaml\2.3\snakeyaml-2.3.jar;C:\Users\disas\.m2\repository\org\springframework\boot\spring-boot-starter-jdbc\3.4.7\spring-boot-starter-jdbc-3.4.7.jar;C:\Users\disas\.m2\repository\com\zaxxer\HikariCP\5.1.0\HikariCP-5.1.0.jar;C:\Users\disas\.m2\repository\org\springframework\spring-jdbc\6.2.8\spring-jdbc-6.2.8.jar;C:\Users\disas\.m2\repository\org\hibernate\orm\hibernate-core\6.6.18.Final\hibernate-core-6.6.18.Final.jar;C:\Users\disas\.m2\repository\jakarta\persistence\jakarta.persistence-api\3.1.0\jakarta.persistence-api-3.1.0.jar;C:\Users\disas\.m2\repository\jakarta\transaction\jakarta.transaction-api\2.0.1\jakarta.transaction-api-2.0.1.jar;C:\Users\disas\.m2\repository\org\jboss\logging\jboss-logging\3.6.1.Final\jboss-logging-3.6.1.Final.jar;C:\Users\disas\.m2\repository\org\hibernate\common\hibernate-commons-annotations\7.0.3.Final\hibernate-commons-annotations-7.0.3.Final.jar;C:\Users\disas\.m2\repository\io\smallrye\jandex\3.2.0\jandex-3.2.0.jar;C:\Users\disas\.m2\repository\com\fasterxml\classmate\1.7.0\classmate-1.7.0.jar;C:\Users\disas\.m2\repository\net\bytebuddy\byte-buddy\1.15.11\byte-buddy-1.15.11.jar;C:\Users\disas\.m2\repository\org\glassfish\jaxb\jaxb-runtime\4.0.5\jaxb-runtime-4.0.5.jar;C:\Users\disas\.m2\repository\org\glassfish\jaxb\jaxb-core\4.0.5\jaxb-core-4.0.5.jar;C:\Users\disas\.m2\repository\org\eclipse\angus\angus-activation\2.0.2\angus-activation-2.0.2.jar;C:\Users\disas\.m2\repository\org\glassfish\jaxb\txw2\4.0.5\txw2-4.0.5.jar;C:\Users\disas\.m2\repository\com\sun\istack\istack-commons-runtime\4.1.2\istack-commons-runtime-4.1.2.jar;C:\Users\disas\.m2\repository\jakarta\inject\jakarta.inject-api\2.0.1\jakarta.inject-api-2.0.1.jar;C:\Users\disas\.m2\repository\org\antlr\antlr4-runtime\4.13.0\antlr4-runtime-4.13.0.jar;C:\Users\disas\.m2\repository\org\springframework\data\spring-data-jpa\3.4.7\spring-data-jpa-3.4.7.jar;C:\Users\disas\.m2\repository\org\springframework\data\spring-data-commons\3.4.7\spring-data-commons-3.4.7.jar;C:\Users\disas\.m2\repository\org\springframework\spring-orm\6.2.8\spring-orm-6.2.8.jar;C:\Users\disas\.m2\repository\org\springframework\spring-context\6.2.8\spring-context-6.2.8.jar;C:\Users\disas\.m2\repository\org\springframework\spring-aop\6.2.8\spring-aop-6.2.8.jar;C:\Users\disas\.m2\repository\org\springframework\spring-tx\6.2.8\spring-tx-6.2.8.jar;C:\Users\disas\.m2\repository\org\springframework\spring-beans\6.2.8\spring-beans-6.2.8.jar;C:\Users\disas\.m2\repository\org\springframework\spring-aspects\6.2.8\spring-aspects-6.2.8.jar;C:\Users\disas\.m2\repository\org\aspectj\aspectjweaver\1.9.24\aspectjweaver-1.9.24.jar;C:\Users\disas\.m2\repository\org\springframework\boot\spring-boot-starter-web\3.4.7\spring-boot-starter-web-3.4.7.jar;C:\Users\disas\.m2\repository\org\springframework\boot\spring-boot-starter-json\3.4.7\spring-boot-starter-json-3.4.7.jar;C:\Users\disas\.m2\repository\com\fasterxml\jackson\core\jackson-databind\2.18.4\jackson-databind-2.18.4.jar;C:\Users\disas\.m2\repository\com\fasterxml\jackson\core\jackson-annotations\2.18.4\jackson-annotations-2.18.4.jar;C:\Users\disas\.m2\repository\com\fasterxml\jackson\core\jackson-core\2.18.4.1\jackson-core-2.18.4.1.jar;C:\Users\disas\.m2\repository\com\fasterxml\jackson\datatype\jackson-datatype-jdk8\2.18.4\jackson-datatype-jdk8-2.18.4.jar;C:\Users\disas\.m2\repository\com\fasterxml\jackson\datatype\jackson-datatype-jsr310\2.18.4\jackson-datatype-jsr310-2.18.4.jar;C:\Users\disas\.m2\repository\com\fasterxml\jackson\module\jackson-module-parameter-names\2.18.4\jackson-module-parameter-names-2.18.4.jar;C:\Users\disas\.m2\repository\org\springframework\boot\spring-boot-starter-tomcat\3.4.7\spring-boot-starter-tomcat-3.4.7.jar;C:\Users\disas\.m2\repository\org\apache\tomcat\embed\tomcat-embed-core\10.1.42\tomcat-embed-core-10.1.42.jar;C:\Users\disas\.m2\repository\org\apache\tomcat\embed\tomcat-embed-el\10.1.42\tomcat-embed-el-10.1.42.jar;C:\Users\disas\.m2\repository\org\apache\tomcat\embed\tomcat-embed-websocket\10.1.42\tomcat-embed-websocket-10.1.42.jar;C:\Users\disas\.m2\repository\org\springframework\spring-web\6.2.8\spring-web-6.2.8.jar;C:\Users\disas\.m2\repository\io\micrometer\micrometer-observation\1.14.8\micrometer-observation-1.14.8.jar;C:\Users\disas\.m2\repository\io\micrometer\micrometer-commons\1.14.8\micrometer-commons-1.14.8.jar;C:\Users\disas\.m2\repository\org\springframework\spring-webmvc\6.2.8\spring-webmvc-6.2.8.jar;C:\Users\disas\.m2\repository\org\springframework\spring-expression\6.2.8\spring-expression-6.2.8.jar;C:\Users\disas\.m2\repository\org\springframework\cloud\spring-cloud-starter-openfeign\4.2.0\spring-cloud-starter-openfeign-4.2.0.jar;C:\Users\disas\.m2\repository\org\springframework\cloud\spring-cloud-starter\4.2.0\spring-cloud-starter-4.2.0.jar;C:\Users\disas\.m2\repository\org\springframework\cloud\spring-cloud-context\4.2.0\spring-cloud-context-4.2.0.jar;C:\Users\disas\.m2\repository\org\bouncycastle\bcprov-jdk18on\1.78.1\bcprov-jdk18on-1.78.1.jar;C:\Users\disas\.m2\repository\org\springframework\cloud\spring-cloud-openfeign-core\4.2.0\spring-cloud-openfeign-core-4.2.0.jar;C:\Users\disas\.m2\repository\io\github\openfeign\feign-form-spring\13.5\feign-form-spring-13.5.jar;C:\Users\disas\.m2\repository\io\github\openfeign\feign-form\13.5\feign-form-13.5.jar;C:\Users\disas\.m2\repository\commons-fileupload\commons-fileupload\1.5\commons-fileupload-1.5.jar;C:\Users\disas\.m2\repository\commons-io\commons-io\2.11.0\commons-io-2.11.0.jar;C:\Users\disas\.m2\repository\org\springframework\cloud\spring-cloud-commons\4.2.0\spring-cloud-commons-4.2.0.jar;C:\Users\disas\.m2\repository\org\springframework\security\spring-security-crypto\6.4.7\spring-security-crypto-6.4.7.jar;C:\Users\disas\.m2\repository\io\github\openfeign\feign-core\13.5\feign-core-13.5.jar;C:\Users\disas\.m2\repository\io\github\openfeign\feign-slf4j\13.5\feign-slf4j-13.5.jar;C:\Users\disas\.m2\repository\com\oracle\database\jdbc\ojdbc11\23.5.0.24.07\ojdbc11-23.5.0.24.07.jar;C:\Users\disas\.m2\repository\org\apache\httpcomponents\client5\httpclient5\5.4.4\httpclient5-5.4.4.jar;C:\Users\disas\.m2\repository\org\apache\httpcomponents\core5\httpcore5\5.3.4\httpcore5-5.3.4.jar;C:\Users\disas\.m2\repository\org\apache\httpcomponents\core5\httpcore5-h2\5.3.4\httpcore5-h2-5.3.4.jar;C:\Users\disas\.m2\repository\org\slf4j\slf4j-api\2.0.17\slf4j-api-2.0.17.jar;C:\Users\disas\.m2\repository\com\oracle\database\jdbc\ojdbc8\23.5.0.24.07\ojdbc8-23.5.0.24.07.jar;C:\Users\disas\.m2\repository\com\oracle\database\security\oraclepki\23.5.0.24.07\oraclepki-23.5.0.24.07.jar;C:\Users\disas\.m2\repository\com\oracle\database\security\osdt_core\19.8.0.0\osdt_core-19.8.0.0.jar;C:\Users\disas\.m2\repository\com\oracle\database\security\osdt_cert\19.8.0.0\osdt_cert-19.8.0.0.jar;C:\Users\disas\.m2\repository\org\projectlombok\lombok\1.18.38\lombok-1.18.38.jar;C:\Users\disas\.m2\repository\org\springframework\boot\spring-boot-starter-test\3.4.7\spring-boot-starter-test-3.4.7.jar;C:\Users\disas\.m2\repository\org\springframework\boot\spring-boot-test\3.4.7\spring-boot-test-3.4.7.jar;C:\Users\disas\.m2\repository\org\springframework\boot\spring-boot-test-autoconfigure\3.4.7\spring-boot-test-autoconfigure-3.4.7.jar;C:\Users\disas\.m2\repository\com\jayway\jsonpath\json-path\2.9.0\json-path-2.9.0.jar;C:\Users\disas\.m2\repository\jakarta\xml\bind\jakarta.xml.bind-api\4.0.2\jakarta.xml.bind-api-4.0.2.jar;C:\Users\disas\.m2\repository\jakarta\activation\jakarta.activation-api\2.1.3\jakarta.activation-api-2.1.3.jar;C:\Users\disas\.m2\repository\net\minidev\json-smart\2.5.2\json-smart-2.5.2.jar;C:\Users\disas\.m2\repository\net\minidev\accessors-smart\2.5.2\accessors-smart-2.5.2.jar;C:\Users\disas\.m2\repository\org\ow2\asm\asm\9.7.1\asm-9.7.1.jar;C:\Users\disas\.m2\repository\org\assertj\assertj-core\3.26.3\assertj-core-3.26.3.jar;C:\Users\disas\.m2\repository\org\awaitility\awaitility\4.2.2\awaitility-4.2.2.jar;C:\Users\disas\.m2\repository\org\hamcrest\hamcrest\2.2\hamcrest-2.2.jar;C:\Users\disas\.m2\repository\org\junit\jupiter\junit-jupiter\5.11.4\junit-jupiter-5.11.4.jar;C:\Users\disas\.m2\repository\org\junit\jupiter\junit-jupiter-api\5.11.4\junit-jupiter-api-5.11.4.jar;C:\Users\disas\.m2\repository\org\opentest4j\opentest4j\1.3.0\opentest4j-1.3.0.jar;C:\Users\disas\.m2\repository\org\junit\platform\junit-platform-commons\1.11.4\junit-platform-commons-1.11.4.jar;C:\Users\disas\.m2\repository\org\apiguardian\apiguardian-api\1.1.2\apiguardian-api-1.1.2.jar;C:\Users\disas\.m2\repository\org\junit\jupiter\junit-jupiter-params\5.11.4\junit-jupiter-params-5.11.4.jar;C:\Users\disas\.m2\repository\org\junit\jupiter\junit-jupiter-engine\5.11.4\junit-jupiter-engine-5.11.4.jar;C:\Users\disas\.m2\repository\org\junit\platform\junit-platform-engine\1.11.4\junit-platform-engine-1.11.4.jar;C:\Users\disas\.m2\repository\org\mockito\mockito-core\5.14.2\mockito-core-5.14.2.jar;C:\Users\disas\.m2\repository\net\bytebuddy\byte-buddy-agent\1.15.11\byte-buddy-agent-1.15.11.jar;C:\Users\disas\.m2\repository\org\objenesis\objenesis\3.3\objenesis-3.3.jar;C:\Users\disas\.m2\repository\org\mockito\mockito-junit-jupiter\5.14.2\mockito-junit-jupiter-5.14.2.jar;C:\Users\disas\.m2\repository\org\skyscreamer\jsonassert\1.5.3\jsonassert-1.5.3.jar;C:\Users\disas\.m2\repository\com\vaadin\external\google\android-json\0.0.20131108.vaadin1\android-json-0.0.20131108.vaadin1.jar;C:\Users\disas\.m2\repository\org\springframework\spring-core\6.2.8\spring-core-6.2.8.jar;C:\Users\disas\.m2\repository\org\springframework\spring-jcl\6.2.8\spring-jcl-6.2.8.jar;C:\Users\disas\.m2\repository\org\springframework\spring-test\6.2.8\spring-test-6.2.8.jar;C:\Users\disas\.m2\repository\org\xmlunit\xmlunit-core\2.10.2\xmlunit-core-2.10.2.jar;C:\Users\disas\.m2\repository\org\springdoc\springdoc-openapi-starter-webmvc-ui\2.8.5\springdoc-openapi-starter-webmvc-ui-2.8.5.jar;C:\Users\disas\.m2\repository\org\springdoc\springdoc-openapi-starter-webmvc-api\2.8.5\springdoc-openapi-starter-webmvc-api-2.8.5.jar;C:\Users\disas\.m2\repository\org\springdoc\springdoc-openapi-starter-common\2.8.5\springdoc-openapi-starter-common-2.8.5.jar;C:\Users\disas\.m2\repository\io\swagger\core\v3\swagger-core-jakarta\2.2.28\swagger-core-jakarta-2.2.28.jar;C:\Users\disas\.m2\repository\org\apache\commons\commons-lang3\3.17.0\commons-lang3-3.17.0.jar;C:\Users\disas\.m2\repository\io\swagger\core\v3\swagger-annotations-jakarta\2.2.28\swagger-annotations-jakarta-2.2.28.jar;C:\Users\disas\.m2\repository\io\swagger\core\v3\swagger-models-jakarta\2.2.28\swagger-models-jakarta-2.2.28.jar;C:\Users\disas\.m2\repository\jakarta\validation\jakarta.validation-api\3.0.2\jakarta.validation-api-3.0.2.jar;C:\Users\disas\.m2\repository\com\fasterxml\jackson\dataformat\jackson-dataformat-yaml\2.18.4\jackson-dataformat-yaml-2.18.4.jar;C:\Users\disas\.m2\repository\org\webjars\swagger-ui\5.18.3\swagger-ui-5.18.3.jar;C:\Users\disas\.m2\repository\org\webjars\webjars-locator-lite\1.0.1\webjars-locator-lite-1.0.1.jar;C:\Users\disas\.m2\repository\org\jspecify\jspecify\1.0.0\jspecify-1.0.0.jar;C:\Users\disas\.m2\repository\org\springdoc\springdoc-openapi-starter-webflux-ui\2.8.5\springdoc-openapi-starter-webflux-ui-2.8.5.jar;C:\Users\disas\.m2\repository\org\springdoc\springdoc-openapi-starter-webflux-api\2.8.5\springdoc-openapi-starter-webflux-api-2.8.5.jar;C:\Users\disas\.m2\repository\org\springframework\spring-webflux\6.2.8\spring-webflux-6.2.8.jar;C:\Users\disas\.m2\repository\io\projectreactor\reactor-core\3.7.7\reactor-core-3.7.7.jar;C:\Users\disas\.m2\repository\org\reactivestreams\reactive-streams\1.0.4\reactive-streams-1.0.4.jar;C:\Users\disas\.m2\repository\com\h2database\h2\2.3.232\h2-2.3.232.jar;"/>
    <property name="java.vm.vendor" value="Oracle Corporation"/>
    <property name="sun.arch.data.model" value="64"/>
    <property name="user.variant" value=""/>
    <property name="java.vendor.url" value="https://java.oracle.com/"/>
    <property name="user.timezone" value="America/Santiago"/>
    <property name="org.jboss.logging.provider" value="slf4j"/>
    <property name="os.name" value="Windows 11"/>
    <property name="java.vm.specification.version" value="17"/>
    <property name="APPLICATION_NAME" value="productos"/>
    <property name="user.country" value="CL"/>
    <property name="sun.java.launcher" value="SUN_STANDARD"/>
    <property name="sun.boot.library.path" value="C:\Program Files\Java\jdk-17\bin"/>
    <property name="sun.java.command" value="C:\Users\disas\AppData\Local\Temp\surefire17611373377497183976\surefirebooter-20250627034610374_3.jar C:\Users\disas\AppData\Local\Temp\surefire17611373377497183976 2025-06-27T03-46-10_086-jvmRun1 surefire-20250627034610374_1tmp surefire_0-20250627034610374_2tmp"/>
    <property name="jdk.debug" value="release"/>
    <property name="test" value="com.hoppyware.productos.ProductoControllerTest#devuelveActualizarStock"/>
    <property name="surefire.test.class.path" value="C:\Users\disas\OneDrive\Escritorio\Producto-ms\producto-hw\target\test-classes;C:\Users\disas\OneDrive\Escritorio\Producto-ms\producto-hw\target\classes;C:\Users\disas\.m2\repository\org\springframework\boot\spring-boot-starter-data-jpa\3.4.7\spring-boot-starter-data-jpa-3.4.7.jar;C:\Users\disas\.m2\repository\org\springframework\boot\spring-boot-starter\3.4.7\spring-boot-starter-3.4.7.jar;C:\Users\disas\.m2\repository\org\springframework\boot\spring-boot\3.4.7\spring-boot-3.4.7.jar;C:\Users\disas\.m2\repository\org\springframework\boot\spring-boot-autoconfigure\3.4.7\spring-boot-autoconfigure-3.4.7.jar;C:\Users\disas\.m2\repository\org\springframework\boot\spring-boot-starter-logging\3.4.7\spring-boot-starter-logging-3.4.7.jar;C:\Users\disas\.m2\repository\ch\qos\logback\logback-classic\1.5.18\logback-classic-1.5.18.jar;C:\Users\disas\.m2\repository\ch\qos\logback\logback-core\1.5.18\logback-core-1.5.18.jar;C:\Users\disas\.m2\repository\org\apache\logging\log4j\log4j-to-slf4j\2.24.3\log4j-to-slf4j-2.24.3.jar;C:\Users\disas\.m2\repository\org\apache\logging\log4j\log4j-api\2.24.3\log4j-api-2.24.3.jar;C:\Users\disas\.m2\repository\org\slf4j\jul-to-slf4j\2.0.17\jul-to-slf4j-2.0.17.jar;C:\Users\disas\.m2\repository\jakarta\annotation\jakarta.annotation-api\2.1.1\jakarta.annotation-api-2.1.1.jar;C:\Users\disas\.m2\repository\org\yaml\snakeyaml\2.3\snakeyaml-2.3.jar;C:\Users\disas\.m2\repository\org\springframework\boot\spring-boot-starter-jdbc\3.4.7\spring-boot-starter-jdbc-3.4.7.jar;C:\Users\disas\.m2\repository\com\zaxxer\HikariCP\5.1.0\HikariCP-5.1.0.jar;C:\Users\disas\.m2\repository\org\springframework\spring-jdbc\6.2.8\spring-jdbc-6.2.8.jar;C:\Users\disas\.m2\repository\org\hibernate\orm\hibernate-core\6.6.18.Final\hibernate-core-6.6.18.Final.jar;C:\Users\disas\.m2\repository\jakarta\persistence\jakarta.persistence-api\3.1.0\jakarta.persistence-api-3.1.0.jar;C:\Users\disas\.m2\repository\jakarta\transaction\jakarta.transaction-api\2.0.1\jakarta.transaction-api-2.0.1.jar;C:\Users\disas\.m2\repository\org\jboss\logging\jboss-logging\3.6.1.Final\jboss-logging-3.6.1.Final.jar;C:\Users\disas\.m2\repository\org\hibernate\common\hibernate-commons-annotations\7.0.3.Final\hibernate-commons-annotations-7.0.3.Final.jar;C:\Users\disas\.m2\repository\io\smallrye\jandex\3.2.0\jandex-3.2.0.jar;C:\Users\disas\.m2\repository\com\fasterxml\classmate\1.7.0\classmate-1.7.0.jar;C:\Users\disas\.m2\repository\net\bytebuddy\byte-buddy\1.15.11\byte-buddy-1.15.11.jar;C:\Users\disas\.m2\repository\org\glassfish\jaxb\jaxb-runtime\4.0.5\jaxb-runtime-4.0.5.jar;C:\Users\disas\.m2\repository\org\glassfish\jaxb\jaxb-core\4.0.5\jaxb-core-4.0.5.jar;C:\Users\disas\.m2\repository\org\eclipse\angus\angus-activation\2.0.2\angus-activation-2.0.2.jar;C:\Users\disas\.m2\repository\org\glassfish\jaxb\txw2\4.0.5\txw2-4.0.5.jar;C:\Users\disas\.m2\repository\com\sun\istack\istack-commons-runtime\4.1.2\istack-commons-runtime-4.1.2.jar;C:\Users\disas\.m2\repository\jakarta\inject\jakarta.inject-api\2.0.1\jakarta.inject-api-2.0.1.jar;C:\Users\disas\.m2\repository\org\antlr\antlr4-runtime\4.13.0\antlr4-runtime-4.13.0.jar;C:\Users\disas\.m2\repository\org\springframework\data\spring-data-jpa\3.4.7\spring-data-jpa-3.4.7.jar;C:\Users\disas\.m2\repository\org\springframework\data\spring-data-commons\3.4.7\spring-data-commons-3.4.7.jar;C:\Users\disas\.m2\repository\org\springframework\spring-orm\6.2.8\spring-orm-6.2.8.jar;C:\Users\disas\.m2\repository\org\springframework\spring-context\6.2.8\spring-context-6.2.8.jar;C:\Users\disas\.m2\repository\org\springframework\spring-aop\6.2.8\spring-aop-6.2.8.jar;C:\Users\disas\.m2\repository\org\springframework\spring-tx\6.2.8\spring-tx-6.2.8.jar;C:\Users\disas\.m2\repository\org\springframework\spring-beans\6.2.8\spring-beans-6.2.8.jar;C:\Users\disas\.m2\repository\org\springframework\spring-aspects\6.2.8\spring-aspects-6.2.8.jar;C:\Users\disas\.m2\repository\org\aspectj\aspectjweaver\1.9.24\aspectjweaver-1.9.24.jar;C:\Users\disas\.m2\repository\org\springframework\boot\spring-boot-starter-web\3.4.7\spring-boot-starter-web-3.4.7.jar;C:\Users\disas\.m2\repository\org\springframework\boot\spring-boot-starter-json\3.4.7\spring-boot-starter-json-3.4.7.jar;C:\Users\disas\.m2\repository\com\fasterxml\jackson\core\jackson-databind\2.18.4\jackson-databind-2.18.4.jar;C:\Users\disas\.m2\repository\com\fasterxml\jackson\core\jackson-annotations\2.18.4\jackson-annotations-2.18.4.jar;C:\Users\disas\.m2\repository\com\fasterxml\jackson\core\jackson-core\2.18.4.1\jackson-core-2.18.4.1.jar;C:\Users\disas\.m2\repository\com\fasterxml\jackson\datatype\jackson-datatype-jdk8\2.18.4\jackson-datatype-jdk8-2.18.4.jar;C:\Users\disas\.m2\repository\com\fasterxml\jackson\datatype\jackson-datatype-jsr310\2.18.4\jackson-datatype-jsr310-2.18.4.jar;C:\Users\disas\.m2\repository\com\fasterxml\jackson\module\jackson-module-parameter-names\2.18.4\jackson-module-parameter-names-2.18.4.jar;C:\Users\disas\.m2\repository\org\springframework\boot\spring-boot-starter-tomcat\3.4.7\spring-boot-starter-tomcat-3.4.7.jar;C:\Users\disas\.m2\repository\org\apache\tomcat\embed\tomcat-embed-core\10.1.42\tomcat-embed-core-10.1.42.jar;C:\Users\disas\.m2\repository\org\apache\tomcat\embed\tomcat-embed-el\10.1.42\tomcat-embed-el-10.1.42.jar;C:\Users\disas\.m2\repository\org\apache\tomcat\embed\tomcat-embed-websocket\10.1.42\tomcat-embed-websocket-10.1.42.jar;C:\Users\disas\.m2\repository\org\springframework\spring-web\6.2.8\spring-web-6.2.8.jar;C:\Users\disas\.m2\repository\io\micrometer\micrometer-observation\1.14.8\micrometer-observation-1.14.8.jar;C:\Users\disas\.m2\repository\io\micrometer\micrometer-commons\1.14.8\micrometer-commons-1.14.8.jar;C:\Users\disas\.m2\repository\org\springframework\spring-webmvc\6.2.8\spring-webmvc-6.2.8.jar;C:\Users\disas\.m2\repository\org\springframework\spring-expression\6.2.8\spring-expression-6.2.8.jar;C:\Users\disas\.m2\repository\org\springframework\cloud\spring-cloud-starter-openfeign\4.2.0\spring-cloud-starter-openfeign-4.2.0.jar;C:\Users\disas\.m2\repository\org\springframework\cloud\spring-cloud-starter\4.2.0\spring-cloud-starter-4.2.0.jar;C:\Users\disas\.m2\repository\org\springframework\cloud\spring-cloud-context\4.2.0\spring-cloud-context-4.2.0.jar;C:\Users\disas\.m2\repository\org\bouncycastle\bcprov-jdk18on\1.78.1\bcprov-jdk18on-1.78.1.jar;C:\Users\disas\.m2\repository\org\springframework\cloud\spring-cloud-openfeign-core\4.2.0\spring-cloud-openfeign-core-4.2.0.jar;C:\Users\disas\.m2\repository\io\github\openfeign\feign-form-spring\13.5\feign-form-spring-13.5.jar;C:\Users\disas\.m2\repository\io\github\openfeign\feign-form\13.5\feign-form-13.5.jar;C:\Users\disas\.m2\repository\commons-fileupload\commons-fileupload\1.5\commons-fileupload-1.5.jar;C:\Users\disas\.m2\repository\commons-io\commons-io\2.11.0\commons-io-2.11.0.jar;C:\Users\disas\.m2\repository\org\springframework\cloud\spring-cloud-commons\4.2.0\spring-cloud-commons-4.2.0.jar;C:\Users\disas\.m2\repository\org\springframework\security\spring-security-crypto\6.4.7\spring-security-crypto-6.4.7.jar;C:\Users\disas\.m2\repository\io\github\openfeign\feign-core\13.5\feign-core-13.5.jar;C:\Users\disas\.m2\repository\io\github\openfeign\feign-slf4j\13.5\feign-slf4j-13.5.jar;C:\Users\disas\.m2\repository\com\oracle\database\jdbc\ojdbc11\23.5.0.24.07\ojdbc11-23.5.0.24.07.jar;C:\Users\disas\.m2\repository\org\apache\httpcomponents\client5\httpclient5\5.4.4\httpclient5-5.4.4.jar;C:\Users\disas\.m2\repository\org\apache\httpcomponents\core5\httpcore5\5.3.4\httpcore5-5.3.4.jar;C:\Users\disas\.m2\repository\org\apache\httpcomponents\core5\httpcore5-h2\5.3.4\httpcore5-h2-5.3.4.jar;C:\Users\disas\.m2\repository\org\slf4j\slf4j-api\2.0.17\slf4j-api-2.0.17.jar;C:\Users\disas\.m2\repository\com\oracle\database\jdbc\ojdbc8\23.5.0.24.07\ojdbc8-23.5.0.24.07.jar;C:\Users\disas\.m2\repository\com\oracle\database\security\oraclepki\23.5.0.24.07\oraclepki-23.5.0.24.07.jar;C:\Users\disas\.m2\repository\com\oracle\database\security\osdt_core\19.8.0.0\osdt_core-19.8.0.0.jar;C:\Users\disas\.m2\repository\com\oracle\database\security\osdt_cert\19.8.0.0\osdt_cert-19.8.0.0.jar;C:\Users\disas\.m2\repository\org\projectlombok\lombok\1.18.38\lombok-1.18.38.jar;C:\Users\disas\.m2\repository\org\springframework\boot\spring-boot-starter-test\3.4.7\spring-boot-starter-test-3.4.7.jar;C:\Users\disas\.m2\repository\org\springframework\boot\spring-boot-test\3.4.7\spring-boot-test-3.4.7.jar;C:\Users\disas\.m2\repository\org\springframework\boot\spring-boot-test-autoconfigure\3.4.7\spring-boot-test-autoconfigure-3.4.7.jar;C:\Users\disas\.m2\repository\com\jayway\jsonpath\json-path\2.9.0\json-path-2.9.0.jar;C:\Users\disas\.m2\repository\jakarta\xml\bind\jakarta.xml.bind-api\4.0.2\jakarta.xml.bind-api-4.0.2.jar;C:\Users\disas\.m2\repository\jakarta\activation\jakarta.activation-api\2.1.3\jakarta.activation-api-2.1.3.jar;C:\Users\disas\.m2\repository\net\minidev\json-smart\2.5.2\json-smart-2.5.2.jar;C:\Users\disas\.m2\repository\net\minidev\accessors-smart\2.5.2\accessors-smart-2.5.2.jar;C:\Users\disas\.m2\repository\org\ow2\asm\asm\9.7.1\asm-9.7.1.jar;C:\Users\disas\.m2\repository\org\assertj\assertj-core\3.26.3\assertj-core-3.26.3.jar;C:\Users\disas\.m2\repository\org\awaitility\awaitility\4.2.2\awaitility-4.2.2.jar;C:\Users\disas\.m2\repository\org\hamcrest\hamcrest\2.2\hamcrest-2.2.jar;C:\Users\disas\.m2\repository\org\junit\jupiter\junit-jupiter\5.11.4\junit-jupiter-5.11.4.jar;C:\Users\disas\.m2\repository\org\junit\jupiter\junit-jupiter-api\5.11.4\junit-jupiter-api-5.11.4.jar;C:\Users\disas\.m2\repository\org\opentest4j\opentest4j\1.3.0\opentest4j-1.3.0.jar;C:\Users\disas\.m2\repository\org\junit\platform\junit-platform-commons\1.11.4\junit-platform-commons-1.11.4.jar;C:\Users\disas\.m2\repository\org\apiguardian\apiguardian-api\1.1.2\apiguardian-api-1.1.2.jar;C:\Users\disas\.m2\repository\org\junit\jupiter\junit-jupiter-params\5.11.4\junit-jupiter-params-5.11.4.jar;C:\Users\disas\.m2\repository\org\junit\jupiter\junit-jupiter-engine\5.11.4\junit-jupiter-engine-5.11.4.jar;C:\Users\disas\.m2\repository\org\junit\platform\junit-platform-engine\1.11.4\junit-platform-engine-1.11.4.jar;C:\Users\disas\.m2\repository\org\mockito\mockito-core\5.14.2\mockito-core-5.14.2.jar;C:\Users\disas\.m2\repository\net\bytebuddy\byte-buddy-agent\1.15.11\byte-buddy-agent-1.15.11.jar;C:\Users\disas\.m2\repository\org\objenesis\objenesis\3.3\objenesis-3.3.jar;C:\Users\disas\.m2\repository\org\mockito\mockito-junit-jupiter\5.14.2\mockito-junit-jupiter-5.14.2.jar;C:\Users\disas\.m2\repository\org\skyscreamer\jsonassert\1.5.3\jsonassert-1.5.3.jar;C:\Users\disas\.m2\repository\com\vaadin\external\google\android-json\0.0.20131108.vaadin1\android-json-0.0.20131108.vaadin1.jar;C:\Users\disas\.m2\repository\org\springframework\spring-core\6.2.8\spring-core-6.2.8.jar;C:\Users\disas\.m2\repository\org\springframework\spring-jcl\6.2.8\spring-jcl-6.2.8.jar;C:\Users\disas\.m2\repository\org\springframework\spring-test\6.2.8\spring-test-6.2.8.jar;C:\Users\disas\.m2\repository\org\xmlunit\xmlunit-core\2.10.2\xmlunit-core-2.10.2.jar;C:\Users\disas\.m2\repository\org\springdoc\springdoc-openapi-starter-webmvc-ui\2.8.5\springdoc-openapi-starter-webmvc-ui-2.8.5.jar;C:\Users\disas\.m2\repository\org\springdoc\springdoc-openapi-starter-webmvc-api\2.8.5\springdoc-openapi-starter-webmvc-api-2.8.5.jar;C:\Users\disas\.m2\repository\org\springdoc\springdoc-openapi-starter-common\2.8.5\springdoc-openapi-starter-common-2.8.5.jar;C:\Users\disas\.m2\repository\io\swagger\core\v3\swagger-core-jakarta\2.2.28\swagger-core-jakarta-2.2.28.jar;C:\Users\disas\.m2\repository\org\apache\commons\commons-lang3\3.17.0\commons-lang3-3.17.0.jar;C:\Users\disas\.m2\repository\io\swagger\core\v3\swagger-annotations-jakarta\2.2.28\swagger-annotations-jakarta-2.2.28.jar;C:\Users\disas\.m2\repository\io\swagger\core\v3\swagger-models-jakarta\2.2.28\swagger-models-jakarta-2.2.28.jar;C:\Users\disas\.m2\repository\jakarta\validation\jakarta.validation-api\3.0.2\jakarta.validation-api-3.0.2.jar;C:\Users\disas\.m2\repository\com\fasterxml\jackson\dataformat\jackson-dataformat-yaml\2.18.4\jackson-dataformat-yaml-2.18.4.jar;C:\Users\disas\.m2\repository\org\webjars\swagger-ui\5.18.3\swagger-ui-5.18.3.jar;C:\Users\disas\.m2\repository\org\webjars\webjars-locator-lite\1.0.1\webjars-locator-lite-1.0.1.jar;C:\Users\disas\.m2\repository\org\jspecify\jspecify\1.0.0\jspecify-1.0.0.jar;C:\Users\disas\.m2\repository\org\springdoc\springdoc-openapi-starter-webflux-ui\2.8.5\springdoc-openapi-starter-webflux-ui-2.8.5.jar;C:\Users\disas\.m2\repository\org\springdoc\springdoc-openapi-starter-webflux-api\2.8.5\springdoc-openapi-starter-webflux-api-2.8.5.jar;C:\Users\disas\.m2\repository\org\springframework\spring-webflux\6.2.8\spring-webflux-6.2.8.jar;C:\Users\disas\.m2\repository\io\projectreactor\reactor-core\3.7.7\reactor-core-3.7.7.jar;C:\Users\disas\.m2\repository\org\reactivestreams\reactive-streams\1.0.4\reactive-streams-1.0.4.jar;C:\Users\disas\.m2\repository\com\h2database\h2\2.3.232\h2-2.3.232.jar;"/>
    <property name="sun.cpu.endian" value="little"/>
    <property name="user.home" value="C:\Users\disas"/>
    <property name="user.language" value="es"/>
    <property name="java.specification.vendor" value="Oracle Corporation"/>
    <property name="java.version.date" value="2024-07-16"/>
    <property name="java.home" value="C:\Program Files\Java\jdk-17"/>
    <property name="file.separator" value="\"/>
    <property name="basedir" value="C:\Users\disas\OneDrive\Escritorio\Producto-ms\producto-hw"/>
    <property name="java.vm.compressedOopsMode" value="Zero based"/>
    <property name="line.separator" value="&#10;"/>
    <property name="java.vm.specification.vendor" value="Oracle Corporation"/>
    <property name="java.specification.name" value="Java Platform API Specification"/>
    <property name="FILE_LOG_CHARSET" value="windows-1252"/>
    <property name="java.awt.headless" value="true"/>
    <property name="surefire.real.class.path" value="C:\Users\disas\AppData\Local\Temp\surefire17611373377497183976\surefirebooter-20250627034610374_3.jar"/>
    <property name="user.script" value=""/>
    <property name="sun.management.compiler" value="HotSpot 64-Bit Tiered Compilers"/>
    <property name="java.runtime.version" value="17.0.12+8-LTS-286"/>
    <property name="user.name" value="disas"/>
    <property name="path.separator" value=";"/>
    <property name="os.version" value="10.0"/>
    <property name="java.runtime.name" value="Java(TM) SE Runtime Environment"/>
    <property name="file.encoding" value="Cp1252"/>
    <property name="java.vm.name" value="Java HotSpot(TM) 64-Bit Server VM"/>
    <property name="maven.ext.class.path" value="C:\Users\disas\.vscode\extensions\oracle.oracle-java-24.0.0\nbcode\java\maven-nblib\netbeans-eventspy.jar"/>
    <property name="localRepository" value="C:\Users\disas\.m2\repository"/>
    <property name="java.vendor.url.bug" value="https://bugreport.java.com/bugreport/"/>
    <property name="java.io.tmpdir" value="C:\Users\disas\AppData\Local\Temp\"/>
    <property name="com.zaxxer.hikari.pool_number" value="1"/>
    <property name="java.version" value="17.0.12"/>
    <property name="user.dir" value="C:\Users\disas\OneDrive\Escritorio\Producto-ms\producto-hw"/>
    <property name="os.arch" value="amd64"/>
    <property name="java.vm.specification.name" value="Java Virtual Machine Specification"/>
    <property name="PID" value="20716"/>
    <property name="sun.os.patch.level" value=""/>
    <property name="CONSOLE_LOG_CHARSET" value="windows-1252"/>
    <property name="native.encoding" value="Cp1252"/>
    <property name="java.library.path" value="C:\Program Files\Java\jdk-17\bin;C:\WINDOWS\Sun\Java\bin;C:\WINDOWS\system32;C:\WINDOWS;C:\WINDOWS\system32;C:\WINDOWS;C:\WINDOWS\System32\Wbem;C:\WINDOWS\System32\WindowsPowerShell\v1.0\;C:\WINDOWS\System32\OpenSSH\;C:\Program Files\Java\jdk-17\bin;C:\Users\disas\AppData\Local\Microsoft\WindowsApps;C:\Users\disas\AppData\Local\Programs\Microsoft VS Code\bin;."/>
    <property name="java.vm.info" value="mixed mode, sharing"/>
    <property name="java.vendor" value="Oracle Corporation"/>
    <property name="java.vm.version" value="17.0.12+8-LTS-286"/>
    <property name="sun.io.unicode.encoding" value="UnicodeLittle"/>
    <property name="java.class.version" value="61.0"/>
    <property name="LOGGED_APPLICATION_NAME" value="[productos] "/>
  </properties>
  <testcase name="devuelveActualizarStock" classname="com.hoppyware.productos.ProductoControllerTest" time="1.411">
    <system-out><![CDATA[03:46:11.963 [main] INFO org.springframework.test.context.support.AnnotationConfigContextLoaderUtils -- Could not detect default configuration classes for test class [com.hoppyware.productos.ProductoControllerTest]: ProductoControllerTest does not declare any static, non-private, non-final, nested classes annotated with @Configuration.
03:46:12.301 [main] INFO org.springframework.boot.test.context.SpringBootTestContextBootstrapper -- Found @SpringBootConfiguration com.hoppyware.productos.ProductosApplication for test class com.hoppyware.productos.ProductoControllerTest

  .   ____          _            __ _ _
 /\\ / ___'_ __ _ _(_)_ __  __ _ \ \ \ \
( ( )\___ | '_ | '_| | '_ \/ _` | \ \ \ \
 \\/  ___)| |_)| | | | | || (_| |  ) ) ) )
  '  |____| .__|_| |_|_| |_\__, | / / / /
 =========|_|==============|___/=/_/_/_/

 :: Spring Boot ::                (v3.4.7)

2025-06-27T03:46:13.784-04:00  INFO 20716 --- [productos] [           main] c.h.productos.ProductoControllerTest     : Starting ProductoControllerTest using Java 17.0.12 with PID 20716 (started by disas in C:\Users\disas\OneDrive\Escritorio\Producto-ms\producto-hw)
2025-06-27T03:46:13.788-04:00  INFO 20716 --- [productos] [           main] c.h.productos.ProductoControllerTest     : No active profile set, falling back to 1 default profile: "default"
2025-06-27T03:46:15.752-04:00  INFO 20716 --- [productos] [           main] .s.d.r.c.RepositoryConfigurationDelegate : Bootstrapping Spring Data JPA repositories in DEFAULT mode.
2025-06-27T03:46:15.964-04:00  INFO 20716 --- [productos] [           main] .s.d.r.c.RepositoryConfigurationDelegate : Finished Spring Data repository scanning in 194 ms. Found 1 JPA repository interface.
2025-06-27T03:46:16.298-04:00  INFO 20716 --- [productos] [           main] o.s.cloud.context.scope.GenericScope     : BeanFactory id=bbae80f7-1f2e-36d6-a904-d131854d85c5
2025-06-27T03:46:16.635-04:00 DEBUG 20716 --- [productos] [           main] com.zaxxer.hikari.HikariConfig           : Driver class oracle.jdbc.OracleDriver found in Thread context class loader jdk.internal.loader.ClassLoaders$AppClassLoader@73d16e93
2025-06-27T03:46:17.080-04:00 DEBUG 20716 --- [productos] [           main] o.hibernate.jpa.internal.util.LogHelper  : PersistenceUnitInfo [
	name: default
	persistence provider classname: null
	classloader: jdk.internal.loader.ClassLoaders$AppClassLoader@73d16e93
	excludeUnlistedClasses: true
	JTA datasource: null
	Non JTA datasource: HikariDataSource (null)
	Transaction type: RESOURCE_LOCAL
	PU root URL: file:/C:/Users/disas/OneDrive/Escritorio/Producto-ms/producto-hw/target/test-classes/
	Shared Cache Mode: UNSPECIFIED
	Validation Mode: AUTO
	Jar files URLs []
	Managed classes names [
		com.hoppyware.productos.model.Producto]
	Mapping files names []
	Properties []
2025-06-27T03:46:17.099-04:00 DEBUG 20716 --- [productos] [           main] o.h.i.internal.IntegratorServiceImpl     : Adding Integrator [org.hibernate.boot.beanvalidation.BeanValidationIntegrator].
2025-06-27T03:46:17.101-04:00 DEBUG 20716 --- [productos] [           main] o.h.i.internal.IntegratorServiceImpl     : Adding Integrator [org.hibernate.cache.internal.CollectionCacheInvalidator].
2025-06-27T03:46:17.233-04:00  INFO 20716 --- [productos] [           main] org.hibernate.Version                    : HHH000412: Hibernate ORM core version 6.6.18.Final
2025-06-27T03:46:17.241-04:00 DEBUG 20716 --- [productos] [           main] org.hibernate.cfg.Environment            : HHH000206: 'hibernate.properties' not found
2025-06-27T03:46:17.321-04:00 DEBUG 20716 --- [productos] [           main] org.hibernate.orm.idgen.factory          : Registering IdentifierGenerator strategy [uuid2] -> [org.hibernate.id.UUIDGenerator]
2025-06-27T03:46:17.322-04:00 DEBUG 20716 --- [productos] [           main] org.hibernate.orm.idgen.factory          : Registering IdentifierGenerator strategy [guid] -> [org.hibernate.id.GUIDGenerator]
2025-06-27T03:46:17.324-04:00 DEBUG 20716 --- [productos] [           main] org.hibernate.orm.idgen.factory          : Registering IdentifierGenerator strategy [uuid] -> [org.hibernate.id.UUIDHexGenerator]
2025-06-27T03:46:17.324-04:00 DEBUG 20716 --- [productos] [           main] org.hibernate.orm.idgen.factory          : Registering IdentifierGenerator strategy [uuid.hex] -> [org.hibernate.id.UUIDHexGenerator]
2025-06-27T03:46:17.325-04:00 DEBUG 20716 --- [productos] [           main] org.hibernate.orm.idgen.factory          : Registering IdentifierGenerator strategy [assigned] -> [org.hibernate.id.Assigned]
2025-06-27T03:46:17.328-04:00 DEBUG 20716 --- [productos] [           main] org.hibernate.orm.idgen.factory          : Registering IdentifierGenerator strategy [identity] -> [org.hibernate.id.IdentityGenerator]
2025-06-27T03:46:17.329-04:00 DEBUG 20716 --- [productos] [           main] org.hibernate.orm.idgen.factory          : Registering IdentifierGenerator strategy [select] -> [org.hibernate.id.SelectGenerator]
2025-06-27T03:46:17.331-04:00 DEBUG 20716 --- [productos] [           main] org.hibernate.orm.idgen.factory          : Registering IdentifierGenerator strategy [sequence] -> [org.hibernate.id.enhanced.SequenceStyleGenerator]
2025-06-27T03:46:17.333-04:00 DEBUG 20716 --- [productos] [           main] org.hibernate.orm.idgen.factory          : Registering IdentifierGenerator strategy [increment] -> [org.hibernate.id.IncrementGenerator]
2025-06-27T03:46:17.334-04:00 DEBUG 20716 --- [productos] [           main] org.hibernate.orm.idgen.factory          : Registering IdentifierGenerator strategy [foreign] -> [org.hibernate.id.ForeignGenerator]
2025-06-27T03:46:17.336-04:00 DEBUG 20716 --- [productos] [           main] org.hibernate.orm.idgen.factory          : Registering IdentifierGenerator strategy [enhanced-sequence] -> [org.hibernate.id.enhanced.SequenceStyleGenerator]
2025-06-27T03:46:17.337-04:00 DEBUG 20716 --- [productos] [           main] org.hibernate.orm.idgen.factory          : Registering IdentifierGenerator strategy [enhanced-table] -> [org.hibernate.id.enhanced.TableGenerator]
2025-06-27T03:46:17.350-04:00 DEBUG 20716 --- [productos] [           main] o.h.c.internal.RegionFactoryInitiator    : Cannot default RegionFactory based on registered strategies as `[]` RegionFactory strategies were registered
2025-06-27T03:46:17.353-04:00  INFO 20716 --- [productos] [           main] o.h.c.internal.RegionFactoryInitiator    : HHH000026: Second-level cache disabled
2025-06-27T03:46:17.598-04:00 DEBUG 20716 --- [productos] [           main] org.hibernate.type.BasicTypeRegistry     : Adding type registration boolean -> org.hibernate.type.BasicTypeReference@6785c9fa
2025-06-27T03:46:17.598-04:00 DEBUG 20716 --- [productos] [           main] org.hibernate.type.BasicTypeRegistry     : Adding type registration boolean -> org.hibernate.type.BasicTypeReference@6785c9fa
2025-06-27T03:46:17.598-04:00 DEBUG 20716 --- [productos] [           main] org.hibernate.type.BasicTypeRegistry     : Adding type registration java.lang.Boolean -> org.hibernate.type.BasicTypeReference@6785c9fa
2025-06-27T03:46:17.599-04:00 DEBUG 20716 --- [productos] [           main] org.hibernate.type.BasicTypeRegistry     : Adding type registration numeric_boolean -> org.hibernate.type.BasicTypeReference@63cf578f
2025-06-27T03:46:17.599-04:00 DEBUG 20716 --- [productos] [           main] org.hibernate.type.BasicTypeRegistry     : Adding type registration org.hibernate.type.NumericBooleanConverter -> org.hibernate.type.BasicTypeReference@63cf578f
2025-06-27T03:46:17.599-04:00 DEBUG 20716 --- [productos] [           main] org.hibernate.type.BasicTypeRegistry     : Adding type registration true_false -> org.hibernate.type.BasicTypeReference@194b9783
2025-06-27T03:46:17.599-04:00 DEBUG 20716 --- [productos] [           main] org.hibernate.type.BasicTypeRegistry     : Adding type registration org.hibernate.type.TrueFalseConverter -> org.hibernate.type.BasicTypeReference@194b9783
2025-06-27T03:46:17.599-04:00 DEBUG 20716 --- [productos] [           main] org.hibernate.type.BasicTypeRegistry     : Adding type registration yes_no -> org.hibernate.type.BasicTypeReference@45297e7
2025-06-27T03:46:17.599-04:00 DEBUG 20716 --- [productos] [           main] org.hibernate.type.BasicTypeRegistry     : Adding type registration org.hibernate.type.YesNoConverter -> org.hibernate.type.BasicTypeReference@45297e7
2025-06-27T03:46:17.601-04:00 DEBUG 20716 --- [productos] [           main] org.hibernate.type.BasicTypeRegistry     : Adding type registration byte -> org.hibernate.type.BasicTypeReference@4dd1548e
2025-06-27T03:46:17.602-04:00 DEBUG 20716 --- [productos] [           main] org.hibernate.type.BasicTypeRegistry     : Adding type registration byte -> org.hibernate.type.BasicTypeReference@4dd1548e
2025-06-27T03:46:17.602-04:00 DEBUG 20716 --- [productos] [           main] org.hibernate.type.BasicTypeRegistry     : Adding type registration java.lang.Byte -> org.hibernate.type.BasicTypeReference@4dd1548e
2025-06-27T03:46:17.603-04:00 DEBUG 20716 --- [productos] [           main] org.hibernate.type.BasicTypeRegistry     : Adding type registration binary -> org.hibernate.type.BasicTypeReference@54bb1194
2025-06-27T03:46:17.603-04:00 DEBUG 20716 --- [productos] [           main] org.hibernate.type.BasicTypeRegistry     : Adding type registration byte[] -> org.hibernate.type.BasicTypeReference@54bb1194
2025-06-27T03:46:17.603-04:00 DEBUG 20716 --- [productos] [           main] org.hibernate.type.BasicTypeRegistry     : Adding type registration [B -> org.hibernate.type.BasicTypeReference@54bb1194
2025-06-27T03:46:17.603-04:00 DEBUG 20716 --- [productos] [           main] org.hibernate.type.BasicTypeRegistry     : Adding type registration binary_wrapper -> org.hibernate.type.BasicTypeReference@1109730f
2025-06-27T03:46:17.604-04:00 DEBUG 20716 --- [productos] [           main] org.hibernate.type.BasicTypeRegistry     : Adding type registration wrapper-binary -> org.hibernate.type.BasicTypeReference@1109730f
2025-06-27T03:46:17.604-04:00 DEBUG 20716 --- [productos] [           main] org.hibernate.type.BasicTypeRegistry     : Adding type registration image -> org.hibernate.type.BasicTypeReference@1f42366
2025-06-27T03:46:17.604-04:00 DEBUG 20716 --- [productos] [           main] org.hibernate.type.BasicTypeRegistry     : Adding type registration blob -> org.hibernate.type.BasicTypeReference@46c662f2
2025-06-27T03:46:17.604-04:00 DEBUG 20716 --- [productos] [           main] org.hibernate.type.BasicTypeRegistry     : Adding type registration java.sql.Blob -> org.hibernate.type.BasicTypeReference@46c662f2
2025-06-27T03:46:17.605-04:00 DEBUG 20716 --- [productos] [           main] org.hibernate.type.BasicTypeRegistry     : Adding type registration materialized_blob -> org.hibernate.type.BasicTypeReference@4afdfc0f
2025-06-27T03:46:17.605-04:00 DEBUG 20716 --- [productos] [           main] org.hibernate.type.BasicTypeRegistry     : Adding type registration materialized_blob_wrapper -> org.hibernate.type.BasicTypeReference@10b67f54
2025-06-27T03:46:17.605-04:00 DEBUG 20716 --- [productos] [           main] org.hibernate.type.BasicTypeRegistry     : Adding type registration short -> org.hibernate.type.BasicTypeReference@30798137
2025-06-27T03:46:17.605-04:00 DEBUG 20716 --- [productos] [           main] org.hibernate.type.BasicTypeRegistry     : Adding type registration short -> org.hibernate.type.BasicTypeReference@30798137
2025-06-27T03:46:17.605-04:00 DEBUG 20716 --- [productos] [           main] org.hibernate.type.BasicTypeRegistry     : Adding type registration java.lang.Short -> org.hibernate.type.BasicTypeReference@30798137
2025-06-27T03:46:17.605-04:00 DEBUG 20716 --- [productos] [           main] org.hibernate.type.BasicTypeRegistry     : Adding type registration integer -> org.hibernate.type.BasicTypeReference@455da438
2025-06-27T03:46:17.605-04:00 DEBUG 20716 --- [productos] [           main] org.hibernate.type.BasicTypeRegistry     : Adding type registration int -> org.hibernate.type.BasicTypeReference@455da438
2025-06-27T03:46:17.606-04:00 DEBUG 20716 --- [productos] [           main] org.hibernate.type.BasicTypeRegistry     : Adding type registration java.lang.Integer -> org.hibernate.type.BasicTypeReference@455da438
2025-06-27T03:46:17.606-04:00 DEBUG 20716 --- [productos] [           main] org.hibernate.type.BasicTypeRegistry     : Adding type registration long -> org.hibernate.type.BasicTypeReference@60652518
2025-06-27T03:46:17.606-04:00 DEBUG 20716 --- [productos] [           main] org.hibernate.type.BasicTypeRegistry     : Adding type registration long -> org.hibernate.type.BasicTypeReference@60652518
2025-06-27T03:46:17.607-04:00 DEBUG 20716 --- [productos] [           main] org.hibernate.type.BasicTypeRegistry     : Adding type registration java.lang.Long -> org.hibernate.type.BasicTypeReference@60652518
2025-06-27T03:46:17.609-04:00 DEBUG 20716 --- [productos] [           main] org.hibernate.type.BasicTypeRegistry     : Adding type registration float -> org.hibernate.type.BasicTypeReference@438aaa9f
2025-06-27T03:46:17.610-04:00 DEBUG 20716 --- [productos] [           main] org.hibernate.type.BasicTypeRegistry     : Adding type registration float -> org.hibernate.type.BasicTypeReference@438aaa9f
2025-06-27T03:46:17.611-04:00 DEBUG 20716 --- [productos] [           main] org.hibernate.type.BasicTypeRegistry     : Adding type registration java.lang.Float -> org.hibernate.type.BasicTypeReference@438aaa9f
2025-06-27T03:46:17.612-04:00 DEBUG 20716 --- [productos] [           main] org.hibernate.type.BasicTypeRegistry     : Adding type registration double -> org.hibernate.type.BasicTypeReference@3f06ebe0
2025-06-27T03:46:17.613-04:00 DEBUG 20716 --- [productos] [           main] org.hibernate.type.BasicTypeRegistry     : Adding type registration double -> org.hibernate.type.BasicTypeReference@3f06ebe0
2025-06-27T03:46:17.614-04:00 DEBUG 20716 --- [productos] [           main] org.hibernate.type.BasicTypeRegistry     : Adding type registration java.lang.Double -> org.hibernate.type.BasicTypeReference@3f06ebe0
2025-06-27T03:46:17.614-04:00 DEBUG 20716 --- [productos] [           main] org.hibernate.type.BasicTypeRegistry     : Adding type registration big_integer -> org.hibernate.type.BasicTypeReference@1752e45c
2025-06-27T03:46:17.614-04:00 DEBUG 20716 --- [productos] [           main] org.hibernate.type.BasicTypeRegistry     : Adding type registration java.math.BigInteger -> org.hibernate.type.BasicTypeReference@1752e45c
2025-06-27T03:46:17.615-04:00 DEBUG 20716 --- [productos] [           main] org.hibernate.type.BasicTypeRegistry     : Adding type registration big_decimal -> org.hibernate.type.BasicTypeReference@5ed65e4b
2025-06-27T03:46:17.615-04:00 DEBUG 20716 --- [productos] [           main] org.hibernate.type.BasicTypeRegistry     : Adding type registration java.math.BigDecimal -> org.hibernate.type.BasicTypeReference@5ed65e4b
2025-06-27T03:46:17.615-04:00 DEBUG 20716 --- [productos] [           main] org.hibernate.type.BasicTypeRegistry     : Adding type registration character -> org.hibernate.type.BasicTypeReference@481ed95c
2025-06-27T03:46:17.615-04:00 DEBUG 20716 --- [productos] [           main] org.hibernate.type.BasicTypeRegistry     : Adding type registration char -> org.hibernate.type.BasicTypeReference@481ed95c
2025-06-27T03:46:17.616-04:00 DEBUG 20716 --- [productos] [           main] org.hibernate.type.BasicTypeRegistry     : Adding type registration java.lang.Character -> org.hibernate.type.BasicTypeReference@481ed95c
2025-06-27T03:46:17.616-04:00 DEBUG 20716 --- [productos] [           main] org.hibernate.type.BasicTypeRegistry     : Adding type registration character_nchar -> org.hibernate.type.BasicTypeReference@40cf6254
2025-06-27T03:46:17.616-04:00 DEBUG 20716 --- [productos] [           main] org.hibernate.type.BasicTypeRegistry     : Adding type registration string -> org.hibernate.type.BasicTypeReference@40bf0e15
2025-06-27T03:46:17.616-04:00 DEBUG 20716 --- [productos] [           main] org.hibernate.type.BasicTypeRegistry     : Adding type registration java.lang.String -> org.hibernate.type.BasicTypeReference@40bf0e15
2025-06-27T03:46:17.616-04:00 DEBUG 20716 --- [productos] [           main] org.hibernate.type.BasicTypeRegistry     : Adding type registration nstring -> org.hibernate.type.BasicTypeReference@2c77344f
2025-06-27T03:46:17.616-04:00 DEBUG 20716 --- [productos] [           main] org.hibernate.type.BasicTypeRegistry     : Adding type registration characters -> org.hibernate.type.BasicTypeReference@121ddca4
2025-06-27T03:46:17.616-04:00 DEBUG 20716 --- [productos] [           main] org.hibernate.type.BasicTypeRegistry     : Adding type registration char[] -> org.hibernate.type.BasicTypeReference@121ddca4
2025-06-27T03:46:17.624-04:00 DEBUG 20716 --- [productos] [           main] org.hibernate.type.BasicTypeRegistry     : Adding type registration [C -> org.hibernate.type.BasicTypeReference@121ddca4
2025-06-27T03:46:17.628-04:00 DEBUG 20716 --- [productos] [           main] org.hibernate.type.BasicTypeRegistry     : Adding type registration wrapper-characters -> org.hibernate.type.BasicTypeReference@297bd171
2025-06-27T03:46:17.629-04:00 DEBUG 20716 --- [productos] [           main] org.hibernate.type.BasicTypeRegistry     : Adding type registration text -> org.hibernate.type.BasicTypeReference@118cbded
2025-06-27T03:46:17.631-04:00 DEBUG 20716 --- [productos] [           main] org.hibernate.type.BasicTypeRegistry     : Adding type registration ntext -> org.hibernate.type.BasicTypeReference@4cc26df
2025-06-27T03:46:17.634-04:00 DEBUG 20716 --- [productos] [           main] org.hibernate.type.BasicTypeRegistry     : Adding type registration clob -> org.hibernate.type.BasicTypeReference@7848321e
2025-06-27T03:46:17.635-04:00 DEBUG 20716 --- [productos] [           main] org.hibernate.type.BasicTypeRegistry     : Adding type registration java.sql.Clob -> org.hibernate.type.BasicTypeReference@7848321e
2025-06-27T03:46:17.636-04:00 DEBUG 20716 --- [productos] [           main] org.hibernate.type.BasicTypeRegistry     : Adding type registration nclob -> org.hibernate.type.BasicTypeReference@f4f843f
2025-06-27T03:46:17.637-04:00 DEBUG 20716 --- [productos] [           main] org.hibernate.type.BasicTypeRegistry     : Adding type registration java.sql.NClob -> org.hibernate.type.BasicTypeReference@f4f843f
2025-06-27T03:46:17.638-04:00 DEBUG 20716 --- [productos] [           main] org.hibernate.type.BasicTypeRegistry     : Adding type registration materialized_clob -> org.hibernate.type.BasicTypeReference@7b5833ee
2025-06-27T03:46:17.639-04:00 DEBUG 20716 --- [productos] [           main] org.hibernate.type.BasicTypeRegistry     : Adding type registration materialized_clob_char_array -> org.hibernate.type.BasicTypeReference@1e471884
2025-06-27T03:46:17.639-04:00 DEBUG 20716 --- [productos] [           main] org.hibernate.type.BasicTypeRegistry     : Adding type registration materialized_clob_character_array -> org.hibernate.type.BasicTypeReference@27261190
2025-06-27T03:46:17.640-04:00 DEBUG 20716 --- [productos] [           main] org.hibernate.type.BasicTypeRegistry     : Adding type registration materialized_nclob -> org.hibernate.type.BasicTypeReference@543b0737
2025-06-27T03:46:17.640-04:00 DEBUG 20716 --- [productos] [           main] org.hibernate.type.BasicTypeRegistry     : Adding type registration materialized_nclob_character_array -> org.hibernate.type.BasicTypeReference@6e46891d
2025-06-27T03:46:17.640-04:00 DEBUG 20716 --- [productos] [           main] org.hibernate.type.BasicTypeRegistry     : Adding type registration materialized_nclob_char_array -> org.hibernate.type.BasicTypeReference@48632f69
2025-06-27T03:46:17.641-04:00 DEBUG 20716 --- [productos] [           main] org.hibernate.type.BasicTypeRegistry     : Adding type registration Duration -> org.hibernate.type.BasicTypeReference@5fde1d64
2025-06-27T03:46:17.641-04:00 DEBUG 20716 --- [productos] [           main] org.hibernate.type.BasicTypeRegistry     : Adding type registration java.time.Duration -> org.hibernate.type.BasicTypeReference@5fde1d64
2025-06-27T03:46:17.641-04:00 DEBUG 20716 --- [productos] [           main] org.hibernate.type.BasicTypeRegistry     : Adding type registration LocalDateTime -> org.hibernate.type.BasicTypeReference@5350ab17
2025-06-27T03:46:17.642-04:00 DEBUG 20716 --- [productos] [           main] org.hibernate.type.BasicTypeRegistry     : Adding type registration java.time.LocalDateTime -> org.hibernate.type.BasicTypeReference@5350ab17
2025-06-27T03:46:17.643-04:00 DEBUG 20716 --- [productos] [           main] org.hibernate.type.BasicTypeRegistry     : Adding type registration LocalDate -> org.hibernate.type.BasicTypeReference@984de01
2025-06-27T03:46:17.643-04:00 DEBUG 20716 --- [productos] [           main] org.hibernate.type.BasicTypeRegistry     : Adding type registration java.time.LocalDate -> org.hibernate.type.BasicTypeReference@984de01
2025-06-27T03:46:17.643-04:00 DEBUG 20716 --- [productos] [           main] org.hibernate.type.BasicTypeRegistry     : Adding type registration LocalTime -> org.hibernate.type.BasicTypeReference@58cda03f
2025-06-27T03:46:17.643-04:00 DEBUG 20716 --- [productos] [           main] org.hibernate.type.BasicTypeRegistry     : Adding type registration java.time.LocalTime -> org.hibernate.type.BasicTypeReference@58cda03f
2025-06-27T03:46:17.643-04:00 DEBUG 20716 --- [productos] [           main] org.hibernate.type.BasicTypeRegistry     : Adding type registration OffsetDateTime -> org.hibernate.type.BasicTypeReference@7757a37f
2025-06-27T03:46:17.644-04:00 DEBUG 20716 --- [productos] [           main] org.hibernate.type.BasicTypeRegistry     : Adding type registration java.time.OffsetDateTime -> org.hibernate.type.BasicTypeReference@7757a37f
2025-06-27T03:46:17.644-04:00 DEBUG 20716 --- [productos] [           main] org.hibernate.type.BasicTypeRegistry     : Adding type registration OffsetDateTimeWithTimezone -> org.hibernate.type.BasicTypeReference@2109a691
2025-06-27T03:46:17.644-04:00 DEBUG 20716 --- [productos] [           main] org.hibernate.type.BasicTypeRegistry     : Adding type registration OffsetDateTimeWithoutTimezone -> org.hibernate.type.BasicTypeReference@e521067
2025-06-27T03:46:17.645-04:00 DEBUG 20716 --- [productos] [           main] org.hibernate.type.BasicTypeRegistry     : Adding type registration OffsetTime -> org.hibernate.type.BasicTypeReference@3bab95ca
2025-06-27T03:46:17.646-04:00 DEBUG 20716 --- [productos] [           main] org.hibernate.type.BasicTypeRegistry     : Adding type registration java.time.OffsetTime -> org.hibernate.type.BasicTypeReference@3bab95ca
2025-06-27T03:46:17.646-04:00 DEBUG 20716 --- [productos] [           main] org.hibernate.type.BasicTypeRegistry     : Adding type registration OffsetTimeUtc -> org.hibernate.type.BasicTypeReference@71ad959b
2025-06-27T03:46:17.646-04:00 DEBUG 20716 --- [productos] [           main] org.hibernate.type.BasicTypeRegistry     : Adding type registration OffsetTimeWithTimezone -> org.hibernate.type.BasicTypeReference@1d7c9811
2025-06-27T03:46:17.646-04:00 DEBUG 20716 --- [productos] [           main] org.hibernate.type.BasicTypeRegistry     : Adding type registration OffsetTimeWithoutTimezone -> org.hibernate.type.BasicTypeReference@3b362f1
2025-06-27T03:46:17.646-04:00 DEBUG 20716 --- [productos] [           main] org.hibernate.type.BasicTypeRegistry     : Adding type registration ZonedDateTime -> org.hibernate.type.BasicTypeReference@6451a288
2025-06-27T03:46:17.648-04:00 DEBUG 20716 --- [productos] [           main] org.hibernate.type.BasicTypeRegistry     : Adding type registration java.time.ZonedDateTime -> org.hibernate.type.BasicTypeReference@6451a288
2025-06-27T03:46:17.648-04:00 DEBUG 20716 --- [productos] [           main] org.hibernate.type.BasicTypeRegistry     : Adding type registration ZonedDateTimeWithTimezone -> org.hibernate.type.BasicTypeReference@79cdf2d4
2025-06-27T03:46:17.648-04:00 DEBUG 20716 --- [productos] [           main] org.hibernate.type.BasicTypeRegistry     : Adding type registration ZonedDateTimeWithoutTimezone -> org.hibernate.type.BasicTypeReference@8851ec
2025-06-27T03:46:17.648-04:00 DEBUG 20716 --- [productos] [           main] org.hibernate.type.BasicTypeRegistry     : Adding type registration date -> org.hibernate.type.BasicTypeReference@18b40fe6
2025-06-27T03:46:17.648-04:00 DEBUG 20716 --- [productos] [           main] org.hibernate.type.BasicTypeRegistry     : Adding type registration java.sql.Date -> org.hibernate.type.BasicTypeReference@18b40fe6
2025-06-27T03:46:17.648-04:00 DEBUG 20716 --- [productos] [           main] org.hibernate.type.BasicTypeRegistry     : Adding type registration time -> org.hibernate.type.BasicTypeReference@7198ab9a
2025-06-27T03:46:17.648-04:00 DEBUG 20716 --- [productos] [           main] org.hibernate.type.BasicTypeRegistry     : Adding type registration java.sql.Time -> org.hibernate.type.BasicTypeReference@7198ab9a
2025-06-27T03:46:17.652-04:00 DEBUG 20716 --- [productos] [           main] org.hibernate.type.BasicTypeRegistry     : Adding type registration timestamp -> org.hibernate.type.BasicTypeReference@67d5ac2f
2025-06-27T03:46:17.653-04:00 DEBUG 20716 --- [productos] [           main] org.hibernate.type.BasicTypeRegistry     : Adding type registration java.sql.Timestamp -> org.hibernate.type.BasicTypeReference@67d5ac2f
2025-06-27T03:46:17.653-04:00 DEBUG 20716 --- [productos] [           main] org.hibernate.type.BasicTypeRegistry     : Adding type registration java.util.Date -> org.hibernate.type.BasicTypeReference@67d5ac2f
2025-06-27T03:46:17.654-04:00 DEBUG 20716 --- [productos] [           main] org.hibernate.type.BasicTypeRegistry     : Adding type registration calendar -> org.hibernate.type.BasicTypeReference@25109608
2025-06-27T03:46:17.654-04:00 DEBUG 20716 --- [productos] [           main] org.hibernate.type.BasicTypeRegistry     : Adding type registration java.util.Calendar -> org.hibernate.type.BasicTypeReference@25109608
2025-06-27T03:46:17.654-04:00 DEBUG 20716 --- [productos] [           main] org.hibernate.type.BasicTypeRegistry     : Adding type registration java.util.GregorianCalendar -> org.hibernate.type.BasicTypeReference@25109608
2025-06-27T03:46:17.654-04:00 DEBUG 20716 --- [productos] [           main] org.hibernate.type.BasicTypeRegistry     : Adding type registration calendar_date -> org.hibernate.type.BasicTypeReference@1d637673
2025-06-27T03:46:17.654-04:00 DEBUG 20716 --- [productos] [           main] org.hibernate.type.BasicTypeRegistry     : Adding type registration calendar_time -> org.hibernate.type.BasicTypeReference@2913ca3e
2025-06-27T03:46:17.654-04:00 DEBUG 20716 --- [productos] [           main] org.hibernate.type.BasicTypeRegistry     : Adding type registration instant -> org.hibernate.type.BasicTypeReference@636dbfe7
2025-06-27T03:46:17.654-04:00 DEBUG 20716 --- [productos] [           main] org.hibernate.type.BasicTypeRegistry     : Adding type registration java.time.Instant -> org.hibernate.type.BasicTypeReference@636dbfe7
2025-06-27T03:46:17.654-04:00 DEBUG 20716 --- [productos] [           main] org.hibernate.type.BasicTypeRegistry     : Adding type registration uuid -> org.hibernate.type.BasicTypeReference@42ecc554
2025-06-27T03:46:17.654-04:00 DEBUG 20716 --- [productos] [           main] org.hibernate.type.BasicTypeRegistry     : Adding type registration java.util.UUID -> org.hibernate.type.BasicTypeReference@42ecc554
2025-06-27T03:46:17.654-04:00 DEBUG 20716 --- [productos] [           main] org.hibernate.type.BasicTypeRegistry     : Adding type registration pg-uuid -> org.hibernate.type.BasicTypeReference@42ecc554
2025-06-27T03:46:17.654-04:00 DEBUG 20716 --- [productos] [           main] org.hibernate.type.BasicTypeRegistry     : Adding type registration uuid-binary -> org.hibernate.type.BasicTypeReference@443af394
2025-06-27T03:46:17.656-04:00 DEBUG 20716 --- [productos] [           main] org.hibernate.type.BasicTypeRegistry     : Adding type registration uuid-char -> org.hibernate.type.BasicTypeReference@734f8317
2025-06-27T03:46:17.656-04:00 DEBUG 20716 --- [productos] [           main] org.hibernate.type.BasicTypeRegistry     : Adding type registration class -> org.hibernate.type.BasicTypeReference@7dd3981e
2025-06-27T03:46:17.656-04:00 DEBUG 20716 --- [productos] [           main] org.hibernate.type.BasicTypeRegistry     : Adding type registration java.lang.Class -> org.hibernate.type.BasicTypeReference@7dd3981e
2025-06-27T03:46:17.656-04:00 DEBUG 20716 --- [productos] [           main] org.hibernate.type.BasicTypeRegistry     : Adding type registration currency -> org.hibernate.type.BasicTypeReference@59313495
2025-06-27T03:46:17.656-04:00 DEBUG 20716 --- [productos] [           main] org.hibernate.type.BasicTypeRegistry     : Adding type registration Currency -> org.hibernate.type.BasicTypeReference@59313495
2025-06-27T03:46:17.656-04:00 DEBUG 20716 --- [productos] [           main] org.hibernate.type.BasicTypeRegistry     : Adding type registration java.util.Currency -> org.hibernate.type.BasicTypeReference@59313495
2025-06-27T03:46:17.656-04:00 DEBUG 20716 --- [productos] [           main] org.hibernate.type.BasicTypeRegistry     : Adding type registration locale -> org.hibernate.type.BasicTypeReference@4a04ca74
2025-06-27T03:46:17.656-04:00 DEBUG 20716 --- [productos] [           main] org.hibernate.type.BasicTypeRegistry     : Adding type registration java.util.Locale -> org.hibernate.type.BasicTypeReference@4a04ca74
2025-06-27T03:46:17.656-04:00 DEBUG 20716 --- [productos] [           main] org.hibernate.type.BasicTypeRegistry     : Adding type registration serializable -> org.hibernate.type.BasicTypeReference@455cbf18
2025-06-27T03:46:17.656-04:00 DEBUG 20716 --- [productos] [           main] org.hibernate.type.BasicTypeRegistry     : Adding type registration java.io.Serializable -> org.hibernate.type.BasicTypeReference@455cbf18
2025-06-27T03:46:17.656-04:00 DEBUG 20716 --- [productos] [           main] org.hibernate.type.BasicTypeRegistry     : Adding type registration timezone -> org.hibernate.type.BasicTypeReference@24aedcc5
2025-06-27T03:46:17.656-04:00 DEBUG 20716 --- [productos] [           main] org.hibernate.type.BasicTypeRegistry     : Adding type registration java.util.TimeZone -> org.hibernate.type.BasicTypeReference@24aedcc5
2025-06-27T03:46:17.656-04:00 DEBUG 20716 --- [productos] [           main] org.hibernate.type.BasicTypeRegistry     : Adding type registration ZoneOffset -> org.hibernate.type.BasicTypeReference@74ebd159
2025-06-27T03:46:17.656-04:00 DEBUG 20716 --- [productos] [           main] org.hibernate.type.BasicTypeRegistry     : Adding type registration java.time.ZoneOffset -> org.hibernate.type.BasicTypeReference@74ebd159
2025-06-27T03:46:17.656-04:00 DEBUG 20716 --- [productos] [           main] org.hibernate.type.BasicTypeRegistry     : Adding type registration url -> org.hibernate.type.BasicTypeReference@1850f2da
2025-06-27T03:46:17.656-04:00 DEBUG 20716 --- [productos] [           main] org.hibernate.type.BasicTypeRegistry     : Adding type registration java.net.URL -> org.hibernate.type.BasicTypeReference@1850f2da
2025-06-27T03:46:17.656-04:00 DEBUG 20716 --- [productos] [           main] org.hibernate.type.BasicTypeRegistry     : Adding type registration vector -> org.hibernate.type.BasicTypeReference@38d42ab7
2025-06-27T03:46:17.656-04:00 DEBUG 20716 --- [productos] [           main] org.hibernate.type.BasicTypeRegistry     : Adding type registration float_vector -> org.hibernate.type.BasicTypeReference@6ace919c
2025-06-27T03:46:17.656-04:00 DEBUG 20716 --- [productos] [           main] org.hibernate.type.BasicTypeRegistry     : Adding type registration double_vector -> org.hibernate.type.BasicTypeReference@4005e485
2025-06-27T03:46:17.656-04:00 DEBUG 20716 --- [productos] [           main] org.hibernate.type.BasicTypeRegistry     : Adding type registration byte_vector -> org.hibernate.type.BasicTypeReference@5f5c187d
2025-06-27T03:46:17.657-04:00 DEBUG 20716 --- [productos] [           main] org.hibernate.type.BasicTypeRegistry     : Adding type registration row_version -> org.hibernate.type.BasicTypeReference@464400b3
2025-06-27T03:46:17.662-04:00 DEBUG 20716 --- [productos] [           main] org.hibernate.type.BasicTypeRegistry     : Adding type registration object -> org.hibernate.type.JavaObjectType@35010a6b
2025-06-27T03:46:17.662-04:00 DEBUG 20716 --- [productos] [           main] org.hibernate.type.BasicTypeRegistry     : Adding type registration java.lang.Object -> org.hibernate.type.JavaObjectType@35010a6b
2025-06-27T03:46:17.663-04:00 DEBUG 20716 --- [productos] [           main] org.hibernate.type.BasicTypeRegistry     : Adding type registration null -> org.hibernate.type.NullType@698f4aa
2025-06-27T03:46:17.663-04:00 DEBUG 20716 --- [productos] [           main] org.hibernate.type.BasicTypeRegistry     : Adding type registration imm_date -> org.hibernate.type.BasicTypeReference@3dda8a2e
2025-06-27T03:46:17.663-04:00 DEBUG 20716 --- [productos] [           main] org.hibernate.type.BasicTypeRegistry     : Adding type registration imm_time -> org.hibernate.type.BasicTypeReference@7c0de229
2025-06-27T03:46:17.663-04:00 DEBUG 20716 --- [productos] [           main] org.hibernate.type.BasicTypeRegistry     : Adding type registration imm_timestamp -> org.hibernate.type.BasicTypeReference@6aa6c17
2025-06-27T03:46:17.663-04:00 DEBUG 20716 --- [productos] [           main] org.hibernate.type.BasicTypeRegistry     : Adding type registration imm_calendar -> org.hibernate.type.BasicTypeReference@4756e5cc
2025-06-27T03:46:17.663-04:00 DEBUG 20716 --- [productos] [           main] org.hibernate.type.BasicTypeRegistry     : Adding type registration imm_calendar_date -> org.hibernate.type.BasicTypeReference@2e349cf2
2025-06-27T03:46:17.663-04:00 DEBUG 20716 --- [productos] [           main] org.hibernate.type.BasicTypeRegistry     : Adding type registration imm_calendar_time -> org.hibernate.type.BasicTypeReference@3dbb3fb7
2025-06-27T03:46:17.663-04:00 DEBUG 20716 --- [productos] [           main] org.hibernate.type.BasicTypeRegistry     : Adding type registration imm_binary -> org.hibernate.type.BasicTypeReference@68a426c3
2025-06-27T03:46:17.663-04:00 DEBUG 20716 --- [productos] [           main] org.hibernate.type.BasicTypeRegistry     : Adding type registration imm_serializable -> org.hibernate.type.BasicTypeReference@182cc69e
2025-06-27T03:46:17.671-04:00 DEBUG 20716 --- [productos] [           main] o.h.boot.internal.BootstrapContextImpl   : Injecting JPA temp ClassLoader [org.springframework.instrument.classloading.SimpleThrowawayClassLoader@2987d0fa] into BootstrapContext; was [null]
2025-06-27T03:46:17.671-04:00 DEBUG 20716 --- [productos] [           main] o.h.boot.internal.ClassLoaderAccessImpl  : ClassLoaderAccessImpl#injectTempClassLoader(org.springframework.instrument.classloading.SimpleThrowawayClassLoader@2987d0fa) [was null]
2025-06-27T03:46:17.672-04:00 DEBUG 20716 --- [productos] [           main] o.h.boot.internal.BootstrapContextImpl   : Injecting ScanEnvironment [org.hibernate.jpa.boot.internal.StandardJpaScanEnvironmentImpl@27dc335a] into BootstrapContext; was [null]
2025-06-27T03:46:17.672-04:00 DEBUG 20716 --- [productos] [           main] o.h.boot.internal.BootstrapContextImpl   : Injecting ScanOptions [org.hibernate.boot.archive.scan.internal.StandardScanOptions@a95cb11] into BootstrapContext; was [org.hibernate.boot.archive.scan.internal.StandardScanOptions@915d7c4]
2025-06-27T03:46:17.694-04:00 DEBUG 20716 --- [productos] [           main] o.h.j.b.i.PersistenceUnitInfoDescriptor  : Pushing class transformers for PU named 'default' on loading classloader jdk.internal.loader.ClassLoaders$AppClassLoader@73d16e93
2025-06-27T03:46:18.464-04:00  INFO 20716 --- [productos] [           main] o.s.o.j.p.SpringPersistenceUnitInfo      : No LoadTimeWeaver setup: ignoring JPA class transformer
2025-06-27T03:46:18.464-04:00 DEBUG 20716 --- [productos] [           main] o.h.boot.internal.BootstrapContextImpl   : Injecting JPA temp ClassLoader [null] into BootstrapContext; was [org.springframework.instrument.classloading.SimpleThrowawayClassLoader@2987d0fa]
2025-06-27T03:46:18.466-04:00 DEBUG 20716 --- [productos] [           main] o.h.boot.internal.ClassLoaderAccessImpl  : ClassLoaderAccessImpl#injectTempClassLoader(null) [was org.springframework.instrument.classloading.SimpleThrowawayClassLoader@2987d0fa]
2025-06-27T03:46:18.593-04:00 DEBUG 20716 --- [productos] [           main] com.zaxxer.hikari.HikariConfig           : HikariPool-1 - configuration:
2025-06-27T03:46:18.602-04:00 DEBUG 20716 --- [productos] [           main] com.zaxxer.hikari.HikariConfig           : allowPoolSuspension.............false
2025-06-27T03:46:18.603-04:00 DEBUG 20716 --- [productos] [           main] com.zaxxer.hikari.HikariConfig           : autoCommit......................true
2025-06-27T03:46:18.603-04:00 DEBUG 20716 --- [productos] [           main] com.zaxxer.hikari.HikariConfig           : catalog.........................none
2025-06-27T03:46:18.603-04:00 DEBUG 20716 --- [productos] [           main] com.zaxxer.hikari.HikariConfig           : connectionInitSql...............none
2025-06-27T03:46:18.603-04:00 DEBUG 20716 --- [productos] [           main] com.zaxxer.hikari.HikariConfig           : connectionTestQuery.............none
2025-06-27T03:46:18.603-04:00 DEBUG 20716 --- [productos] [           main] com.zaxxer.hikari.HikariConfig           : connectionTimeout...............30000
2025-06-27T03:46:18.603-04:00 DEBUG 20716 --- [productos] [           main] com.zaxxer.hikari.HikariConfig           : dataSource......................none
2025-06-27T03:46:18.603-04:00 DEBUG 20716 --- [productos] [           main] com.zaxxer.hikari.HikariConfig           : dataSourceClassName.............none
2025-06-27T03:46:18.604-04:00 DEBUG 20716 --- [productos] [           main] com.zaxxer.hikari.HikariConfig           : dataSourceJNDI..................none
2025-06-27T03:46:18.606-04:00 DEBUG 20716 --- [productos] [           main] com.zaxxer.hikari.HikariConfig           : dataSourceProperties............{password=<masked>}
2025-06-27T03:46:18.608-04:00 DEBUG 20716 --- [productos] [           main] com.zaxxer.hikari.HikariConfig           : driverClassName................."oracle.jdbc.OracleDriver"
2025-06-27T03:46:18.608-04:00 DEBUG 20716 --- [productos] [           main] com.zaxxer.hikari.HikariConfig           : exceptionOverrideClassName......none
2025-06-27T03:46:18.608-04:00 DEBUG 20716 --- [productos] [           main] com.zaxxer.hikari.HikariConfig           : healthCheckProperties...........{}
2025-06-27T03:46:18.611-04:00 DEBUG 20716 --- [productos] [           main] com.zaxxer.hikari.HikariConfig           : healthCheckRegistry.............none
2025-06-27T03:46:18.612-04:00 DEBUG 20716 --- [productos] [           main] com.zaxxer.hikari.HikariConfig           : idleTimeout.....................600000
2025-06-27T03:46:18.613-04:00 DEBUG 20716 --- [productos] [           main] com.zaxxer.hikari.HikariConfig           : initializationFailTimeout.......1
2025-06-27T03:46:18.619-04:00 DEBUG 20716 --- [productos] [           main] com.zaxxer.hikari.HikariConfig           : isolateInternalQueries..........false
2025-06-27T03:46:18.620-04:00 DEBUG 20716 --- [productos] [           main] com.zaxxer.hikari.HikariConfig           : jdbcUrl.........................jdbc:oracle:thin:@bdmsv_high?TNS_ADMIN=/Users/disas/OneDrive/Escritorio/Producto-ms/Wallet
2025-06-27T03:46:18.621-04:00 DEBUG 20716 --- [productos] [           main] com.zaxxer.hikari.HikariConfig           : keepaliveTime...................0
2025-06-27T03:46:18.621-04:00 DEBUG 20716 --- [productos] [           main] com.zaxxer.hikari.HikariConfig           : leakDetectionThreshold..........0
2025-06-27T03:46:18.621-04:00 DEBUG 20716 --- [productos] [           main] com.zaxxer.hikari.HikariConfig           : maxLifetime.....................1800000
2025-06-27T03:46:18.623-04:00 DEBUG 20716 --- [productos] [           main] com.zaxxer.hikari.HikariConfig           : maximumPoolSize.................10
2025-06-27T03:46:18.624-04:00 DEBUG 20716 --- [productos] [           main] com.zaxxer.hikari.HikariConfig           : metricRegistry..................none
2025-06-27T03:46:18.625-04:00 DEBUG 20716 --- [productos] [           main] com.zaxxer.hikari.HikariConfig           : metricsTrackerFactory...........none
2025-06-27T03:46:18.626-04:00 DEBUG 20716 --- [productos] [           main] com.zaxxer.hikari.HikariConfig           : minimumIdle.....................10
2025-06-27T03:46:18.626-04:00 DEBUG 20716 --- [productos] [           main] com.zaxxer.hikari.HikariConfig           : password........................<masked>
2025-06-27T03:46:18.626-04:00 DEBUG 20716 --- [productos] [           main] com.zaxxer.hikari.HikariConfig           : poolName........................"HikariPool-1"
2025-06-27T03:46:18.626-04:00 DEBUG 20716 --- [productos] [           main] com.zaxxer.hikari.HikariConfig           : readOnly........................false
2025-06-27T03:46:18.627-04:00 DEBUG 20716 --- [productos] [           main] com.zaxxer.hikari.HikariConfig           : registerMbeans..................false
2025-06-27T03:46:18.628-04:00 DEBUG 20716 --- [productos] [           main] com.zaxxer.hikari.HikariConfig           : scheduledExecutor...............none
2025-06-27T03:46:18.628-04:00 DEBUG 20716 --- [productos] [           main] com.zaxxer.hikari.HikariConfig           : schema..........................none
2025-06-27T03:46:18.628-04:00 DEBUG 20716 --- [productos] [           main] com.zaxxer.hikari.HikariConfig           : threadFactory...................internal
2025-06-27T03:46:18.628-04:00 DEBUG 20716 --- [productos] [           main] com.zaxxer.hikari.HikariConfig           : transactionIsolation............default
2025-06-27T03:46:18.629-04:00 DEBUG 20716 --- [productos] [           main] com.zaxxer.hikari.HikariConfig           : username........................"PRODUCTOMS"
2025-06-27T03:46:18.629-04:00 DEBUG 20716 --- [productos] [           main] com.zaxxer.hikari.HikariConfig           : validationTimeout...............5000
2025-06-27T03:46:18.629-04:00  INFO 20716 --- [productos] [           main] com.zaxxer.hikari.HikariDataSource       : HikariPool-1 - Starting...
2025-06-27T03:46:19.996-04:00  INFO 20716 --- [productos] [           main] com.zaxxer.hikari.pool.HikariPool        : HikariPool-1 - Added connection oracle.jdbc.driver.T4CConnection@6ef4297d
2025-06-27T03:46:19.999-04:00  INFO 20716 --- [productos] [           main] com.zaxxer.hikari.HikariDataSource       : HikariPool-1 - Start completed.
2025-06-27T03:46:20.021-04:00 DEBUG 20716 --- [productos] [           main] o.h.e.j.e.i.JdbcEnvironmentInitiator     : Database ->
	   name : Oracle
	version : Oracle Database 19c Enterprise Edition Release 19.0.0.0.0 - Production
Version 19.27.0.1.0
	  major : 19
	  minor : 27
2025-06-27T03:46:20.022-04:00 DEBUG 20716 --- [productos] [           main] o.h.e.j.e.i.JdbcEnvironmentInitiator     : Driver ->
	   name : Oracle JDBC driver
	version : 23.5.0.24.07
	  major : 23
	  minor : 5
2025-06-27T03:46:20.022-04:00 DEBUG 20716 --- [productos] [           main] o.h.e.j.e.i.JdbcEnvironmentInitiator     : JDBC version : 4.3
2025-06-27T03:46:20.099-04:00 DEBUG 20716 --- [productos] [l-1 housekeeper] com.zaxxer.hikari.pool.HikariPool        : HikariPool-1 - Pool stats (total=1, active=1, idle=0, waiting=0)
2025-06-27T03:46:20.422-04:00  WARN 20716 --- [productos] [           main] org.hibernate.orm.deprecation            : HHH90000025: OracleDialect does not need to be specified explicitly using 'hibernate.dialect' (remove the property setting and it will be selected by default)
2025-06-27T03:46:20.424-04:00 DEBUG 20716 --- [productos] [           main] org.hibernate.orm.dialect                : HHH035001: Using dialect: org.hibernate.dialect.OracleDialect, version: 19.27
2025-06-27T03:46:20.528-04:00 DEBUG 20716 --- [productos] [onnection adder] com.zaxxer.hikari.pool.HikariPool        : HikariPool-1 - Added connection oracle.jdbc.driver.T4CConnection@35c4e6fb
2025-06-27T03:46:20.547-04:00  INFO 20716 --- [productos] [           main] org.hibernate.orm.connections.pooling    : HHH10001005: Database info:
	Database JDBC URL [Connecting through datasource 'HikariDataSource (HikariPool-1)']
	Database driver: undefined/unknown
	Database version: 19.27
	Autocommit mode: undefined/unknown
	Isolation level: undefined/unknown
	Minimum pool size: undefined/unknown
	Maximum pool size: undefined/unknown
2025-06-27T03:46:20.558-04:00 DEBUG 20716 --- [productos] [onnection adder] com.zaxxer.hikari.pool.HikariPool        : HikariPool-1 - After adding stats (total=2, active=0, idle=2, waiting=0)
2025-06-27T03:46:20.565-04:00 DEBUG 20716 --- [productos] [           main] o.h.t.d.jdbc.spi.JdbcTypeRegistry        : addDescriptor(NCharTypeDescriptor) replaced previous registration(CharTypeDescriptor)
2025-06-27T03:46:20.565-04:00 DEBUG 20716 --- [productos] [           main] o.h.t.d.jdbc.spi.JdbcTypeRegistry        : addDescriptor(NVarcharTypeDescriptor) replaced previous registration(VarcharTypeDescriptor)
2025-06-27T03:46:20.566-04:00 DEBUG 20716 --- [productos] [           main] o.h.t.d.jdbc.spi.JdbcTypeRegistry        : addDescriptor(LongNVarcharTypeDescriptor) replaced previous registration(LongVarcharTypeDescriptor)
2025-06-27T03:46:20.581-04:00 DEBUG 20716 --- [productos] [           main] o.h.t.d.jdbc.spi.JdbcTypeRegistry        : addDescriptor(NClobTypeDescriptor(DEFAULT)) replaced previous registration(ClobTypeDescriptor(DEFAULT))
2025-06-27T03:46:20.583-04:00 DEBUG 20716 --- [productos] [           main] o.h.t.d.jdbc.spi.JdbcTypeRegistry        : addDescriptor(BooleanTypeDescriptor) replaced previous registration(BooleanTypeDescriptor)
2025-06-27T03:46:20.614-04:00 DEBUG 20716 --- [productos] [           main] org.hibernate.type.BasicTypeRegistry     : Adding type registration null -> org.hibernate.type.NullType@5e976553
2025-06-27T03:46:20.615-04:00 DEBUG 20716 --- [productos] [           main] org.hibernate.type.BasicTypeRegistry     : Type registration key [null] overrode previous entry : `org.hibernate.type.NullType@698f4aa`
2025-06-27T03:46:20.616-04:00 DEBUG 20716 --- [productos] [           main] org.hibernate.type.BasicTypeRegistry     : Adding type registration JAVA_OBJECT -> org.hibernate.type.JavaObjectType@528a16fb
2025-06-27T03:46:20.618-04:00 DEBUG 20716 --- [productos] [           main] org.hibernate.type.BasicTypeRegistry     : Adding type registration java.lang.Object -> org.hibernate.type.JavaObjectType@528a16fb
2025-06-27T03:46:20.618-04:00 DEBUG 20716 --- [productos] [           main] org.hibernate.type.BasicTypeRegistry     : Type registration key [java.lang.Object] overrode previous entry : `org.hibernate.type.JavaObjectType@35010a6b`
2025-06-27T03:46:20.657-04:00 DEBUG 20716 --- [productos] [           main] org.hibernate.type.BasicTypeRegistry     : Adding type registration org.hibernate.type.DurationType -> basicType@1(java.time.Duration,3015)
2025-06-27T03:46:20.657-04:00 DEBUG 20716 --- [productos] [           main] org.hibernate.type.BasicTypeRegistry     : Adding type registration Duration -> basicType@1(java.time.Duration,3015)
2025-06-27T03:46:20.657-04:00 DEBUG 20716 --- [productos] [           main] org.hibernate.type.BasicTypeRegistry     : Adding type registration java.time.Duration -> basicType@1(java.time.Duration,3015)
2025-06-27T03:46:20.679-04:00 DEBUG 20716 --- [productos] [           main] o.h.type.spi.TypeConfiguration$Scope     : Scoping TypeConfiguration [org.hibernate.type.spi.TypeConfiguration@5002be8e] to MetadataBuildingContext [org.hibernate.boot.internal.MetadataBuildingContextRootImpl@39fb5ddf]
2025-06-27T03:46:20.769-04:00 DEBUG 20716 --- [productos] [           main] o.h.boot.model.relational.Namespace      : Created database namespace [logicalName=Name{catalog=null, schema=null}, physicalName=Name{catalog=null, schema=null}]
2025-06-27T03:46:20.806-04:00 DEBUG 20716 --- [productos] [           main] o.h.boot.model.internal.EntityBinder     : Binding entity from annotated class: com.hoppyware.productos.model.Producto
2025-06-27T03:46:20.820-04:00 DEBUG 20716 --- [productos] [           main] o.h.boot.model.internal.EntityBinder     : Import with entity name Producto
2025-06-27T03:46:20.862-04:00 DEBUG 20716 --- [productos] [           main] o.h.boot.model.internal.EntityBinder     : Bind entity com.hoppyware.productos.model.Producto on table producto
2025-06-27T03:46:20.877-04:00 DEBUG 20716 --- [productos] [           main] o.h.boot.model.internal.AnnotatedColumn  : Binding column: AnnotatedDiscriminatorColumn(column='DTYPE')
2025-06-27T03:46:20.920-04:00 DEBUG 20716 --- [productos] [           main] o.h.boot.model.internal.AnnotatedColumn  : Binding column: AnnotatedColumn()
2025-06-27T03:46:20.921-04:00 DEBUG 20716 --- [productos] [           main] o.h.boot.internal.ClassLoaderAccessImpl  : Not known whether passed class name [com.hoppyware.productos.model.Producto] is safe
2025-06-27T03:46:20.921-04:00 DEBUG 20716 --- [productos] [           main] o.h.boot.internal.ClassLoaderAccessImpl  : No temp ClassLoader provided; using live ClassLoader for loading potentially unsafe class : com.hoppyware.productos.model.Producto
2025-06-27T03:46:20.928-04:00 DEBUG 20716 --- [productos] [           main] o.h.boot.model.internal.PropertyBinder   : MetadataSourceProcessor property id with lazy=false
2025-06-27T03:46:20.933-04:00 DEBUG 20716 --- [productos] [           main] o.h.b.m.internal.AbstractPropertyHolder  : Attempting to locate auto-apply AttributeConverter for property [com.hoppyware.productos.model.Producto:id]
2025-06-27T03:46:20.937-04:00 DEBUG 20716 --- [productos] [           main] o.h.b.model.internal.BasicValueBinder    : building BasicValue for id
2025-06-27T03:46:20.946-04:00 DEBUG 20716 --- [productos] [           main] org.hibernate.mapping.BasicValue         : Skipping column re-registration: producto.id
2025-06-27T03:46:20.947-04:00 DEBUG 20716 --- [productos] [           main] o.h.boot.model.internal.PropertyBinder   : Building property id
2025-06-27T03:46:20.952-04:00 DEBUG 20716 --- [productos] [           main] o.h.boot.model.internal.BinderHelper     : #makeIdGenerator(BasicValue([Column(id)]), id, identity, , ...)
2025-06-27T03:46:20.953-04:00 DEBUG 20716 --- [productos] [           main] o.h.boot.model.internal.AnnotatedColumn  : Binding column: AnnotatedColumn()
2025-06-27T03:46:20.953-04:00 DEBUG 20716 --- [productos] [           main] o.h.boot.model.internal.PropertyBinder   : MetadataSourceProcessor property descripcion with lazy=false
2025-06-27T03:46:20.954-04:00 DEBUG 20716 --- [productos] [           main] o.h.b.m.internal.AbstractPropertyHolder  : Attempting to locate auto-apply AttributeConverter for property [com.hoppyware.productos.model.Producto:descripcion]
2025-06-27T03:46:20.954-04:00 DEBUG 20716 --- [productos] [           main] o.h.b.model.internal.BasicValueBinder    : building BasicValue for descripcion
2025-06-27T03:46:20.954-04:00 DEBUG 20716 --- [productos] [           main] org.hibernate.mapping.BasicValue         : Skipping column re-registration: producto.descripcion
2025-06-27T03:46:20.954-04:00 DEBUG 20716 --- [productos] [           main] o.h.boot.model.internal.PropertyBinder   : Building property descripcion
2025-06-27T03:46:20.954-04:00 DEBUG 20716 --- [productos] [           main] o.h.boot.model.internal.AnnotatedColumn  : Binding column: AnnotatedColumn()
2025-06-27T03:46:20.955-04:00 DEBUG 20716 --- [productos] [           main] o.h.boot.model.internal.PropertyBinder   : MetadataSourceProcessor property nombre with lazy=false
2025-06-27T03:46:20.955-04:00 DEBUG 20716 --- [productos] [           main] o.h.b.m.internal.AbstractPropertyHolder  : Attempting to locate auto-apply AttributeConverter for property [com.hoppyware.productos.model.Producto:nombre]
2025-06-27T03:46:20.955-04:00 DEBUG 20716 --- [productos] [           main] o.h.b.model.internal.BasicValueBinder    : building BasicValue for nombre
2025-06-27T03:46:20.955-04:00 DEBUG 20716 --- [productos] [           main] org.hibernate.mapping.BasicValue         : Skipping column re-registration: producto.nombre
2025-06-27T03:46:20.955-04:00 DEBUG 20716 --- [productos] [           main] o.h.boot.model.internal.PropertyBinder   : Building property nombre
2025-06-27T03:46:20.955-04:00 DEBUG 20716 --- [productos] [           main] o.h.boot.model.internal.AnnotatedColumn  : Binding column: AnnotatedColumn()
2025-06-27T03:46:20.955-04:00 DEBUG 20716 --- [productos] [           main] o.h.boot.model.internal.PropertyBinder   : MetadataSourceProcessor property origen with lazy=false
2025-06-27T03:46:20.955-04:00 DEBUG 20716 --- [productos] [           main] o.h.b.m.internal.AbstractPropertyHolder  : Attempting to locate auto-apply AttributeConverter for property [com.hoppyware.productos.model.Producto:origen]
2025-06-27T03:46:20.955-04:00 DEBUG 20716 --- [productos] [           main] o.h.b.model.internal.BasicValueBinder    : building BasicValue for origen
2025-06-27T03:46:20.955-04:00 DEBUG 20716 --- [productos] [           main] org.hibernate.mapping.BasicValue         : Skipping column re-registration: producto.origen
2025-06-27T03:46:20.955-04:00 DEBUG 20716 --- [productos] [           main] o.h.boot.model.internal.PropertyBinder   : Building property origen
2025-06-27T03:46:20.956-04:00 DEBUG 20716 --- [productos] [           main] o.h.boot.model.internal.AnnotatedColumn  : Binding column: AnnotatedColumn()
2025-06-27T03:46:20.956-04:00 DEBUG 20716 --- [productos] [           main] o.h.boot.model.internal.PropertyBinder   : MetadataSourceProcessor property precio with lazy=false
2025-06-27T03:46:20.956-04:00 DEBUG 20716 --- [productos] [           main] o.h.b.m.internal.AbstractPropertyHolder  : Attempting to locate auto-apply AttributeConverter for property [com.hoppyware.productos.model.Producto:precio]
2025-06-27T03:46:20.956-04:00 DEBUG 20716 --- [productos] [           main] o.h.b.model.internal.BasicValueBinder    : building BasicValue for precio
2025-06-27T03:46:20.956-04:00 DEBUG 20716 --- [productos] [           main] org.hibernate.mapping.BasicValue         : Skipping column re-registration: producto.precio
2025-06-27T03:46:20.956-04:00 DEBUG 20716 --- [productos] [           main] o.h.boot.model.internal.PropertyBinder   : Building property precio
2025-06-27T03:46:20.957-04:00 DEBUG 20716 --- [productos] [           main] o.h.boot.model.internal.AnnotatedColumn  : Binding column: AnnotatedColumn()
2025-06-27T03:46:20.957-04:00 DEBUG 20716 --- [productos] [onnection adder] com.zaxxer.hikari.pool.HikariPool        : HikariPool-1 - Added connection oracle.jdbc.driver.T4CConnection@3be01027
2025-06-27T03:46:20.957-04:00 DEBUG 20716 --- [productos] [           main] o.h.boot.model.internal.PropertyBinder   : MetadataSourceProcessor property proveedor with lazy=false
2025-06-27T03:46:20.959-04:00 DEBUG 20716 --- [productos] [           main] o.h.b.m.internal.AbstractPropertyHolder  : Attempting to locate auto-apply AttributeConverter for property [com.hoppyware.productos.model.Producto:proveedor]
2025-06-27T03:46:20.960-04:00 DEBUG 20716 --- [productos] [           main] o.h.b.model.internal.BasicValueBinder    : building BasicValue for proveedor
2025-06-27T03:46:20.960-04:00 DEBUG 20716 --- [productos] [           main] org.hibernate.mapping.BasicValue         : Skipping column re-registration: producto.proveedor
2025-06-27T03:46:20.960-04:00 DEBUG 20716 --- [productos] [           main] o.h.boot.model.internal.PropertyBinder   : Building property proveedor
2025-06-27T03:46:20.960-04:00 DEBUG 20716 --- [productos] [           main] o.h.boot.model.internal.AnnotatedColumn  : Binding column: AnnotatedColumn()
2025-06-27T03:46:20.960-04:00 DEBUG 20716 --- [productos] [           main] o.h.boot.model.internal.PropertyBinder   : MetadataSourceProcessor property stock with lazy=false
2025-06-27T03:46:20.960-04:00 DEBUG 20716 --- [productos] [           main] o.h.b.m.internal.AbstractPropertyHolder  : Attempting to locate auto-apply AttributeConverter for property [com.hoppyware.productos.model.Producto:stock]
2025-06-27T03:46:20.960-04:00 DEBUG 20716 --- [productos] [           main] o.h.b.model.internal.BasicValueBinder    : building BasicValue for stock
2025-06-27T03:46:20.960-04:00 DEBUG 20716 --- [productos] [           main] org.hibernate.mapping.BasicValue         : Skipping column re-registration: producto.stock
2025-06-27T03:46:20.960-04:00 DEBUG 20716 --- [productos] [           main] o.h.boot.model.internal.PropertyBinder   : Building property stock
2025-06-27T03:46:20.962-04:00 DEBUG 20716 --- [productos] [           main] o.h.b.r.c.i.ClassLoaderServiceImpl       : HHH000194: Package not found or no package-info.java: com.hoppyware.productos.model
2025-06-27T03:46:20.967-04:00 DEBUG 20716 --- [productos] [           main] o.h.b.model.internal.BasicValueBinder    : Starting `BasicValueBinder#fillSimpleValue` for id
2025-06-27T03:46:20.969-04:00 DEBUG 20716 --- [productos] [           main] o.h.b.model.internal.BasicValueBinder    : Starting `BasicValueBinder#fillSimpleValue` for descripcion
2025-06-27T03:46:20.969-04:00 DEBUG 20716 --- [productos] [           main] o.h.b.model.internal.BasicValueBinder    : Starting `BasicValueBinder#fillSimpleValue` for nombre
2025-06-27T03:46:20.969-04:00 DEBUG 20716 --- [productos] [           main] o.h.b.model.internal.BasicValueBinder    : Starting `BasicValueBinder#fillSimpleValue` for origen
2025-06-27T03:46:20.969-04:00 DEBUG 20716 --- [productos] [           main] o.h.b.model.internal.BasicValueBinder    : Starting `BasicValueBinder#fillSimpleValue` for precio
2025-06-27T03:46:20.969-04:00 DEBUG 20716 --- [productos] [           main] o.h.b.model.internal.BasicValueBinder    : Starting `BasicValueBinder#fillSimpleValue` for proveedor
2025-06-27T03:46:20.969-04:00 DEBUG 20716 --- [productos] [           main] o.h.b.model.internal.BasicValueBinder    : Starting `BasicValueBinder#fillSimpleValue` for stock
2025-06-27T03:46:20.973-04:00 DEBUG 20716 --- [productos] [           main] org.hibernate.mapping.PrimaryKey         : Forcing column [id] to be non-null as it is part of the primary key for table [producto]
2025-06-27T03:46:20.998-04:00 DEBUG 20716 --- [productos] [onnection adder] com.zaxxer.hikari.pool.HikariPool        : HikariPool-1 - After adding stats (total=3, active=0, idle=3, waiting=0)
2025-06-27T03:46:21.170-04:00 DEBUG 20716 --- [productos] [           main] o.hibernate.internal.SessionFactoryImpl  : Building session factory
2025-06-27T03:46:21.382-04:00 DEBUG 20716 --- [productos] [           main] .h.s.i.SessionFactoryServiceRegistryImpl : EventListenerRegistry access via ServiceRegistry is deprecated.  Use `sessionFactory.getEventEngine().getListenerRegistry()` instead
2025-06-27T03:46:21.383-04:00 DEBUG 20716 --- [productos] [           main] o.hibernate.internal.SessionFactoryImpl  : Instantiating SessionFactory with settings: {hibernate.format_sql=true, java.specification.version=17, sun.cpu.isalist=amd64, hibernate.resource.beans.container=org.springframework.orm.hibernate5.SpringBeanContainer@341889a1, hibernate.connection.handling_mode=DELAYED_ACQUISITION_AND_HOLD, sun.jnu.encoding=Cp1252, hibernate.dialect=org.hibernate.dialect.OracleDialect, hibernate.implicit_naming_strategy=org.springframework.boot.orm.jpa.hibernate.SpringImplicitNamingStrategy, java.class.path=C:\Users\disas\OneDrive\Escritorio\Producto-ms\producto-hw\target\test-classes;C:\Users\disas\OneDrive\Escritorio\Producto-ms\producto-hw\target\classes;C:\Users\disas\.m2\repository\org\springframework\boot\spring-boot-starter-data-jpa\3.4.7\spring-boot-starter-data-jpa-3.4.7.jar;C:\Users\disas\.m2\repository\org\springframework\boot\spring-boot-starter\3.4.7\spring-boot-starter-3.4.7.jar;C:\Users\disas\.m2\repository\org\springframework\boot\spring-boot\3.4.7\spring-boot-3.4.7.jar;C:\Users\disas\.m2\repository\org\springframework\boot\spring-boot-autoconfigure\3.4.7\spring-boot-autoconfigure-3.4.7.jar;C:\Users\disas\.m2\repository\org\springframework\boot\spring-boot-starter-logging\3.4.7\spring-boot-starter-logging-3.4.7.jar;C:\Users\disas\.m2\repository\ch\qos\logback\logback-classic\1.5.18\logback-classic-1.5.18.jar;C:\Users\disas\.m2\repository\ch\qos\logback\logback-core\1.5.18\logback-core-1.5.18.jar;C:\Users\disas\.m2\repository\org\apache\logging\log4j\log4j-to-slf4j\2.24.3\log4j-to-slf4j-2.24.3.jar;C:\Users\disas\.m2\repository\org\apache\logging\log4j\log4j-api\2.24.3\log4j-api-2.24.3.jar;C:\Users\disas\.m2\repository\org\slf4j\jul-to-slf4j\2.0.17\jul-to-slf4j-2.0.17.jar;C:\Users\disas\.m2\repository\jakarta\annotation\jakarta.annotation-api\2.1.1\jakarta.annotation-api-2.1.1.jar;C:\Users\disas\.m2\repository\org\yaml\snakeyaml\2.3\snakeyaml-2.3.jar;C:\Users\disas\.m2\repository\org\springframework\boot\spring-boot-starter-jdbc\3.4.7\spring-boot-starter-jdbc-3.4.7.jar;C:\Users\disas\.m2\repository\com\zaxxer\HikariCP\5.1.0\HikariCP-5.1.0.jar;C:\Users\disas\.m2\repository\org\springframework\spring-jdbc\6.2.8\spring-jdbc-6.2.8.jar;C:\Users\disas\.m2\repository\org\hibernate\orm\hibernate-core\6.6.18.Final\hibernate-core-6.6.18.Final.jar;C:\Users\disas\.m2\repository\jakarta\persistence\jakarta.persistence-api\3.1.0\jakarta.persistence-api-3.1.0.jar;C:\Users\disas\.m2\repository\jakarta\transaction\jakarta.transaction-api\2.0.1\jakarta.transaction-api-2.0.1.jar;C:\Users\disas\.m2\repository\org\jboss\logging\jboss-logging\3.6.1.Final\jboss-logging-3.6.1.Final.jar;C:\Users\disas\.m2\repository\org\hibernate\common\hibernate-commons-annotations\7.0.3.Final\hibernate-commons-annotations-7.0.3.Final.jar;C:\Users\disas\.m2\repository\io\smallrye\jandex\3.2.0\jandex-3.2.0.jar;C:\Users\disas\.m2\repository\com\fasterxml\classmate\1.7.0\classmate-1.7.0.jar;C:\Users\disas\.m2\repository\net\bytebuddy\byte-buddy\1.15.11\byte-buddy-1.15.11.jar;C:\Users\disas\.m2\repository\org\glassfish\jaxb\jaxb-runtime\4.0.5\jaxb-runtime-4.0.5.jar;C:\Users\disas\.m2\repository\org\glassfish\jaxb\jaxb-core\4.0.5\jaxb-core-4.0.5.jar;C:\Users\disas\.m2\repository\org\eclipse\angus\angus-activation\2.0.2\angus-activation-2.0.2.jar;C:\Users\disas\.m2\repository\org\glassfish\jaxb\txw2\4.0.5\txw2-4.0.5.jar;C:\Users\disas\.m2\repository\com\sun\istack\istack-commons-runtime\4.1.2\istack-commons-runtime-4.1.2.jar;C:\Users\disas\.m2\repository\jakarta\inject\jakarta.inject-api\2.0.1\jakarta.inject-api-2.0.1.jar;C:\Users\disas\.m2\repository\org\antlr\antlr4-runtime\4.13.0\antlr4-runtime-4.13.0.jar;C:\Users\disas\.m2\repository\org\springframework\data\spring-data-jpa\3.4.7\spring-data-jpa-3.4.7.jar;C:\Users\disas\.m2\repository\org\springframework\data\spring-data-commons\3.4.7\spring-data-commons-3.4.7.jar;C:\Users\disas\.m2\repository\org\springframework\spring-orm\6.2.8\spring-orm-6.2.8.jar;C:\Users\disas\.m2\repository\org\springframework\spring-context\6.2.8\spring-context-6.2.8.jar;C:\Users\disas\.m2\repository\org\springframework\spring-aop\6.2.8\spring-aop-6.2.8.jar;C:\Users\disas\.m2\repository\org\springframework\spring-tx\6.2.8\spring-tx-6.2.8.jar;C:\Users\disas\.m2\repository\org\springframework\spring-beans\6.2.8\spring-beans-6.2.8.jar;C:\Users\disas\.m2\repository\org\springframework\spring-aspects\6.2.8\spring-aspects-6.2.8.jar;C:\Users\disas\.m2\repository\org\aspectj\aspectjweaver\1.9.24\aspectjweaver-1.9.24.jar;C:\Users\disas\.m2\repository\org\springframework\boot\spring-boot-starter-web\3.4.7\spring-boot-starter-web-3.4.7.jar;C:\Users\disas\.m2\repository\org\springframework\boot\spring-boot-starter-json\3.4.7\spring-boot-starter-json-3.4.7.jar;C:\Users\disas\.m2\repository\com\fasterxml\jackson\core\jackson-databind\2.18.4\jackson-databind-2.18.4.jar;C:\Users\disas\.m2\repository\com\fasterxml\jackson\core\jackson-annotations\2.18.4\jackson-annotations-2.18.4.jar;C:\Users\disas\.m2\repository\com\fasterxml\jackson\core\jackson-core\2.18.4.1\jackson-core-2.18.4.1.jar;C:\Users\disas\.m2\repository\com\fasterxml\jackson\datatype\jackson-datatype-jdk8\2.18.4\jackson-datatype-jdk8-2.18.4.jar;C:\Users\disas\.m2\repository\com\fasterxml\jackson\datatype\jackson-datatype-jsr310\2.18.4\jackson-datatype-jsr310-2.18.4.jar;C:\Users\disas\.m2\repository\com\fasterxml\jackson\module\jackson-module-parameter-names\2.18.4\jackson-module-parameter-names-2.18.4.jar;C:\Users\disas\.m2\repository\org\springframework\boot\spring-boot-starter-tomcat\3.4.7\spring-boot-starter-tomcat-3.4.7.jar;C:\Users\disas\.m2\repository\org\apache\tomcat\embed\tomcat-embed-core\10.1.42\tomcat-embed-core-10.1.42.jar;C:\Users\disas\.m2\repository\org\apache\tomcat\embed\tomcat-embed-el\10.1.42\tomcat-embed-el-10.1.42.jar;C:\Users\disas\.m2\repository\org\apache\tomcat\embed\tomcat-embed-websocket\10.1.42\tomcat-embed-websocket-10.1.42.jar;C:\Users\disas\.m2\repository\org\springframework\spring-web\6.2.8\spring-web-6.2.8.jar;C:\Users\disas\.m2\repository\io\micrometer\micrometer-observation\1.14.8\micrometer-observation-1.14.8.jar;C:\Users\disas\.m2\repository\io\micrometer\micrometer-commons\1.14.8\micrometer-commons-1.14.8.jar;C:\Users\disas\.m2\repository\org\springframework\spring-webmvc\6.2.8\spring-webmvc-6.2.8.jar;C:\Users\disas\.m2\repository\org\springframework\spring-expression\6.2.8\spring-expression-6.2.8.jar;C:\Users\disas\.m2\repository\org\springframework\cloud\spring-cloud-starter-openfeign\4.2.0\spring-cloud-starter-openfeign-4.2.0.jar;C:\Users\disas\.m2\repository\org\springframework\cloud\spring-cloud-starter\4.2.0\spring-cloud-starter-4.2.0.jar;C:\Users\disas\.m2\repository\org\springframework\cloud\spring-cloud-context\4.2.0\spring-cloud-context-4.2.0.jar;C:\Users\disas\.m2\repository\org\bouncycastle\bcprov-jdk18on\1.78.1\bcprov-jdk18on-1.78.1.jar;C:\Users\disas\.m2\repository\org\springframework\cloud\spring-cloud-openfeign-core\4.2.0\spring-cloud-openfeign-core-4.2.0.jar;C:\Users\disas\.m2\repository\io\github\openfeign\feign-form-spring\13.5\feign-form-spring-13.5.jar;C:\Users\disas\.m2\repository\io\github\openfeign\feign-form\13.5\feign-form-13.5.jar;C:\Users\disas\.m2\repository\commons-fileupload\commons-fileupload\1.5\commons-fileupload-1.5.jar;C:\Users\disas\.m2\repository\commons-io\commons-io\2.11.0\commons-io-2.11.0.jar;C:\Users\disas\.m2\repository\org\springframework\cloud\spring-cloud-commons\4.2.0\spring-cloud-commons-4.2.0.jar;C:\Users\disas\.m2\repository\org\springframework\security\spring-security-crypto\6.4.7\spring-security-crypto-6.4.7.jar;C:\Users\disas\.m2\repository\io\github\openfeign\feign-core\13.5\feign-core-13.5.jar;C:\Users\disas\.m2\repository\io\github\openfeign\feign-slf4j\13.5\feign-slf4j-13.5.jar;C:\Users\disas\.m2\repository\com\oracle\database\jdbc\ojdbc11\23.5.0.24.07\ojdbc11-23.5.0.24.07.jar;C:\Users\disas\.m2\repository\org\apache\httpcomponents\client5\httpclient5\5.4.4\httpclient5-5.4.4.jar;C:\Users\disas\.m2\repository\org\apache\httpcomponents\core5\httpcore5\5.3.4\httpcore5-5.3.4.jar;C:\Users\disas\.m2\repository\org\apache\httpcomponents\core5\httpcore5-h2\5.3.4\httpcore5-h2-5.3.4.jar;C:\Users\disas\.m2\repository\org\slf4j\slf4j-api\2.0.17\slf4j-api-2.0.17.jar;C:\Users\disas\.m2\repository\com\oracle\database\jdbc\ojdbc8\23.5.0.24.07\ojdbc8-23.5.0.24.07.jar;C:\Users\disas\.m2\repository\com\oracle\database\security\oraclepki\23.5.0.24.07\oraclepki-23.5.0.24.07.jar;C:\Users\disas\.m2\repository\com\oracle\database\security\osdt_core\19.8.0.0\osdt_core-19.8.0.0.jar;C:\Users\disas\.m2\repository\com\oracle\database\security\osdt_cert\19.8.0.0\osdt_cert-19.8.0.0.jar;C:\Users\disas\.m2\repository\org\projectlombok\lombok\1.18.38\lombok-1.18.38.jar;C:\Users\disas\.m2\repository\org\springframework\boot\spring-boot-starter-test\3.4.7\spring-boot-starter-test-3.4.7.jar;C:\Users\disas\.m2\repository\org\springframework\boot\spring-boot-test\3.4.7\spring-boot-test-3.4.7.jar;C:\Users\disas\.m2\repository\org\springframework\boot\spring-boot-test-autoconfigure\3.4.7\spring-boot-test-autoconfigure-3.4.7.jar;C:\Users\disas\.m2\repository\com\jayway\jsonpath\json-path\2.9.0\json-path-2.9.0.jar;C:\Users\disas\.m2\repository\jakarta\xml\bind\jakarta.xml.bind-api\4.0.2\jakarta.xml.bind-api-4.0.2.jar;C:\Users\disas\.m2\repository\jakarta\activation\jakarta.activation-api\2.1.3\jakarta.activation-api-2.1.3.jar;C:\Users\disas\.m2\repository\net\minidev\json-smart\2.5.2\json-smart-2.5.2.jar;C:\Users\disas\.m2\repository\net\minidev\accessors-smart\2.5.2\accessors-smart-2.5.2.jar;C:\Users\disas\.m2\repository\org\ow2\asm\asm\9.7.1\asm-9.7.1.jar;C:\Users\disas\.m2\repository\org\assertj\assertj-core\3.26.3\assertj-core-3.26.3.jar;C:\Users\disas\.m2\repository\org\awaitility\awaitility\4.2.2\awaitility-4.2.2.jar;C:\Users\disas\.m2\repository\org\hamcrest\hamcrest\2.2\hamcrest-2.2.jar;C:\Users\disas\.m2\repository\org\junit\jupiter\junit-jupiter\5.11.4\junit-jupiter-5.11.4.jar;C:\Users\disas\.m2\repository\org\junit\jupiter\junit-jupiter-api\5.11.4\junit-jupiter-api-5.11.4.jar;C:\Users\disas\.m2\repository\org\opentest4j\opentest4j\1.3.0\opentest4j-1.3.0.jar;C:\Users\disas\.m2\repository\org\junit\platform\junit-platform-commons\1.11.4\junit-platform-commons-1.11.4.jar;C:\Users\disas\.m2\repository\org\apiguardian\apiguardian-api\1.1.2\apiguardian-api-1.1.2.jar;C:\Users\disas\.m2\repository\org\junit\jupiter\junit-jupiter-params\5.11.4\junit-jupiter-params-5.11.4.jar;C:\Users\disas\.m2\repository\org\junit\jupiter\junit-jupiter-engine\5.11.4\junit-jupiter-engine-5.11.4.jar;C:\Users\disas\.m2\repository\org\junit\platform\junit-platform-engine\1.11.4\junit-platform-engine-1.11.4.jar;C:\Users\disas\.m2\repository\org\mockito\mockito-core\5.14.2\mockito-core-5.14.2.jar;C:\Users\disas\.m2\repository\net\bytebuddy\byte-buddy-agent\1.15.11\byte-buddy-agent-1.15.11.jar;C:\Users\disas\.m2\repository\org\objenesis\objenesis\3.3\objenesis-3.3.jar;C:\Users\disas\.m2\repository\org\mockito\mockito-junit-jupiter\5.14.2\mockito-junit-jupiter-5.14.2.jar;C:\Users\disas\.m2\repository\org\skyscreamer\jsonassert\1.5.3\jsonassert-1.5.3.jar;C:\Users\disas\.m2\repository\com\vaadin\external\google\android-json\0.0.20131108.vaadin1\android-json-0.0.20131108.vaadin1.jar;C:\Users\disas\.m2\repository\org\springframework\spring-core\6.2.8\spring-core-6.2.8.jar;C:\Users\disas\.m2\repository\org\springframework\spring-jcl\6.2.8\spring-jcl-6.2.8.jar;C:\Users\disas\.m2\repository\org\springframework\spring-test\6.2.8\spring-test-6.2.8.jar;C:\Users\disas\.m2\repository\org\xmlunit\xmlunit-core\2.10.2\xmlunit-core-2.10.2.jar;C:\Users\disas\.m2\repository\org\springdoc\springdoc-openapi-starter-webmvc-ui\2.8.5\springdoc-openapi-starter-webmvc-ui-2.8.5.jar;C:\Users\disas\.m2\repository\org\springdoc\springdoc-openapi-starter-webmvc-api\2.8.5\springdoc-openapi-starter-webmvc-api-2.8.5.jar;C:\Users\disas\.m2\repository\org\springdoc\springdoc-openapi-starter-common\2.8.5\springdoc-openapi-starter-common-2.8.5.jar;C:\Users\disas\.m2\repository\io\swagger\core\v3\swagger-core-jakarta\2.2.28\swagger-core-jakarta-2.2.28.jar;C:\Users\disas\.m2\repository\org\apache\commons\commons-lang3\3.17.0\commons-lang3-3.17.0.jar;C:\Users\disas\.m2\repository\io\swagger\core\v3\swagger-annotations-jakarta\2.2.28\swagger-annotations-jakarta-2.2.28.jar;C:\Users\disas\.m2\repository\io\swagger\core\v3\swagger-models-jakarta\2.2.28\swagger-models-jakarta-2.2.28.jar;C:\Users\disas\.m2\repository\jakarta\validation\jakarta.validation-api\3.0.2\jakarta.validation-api-3.0.2.jar;C:\Users\disas\.m2\repository\com\fasterxml\jackson\dataformat\jackson-dataformat-yaml\2.18.4\jackson-dataformat-yaml-2.18.4.jar;C:\Users\disas\.m2\repository\org\webjars\swagger-ui\5.18.3\swagger-ui-5.18.3.jar;C:\Users\disas\.m2\repository\org\webjars\webjars-locator-lite\1.0.1\webjars-locator-lite-1.0.1.jar;C:\Users\disas\.m2\repository\org\jspecify\jspecify\1.0.0\jspecify-1.0.0.jar;C:\Users\disas\.m2\repository\org\springdoc\springdoc-openapi-starter-webflux-ui\2.8.5\springdoc-openapi-starter-webflux-ui-2.8.5.jar;C:\Users\disas\.m2\repository\org\springdoc\springdoc-openapi-starter-webflux-api\2.8.5\springdoc-openapi-starter-webflux-api-2.8.5.jar;C:\Users\disas\.m2\repository\org\springframework\spring-webflux\6.2.8\spring-webflux-6.2.8.jar;C:\Users\disas\.m2\repository\io\projectreactor\reactor-core\3.7.7\reactor-core-3.7.7.jar;C:\Users\disas\.m2\repository\org\reactivestreams\reactive-streams\1.0.4\reactive-streams-1.0.4.jar;C:\Users\disas\.m2\repository\com\h2database\h2\2.3.232\h2-2.3.232.jar;, java.vm.vendor=Oracle Corporation, sun.arch.data.model=64, user.variant=, java.vendor.url=https://java.oracle.com/, user.timezone=America/Santiago, jakarta.persistence.sharedCache.mode=UNSPECIFIED, org.jboss.logging.provider=slf4j, java.vm.specification.version=17, os.name=Windows 11, APPLICATION_NAME=productos, jakarta.persistence.nonJtaDataSource=HikariDataSource (HikariPool-1), sun.java.launcher=SUN_STANDARD, user.country=CL, sun.boot.library.path=C:\Program Files\Java\jdk-17\bin, sun.java.command=C:\Users\disas\AppData\Local\Temp\surefire17611373377497183976\surefirebooter-20250627034610374_3.jar C:\Users\disas\AppData\Local\Temp\surefire17611373377497183976 2025-06-27T03-46-10_086-jvmRun1 surefire-20250627034610374_1tmp surefire_0-20250627034610374_2tmp, javax.persistence.nonJtaDataSource=HikariDataSource (HikariPool-1), hibernate.transaction.jta.platform=org.hibernate.engine.transaction.jta.platform.internal.NoJtaPlatform@29693b1d, jdk.debug=release, test=com.hoppyware.productos.ProductoControllerTest#devuelveActualizarStock, surefire.test.class.path=C:\Users\disas\OneDrive\Escritorio\Producto-ms\producto-hw\target\test-classes;C:\Users\disas\OneDrive\Escritorio\Producto-ms\producto-hw\target\classes;C:\Users\disas\.m2\repository\org\springframework\boot\spring-boot-starter-data-jpa\3.4.7\spring-boot-starter-data-jpa-3.4.7.jar;C:\Users\disas\.m2\repository\org\springframework\boot\spring-boot-starter\3.4.7\spring-boot-starter-3.4.7.jar;C:\Users\disas\.m2\repository\org\springframework\boot\spring-boot\3.4.7\spring-boot-3.4.7.jar;C:\Users\disas\.m2\repository\org\springframework\boot\spring-boot-autoconfigure\3.4.7\spring-boot-autoconfigure-3.4.7.jar;C:\Users\disas\.m2\repository\org\springframework\boot\spring-boot-starter-logging\3.4.7\spring-boot-starter-logging-3.4.7.jar;C:\Users\disas\.m2\repository\ch\qos\logback\logback-classic\1.5.18\logback-classic-1.5.18.jar;C:\Users\disas\.m2\repository\ch\qos\logback\logback-core\1.5.18\logback-core-1.5.18.jar;C:\Users\disas\.m2\repository\org\apache\logging\log4j\log4j-to-slf4j\2.24.3\log4j-to-slf4j-2.24.3.jar;C:\Users\disas\.m2\repository\org\apache\logging\log4j\log4j-api\2.24.3\log4j-api-2.24.3.jar;C:\Users\disas\.m2\repository\org\slf4j\jul-to-slf4j\2.0.17\jul-to-slf4j-2.0.17.jar;C:\Users\disas\.m2\repository\jakarta\annotation\jakarta.annotation-api\2.1.1\jakarta.annotation-api-2.1.1.jar;C:\Users\disas\.m2\repository\org\yaml\snakeyaml\2.3\snakeyaml-2.3.jar;C:\Users\disas\.m2\repository\org\springframework\boot\spring-boot-starter-jdbc\3.4.7\spring-boot-starter-jdbc-3.4.7.jar;C:\Users\disas\.m2\repository\com\zaxxer\HikariCP\5.1.0\HikariCP-5.1.0.jar;C:\Users\disas\.m2\repository\org\springframework\spring-jdbc\6.2.8\spring-jdbc-6.2.8.jar;C:\Users\disas\.m2\repository\org\hibernate\orm\hibernate-core\6.6.18.Final\hibernate-core-6.6.18.Final.jar;C:\Users\disas\.m2\repository\jakarta\persistence\jakarta.persistence-api\3.1.0\jakarta.persistence-api-3.1.0.jar;C:\Users\disas\.m2\repository\jakarta\transaction\jakarta.transaction-api\2.0.1\jakarta.transaction-api-2.0.1.jar;C:\Users\disas\.m2\repository\org\jboss\logging\jboss-logging\3.6.1.Final\jboss-logging-3.6.1.Final.jar;C:\Users\disas\.m2\repository\org\hibernate\common\hibernate-commons-annotations\7.0.3.Final\hibernate-commons-annotations-7.0.3.Final.jar;C:\Users\disas\.m2\repository\io\smallrye\jandex\3.2.0\jandex-3.2.0.jar;C:\Users\disas\.m2\repository\com\fasterxml\classmate\1.7.0\classmate-1.7.0.jar;C:\Users\disas\.m2\repository\net\bytebuddy\byte-buddy\1.15.11\byte-buddy-1.15.11.jar;C:\Users\disas\.m2\repository\org\glassfish\jaxb\jaxb-runtime\4.0.5\jaxb-runtime-4.0.5.jar;C:\Users\disas\.m2\repository\org\glassfish\jaxb\jaxb-core\4.0.5\jaxb-core-4.0.5.jar;C:\Users\disas\.m2\repository\org\eclipse\angus\angus-activation\2.0.2\angus-activation-2.0.2.jar;C:\Users\disas\.m2\repository\org\glassfish\jaxb\txw2\4.0.5\txw2-4.0.5.jar;C:\Users\disas\.m2\repository\com\sun\istack\istack-commons-runtime\4.1.2\istack-commons-runtime-4.1.2.jar;C:\Users\disas\.m2\repository\jakarta\inject\jakarta.inject-api\2.0.1\jakarta.inject-api-2.0.1.jar;C:\Users\disas\.m2\repository\org\antlr\antlr4-runtime\4.13.0\antlr4-runtime-4.13.0.jar;C:\Users\disas\.m2\repository\org\springframework\data\spring-data-jpa\3.4.7\spring-data-jpa-3.4.7.jar;C:\Users\disas\.m2\repository\org\springframework\data\spring-data-commons\3.4.7\spring-data-commons-3.4.7.jar;C:\Users\disas\.m2\repository\org\springframework\spring-orm\6.2.8\spring-orm-6.2.8.jar;C:\Users\disas\.m2\repository\org\springframework\spring-context\6.2.8\spring-context-6.2.8.jar;C:\Users\disas\.m2\repository\org\springframework\spring-aop\6.2.8\spring-aop-6.2.8.jar;C:\Users\disas\.m2\repository\org\springframework\spring-tx\6.2.8\spring-tx-6.2.8.jar;C:\Users\disas\.m2\repository\org\springframework\spring-beans\6.2.8\spring-beans-6.2.8.jar;C:\Users\disas\.m2\repository\org\springframework\spring-aspects\6.2.8\spring-aspects-6.2.8.jar;C:\Users\disas\.m2\repository\org\aspectj\aspectjweaver\1.9.24\aspectjweaver-1.9.24.jar;C:\Users\disas\.m2\repository\org\springframework\boot\spring-boot-starter-web\3.4.7\spring-boot-starter-web-3.4.7.jar;C:\Users\disas\.m2\repository\org\springframework\boot\spring-boot-starter-json\3.4.7\spring-boot-starter-json-3.4.7.jar;C:\Users\disas\.m2\repository\com\fasterxml\jackson\core\jackson-databind\2.18.4\jackson-databind-2.18.4.jar;C:\Users\disas\.m2\repository\com\fasterxml\jackson\core\jackson-annotations\2.18.4\jackson-annotations-2.18.4.jar;C:\Users\disas\.m2\repository\com\fasterxml\jackson\core\jackson-core\2.18.4.1\jackson-core-2.18.4.1.jar;C:\Users\disas\.m2\repository\com\fasterxml\jackson\datatype\jackson-datatype-jdk8\2.18.4\jackson-datatype-jdk8-2.18.4.jar;C:\Users\disas\.m2\repository\com\fasterxml\jackson\datatype\jackson-datatype-jsr310\2.18.4\jackson-datatype-jsr310-2.18.4.jar;C:\Users\disas\.m2\repository\com\fasterxml\jackson\module\jackson-module-parameter-names\2.18.4\jackson-module-parameter-names-2.18.4.jar;C:\Users\disas\.m2\repository\org\springframework\boot\spring-boot-starter-tomcat\3.4.7\spring-boot-starter-tomcat-3.4.7.jar;C:\Users\disas\.m2\repository\org\apache\tomcat\embed\tomcat-embed-core\10.1.42\tomcat-embed-core-10.1.42.jar;C:\Users\disas\.m2\repository\org\apache\tomcat\embed\tomcat-embed-el\10.1.42\tomcat-embed-el-10.1.42.jar;C:\Users\disas\.m2\repository\org\apache\tomcat\embed\tomcat-embed-websocket\10.1.42\tomcat-embed-websocket-10.1.42.jar;C:\Users\disas\.m2\repository\org\springframework\spring-web\6.2.8\spring-web-6.2.8.jar;C:\Users\disas\.m2\repository\io\micrometer\micrometer-observation\1.14.8\micrometer-observation-1.14.8.jar;C:\Users\disas\.m2\repository\io\micrometer\micrometer-commons\1.14.8\micrometer-commons-1.14.8.jar;C:\Users\disas\.m2\repository\org\springframework\spring-webmvc\6.2.8\spring-webmvc-6.2.8.jar;C:\Users\disas\.m2\repository\org\springframework\spring-expression\6.2.8\spring-expression-6.2.8.jar;C:\Users\disas\.m2\repository\org\springframework\cloud\spring-cloud-starter-openfeign\4.2.0\spring-cloud-starter-openfeign-4.2.0.jar;C:\Users\disas\.m2\repository\org\springframework\cloud\spring-cloud-starter\4.2.0\spring-cloud-starter-4.2.0.jar;C:\Users\disas\.m2\repository\org\springframework\cloud\spring-cloud-context\4.2.0\spring-cloud-context-4.2.0.jar;C:\Users\disas\.m2\repository\org\bouncycastle\bcprov-jdk18on\1.78.1\bcprov-jdk18on-1.78.1.jar;C:\Users\disas\.m2\repository\org\springframework\cloud\spring-cloud-openfeign-core\4.2.0\spring-cloud-openfeign-core-4.2.0.jar;C:\Users\disas\.m2\repository\io\github\openfeign\feign-form-spring\13.5\feign-form-spring-13.5.jar;C:\Users\disas\.m2\repository\io\github\openfeign\feign-form\13.5\feign-form-13.5.jar;C:\Users\disas\.m2\repository\commons-fileupload\commons-fileupload\1.5\commons-fileupload-1.5.jar;C:\Users\disas\.m2\repository\commons-io\commons-io\2.11.0\commons-io-2.11.0.jar;C:\Users\disas\.m2\repository\org\springframework\cloud\spring-cloud-commons\4.2.0\spring-cloud-commons-4.2.0.jar;C:\Users\disas\.m2\repository\org\springframework\security\spring-security-crypto\6.4.7\spring-security-crypto-6.4.7.jar;C:\Users\disas\.m2\repository\io\github\openfeign\feign-core\13.5\feign-core-13.5.jar;C:\Users\disas\.m2\repository\io\github\openfeign\feign-slf4j\13.5\feign-slf4j-13.5.jar;C:\Users\disas\.m2\repository\com\oracle\database\jdbc\ojdbc11\23.5.0.24.07\ojdbc11-23.5.0.24.07.jar;C:\Users\disas\.m2\repository\org\apache\httpcomponents\client5\httpclient5\5.4.4\httpclient5-5.4.4.jar;C:\Users\disas\.m2\repository\org\apache\httpcomponents\core5\httpcore5\5.3.4\httpcore5-5.3.4.jar;C:\Users\disas\.m2\repository\org\apache\httpcomponents\core5\httpcore5-h2\5.3.4\httpcore5-h2-5.3.4.jar;C:\Users\disas\.m2\repository\org\slf4j\slf4j-api\2.0.17\slf4j-api-2.0.17.jar;C:\Users\disas\.m2\repository\com\oracle\database\jdbc\ojdbc8\23.5.0.24.07\ojdbc8-23.5.0.24.07.jar;C:\Users\disas\.m2\repository\com\oracle\database\security\oraclepki\23.5.0.24.07\oraclepki-23.5.0.24.07.jar;C:\Users\disas\.m2\repository\com\oracle\database\security\osdt_core\19.8.0.0\osdt_core-19.8.0.0.jar;C:\Users\disas\.m2\repository\com\oracle\database\security\osdt_cert\19.8.0.0\osdt_cert-19.8.0.0.jar;C:\Users\disas\.m2\repository\org\projectlombok\lombok\1.18.38\lombok-1.18.38.jar;C:\Users\disas\.m2\repository\org\springframework\boot\spring-boot-starter-test\3.4.7\spring-boot-starter-test-3.4.7.jar;C:\Users\disas\.m2\repository\org\springframework\boot\spring-boot-test\3.4.7\spring-boot-test-3.4.7.jar;C:\Users\disas\.m2\repository\org\springframework\boot\spring-boot-test-autoconfigure\3.4.7\spring-boot-test-autoconfigure-3.4.7.jar;C:\Users\disas\.m2\repository\com\jayway\jsonpath\json-path\2.9.0\json-path-2.9.0.jar;C:\Users\disas\.m2\repository\jakarta\xml\bind\jakarta.xml.bind-api\4.0.2\jakarta.xml.bind-api-4.0.2.jar;C:\Users\disas\.m2\repository\jakarta\activation\jakarta.activation-api\2.1.3\jakarta.activation-api-2.1.3.jar;C:\Users\disas\.m2\repository\net\minidev\json-smart\2.5.2\json-smart-2.5.2.jar;C:\Users\disas\.m2\repository\net\minidev\accessors-smart\2.5.2\accessors-smart-2.5.2.jar;C:\Users\disas\.m2\repository\org\ow2\asm\asm\9.7.1\asm-9.7.1.jar;C:\Users\disas\.m2\repository\org\assertj\assertj-core\3.26.3\assertj-core-3.26.3.jar;C:\Users\disas\.m2\repository\org\awaitility\awaitility\4.2.2\awaitility-4.2.2.jar;C:\Users\disas\.m2\repository\org\hamcrest\hamcrest\2.2\hamcrest-2.2.jar;C:\Users\disas\.m2\repository\org\junit\jupiter\junit-jupiter\5.11.4\junit-jupiter-5.11.4.jar;C:\Users\disas\.m2\repository\org\junit\jupiter\junit-jupiter-api\5.11.4\junit-jupiter-api-5.11.4.jar;C:\Users\disas\.m2\repository\org\opentest4j\opentest4j\1.3.0\opentest4j-1.3.0.jar;C:\Users\disas\.m2\repository\org\junit\platform\junit-platform-commons\1.11.4\junit-platform-commons-1.11.4.jar;C:\Users\disas\.m2\repository\org\apiguardian\apiguardian-api\1.1.2\apiguardian-api-1.1.2.jar;C:\Users\disas\.m2\repository\org\junit\jupiter\junit-jupiter-params\5.11.4\junit-jupiter-params-5.11.4.jar;C:\Users\disas\.m2\repository\org\junit\jupiter\junit-jupiter-engine\5.11.4\junit-jupiter-engine-5.11.4.jar;C:\Users\disas\.m2\repository\org\junit\platform\junit-platform-engine\1.11.4\junit-platform-engine-1.11.4.jar;C:\Users\disas\.m2\repository\org\mockito\mockito-core\5.14.2\mockito-core-5.14.2.jar;C:\Users\disas\.m2\repository\net\bytebuddy\byte-buddy-agent\1.15.11\byte-buddy-agent-1.15.11.jar;C:\Users\disas\.m2\repository\org\objenesis\objenesis\3.3\objenesis-3.3.jar;C:\Users\disas\.m2\repository\org\mockito\mockito-junit-jupiter\5.14.2\mockito-junit-jupiter-5.14.2.jar;C:\Users\disas\.m2\repository\org\skyscreamer\jsonassert\1.5.3\jsonassert-1.5.3.jar;C:\Users\disas\.m2\repository\com\vaadin\external\google\android-json\0.0.20131108.vaadin1\android-json-0.0.20131108.vaadin1.jar;C:\Users\disas\.m2\repository\org\springframework\spring-core\6.2.8\spring-core-6.2.8.jar;C:\Users\disas\.m2\repository\org\springframework\spring-jcl\6.2.8\spring-jcl-6.2.8.jar;C:\Users\disas\.m2\repository\org\springframework\spring-test\6.2.8\spring-test-6.2.8.jar;C:\Users\disas\.m2\repository\org\xmlunit\xmlunit-core\2.10.2\xmlunit-core-2.10.2.jar;C:\Users\disas\.m2\repository\org\springdoc\springdoc-openapi-starter-webmvc-ui\2.8.5\springdoc-openapi-starter-webmvc-ui-2.8.5.jar;C:\Users\disas\.m2\repository\org\springdoc\springdoc-openapi-starter-webmvc-api\2.8.5\springdoc-openapi-starter-webmvc-api-2.8.5.jar;C:\Users\disas\.m2\repository\org\springdoc\springdoc-openapi-starter-common\2.8.5\springdoc-openapi-starter-common-2.8.5.jar;C:\Users\disas\.m2\repository\io\swagger\core\v3\swagger-core-jakarta\2.2.28\swagger-core-jakarta-2.2.28.jar;C:\Users\disas\.m2\repository\org\apache\commons\commons-lang3\3.17.0\commons-lang3-3.17.0.jar;C:\Users\disas\.m2\repository\io\swagger\core\v3\swagger-annotations-jakarta\2.2.28\swagger-annotations-jakarta-2.2.28.jar;C:\Users\disas\.m2\repository\io\swagger\core\v3\swagger-models-jakarta\2.2.28\swagger-models-jakarta-2.2.28.jar;C:\Users\disas\.m2\repository\jakarta\validation\jakarta.validation-api\3.0.2\jakarta.validation-api-3.0.2.jar;C:\Users\disas\.m2\repository\com\fasterxml\jackson\dataformat\jackson-dataformat-yaml\2.18.4\jackson-dataformat-yaml-2.18.4.jar;C:\Users\disas\.m2\repository\org\webjars\swagger-ui\5.18.3\swagger-ui-5.18.3.jar;C:\Users\disas\.m2\repository\org\webjars\webjars-locator-lite\1.0.1\webjars-locator-lite-1.0.1.jar;C:\Users\disas\.m2\repository\org\jspecify\jspecify\1.0.0\jspecify-1.0.0.jar;C:\Users\disas\.m2\repository\org\springdoc\springdoc-openapi-starter-webflux-ui\2.8.5\springdoc-openapi-starter-webflux-ui-2.8.5.jar;C:\Users\disas\.m2\repository\org\springdoc\springdoc-openapi-starter-webflux-api\2.8.5\springdoc-openapi-starter-webflux-api-2.8.5.jar;C:\Users\disas\.m2\repository\org\springframework\spring-webflux\6.2.8\spring-webflux-6.2.8.jar;C:\Users\disas\.m2\repository\io\projectreactor\reactor-core\3.7.7\reactor-core-3.7.7.jar;C:\Users\disas\.m2\repository\org\reactivestreams\reactive-streams\1.0.4\reactive-streams-1.0.4.jar;C:\Users\disas\.m2\repository\com\h2database\h2\2.3.232\h2-2.3.232.jar;, sun.cpu.endian=little, hibernate.cdi.extensions=true, user.home=C:\Users\disas, user.language=es, java.specification.vendor=Oracle Corporation, java.version.date=2024-07-16, java.home=C:\Program Files\Java\jdk-17, file.separator=\, basedir=C:\Users\disas\OneDrive\Escritorio\Producto-ms\producto-hw, java.vm.compressedOopsMode=Zero based, line.separator=
, hibernate.persistenceUnitName=default, java.vm.specification.vendor=Oracle Corporation, java.specification.name=Java Platform API Specification, FILE_LOG_CHARSET=windows-1252, hibernate.transaction.coordinator_class=class org.hibernate.resource.transaction.backend.jdbc.internal.JdbcResourceLocalTransactionCoordinatorBuilderImpl, java.awt.headless=true, surefire.real.class.path=C:\Users\disas\AppData\Local\Temp\surefire17611373377497183976\surefirebooter-20250627034610374_3.jar, jakarta.persistence.validation.mode=AUTO, hibernate.hbm2ddl.auto=update, user.script=, sun.management.compiler=HotSpot 64-Bit Tiered Compilers, java.runtime.version=17.0.12+8-LTS-286, user.name=disas, path.separator=;, os.version=10.0, java.runtime.name=Java(TM) SE Runtime Environment, file.encoding=Cp1252, java.vm.name=Java HotSpot(TM) 64-Bit Server VM, hibernate.show_sql=true, maven.ext.class.path=C:\Users\disas\.vscode\extensions\oracle.oracle-java-24.0.0\nbcode\java\maven-nblib\netbeans-eventspy.jar, localRepository=C:\Users\disas\.m2\repository, java.vendor.url.bug=https://bugreport.java.com/bugreport/, java.io.tmpdir=C:\Users\disas\AppData\Local\Temp\, java.version=17.0.12, hibernate.physical_naming_strategy=org.hibernate.boot.model.naming.CamelCaseToUnderscoresNamingStrategy, user.dir=C:\Users\disas\OneDrive\Escritorio\Producto-ms\producto-hw, os.arch=amd64, java.vm.specification.name=Java Virtual Machine Specification, PID=20716, sun.os.patch.level=, CONSOLE_LOG_CHARSET=windows-1252, hibernate.boot.CfgXmlAccessService.key=org.hibernate.boot.registry.StandardServiceRegistryBuilder$1@3a225534, native.encoding=Cp1252, java.library.path=C:\Program Files\Java\jdk-17\bin;C:\WINDOWS\Sun\Java\bin;C:\WINDOWS\system32;C:\WINDOWS;C:\WINDOWS\system32;C:\WINDOWS;C:\WINDOWS\System32\Wbem;C:\WINDOWS\System32\WindowsPowerShell\v1.0\;C:\WINDOWS\System32\OpenSSH\;C:\Program Files\Java\jdk-17\bin;C:\Users\disas\AppData\Local\Microsoft\WindowsApps;C:\Users\disas\AppData\Local\Programs\Microsoft VS Code\bin;., java.vendor=Oracle Corporation, java.vm.info=mixed mode, sharing, java.vm.version=17.0.12+8-LTS-286, sun.io.unicode.encoding=UnicodeLittle, hibernate.archive.scanner=org.hibernate.boot.archive.scan.internal.DisabledScanner, hibernate.connection.datasource=HikariDataSource (HikariPool-1), java.class.version=61.0, LOGGED_APPLICATION_NAME=[productos] }
2025-06-27T03:46:21.388-04:00 DEBUG 20716 --- [productos] [onnection adder] com.zaxxer.hikari.pool.HikariPool        : HikariPool-1 - Added connection oracle.jdbc.driver.T4CConnection@25dc8433
2025-06-27T03:46:21.396-04:00 DEBUG 20716 --- [productos] [           main] o.hibernate.internal.SessionFactoryImpl  : Session factory constructed with filter configurations : {}
2025-06-27T03:46:21.404-04:00 DEBUG 20716 --- [productos] [           main] o.h.b.beanvalidation.TypeSafeActivator   : Unable to acquire Bean Validation ValidatorFactory, skipping activation
2025-06-27T03:46:21.423-04:00 DEBUG 20716 --- [productos] [onnection adder] com.zaxxer.hikari.pool.HikariPool        : HikariPool-1 - After adding stats (total=4, active=0, idle=4, waiting=0)
2025-06-27T03:46:21.511-04:00 DEBUG 20716 --- [productos] [           main] o.h.q.sqm.function.SqmFunctionRegistry   : Registered SqmFunctionTemplate [NamedSqmFunctionTemplate(max)] under max; prior registration was null
2025-06-27T03:46:21.512-04:00 DEBUG 20716 --- [productos] [           main] o.h.q.sqm.function.SqmFunctionRegistry   : Registered SqmFunctionTemplate [NamedSqmFunctionTemplate(min)] under min; prior registration was null
2025-06-27T03:46:21.513-04:00 DEBUG 20716 --- [productos] [           main] o.h.q.sqm.function.SqmFunctionRegistry   : Registered SqmFunctionTemplate [NamedSqmFunctionTemplate(sum)] under sum; prior registration was null
2025-06-27T03:46:21.515-04:00 DEBUG 20716 --- [productos] [           main] o.h.q.sqm.function.SqmFunctionRegistry   : Registered SqmFunctionTemplate [NamedSqmFunctionTemplate(avg)] under avg; prior registration was null
2025-06-27T03:46:21.517-04:00 DEBUG 20716 --- [productos] [           main] o.h.q.sqm.function.SqmFunctionRegistry   : Registered SqmFunctionTemplate [org.hibernate.dialect.function.CountFunction@21d6dc81] under count; prior registration was null
2025-06-27T03:46:21.519-04:00 DEBUG 20716 --- [productos] [           main] o.h.q.sqm.function.SqmFunctionRegistry   : Registered SqmFunctionTemplate [org.hibernate.dialect.function.EveryAnyEmulation@2f025e9e] under every; prior registration was null
2025-06-27T03:46:21.519-04:00 DEBUG 20716 --- [productos] [           main] o.h.q.sqm.function.SqmFunctionRegistry   : Registered SqmFunctionTemplate [org.hibernate.dialect.function.EveryAnyEmulation@2c8e096] under any; prior registration was null
2025-06-27T03:46:21.520-04:00 DEBUG 20716 --- [productos] [           main] o.h.q.sqm.function.SqmFunctionRegistry   : Registered SqmFunctionTemplate [NamedSqmFunctionTemplate(floor)] under floor; prior registration was null
2025-06-27T03:46:21.521-04:00 DEBUG 20716 --- [productos] [           main] o.h.q.sqm.function.SqmFunctionRegistry   : Registered SqmFunctionTemplate [NamedSqmFunctionTemplate(ceiling)] under ceiling; prior registration was null
2025-06-27T03:46:21.524-04:00 DEBUG 20716 --- [productos] [           main] o.h.q.sqm.function.SqmFunctionRegistry   : Registered SqmFunctionTemplate [NamedSqmFunctionTemplate(mod)] under mod; prior registration was null
2025-06-27T03:46:21.526-04:00 DEBUG 20716 --- [productos] [           main] o.h.q.sqm.function.SqmFunctionRegistry   : Registered SqmFunctionTemplate [NamedSqmFunctionTemplate(abs)] under abs; prior registration was null
2025-06-27T03:46:21.526-04:00 DEBUG 20716 --- [productos] [           main] o.h.q.sqm.function.SqmFunctionRegistry   : Registered SqmFunctionTemplate [NamedSqmFunctionTemplate(sign)] under sign; prior registration was null
2025-06-27T03:46:21.526-04:00 DEBUG 20716 --- [productos] [           main] o.h.q.sqm.function.SqmFunctionRegistry   : Registered SqmFunctionTemplate [NamedSqmFunctionTemplate(sqrt)] under sqrt; prior registration was null
2025-06-27T03:46:21.526-04:00 DEBUG 20716 --- [productos] [           main] o.h.q.sqm.function.SqmFunctionRegistry   : Registered SqmFunctionTemplate [NamedSqmFunctionTemplate(ln)] under ln; prior registration was null
2025-06-27T03:46:21.526-04:00 DEBUG 20716 --- [productos] [           main] o.h.q.sqm.function.SqmFunctionRegistry   : Registered SqmFunctionTemplate [NamedSqmFunctionTemplate(exp)] under exp; prior registration was null
2025-06-27T03:46:21.526-04:00 DEBUG 20716 --- [productos] [           main] o.h.q.sqm.function.SqmFunctionRegistry   : Registered SqmFunctionTemplate [NamedSqmFunctionTemplate(power)] under power; prior registration was null
2025-06-27T03:46:21.528-04:00 DEBUG 20716 --- [productos] [           main] o.h.q.sqm.function.SqmFunctionRegistry   : Registered SqmFunctionTemplate [NamedSqmFunctionTemplate(round)] under round; prior registration was null
2025-06-27T03:46:21.528-04:00 DEBUG 20716 --- [productos] [           main] o.h.q.sqm.function.SqmFunctionRegistry   : Registered SqmFunctionTemplate [NamedSqmFunctionTemplate(sin)] under sin; prior registration was null
2025-06-27T03:46:21.528-04:00 DEBUG 20716 --- [productos] [           main] o.h.q.sqm.function.SqmFunctionRegistry   : Registered SqmFunctionTemplate [NamedSqmFunctionTemplate(cos)] under cos; prior registration was null
2025-06-27T03:46:21.528-04:00 DEBUG 20716 --- [productos] [           main] o.h.q.sqm.function.SqmFunctionRegistry   : Registered SqmFunctionTemplate [NamedSqmFunctionTemplate(tan)] under tan; prior registration was null
2025-06-27T03:46:21.529-04:00 DEBUG 20716 --- [productos] [           main] o.h.q.sqm.function.SqmFunctionRegistry   : Registered SqmFunctionTemplate [NamedSqmFunctionTemplate(asin)] under asin; prior registration was null
2025-06-27T03:46:21.529-04:00 DEBUG 20716 --- [productos] [           main] o.h.q.sqm.function.SqmFunctionRegistry   : Registered SqmFunctionTemplate [NamedSqmFunctionTemplate(acos)] under acos; prior registration was null
2025-06-27T03:46:21.530-04:00 DEBUG 20716 --- [productos] [           main] o.h.q.sqm.function.SqmFunctionRegistry   : Registered SqmFunctionTemplate [NamedSqmFunctionTemplate(atan)] under atan; prior registration was null
2025-06-27T03:46:21.530-04:00 DEBUG 20716 --- [productos] [           main] o.h.q.sqm.function.SqmFunctionRegistry   : Registered SqmFunctionTemplate [NamedSqmFunctionTemplate(atan2)] under atan2; prior registration was null
2025-06-27T03:46:21.534-04:00 DEBUG 20716 --- [productos] [           main] o.h.q.sqm.function.SqmFunctionRegistry   : Registered SqmFunctionTemplate [org.hibernate.query.sqm.function.PatternBasedSqmFunctionDescriptor@2e3b4394] under sinh; prior registration was null
2025-06-27T03:46:21.535-04:00 DEBUG 20716 --- [productos] [           main] o.h.q.sqm.function.SqmFunctionRegistry   : Registered SqmFunctionTemplate [org.hibernate.query.sqm.function.PatternBasedSqmFunctionDescriptor@70ccb3bf] under cosh; prior registration was null
2025-06-27T03:46:21.536-04:00 DEBUG 20716 --- [productos] [           main] o.h.q.sqm.function.SqmFunctionRegistry   : Registered SqmFunctionTemplate [org.hibernate.query.sqm.function.PatternBasedSqmFunctionDescriptor@10ffe32f] under tanh; prior registration was null
2025-06-27T03:46:21.536-04:00 DEBUG 20716 --- [productos] [           main] o.h.q.sqm.function.SqmFunctionRegistry   : Registered SqmFunctionTemplate [org.hibernate.query.sqm.function.PatternBasedSqmFunctionDescriptor@13868c41] under pi; prior registration was null
2025-06-27T03:46:21.536-04:00 DEBUG 20716 --- [productos] [           main] o.h.q.sqm.function.SqmFunctionRegistry   : Registered SqmFunctionTemplate [org.hibernate.query.sqm.function.PatternBasedSqmFunctionDescriptor@67d55a46] under log; prior registration was null
2025-06-27T03:46:21.538-04:00 DEBUG 20716 --- [productos] [           main] o.h.q.sqm.function.SqmFunctionRegistry   : Registered SqmFunctionTemplate [NamedSqmFunctionTemplate(coalesce)] under coalesce; prior registration was null
2025-06-27T03:46:21.538-04:00 DEBUG 20716 --- [productos] [           main] o.h.q.sqm.function.SqmFunctionRegistry   : Registered SqmFunctionTemplate [NamedSqmFunctionTemplate(nullif)] under nullif; prior registration was null
2025-06-27T03:46:21.538-04:00 DEBUG 20716 --- [productos] [           main] o.h.q.sqm.function.SqmFunctionRegistry   : Registered SqmFunctionTemplate [NamedSqmFunctionTemplate(left)] under left; prior registration was null
2025-06-27T03:46:21.538-04:00 DEBUG 20716 --- [productos] [           main] o.h.q.sqm.function.SqmFunctionRegistry   : Registered SqmFunctionTemplate [NamedSqmFunctionTemplate(right)] under right; prior registration was null
2025-06-27T03:46:21.538-04:00 DEBUG 20716 --- [productos] [           main] o.h.q.sqm.function.SqmFunctionRegistry   : Registered SqmFunctionTemplate [NamedSqmFunctionTemplate(replace)] under replace; prior registration was null
2025-06-27T03:46:21.539-04:00 DEBUG 20716 --- [productos] [           main] o.h.q.sqm.function.SqmFunctionRegistry   : Registered SqmFunctionTemplate [NamedSqmFunctionTemplate(concat)] under concat; prior registration was null
2025-06-27T03:46:21.539-04:00 DEBUG 20716 --- [productos] [           main] o.h.q.sqm.function.SqmFunctionRegistry   : Registered SqmFunctionTemplate [NamedSqmFunctionTemplate(lower)] under lower; prior registration was null
2025-06-27T03:46:21.539-04:00 DEBUG 20716 --- [productos] [           main] o.h.q.sqm.function.SqmFunctionRegistry   : Registered SqmFunctionTemplate [NamedSqmFunctionTemplate(upper)] under upper; prior registration was null
2025-06-27T03:46:21.540-04:00 DEBUG 20716 --- [productos] [           main] o.h.q.sqm.function.SqmFunctionRegistry   : Registered SqmFunctionTemplate [NamedSqmFunctionTemplate(substring)] under substring; prior registration was null
2025-06-27T03:46:21.541-04:00 DEBUG 20716 --- [productos] [           main] o.h.q.sqm.function.SqmFunctionRegistry   : Registered SqmFunctionTemplate [NamedSqmFunctionTemplate(locate)] under locate; prior registration was null
2025-06-27T03:46:21.542-04:00 DEBUG 20716 --- [productos] [           main] o.h.q.sqm.function.SqmFunctionRegistry   : Registered SqmFunctionTemplate [NamedSqmFunctionTemplate(character_length)] under character_length; prior registration was null
2025-06-27T03:46:21.542-04:00 DEBUG 20716 --- [productos] [           main] o.h.q.sqm.function.SqmFunctionRegistry   : Registering alternate key : length -> character_length
2025-06-27T03:46:21.543-04:00 DEBUG 20716 --- [productos] [           main] o.h.q.sqm.function.SqmFunctionRegistry   : Registered SqmFunctionTemplate [org.hibernate.dialect.function.LocatePositionEmulation@58d4fe33] under position; prior registration was null
2025-06-27T03:46:21.545-04:00 DEBUG 20716 --- [productos] [           main] o.h.q.sqm.function.SqmFunctionRegistry   : Registered SqmFunctionTemplate [org.hibernate.dialect.function.InsertSubstringOverlayEmulation@232be28d] under overlay; prior registration was null
2025-06-27T03:46:21.546-04:00 DEBUG 20716 --- [productos] [           main] o.h.q.sqm.function.SqmFunctionRegistry   : Registered SqmFunctionTemplate [org.hibernate.dialect.function.TrimFunction@256aabbe] under trim; prior registration was null
2025-06-27T03:46:21.547-04:00 DEBUG 20716 --- [productos] [           main] o.h.q.sqm.function.SqmFunctionRegistry   : Registered SqmFunctionTemplate [org.hibernate.dialect.function.CastFunction@74d3b331] under cast; prior registration was null
2025-06-27T03:46:21.547-04:00 DEBUG 20716 --- [productos] [           main] o.h.q.sqm.function.SqmFunctionRegistry   : Registered SqmFunctionTemplate [org.hibernate.query.sqm.function.PatternBasedSqmFunctionDescriptor@13552290] under collate; prior registration was null
2025-06-27T03:46:21.549-04:00 DEBUG 20716 --- [productos] [           main] o.h.q.sqm.function.SqmFunctionRegistry   : Registered SqmFunctionTemplate [org.hibernate.dialect.function.ExtractFunction@345d641e] under extract; prior registration was null
2025-06-27T03:46:21.549-04:00 DEBUG 20716 --- [productos] [           main] o.h.q.sqm.function.SqmFunctionRegistry   : Registered SqmFunctionTemplate [NamedSqmFunctionTemplate(least)] under least; prior registration was null
2025-06-27T03:46:21.549-04:00 DEBUG 20716 --- [productos] [           main] o.h.q.sqm.function.SqmFunctionRegistry   : Registered SqmFunctionTemplate [NamedSqmFunctionTemplate(greatest)] under greatest; prior registration was null
2025-06-27T03:46:21.549-04:00 DEBUG 20716 --- [productos] [           main] o.h.q.sqm.function.SqmFunctionRegistry   : Registered SqmFunctionTemplate [org.hibernate.dialect.function.CoalesceIfnullEmulation@5dd12c19] under ifnull; prior registration was null
2025-06-27T03:46:21.549-04:00 DEBUG 20716 --- [productos] [           main] o.h.q.sqm.function.SqmFunctionRegistry   : Registered SqmFunctionTemplate [NamedSqmFunctionTemplate(lpad)] under lpad; prior registration was null
2025-06-27T03:46:21.549-04:00 DEBUG 20716 --- [productos] [           main] o.h.q.sqm.function.SqmFunctionRegistry   : Registered SqmFunctionTemplate [NamedSqmFunctionTemplate(rpad)] under rpad; prior registration was null
2025-06-27T03:46:21.549-04:00 DEBUG 20716 --- [productos] [           main] o.h.q.sqm.function.SqmFunctionRegistry   : Registered SqmFunctionTemplate [org.hibernate.dialect.function.LpadRpadPadEmulation@744673f3] under pad; prior registration was null
2025-06-27T03:46:21.551-04:00 DEBUG 20716 --- [productos] [           main] o.h.q.sqm.function.SqmFunctionRegistry   : Registered SqmFunctionTemplate [org.hibernate.dialect.function.CastStrEmulation@2ba9765b] under str; prior registration was null
2025-06-27T03:46:21.553-04:00 DEBUG 20716 --- [productos] [           main] o.h.q.sqm.function.SqmFunctionRegistry   : Registered SqmFunctionTemplate [org.hibernate.dialect.function.FormatFunction@67167f8f] under format; prior registration was null
2025-06-27T03:46:21.554-04:00 DEBUG 20716 --- [productos] [           main] o.h.q.sqm.function.SqmFunctionRegistry   : Registered SqmFunctionTemplate [org.hibernate.dialect.function.TimestampaddFunction@e638553] under timestampadd; prior registration was null
2025-06-27T03:46:21.555-04:00 DEBUG 20716 --- [productos] [           main] o.h.q.sqm.function.SqmFunctionRegistry   : Registered SqmFunctionTemplate [org.hibernate.dialect.function.TimestampdiffFunction@530bd77b] under timestampdiff; prior registration was null
2025-06-27T03:46:21.555-04:00 DEBUG 20716 --- [productos] [           main] o.h.q.sqm.function.SqmFunctionRegistry   : Registering alternate key : dateadd -> timestampadd
2025-06-27T03:46:21.555-04:00 DEBUG 20716 --- [productos] [           main] o.h.q.sqm.function.SqmFunctionRegistry   : Registering alternate key : datediff -> timestampdiff
2025-06-27T03:46:21.556-04:00 DEBUG 20716 --- [productos] [           main] o.h.q.sqm.function.SqmFunctionRegistry   : Registered SqmFunctionTemplate [org.hibernate.dialect.function.CurrentFunction@d3b0397] under current_date; prior registration was null
2025-06-27T03:46:21.556-04:00 DEBUG 20716 --- [productos] [           main] o.h.q.sqm.function.SqmFunctionRegistry   : Registered SqmFunctionTemplate [org.hibernate.dialect.function.CurrentFunction@1ab717f3] under current_time; prior registration was null
2025-06-27T03:46:21.556-04:00 DEBUG 20716 --- [productos] [           main] o.h.q.sqm.function.SqmFunctionRegistry   : Registered SqmFunctionTemplate [org.hibernate.dialect.function.CurrentFunction@52bcfd10] under current_timestamp; prior registration was null
2025-06-27T03:46:21.556-04:00 DEBUG 20716 --- [productos] [           main] o.h.q.sqm.function.SqmFunctionRegistry   : Registering alternate key : current date -> current_date
2025-06-27T03:46:21.556-04:00 DEBUG 20716 --- [productos] [           main] o.h.q.sqm.function.SqmFunctionRegistry   : Registering alternate key : current time -> current_time
2025-06-27T03:46:21.556-04:00 DEBUG 20716 --- [productos] [           main] o.h.q.sqm.function.SqmFunctionRegistry   : Registering alternate key : current timestamp -> current_timestamp
2025-06-27T03:46:21.556-04:00 DEBUG 20716 --- [productos] [           main] o.h.q.sqm.function.SqmFunctionRegistry   : Registered SqmFunctionTemplate [org.hibernate.dialect.function.CurrentFunction@67683210] under local_date; prior registration was null
2025-06-27T03:46:21.556-04:00 DEBUG 20716 --- [productos] [           main] o.h.q.sqm.function.SqmFunctionRegistry   : Registered SqmFunctionTemplate [org.hibernate.dialect.function.CurrentFunction@329aa2d1] under local_time; prior registration was null
2025-06-27T03:46:21.556-04:00 DEBUG 20716 --- [productos] [           main] o.h.q.sqm.function.SqmFunctionRegistry   : Registered SqmFunctionTemplate [org.hibernate.dialect.function.CurrentFunction@103033fe] under local_datetime; prior registration was null
2025-06-27T03:46:21.556-04:00 DEBUG 20716 --- [productos] [           main] o.h.q.sqm.function.SqmFunctionRegistry   : Registered SqmFunctionTemplate [org.hibernate.dialect.function.CurrentFunction@25511895] under offset_datetime; prior registration was null
2025-06-27T03:46:21.556-04:00 DEBUG 20716 --- [productos] [           main] o.h.q.sqm.function.SqmFunctionRegistry   : Registering alternate key : local date -> local_date
2025-06-27T03:46:21.556-04:00 DEBUG 20716 --- [productos] [           main] o.h.q.sqm.function.SqmFunctionRegistry   : Registering alternate key : local time -> local_time
2025-06-27T03:46:21.556-04:00 DEBUG 20716 --- [productos] [           main] o.h.q.sqm.function.SqmFunctionRegistry   : Registering alternate key : local datetime -> local_datetime
2025-06-27T03:46:21.556-04:00 DEBUG 20716 --- [productos] [           main] o.h.q.sqm.function.SqmFunctionRegistry   : Registering alternate key : offset datetime -> offset_datetime
2025-06-27T03:46:21.556-04:00 DEBUG 20716 --- [productos] [           main] o.h.q.sqm.function.SqmFunctionRegistry   : Registered SqmFunctionTemplate [org.hibernate.dialect.function.CurrentFunction@38f569d] under instant; prior registration was null
2025-06-27T03:46:21.556-04:00 DEBUG 20716 --- [productos] [           main] o.h.q.sqm.function.SqmFunctionRegistry   : Registering alternate key : current_instant -> instant
2025-06-27T03:46:21.559-04:00 DEBUG 20716 --- [productos] [           main] o.h.q.sqm.function.SqmFunctionRegistry   : Registered SqmFunctionTemplate [org.hibernate.dialect.function.SqlFunction@21202507] under sql; prior registration was null
2025-06-27T03:46:21.560-04:00 DEBUG 20716 --- [productos] [           main] o.h.q.sqm.function.SqmFunctionRegistry   : Registered SqmFunctionTemplate [NamedSqmFunctionTemplate(ascii)] under ascii; prior registration was null
2025-06-27T03:46:21.560-04:00 DEBUG 20716 --- [productos] [           main] o.h.q.sqm.function.SqmFunctionRegistry   : Registered SqmFunctionTemplate [NamedSqmFunctionTemplate(chr)] under chr; prior registration was null
2025-06-27T03:46:21.560-04:00 DEBUG 20716 --- [productos] [           main] o.h.q.sqm.function.SqmFunctionRegistry   : Registering alternate key : char -> chr
2025-06-27T03:46:21.560-04:00 DEBUG 20716 --- [productos] [           main] o.h.q.sqm.function.SqmFunctionRegistry   : Registered SqmFunctionTemplate [NamedSqmFunctionTemplate(cosh)] under cosh; prior registration was org.hibernate.query.sqm.function.PatternBasedSqmFunctionDescriptor@70ccb3bf
2025-06-27T03:46:21.560-04:00 DEBUG 20716 --- [productos] [           main] o.h.q.sqm.function.SqmFunctionRegistry   : Registered SqmFunctionTemplate [NamedSqmFunctionTemplate(sinh)] under sinh; prior registration was org.hibernate.query.sqm.function.PatternBasedSqmFunctionDescriptor@2e3b4394
2025-06-27T03:46:21.560-04:00 DEBUG 20716 --- [productos] [           main] o.h.q.sqm.function.SqmFunctionRegistry   : Registered SqmFunctionTemplate [NamedSqmFunctionTemplate(tanh)] under tanh; prior registration was org.hibernate.query.sqm.function.PatternBasedSqmFunctionDescriptor@10ffe32f
2025-06-27T03:46:21.560-04:00 DEBUG 20716 --- [productos] [           main] o.h.q.sqm.function.SqmFunctionRegistry   : Registered SqmFunctionTemplate [NamedSqmFunctionTemplate(log)] under log; prior registration was org.hibernate.query.sqm.function.PatternBasedSqmFunctionDescriptor@67d55a46
2025-06-27T03:46:21.560-04:00 DEBUG 20716 --- [productos] [           main] o.h.q.sqm.function.SqmFunctionRegistry   : Registered SqmFunctionTemplate [org.hibernate.query.sqm.function.PatternBasedSqmFunctionDescriptor@62878d7c] under log10; prior registration was null
2025-06-27T03:46:21.560-04:00 DEBUG 20716 --- [productos] [           main] o.h.q.sqm.function.SqmFunctionRegistry   : Registered SqmFunctionTemplate [NamedSqmFunctionTemplate(soundex)] under soundex; prior registration was null
2025-06-27T03:46:21.560-04:00 DEBUG 20716 --- [productos] [           main] o.h.q.sqm.function.SqmFunctionRegistry   : Registered SqmFunctionTemplate [NamedSqmFunctionTemplate(ltrim)] under ltrim; prior registration was null
2025-06-27T03:46:21.560-04:00 DEBUG 20716 --- [productos] [           main] o.h.q.sqm.function.SqmFunctionRegistry   : Registered SqmFunctionTemplate [NamedSqmFunctionTemplate(rtrim)] under rtrim; prior registration was null
2025-06-27T03:46:21.561-04:00 DEBUG 20716 --- [productos] [           main] o.h.q.sqm.function.SqmFunctionRegistry   : Registered SqmFunctionTemplate [NamedSqmFunctionTemplate(initcap)] under initcap; prior registration was null
2025-06-27T03:46:21.561-04:00 DEBUG 20716 --- [productos] [           main] o.h.q.sqm.function.SqmFunctionRegistry   : Registered SqmFunctionTemplate [NamedSqmFunctionTemplate(instr)] under instr; prior registration was null
2025-06-27T03:46:21.561-04:00 DEBUG 20716 --- [productos] [           main] o.h.q.sqm.function.SqmFunctionRegistry   : Registered SqmFunctionTemplate [NamedSqmFunctionTemplate(substr)] under substr; prior registration was null
2025-06-27T03:46:21.561-04:00 DEBUG 20716 --- [productos] [           main] o.h.q.sqm.function.SqmFunctionRegistry   : Registered SqmFunctionTemplate [NamedSqmFunctionTemplate(substr)] under substring; prior registration was NamedSqmFunctionTemplate(substring)
2025-06-27T03:46:21.561-04:00 DEBUG 20716 --- [productos] [           main] o.h.q.sqm.function.SqmFunctionRegistry   : Registered SqmFunctionTemplate [org.hibernate.query.sqm.function.PatternBasedSqmFunctionDescriptor@4379fe2a] under left; prior registration was NamedSqmFunctionTemplate(left)
2025-06-27T03:46:21.561-04:00 DEBUG 20716 --- [productos] [           main] o.h.q.sqm.function.SqmFunctionRegistry   : Registered SqmFunctionTemplate [org.hibernate.query.sqm.function.PatternBasedSqmFunctionDescriptor@e0f2686] under right; prior registration was NamedSqmFunctionTemplate(right)
2025-06-27T03:46:21.561-04:00 DEBUG 20716 --- [productos] [           main] o.h.q.sqm.function.SqmFunctionRegistry   : Registered SqmFunctionTemplate [NamedSqmFunctionTemplate(translate)] under translate; prior registration was null
2025-06-27T03:46:21.561-04:00 DEBUG 20716 --- [productos] [           main] o.h.q.sqm.function.SqmFunctionRegistry   : Registered SqmFunctionTemplate [NamedSqmFunctionTemplate(bitand)] under bitand; prior registration was null
2025-06-27T03:46:21.561-04:00 DEBUG 20716 --- [productos] [           main] o.h.q.sqm.function.SqmFunctionRegistry   : Registered SqmFunctionTemplate [NamedSqmFunctionTemplate(last_day)] under last_day; prior registration was null
2025-06-27T03:46:21.561-04:00 DEBUG 20716 --- [productos] [           main] o.h.q.sqm.function.SqmFunctionRegistry   : Registered SqmFunctionTemplate [NamedSqmFunctionTemplate(to_number)] under to_number; prior registration was null
2025-06-27T03:46:21.561-04:00 DEBUG 20716 --- [productos] [           main] o.h.q.sqm.function.SqmFunctionRegistry   : Registered SqmFunctionTemplate [NamedSqmFunctionTemplate(to_char)] under to_char; prior registration was null
2025-06-27T03:46:21.561-04:00 DEBUG 20716 --- [productos] [           main] o.h.q.sqm.function.SqmFunctionRegistry   : Registered SqmFunctionTemplate [NamedSqmFunctionTemplate(to_date)] under to_date; prior registration was null
2025-06-27T03:46:21.561-04:00 DEBUG 20716 --- [productos] [           main] o.h.q.sqm.function.SqmFunctionRegistry   : Registered SqmFunctionTemplate [NamedSqmFunctionTemplate(to_timestamp)] under to_timestamp; prior registration was null
2025-06-27T03:46:21.561-04:00 DEBUG 20716 --- [productos] [           main] o.h.q.sqm.function.SqmFunctionRegistry   : Registered SqmFunctionTemplate [NamedSqmFunctionTemplate(ceil)] under ceil; prior registration was null
2025-06-27T03:46:21.561-04:00 DEBUG 20716 --- [productos] [           main] o.h.q.sqm.function.SqmFunctionRegistry   : Registering alternate key : ceiling -> ceil
2025-06-27T03:46:21.561-04:00 DEBUG 20716 --- [productos] [           main] o.h.q.sqm.function.SqmFunctionRegistry   : Registered SqmFunctionTemplate [org.hibernate.query.sqm.function.PatternBasedSqmFunctionDescriptor@2e27325d] under concat; prior registration was NamedSqmFunctionTemplate(concat)
2025-06-27T03:46:21.561-04:00 DEBUG 20716 --- [productos] [           main] o.h.q.sqm.function.SqmFunctionRegistry   : Registered SqmFunctionTemplate [NamedSqmFunctionTemplate(rowid)] under rowid; prior registration was null
2025-06-27T03:46:21.561-04:00 DEBUG 20716 --- [productos] [           main] o.h.q.sqm.function.SqmFunctionRegistry   : Registered SqmFunctionTemplate [NamedSqmFunctionTemplate(rownum)] under rownum; prior registration was null
2025-06-27T03:46:21.562-04:00 DEBUG 20716 --- [productos] [           main] o.h.q.sqm.function.SqmFunctionRegistry   : Registered SqmFunctionTemplate [NamedSqmFunctionTemplate(sysdate)] under sysdate; prior registration was null
2025-06-27T03:46:21.562-04:00 DEBUG 20716 --- [productos] [           main] o.h.q.sqm.function.SqmFunctionRegistry   : Registered SqmFunctionTemplate [NamedSqmFunctionTemplate(systimestamp)] under systimestamp; prior registration was null
2025-06-27T03:46:21.562-04:00 DEBUG 20716 --- [productos] [           main] o.h.q.sqm.function.SqmFunctionRegistry   : Registered SqmFunctionTemplate [NamedSqmFunctionTemplate(add_months)] under add_months; prior registration was null
2025-06-27T03:46:21.562-04:00 DEBUG 20716 --- [productos] [           main] o.h.q.sqm.function.SqmFunctionRegistry   : Registered SqmFunctionTemplate [NamedSqmFunctionTemplate(months_between)] under months_between; prior registration was null
2025-06-27T03:46:21.563-04:00 DEBUG 20716 --- [productos] [           main] o.h.q.sqm.function.SqmFunctionRegistry   : Registered SqmFunctionTemplate [org.hibernate.dialect.function.MinMaxCaseEveryAnyEmulation@1c7fd2e0] under every; prior registration was org.hibernate.dialect.function.EveryAnyEmulation@2f025e9e
2025-06-27T03:46:21.563-04:00 DEBUG 20716 --- [productos] [           main] o.h.q.sqm.function.SqmFunctionRegistry   : Registered SqmFunctionTemplate [org.hibernate.dialect.function.MinMaxCaseEveryAnyEmulation@41831611] under any; prior registration was org.hibernate.dialect.function.EveryAnyEmulation@2c8e096
2025-06-27T03:46:21.563-04:00 DEBUG 20716 --- [productos] [           main] o.h.q.sqm.function.SqmFunctionRegistry   : Registered SqmFunctionTemplate [org.hibernate.query.sqm.function.PatternBasedSqmFunctionDescriptor@31921151] under repeat; prior registration was null
2025-06-27T03:46:21.563-04:00 DEBUG 20716 --- [productos] [           main] o.h.q.sqm.function.SqmFunctionRegistry   : Registered SqmFunctionTemplate [org.hibernate.query.sqm.function.PatternBasedSqmFunctionDescriptor@5749e633] under radians; prior registration was null
2025-06-27T03:46:21.563-04:00 DEBUG 20716 --- [productos] [           main] o.h.q.sqm.function.SqmFunctionRegistry   : Registered SqmFunctionTemplate [org.hibernate.query.sqm.function.PatternBasedSqmFunctionDescriptor@35c3d6e8] under degrees; prior registration was null
2025-06-27T03:46:21.563-04:00 DEBUG 20716 --- [productos] [           main] o.h.q.sqm.function.SqmFunctionRegistry   : Registered SqmFunctionTemplate [NamedSqmFunctionTemplate(median)] under median; prior registration was null
2025-06-27T03:46:21.564-04:00 DEBUG 20716 --- [productos] [           main] o.h.q.sqm.function.SqmFunctionRegistry   : Registered SqmFunctionTemplate [NamedSqmFunctionTemplate(stddev)] under stddev; prior registration was null
2025-06-27T03:46:21.564-04:00 DEBUG 20716 --- [productos] [           main] o.h.q.sqm.function.SqmFunctionRegistry   : Registered SqmFunctionTemplate [NamedSqmFunctionTemplate(stddev_pop)] under stddev_pop; prior registration was null
2025-06-27T03:46:21.564-04:00 DEBUG 20716 --- [productos] [           main] o.h.q.sqm.function.SqmFunctionRegistry   : Registered SqmFunctionTemplate [NamedSqmFunctionTemplate(stddev_samp)] under stddev_samp; prior registration was null
2025-06-27T03:46:21.564-04:00 DEBUG 20716 --- [productos] [           main] o.h.q.sqm.function.SqmFunctionRegistry   : Registered SqmFunctionTemplate [NamedSqmFunctionTemplate(variance)] under variance; prior registration was null
2025-06-27T03:46:21.564-04:00 DEBUG 20716 --- [productos] [           main] o.h.q.sqm.function.SqmFunctionRegistry   : Registered SqmFunctionTemplate [NamedSqmFunctionTemplate(var_pop)] under var_pop; prior registration was null
2025-06-27T03:46:21.564-04:00 DEBUG 20716 --- [productos] [           main] o.h.q.sqm.function.SqmFunctionRegistry   : Registered SqmFunctionTemplate [NamedSqmFunctionTemplate(var_samp)] under var_samp; prior registration was null
2025-06-27T03:46:21.564-04:00 DEBUG 20716 --- [productos] [           main] o.h.q.sqm.function.SqmFunctionRegistry   : Registered SqmFunctionTemplate [NamedSqmFunctionTemplate(covar_pop)] under covar_pop; prior registration was null
2025-06-27T03:46:21.564-04:00 DEBUG 20716 --- [productos] [           main] o.h.q.sqm.function.SqmFunctionRegistry   : Registered SqmFunctionTemplate [NamedSqmFunctionTemplate(covar_samp)] under covar_samp; prior registration was null
2025-06-27T03:46:21.564-04:00 DEBUG 20716 --- [productos] [           main] o.h.q.sqm.function.SqmFunctionRegistry   : Registered SqmFunctionTemplate [NamedSqmFunctionTemplate(corr)] under corr; prior registration was null
2025-06-27T03:46:21.565-04:00 DEBUG 20716 --- [productos] [           main] o.h.q.sqm.function.SqmFunctionRegistry   : Registered SqmFunctionTemplate [NamedSqmFunctionTemplate(regr_avgx)] under regr_avgx; prior registration was null
2025-06-27T03:46:21.565-04:00 DEBUG 20716 --- [productos] [           main] o.h.q.sqm.function.SqmFunctionRegistry   : Registered SqmFunctionTemplate [NamedSqmFunctionTemplate(regr_avgy)] under regr_avgy; prior registration was null
2025-06-27T03:46:21.565-04:00 DEBUG 20716 --- [productos] [           main] o.h.q.sqm.function.SqmFunctionRegistry   : Registered SqmFunctionTemplate [NamedSqmFunctionTemplate(regr_count)] under regr_count; prior registration was null
2025-06-27T03:46:21.565-04:00 DEBUG 20716 --- [productos] [           main] o.h.q.sqm.function.SqmFunctionRegistry   : Registered SqmFunctionTemplate [NamedSqmFunctionTemplate(regr_intercept)] under regr_intercept; prior registration was null
2025-06-27T03:46:21.565-04:00 DEBUG 20716 --- [productos] [           main] o.h.q.sqm.function.SqmFunctionRegistry   : Registered SqmFunctionTemplate [NamedSqmFunctionTemplate(regr_r2)] under regr_r2; prior registration was null
2025-06-27T03:46:21.565-04:00 DEBUG 20716 --- [productos] [           main] o.h.q.sqm.function.SqmFunctionRegistry   : Registered SqmFunctionTemplate [NamedSqmFunctionTemplate(regr_slope)] under regr_slope; prior registration was null
2025-06-27T03:46:21.565-04:00 DEBUG 20716 --- [productos] [           main] o.h.q.sqm.function.SqmFunctionRegistry   : Registered SqmFunctionTemplate [NamedSqmFunctionTemplate(regr_sxx)] under regr_sxx; prior registration was null
2025-06-27T03:46:21.565-04:00 DEBUG 20716 --- [productos] [           main] o.h.q.sqm.function.SqmFunctionRegistry   : Registered SqmFunctionTemplate [NamedSqmFunctionTemplate(regr_sxy)] under regr_sxy; prior registration was null
2025-06-27T03:46:21.565-04:00 DEBUG 20716 --- [productos] [           main] o.h.q.sqm.function.SqmFunctionRegistry   : Registered SqmFunctionTemplate [NamedSqmFunctionTemplate(regr_syy)] under regr_syy; prior registration was null
2025-06-27T03:46:21.566-04:00 DEBUG 20716 --- [productos] [           main] o.h.q.sqm.function.SqmFunctionRegistry   : Registered SqmFunctionTemplate [org.hibernate.dialect.function.LengthFunction@594fcb22] under character_length; prior registration was NamedSqmFunctionTemplate(character_length)
2025-06-27T03:46:21.566-04:00 DEBUG 20716 --- [productos] [           main] o.h.q.sqm.function.SqmFunctionRegistry   : Registering alternate key : length -> character_length
2025-06-27T03:46:21.566-04:00 DEBUG 20716 --- [productos] [           main] o.h.q.sqm.function.SqmFunctionRegistry   : Registered SqmFunctionTemplate [org.hibernate.dialect.function.LengthFunction@1399ad68] under octet_length; prior registration was null
2025-06-27T03:46:21.566-04:00 DEBUG 20716 --- [productos] [           main] o.h.q.sqm.function.SqmFunctionRegistry   : Registered SqmFunctionTemplate [org.hibernate.dialect.function.LengthFunction@41c83af0] under bit_length; prior registration was null
2025-06-27T03:46:21.566-04:00 DEBUG 20716 --- [productos] [           main] o.h.q.sqm.function.SqmFunctionRegistry   : Registered SqmFunctionTemplate [NamedSqmFunctionTemplate(coalesce)] under coalesce; prior registration was NamedSqmFunctionTemplate(coalesce)
2025-06-27T03:46:21.566-04:00 DEBUG 20716 --- [productos] [           main] o.h.q.sqm.function.SqmFunctionRegistry   : Registered SqmFunctionTemplate [org.hibernate.query.sqm.function.PatternBasedSqmFunctionDescriptor@47d4468a] under bitor; prior registration was null
2025-06-27T03:46:21.566-04:00 DEBUG 20716 --- [productos] [           main] o.h.q.sqm.function.SqmFunctionRegistry   : Registered SqmFunctionTemplate [org.hibernate.query.sqm.function.PatternBasedSqmFunctionDescriptor@60658389] under bitxor; prior registration was null
2025-06-27T03:46:21.567-04:00 DEBUG 20716 --- [productos] [           main] o.h.q.sqm.function.SqmFunctionRegistry   : Registered SqmFunctionTemplate [org.hibernate.query.sqm.function.MultipatternSqmFunctionDescriptor@17e66aed] under locate; prior registration was NamedSqmFunctionTemplate(locate)
2025-06-27T03:46:21.568-04:00 DEBUG 20716 --- [productos] [           main] o.h.q.sqm.function.SqmFunctionRegistry   : Registered SqmFunctionTemplate [org.hibernate.dialect.function.ListaggFunction@b0d4873] under listagg; prior registration was null
2025-06-27T03:46:21.568-04:00 DEBUG 20716 --- [productos] [           main] o.h.q.sqm.function.SqmFunctionRegistry   : Registered SqmFunctionTemplate [NamedSqmFunctionTemplate(row_number)] under row_number; prior registration was null
2025-06-27T03:46:21.569-04:00 DEBUG 20716 --- [productos] [           main] o.h.q.sqm.function.SqmFunctionRegistry   : Registered SqmFunctionTemplate [NamedSqmFunctionTemplate(lag)] under lag; prior registration was null
2025-06-27T03:46:21.569-04:00 DEBUG 20716 --- [productos] [           main] o.h.q.sqm.function.SqmFunctionRegistry   : Registered SqmFunctionTemplate [NamedSqmFunctionTemplate(lead)] under lead; prior registration was null
2025-06-27T03:46:21.569-04:00 DEBUG 20716 --- [productos] [           main] o.h.q.sqm.function.SqmFunctionRegistry   : Registered SqmFunctionTemplate [NamedSqmFunctionTemplate(first_value)] under first_value; prior registration was null
2025-06-27T03:46:21.569-04:00 DEBUG 20716 --- [productos] [           main] o.h.q.sqm.function.SqmFunctionRegistry   : Registered SqmFunctionTemplate [NamedSqmFunctionTemplate(last_value)] under last_value; prior registration was null
2025-06-27T03:46:21.569-04:00 DEBUG 20716 --- [productos] [           main] o.h.q.sqm.function.SqmFunctionRegistry   : Registered SqmFunctionTemplate [NamedSqmFunctionTemplate(nth_value)] under nth_value; prior registration was null
2025-06-27T03:46:21.571-04:00 DEBUG 20716 --- [productos] [           main] o.h.q.sqm.function.SqmFunctionRegistry   : Registered SqmFunctionTemplate [org.hibernate.dialect.function.HypotheticalSetFunction@17873842] under rank; prior registration was null
2025-06-27T03:46:21.571-04:00 DEBUG 20716 --- [productos] [           main] o.h.q.sqm.function.SqmFunctionRegistry   : Registered SqmFunctionTemplate [org.hibernate.dialect.function.HypotheticalSetFunction@147aceec] under dense_rank; prior registration was null
2025-06-27T03:46:21.571-04:00 DEBUG 20716 --- [productos] [           main] o.h.q.sqm.function.SqmFunctionRegistry   : Registered SqmFunctionTemplate [org.hibernate.dialect.function.HypotheticalSetFunction@68838767] under percent_rank; prior registration was null
2025-06-27T03:46:21.571-04:00 DEBUG 20716 --- [productos] [           main] o.h.q.sqm.function.SqmFunctionRegistry   : Registered SqmFunctionTemplate [org.hibernate.dialect.function.HypotheticalSetFunction@315365ef] under cume_dist; prior registration was null
2025-06-27T03:46:21.572-04:00 DEBUG 20716 --- [productos] [           main] o.h.q.sqm.function.SqmFunctionRegistry   : Registered SqmFunctionTemplate [org.hibernate.dialect.function.InverseDistributionFunction@3c981f76] under mode; prior registration was null
2025-06-27T03:46:21.572-04:00 DEBUG 20716 --- [productos] [           main] o.h.q.sqm.function.SqmFunctionRegistry   : Registered SqmFunctionTemplate [org.hibernate.dialect.function.InverseDistributionFunction@4844e24b] under percentile_cont; prior registration was null
2025-06-27T03:46:21.572-04:00 DEBUG 20716 --- [productos] [           main] o.h.q.sqm.function.SqmFunctionRegistry   : Registered SqmFunctionTemplate [org.hibernate.dialect.function.InverseDistributionFunction@2571bdf4] under percentile_disc; prior registration was null
2025-06-27T03:46:21.573-04:00 DEBUG 20716 --- [productos] [           main] o.h.q.sqm.function.SqmFunctionRegistry   : Registered SqmFunctionTemplate [org.hibernate.dialect.function.ModeStatsModeEmulation@395115ac] under mode; prior registration was org.hibernate.dialect.function.InverseDistributionFunction@3c981f76
2025-06-27T03:46:21.579-04:00 DEBUG 20716 --- [productos] [           main] o.h.q.sqm.function.SqmFunctionRegistry   : Registered SqmFunctionTemplate [org.hibernate.dialect.function.OracleTruncFunction@48d24d63] under trunc; prior registration was null
2025-06-27T03:46:21.580-04:00 DEBUG 20716 --- [productos] [           main] o.h.q.sqm.function.SqmFunctionRegistry   : Registering alternate key : truncate -> trunc
2025-06-27T03:46:21.582-04:00 DEBUG 20716 --- [productos] [           main] o.h.q.sqm.function.SqmFunctionRegistry   : Registered SqmFunctionTemplate [org.hibernate.dialect.function.array.OracleArrayConstructorFunction@2b06c388] under array; prior registration was null
2025-06-27T03:46:21.583-04:00 DEBUG 20716 --- [productos] [           main] o.h.q.sqm.function.SqmFunctionRegistry   : Registered SqmFunctionTemplate [org.hibernate.dialect.function.array.OracleArrayConstructorFunction@4c9bed65] under array_list; prior registration was null
2025-06-27T03:46:21.584-04:00 DEBUG 20716 --- [productos] [           main] o.h.q.sqm.function.SqmFunctionRegistry   : Registered SqmFunctionTemplate [org.hibernate.dialect.function.array.OracleArrayAggEmulation@590f806a] under array_agg; prior registration was null
2025-06-27T03:46:21.592-04:00 DEBUG 20716 --- [productos] [           main] o.h.q.sqm.function.SqmFunctionRegistry   : Registered SqmFunctionTemplate [org.hibernate.dialect.function.array.OracleArrayPositionFunction@769a9b7a] under array_position; prior registration was null
2025-06-27T03:46:21.603-04:00 DEBUG 20716 --- [productos] [           main] o.h.q.sqm.function.SqmFunctionRegistry   : Registered SqmFunctionTemplate [org.hibernate.dialect.function.array.OracleArrayPositionsFunction@3f0b5619] under array_positions; prior registration was null
2025-06-27T03:46:21.610-04:00 DEBUG 20716 --- [productos] [           main] o.h.q.sqm.function.SqmFunctionRegistry   : Registered SqmFunctionTemplate [org.hibernate.dialect.function.array.OracleArrayPositionsFunction@7ca7bddd] under array_positions_list; prior registration was null
2025-06-27T03:46:21.611-04:00 DEBUG 20716 --- [productos] [           main] o.h.q.sqm.function.SqmFunctionRegistry   : Registered SqmFunctionTemplate [org.hibernate.dialect.function.array.OracleArrayLengthFunction@73633230] under array_length; prior registration was null
2025-06-27T03:46:21.612-04:00 DEBUG 20716 --- [productos] [           main] o.h.q.sqm.function.SqmFunctionRegistry   : Registered SqmFunctionTemplate [org.hibernate.dialect.function.DynamicDispatchFunction@34a99d8] under length; prior registration was null
2025-06-27T03:46:21.614-04:00 DEBUG 20716 --- [productos] [           main] o.h.q.sqm.function.SqmFunctionRegistry   : Registered SqmFunctionTemplate [org.hibernate.dialect.function.array.OracleArrayConcatFunction@47ab3688] under array_concat; prior registration was null
2025-06-27T03:46:21.615-04:00 DEBUG 20716 --- [productos] [           main] o.h.q.sqm.function.SqmFunctionRegistry   : Registered SqmFunctionTemplate [org.hibernate.dialect.function.array.OracleArrayConcatElementFunction@2305aad0] under array_prepend; prior registration was null
2025-06-27T03:46:21.615-04:00 DEBUG 20716 --- [productos] [           main] o.h.q.sqm.function.SqmFunctionRegistry   : Registered SqmFunctionTemplate [org.hibernate.dialect.function.array.OracleArrayConcatElementFunction@1c15a6aa] under array_append; prior registration was null
2025-06-27T03:46:21.617-04:00 DEBUG 20716 --- [productos] [           main] o.h.q.sqm.function.SqmFunctionRegistry   : Registered SqmFunctionTemplate [org.hibernate.dialect.function.array.OracleArrayContainsFunction@248ba4fc] under array_contains; prior registration was null
2025-06-27T03:46:21.617-04:00 DEBUG 20716 --- [productos] [           main] o.h.q.sqm.function.SqmFunctionRegistry   : Registered SqmFunctionTemplate [org.hibernate.dialect.function.array.OracleArrayContainsFunction@54cce500] under array_contains_nullable; prior registration was null
2025-06-27T03:46:21.620-04:00 DEBUG 20716 --- [productos] [           main] o.h.q.sqm.function.SqmFunctionRegistry   : Registered SqmFunctionTemplate [org.hibernate.dialect.function.array.OracleArrayIncludesFunction@7077ae9c] under array_includes; prior registration was null
2025-06-27T03:46:21.620-04:00 DEBUG 20716 --- [productos] [           main] o.h.q.sqm.function.SqmFunctionRegistry   : Registered SqmFunctionTemplate [org.hibernate.dialect.function.array.OracleArrayIncludesFunction@3fe3ebb3] under array_includes_nullable; prior registration was null
2025-06-27T03:46:21.621-04:00 DEBUG 20716 --- [productos] [           main] o.h.q.sqm.function.SqmFunctionRegistry   : Registered SqmFunctionTemplate [org.hibernate.dialect.function.array.OracleArrayIntersectsFunction@11267e87] under array_intersects; prior registration was null
2025-06-27T03:46:21.621-04:00 DEBUG 20716 --- [productos] [           main] o.h.q.sqm.function.SqmFunctionRegistry   : Registered SqmFunctionTemplate [org.hibernate.dialect.function.array.OracleArrayIntersectsFunction@118c1faa] under array_intersects_nullable; prior registration was null
2025-06-27T03:46:21.621-04:00 DEBUG 20716 --- [productos] [           main] o.h.q.sqm.function.SqmFunctionRegistry   : Registering alternate key : array_overlaps -> array_intersects
2025-06-27T03:46:21.621-04:00 DEBUG 20716 --- [productos] [           main] o.h.q.sqm.function.SqmFunctionRegistry   : Registering alternate key : array_overlaps_nullable -> array_intersects_nullable
2025-06-27T03:46:21.626-04:00 DEBUG 20716 --- [productos] [           main] o.h.q.sqm.function.SqmFunctionRegistry   : Registered SqmFunctionTemplate [org.hibernate.dialect.function.array.OracleArrayGetFunction@19d3f4fb] under array_get; prior registration was null
2025-06-27T03:46:21.626-04:00 DEBUG 20716 --- [productos] [           main] o.h.q.sqm.function.SqmFunctionRegistry   : Registered SqmFunctionTemplate [org.hibernate.dialect.function.array.OracleArraySetFunction@125ba798] under array_set; prior registration was null
2025-06-27T03:46:21.627-04:00 DEBUG 20716 --- [productos] [           main] o.h.q.sqm.function.SqmFunctionRegistry   : Registered SqmFunctionTemplate [org.hibernate.dialect.function.array.OracleArrayRemoveFunction@74267ece] under array_remove; prior registration was null
2025-06-27T03:46:21.627-04:00 DEBUG 20716 --- [productos] [           main] o.h.q.sqm.function.SqmFunctionRegistry   : Registered SqmFunctionTemplate [org.hibernate.dialect.function.array.OracleArrayRemoveIndexFunction@5ed88e31] under array_remove_index; prior registration was null
2025-06-27T03:46:21.628-04:00 DEBUG 20716 --- [productos] [           main] o.h.q.sqm.function.SqmFunctionRegistry   : Registered SqmFunctionTemplate [org.hibernate.dialect.function.array.OracleArraySliceFunction@70ab1ce0] under array_slice; prior registration was null
2025-06-27T03:46:21.629-04:00 DEBUG 20716 --- [productos] [           main] o.h.q.sqm.function.SqmFunctionRegistry   : Registered SqmFunctionTemplate [org.hibernate.dialect.function.array.OracleArrayReplaceFunction@2003edf] under array_replace; prior registration was null
2025-06-27T03:46:21.629-04:00 DEBUG 20716 --- [productos] [           main] o.h.q.sqm.function.SqmFunctionRegistry   : Registered SqmFunctionTemplate [org.hibernate.dialect.function.array.OracleArrayTrimFunction@6cd65042] under array_trim; prior registration was null
2025-06-27T03:46:21.630-04:00 DEBUG 20716 --- [productos] [           main] o.h.q.sqm.function.SqmFunctionRegistry   : Registered SqmFunctionTemplate [org.hibernate.dialect.function.array.OracleArrayFillFunction@733e3c19] under array_fill; prior registration was null
2025-06-27T03:46:21.630-04:00 DEBUG 20716 --- [productos] [           main] o.h.q.sqm.function.SqmFunctionRegistry   : Registered SqmFunctionTemplate [org.hibernate.dialect.function.array.OracleArrayFillFunction@5418893c] under array_fill_list; prior registration was null
2025-06-27T03:46:21.631-04:00 DEBUG 20716 --- [productos] [           main] o.h.q.sqm.function.SqmFunctionRegistry   : Registered SqmFunctionTemplate [org.hibernate.dialect.function.array.OracleArrayToStringFunction@20276412] under array_to_string; prior registration was null
2025-06-27T03:46:21.632-04:00 DEBUG 20716 --- [productos] [           main] org.hibernate.HQL_FUNCTIONS              : abs(NUMERIC arg)
2025-06-27T03:46:21.632-04:00 DEBUG 20716 --- [productos] [           main] org.hibernate.HQL_FUNCTIONS              : Double acos(NUMERIC arg)
2025-06-27T03:46:21.632-04:00 DEBUG 20716 --- [productos] [           main] org.hibernate.HQL_FUNCTIONS              : add_months(DATE datetime, INTEGER months)
2025-06-27T03:46:21.632-04:00 DEBUG 20716 --- [productos] [           main] org.hibernate.HQL_FUNCTIONS              : Boolean any(BOOLEAN arg)
2025-06-27T03:46:21.633-04:00 DEBUG 20716 --- [productos] [           main] org.hibernate.HQL_FUNCTIONS              : array( ... )
2025-06-27T03:46:21.633-04:00 DEBUG 20716 --- [productos] [           main] org.hibernate.HQL_FUNCTIONS              : array_agg(arg)
2025-06-27T03:46:21.633-04:00 DEBUG 20716 --- [productos] [           main] org.hibernate.HQL_FUNCTIONS              : array_append( ... )
2025-06-27T03:46:21.633-04:00 DEBUG 20716 --- [productos] [           main] org.hibernate.HQL_FUNCTIONS              : array_concat( ... )
2025-06-27T03:46:21.633-04:00 DEBUG 20716 --- [productos] [           main] org.hibernate.HQL_FUNCTIONS              : Boolean array_contains(ARRAY haystackArray, OBJECT needleElementOrArray)
2025-06-27T03:46:21.633-04:00 DEBUG 20716 --- [productos] [           main] org.hibernate.HQL_FUNCTIONS              : Boolean array_contains_nullable(ARRAY haystackArray, OBJECT needleElementOrArray)
2025-06-27T03:46:21.633-04:00 DEBUG 20716 --- [productos] [           main] org.hibernate.HQL_FUNCTIONS              : array_fill(OBJECT element, INTEGER elementCount)
2025-06-27T03:46:21.633-04:00 DEBUG 20716 --- [productos] [           main] org.hibernate.HQL_FUNCTIONS              : array_fill_list(OBJECT element, INTEGER elementCount)
2025-06-27T03:46:21.633-04:00 DEBUG 20716 --- [productos] [           main] org.hibernate.HQL_FUNCTIONS              : array_get( ... )
2025-06-27T03:46:21.633-04:00 DEBUG 20716 --- [productos] [           main] org.hibernate.HQL_FUNCTIONS              : Boolean array_includes(ARRAY haystackArray, OBJECT needleArray)
2025-06-27T03:46:21.633-04:00 DEBUG 20716 --- [productos] [           main] org.hibernate.HQL_FUNCTIONS              : Boolean array_includes_nullable(ARRAY haystackArray, OBJECT needleArray)
2025-06-27T03:46:21.633-04:00 DEBUG 20716 --- [productos] [           main] org.hibernate.HQL_FUNCTIONS              : Boolean array_intersects(ARRAY array0, OBJECT array1)
2025-06-27T03:46:21.633-04:00 DEBUG 20716 --- [productos] [           main] org.hibernate.HQL_FUNCTIONS              : Boolean array_intersects_nullable(ARRAY array0, OBJECT array1)
2025-06-27T03:46:21.633-04:00 DEBUG 20716 --- [productos] [           main] org.hibernate.HQL_FUNCTIONS              : Integer array_length(ARRAY array)
2025-06-27T03:46:21.633-04:00 DEBUG 20716 --- [productos] [           main] org.hibernate.HQL_FUNCTIONS              : array_list( ... )
2025-06-27T03:46:21.633-04:00 DEBUG 20716 --- [productos] [           main] org.hibernate.HQL_FUNCTIONS              : Boolean array_overlaps(ARRAY array0, OBJECT array1)
2025-06-27T03:46:21.633-04:00 DEBUG 20716 --- [productos] [           main] org.hibernate.HQL_FUNCTIONS              : Boolean array_overlaps_nullable(ARRAY array0, OBJECT array1)
2025-06-27T03:46:21.633-04:00 DEBUG 20716 --- [productos] [           main] org.hibernate.HQL_FUNCTIONS              : Integer array_position(ARRAY array, OBJECT element[, INTEGER startPosition])
2025-06-27T03:46:21.633-04:00 DEBUG 20716 --- [productos] [           main] org.hibernate.HQL_FUNCTIONS              : int[] array_positions(ARRAY array, OBJECT element)
2025-06-27T03:46:21.633-04:00 DEBUG 20716 --- [productos] [           main] org.hibernate.HQL_FUNCTIONS              : List array_positions_list(ARRAY array, OBJECT element)
2025-06-27T03:46:21.633-04:00 DEBUG 20716 --- [productos] [           main] org.hibernate.HQL_FUNCTIONS              : array_prepend( ... )
2025-06-27T03:46:21.633-04:00 DEBUG 20716 --- [productos] [           main] org.hibernate.HQL_FUNCTIONS              : array_remove( ... )
2025-06-27T03:46:21.633-04:00 DEBUG 20716 --- [productos] [           main] org.hibernate.HQL_FUNCTIONS              : array_remove_index( ... )
2025-06-27T03:46:21.633-04:00 DEBUG 20716 --- [productos] [           main] org.hibernate.HQL_FUNCTIONS              : array_replace( ... )
2025-06-27T03:46:21.633-04:00 DEBUG 20716 --- [productos] [           main] org.hibernate.HQL_FUNCTIONS              : array_set( ... )
2025-06-27T03:46:21.633-04:00 DEBUG 20716 --- [productos] [           main] org.hibernate.HQL_FUNCTIONS              : array_slice( ... )
2025-06-27T03:46:21.633-04:00 DEBUG 20716 --- [productos] [           main] org.hibernate.HQL_FUNCTIONS              : String array_to_string( ... )
2025-06-27T03:46:21.634-04:00 DEBUG 20716 --- [productos] [           main] org.hibernate.HQL_FUNCTIONS              : array_trim( ... )
2025-06-27T03:46:21.634-04:00 DEBUG 20716 --- [productos] [           main] org.hibernate.HQL_FUNCTIONS              : Integer ascii(STRING arg)
2025-06-27T03:46:21.636-04:00 DEBUG 20716 --- [productos] [           main] org.hibernate.HQL_FUNCTIONS              : Double asin(NUMERIC arg)
2025-06-27T03:46:21.636-04:00 DEBUG 20716 --- [productos] [           main] org.hibernate.HQL_FUNCTIONS              : Double atan(NUMERIC arg)
2025-06-27T03:46:21.636-04:00 DEBUG 20716 --- [productos] [           main] org.hibernate.HQL_FUNCTIONS              : Double atan2(NUMERIC arg0, NUMERIC arg1)
2025-06-27T03:46:21.636-04:00 DEBUG 20716 --- [productos] [           main] org.hibernate.HQL_FUNCTIONS              : avg(arg)
2025-06-27T03:46:21.636-04:00 DEBUG 20716 --- [productos] [           main] org.hibernate.HQL_FUNCTIONS              : Integer bit_length(STRING_OR_CLOB arg)
2025-06-27T03:46:21.636-04:00 DEBUG 20716 --- [productos] [           main] org.hibernate.HQL_FUNCTIONS              : bitand(arg0, arg1)
2025-06-27T03:46:21.637-04:00 DEBUG 20716 --- [productos] [           main] org.hibernate.HQL_FUNCTIONS              : bitor(arg0, arg1)
2025-06-27T03:46:21.637-04:00 DEBUG 20716 --- [productos] [           main] org.hibernate.HQL_FUNCTIONS              : bitxor(arg0, arg1)
2025-06-27T03:46:21.637-04:00 DEBUG 20716 --- [productos] [           main] org.hibernate.HQL_FUNCTIONS              : cast(arg as Type)
2025-06-27T03:46:21.637-04:00 DEBUG 20716 --- [productos] [           main] org.hibernate.HQL_FUNCTIONS              : ceil(NUMERIC arg)
2025-06-27T03:46:21.643-04:00 DEBUG 20716 --- [productos] [           main] org.hibernate.HQL_FUNCTIONS              : ceiling(NUMERIC arg)
2025-06-27T03:46:21.643-04:00 DEBUG 20716 --- [productos] [           main] org.hibernate.HQL_FUNCTIONS              : Character char(INTEGER arg)
2025-06-27T03:46:21.643-04:00 DEBUG 20716 --- [productos] [           main] org.hibernate.HQL_FUNCTIONS              : Integer character_length(STRING_OR_CLOB arg)
2025-06-27T03:46:21.643-04:00 DEBUG 20716 --- [productos] [           main] org.hibernate.HQL_FUNCTIONS              : Character chr(INTEGER arg)
2025-06-27T03:46:21.643-04:00 DEBUG 20716 --- [productos] [           main] org.hibernate.HQL_FUNCTIONS              : coalesce(arg0[, arg1[, ...]])
2025-06-27T03:46:21.643-04:00 DEBUG 20716 --- [productos] [           main] org.hibernate.HQL_FUNCTIONS              : String collate(STRING string as COLLATION collation)
2025-06-27T03:46:21.643-04:00 DEBUG 20716 --- [productos] [           main] org.hibernate.HQL_FUNCTIONS              : String concat(STRING string0[, STRING string1[, ...]])
2025-06-27T03:46:21.645-04:00 DEBUG 20716 --- [productos] [           main] org.hibernate.HQL_FUNCTIONS              : Double corr(NUMERIC arg0, NUMERIC arg1)
2025-06-27T03:46:21.645-04:00 DEBUG 20716 --- [productos] [           main] org.hibernate.HQL_FUNCTIONS              : Double cos(NUMERIC arg)
2025-06-27T03:46:21.645-04:00 DEBUG 20716 --- [productos] [           main] org.hibernate.HQL_FUNCTIONS              : Double cosh(NUMERIC arg)
2025-06-27T03:46:21.645-04:00 DEBUG 20716 --- [productos] [           main] org.hibernate.HQL_FUNCTIONS              : Long count([distinct ]{arg|*})
2025-06-27T03:46:21.654-04:00 DEBUG 20716 --- [productos] [           main] org.hibernate.HQL_FUNCTIONS              : Double covar_pop(NUMERIC arg0, NUMERIC arg1)
2025-06-27T03:46:21.655-04:00 DEBUG 20716 --- [productos] [           main] org.hibernate.HQL_FUNCTIONS              : Double covar_samp(NUMERIC arg0, NUMERIC arg1)
2025-06-27T03:46:21.655-04:00 DEBUG 20716 --- [productos] [           main] org.hibernate.HQL_FUNCTIONS              : Double cume_dist([arg0[, ...]])
2025-06-27T03:46:21.655-04:00 DEBUG 20716 --- [productos] [           main] org.hibernate.HQL_FUNCTIONS              : Date current date
2025-06-27T03:46:21.657-04:00 DEBUG 20716 --- [productos] [           main] org.hibernate.HQL_FUNCTIONS              : Time current time
2025-06-27T03:46:21.660-04:00 DEBUG 20716 --- [productos] [           main] org.hibernate.HQL_FUNCTIONS              : Timestamp current timestamp
2025-06-27T03:46:21.661-04:00 DEBUG 20716 --- [productos] [           main] org.hibernate.HQL_FUNCTIONS              : Date current_date
2025-06-27T03:46:21.662-04:00 DEBUG 20716 --- [productos] [           main] org.hibernate.HQL_FUNCTIONS              : Instant current_instant
2025-06-27T03:46:21.662-04:00 DEBUG 20716 --- [productos] [           main] org.hibernate.HQL_FUNCTIONS              : Time current_time
2025-06-27T03:46:21.662-04:00 DEBUG 20716 --- [productos] [           main] org.hibernate.HQL_FUNCTIONS              : Timestamp current_timestamp
2025-06-27T03:46:21.662-04:00 DEBUG 20716 --- [productos] [           main] org.hibernate.HQL_FUNCTIONS              : dateadd(TEMPORAL_UNIT field, INTEGER magnitude, TEMPORAL datetime)
2025-06-27T03:46:21.663-04:00 DEBUG 20716 --- [productos] [           main] org.hibernate.HQL_FUNCTIONS              : Long|Double datediff(TEMPORAL_UNIT field, TEMPORAL start, TEMPORAL end)
2025-06-27T03:46:21.664-04:00 DEBUG 20716 --- [productos] [           main] org.hibernate.HQL_FUNCTIONS              : Double degrees(NUMERIC arg)
2025-06-27T03:46:21.665-04:00 DEBUG 20716 --- [productos] [           main] org.hibernate.HQL_FUNCTIONS              : Long dense_rank([arg0[, ...]])
2025-06-27T03:46:21.665-04:00 DEBUG 20716 --- [productos] [           main] org.hibernate.HQL_FUNCTIONS              : Boolean every(BOOLEAN arg)
2025-06-27T03:46:21.666-04:00 DEBUG 20716 --- [productos] [           main] org.hibernate.HQL_FUNCTIONS              : Double exp(NUMERIC arg)
2025-06-27T03:46:21.666-04:00 DEBUG 20716 --- [productos] [           main] org.hibernate.HQL_FUNCTIONS              : extract(TEMPORAL_UNIT field from TEMPORAL arg)
2025-06-27T03:46:21.666-04:00 DEBUG 20716 --- [productos] [           main] org.hibernate.HQL_FUNCTIONS              : first_valueANY value
2025-06-27T03:46:21.666-04:00 DEBUG 20716 --- [productos] [           main] org.hibernate.HQL_FUNCTIONS              : floor(NUMERIC arg)
2025-06-27T03:46:21.666-04:00 DEBUG 20716 --- [productos] [           main] org.hibernate.HQL_FUNCTIONS              : String format(TEMPORAL datetime as STRING pattern)
2025-06-27T03:46:21.667-04:00 DEBUG 20716 --- [productos] [           main] org.hibernate.HQL_FUNCTIONS              : greatest(COMPARABLE arg0, COMPARABLE arg1[, arg2[, ...]])
2025-06-27T03:46:21.668-04:00 DEBUG 20716 --- [productos] [           main] org.hibernate.HQL_FUNCTIONS              : ifnull(arg0, arg1)
2025-06-27T03:46:21.669-04:00 DEBUG 20716 --- [productos] [           main] org.hibernate.HQL_FUNCTIONS              : String initcap(arg)
2025-06-27T03:46:21.669-04:00 DEBUG 20716 --- [productos] [           main] org.hibernate.HQL_FUNCTIONS              : Instant instant
2025-06-27T03:46:21.669-04:00 DEBUG 20716 --- [productos] [           main] org.hibernate.HQL_FUNCTIONS              : Integer instr(STRING string, STRING pattern[, INTEGER start[, INTEGER occurrence]])
2025-06-27T03:46:21.669-04:00 DEBUG 20716 --- [productos] [           main] org.hibernate.HQL_FUNCTIONS              : lagANY value[, INTEGER offset[, ANY default]]
2025-06-27T03:46:21.669-04:00 DEBUG 20716 --- [productos] [           main] org.hibernate.HQL_FUNCTIONS              : Date last_day(DATE arg)
2025-06-27T03:46:21.669-04:00 DEBUG 20716 --- [productos] [           main] org.hibernate.HQL_FUNCTIONS              : last_valueANY value
2025-06-27T03:46:21.669-04:00 DEBUG 20716 --- [productos] [           main] org.hibernate.HQL_FUNCTIONS              : leadANY value[, INTEGER offset[, ANY default]]
2025-06-27T03:46:21.670-04:00 DEBUG 20716 --- [productos] [           main] org.hibernate.HQL_FUNCTIONS              : least(COMPARABLE arg0, COMPARABLE arg1[, arg2[, ...]])
2025-06-27T03:46:21.670-04:00 DEBUG 20716 --- [productos] [           main] org.hibernate.HQL_FUNCTIONS              : String left(STRING string, INTEGER length)
2025-06-27T03:46:21.670-04:00 DEBUG 20716 --- [productos] [           main] org.hibernate.HQL_FUNCTIONS              : length
2025-06-27T03:46:21.670-04:00 DEBUG 20716 --- [productos] [           main] org.hibernate.HQL_FUNCTIONS              : String listagg(STRING arg0, STRING arg1)
2025-06-27T03:46:21.670-04:00 DEBUG 20716 --- [productos] [           main] org.hibernate.HQL_FUNCTIONS              : Double ln(NUMERIC arg)
2025-06-27T03:46:21.670-04:00 DEBUG 20716 --- [productos] [           main] org.hibernate.HQL_FUNCTIONS              : LocalDate local date
2025-06-27T03:46:21.670-04:00 DEBUG 20716 --- [productos] [           main] org.hibernate.HQL_FUNCTIONS              : LocalDateTime local datetime
2025-06-27T03:46:21.670-04:00 DEBUG 20716 --- [productos] [           main] org.hibernate.HQL_FUNCTIONS              : LocalTime local time
2025-06-27T03:46:21.670-04:00 DEBUG 20716 --- [productos] [           main] org.hibernate.HQL_FUNCTIONS              : LocalDate local_date
2025-06-27T03:46:21.670-04:00 DEBUG 20716 --- [productos] [           main] org.hibernate.HQL_FUNCTIONS              : LocalDateTime local_datetime
2025-06-27T03:46:21.670-04:00 DEBUG 20716 --- [productos] [           main] org.hibernate.HQL_FUNCTIONS              : LocalTime local_time
2025-06-27T03:46:21.675-04:00 DEBUG 20716 --- [productos] [           main] org.hibernate.HQL_FUNCTIONS              : Integer locate(pattern, string[, start])
2025-06-27T03:46:21.676-04:00 DEBUG 20716 --- [productos] [           main] org.hibernate.HQL_FUNCTIONS              : Double log(NUMERIC arg0[, NUMERIC arg1])
2025-06-27T03:46:21.691-04:00 DEBUG 20716 --- [productos] [           main] org.hibernate.HQL_FUNCTIONS              : Double log10(NUMERIC arg)
2025-06-27T03:46:21.691-04:00 DEBUG 20716 --- [productos] [           main] org.hibernate.HQL_FUNCTIONS              : String lower(STRING string)
2025-06-27T03:46:21.691-04:00 DEBUG 20716 --- [productos] [           main] org.hibernate.HQL_FUNCTIONS              : String lpad(STRING string, INTEGER length[, STRING padding])
2025-06-27T03:46:21.691-04:00 DEBUG 20716 --- [productos] [           main] org.hibernate.HQL_FUNCTIONS              : String ltrim(STRING string[, STRING characters])
2025-06-27T03:46:21.692-04:00 DEBUG 20716 --- [productos] [           main] org.hibernate.HQL_FUNCTIONS              : max(COMPARABLE arg)
2025-06-27T03:46:21.692-04:00 DEBUG 20716 --- [productos] [           main] org.hibernate.HQL_FUNCTIONS              : Double median(NUMERIC arg)
2025-06-27T03:46:21.692-04:00 DEBUG 20716 --- [productos] [           main] org.hibernate.HQL_FUNCTIONS              : min(COMPARABLE arg)
2025-06-27T03:46:21.694-04:00 DEBUG 20716 --- [productos] [           main] org.hibernate.HQL_FUNCTIONS              : Integer mod(INTEGER arg0, INTEGER arg1)
2025-06-27T03:46:21.694-04:00 DEBUG 20716 --- [productos] [           main] org.hibernate.HQL_FUNCTIONS              : mode()
2025-06-27T03:46:21.694-04:00 DEBUG 20716 --- [productos] [           main] org.hibernate.HQL_FUNCTIONS              : Integer months_between(DATE end, DATE start)
2025-06-27T03:46:21.714-04:00 DEBUG 20716 --- [productos] [           main] org.hibernate.HQL_FUNCTIONS              : nth_valueANY value, INTEGER nth
2025-06-27T03:46:21.714-04:00 DEBUG 20716 --- [productos] [           main] org.hibernate.HQL_FUNCTIONS              : nullif(arg0, arg1)
2025-06-27T03:46:21.714-04:00 DEBUG 20716 --- [productos] [           main] org.hibernate.HQL_FUNCTIONS              : Integer octet_length(STRING_OR_CLOB arg)
2025-06-27T03:46:21.714-04:00 DEBUG 20716 --- [productos] [           main] org.hibernate.HQL_FUNCTIONS              : OffsetDateTime offset datetime
2025-06-27T03:46:21.714-04:00 DEBUG 20716 --- [productos] [           main] org.hibernate.HQL_FUNCTIONS              : OffsetDateTime offset_datetime
2025-06-27T03:46:21.714-04:00 DEBUG 20716 --- [productos] [           main] org.hibernate.HQL_FUNCTIONS              : String overlay(STRING string placing STRING replacement from INTEGER start[ for INTEGER length])
2025-06-27T03:46:21.714-04:00 DEBUG 20716 --- [productos] [           main] org.hibernate.HQL_FUNCTIONS              : String pad(STRING string with INTEGER length {leading|trailing}[ STRING character])
2025-06-27T03:46:21.714-04:00 DEBUG 20716 --- [productos] [           main] org.hibernate.HQL_FUNCTIONS              : Double percent_rank([arg0[, ...]])
2025-06-27T03:46:21.714-04:00 DEBUG 20716 --- [productos] [           main] org.hibernate.HQL_FUNCTIONS              : percentile_cont(NUMERIC arg)
2025-06-27T03:46:21.714-04:00 DEBUG 20716 --- [productos] [           main] org.hibernate.HQL_FUNCTIONS              : percentile_disc(NUMERIC arg)
2025-06-27T03:46:21.714-04:00 DEBUG 20716 --- [productos] [           main] org.hibernate.HQL_FUNCTIONS              : Double pi
2025-06-27T03:46:21.714-04:00 DEBUG 20716 --- [productos] [           main] org.hibernate.HQL_FUNCTIONS              : Integer position(STRING pattern in STRING string)
2025-06-27T03:46:21.714-04:00 DEBUG 20716 --- [productos] [           main] org.hibernate.HQL_FUNCTIONS              : Double power(NUMERIC arg0, NUMERIC arg1)
2025-06-27T03:46:21.714-04:00 DEBUG 20716 --- [productos] [           main] org.hibernate.HQL_FUNCTIONS              : Double radians(NUMERIC arg)
2025-06-27T03:46:21.714-04:00 DEBUG 20716 --- [productos] [           main] org.hibernate.HQL_FUNCTIONS              : Long rank([arg0[, ...]])
2025-06-27T03:46:21.714-04:00 DEBUG 20716 --- [productos] [           main] org.hibernate.HQL_FUNCTIONS              : Double regr_avgx(NUMERIC arg0, NUMERIC arg1)
2025-06-27T03:46:21.714-04:00 DEBUG 20716 --- [productos] [           main] org.hibernate.HQL_FUNCTIONS              : Double regr_avgy(NUMERIC arg0, NUMERIC arg1)
2025-06-27T03:46:21.714-04:00 DEBUG 20716 --- [productos] [           main] org.hibernate.HQL_FUNCTIONS              : Double regr_count(NUMERIC arg0, NUMERIC arg1)
2025-06-27T03:46:21.715-04:00 DEBUG 20716 --- [productos] [           main] org.hibernate.HQL_FUNCTIONS              : Double regr_intercept(NUMERIC arg0, NUMERIC arg1)
2025-06-27T03:46:21.715-04:00 DEBUG 20716 --- [productos] [           main] org.hibernate.HQL_FUNCTIONS              : Double regr_r2(NUMERIC arg0, NUMERIC arg1)
2025-06-27T03:46:21.715-04:00 DEBUG 20716 --- [productos] [           main] org.hibernate.HQL_FUNCTIONS              : Double regr_slope(NUMERIC arg0, NUMERIC arg1)
2025-06-27T03:46:21.718-04:00 DEBUG 20716 --- [productos] [           main] org.hibernate.HQL_FUNCTIONS              : Double regr_sxx(NUMERIC arg0, NUMERIC arg1)
2025-06-27T03:46:21.719-04:00 DEBUG 20716 --- [productos] [           main] org.hibernate.HQL_FUNCTIONS              : Double regr_sxy(NUMERIC arg0, NUMERIC arg1)
2025-06-27T03:46:21.722-04:00 DEBUG 20716 --- [productos] [           main] org.hibernate.HQL_FUNCTIONS              : Double regr_syy(NUMERIC arg0, NUMERIC arg1)
2025-06-27T03:46:21.727-04:00 DEBUG 20716 --- [productos] [           main] org.hibernate.HQL_FUNCTIONS              : String repeat(STRING string, INTEGER times)
2025-06-27T03:46:21.727-04:00 DEBUG 20716 --- [productos] [           main] org.hibernate.HQL_FUNCTIONS              : String replace(STRING string, STRING pattern, STRING replacement)
2025-06-27T03:46:21.727-04:00 DEBUG 20716 --- [productos] [           main] org.hibernate.HQL_FUNCTIONS              : String right(STRING string, INTEGER length)
2025-06-27T03:46:21.727-04:00 DEBUG 20716 --- [productos] [           main] org.hibernate.HQL_FUNCTIONS              : round(NUMERIC number[, INTEGER places])
2025-06-27T03:46:21.727-04:00 DEBUG 20716 --- [productos] [           main] org.hibernate.HQL_FUNCTIONS              : Long row_number()
2025-06-27T03:46:21.727-04:00 DEBUG 20716 --- [productos] [           main] org.hibernate.HQL_FUNCTIONS              : Long rowid
2025-06-27T03:46:21.727-04:00 DEBUG 20716 --- [productos] [           main] org.hibernate.HQL_FUNCTIONS              : Long rownum
2025-06-27T03:46:21.727-04:00 DEBUG 20716 --- [productos] [           main] org.hibernate.HQL_FUNCTIONS              : String rpad(STRING string, INTEGER length[, STRING padding])
2025-06-27T03:46:21.727-04:00 DEBUG 20716 --- [productos] [           main] org.hibernate.HQL_FUNCTIONS              : String rtrim(STRING string[, STRING characters])
2025-06-27T03:46:21.728-04:00 DEBUG 20716 --- [productos] [           main] org.hibernate.HQL_FUNCTIONS              : Integer sign(NUMERIC arg)
2025-06-27T03:46:21.731-04:00 DEBUG 20716 --- [productos] [           main] org.hibernate.HQL_FUNCTIONS              : Double sin(NUMERIC arg)
2025-06-27T03:46:21.733-04:00 DEBUG 20716 --- [productos] [           main] org.hibernate.HQL_FUNCTIONS              : Double sinh(NUMERIC arg)
2025-06-27T03:46:21.733-04:00 DEBUG 20716 --- [productos] [           main] org.hibernate.HQL_FUNCTIONS              : String soundex(arg)
2025-06-27T03:46:21.733-04:00 DEBUG 20716 --- [productos] [           main] org.hibernate.HQL_FUNCTIONS              : Object sql
2025-06-27T03:46:21.734-04:00 DEBUG 20716 --- [productos] [           main] org.hibernate.HQL_FUNCTIONS              : Double sqrt(NUMERIC arg)
2025-06-27T03:46:21.734-04:00 DEBUG 20716 --- [productos] [           main] org.hibernate.HQL_FUNCTIONS              : Double stddev(NUMERIC arg)
2025-06-27T03:46:21.734-04:00 DEBUG 20716 --- [productos] [           main] org.hibernate.HQL_FUNCTIONS              : Double stddev_pop(NUMERIC arg)
2025-06-27T03:46:21.734-04:00 DEBUG 20716 --- [productos] [           main] org.hibernate.HQL_FUNCTIONS              : Double stddev_samp(NUMERIC arg)
2025-06-27T03:46:21.736-04:00 DEBUG 20716 --- [productos] [           main] org.hibernate.HQL_FUNCTIONS              : String str(arg)
2025-06-27T03:46:21.738-04:00 DEBUG 20716 --- [productos] [           main] org.hibernate.HQL_FUNCTIONS              : String substr(STRING string, INTEGER start[, INTEGER length])
2025-06-27T03:46:21.738-04:00 DEBUG 20716 --- [productos] [           main] org.hibernate.HQL_FUNCTIONS              : String substring(STRING string{ from|,} INTEGER start[{ for|,} INTEGER length])
2025-06-27T03:46:21.738-04:00 DEBUG 20716 --- [productos] [           main] org.hibernate.HQL_FUNCTIONS              : sum(arg)
2025-06-27T03:46:21.738-04:00 DEBUG 20716 --- [productos] [           main] org.hibernate.HQL_FUNCTIONS              : Timestamp sysdate
2025-06-27T03:46:21.738-04:00 DEBUG 20716 --- [productos] [           main] org.hibernate.HQL_FUNCTIONS              : Timestamp systimestamp
2025-06-27T03:46:21.738-04:00 DEBUG 20716 --- [productos] [           main] org.hibernate.HQL_FUNCTIONS              : Double tan(NUMERIC arg)
2025-06-27T03:46:21.738-04:00 DEBUG 20716 --- [productos] [           main] org.hibernate.HQL_FUNCTIONS              : Double tanh(NUMERIC arg)
2025-06-27T03:46:21.738-04:00 DEBUG 20716 --- [productos] [           main] org.hibernate.HQL_FUNCTIONS              : timestampadd(TEMPORAL_UNIT field, INTEGER magnitude, TEMPORAL datetime)
2025-06-27T03:46:21.738-04:00 DEBUG 20716 --- [productos] [           main] org.hibernate.HQL_FUNCTIONS              : Long|Double timestampdiff(TEMPORAL_UNIT field, TEMPORAL start, TEMPORAL end)
2025-06-27T03:46:21.739-04:00 DEBUG 20716 --- [productos] [           main] org.hibernate.HQL_FUNCTIONS              : String to_char(ANY arg0[, STRING arg1, STRING arg2])
2025-06-27T03:46:21.739-04:00 DEBUG 20716 --- [productos] [           main] org.hibernate.HQL_FUNCTIONS              : Date to_date(STRING arg0[, STRING arg1, STRING arg2])
2025-06-27T03:46:21.740-04:00 DEBUG 20716 --- [productos] [           main] org.hibernate.HQL_FUNCTIONS              : Double to_number(STRING arg0[, STRING arg1, STRING arg2])
2025-06-27T03:46:21.741-04:00 DEBUG 20716 --- [productos] [           main] org.hibernate.HQL_FUNCTIONS              : Timestamp to_timestamp(STRING arg0[, STRING arg1, STRING arg2])
2025-06-27T03:46:21.741-04:00 DEBUG 20716 --- [productos] [           main] org.hibernate.HQL_FUNCTIONS              : String translate(STRING arg0, STRING arg1, STRING arg2)
2025-06-27T03:46:21.741-04:00 DEBUG 20716 --- [productos] [           main] org.hibernate.HQL_FUNCTIONS              : String trim([[{leading|trailing|both} ][STRING arg0 ]from] STRING arg1)
2025-06-27T03:46:21.742-04:00 DEBUG 20716 --- [productos] [           main] org.hibernate.HQL_FUNCTIONS              : trunc( ... )
2025-06-27T03:46:21.742-04:00 DEBUG 20716 --- [productos] [           main] org.hibernate.HQL_FUNCTIONS              : truncate( ... )
2025-06-27T03:46:21.742-04:00 DEBUG 20716 --- [productos] [           main] org.hibernate.HQL_FUNCTIONS              : String upper(STRING string)
2025-06-27T03:46:21.742-04:00 DEBUG 20716 --- [productos] [           main] org.hibernate.HQL_FUNCTIONS              : Double var_pop(NUMERIC arg)
2025-06-27T03:46:21.742-04:00 DEBUG 20716 --- [productos] [           main] org.hibernate.HQL_FUNCTIONS              : Double var_samp(NUMERIC arg)
2025-06-27T03:46:21.742-04:00 DEBUG 20716 --- [productos] [           main] org.hibernate.HQL_FUNCTIONS              : Double variance(NUMERIC arg)
2025-06-27T03:46:21.750-04:00 DEBUG 20716 --- [productos] [           main] org.hibernate.orm.query.plan.cache       : Starting QueryInterpretationCache(2048)
2025-06-27T03:46:21.795-04:00 DEBUG 20716 --- [productos] [onnection adder] com.zaxxer.hikari.pool.HikariPool        : HikariPool-1 - Added connection oracle.jdbc.driver.T4CConnection@28d68b2b
2025-06-27T03:46:21.827-04:00 DEBUG 20716 --- [productos] [onnection adder] com.zaxxer.hikari.pool.HikariPool        : HikariPool-1 - After adding stats (total=5, active=0, idle=5, waiting=0)
2025-06-27T03:46:22.011-04:00 DEBUG 20716 --- [productos] [           main] .h.s.i.SessionFactoryServiceRegistryImpl : EventListenerRegistry access via ServiceRegistry is deprecated.  Use `sessionFactory.getEventEngine().getListenerRegistry()` instead
2025-06-27T03:46:22.035-04:00 DEBUG 20716 --- [productos] [           main] h.e.i.EntityCopyObserverFactoryInitiator : Configured EntityCopyObserver strategy: disallow
2025-06-27T03:46:22.245-04:00 DEBUG 20716 --- [productos] [onnection adder] com.zaxxer.hikari.pool.HikariPool        : HikariPool-1 - Added connection oracle.jdbc.driver.T4CConnection@62dd9a82
2025-06-27T03:46:22.263-04:00 DEBUG 20716 --- [productos] [           main] o.h.boot.internal.ClassLoaderAccessImpl  : Not known whether passed class name [com.hoppyware.productos.model.Producto] is safe
2025-06-27T03:46:22.263-04:00 DEBUG 20716 --- [productos] [           main] o.h.boot.internal.ClassLoaderAccessImpl  : No temp ClassLoader provided; using live ClassLoader for loading potentially unsafe class : com.hoppyware.productos.model.Producto
2025-06-27T03:46:22.276-04:00 DEBUG 20716 --- [productos] [onnection adder] com.zaxxer.hikari.pool.HikariPool        : HikariPool-1 - After adding stats (total=6, active=0, idle=6, waiting=0)
2025-06-27T03:46:22.505-04:00 DEBUG 20716 --- [productos] [           main] o.h.b.i.bytebuddy.BytecodeProviderImpl   : HHH000513: Unable to create the ReflectionOptimizer for [com.hoppyware.productos.model.Producto]: private accessor [descripcion]
2025-06-27T03:46:22.559-04:00 DEBUG 20716 --- [productos] [           main] o.hibernate.orm.model.mapping.creation   : Starting post-init callbacks
2025-06-27T03:46:22.559-04:00 DEBUG 20716 --- [productos] [           main] o.hibernate.orm.model.mapping.creation   : Starting PostInitCallbackEntry : Entity(com.hoppyware.productos.model.Producto) `staticFetchableList` generator
2025-06-27T03:46:22.623-04:00 DEBUG 20716 --- [productos] [onnection adder] com.zaxxer.hikari.pool.HikariPool        : HikariPool-1 - Added connection oracle.jdbc.driver.T4CConnection@4a4fd3a3
2025-06-27T03:46:22.654-04:00 DEBUG 20716 --- [productos] [onnection adder] com.zaxxer.hikari.pool.HikariPool        : HikariPool-1 - After adding stats (total=7, active=0, idle=7, waiting=0)
2025-06-27T03:46:22.665-04:00 DEBUG 20716 --- [productos] [           main] org.hibernate.orm.sql.ast.create         : Created new SQL alias : p1_0
2025-06-27T03:46:22.667-04:00 DEBUG 20716 --- [productos] [           main] org.hibernate.orm.sql.ast.create         : Registration of TableGroup [StandardTableGroup(com.hoppyware.productos.model.Producto)] with identifierForTableGroup [com.hoppyware.productos.model.Producto] for NavigablePath [com.hoppyware.productos.model.Producto] 
2025-06-27T03:46:22.688-04:00 DEBUG 20716 --- [productos] [           main] org.hibernate.orm.results.graph.AST      : DomainResult Graph:
 \-EntityResultImpl [com.hoppyware.productos.model.Producto]
 |  +-BasicFetch [com.hoppyware.productos.model.Producto.descripcion]
 |  +-BasicFetch [com.hoppyware.productos.model.Producto.nombre]
 |  +-BasicFetch [com.hoppyware.productos.model.Producto.origen]
 |  +-BasicFetch [com.hoppyware.productos.model.Producto.precio]
 |  +-BasicFetch [com.hoppyware.productos.model.Producto.proveedor]
 |  \-BasicFetch [com.hoppyware.productos.model.Producto.stock]

2025-06-27T03:46:22.691-04:00 DEBUG 20716 --- [productos] [           main] org.hibernate.orm.sql.ast.tree           : SQL AST Tree:
    SelectStatement {
      FromClause {
        StandardTableGroup (p1 : com.hoppyware.productos.model.Producto) {
          primaryTableReference : producto as p1_0
        }
      }
    }

2025-06-27T03:46:22.711-04:00 DEBUG 20716 --- [productos] [           main] o.h.p.entity.AbstractEntityPersister     : Static SQL for entity: com.hoppyware.productos.model.Producto
2025-06-27T03:46:22.711-04:00 DEBUG 20716 --- [productos] [           main] o.h.p.entity.AbstractEntityPersister     :  Version select: select id from producto where id=?
2025-06-27T03:46:22.711-04:00 DEBUG 20716 --- [productos] [           main] o.h.p.entity.AbstractEntityPersister     :  Insert (0): insert into producto (descripcion,nombre,origen,precio,proveedor,stock,id) values (?,?,?,?,?,?,default)
2025-06-27T03:46:22.711-04:00 DEBUG 20716 --- [productos] [           main] o.h.p.entity.AbstractEntityPersister     :  Update (0): update producto set descripcion=?,nombre=?,origen=?,precio=?,proveedor=?,stock=? where id=?
2025-06-27T03:46:22.711-04:00 DEBUG 20716 --- [productos] [           main] o.h.p.entity.AbstractEntityPersister     :  Delete (0): delete from producto where id=?
2025-06-27T03:46:22.772-04:00  INFO 20716 --- [productos] [           main] o.h.e.t.j.p.i.JtaPlatformInitiator       : HHH000489: No JTA platform available (set 'hibernate.transaction.jta.platform' to enable JTA platform integration)
2025-06-27T03:46:22.774-04:00 DEBUG 20716 --- [productos] [           main] o.h.type.spi.TypeConfiguration$Scope     : Scoping TypeConfiguration [org.hibernate.type.spi.TypeConfiguration@5002be8e] to SessionFactoryImplementor [org.hibernate.internal.SessionFactoryImpl@3a744e32]
2025-06-27T03:46:22.776-04:00 DEBUG 20716 --- [productos] [           main] o.h.query.named.NamedObjectRepository    : Checking 0 named HQL queries
2025-06-27T03:46:22.776-04:00 DEBUG 20716 --- [productos] [           main] o.h.query.named.NamedObjectRepository    : Checking 0 named SQL queries
2025-06-27T03:46:23.055-04:00 DEBUG 20716 --- [productos] [onnection adder] com.zaxxer.hikari.pool.HikariPool        : HikariPool-1 - Added connection oracle.jdbc.driver.T4CConnection@29e7bd32
2025-06-27T03:46:23.087-04:00 DEBUG 20716 --- [productos] [onnection adder] com.zaxxer.hikari.pool.HikariPool        : HikariPool-1 - After adding stats (total=8, active=1, idle=7, waiting=0)
2025-06-27T03:46:23.338-04:00 DEBUG 20716 --- [productos] [           main] org.hibernate.mapping.Table              : No alter strings for table : producto
2025-06-27T03:46:23.342-04:00 DEBUG 20716 --- [productos] [           main] o.h.internal.SessionFactoryRegistry      : Initializing SessionFactoryRegistry : org.hibernate.internal.SessionFactoryRegistry@1d9016fe
2025-06-27T03:46:23.342-04:00 DEBUG 20716 --- [productos] [           main] o.h.internal.SessionFactoryRegistry      : Registering SessionFactory: 09525355-76e4-476f-9033-53a30b50aa1b (<unnamed>)
2025-06-27T03:46:23.343-04:00 DEBUG 20716 --- [productos] [           main] o.h.internal.SessionFactoryRegistry      : Not binding SessionFactory to JNDI, no JNDI name configured
2025-06-27T03:46:23.343-04:00 DEBUG 20716 --- [productos] [           main] o.hibernate.internal.SessionFactoryImpl  : Instantiated SessionFactory
2025-06-27T03:46:23.343-04:00  INFO 20716 --- [productos] [           main] j.LocalContainerEntityManagerFactoryBean : Initialized JPA EntityManagerFactory for persistence unit 'default'
2025-06-27T03:46:23.457-04:00 DEBUG 20716 --- [productos] [onnection adder] com.zaxxer.hikari.pool.HikariPool        : HikariPool-1 - Added connection oracle.jdbc.driver.T4CConnection@74ab3245
2025-06-27T03:46:23.488-04:00 DEBUG 20716 --- [productos] [onnection adder] com.zaxxer.hikari.pool.HikariPool        : HikariPool-1 - After adding stats (total=9, active=0, idle=9, waiting=0)
2025-06-27T03:46:23.675-04:00 DEBUG 20716 --- [productos] [           main] o.h.stat.internal.StatisticsInitiator    : Statistics initialized [enabled=false]
2025-06-27T03:46:23.868-04:00 DEBUG 20716 --- [productos] [onnection adder] com.zaxxer.hikari.pool.HikariPool        : HikariPool-1 - Added connection oracle.jdbc.driver.T4CConnection@5c888bb4
2025-06-27T03:46:23.899-04:00 DEBUG 20716 --- [productos] [onnection adder] com.zaxxer.hikari.pool.HikariPool        : HikariPool-1 - After adding stats (total=10, active=0, idle=10, waiting=0)
2025-06-27T03:46:23.899-04:00 DEBUG 20716 --- [productos] [onnection adder] com.zaxxer.hikari.pool.HikariPool        : HikariPool-1 - Connection not added, stats (total=10, active=0, idle=10, waiting=0)
2025-06-27T03:46:23.902-04:00 DEBUG 20716 --- [productos] [           main] cResourceLocalTransactionCoordinatorImpl : JDBC transaction marked for rollback-only (exception provided for stack trace)

java.lang.Exception: exception just for purpose of providing stack trace
	at org.hibernate.resource.transaction.backend.jdbc.internal.JdbcResourceLocalTransactionCoordinatorImpl$TransactionDriverControlImpl.markRollbackOnly(JdbcResourceLocalTransactionCoordinatorImpl.java:309) ~[hibernate-core-6.6.18.Final.jar:6.6.18.Final]
	at org.hibernate.internal.AbstractSharedSessionContract.buildNamedQuery(AbstractSharedSessionContract.java:1141) ~[hibernate-core-6.6.18.Final.jar:6.6.18.Final]
	at org.hibernate.internal.AbstractSharedSessionContract.createNamedQuery(AbstractSharedSessionContract.java:1019) ~[hibernate-core-6.6.18.Final.jar:6.6.18.Final]
	at org.hibernate.internal.AbstractSharedSessionContract.createNamedQuery(AbstractSharedSessionContract.java:143) ~[hibernate-core-6.6.18.Final.jar:6.6.18.Final]
	at java.base/jdk.internal.reflect.NativeMethodAccessorImpl.invoke0(Native Method) ~[na:na]
	at java.base/jdk.internal.reflect.NativeMethodAccessorImpl.invoke(NativeMethodAccessorImpl.java:77) ~[na:na]
	at java.base/jdk.internal.reflect.DelegatingMethodAccessorImpl.invoke(DelegatingMethodAccessorImpl.java:43) ~[na:na]
	at java.base/java.lang.reflect.Method.invoke(Method.java:568) ~[na:na]
	at org.springframework.orm.jpa.ExtendedEntityManagerCreator$ExtendedEntityManagerInvocationHandler.invoke(ExtendedEntityManagerCreator.java:364) ~[spring-orm-6.2.8.jar:6.2.8]
	at jdk.proxy2/jdk.proxy2.$Proxy149.createNamedQuery(Unknown Source) ~[na:na]
	at org.springframework.data.jpa.repository.query.NamedQuery.hasNamedQuery(NamedQuery.java:120) ~[spring-data-jpa-3.4.7.jar:3.4.7]
	at org.springframework.data.jpa.repository.query.JpaQueryLookupStrategy$DeclaredQueryLookupStrategy.getCountQuery(JpaQueryLookupStrategy.java:206) ~[spring-data-jpa-3.4.7.jar:3.4.7]
	at org.springframework.data.jpa.repository.query.JpaQueryLookupStrategy$DeclaredQueryLookupStrategy.resolveQuery(JpaQueryLookupStrategy.java:175) ~[spring-data-jpa-3.4.7.jar:3.4.7]
	at org.springframework.data.jpa.repository.query.JpaQueryLookupStrategy$CreateIfNotFoundQueryLookupStrategy.resolveQuery(JpaQueryLookupStrategy.java:254) ~[spring-data-jpa-3.4.7.jar:3.4.7]
	at org.springframework.data.jpa.repository.query.JpaQueryLookupStrategy$AbstractQueryLookupStrategy.resolveQuery(JpaQueryLookupStrategy.java:99) ~[spring-data-jpa-3.4.7.jar:3.4.7]
	at org.springframework.data.repository.core.support.QueryExecutorMethodInterceptor.lookupQuery(QueryExecutorMethodInterceptor.java:116) ~[spring-data-commons-3.4.7.jar:3.4.7]
	at org.springframework.data.repository.core.support.QueryExecutorMethodInterceptor.mapMethodsToQuery(QueryExecutorMethodInterceptor.java:104) ~[spring-data-commons-3.4.7.jar:3.4.7]
	at org.springframework.data.repository.core.support.QueryExecutorMethodInterceptor.lambda$new$0(QueryExecutorMethodInterceptor.java:92) ~[spring-data-commons-3.4.7.jar:3.4.7]
	at java.base/java.util.Optional.map(Optional.java:260) ~[na:na]
	at org.springframework.data.repository.core.support.QueryExecutorMethodInterceptor.<init>(QueryExecutorMethodInterceptor.java:92) ~[spring-data-commons-3.4.7.jar:3.4.7]
	at org.springframework.data.repository.core.support.RepositoryFactorySupport.getRepository(RepositoryFactorySupport.java:431) ~[spring-data-commons-3.4.7.jar:3.4.7]
	at org.springframework.data.repository.core.support.RepositoryFactoryBeanSupport.lambda$afterPropertiesSet$4(RepositoryFactoryBeanSupport.java:350) ~[spring-data-commons-3.4.7.jar:3.4.7]
	at org.springframework.data.util.Lazy.getNullable(Lazy.java:135) ~[spring-data-commons-3.4.7.jar:3.4.7]
	at org.springframework.data.util.Lazy.get(Lazy.java:113) ~[spring-data-commons-3.4.7.jar:3.4.7]
	at org.springframework.data.repository.core.support.RepositoryFactoryBeanSupport.afterPropertiesSet(RepositoryFactoryBeanSupport.java:356) ~[spring-data-commons-3.4.7.jar:3.4.7]
	at org.springframework.data.jpa.repository.support.JpaRepositoryFactoryBean.afterPropertiesSet(JpaRepositoryFactoryBean.java:132) ~[spring-data-jpa-3.4.7.jar:3.4.7]
	at org.springframework.beans.factory.support.AbstractAutowireCapableBeanFactory.invokeInitMethods(AbstractAutowireCapableBeanFactory.java:1873) ~[spring-beans-6.2.8.jar:6.2.8]
	at org.springframework.beans.factory.support.AbstractAutowireCapableBeanFactory.initializeBean(AbstractAutowireCapableBeanFactory.java:1822) ~[spring-beans-6.2.8.jar:6.2.8]
	at org.springframework.beans.factory.support.AbstractAutowireCapableBeanFactory.doCreateBean(AbstractAutowireCapableBeanFactory.java:607) ~[spring-beans-6.2.8.jar:6.2.8]
	at org.springframework.beans.factory.support.AbstractAutowireCapableBeanFactory.createBean(AbstractAutowireCapableBeanFactory.java:529) ~[spring-beans-6.2.8.jar:6.2.8]
	at org.springframework.beans.factory.support.AbstractBeanFactory.lambda$doGetBean$0(AbstractBeanFactory.java:339) ~[spring-beans-6.2.8.jar:6.2.8]
	at org.springframework.beans.factory.support.DefaultSingletonBeanRegistry.getSingleton(DefaultSingletonBeanRegistry.java:373) ~[spring-beans-6.2.8.jar:6.2.8]
	at org.springframework.beans.factory.support.AbstractBeanFactory.doGetBean(AbstractBeanFactory.java:337) ~[spring-beans-6.2.8.jar:6.2.8]
	at org.springframework.beans.factory.support.AbstractBeanFactory.getBean(AbstractBeanFactory.java:202) ~[spring-beans-6.2.8.jar:6.2.8]
	at org.springframework.beans.factory.config.DependencyDescriptor.resolveCandidate(DependencyDescriptor.java:254) ~[spring-beans-6.2.8.jar:6.2.8]
	at org.springframework.beans.factory.support.DefaultListableBeanFactory.doResolveDependency(DefaultListableBeanFactory.java:1745) ~[spring-beans-6.2.8.jar:6.2.8]
	at org.springframework.beans.factory.support.DefaultListableBeanFactory.resolveDependency(DefaultListableBeanFactory.java:1628) ~[spring-beans-6.2.8.jar:6.2.8]
	at org.springframework.beans.factory.support.ConstructorResolver.resolveAutowiredArgument(ConstructorResolver.java:913) ~[spring-beans-6.2.8.jar:6.2.8]
	at org.springframework.beans.factory.support.ConstructorResolver.createArgumentArray(ConstructorResolver.java:791) ~[spring-beans-6.2.8.jar:6.2.8]
	at org.springframework.beans.factory.support.ConstructorResolver.autowireConstructor(ConstructorResolver.java:240) ~[spring-beans-6.2.8.jar:6.2.8]
	at org.springframework.beans.factory.support.AbstractAutowireCapableBeanFactory.autowireConstructor(AbstractAutowireCapableBeanFactory.java:1395) ~[spring-beans-6.2.8.jar:6.2.8]
	at org.springframework.beans.factory.support.AbstractAutowireCapableBeanFactory.createBeanInstance(AbstractAutowireCapableBeanFactory.java:1232) ~[spring-beans-6.2.8.jar:6.2.8]
	at org.springframework.beans.factory.support.AbstractAutowireCapableBeanFactory.doCreateBean(AbstractAutowireCapableBeanFactory.java:569) ~[spring-beans-6.2.8.jar:6.2.8]
	at org.springframework.beans.factory.support.AbstractAutowireCapableBeanFactory.createBean(AbstractAutowireCapableBeanFactory.java:529) ~[spring-beans-6.2.8.jar:6.2.8]
	at org.springframework.beans.factory.support.AbstractBeanFactory.lambda$doGetBean$0(AbstractBeanFactory.java:339) ~[spring-beans-6.2.8.jar:6.2.8]
	at org.springframework.beans.factory.support.DefaultSingletonBeanRegistry.getSingleton(DefaultSingletonBeanRegistry.java:373) ~[spring-beans-6.2.8.jar:6.2.8]
	at org.springframework.beans.factory.support.AbstractBeanFactory.doGetBean(AbstractBeanFactory.java:337) ~[spring-beans-6.2.8.jar:6.2.8]
	at org.springframework.beans.factory.support.AbstractBeanFactory.getBean(AbstractBeanFactory.java:202) ~[spring-beans-6.2.8.jar:6.2.8]
	at org.springframework.beans.factory.support.DefaultListableBeanFactory.doResolveDependency(DefaultListableBeanFactory.java:1683) ~[spring-beans-6.2.8.jar:6.2.8]
	at org.springframework.beans.factory.support.DefaultListableBeanFactory.resolveDependency(DefaultListableBeanFactory.java:1628) ~[spring-beans-6.2.8.jar:6.2.8]
	at org.springframework.beans.factory.annotation.AutowiredAnnotationBeanPostProcessor$AutowiredFieldElement.resolveFieldValue(AutowiredAnnotationBeanPostProcessor.java:785) ~[spring-beans-6.2.8.jar:6.2.8]
	at org.springframework.beans.factory.annotation.AutowiredAnnotationBeanPostProcessor$AutowiredFieldElement.inject(AutowiredAnnotationBeanPostProcessor.java:768) ~[spring-beans-6.2.8.jar:6.2.8]
	at org.springframework.beans.factory.annotation.InjectionMetadata.inject(InjectionMetadata.java:146) ~[spring-beans-6.2.8.jar:6.2.8]
	at org.springframework.beans.factory.annotation.AutowiredAnnotationBeanPostProcessor.postProcessProperties(AutowiredAnnotationBeanPostProcessor.java:509) ~[spring-beans-6.2.8.jar:6.2.8]
	at org.springframework.beans.factory.support.AbstractAutowireCapableBeanFactory.populateBean(AbstractAutowireCapableBeanFactory.java:1459) ~[spring-beans-6.2.8.jar:6.2.8]
	at org.springframework.beans.factory.support.AbstractAutowireCapableBeanFactory.doCreateBean(AbstractAutowireCapableBeanFactory.java:606) ~[spring-beans-6.2.8.jar:6.2.8]
	at org.springframework.beans.factory.support.AbstractAutowireCapableBeanFactory.createBean(AbstractAutowireCapableBeanFactory.java:529) ~[spring-beans-6.2.8.jar:6.2.8]
	at org.springframework.beans.factory.support.AbstractBeanFactory.lambda$doGetBean$0(AbstractBeanFactory.java:339) ~[spring-beans-6.2.8.jar:6.2.8]
	at org.springframework.beans.factory.support.DefaultSingletonBeanRegistry.getSingleton(DefaultSingletonBeanRegistry.java:373) ~[spring-beans-6.2.8.jar:6.2.8]
	at org.springframework.beans.factory.support.AbstractBeanFactory.doGetBean(AbstractBeanFactory.java:337) ~[spring-beans-6.2.8.jar:6.2.8]
	at org.springframework.beans.factory.support.AbstractBeanFactory.getBean(AbstractBeanFactory.java:202) ~[spring-beans-6.2.8.jar:6.2.8]
	at org.springframework.beans.factory.support.DefaultListableBeanFactory.instantiateSingleton(DefaultListableBeanFactory.java:1222) ~[spring-beans-6.2.8.jar:6.2.8]
	at org.springframework.beans.factory.support.DefaultListableBeanFactory.preInstantiateSingleton(DefaultListableBeanFactory.java:1188) ~[spring-beans-6.2.8.jar:6.2.8]
	at org.springframework.beans.factory.support.DefaultListableBeanFactory.preInstantiateSingletons(DefaultListableBeanFactory.java:1123) ~[spring-beans-6.2.8.jar:6.2.8]
	at org.springframework.context.support.AbstractApplicationContext.finishBeanFactoryInitialization(AbstractApplicationContext.java:987) ~[spring-context-6.2.8.jar:6.2.8]
	at org.springframework.context.support.AbstractApplicationContext.refresh(AbstractApplicationContext.java:627) ~[spring-context-6.2.8.jar:6.2.8]
	at org.springframework.boot.SpringApplication.refresh(SpringApplication.java:752) ~[spring-boot-3.4.7.jar:3.4.7]
	at org.springframework.boot.SpringApplication.refreshContext(SpringApplication.java:439) ~[spring-boot-3.4.7.jar:3.4.7]
	at org.springframework.boot.SpringApplication.run(SpringApplication.java:318) ~[spring-boot-3.4.7.jar:3.4.7]
	at org.springframework.boot.test.context.SpringBootContextLoader.lambda$loadContext$3(SpringBootContextLoader.java:144) ~[spring-boot-test-3.4.7.jar:3.4.7]
	at org.springframework.util.function.ThrowingSupplier.get(ThrowingSupplier.java:58) ~[spring-core-6.2.8.jar:6.2.8]
	at org.springframework.util.function.ThrowingSupplier.get(ThrowingSupplier.java:46) ~[spring-core-6.2.8.jar:6.2.8]
	at org.springframework.boot.SpringApplication.withHook(SpringApplication.java:1461) ~[spring-boot-3.4.7.jar:3.4.7]
	at org.springframework.boot.test.context.SpringBootContextLoader$ContextLoaderHook.run(SpringBootContextLoader.java:563) ~[spring-boot-test-3.4.7.jar:3.4.7]
	at org.springframework.boot.test.context.SpringBootContextLoader.loadContext(SpringBootContextLoader.java:144) ~[spring-boot-test-3.4.7.jar:3.4.7]
	at org.springframework.boot.test.context.SpringBootContextLoader.loadContext(SpringBootContextLoader.java:110) ~[spring-boot-test-3.4.7.jar:3.4.7]
	at org.springframework.test.context.cache.DefaultCacheAwareContextLoaderDelegate.loadContextInternal(DefaultCacheAwareContextLoaderDelegate.java:225) ~[spring-test-6.2.8.jar:6.2.8]
	at org.springframework.test.context.cache.DefaultCacheAwareContextLoaderDelegate.loadContext(DefaultCacheAwareContextLoaderDelegate.java:152) ~[spring-test-6.2.8.jar:6.2.8]
	at org.springframework.test.context.support.DefaultTestContext.getApplicationContext(DefaultTestContext.java:130) ~[spring-test-6.2.8.jar:6.2.8]
	at org.springframework.test.context.web.ServletTestExecutionListener.setUpRequestContextIfNecessary(ServletTestExecutionListener.java:200) ~[spring-test-6.2.8.jar:6.2.8]
	at org.springframework.test.context.web.ServletTestExecutionListener.prepareTestInstance(ServletTestExecutionListener.java:139) ~[spring-test-6.2.8.jar:6.2.8]
	at org.springframework.test.context.TestContextManager.prepareTestInstance(TestContextManager.java:260) ~[spring-test-6.2.8.jar:6.2.8]
	at org.springframework.test.context.junit.jupiter.SpringExtension.postProcessTestInstance(SpringExtension.java:159) ~[spring-test-6.2.8.jar:6.2.8]
	at org.junit.jupiter.engine.descriptor.ClassBasedTestDescriptor.lambda$invokeTestInstancePostProcessors$11(ClassBasedTestDescriptor.java:378) ~[junit-jupiter-engine-5.11.4.jar:5.11.4]
	at org.junit.jupiter.engine.descriptor.ClassBasedTestDescriptor.executeAndMaskThrowable(ClassBasedTestDescriptor.java:383) ~[junit-jupiter-engine-5.11.4.jar:5.11.4]
	at org.junit.jupiter.engine.descriptor.ClassBasedTestDescriptor.lambda$invokeTestInstancePostProcessors$12(ClassBasedTestDescriptor.java:378) ~[junit-jupiter-engine-5.11.4.jar:5.11.4]
	at java.base/java.util.stream.ForEachOps$ForEachOp$OfRef.accept(ForEachOps.java:183) ~[na:na]
	at java.base/java.util.stream.ReferencePipeline$3$1.accept(ReferencePipeline.java:197) ~[na:na]
	at java.base/java.util.stream.ReferencePipeline$2$1.accept(ReferencePipeline.java:179) ~[na:na]
	at java.base/java.util.stream.ReferencePipeline$3$1.accept(ReferencePipeline.java:197) ~[na:na]
	at java.base/java.util.ArrayList$ArrayListSpliterator.forEachRemaining(ArrayList.java:1625) ~[na:na]
	at java.base/java.util.stream.AbstractPipeline.copyInto(AbstractPipeline.java:509) ~[na:na]
	at java.base/java.util.stream.AbstractPipeline.wrapAndCopyInto(AbstractPipeline.java:499) ~[na:na]
	at java.base/java.util.stream.ForEachOps$ForEachOp.evaluateSequential(ForEachOps.java:150) ~[na:na]
	at java.base/java.util.stream.ForEachOps$ForEachOp$OfRef.evaluateSequential(ForEachOps.java:173) ~[na:na]
	at java.base/java.util.stream.AbstractPipeline.evaluate(AbstractPipeline.java:234) ~[na:na]
	at java.base/java.util.stream.ReferencePipeline.forEach(ReferencePipeline.java:596) ~[na:na]
	at org.junit.jupiter.engine.descriptor.ClassBasedTestDescriptor.invokeTestInstancePostProcessors(ClassBasedTestDescriptor.java:377) ~[junit-jupiter-engine-5.11.4.jar:5.11.4]
	at org.junit.jupiter.engine.descriptor.ClassBasedTestDescriptor.lambda$instantiateAndPostProcessTestInstance$7(ClassBasedTestDescriptor.java:290) ~[junit-jupiter-engine-5.11.4.jar:5.11.4]
	at org.junit.platform.engine.support.hierarchical.ThrowableCollector.execute(ThrowableCollector.java:73) ~[junit-platform-engine-1.11.4.jar:1.11.4]
	at org.junit.jupiter.engine.descriptor.ClassBasedTestDescriptor.instantiateAndPostProcessTestInstance(ClassBasedTestDescriptor.java:289) ~[junit-jupiter-engine-5.11.4.jar:5.11.4]
	at org.junit.jupiter.engine.descriptor.ClassBasedTestDescriptor.lambda$testInstancesProvider$5(ClassBasedTestDescriptor.java:279) ~[junit-jupiter-engine-5.11.4.jar:5.11.4]
	at java.base/java.util.Optional.orElseGet(Optional.java:364) ~[na:na]
	at org.junit.jupiter.engine.descriptor.ClassBasedTestDescriptor.lambda$testInstancesProvider$6(ClassBasedTestDescriptor.java:278) ~[junit-jupiter-engine-5.11.4.jar:5.11.4]
	at org.junit.jupiter.engine.execution.TestInstancesProvider.getTestInstances(TestInstancesProvider.java:31) ~[junit-jupiter-engine-5.11.4.jar:5.11.4]
	at org.junit.jupiter.engine.descriptor.TestMethodTestDescriptor.lambda$prepare$1(TestMethodTestDescriptor.java:105) ~[junit-jupiter-engine-5.11.4.jar:5.11.4]
	at org.junit.platform.engine.support.hierarchical.ThrowableCollector.execute(ThrowableCollector.java:73) ~[junit-platform-engine-1.11.4.jar:1.11.4]
	at org.junit.jupiter.engine.descriptor.TestMethodTestDescriptor.prepare(TestMethodTestDescriptor.java:104) ~[junit-jupiter-engine-5.11.4.jar:5.11.4]
	at org.junit.jupiter.engine.descriptor.TestMethodTestDescriptor.prepare(TestMethodTestDescriptor.java:68) ~[junit-jupiter-engine-5.11.4.jar:5.11.4]
	at org.junit.platform.engine.support.hierarchical.NodeTestTask.lambda$prepare$2(NodeTestTask.java:128) ~[junit-platform-engine-1.11.4.jar:1.11.4]
	at org.junit.platform.engine.support.hierarchical.ThrowableCollector.execute(ThrowableCollector.java:73) ~[junit-platform-engine-1.11.4.jar:1.11.4]
	at org.junit.platform.engine.support.hierarchical.NodeTestTask.prepare(NodeTestTask.java:128) ~[junit-platform-engine-1.11.4.jar:1.11.4]
	at org.junit.platform.engine.support.hierarchical.NodeTestTask.execute(NodeTestTask.java:95) ~[junit-platform-engine-1.11.4.jar:1.11.4]
	at java.base/java.util.ArrayList.forEach(ArrayList.java:1511) ~[na:na]
	at org.junit.platform.engine.support.hierarchical.SameThreadHierarchicalTestExecutorService.invokeAll(SameThreadHierarchicalTestExecutorService.java:41) ~[junit-platform-engine-1.11.4.jar:1.11.4]
	at org.junit.platform.engine.support.hierarchical.NodeTestTask.lambda$executeRecursively$6(NodeTestTask.java:160) ~[junit-platform-engine-1.11.4.jar:1.11.4]
	at org.junit.platform.engine.support.hierarchical.ThrowableCollector.execute(ThrowableCollector.java:73) ~[junit-platform-engine-1.11.4.jar:1.11.4]
	at org.junit.platform.engine.support.hierarchical.NodeTestTask.lambda$executeRecursively$8(NodeTestTask.java:146) ~[junit-platform-engine-1.11.4.jar:1.11.4]
	at org.junit.platform.engine.support.hierarchical.Node.around(Node.java:137) ~[junit-platform-engine-1.11.4.jar:1.11.4]
	at org.junit.platform.engine.support.hierarchical.NodeTestTask.lambda$executeRecursively$9(NodeTestTask.java:144) ~[junit-platform-engine-1.11.4.jar:1.11.4]
	at org.junit.platform.engine.support.hierarchical.ThrowableCollector.execute(ThrowableCollector.java:73) ~[junit-platform-engine-1.11.4.jar:1.11.4]
	at org.junit.platform.engine.support.hierarchical.NodeTestTask.executeRecursively(NodeTestTask.java:143) ~[junit-platform-engine-1.11.4.jar:1.11.4]
	at org.junit.platform.engine.support.hierarchical.NodeTestTask.execute(NodeTestTask.java:100) ~[junit-platform-engine-1.11.4.jar:1.11.4]
	at java.base/java.util.ArrayList.forEach(ArrayList.java:1511) ~[na:na]
	at org.junit.platform.engine.support.hierarchical.SameThreadHierarchicalTestExecutorService.invokeAll(SameThreadHierarchicalTestExecutorService.java:41) ~[junit-platform-engine-1.11.4.jar:1.11.4]
	at org.junit.platform.engine.support.hierarchical.NodeTestTask.lambda$executeRecursively$6(NodeTestTask.java:160) ~[junit-platform-engine-1.11.4.jar:1.11.4]
	at org.junit.platform.engine.support.hierarchical.ThrowableCollector.execute(ThrowableCollector.java:73) ~[junit-platform-engine-1.11.4.jar:1.11.4]
	at org.junit.platform.engine.support.hierarchical.NodeTestTask.lambda$executeRecursively$8(NodeTestTask.java:146) ~[junit-platform-engine-1.11.4.jar:1.11.4]
	at org.junit.platform.engine.support.hierarchical.Node.around(Node.java:137) ~[junit-platform-engine-1.11.4.jar:1.11.4]
	at org.junit.platform.engine.support.hierarchical.NodeTestTask.lambda$executeRecursively$9(NodeTestTask.java:144) ~[junit-platform-engine-1.11.4.jar:1.11.4]
	at org.junit.platform.engine.support.hierarchical.ThrowableCollector.execute(ThrowableCollector.java:73) ~[junit-platform-engine-1.11.4.jar:1.11.4]
	at org.junit.platform.engine.support.hierarchical.NodeTestTask.executeRecursively(NodeTestTask.java:143) ~[junit-platform-engine-1.11.4.jar:1.11.4]
	at org.junit.platform.engine.support.hierarchical.NodeTestTask.execute(NodeTestTask.java:100) ~[junit-platform-engine-1.11.4.jar:1.11.4]
	at org.junit.platform.engine.support.hierarchical.SameThreadHierarchicalTestExecutorService.submit(SameThreadHierarchicalTestExecutorService.java:35) ~[junit-platform-engine-1.11.4.jar:1.11.4]
	at org.junit.platform.engine.support.hierarchical.HierarchicalTestExecutor.execute(HierarchicalTestExecutor.java:57) ~[junit-platform-engine-1.11.4.jar:1.11.4]
	at org.junit.platform.engine.support.hierarchical.HierarchicalTestEngine.execute(HierarchicalTestEngine.java:54) ~[junit-platform-engine-1.11.4.jar:1.11.4]
	at org.junit.platform.launcher.core.EngineExecutionOrchestrator.execute(EngineExecutionOrchestrator.java:198) ~[junit-platform-launcher-1.11.4.jar:1.11.4]
	at org.junit.platform.launcher.core.EngineExecutionOrchestrator.execute(EngineExecutionOrchestrator.java:169) ~[junit-platform-launcher-1.11.4.jar:1.11.4]
	at org.junit.platform.launcher.core.EngineExecutionOrchestrator.execute(EngineExecutionOrchestrator.java:93) ~[junit-platform-launcher-1.11.4.jar:1.11.4]
	at org.junit.platform.launcher.core.EngineExecutionOrchestrator.lambda$execute$0(EngineExecutionOrchestrator.java:58) ~[junit-platform-launcher-1.11.4.jar:1.11.4]
	at org.junit.platform.launcher.core.EngineExecutionOrchestrator.withInterceptedStreams(EngineExecutionOrchestrator.java:141) ~[junit-platform-launcher-1.11.4.jar:1.11.4]
	at org.junit.platform.launcher.core.EngineExecutionOrchestrator.execute(EngineExecutionOrchestrator.java:57) ~[junit-platform-launcher-1.11.4.jar:1.11.4]
	at org.junit.platform.launcher.core.DefaultLauncher.execute(DefaultLauncher.java:103) ~[junit-platform-launcher-1.11.4.jar:1.11.4]
	at org.junit.platform.launcher.core.DefaultLauncher.execute(DefaultLauncher.java:85) ~[junit-platform-launcher-1.11.4.jar:1.11.4]
	at org.junit.platform.launcher.core.DelegatingLauncher.execute(DelegatingLauncher.java:47) ~[junit-platform-launcher-1.11.4.jar:1.11.4]
	at org.apache.maven.surefire.junitplatform.LazyLauncher.execute(LazyLauncher.java:56) ~[surefire-junit-platform-3.5.3.jar:3.5.3]
	at org.apache.maven.surefire.junitplatform.JUnitPlatformProvider.execute(JUnitPlatformProvider.java:194) ~[surefire-junit-platform-3.5.3.jar:3.5.3]
	at org.apache.maven.surefire.junitplatform.JUnitPlatformProvider.invokeAllTests(JUnitPlatformProvider.java:150) ~[surefire-junit-platform-3.5.3.jar:3.5.3]
	at org.apache.maven.surefire.junitplatform.JUnitPlatformProvider.invoke(JUnitPlatformProvider.java:124) ~[surefire-junit-platform-3.5.3.jar:3.5.3]
	at org.apache.maven.surefire.booter.ForkedBooter.runSuitesInProcess(ForkedBooter.java:385) ~[surefire-booter-3.5.3.jar:3.5.3]
	at org.apache.maven.surefire.booter.ForkedBooter.execute(ForkedBooter.java:162) ~[surefire-booter-3.5.3.jar:3.5.3]
	at org.apache.maven.surefire.booter.ForkedBooter.run(ForkedBooter.java:507) ~[surefire-booter-3.5.3.jar:3.5.3]
	at org.apache.maven.surefire.booter.ForkedBooter.main(ForkedBooter.java:495) ~[surefire-booter-3.5.3.jar:3.5.3]

2025-06-27T03:46:23.980-04:00  INFO 20716 --- [productos] [           main] o.s.d.j.r.query.QueryEnhancerFactory     : Hibernate is in classpath; If applicable, HQL parser will be used.
2025-06-27T03:46:25.023-04:00  WARN 20716 --- [productos] [           main] JpaBaseConfiguration$JpaWebConfiguration : spring.jpa.open-in-view is enabled by default. Therefore, database queries may be performed during view rendering. Explicitly configure spring.jpa.open-in-view to disable this warning
2025-06-27T03:46:25.206-04:00  INFO 20716 --- [productos] [           main] o.s.v.b.OptionalValidatorFactoryBean     : Failed to set up a Bean Validation provider: jakarta.validation.NoProviderFoundException: Unable to create a Configuration, because no Jakarta Bean Validation provider could be found. Add a provider like Hibernate Validator (RI) to your classpath.
2025-06-27T03:46:26.001-04:00  INFO 20716 --- [productos] [           main] o.s.b.t.m.w.SpringBootMockServletContext : Initializing Spring TestDispatcherServlet ''
2025-06-27T03:46:26.001-04:00  INFO 20716 --- [productos] [           main] o.s.t.web.servlet.TestDispatcherServlet  : Initializing Servlet ''
2025-06-27T03:46:26.004-04:00  INFO 20716 --- [productos] [           main] o.s.t.web.servlet.TestDispatcherServlet  : Completed initialization in 2 ms
2025-06-27T03:46:26.679-04:00  INFO 20716 --- [productos] [           main] c.h.productos.ProductoControllerTest     : Started ProductoControllerTest in 13.778 seconds (process running for 16.05)
2025-06-27T03:46:27.670-04:00 DEBUG 20716 --- [productos] [           main] o.h.e.t.internal.TransactionImpl         : On TransactionImpl creation, JpaCompliance#isJpaTransactionComplianceEnabled == false
2025-06-27T03:46:27.670-04:00 DEBUG 20716 --- [productos] [           main] o.h.e.t.internal.TransactionImpl         : begin
2025-06-27T03:46:27.783-04:00 DEBUG 20716 --- [productos] [           main] org.hibernate.orm.sql.exec               : Skipping reading Query result cache data: cache-enabled = false, cache-mode = IGNORE
2025-06-27T03:46:27.793-04:00 DEBUG 20716 --- [productos] [           main] org.hibernate.SQL                        : 
    select
        p1_0.id,
        p1_0.descripcion,
        p1_0.nombre,
        p1_0.origen,
        p1_0.precio,
        p1_0.proveedor,
        p1_0.stock 
    from
        producto p1_0 
    where
        p1_0.id=?
Hibernate: 
    select
        p1_0.id,
        p1_0.descripcion,
        p1_0.nombre,
        p1_0.origen,
        p1_0.precio,
        p1_0.proveedor,
        p1_0.stock 
    from
        producto p1_0 
    where
        p1_0.id=?
2025-06-27T03:46:27.876-04:00 DEBUG 20716 --- [productos] [           main] org.hibernate.orm.results                : Initializer list:
	  com.hoppyware.productos.model.Producto -> EntityJoinedFetchInitializer(com.hoppyware.productos.model.Producto)@1581806766 (SingleTableEntityPersister(com.hoppyware.productos.model.Producto))

2025-06-27T03:46:27.903-04:00 DEBUG 20716 --- [productos] [           main] o.h.e.t.internal.TransactionImpl         : committing
2025-06-27T03:46:27.905-04:00 DEBUG 20716 --- [productos] [           main] o.h.e.i.AbstractFlushingEventListener    : Processing flush-time cascades
2025-06-27T03:46:27.914-04:00 DEBUG 20716 --- [productos] [           main] o.h.e.i.AbstractFlushingEventListener    : Dirty checking collections
2025-06-27T03:46:27.929-04:00 DEBUG 20716 --- [productos] [           main] o.h.e.i.AbstractFlushingEventListener    : Flushed: 0 insertions, 0 updates, 0 deletions to 1 objects
2025-06-27T03:46:27.929-04:00 DEBUG 20716 --- [productos] [           main] o.h.e.i.AbstractFlushingEventListener    : Flushed: 0 (re)creations, 0 updates, 0 removals to 0 collections
2025-06-27T03:46:27.930-04:00 DEBUG 20716 --- [productos] [           main] o.hibernate.internal.util.EntityPrinter  : Listing entities:
2025-06-27T03:46:27.933-04:00 DEBUG 20716 --- [productos] [           main] o.hibernate.internal.util.EntityPrinter  : com.hoppyware.productos.model.Producto{descripcion=Levadura seca americana, precio=2500, proveedor=Fermentis, id=4, origen=Lille, Francia, stock=260, nombre=Levadura SafAle US-05}
2025-06-27T03:46:27.938-04:00 DEBUG 20716 --- [productos] [           main] o.h.e.t.internal.TransactionImpl         : begin
2025-06-27T03:46:27.940-04:00 DEBUG 20716 --- [productos] [           main] o.h.j.internal.PersistenceUnitUtilImpl   : jakarta.persistence.PersistenceUnitUtil.getIdentifier is only intended to work with enhanced entities (although Hibernate also adapts this support to its proxies); however the passed entity was not enhanced (nor a proxy).. may not be able to read identifier
2025-06-27T03:46:27.950-04:00 DEBUG 20716 --- [productos] [           main] o.h.e.t.internal.TransactionImpl         : committing
2025-06-27T03:46:27.950-04:00 DEBUG 20716 --- [productos] [           main] o.h.e.i.AbstractFlushingEventListener    : Processing flush-time cascades
2025-06-27T03:46:27.950-04:00 DEBUG 20716 --- [productos] [           main] o.h.e.i.AbstractFlushingEventListener    : Dirty checking collections
2025-06-27T03:46:27.954-04:00 DEBUG 20716 --- [productos] [           main] o.h.e.i.AbstractFlushingEventListener    : Flushed: 0 insertions, 1 updates, 0 deletions to 1 objects
2025-06-27T03:46:27.954-04:00 DEBUG 20716 --- [productos] [           main] o.h.e.i.AbstractFlushingEventListener    : Flushed: 0 (re)creations, 0 updates, 0 removals to 0 collections
2025-06-27T03:46:27.954-04:00 DEBUG 20716 --- [productos] [           main] o.hibernate.internal.util.EntityPrinter  : Listing entities:
2025-06-27T03:46:27.954-04:00 DEBUG 20716 --- [productos] [           main] o.hibernate.internal.util.EntityPrinter  : com.hoppyware.productos.model.Producto{descripcion=Levadura seca americana, precio=2500, proveedor=Fermentis, id=4, origen=Lille, Francia, stock=250, nombre=Levadura SafAle US-05}
2025-06-27T03:46:27.978-04:00 DEBUG 20716 --- [productos] [           main] org.hibernate.SQL                        : 
    update
        producto 
    set
        descripcion=?,
        nombre=?,
        origen=?,
        precio=?,
        proveedor=?,
        stock=? 
    where
        id=?
Hibernate: 
    update
        producto 
    set
        descripcion=?,
        nombre=?,
        origen=?,
        precio=?,
        proveedor=?,
        stock=? 
    where
        id=?
]]></system-out>
  </testcase>
</testsuite>