<?xml version="1.0" encoding="UTF-8"?>
<testsuite xmlns:xsi="http://www.w3.org/2001/XMLSchema-instance" xsi:noNamespaceSchemaLocation="https://maven.apache.org/surefire/maven-surefire-plugin/xsd/surefire-test-report.xsd" version="3.0.2" name="com.pedidos.hw.controller.PedidoControllerIntegrationTest" time="11.304" tests="8" errors="0" skipped="0" failures="0">
  <properties>
    <property name="java.specification.version" value="21"/>
    <property name="sun.cpu.isalist" value="amd64"/>
    <property name="sun.jnu.encoding" value="Cp1252"/>
    <property name="java.class.path" value="c:\Users\colom\Documents\hw_local\pedidos-hw\target\test-classes;c:\Users\colom\Documents\hw_local\pedidos-hw\target\classes;C:\Users\colom\.m2\repository\com\h2database\h2\2.3.232\h2-2.3.232.jar;C:\Users\colom\.m2\repository\com\oracle\database\jdbc\ojdbc11\23.5.0.24.07\ojdbc11-23.5.0.24.07.jar;C:\Users\colom\.m2\repository\com\oracle\database\security\oraclepki\23.5.0.24.07\oraclepki-23.5.0.24.07.jar;C:\Users\colom\.m2\repository\com\oracle\database\security\osdt_cert\19.8.0.0\osdt_cert-19.8.0.0.jar;C:\Users\colom\.m2\repository\com\oracle\database\security\osdt_core\19.8.0.0\osdt_core-19.8.0.0.jar;C:\Users\colom\.m2\repository\org\apache\httpcomponents\client5\httpclient5\5.4.4\httpclient5-5.4.4.jar;C:\Users\colom\.m2\repository\org\apache\httpcomponents\core5\httpcore5\5.3.4\httpcore5-5.3.4.jar;C:\Users\colom\.m2\repository\org\apache\httpcomponents\core5\httpcore5-h2\5.3.4\httpcore5-h2-5.3.4.jar;C:\Users\colom\.m2\repository\org\slf4j\slf4j-api\2.0.17\slf4j-api-2.0.17.jar;C:\Users\colom\.m2\repository\org\projectlombok\lombok\1.18.38\lombok-1.18.38.jar;C:\Users\colom\.m2\repository\org\springdoc\springdoc-openapi-starter-webmvc-ui\2.8.5\springdoc-openapi-starter-webmvc-ui-2.8.5.jar;C:\Users\colom\.m2\repository\org\springdoc\springdoc-openapi-starter-webmvc-api\2.8.5\springdoc-openapi-starter-webmvc-api-2.8.5.jar;C:\Users\colom\.m2\repository\org\springdoc\springdoc-openapi-starter-common\2.8.5\springdoc-openapi-starter-common-2.8.5.jar;C:\Users\colom\.m2\repository\io\swagger\core\v3\swagger-core-jakarta\2.2.28\swagger-core-jakarta-2.2.28.jar;C:\Users\colom\.m2\repository\org\apache\commons\commons-lang3\3.17.0\commons-lang3-3.17.0.jar;C:\Users\colom\.m2\repository\io\swagger\core\v3\swagger-annotations-jakarta\2.2.28\swagger-annotations-jakarta-2.2.28.jar;C:\Users\colom\.m2\repository\io\swagger\core\v3\swagger-models-jakarta\2.2.28\swagger-models-jakarta-2.2.28.jar;C:\Users\colom\.m2\repository\jakarta\validation\jakarta.validation-api\3.0.2\jakarta.validation-api-3.0.2.jar;C:\Users\colom\.m2\repository\com\fasterxml\jackson\dataformat\jackson-dataformat-yaml\2.18.4\jackson-dataformat-yaml-2.18.4.jar;C:\Users\colom\.m2\repository\org\webjars\swagger-ui\5.18.3\swagger-ui-5.18.3.jar;C:\Users\colom\.m2\repository\org\webjars\webjars-locator-lite\1.0.1\webjars-locator-lite-1.0.1.jar;C:\Users\colom\.m2\repository\org\jspecify\jspecify\1.0.0\jspecify-1.0.0.jar;C:\Users\colom\.m2\repository\org\springframework\boot\spring-boot-starter-data-jdbc\3.4.7\spring-boot-starter-data-jdbc-3.4.7.jar;C:\Users\colom\.m2\repository\org\springframework\boot\spring-boot-starter-jdbc\3.4.7\spring-boot-starter-jdbc-3.4.7.jar;C:\Users\colom\.m2\repository\com\zaxxer\HikariCP\5.1.0\HikariCP-5.1.0.jar;C:\Users\colom\.m2\repository\org\springframework\spring-jdbc\6.2.8\spring-jdbc-6.2.8.jar;C:\Users\colom\.m2\repository\org\springframework\data\spring-data-jdbc\3.4.7\spring-data-jdbc-3.4.7.jar;C:\Users\colom\.m2\repository\org\springframework\data\spring-data-relational\3.4.7\spring-data-relational-3.4.7.jar;C:\Users\colom\.m2\repository\org\springframework\data\spring-data-commons\3.4.7\spring-data-commons-3.4.7.jar;C:\Users\colom\.m2\repository\org\springframework\spring-tx\6.2.8\spring-tx-6.2.8.jar;C:\Users\colom\.m2\repository\org\springframework\spring-context\6.2.8\spring-context-6.2.8.jar;C:\Users\colom\.m2\repository\org\springframework\spring-beans\6.2.8\spring-beans-6.2.8.jar;C:\Users\colom\.m2\repository\org\springframework\boot\spring-boot-starter-data-jpa\3.4.7\spring-boot-starter-data-jpa-3.4.7.jar;C:\Users\colom\.m2\repository\org\springframework\boot\spring-boot-starter\3.4.7\spring-boot-starter-3.4.7.jar;C:\Users\colom\.m2\repository\org\springframework\boot\spring-boot\3.4.7\spring-boot-3.4.7.jar;C:\Users\colom\.m2\repository\org\springframework\boot\spring-boot-autoconfigure\3.4.7\spring-boot-autoconfigure-3.4.7.jar;C:\Users\colom\.m2\repository\org\springframework\boot\spring-boot-starter-logging\3.4.7\spring-boot-starter-logging-3.4.7.jar;C:\Users\colom\.m2\repository\ch\qos\logback\logback-classic\1.5.18\logback-classic-1.5.18.jar;C:\Users\colom\.m2\repository\ch\qos\logback\logback-core\1.5.18\logback-core-1.5.18.jar;C:\Users\colom\.m2\repository\org\apache\logging\log4j\log4j-to-slf4j\2.24.3\log4j-to-slf4j-2.24.3.jar;C:\Users\colom\.m2\repository\org\apache\logging\log4j\log4j-api\2.24.3\log4j-api-2.24.3.jar;C:\Users\colom\.m2\repository\org\slf4j\jul-to-slf4j\2.0.17\jul-to-slf4j-2.0.17.jar;C:\Users\colom\.m2\repository\jakarta\annotation\jakarta.annotation-api\2.1.1\jakarta.annotation-api-2.1.1.jar;C:\Users\colom\.m2\repository\org\yaml\snakeyaml\2.3\snakeyaml-2.3.jar;C:\Users\colom\.m2\repository\org\hibernate\orm\hibernate-core\6.6.18.Final\hibernate-core-6.6.18.Final.jar;C:\Users\colom\.m2\repository\jakarta\persistence\jakarta.persistence-api\3.1.0\jakarta.persistence-api-3.1.0.jar;C:\Users\colom\.m2\repository\jakarta\transaction\jakarta.transaction-api\2.0.1\jakarta.transaction-api-2.0.1.jar;C:\Users\colom\.m2\repository\org\jboss\logging\jboss-logging\3.6.1.Final\jboss-logging-3.6.1.Final.jar;C:\Users\colom\.m2\repository\org\hibernate\common\hibernate-commons-annotations\7.0.3.Final\hibernate-commons-annotations-7.0.3.Final.jar;C:\Users\colom\.m2\repository\io\smallrye\jandex\3.2.0\jandex-3.2.0.jar;C:\Users\colom\.m2\repository\com\fasterxml\classmate\1.7.0\classmate-1.7.0.jar;C:\Users\colom\.m2\repository\net\bytebuddy\byte-buddy\1.15.11\byte-buddy-1.15.11.jar;C:\Users\colom\.m2\repository\org\glassfish\jaxb\jaxb-runtime\4.0.5\jaxb-runtime-4.0.5.jar;C:\Users\colom\.m2\repository\org\glassfish\jaxb\jaxb-core\4.0.5\jaxb-core-4.0.5.jar;C:\Users\colom\.m2\repository\org\eclipse\angus\angus-activation\2.0.2\angus-activation-2.0.2.jar;C:\Users\colom\.m2\repository\org\glassfish\jaxb\txw2\4.0.5\txw2-4.0.5.jar;C:\Users\colom\.m2\repository\com\sun\istack\istack-commons-runtime\4.1.2\istack-commons-runtime-4.1.2.jar;C:\Users\colom\.m2\repository\jakarta\inject\jakarta.inject-api\2.0.1\jakarta.inject-api-2.0.1.jar;C:\Users\colom\.m2\repository\org\antlr\antlr4-runtime\4.13.0\antlr4-runtime-4.13.0.jar;C:\Users\colom\.m2\repository\org\springframework\data\spring-data-jpa\3.4.7\spring-data-jpa-3.4.7.jar;C:\Users\colom\.m2\repository\org\springframework\spring-orm\6.2.8\spring-orm-6.2.8.jar;C:\Users\colom\.m2\repository\org\springframework\spring-aop\6.2.8\spring-aop-6.2.8.jar;C:\Users\colom\.m2\repository\org\springframework\spring-aspects\6.2.8\spring-aspects-6.2.8.jar;C:\Users\colom\.m2\repository\org\aspectj\aspectjweaver\1.9.24\aspectjweaver-1.9.24.jar;C:\Users\colom\.m2\repository\org\springframework\boot\spring-boot-starter-hateoas\3.4.7\spring-boot-starter-hateoas-3.4.7.jar;C:\Users\colom\.m2\repository\org\springframework\hateoas\spring-hateoas\2.4.1\spring-hateoas-2.4.1.jar;C:\Users\colom\.m2\repository\org\springframework\plugin\spring-plugin-core\3.0.0\spring-plugin-core-3.0.0.jar;C:\Users\colom\.m2\repository\org\springframework\boot\spring-boot-starter-test\3.3.2\spring-boot-starter-test-3.3.2.jar;C:\Users\colom\.m2\repository\org\springframework\boot\spring-boot-test\3.4.7\spring-boot-test-3.4.7.jar;C:\Users\colom\.m2\repository\org\springframework\boot\spring-boot-test-autoconfigure\3.4.7\spring-boot-test-autoconfigure-3.4.7.jar;C:\Users\colom\.m2\repository\com\jayway\jsonpath\json-path\2.9.0\json-path-2.9.0.jar;C:\Users\colom\.m2\repository\jakarta\xml\bind\jakarta.xml.bind-api\4.0.2\jakarta.xml.bind-api-4.0.2.jar;C:\Users\colom\.m2\repository\jakarta\activation\jakarta.activation-api\2.1.3\jakarta.activation-api-2.1.3.jar;C:\Users\colom\.m2\repository\net\minidev\json-smart\2.5.2\json-smart-2.5.2.jar;C:\Users\colom\.m2\repository\net\minidev\accessors-smart\2.5.2\accessors-smart-2.5.2.jar;C:\Users\colom\.m2\repository\org\ow2\asm\asm\9.7.1\asm-9.7.1.jar;C:\Users\colom\.m2\repository\org\assertj\assertj-core\3.26.3\assertj-core-3.26.3.jar;C:\Users\colom\.m2\repository\org\awaitility\awaitility\4.2.2\awaitility-4.2.2.jar;C:\Users\colom\.m2\repository\org\hamcrest\hamcrest\2.2\hamcrest-2.2.jar;C:\Users\colom\.m2\repository\org\junit\jupiter\junit-jupiter\5.11.4\junit-jupiter-5.11.4.jar;C:\Users\colom\.m2\repository\org\junit\jupiter\junit-jupiter-api\5.11.4\junit-jupiter-api-5.11.4.jar;C:\Users\colom\.m2\repository\org\opentest4j\opentest4j\1.3.0\opentest4j-1.3.0.jar;C:\Users\colom\.m2\repository\org\junit\platform\junit-platform-commons\1.11.4\junit-platform-commons-1.11.4.jar;C:\Users\colom\.m2\repository\org\apiguardian\apiguardian-api\1.1.2\apiguardian-api-1.1.2.jar;C:\Users\colom\.m2\repository\org\junit\jupiter\junit-jupiter-params\5.11.4\junit-jupiter-params-5.11.4.jar;C:\Users\colom\.m2\repository\org\junit\jupiter\junit-jupiter-engine\5.11.4\junit-jupiter-engine-5.11.4.jar;C:\Users\colom\.m2\repository\org\junit\platform\junit-platform-engine\1.11.4\junit-platform-engine-1.11.4.jar;C:\Users\colom\.m2\repository\org\mockito\mockito-core\5.14.2\mockito-core-5.14.2.jar;C:\Users\colom\.m2\repository\net\bytebuddy\byte-buddy-agent\1.15.11\byte-buddy-agent-1.15.11.jar;C:\Users\colom\.m2\repository\org\objenesis\objenesis\3.3\objenesis-3.3.jar;C:\Users\colom\.m2\repository\org\mockito\mockito-junit-jupiter\5.14.2\mockito-junit-jupiter-5.14.2.jar;C:\Users\colom\.m2\repository\org\skyscreamer\jsonassert\1.5.3\jsonassert-1.5.3.jar;C:\Users\colom\.m2\repository\com\vaadin\external\google\android-json\0.0.20131108.vaadin1\android-json-0.0.20131108.vaadin1.jar;C:\Users\colom\.m2\repository\org\springframework\spring-core\6.2.8\spring-core-6.2.8.jar;C:\Users\colom\.m2\repository\org\springframework\spring-jcl\6.2.8\spring-jcl-6.2.8.jar;C:\Users\colom\.m2\repository\org\springframework\spring-test\6.2.8\spring-test-6.2.8.jar;C:\Users\colom\.m2\repository\org\xmlunit\xmlunit-core\2.10.2\xmlunit-core-2.10.2.jar;C:\Users\colom\.m2\repository\org\springframework\boot\spring-boot-starter-web\3.4.7\spring-boot-starter-web-3.4.7.jar;C:\Users\colom\.m2\repository\org\springframework\boot\spring-boot-starter-json\3.4.7\spring-boot-starter-json-3.4.7.jar;C:\Users\colom\.m2\repository\com\fasterxml\jackson\core\jackson-databind\2.18.4\jackson-databind-2.18.4.jar;C:\Users\colom\.m2\repository\com\fasterxml\jackson\core\jackson-annotations\2.18.4\jackson-annotations-2.18.4.jar;C:\Users\colom\.m2\repository\com\fasterxml\jackson\core\jackson-core\2.18.4.1\jackson-core-2.18.4.1.jar;C:\Users\colom\.m2\repository\com\fasterxml\jackson\datatype\jackson-datatype-jdk8\2.18.4\jackson-datatype-jdk8-2.18.4.jar;C:\Users\colom\.m2\repository\com\fasterxml\jackson\datatype\jackson-datatype-jsr310\2.18.4\jackson-datatype-jsr310-2.18.4.jar;C:\Users\colom\.m2\repository\com\fasterxml\jackson\module\jackson-module-parameter-names\2.18.4\jackson-module-parameter-names-2.18.4.jar;C:\Users\colom\.m2\repository\org\springframework\boot\spring-boot-starter-tomcat\3.4.7\spring-boot-starter-tomcat-3.4.7.jar;C:\Users\colom\.m2\repository\org\apache\tomcat\embed\tomcat-embed-core\10.1.42\tomcat-embed-core-10.1.42.jar;C:\Users\colom\.m2\repository\org\apache\tomcat\embed\tomcat-embed-el\10.1.42\tomcat-embed-el-10.1.42.jar;C:\Users\colom\.m2\repository\org\apache\tomcat\embed\tomcat-embed-websocket\10.1.42\tomcat-embed-websocket-10.1.42.jar;C:\Users\colom\.m2\repository\org\springframework\spring-web\6.2.8\spring-web-6.2.8.jar;C:\Users\colom\.m2\repository\io\micrometer\micrometer-observation\1.14.8\micrometer-observation-1.14.8.jar;C:\Users\colom\.m2\repository\io\micrometer\micrometer-commons\1.14.8\micrometer-commons-1.14.8.jar;C:\Users\colom\.m2\repository\org\springframework\spring-webmvc\6.2.8\spring-webmvc-6.2.8.jar;C:\Users\colom\.m2\repository\org\springframework\spring-expression\6.2.8\spring-expression-6.2.8.jar;C:\Users\colom\.m2\repository\org\springframework\cloud\spring-cloud-starter-openfeign\4.2.0\spring-cloud-starter-openfeign-4.2.0.jar;C:\Users\colom\.m2\repository\org\springframework\cloud\spring-cloud-starter\4.2.0\spring-cloud-starter-4.2.0.jar;C:\Users\colom\.m2\repository\org\springframework\cloud\spring-cloud-context\4.2.0\spring-cloud-context-4.2.0.jar;C:\Users\colom\.m2\repository\org\bouncycastle\bcprov-jdk18on\1.78.1\bcprov-jdk18on-1.78.1.jar;C:\Users\colom\.m2\repository\org\springframework\cloud\spring-cloud-openfeign-core\4.2.0\spring-cloud-openfeign-core-4.2.0.jar;C:\Users\colom\.m2\repository\io\github\openfeign\feign-form-spring\13.5\feign-form-spring-13.5.jar;C:\Users\colom\.m2\repository\io\github\openfeign\feign-form\13.5\feign-form-13.5.jar;C:\Users\colom\.m2\repository\commons-fileupload\commons-fileupload\1.5\commons-fileupload-1.5.jar;C:\Users\colom\.m2\repository\commons-io\commons-io\2.11.0\commons-io-2.11.0.jar;C:\Users\colom\.m2\repository\org\springframework\cloud\spring-cloud-commons\4.2.0\spring-cloud-commons-4.2.0.jar;C:\Users\colom\.m2\repository\org\springframework\security\spring-security-crypto\6.4.7\spring-security-crypto-6.4.7.jar;C:\Users\colom\.m2\repository\io\github\openfeign\feign-core\13.5\feign-core-13.5.jar;C:\Users\colom\.m2\repository\io\github\openfeign\feign-slf4j\13.5\feign-slf4j-13.5.jar;"/>
    <property name="java.vm.vendor" value="Oracle Corporation"/>
    <property name="sun.arch.data.model" value="64"/>
    <property name="user.variant" value=""/>
    <property name="java.vendor.url" value="https://java.oracle.com/"/>
    <property name="user.timezone" value="America/Santiago"/>
    <property name="org.jboss.logging.provider" value="slf4j"/>
    <property name="os.name" value="Windows 10"/>
    <property name="java.vm.specification.version" value="21"/>
    <property name="APPLICATION_NAME" value="hw"/>
    <property name="sun.java.launcher" value="SUN_STANDARD"/>
    <property name="user.country" value="ES"/>
    <property name="sun.boot.library.path" value="C:\Program Files\Java\jdk-21\bin"/>
    <property name="sun.java.command" value="C:\Users\colom\AppData\Local\Temp\surefire6246770088341187794\surefirebooter-20250626233035186_3.jar C:\Users\colom\AppData\Local\Temp\surefire6246770088341187794 2025-06-26T23-30-35_097-jvmRun1 surefire-20250626233035186_1tmp surefire_0-20250626233035186_2tmp"/>
    <property name="jdk.debug" value="release"/>
    <property name="surefire.test.class.path" value="c:\Users\colom\Documents\hw_local\pedidos-hw\target\test-classes;c:\Users\colom\Documents\hw_local\pedidos-hw\target\classes;C:\Users\colom\.m2\repository\com\h2database\h2\2.3.232\h2-2.3.232.jar;C:\Users\colom\.m2\repository\com\oracle\database\jdbc\ojdbc11\23.5.0.24.07\ojdbc11-23.5.0.24.07.jar;C:\Users\colom\.m2\repository\com\oracle\database\security\oraclepki\23.5.0.24.07\oraclepki-23.5.0.24.07.jar;C:\Users\colom\.m2\repository\com\oracle\database\security\osdt_cert\19.8.0.0\osdt_cert-19.8.0.0.jar;C:\Users\colom\.m2\repository\com\oracle\database\security\osdt_core\19.8.0.0\osdt_core-19.8.0.0.jar;C:\Users\colom\.m2\repository\org\apache\httpcomponents\client5\httpclient5\5.4.4\httpclient5-5.4.4.jar;C:\Users\colom\.m2\repository\org\apache\httpcomponents\core5\httpcore5\5.3.4\httpcore5-5.3.4.jar;C:\Users\colom\.m2\repository\org\apache\httpcomponents\core5\httpcore5-h2\5.3.4\httpcore5-h2-5.3.4.jar;C:\Users\colom\.m2\repository\org\slf4j\slf4j-api\2.0.17\slf4j-api-2.0.17.jar;C:\Users\colom\.m2\repository\org\projectlombok\lombok\1.18.38\lombok-1.18.38.jar;C:\Users\colom\.m2\repository\org\springdoc\springdoc-openapi-starter-webmvc-ui\2.8.5\springdoc-openapi-starter-webmvc-ui-2.8.5.jar;C:\Users\colom\.m2\repository\org\springdoc\springdoc-openapi-starter-webmvc-api\2.8.5\springdoc-openapi-starter-webmvc-api-2.8.5.jar;C:\Users\colom\.m2\repository\org\springdoc\springdoc-openapi-starter-common\2.8.5\springdoc-openapi-starter-common-2.8.5.jar;C:\Users\colom\.m2\repository\io\swagger\core\v3\swagger-core-jakarta\2.2.28\swagger-core-jakarta-2.2.28.jar;C:\Users\colom\.m2\repository\org\apache\commons\commons-lang3\3.17.0\commons-lang3-3.17.0.jar;C:\Users\colom\.m2\repository\io\swagger\core\v3\swagger-annotations-jakarta\2.2.28\swagger-annotations-jakarta-2.2.28.jar;C:\Users\colom\.m2\repository\io\swagger\core\v3\swagger-models-jakarta\2.2.28\swagger-models-jakarta-2.2.28.jar;C:\Users\colom\.m2\repository\jakarta\validation\jakarta.validation-api\3.0.2\jakarta.validation-api-3.0.2.jar;C:\Users\colom\.m2\repository\com\fasterxml\jackson\dataformat\jackson-dataformat-yaml\2.18.4\jackson-dataformat-yaml-2.18.4.jar;C:\Users\colom\.m2\repository\org\webjars\swagger-ui\5.18.3\swagger-ui-5.18.3.jar;C:\Users\colom\.m2\repository\org\webjars\webjars-locator-lite\1.0.1\webjars-locator-lite-1.0.1.jar;C:\Users\colom\.m2\repository\org\jspecify\jspecify\1.0.0\jspecify-1.0.0.jar;C:\Users\colom\.m2\repository\org\springframework\boot\spring-boot-starter-data-jdbc\3.4.7\spring-boot-starter-data-jdbc-3.4.7.jar;C:\Users\colom\.m2\repository\org\springframework\boot\spring-boot-starter-jdbc\3.4.7\spring-boot-starter-jdbc-3.4.7.jar;C:\Users\colom\.m2\repository\com\zaxxer\HikariCP\5.1.0\HikariCP-5.1.0.jar;C:\Users\colom\.m2\repository\org\springframework\spring-jdbc\6.2.8\spring-jdbc-6.2.8.jar;C:\Users\colom\.m2\repository\org\springframework\data\spring-data-jdbc\3.4.7\spring-data-jdbc-3.4.7.jar;C:\Users\colom\.m2\repository\org\springframework\data\spring-data-relational\3.4.7\spring-data-relational-3.4.7.jar;C:\Users\colom\.m2\repository\org\springframework\data\spring-data-commons\3.4.7\spring-data-commons-3.4.7.jar;C:\Users\colom\.m2\repository\org\springframework\spring-tx\6.2.8\spring-tx-6.2.8.jar;C:\Users\colom\.m2\repository\org\springframework\spring-context\6.2.8\spring-context-6.2.8.jar;C:\Users\colom\.m2\repository\org\springframework\spring-beans\6.2.8\spring-beans-6.2.8.jar;C:\Users\colom\.m2\repository\org\springframework\boot\spring-boot-starter-data-jpa\3.4.7\spring-boot-starter-data-jpa-3.4.7.jar;C:\Users\colom\.m2\repository\org\springframework\boot\spring-boot-starter\3.4.7\spring-boot-starter-3.4.7.jar;C:\Users\colom\.m2\repository\org\springframework\boot\spring-boot\3.4.7\spring-boot-3.4.7.jar;C:\Users\colom\.m2\repository\org\springframework\boot\spring-boot-autoconfigure\3.4.7\spring-boot-autoconfigure-3.4.7.jar;C:\Users\colom\.m2\repository\org\springframework\boot\spring-boot-starter-logging\3.4.7\spring-boot-starter-logging-3.4.7.jar;C:\Users\colom\.m2\repository\ch\qos\logback\logback-classic\1.5.18\logback-classic-1.5.18.jar;C:\Users\colom\.m2\repository\ch\qos\logback\logback-core\1.5.18\logback-core-1.5.18.jar;C:\Users\colom\.m2\repository\org\apache\logging\log4j\log4j-to-slf4j\2.24.3\log4j-to-slf4j-2.24.3.jar;C:\Users\colom\.m2\repository\org\apache\logging\log4j\log4j-api\2.24.3\log4j-api-2.24.3.jar;C:\Users\colom\.m2\repository\org\slf4j\jul-to-slf4j\2.0.17\jul-to-slf4j-2.0.17.jar;C:\Users\colom\.m2\repository\jakarta\annotation\jakarta.annotation-api\2.1.1\jakarta.annotation-api-2.1.1.jar;C:\Users\colom\.m2\repository\org\yaml\snakeyaml\2.3\snakeyaml-2.3.jar;C:\Users\colom\.m2\repository\org\hibernate\orm\hibernate-core\6.6.18.Final\hibernate-core-6.6.18.Final.jar;C:\Users\colom\.m2\repository\jakarta\persistence\jakarta.persistence-api\3.1.0\jakarta.persistence-api-3.1.0.jar;C:\Users\colom\.m2\repository\jakarta\transaction\jakarta.transaction-api\2.0.1\jakarta.transaction-api-2.0.1.jar;C:\Users\colom\.m2\repository\org\jboss\logging\jboss-logging\3.6.1.Final\jboss-logging-3.6.1.Final.jar;C:\Users\colom\.m2\repository\org\hibernate\common\hibernate-commons-annotations\7.0.3.Final\hibernate-commons-annotations-7.0.3.Final.jar;C:\Users\colom\.m2\repository\io\smallrye\jandex\3.2.0\jandex-3.2.0.jar;C:\Users\colom\.m2\repository\com\fasterxml\classmate\1.7.0\classmate-1.7.0.jar;C:\Users\colom\.m2\repository\net\bytebuddy\byte-buddy\1.15.11\byte-buddy-1.15.11.jar;C:\Users\colom\.m2\repository\org\glassfish\jaxb\jaxb-runtime\4.0.5\jaxb-runtime-4.0.5.jar;C:\Users\colom\.m2\repository\org\glassfish\jaxb\jaxb-core\4.0.5\jaxb-core-4.0.5.jar;C:\Users\colom\.m2\repository\org\eclipse\angus\angus-activation\2.0.2\angus-activation-2.0.2.jar;C:\Users\colom\.m2\repository\org\glassfish\jaxb\txw2\4.0.5\txw2-4.0.5.jar;C:\Users\colom\.m2\repository\com\sun\istack\istack-commons-runtime\4.1.2\istack-commons-runtime-4.1.2.jar;C:\Users\colom\.m2\repository\jakarta\inject\jakarta.inject-api\2.0.1\jakarta.inject-api-2.0.1.jar;C:\Users\colom\.m2\repository\org\antlr\antlr4-runtime\4.13.0\antlr4-runtime-4.13.0.jar;C:\Users\colom\.m2\repository\org\springframework\data\spring-data-jpa\3.4.7\spring-data-jpa-3.4.7.jar;C:\Users\colom\.m2\repository\org\springframework\spring-orm\6.2.8\spring-orm-6.2.8.jar;C:\Users\colom\.m2\repository\org\springframework\spring-aop\6.2.8\spring-aop-6.2.8.jar;C:\Users\colom\.m2\repository\org\springframework\spring-aspects\6.2.8\spring-aspects-6.2.8.jar;C:\Users\colom\.m2\repository\org\aspectj\aspectjweaver\1.9.24\aspectjweaver-1.9.24.jar;C:\Users\colom\.m2\repository\org\springframework\boot\spring-boot-starter-hateoas\3.4.7\spring-boot-starter-hateoas-3.4.7.jar;C:\Users\colom\.m2\repository\org\springframework\hateoas\spring-hateoas\2.4.1\spring-hateoas-2.4.1.jar;C:\Users\colom\.m2\repository\org\springframework\plugin\spring-plugin-core\3.0.0\spring-plugin-core-3.0.0.jar;C:\Users\colom\.m2\repository\org\springframework\boot\spring-boot-starter-test\3.3.2\spring-boot-starter-test-3.3.2.jar;C:\Users\colom\.m2\repository\org\springframework\boot\spring-boot-test\3.4.7\spring-boot-test-3.4.7.jar;C:\Users\colom\.m2\repository\org\springframework\boot\spring-boot-test-autoconfigure\3.4.7\spring-boot-test-autoconfigure-3.4.7.jar;C:\Users\colom\.m2\repository\com\jayway\jsonpath\json-path\2.9.0\json-path-2.9.0.jar;C:\Users\colom\.m2\repository\jakarta\xml\bind\jakarta.xml.bind-api\4.0.2\jakarta.xml.bind-api-4.0.2.jar;C:\Users\colom\.m2\repository\jakarta\activation\jakarta.activation-api\2.1.3\jakarta.activation-api-2.1.3.jar;C:\Users\colom\.m2\repository\net\minidev\json-smart\2.5.2\json-smart-2.5.2.jar;C:\Users\colom\.m2\repository\net\minidev\accessors-smart\2.5.2\accessors-smart-2.5.2.jar;C:\Users\colom\.m2\repository\org\ow2\asm\asm\9.7.1\asm-9.7.1.jar;C:\Users\colom\.m2\repository\org\assertj\assertj-core\3.26.3\assertj-core-3.26.3.jar;C:\Users\colom\.m2\repository\org\awaitility\awaitility\4.2.2\awaitility-4.2.2.jar;C:\Users\colom\.m2\repository\org\hamcrest\hamcrest\2.2\hamcrest-2.2.jar;C:\Users\colom\.m2\repository\org\junit\jupiter\junit-jupiter\5.11.4\junit-jupiter-5.11.4.jar;C:\Users\colom\.m2\repository\org\junit\jupiter\junit-jupiter-api\5.11.4\junit-jupiter-api-5.11.4.jar;C:\Users\colom\.m2\repository\org\opentest4j\opentest4j\1.3.0\opentest4j-1.3.0.jar;C:\Users\colom\.m2\repository\org\junit\platform\junit-platform-commons\1.11.4\junit-platform-commons-1.11.4.jar;C:\Users\colom\.m2\repository\org\apiguardian\apiguardian-api\1.1.2\apiguardian-api-1.1.2.jar;C:\Users\colom\.m2\repository\org\junit\jupiter\junit-jupiter-params\5.11.4\junit-jupiter-params-5.11.4.jar;C:\Users\colom\.m2\repository\org\junit\jupiter\junit-jupiter-engine\5.11.4\junit-jupiter-engine-5.11.4.jar;C:\Users\colom\.m2\repository\org\junit\platform\junit-platform-engine\1.11.4\junit-platform-engine-1.11.4.jar;C:\Users\colom\.m2\repository\org\mockito\mockito-core\5.14.2\mockito-core-5.14.2.jar;C:\Users\colom\.m2\repository\net\bytebuddy\byte-buddy-agent\1.15.11\byte-buddy-agent-1.15.11.jar;C:\Users\colom\.m2\repository\org\objenesis\objenesis\3.3\objenesis-3.3.jar;C:\Users\colom\.m2\repository\org\mockito\mockito-junit-jupiter\5.14.2\mockito-junit-jupiter-5.14.2.jar;C:\Users\colom\.m2\repository\org\skyscreamer\jsonassert\1.5.3\jsonassert-1.5.3.jar;C:\Users\colom\.m2\repository\com\vaadin\external\google\android-json\0.0.20131108.vaadin1\android-json-0.0.20131108.vaadin1.jar;C:\Users\colom\.m2\repository\org\springframework\spring-core\6.2.8\spring-core-6.2.8.jar;C:\Users\colom\.m2\repository\org\springframework\spring-jcl\6.2.8\spring-jcl-6.2.8.jar;C:\Users\colom\.m2\repository\org\springframework\spring-test\6.2.8\spring-test-6.2.8.jar;C:\Users\colom\.m2\repository\org\xmlunit\xmlunit-core\2.10.2\xmlunit-core-2.10.2.jar;C:\Users\colom\.m2\repository\org\springframework\boot\spring-boot-starter-web\3.4.7\spring-boot-starter-web-3.4.7.jar;C:\Users\colom\.m2\repository\org\springframework\boot\spring-boot-starter-json\3.4.7\spring-boot-starter-json-3.4.7.jar;C:\Users\colom\.m2\repository\com\fasterxml\jackson\core\jackson-databind\2.18.4\jackson-databind-2.18.4.jar;C:\Users\colom\.m2\repository\com\fasterxml\jackson\core\jackson-annotations\2.18.4\jackson-annotations-2.18.4.jar;C:\Users\colom\.m2\repository\com\fasterxml\jackson\core\jackson-core\2.18.4.1\jackson-core-2.18.4.1.jar;C:\Users\colom\.m2\repository\com\fasterxml\jackson\datatype\jackson-datatype-jdk8\2.18.4\jackson-datatype-jdk8-2.18.4.jar;C:\Users\colom\.m2\repository\com\fasterxml\jackson\datatype\jackson-datatype-jsr310\2.18.4\jackson-datatype-jsr310-2.18.4.jar;C:\Users\colom\.m2\repository\com\fasterxml\jackson\module\jackson-module-parameter-names\2.18.4\jackson-module-parameter-names-2.18.4.jar;C:\Users\colom\.m2\repository\org\springframework\boot\spring-boot-starter-tomcat\3.4.7\spring-boot-starter-tomcat-3.4.7.jar;C:\Users\colom\.m2\repository\org\apache\tomcat\embed\tomcat-embed-core\10.1.42\tomcat-embed-core-10.1.42.jar;C:\Users\colom\.m2\repository\org\apache\tomcat\embed\tomcat-embed-el\10.1.42\tomcat-embed-el-10.1.42.jar;C:\Users\colom\.m2\repository\org\apache\tomcat\embed\tomcat-embed-websocket\10.1.42\tomcat-embed-websocket-10.1.42.jar;C:\Users\colom\.m2\repository\org\springframework\spring-web\6.2.8\spring-web-6.2.8.jar;C:\Users\colom\.m2\repository\io\micrometer\micrometer-observation\1.14.8\micrometer-observation-1.14.8.jar;C:\Users\colom\.m2\repository\io\micrometer\micrometer-commons\1.14.8\micrometer-commons-1.14.8.jar;C:\Users\colom\.m2\repository\org\springframework\spring-webmvc\6.2.8\spring-webmvc-6.2.8.jar;C:\Users\colom\.m2\repository\org\springframework\spring-expression\6.2.8\spring-expression-6.2.8.jar;C:\Users\colom\.m2\repository\org\springframework\cloud\spring-cloud-starter-openfeign\4.2.0\spring-cloud-starter-openfeign-4.2.0.jar;C:\Users\colom\.m2\repository\org\springframework\cloud\spring-cloud-starter\4.2.0\spring-cloud-starter-4.2.0.jar;C:\Users\colom\.m2\repository\org\springframework\cloud\spring-cloud-context\4.2.0\spring-cloud-context-4.2.0.jar;C:\Users\colom\.m2\repository\org\bouncycastle\bcprov-jdk18on\1.78.1\bcprov-jdk18on-1.78.1.jar;C:\Users\colom\.m2\repository\org\springframework\cloud\spring-cloud-openfeign-core\4.2.0\spring-cloud-openfeign-core-4.2.0.jar;C:\Users\colom\.m2\repository\io\github\openfeign\feign-form-spring\13.5\feign-form-spring-13.5.jar;C:\Users\colom\.m2\repository\io\github\openfeign\feign-form\13.5\feign-form-13.5.jar;C:\Users\colom\.m2\repository\commons-fileupload\commons-fileupload\1.5\commons-fileupload-1.5.jar;C:\Users\colom\.m2\repository\commons-io\commons-io\2.11.0\commons-io-2.11.0.jar;C:\Users\colom\.m2\repository\org\springframework\cloud\spring-cloud-commons\4.2.0\spring-cloud-commons-4.2.0.jar;C:\Users\colom\.m2\repository\org\springframework\security\spring-security-crypto\6.4.7\spring-security-crypto-6.4.7.jar;C:\Users\colom\.m2\repository\io\github\openfeign\feign-core\13.5\feign-core-13.5.jar;C:\Users\colom\.m2\repository\io\github\openfeign\feign-slf4j\13.5\feign-slf4j-13.5.jar;"/>
    <property name="sun.cpu.endian" value="little"/>
    <property name="user.home" value="C:\Users\colom"/>
    <property name="user.language" value="es"/>
    <property name="java.specification.vendor" value="Oracle Corporation"/>
    <property name="java.version.date" value="2024-10-15"/>
    <property name="java.home" value="C:\Program Files\Java\jdk-21"/>
    <property name="file.separator" value="\"/>
    <property name="basedir" value="c:\Users\colom\Documents\hw_local\pedidos-hw"/>
    <property name="java.vm.compressedOopsMode" value="Zero based"/>
    <property name="line.separator" value="&#10;"/>
    <property name="java.vm.specification.vendor" value="Oracle Corporation"/>
    <property name="java.specification.name" value="Java Platform API Specification"/>
    <property name="FILE_LOG_CHARSET" value="UTF-8"/>
    <property name="java.awt.headless" value="true"/>
    <property name="surefire.real.class.path" value="C:\Users\colom\AppData\Local\Temp\surefire6246770088341187794\surefirebooter-20250626233035186_3.jar"/>
    <property name="user.script" value=""/>
    <property name="sun.management.compiler" value="HotSpot 64-Bit Tiered Compilers"/>
    <property name="java.runtime.version" value="21.0.5+9-LTS-239"/>
    <property name="user.name" value="colom"/>
    <property name="stdout.encoding" value="Cp1252"/>
    <property name="path.separator" value=";"/>
    <property name="os.version" value="10.0"/>
    <property name="java.runtime.name" value="Java(TM) SE Runtime Environment"/>
    <property name="file.encoding" value="UTF-8"/>
    <property name="java.vm.name" value="Java HotSpot(TM) 64-Bit Server VM"/>
    <property name="localRepository" value="C:\Users\colom\.m2\repository"/>
    <property name="java.vendor.url.bug" value="https://bugreport.java.com/bugreport/"/>
    <property name="java.io.tmpdir" value="C:\Users\colom\AppData\Local\Temp\"/>
    <property name="com.zaxxer.hikari.pool_number" value="1"/>
    <property name="java.version" value="21.0.5"/>
    <property name="user.dir" value="c:\Users\colom\Documents\hw_local\pedidos-hw"/>
    <property name="os.arch" value="amd64"/>
    <property name="java.vm.specification.name" value="Java Virtual Machine Specification"/>
    <property name="PID" value="11948"/>
    <property name="sun.os.patch.level" value=""/>
    <property name="CONSOLE_LOG_CHARSET" value="UTF-8"/>
    <property name="native.encoding" value="Cp1252"/>
    <property name="java.library.path" value="C:\Program Files\Java\jdk-21\bin;C:\Windows\Sun\Java\bin;C:\Windows\system32;C:\Windows;C:\Program Files\Common Files\Oracle\Java\javapath;C:\Windows\system32;C:\Windows;C:\Windows\System32\Wbem;C:\Windows\System32\WindowsPowerShell\v1.0\;C:\Windows\System32\OpenSSH\;C:\Program Files\Git\cmd;C:\Users\colom\AppData\Local\Microsoft\WindowsApps;C:\Users\colom\AppData\Local\Programs\Microsoft VS Code\bin;."/>
    <property name="java.vm.info" value="mixed mode, sharing"/>
    <property name="stderr.encoding" value="Cp1252"/>
    <property name="java.vendor" value="Oracle Corporation"/>
    <property name="java.vm.version" value="21.0.5+9-LTS-239"/>
    <property name="sun.io.unicode.encoding" value="UnicodeLittle"/>
    <property name="java.class.version" value="65.0"/>
    <property name="LOGGED_APPLICATION_NAME" value="[hw] "/>
  </properties>
  <testcase name="shouldNotReturnPedido" classname="com.pedidos.hw.controller.PedidoControllerIntegrationTest" time="0.677">
    <system-out><![CDATA[23:30:35.892 [main] INFO org.springframework.test.context.support.AnnotationConfigContextLoaderUtils -- Could not detect default configuration classes for test class [com.pedidos.hw.controller.PedidoControllerIntegrationTest]: PedidoControllerIntegrationTest does not declare any static, non-private, non-final, nested classes annotated with @Configuration.
23:30:36.038 [main] INFO org.springframework.boot.test.context.SpringBootTestContextBootstrapper -- Found @SpringBootConfiguration com.pedidos.hw.HwApplication for test class com.pedidos.hw.controller.PedidoControllerIntegrationTest

  .   ____          _            __ _ _
 /\\ / ___'_ __ _ _(_)_ __  __ _ \ \ \ \
( ( )\___ | '_ | '_| | '_ \/ _` | \ \ \ \
 \\/  ___)| |_)| | | | | || (_| |  ) ) ) )
  '  |____| .__|_| |_|_| |_\__, | / / / /
 =========|_|==============|___/=/_/_/_/

 :: Spring Boot ::                (v3.4.7)

2025-06-26T23:30:36.624-04:00  INFO 11948 --- [hw] [           main] c.p.h.c.PedidoControllerIntegrationTest  : Starting PedidoControllerIntegrationTest using Java 21.0.5 with PID 11948 (started by colom in c:\Users\colom\Documents\hw_local\pedidos-hw)
2025-06-26T23:30:36.626-04:00  INFO 11948 --- [hw] [           main] c.p.h.c.PedidoControllerIntegrationTest  : No active profile set, falling back to 1 default profile: "default"
2025-06-26T23:30:37.340-04:00  INFO 11948 --- [hw] [           main] .s.d.r.c.RepositoryConfigurationDelegate : Multiple Spring Data modules found, entering strict repository configuration mode
2025-06-26T23:30:37.341-04:00  INFO 11948 --- [hw] [           main] .s.d.r.c.RepositoryConfigurationDelegate : Bootstrapping Spring Data JDBC repositories in DEFAULT mode.
2025-06-26T23:30:37.369-04:00  INFO 11948 --- [hw] [           main] .RepositoryConfigurationExtensionSupport : Spring Data JDBC - Could not safely identify store assignment for repository candidate interface com.pedidos.hw.repository.DetallePedidoRepository; If you want this repository to be a JDBC repository, consider annotating your entities with one of these annotations: org.springframework.data.relational.core.mapping.Table.
2025-06-26T23:30:37.371-04:00  INFO 11948 --- [hw] [           main] .RepositoryConfigurationExtensionSupport : Spring Data JDBC - Could not safely identify store assignment for repository candidate interface com.pedidos.hw.repository.PedidoRepository; If you want this repository to be a JDBC repository, consider annotating your entities with one of these annotations: org.springframework.data.relational.core.mapping.Table.
2025-06-26T23:30:37.372-04:00  INFO 11948 --- [hw] [           main] .s.d.r.c.RepositoryConfigurationDelegate : Finished Spring Data repository scanning in 24 ms. Found 0 JDBC repository interfaces.
2025-06-26T23:30:37.382-04:00  INFO 11948 --- [hw] [           main] .s.d.r.c.RepositoryConfigurationDelegate : Multiple Spring Data modules found, entering strict repository configuration mode
2025-06-26T23:30:37.383-04:00  INFO 11948 --- [hw] [           main] .s.d.r.c.RepositoryConfigurationDelegate : Bootstrapping Spring Data JPA repositories in DEFAULT mode.
2025-06-26T23:30:37.408-04:00  INFO 11948 --- [hw] [           main] .s.d.r.c.RepositoryConfigurationDelegate : Finished Spring Data repository scanning in 20 ms. Found 2 JPA repository interfaces.
2025-06-26T23:30:37.537-04:00  INFO 11948 --- [hw] [           main] o.s.cloud.context.scope.GenericScope     : BeanFactory id=d453d71d-d9b2-3620-b54a-244220f6be21
2025-06-26T23:30:37.701-04:00 DEBUG 11948 --- [hw] [           main] com.zaxxer.hikari.HikariConfig           : Driver class oracle.jdbc.OracleDriver found in Thread context class loader jdk.internal.loader.ClassLoaders$AppClassLoader@70dea4e
2025-06-26T23:30:37.928-04:00 DEBUG 11948 --- [hw] [           main] o.hibernate.jpa.internal.util.LogHelper  : PersistenceUnitInfo [
	name: default
	persistence provider classname: null
	classloader: jdk.internal.loader.ClassLoaders$AppClassLoader@70dea4e
	excludeUnlistedClasses: true
	JTA datasource: null
	Non JTA datasource: HikariDataSource (null)
	Transaction type: RESOURCE_LOCAL
	PU root URL: file:/C:/Users/colom/Documents/hw_local/pedidos-hw/target/test-classes/
	Shared Cache Mode: UNSPECIFIED
	Validation Mode: AUTO
	Jar files URLs []
	Managed classes names [
		com.pedidos.hw.model.DetallePedido
		com.pedidos.hw.model.Pedido]
	Mapping files names []
	Properties []
2025-06-26T23:30:37.935-04:00 DEBUG 11948 --- [hw] [           main] o.h.i.internal.IntegratorServiceImpl     : Adding Integrator [org.hibernate.boot.beanvalidation.BeanValidationIntegrator].
2025-06-26T23:30:37.936-04:00 DEBUG 11948 --- [hw] [           main] o.h.i.internal.IntegratorServiceImpl     : Adding Integrator [org.hibernate.cache.internal.CollectionCacheInvalidator].
2025-06-26T23:30:37.991-04:00  INFO 11948 --- [hw] [           main] org.hibernate.Version                    : HHH000412: Hibernate ORM core version 6.6.18.Final
2025-06-26T23:30:37.992-04:00 DEBUG 11948 --- [hw] [           main] org.hibernate.cfg.Environment            : HHH000206: 'hibernate.properties' not found
2025-06-26T23:30:38.012-04:00 DEBUG 11948 --- [hw] [           main] org.hibernate.orm.idgen.factory          : Registering IdentifierGenerator strategy [uuid2] -> [org.hibernate.id.UUIDGenerator]
2025-06-26T23:30:38.013-04:00 DEBUG 11948 --- [hw] [           main] org.hibernate.orm.idgen.factory          : Registering IdentifierGenerator strategy [guid] -> [org.hibernate.id.GUIDGenerator]
2025-06-26T23:30:38.014-04:00 DEBUG 11948 --- [hw] [           main] org.hibernate.orm.idgen.factory          : Registering IdentifierGenerator strategy [uuid] -> [org.hibernate.id.UUIDHexGenerator]
2025-06-26T23:30:38.014-04:00 DEBUG 11948 --- [hw] [           main] org.hibernate.orm.idgen.factory          : Registering IdentifierGenerator strategy [uuid.hex] -> [org.hibernate.id.UUIDHexGenerator]
2025-06-26T23:30:38.014-04:00 DEBUG 11948 --- [hw] [           main] org.hibernate.orm.idgen.factory          : Registering IdentifierGenerator strategy [assigned] -> [org.hibernate.id.Assigned]
2025-06-26T23:30:38.015-04:00 DEBUG 11948 --- [hw] [           main] org.hibernate.orm.idgen.factory          : Registering IdentifierGenerator strategy [identity] -> [org.hibernate.id.IdentityGenerator]
2025-06-26T23:30:38.015-04:00 DEBUG 11948 --- [hw] [           main] org.hibernate.orm.idgen.factory          : Registering IdentifierGenerator strategy [select] -> [org.hibernate.id.SelectGenerator]
2025-06-26T23:30:38.016-04:00 DEBUG 11948 --- [hw] [           main] org.hibernate.orm.idgen.factory          : Registering IdentifierGenerator strategy [sequence] -> [org.hibernate.id.enhanced.SequenceStyleGenerator]
2025-06-26T23:30:38.017-04:00 DEBUG 11948 --- [hw] [           main] org.hibernate.orm.idgen.factory          : Registering IdentifierGenerator strategy [increment] -> [org.hibernate.id.IncrementGenerator]
2025-06-26T23:30:38.017-04:00 DEBUG 11948 --- [hw] [           main] org.hibernate.orm.idgen.factory          : Registering IdentifierGenerator strategy [foreign] -> [org.hibernate.id.ForeignGenerator]
2025-06-26T23:30:38.017-04:00 DEBUG 11948 --- [hw] [           main] org.hibernate.orm.idgen.factory          : Registering IdentifierGenerator strategy [enhanced-sequence] -> [org.hibernate.id.enhanced.SequenceStyleGenerator]
2025-06-26T23:30:38.018-04:00 DEBUG 11948 --- [hw] [           main] org.hibernate.orm.idgen.factory          : Registering IdentifierGenerator strategy [enhanced-table] -> [org.hibernate.id.enhanced.TableGenerator]
2025-06-26T23:30:38.025-04:00 DEBUG 11948 --- [hw] [           main] o.h.c.internal.RegionFactoryInitiator    : Cannot default RegionFactory based on registered strategies as `[]` RegionFactory strategies were registered
2025-06-26T23:30:38.026-04:00  INFO 11948 --- [hw] [           main] o.h.c.internal.RegionFactoryInitiator    : HHH000026: Second-level cache disabled
2025-06-26T23:30:38.112-04:00 DEBUG 11948 --- [hw] [           main] org.hibernate.type.BasicTypeRegistry     : Adding type registration boolean -> org.hibernate.type.BasicTypeReference@2d2fc130
2025-06-26T23:30:38.112-04:00 DEBUG 11948 --- [hw] [           main] org.hibernate.type.BasicTypeRegistry     : Adding type registration boolean -> org.hibernate.type.BasicTypeReference@2d2fc130
2025-06-26T23:30:38.112-04:00 DEBUG 11948 --- [hw] [           main] org.hibernate.type.BasicTypeRegistry     : Adding type registration java.lang.Boolean -> org.hibernate.type.BasicTypeReference@2d2fc130
2025-06-26T23:30:38.112-04:00 DEBUG 11948 --- [hw] [           main] org.hibernate.type.BasicTypeRegistry     : Adding type registration numeric_boolean -> org.hibernate.type.BasicTypeReference@7bbdb220
2025-06-26T23:30:38.112-04:00 DEBUG 11948 --- [hw] [           main] org.hibernate.type.BasicTypeRegistry     : Adding type registration org.hibernate.type.NumericBooleanConverter -> org.hibernate.type.BasicTypeReference@7bbdb220
2025-06-26T23:30:38.112-04:00 DEBUG 11948 --- [hw] [           main] org.hibernate.type.BasicTypeRegistry     : Adding type registration true_false -> org.hibernate.type.BasicTypeReference@6d001fbe
2025-06-26T23:30:38.112-04:00 DEBUG 11948 --- [hw] [           main] org.hibernate.type.BasicTypeRegistry     : Adding type registration org.hibernate.type.TrueFalseConverter -> org.hibernate.type.BasicTypeReference@6d001fbe
2025-06-26T23:30:38.112-04:00 DEBUG 11948 --- [hw] [           main] org.hibernate.type.BasicTypeRegistry     : Adding type registration yes_no -> org.hibernate.type.BasicTypeReference@d120d7c
2025-06-26T23:30:38.113-04:00 DEBUG 11948 --- [hw] [           main] org.hibernate.type.BasicTypeRegistry     : Adding type registration org.hibernate.type.YesNoConverter -> org.hibernate.type.BasicTypeReference@d120d7c
2025-06-26T23:30:38.113-04:00 DEBUG 11948 --- [hw] [           main] org.hibernate.type.BasicTypeRegistry     : Adding type registration byte -> org.hibernate.type.BasicTypeReference@5ee77baf
2025-06-26T23:30:38.113-04:00 DEBUG 11948 --- [hw] [           main] org.hibernate.type.BasicTypeRegistry     : Adding type registration byte -> org.hibernate.type.BasicTypeReference@5ee77baf
2025-06-26T23:30:38.113-04:00 DEBUG 11948 --- [hw] [           main] org.hibernate.type.BasicTypeRegistry     : Adding type registration java.lang.Byte -> org.hibernate.type.BasicTypeReference@5ee77baf
2025-06-26T23:30:38.113-04:00 DEBUG 11948 --- [hw] [           main] org.hibernate.type.BasicTypeRegistry     : Adding type registration binary -> org.hibernate.type.BasicTypeReference@485deee1
2025-06-26T23:30:38.113-04:00 DEBUG 11948 --- [hw] [           main] org.hibernate.type.BasicTypeRegistry     : Adding type registration byte[] -> org.hibernate.type.BasicTypeReference@485deee1
2025-06-26T23:30:38.113-04:00 DEBUG 11948 --- [hw] [           main] org.hibernate.type.BasicTypeRegistry     : Adding type registration [B -> org.hibernate.type.BasicTypeReference@485deee1
2025-06-26T23:30:38.113-04:00 DEBUG 11948 --- [hw] [           main] org.hibernate.type.BasicTypeRegistry     : Adding type registration binary_wrapper -> org.hibernate.type.BasicTypeReference@25cde5bb
2025-06-26T23:30:38.113-04:00 DEBUG 11948 --- [hw] [           main] org.hibernate.type.BasicTypeRegistry     : Adding type registration wrapper-binary -> org.hibernate.type.BasicTypeReference@25cde5bb
2025-06-26T23:30:38.113-04:00 DEBUG 11948 --- [hw] [           main] org.hibernate.type.BasicTypeRegistry     : Adding type registration image -> org.hibernate.type.BasicTypeReference@38a96593
2025-06-26T23:30:38.113-04:00 DEBUG 11948 --- [hw] [           main] org.hibernate.type.BasicTypeRegistry     : Adding type registration blob -> org.hibernate.type.BasicTypeReference@5df64b2a
2025-06-26T23:30:38.114-04:00 DEBUG 11948 --- [hw] [           main] org.hibernate.type.BasicTypeRegistry     : Adding type registration java.sql.Blob -> org.hibernate.type.BasicTypeReference@5df64b2a
2025-06-26T23:30:38.114-04:00 DEBUG 11948 --- [hw] [           main] org.hibernate.type.BasicTypeRegistry     : Adding type registration materialized_blob -> org.hibernate.type.BasicTypeReference@7afb9c93
2025-06-26T23:30:38.114-04:00 DEBUG 11948 --- [hw] [           main] org.hibernate.type.BasicTypeRegistry     : Adding type registration materialized_blob_wrapper -> org.hibernate.type.BasicTypeReference@30d15e4a
2025-06-26T23:30:38.114-04:00 DEBUG 11948 --- [hw] [           main] org.hibernate.type.BasicTypeRegistry     : Adding type registration short -> org.hibernate.type.BasicTypeReference@43a7203e
2025-06-26T23:30:38.114-04:00 DEBUG 11948 --- [hw] [           main] org.hibernate.type.BasicTypeRegistry     : Adding type registration short -> org.hibernate.type.BasicTypeReference@43a7203e
2025-06-26T23:30:38.114-04:00 DEBUG 11948 --- [hw] [           main] org.hibernate.type.BasicTypeRegistry     : Adding type registration java.lang.Short -> org.hibernate.type.BasicTypeReference@43a7203e
2025-06-26T23:30:38.114-04:00 DEBUG 11948 --- [hw] [           main] org.hibernate.type.BasicTypeRegistry     : Adding type registration integer -> org.hibernate.type.BasicTypeReference@2c678c7b
2025-06-26T23:30:38.114-04:00 DEBUG 11948 --- [hw] [           main] org.hibernate.type.BasicTypeRegistry     : Adding type registration int -> org.hibernate.type.BasicTypeReference@2c678c7b
2025-06-26T23:30:38.114-04:00 DEBUG 11948 --- [hw] [           main] org.hibernate.type.BasicTypeRegistry     : Adding type registration java.lang.Integer -> org.hibernate.type.BasicTypeReference@2c678c7b
2025-06-26T23:30:38.114-04:00 DEBUG 11948 --- [hw] [           main] org.hibernate.type.BasicTypeRegistry     : Adding type registration long -> org.hibernate.type.BasicTypeReference@a5e8260
2025-06-26T23:30:38.114-04:00 DEBUG 11948 --- [hw] [           main] org.hibernate.type.BasicTypeRegistry     : Adding type registration long -> org.hibernate.type.BasicTypeReference@a5e8260
2025-06-26T23:30:38.114-04:00 DEBUG 11948 --- [hw] [           main] org.hibernate.type.BasicTypeRegistry     : Adding type registration java.lang.Long -> org.hibernate.type.BasicTypeReference@a5e8260
2025-06-26T23:30:38.115-04:00 DEBUG 11948 --- [hw] [           main] org.hibernate.type.BasicTypeRegistry     : Adding type registration float -> org.hibernate.type.BasicTypeReference@30c7be6f
2025-06-26T23:30:38.115-04:00 DEBUG 11948 --- [hw] [           main] org.hibernate.type.BasicTypeRegistry     : Adding type registration float -> org.hibernate.type.BasicTypeReference@30c7be6f
2025-06-26T23:30:38.115-04:00 DEBUG 11948 --- [hw] [           main] org.hibernate.type.BasicTypeRegistry     : Adding type registration java.lang.Float -> org.hibernate.type.BasicTypeReference@30c7be6f
2025-06-26T23:30:38.115-04:00 DEBUG 11948 --- [hw] [           main] org.hibernate.type.BasicTypeRegistry     : Adding type registration double -> org.hibernate.type.BasicTypeReference@4a9bce99
2025-06-26T23:30:38.115-04:00 DEBUG 11948 --- [hw] [           main] org.hibernate.type.BasicTypeRegistry     : Adding type registration double -> org.hibernate.type.BasicTypeReference@4a9bce99
2025-06-26T23:30:38.115-04:00 DEBUG 11948 --- [hw] [           main] org.hibernate.type.BasicTypeRegistry     : Adding type registration java.lang.Double -> org.hibernate.type.BasicTypeReference@4a9bce99
2025-06-26T23:30:38.115-04:00 DEBUG 11948 --- [hw] [           main] org.hibernate.type.BasicTypeRegistry     : Adding type registration big_integer -> org.hibernate.type.BasicTypeReference@5a0f87e5
2025-06-26T23:30:38.115-04:00 DEBUG 11948 --- [hw] [           main] org.hibernate.type.BasicTypeRegistry     : Adding type registration java.math.BigInteger -> org.hibernate.type.BasicTypeReference@5a0f87e5
2025-06-26T23:30:38.115-04:00 DEBUG 11948 --- [hw] [           main] org.hibernate.type.BasicTypeRegistry     : Adding type registration big_decimal -> org.hibernate.type.BasicTypeReference@243c4346
2025-06-26T23:30:38.115-04:00 DEBUG 11948 --- [hw] [           main] org.hibernate.type.BasicTypeRegistry     : Adding type registration java.math.BigDecimal -> org.hibernate.type.BasicTypeReference@243c4346
2025-06-26T23:30:38.115-04:00 DEBUG 11948 --- [hw] [           main] org.hibernate.type.BasicTypeRegistry     : Adding type registration character -> org.hibernate.type.BasicTypeReference@2905b568
2025-06-26T23:30:38.115-04:00 DEBUG 11948 --- [hw] [           main] org.hibernate.type.BasicTypeRegistry     : Adding type registration char -> org.hibernate.type.BasicTypeReference@2905b568
2025-06-26T23:30:38.116-04:00 DEBUG 11948 --- [hw] [           main] org.hibernate.type.BasicTypeRegistry     : Adding type registration java.lang.Character -> org.hibernate.type.BasicTypeReference@2905b568
2025-06-26T23:30:38.116-04:00 DEBUG 11948 --- [hw] [           main] org.hibernate.type.BasicTypeRegistry     : Adding type registration character_nchar -> org.hibernate.type.BasicTypeReference@3dfe59d7
2025-06-26T23:30:38.116-04:00 DEBUG 11948 --- [hw] [           main] org.hibernate.type.BasicTypeRegistry     : Adding type registration string -> org.hibernate.type.BasicTypeReference@1be8c122
2025-06-26T23:30:38.116-04:00 DEBUG 11948 --- [hw] [           main] org.hibernate.type.BasicTypeRegistry     : Adding type registration java.lang.String -> org.hibernate.type.BasicTypeReference@1be8c122
2025-06-26T23:30:38.116-04:00 DEBUG 11948 --- [hw] [           main] org.hibernate.type.BasicTypeRegistry     : Adding type registration nstring -> org.hibernate.type.BasicTypeReference@5d08976a
2025-06-26T23:30:38.116-04:00 DEBUG 11948 --- [hw] [           main] org.hibernate.type.BasicTypeRegistry     : Adding type registration characters -> org.hibernate.type.BasicTypeReference@59a2d756
2025-06-26T23:30:38.116-04:00 DEBUG 11948 --- [hw] [           main] org.hibernate.type.BasicTypeRegistry     : Adding type registration char[] -> org.hibernate.type.BasicTypeReference@59a2d756
2025-06-26T23:30:38.116-04:00 DEBUG 11948 --- [hw] [           main] org.hibernate.type.BasicTypeRegistry     : Adding type registration [C -> org.hibernate.type.BasicTypeReference@59a2d756
2025-06-26T23:30:38.116-04:00 DEBUG 11948 --- [hw] [           main] org.hibernate.type.BasicTypeRegistry     : Adding type registration wrapper-characters -> org.hibernate.type.BasicTypeReference@165d1d54
2025-06-26T23:30:38.116-04:00 DEBUG 11948 --- [hw] [           main] org.hibernate.type.BasicTypeRegistry     : Adding type registration text -> org.hibernate.type.BasicTypeReference@4be12f6c
2025-06-26T23:30:38.116-04:00 DEBUG 11948 --- [hw] [           main] org.hibernate.type.BasicTypeRegistry     : Adding type registration ntext -> org.hibernate.type.BasicTypeReference@52cb52bd
2025-06-26T23:30:38.116-04:00 DEBUG 11948 --- [hw] [           main] org.hibernate.type.BasicTypeRegistry     : Adding type registration clob -> org.hibernate.type.BasicTypeReference@1d1c37d5
2025-06-26T23:30:38.116-04:00 DEBUG 11948 --- [hw] [           main] org.hibernate.type.BasicTypeRegistry     : Adding type registration java.sql.Clob -> org.hibernate.type.BasicTypeReference@1d1c37d5
2025-06-26T23:30:38.117-04:00 DEBUG 11948 --- [hw] [           main] org.hibernate.type.BasicTypeRegistry     : Adding type registration nclob -> org.hibernate.type.BasicTypeReference@63553e9f
2025-06-26T23:30:38.117-04:00 DEBUG 11948 --- [hw] [           main] org.hibernate.type.BasicTypeRegistry     : Adding type registration java.sql.NClob -> org.hibernate.type.BasicTypeReference@63553e9f
2025-06-26T23:30:38.117-04:00 DEBUG 11948 --- [hw] [           main] org.hibernate.type.BasicTypeRegistry     : Adding type registration materialized_clob -> org.hibernate.type.BasicTypeReference@218df7d6
2025-06-26T23:30:38.117-04:00 DEBUG 11948 --- [hw] [           main] org.hibernate.type.BasicTypeRegistry     : Adding type registration materialized_clob_char_array -> org.hibernate.type.BasicTypeReference@295b07e0
2025-06-26T23:30:38.117-04:00 DEBUG 11948 --- [hw] [           main] org.hibernate.type.BasicTypeRegistry     : Adding type registration materialized_clob_character_array -> org.hibernate.type.BasicTypeReference@55053f81
2025-06-26T23:30:38.117-04:00 DEBUG 11948 --- [hw] [           main] org.hibernate.type.BasicTypeRegistry     : Adding type registration materialized_nclob -> org.hibernate.type.BasicTypeReference@1fee4278
2025-06-26T23:30:38.117-04:00 DEBUG 11948 --- [hw] [           main] org.hibernate.type.BasicTypeRegistry     : Adding type registration materialized_nclob_character_array -> org.hibernate.type.BasicTypeReference@51132514
2025-06-26T23:30:38.117-04:00 DEBUG 11948 --- [hw] [           main] org.hibernate.type.BasicTypeRegistry     : Adding type registration materialized_nclob_char_array -> org.hibernate.type.BasicTypeReference@20864cd1
2025-06-26T23:30:38.117-04:00 DEBUG 11948 --- [hw] [           main] org.hibernate.type.BasicTypeRegistry     : Adding type registration Duration -> org.hibernate.type.BasicTypeReference@5c839677
2025-06-26T23:30:38.117-04:00 DEBUG 11948 --- [hw] [           main] org.hibernate.type.BasicTypeRegistry     : Adding type registration java.time.Duration -> org.hibernate.type.BasicTypeReference@5c839677
2025-06-26T23:30:38.117-04:00 DEBUG 11948 --- [hw] [           main] org.hibernate.type.BasicTypeRegistry     : Adding type registration LocalDateTime -> org.hibernate.type.BasicTypeReference@3193e21d
2025-06-26T23:30:38.118-04:00 DEBUG 11948 --- [hw] [           main] org.hibernate.type.BasicTypeRegistry     : Adding type registration java.time.LocalDateTime -> org.hibernate.type.BasicTypeReference@3193e21d
2025-06-26T23:30:38.118-04:00 DEBUG 11948 --- [hw] [           main] org.hibernate.type.BasicTypeRegistry     : Adding type registration LocalDate -> org.hibernate.type.BasicTypeReference@79604abe
2025-06-26T23:30:38.118-04:00 DEBUG 11948 --- [hw] [           main] org.hibernate.type.BasicTypeRegistry     : Adding type registration java.time.LocalDate -> org.hibernate.type.BasicTypeReference@79604abe
2025-06-26T23:30:38.118-04:00 DEBUG 11948 --- [hw] [           main] org.hibernate.type.BasicTypeRegistry     : Adding type registration LocalTime -> org.hibernate.type.BasicTypeReference@6b126187
2025-06-26T23:30:38.118-04:00 DEBUG 11948 --- [hw] [           main] org.hibernate.type.BasicTypeRegistry     : Adding type registration java.time.LocalTime -> org.hibernate.type.BasicTypeReference@6b126187
2025-06-26T23:30:38.118-04:00 DEBUG 11948 --- [hw] [           main] org.hibernate.type.BasicTypeRegistry     : Adding type registration OffsetDateTime -> org.hibernate.type.BasicTypeReference@2b6262bc
2025-06-26T23:30:38.118-04:00 DEBUG 11948 --- [hw] [           main] org.hibernate.type.BasicTypeRegistry     : Adding type registration java.time.OffsetDateTime -> org.hibernate.type.BasicTypeReference@2b6262bc
2025-06-26T23:30:38.118-04:00 DEBUG 11948 --- [hw] [           main] org.hibernate.type.BasicTypeRegistry     : Adding type registration OffsetDateTimeWithTimezone -> org.hibernate.type.BasicTypeReference@5cffec7
2025-06-26T23:30:38.118-04:00 DEBUG 11948 --- [hw] [           main] org.hibernate.type.BasicTypeRegistry     : Adding type registration OffsetDateTimeWithoutTimezone -> org.hibernate.type.BasicTypeReference@7e81617a
2025-06-26T23:30:38.118-04:00 DEBUG 11948 --- [hw] [           main] org.hibernate.type.BasicTypeRegistry     : Adding type registration OffsetTime -> org.hibernate.type.BasicTypeReference@6e73974
2025-06-26T23:30:38.118-04:00 DEBUG 11948 --- [hw] [           main] org.hibernate.type.BasicTypeRegistry     : Adding type registration java.time.OffsetTime -> org.hibernate.type.BasicTypeReference@6e73974
2025-06-26T23:30:38.119-04:00 DEBUG 11948 --- [hw] [           main] org.hibernate.type.BasicTypeRegistry     : Adding type registration OffsetTimeUtc -> org.hibernate.type.BasicTypeReference@3e28dc96
2025-06-26T23:30:38.119-04:00 DEBUG 11948 --- [hw] [           main] org.hibernate.type.BasicTypeRegistry     : Adding type registration OffsetTimeWithTimezone -> org.hibernate.type.BasicTypeReference@44eb2452
2025-06-26T23:30:38.119-04:00 DEBUG 11948 --- [hw] [           main] org.hibernate.type.BasicTypeRegistry     : Adding type registration OffsetTimeWithoutTimezone -> org.hibernate.type.BasicTypeReference@31940704
2025-06-26T23:30:38.119-04:00 DEBUG 11948 --- [hw] [           main] org.hibernate.type.BasicTypeRegistry     : Adding type registration ZonedDateTime -> org.hibernate.type.BasicTypeReference@e07b4db
2025-06-26T23:30:38.119-04:00 DEBUG 11948 --- [hw] [           main] org.hibernate.type.BasicTypeRegistry     : Adding type registration java.time.ZonedDateTime -> org.hibernate.type.BasicTypeReference@e07b4db
2025-06-26T23:30:38.119-04:00 DEBUG 11948 --- [hw] [           main] org.hibernate.type.BasicTypeRegistry     : Adding type registration ZonedDateTimeWithTimezone -> org.hibernate.type.BasicTypeReference@76b305e1
2025-06-26T23:30:38.119-04:00 DEBUG 11948 --- [hw] [           main] org.hibernate.type.BasicTypeRegistry     : Adding type registration ZonedDateTimeWithoutTimezone -> org.hibernate.type.BasicTypeReference@6be766d1
2025-06-26T23:30:38.119-04:00 DEBUG 11948 --- [hw] [           main] org.hibernate.type.BasicTypeRegistry     : Adding type registration date -> org.hibernate.type.BasicTypeReference@7adae08e
2025-06-26T23:30:38.119-04:00 DEBUG 11948 --- [hw] [           main] org.hibernate.type.BasicTypeRegistry     : Adding type registration java.sql.Date -> org.hibernate.type.BasicTypeReference@7adae08e
2025-06-26T23:30:38.119-04:00 DEBUG 11948 --- [hw] [           main] org.hibernate.type.BasicTypeRegistry     : Adding type registration time -> org.hibernate.type.BasicTypeReference@49c83262
2025-06-26T23:30:38.120-04:00 DEBUG 11948 --- [hw] [           main] org.hibernate.type.BasicTypeRegistry     : Adding type registration java.sql.Time -> org.hibernate.type.BasicTypeReference@49c83262
2025-06-26T23:30:38.120-04:00 DEBUG 11948 --- [hw] [           main] org.hibernate.type.BasicTypeRegistry     : Adding type registration timestamp -> org.hibernate.type.BasicTypeReference@273aaab7
2025-06-26T23:30:38.120-04:00 DEBUG 11948 --- [hw] [           main] org.hibernate.type.BasicTypeRegistry     : Adding type registration java.sql.Timestamp -> org.hibernate.type.BasicTypeReference@273aaab7
2025-06-26T23:30:38.120-04:00 DEBUG 11948 --- [hw] [           main] org.hibernate.type.BasicTypeRegistry     : Adding type registration java.util.Date -> org.hibernate.type.BasicTypeReference@273aaab7
2025-06-26T23:30:38.120-04:00 DEBUG 11948 --- [hw] [           main] org.hibernate.type.BasicTypeRegistry     : Adding type registration calendar -> org.hibernate.type.BasicTypeReference@77bb916f
2025-06-26T23:30:38.120-04:00 DEBUG 11948 --- [hw] [           main] org.hibernate.type.BasicTypeRegistry     : Adding type registration java.util.Calendar -> org.hibernate.type.BasicTypeReference@77bb916f
2025-06-26T23:30:38.120-04:00 DEBUG 11948 --- [hw] [           main] org.hibernate.type.BasicTypeRegistry     : Adding type registration java.util.GregorianCalendar -> org.hibernate.type.BasicTypeReference@77bb916f
2025-06-26T23:30:38.120-04:00 DEBUG 11948 --- [hw] [           main] org.hibernate.type.BasicTypeRegistry     : Adding type registration calendar_date -> org.hibernate.type.BasicTypeReference@5a48d186
2025-06-26T23:30:38.120-04:00 DEBUG 11948 --- [hw] [           main] org.hibernate.type.BasicTypeRegistry     : Adding type registration calendar_time -> org.hibernate.type.BasicTypeReference@521ba38f
2025-06-26T23:30:38.120-04:00 DEBUG 11948 --- [hw] [           main] org.hibernate.type.BasicTypeRegistry     : Adding type registration instant -> org.hibernate.type.BasicTypeReference@2086d469
2025-06-26T23:30:38.120-04:00 DEBUG 11948 --- [hw] [           main] org.hibernate.type.BasicTypeRegistry     : Adding type registration java.time.Instant -> org.hibernate.type.BasicTypeReference@2086d469
2025-06-26T23:30:38.120-04:00 DEBUG 11948 --- [hw] [           main] org.hibernate.type.BasicTypeRegistry     : Adding type registration uuid -> org.hibernate.type.BasicTypeReference@b1d19ff
2025-06-26T23:30:38.120-04:00 DEBUG 11948 --- [hw] [           main] org.hibernate.type.BasicTypeRegistry     : Adding type registration java.util.UUID -> org.hibernate.type.BasicTypeReference@b1d19ff
2025-06-26T23:30:38.120-04:00 DEBUG 11948 --- [hw] [           main] org.hibernate.type.BasicTypeRegistry     : Adding type registration pg-uuid -> org.hibernate.type.BasicTypeReference@b1d19ff
2025-06-26T23:30:38.121-04:00 DEBUG 11948 --- [hw] [           main] org.hibernate.type.BasicTypeRegistry     : Adding type registration uuid-binary -> org.hibernate.type.BasicTypeReference@17c53dfb
2025-06-26T23:30:38.121-04:00 DEBUG 11948 --- [hw] [           main] org.hibernate.type.BasicTypeRegistry     : Adding type registration uuid-char -> org.hibernate.type.BasicTypeReference@184de357
2025-06-26T23:30:38.121-04:00 DEBUG 11948 --- [hw] [           main] org.hibernate.type.BasicTypeRegistry     : Adding type registration class -> org.hibernate.type.BasicTypeReference@efe49ab
2025-06-26T23:30:38.121-04:00 DEBUG 11948 --- [hw] [           main] org.hibernate.type.BasicTypeRegistry     : Adding type registration java.lang.Class -> org.hibernate.type.BasicTypeReference@efe49ab
2025-06-26T23:30:38.121-04:00 DEBUG 11948 --- [hw] [           main] org.hibernate.type.BasicTypeRegistry     : Adding type registration currency -> org.hibernate.type.BasicTypeReference@6dcf7b6a
2025-06-26T23:30:38.121-04:00 DEBUG 11948 --- [hw] [           main] org.hibernate.type.BasicTypeRegistry     : Adding type registration Currency -> org.hibernate.type.BasicTypeReference@6dcf7b6a
2025-06-26T23:30:38.121-04:00 DEBUG 11948 --- [hw] [           main] org.hibernate.type.BasicTypeRegistry     : Adding type registration java.util.Currency -> org.hibernate.type.BasicTypeReference@6dcf7b6a
2025-06-26T23:30:38.121-04:00 DEBUG 11948 --- [hw] [           main] org.hibernate.type.BasicTypeRegistry     : Adding type registration locale -> org.hibernate.type.BasicTypeReference@247bbfba
2025-06-26T23:30:38.121-04:00 DEBUG 11948 --- [hw] [           main] org.hibernate.type.BasicTypeRegistry     : Adding type registration java.util.Locale -> org.hibernate.type.BasicTypeReference@247bbfba
2025-06-26T23:30:38.122-04:00 DEBUG 11948 --- [hw] [           main] org.hibernate.type.BasicTypeRegistry     : Adding type registration serializable -> org.hibernate.type.BasicTypeReference@5834198f
2025-06-26T23:30:38.122-04:00 DEBUG 11948 --- [hw] [           main] org.hibernate.type.BasicTypeRegistry     : Adding type registration java.io.Serializable -> org.hibernate.type.BasicTypeReference@5834198f
2025-06-26T23:30:38.122-04:00 DEBUG 11948 --- [hw] [           main] org.hibernate.type.BasicTypeRegistry     : Adding type registration timezone -> org.hibernate.type.BasicTypeReference@4eb63dc8
2025-06-26T23:30:38.122-04:00 DEBUG 11948 --- [hw] [           main] org.hibernate.type.BasicTypeRegistry     : Adding type registration java.util.TimeZone -> org.hibernate.type.BasicTypeReference@4eb63dc8
2025-06-26T23:30:38.122-04:00 DEBUG 11948 --- [hw] [           main] org.hibernate.type.BasicTypeRegistry     : Adding type registration ZoneOffset -> org.hibernate.type.BasicTypeReference@402d6012
2025-06-26T23:30:38.122-04:00 DEBUG 11948 --- [hw] [           main] org.hibernate.type.BasicTypeRegistry     : Adding type registration java.time.ZoneOffset -> org.hibernate.type.BasicTypeReference@402d6012
2025-06-26T23:30:38.122-04:00 DEBUG 11948 --- [hw] [           main] org.hibernate.type.BasicTypeRegistry     : Adding type registration url -> org.hibernate.type.BasicTypeReference@395281c2
2025-06-26T23:30:38.122-04:00 DEBUG 11948 --- [hw] [           main] org.hibernate.type.BasicTypeRegistry     : Adding type registration java.net.URL -> org.hibernate.type.BasicTypeReference@395281c2
2025-06-26T23:30:38.122-04:00 DEBUG 11948 --- [hw] [           main] org.hibernate.type.BasicTypeRegistry     : Adding type registration vector -> org.hibernate.type.BasicTypeReference@41d20f06
2025-06-26T23:30:38.122-04:00 DEBUG 11948 --- [hw] [           main] org.hibernate.type.BasicTypeRegistry     : Adding type registration float_vector -> org.hibernate.type.BasicTypeReference@3e753289
2025-06-26T23:30:38.122-04:00 DEBUG 11948 --- [hw] [           main] org.hibernate.type.BasicTypeRegistry     : Adding type registration double_vector -> org.hibernate.type.BasicTypeReference@1573e8a5
2025-06-26T23:30:38.123-04:00 DEBUG 11948 --- [hw] [           main] org.hibernate.type.BasicTypeRegistry     : Adding type registration byte_vector -> org.hibernate.type.BasicTypeReference@38022758
2025-06-26T23:30:38.123-04:00 DEBUG 11948 --- [hw] [           main] org.hibernate.type.BasicTypeRegistry     : Adding type registration row_version -> org.hibernate.type.BasicTypeReference@69f9b561
2025-06-26T23:30:38.127-04:00 DEBUG 11948 --- [hw] [           main] org.hibernate.type.BasicTypeRegistry     : Adding type registration object -> org.hibernate.type.JavaObjectType@7686f701
2025-06-26T23:30:38.127-04:00 DEBUG 11948 --- [hw] [           main] org.hibernate.type.BasicTypeRegistry     : Adding type registration java.lang.Object -> org.hibernate.type.JavaObjectType@7686f701
2025-06-26T23:30:38.128-04:00 DEBUG 11948 --- [hw] [           main] org.hibernate.type.BasicTypeRegistry     : Adding type registration null -> org.hibernate.type.NullType@15186ce0
2025-06-26T23:30:38.128-04:00 DEBUG 11948 --- [hw] [           main] org.hibernate.type.BasicTypeRegistry     : Adding type registration imm_date -> org.hibernate.type.BasicTypeReference@745926c3
2025-06-26T23:30:38.128-04:00 DEBUG 11948 --- [hw] [           main] org.hibernate.type.BasicTypeRegistry     : Adding type registration imm_time -> org.hibernate.type.BasicTypeReference@75dd0f94
2025-06-26T23:30:38.129-04:00 DEBUG 11948 --- [hw] [           main] org.hibernate.type.BasicTypeRegistry     : Adding type registration imm_timestamp -> org.hibernate.type.BasicTypeReference@72324965
2025-06-26T23:30:38.129-04:00 DEBUG 11948 --- [hw] [           main] org.hibernate.type.BasicTypeRegistry     : Adding type registration imm_calendar -> org.hibernate.type.BasicTypeReference@249b54af
2025-06-26T23:30:38.129-04:00 DEBUG 11948 --- [hw] [           main] org.hibernate.type.BasicTypeRegistry     : Adding type registration imm_calendar_date -> org.hibernate.type.BasicTypeReference@194911c1
2025-06-26T23:30:38.129-04:00 DEBUG 11948 --- [hw] [           main] org.hibernate.type.BasicTypeRegistry     : Adding type registration imm_calendar_time -> org.hibernate.type.BasicTypeReference@4751cd3
2025-06-26T23:30:38.129-04:00 DEBUG 11948 --- [hw] [           main] org.hibernate.type.BasicTypeRegistry     : Adding type registration imm_binary -> org.hibernate.type.BasicTypeReference@64ec1459
2025-06-26T23:30:38.129-04:00 DEBUG 11948 --- [hw] [           main] org.hibernate.type.BasicTypeRegistry     : Adding type registration imm_serializable -> org.hibernate.type.BasicTypeReference@1aac0a47
2025-06-26T23:30:38.133-04:00 DEBUG 11948 --- [hw] [           main] o.h.boot.internal.BootstrapContextImpl   : Injecting JPA temp ClassLoader [org.springframework.instrument.classloading.SimpleThrowawayClassLoader@27261190] into BootstrapContext; was [null]
2025-06-26T23:30:38.133-04:00 DEBUG 11948 --- [hw] [           main] o.h.boot.internal.ClassLoaderAccessImpl  : ClassLoaderAccessImpl#injectTempClassLoader(org.springframework.instrument.classloading.SimpleThrowawayClassLoader@27261190) [was null]
2025-06-26T23:30:38.134-04:00 DEBUG 11948 --- [hw] [           main] o.h.boot.internal.BootstrapContextImpl   : Injecting ScanEnvironment [org.hibernate.jpa.boot.internal.StandardJpaScanEnvironmentImpl@5350ab17] into BootstrapContext; was [null]
2025-06-26T23:30:38.134-04:00 DEBUG 11948 --- [hw] [           main] o.h.boot.internal.BootstrapContextImpl   : Injecting ScanOptions [org.hibernate.boot.archive.scan.internal.StandardScanOptions@984de01] into BootstrapContext; was [org.hibernate.boot.archive.scan.internal.StandardScanOptions@58cda03f]
2025-06-26T23:30:38.146-04:00 DEBUG 11948 --- [hw] [           main] o.h.j.b.i.PersistenceUnitInfoDescriptor  : Pushing class transformers for PU named 'default' on loading classloader jdk.internal.loader.ClassLoaders$AppClassLoader@70dea4e
2025-06-26T23:30:38.316-04:00  INFO 11948 --- [hw] [           main] o.s.o.j.p.SpringPersistenceUnitInfo      : No LoadTimeWeaver setup: ignoring JPA class transformer
2025-06-26T23:30:38.316-04:00 DEBUG 11948 --- [hw] [           main] o.h.boot.internal.BootstrapContextImpl   : Injecting JPA temp ClassLoader [null] into BootstrapContext; was [org.springframework.instrument.classloading.SimpleThrowawayClassLoader@27261190]
2025-06-26T23:30:38.316-04:00 DEBUG 11948 --- [hw] [           main] o.h.boot.internal.ClassLoaderAccessImpl  : ClassLoaderAccessImpl#injectTempClassLoader(null) [was org.springframework.instrument.classloading.SimpleThrowawayClassLoader@27261190]
2025-06-26T23:30:38.344-04:00 DEBUG 11948 --- [hw] [           main] com.zaxxer.hikari.HikariConfig           : HikariPool-1 - configuration:
2025-06-26T23:30:38.347-04:00 DEBUG 11948 --- [hw] [           main] com.zaxxer.hikari.HikariConfig           : allowPoolSuspension.............false
2025-06-26T23:30:38.347-04:00 DEBUG 11948 --- [hw] [           main] com.zaxxer.hikari.HikariConfig           : autoCommit......................true
2025-06-26T23:30:38.348-04:00 DEBUG 11948 --- [hw] [           main] com.zaxxer.hikari.HikariConfig           : catalog.........................none
2025-06-26T23:30:38.348-04:00 DEBUG 11948 --- [hw] [           main] com.zaxxer.hikari.HikariConfig           : connectionInitSql...............none
2025-06-26T23:30:38.348-04:00 DEBUG 11948 --- [hw] [           main] com.zaxxer.hikari.HikariConfig           : connectionTestQuery.............none
2025-06-26T23:30:38.349-04:00 DEBUG 11948 --- [hw] [           main] com.zaxxer.hikari.HikariConfig           : connectionTimeout...............30000
2025-06-26T23:30:38.349-04:00 DEBUG 11948 --- [hw] [           main] com.zaxxer.hikari.HikariConfig           : dataSource......................none
2025-06-26T23:30:38.349-04:00 DEBUG 11948 --- [hw] [           main] com.zaxxer.hikari.HikariConfig           : dataSourceClassName.............none
2025-06-26T23:30:38.349-04:00 DEBUG 11948 --- [hw] [           main] com.zaxxer.hikari.HikariConfig           : dataSourceJNDI..................none
2025-06-26T23:30:38.349-04:00 DEBUG 11948 --- [hw] [           main] com.zaxxer.hikari.HikariConfig           : dataSourceProperties............{password=<masked>}
2025-06-26T23:30:38.349-04:00 DEBUG 11948 --- [hw] [           main] com.zaxxer.hikari.HikariConfig           : driverClassName................."oracle.jdbc.OracleDriver"
2025-06-26T23:30:38.349-04:00 DEBUG 11948 --- [hw] [           main] com.zaxxer.hikari.HikariConfig           : exceptionOverrideClassName......none
2025-06-26T23:30:38.349-04:00 DEBUG 11948 --- [hw] [           main] com.zaxxer.hikari.HikariConfig           : healthCheckProperties...........{}
2025-06-26T23:30:38.350-04:00 DEBUG 11948 --- [hw] [           main] com.zaxxer.hikari.HikariConfig           : healthCheckRegistry.............none
2025-06-26T23:30:38.350-04:00 DEBUG 11948 --- [hw] [           main] com.zaxxer.hikari.HikariConfig           : idleTimeout.....................600000
2025-06-26T23:30:38.350-04:00 DEBUG 11948 --- [hw] [           main] com.zaxxer.hikari.HikariConfig           : initializationFailTimeout.......1
2025-06-26T23:30:38.350-04:00 DEBUG 11948 --- [hw] [           main] com.zaxxer.hikari.HikariConfig           : isolateInternalQueries..........false
2025-06-26T23:30:38.350-04:00 DEBUG 11948 --- [hw] [           main] com.zaxxer.hikari.HikariConfig           : jdbcUrl.........................jdbc:oracle:thin:@bdmsv_high?TNS_ADMIN=wallet
2025-06-26T23:30:38.350-04:00 DEBUG 11948 --- [hw] [           main] com.zaxxer.hikari.HikariConfig           : keepaliveTime...................0
2025-06-26T23:30:38.350-04:00 DEBUG 11948 --- [hw] [           main] com.zaxxer.hikari.HikariConfig           : leakDetectionThreshold..........0
2025-06-26T23:30:38.350-04:00 DEBUG 11948 --- [hw] [           main] com.zaxxer.hikari.HikariConfig           : maxLifetime.....................1800000
2025-06-26T23:30:38.350-04:00 DEBUG 11948 --- [hw] [           main] com.zaxxer.hikari.HikariConfig           : maximumPoolSize.................10
2025-06-26T23:30:38.350-04:00 DEBUG 11948 --- [hw] [           main] com.zaxxer.hikari.HikariConfig           : metricRegistry..................none
2025-06-26T23:30:38.351-04:00 DEBUG 11948 --- [hw] [           main] com.zaxxer.hikari.HikariConfig           : metricsTrackerFactory...........none
2025-06-26T23:30:38.351-04:00 DEBUG 11948 --- [hw] [           main] com.zaxxer.hikari.HikariConfig           : minimumIdle.....................10
2025-06-26T23:30:38.351-04:00 DEBUG 11948 --- [hw] [           main] com.zaxxer.hikari.HikariConfig           : password........................<masked>
2025-06-26T23:30:38.351-04:00 DEBUG 11948 --- [hw] [           main] com.zaxxer.hikari.HikariConfig           : poolName........................"HikariPool-1"
2025-06-26T23:30:38.351-04:00 DEBUG 11948 --- [hw] [           main] com.zaxxer.hikari.HikariConfig           : readOnly........................false
2025-06-26T23:30:38.351-04:00 DEBUG 11948 --- [hw] [           main] com.zaxxer.hikari.HikariConfig           : registerMbeans..................false
2025-06-26T23:30:38.351-04:00 DEBUG 11948 --- [hw] [           main] com.zaxxer.hikari.HikariConfig           : scheduledExecutor...............none
2025-06-26T23:30:38.351-04:00 DEBUG 11948 --- [hw] [           main] com.zaxxer.hikari.HikariConfig           : schema..........................none
2025-06-26T23:30:38.351-04:00 DEBUG 11948 --- [hw] [           main] com.zaxxer.hikari.HikariConfig           : threadFactory...................internal
2025-06-26T23:30:38.351-04:00 DEBUG 11948 --- [hw] [           main] com.zaxxer.hikari.HikariConfig           : transactionIsolation............default
2025-06-26T23:30:38.352-04:00 DEBUG 11948 --- [hw] [           main] com.zaxxer.hikari.HikariConfig           : username........................"PEDIDOMS"
2025-06-26T23:30:38.352-04:00 DEBUG 11948 --- [hw] [           main] com.zaxxer.hikari.HikariConfig           : validationTimeout...............5000
2025-06-26T23:30:38.352-04:00  INFO 11948 --- [hw] [           main] com.zaxxer.hikari.HikariDataSource       : HikariPool-1 - Starting...
2025-06-26T23:30:39.024-04:00  INFO 11948 --- [hw] [           main] com.zaxxer.hikari.pool.HikariPool        : HikariPool-1 - Added connection oracle.jdbc.driver.T4CConnection@1ab268bd
2025-06-26T23:30:39.025-04:00  INFO 11948 --- [hw] [           main] com.zaxxer.hikari.HikariDataSource       : HikariPool-1 - Start completed.
2025-06-26T23:30:39.040-04:00 DEBUG 11948 --- [hw] [           main] o.h.e.j.e.i.JdbcEnvironmentInitiator     : Database ->
	   name : Oracle
	version : Oracle Database 19c Enterprise Edition Release 19.0.0.0.0 - Production
Version 19.27.0.1.0
	  major : 19
	  minor : 27
2025-06-26T23:30:39.040-04:00 DEBUG 11948 --- [hw] [           main] o.h.e.j.e.i.JdbcEnvironmentInitiator     : Driver ->
	   name : Oracle JDBC driver
	version : 23.5.0.24.07
	  major : 23
	  minor : 5
2025-06-26T23:30:39.040-04:00 DEBUG 11948 --- [hw] [           main] o.h.e.j.e.i.JdbcEnvironmentInitiator     : JDBC version : 4.3
2025-06-26T23:30:39.126-04:00 DEBUG 11948 --- [hw] [l-1 housekeeper] com.zaxxer.hikari.pool.HikariPool        : HikariPool-1 - Pool stats (total=1, active=1, idle=0, waiting=0)
2025-06-26T23:30:39.228-04:00  WARN 11948 --- [hw] [           main] org.hibernate.orm.deprecation            : HHH90000025: OracleDialect does not need to be specified explicitly using 'hibernate.dialect' (remove the property setting and it will be selected by default)
2025-06-26T23:30:39.229-04:00 DEBUG 11948 --- [hw] [           main] org.hibernate.orm.dialect                : HHH035001: Using dialect: org.hibernate.dialect.OracleDialect, version: 19.27
2025-06-26T23:30:39.275-04:00  INFO 11948 --- [hw] [           main] org.hibernate.orm.connections.pooling    : HHH10001005: Database info:
	Database JDBC URL [Connecting through datasource 'HikariDataSource (HikariPool-1)']
	Database driver: undefined/unknown
	Database version: 19.27
	Autocommit mode: undefined/unknown
	Isolation level: undefined/unknown
	Minimum pool size: undefined/unknown
	Maximum pool size: undefined/unknown
2025-06-26T23:30:39.281-04:00 DEBUG 11948 --- [hw] [           main] o.h.t.d.jdbc.spi.JdbcTypeRegistry        : addDescriptor(NCharTypeDescriptor) replaced previous registration(CharTypeDescriptor)
2025-06-26T23:30:39.281-04:00 DEBUG 11948 --- [hw] [           main] o.h.t.d.jdbc.spi.JdbcTypeRegistry        : addDescriptor(NVarcharTypeDescriptor) replaced previous registration(VarcharTypeDescriptor)
2025-06-26T23:30:39.281-04:00 DEBUG 11948 --- [hw] [           main] o.h.t.d.jdbc.spi.JdbcTypeRegistry        : addDescriptor(LongNVarcharTypeDescriptor) replaced previous registration(LongVarcharTypeDescriptor)
2025-06-26T23:30:39.283-04:00 DEBUG 11948 --- [hw] [           main] o.h.t.d.jdbc.spi.JdbcTypeRegistry        : addDescriptor(NClobTypeDescriptor(DEFAULT)) replaced previous registration(ClobTypeDescriptor(DEFAULT))
2025-06-26T23:30:39.284-04:00 DEBUG 11948 --- [hw] [           main] o.h.t.d.jdbc.spi.JdbcTypeRegistry        : addDescriptor(BooleanTypeDescriptor) replaced previous registration(BooleanTypeDescriptor)
2025-06-26T23:30:39.291-04:00 DEBUG 11948 --- [hw] [           main] org.hibernate.type.BasicTypeRegistry     : Adding type registration null -> org.hibernate.type.NullType@22ee1ad7
2025-06-26T23:30:39.291-04:00 DEBUG 11948 --- [hw] [           main] org.hibernate.type.BasicTypeRegistry     : Type registration key [null] overrode previous entry : `org.hibernate.type.NullType@15186ce0`
2025-06-26T23:30:39.291-04:00 DEBUG 11948 --- [hw] [           main] org.hibernate.type.BasicTypeRegistry     : Adding type registration JAVA_OBJECT -> org.hibernate.type.JavaObjectType@571e2f15
2025-06-26T23:30:39.291-04:00 DEBUG 11948 --- [hw] [           main] org.hibernate.type.BasicTypeRegistry     : Adding type registration java.lang.Object -> org.hibernate.type.JavaObjectType@571e2f15
2025-06-26T23:30:39.291-04:00 DEBUG 11948 --- [hw] [           main] org.hibernate.type.BasicTypeRegistry     : Type registration key [java.lang.Object] overrode previous entry : `org.hibernate.type.JavaObjectType@7686f701`
2025-06-26T23:30:39.294-04:00 DEBUG 11948 --- [hw] [           main] org.hibernate.type.BasicTypeRegistry     : Adding type registration org.hibernate.type.DurationType -> basicType@1(java.time.Duration,3015)
2025-06-26T23:30:39.294-04:00 DEBUG 11948 --- [hw] [           main] org.hibernate.type.BasicTypeRegistry     : Adding type registration Duration -> basicType@1(java.time.Duration,3015)
2025-06-26T23:30:39.294-04:00 DEBUG 11948 --- [hw] [           main] org.hibernate.type.BasicTypeRegistry     : Adding type registration java.time.Duration -> basicType@1(java.time.Duration,3015)
2025-06-26T23:30:39.296-04:00 DEBUG 11948 --- [hw] [           main] o.h.type.spi.TypeConfiguration$Scope     : Scoping TypeConfiguration [org.hibernate.type.spi.TypeConfiguration@15a8bbe5] to MetadataBuildingContext [org.hibernate.boot.internal.MetadataBuildingContextRootImpl@3369e2ce]
2025-06-26T23:30:39.327-04:00 DEBUG 11948 --- [hw] [onnection adder] com.zaxxer.hikari.pool.HikariPool        : HikariPool-1 - Added connection oracle.jdbc.driver.T4CConnection@7dfd3427
2025-06-26T23:30:39.328-04:00 DEBUG 11948 --- [hw] [           main] o.h.boot.model.relational.Namespace      : Created database namespace [logicalName=Name{catalog=null, schema=null}, physicalName=Name{catalog=null, schema=null}]
2025-06-26T23:30:39.355-04:00 DEBUG 11948 --- [hw] [           main] o.h.boot.model.internal.EntityBinder     : Binding entity from annotated class: com.pedidos.hw.model.DetallePedido
2025-06-26T23:30:39.361-04:00 DEBUG 11948 --- [hw] [onnection adder] com.zaxxer.hikari.pool.HikariPool        : HikariPool-1 - After adding stats (total=2, active=0, idle=2, waiting=0)
2025-06-26T23:30:39.368-04:00 DEBUG 11948 --- [hw] [           main] o.h.boot.model.internal.EntityBinder     : Import with entity name DetallePedido
2025-06-26T23:30:39.376-04:00 DEBUG 11948 --- [hw] [           main] o.h.boot.model.internal.EntityBinder     : Bind entity com.pedidos.hw.model.DetallePedido on table detalle_pedido
2025-06-26T23:30:39.386-04:00 DEBUG 11948 --- [hw] [           main] o.h.boot.model.internal.AnnotatedColumn  : Binding column: AnnotatedDiscriminatorColumn(column='DTYPE')
2025-06-26T23:30:39.404-04:00 DEBUG 11948 --- [hw] [           main] o.h.boot.model.internal.AnnotatedColumn  : Binding column: AnnotatedColumn()
2025-06-26T23:30:39.405-04:00 DEBUG 11948 --- [hw] [           main] o.h.boot.internal.ClassLoaderAccessImpl  : Not known whether passed class name [com.pedidos.hw.model.DetallePedido] is safe
2025-06-26T23:30:39.405-04:00 DEBUG 11948 --- [hw] [           main] o.h.boot.internal.ClassLoaderAccessImpl  : No temp ClassLoader provided; using live ClassLoader for loading potentially unsafe class : com.pedidos.hw.model.DetallePedido
2025-06-26T23:30:39.408-04:00 DEBUG 11948 --- [hw] [           main] o.h.boot.model.internal.PropertyBinder   : MetadataSourceProcessor property id_detalle with lazy=false
2025-06-26T23:30:39.411-04:00 DEBUG 11948 --- [hw] [           main] o.h.b.m.internal.AbstractPropertyHolder  : Attempting to locate auto-apply AttributeConverter for property [com.pedidos.hw.model.DetallePedido:id_detalle]
2025-06-26T23:30:39.414-04:00 DEBUG 11948 --- [hw] [           main] o.h.b.model.internal.BasicValueBinder    : building BasicValue for id_detalle
2025-06-26T23:30:39.416-04:00 DEBUG 11948 --- [hw] [           main] org.hibernate.mapping.BasicValue         : Skipping column re-registration: detalle_pedido.id_detalle
2025-06-26T23:30:39.417-04:00 DEBUG 11948 --- [hw] [           main] o.h.boot.model.internal.PropertyBinder   : Building property id_detalle
2025-06-26T23:30:39.420-04:00 DEBUG 11948 --- [hw] [           main] o.h.boot.model.internal.BinderHelper     : #makeIdGenerator(BasicValue([Column(id_detalle)]), id_detalle, identity, , ...)
2025-06-26T23:30:39.421-04:00 DEBUG 11948 --- [hw] [           main] o.h.boot.model.internal.AnnotatedColumn  : Binding column: AnnotatedColumn()
2025-06-26T23:30:39.421-04:00 DEBUG 11948 --- [hw] [           main] o.h.boot.model.internal.PropertyBinder   : MetadataSourceProcessor property cantidad with lazy=false
2025-06-26T23:30:39.421-04:00 DEBUG 11948 --- [hw] [           main] o.h.b.m.internal.AbstractPropertyHolder  : Attempting to locate auto-apply AttributeConverter for property [com.pedidos.hw.model.DetallePedido:cantidad]
2025-06-26T23:30:39.421-04:00 DEBUG 11948 --- [hw] [           main] o.h.b.model.internal.BasicValueBinder    : building BasicValue for cantidad
2025-06-26T23:30:39.421-04:00 DEBUG 11948 --- [hw] [           main] org.hibernate.mapping.BasicValue         : Skipping column re-registration: detalle_pedido.cantidad
2025-06-26T23:30:39.421-04:00 DEBUG 11948 --- [hw] [           main] o.h.boot.model.internal.PropertyBinder   : Building property cantidad
2025-06-26T23:30:39.422-04:00 DEBUG 11948 --- [hw] [           main] o.h.boot.model.internal.AnnotatedColumn  : Binding column: AnnotatedColumn(column='id_producto')
2025-06-26T23:30:39.422-04:00 DEBUG 11948 --- [hw] [           main] o.h.boot.model.internal.PropertyBinder   : MetadataSourceProcessor property id_producto with lazy=false
2025-06-26T23:30:39.422-04:00 DEBUG 11948 --- [hw] [           main] o.h.b.m.internal.AbstractPropertyHolder  : Attempting to locate auto-apply AttributeConverter for property [com.pedidos.hw.model.DetallePedido:id_producto]
2025-06-26T23:30:39.422-04:00 DEBUG 11948 --- [hw] [           main] o.h.b.model.internal.BasicValueBinder    : building BasicValue for id_producto
2025-06-26T23:30:39.422-04:00 DEBUG 11948 --- [hw] [           main] org.hibernate.mapping.BasicValue         : Skipping column re-registration: detalle_pedido.id_producto
2025-06-26T23:30:39.422-04:00 DEBUG 11948 --- [hw] [           main] o.h.boot.model.internal.PropertyBinder   : Building property id_producto
2025-06-26T23:30:39.424-04:00 DEBUG 11948 --- [hw] [           main] o.h.boot.model.internal.AnnotatedColumn  : Binding column: AnnotatedJoinColumn(column='id_pedido')
2025-06-26T23:30:39.424-04:00 DEBUG 11948 --- [hw] [           main] o.h.boot.model.internal.AnnotatedColumn  : Binding column: AnnotatedColumn()
2025-06-26T23:30:39.428-04:00 DEBUG 11948 --- [hw] [           main] o.h.boot.model.internal.PropertyBinder   : Building property pedido
2025-06-26T23:30:39.429-04:00 DEBUG 11948 --- [hw] [           main] o.h.b.r.c.i.ClassLoaderServiceImpl       : HHH000194: Package not found or no package-info.java: com.pedidos.hw.model
2025-06-26T23:30:39.434-04:00 DEBUG 11948 --- [hw] [           main] o.h.boot.model.internal.EntityBinder     : Binding entity from annotated class: com.pedidos.hw.model.Pedido
2025-06-26T23:30:39.435-04:00 DEBUG 11948 --- [hw] [           main] o.h.boot.model.internal.EntityBinder     : Import with entity name Pedido
2025-06-26T23:30:39.435-04:00 DEBUG 11948 --- [hw] [           main] o.h.boot.model.internal.EntityBinder     : Bind entity com.pedidos.hw.model.Pedido on table pedido
2025-06-26T23:30:39.435-04:00 DEBUG 11948 --- [hw] [           main] o.h.boot.model.internal.AnnotatedColumn  : Binding column: AnnotatedDiscriminatorColumn(column='DTYPE')
2025-06-26T23:30:39.439-04:00 DEBUG 11948 --- [hw] [           main] o.h.boot.model.internal.AnnotatedColumn  : Binding column: AnnotatedColumn()
2025-06-26T23:30:39.439-04:00 DEBUG 11948 --- [hw] [           main] o.h.boot.internal.ClassLoaderAccessImpl  : Not known whether passed class name [com.pedidos.hw.model.Pedido] is safe
2025-06-26T23:30:39.439-04:00 DEBUG 11948 --- [hw] [           main] o.h.boot.internal.ClassLoaderAccessImpl  : No temp ClassLoader provided; using live ClassLoader for loading potentially unsafe class : com.pedidos.hw.model.Pedido
2025-06-26T23:30:39.439-04:00 DEBUG 11948 --- [hw] [           main] o.h.boot.model.internal.PropertyBinder   : MetadataSourceProcessor property id with lazy=false
2025-06-26T23:30:39.439-04:00 DEBUG 11948 --- [hw] [           main] o.h.b.m.internal.AbstractPropertyHolder  : Attempting to locate auto-apply AttributeConverter for property [com.pedidos.hw.model.Pedido:id]
2025-06-26T23:30:39.439-04:00 DEBUG 11948 --- [hw] [           main] o.h.b.model.internal.BasicValueBinder    : building BasicValue for id
2025-06-26T23:30:39.439-04:00 DEBUG 11948 --- [hw] [           main] org.hibernate.mapping.BasicValue         : Skipping column re-registration: pedido.id
2025-06-26T23:30:39.439-04:00 DEBUG 11948 --- [hw] [           main] o.h.boot.model.internal.PropertyBinder   : Building property id
2025-06-26T23:30:39.439-04:00 DEBUG 11948 --- [hw] [           main] o.h.boot.model.internal.BinderHelper     : #makeIdGenerator(BasicValue([Column(id)]), id, identity, , ...)
2025-06-26T23:30:39.440-04:00 DEBUG 11948 --- [hw] [           main] o.h.boot.model.internal.AnnotatedColumn  : Binding column: AnnotatedJoinColumn()
2025-06-26T23:30:39.440-04:00 DEBUG 11948 --- [hw] [           main] o.h.boot.model.internal.AnnotatedColumn  : Binding column: AnnotatedColumn()
2025-06-26T23:30:39.450-04:00 DEBUG 11948 --- [hw] [           main] o.h.boot.model.internal.AnnotatedColumn  : Binding column: IndexColumn(column='detalles_ORDER')
2025-06-26T23:30:39.451-04:00 DEBUG 11948 --- [hw] [           main] o.h.boot.model.internal.AnnotatedColumn  : Binding column: AnnotatedColumn()
2025-06-26T23:30:39.452-04:00 DEBUG 11948 --- [hw] [           main] o.h.boot.model.internal.AnnotatedColumn  : Binding column: AnnotatedColumn(column='detalles_KEY')
2025-06-26T23:30:39.452-04:00 DEBUG 11948 --- [hw] [           main] o.h.boot.model.internal.AnnotatedColumn  : Binding column: AnnotatedJoinColumn(column='detalles_KEY')
2025-06-26T23:30:39.453-04:00 DEBUG 11948 --- [hw] [           main] o.h.boot.model.internal.AnnotatedColumn  : Binding column: AnnotatedJoinColumn()
2025-06-26T23:30:39.453-04:00 DEBUG 11948 --- [hw] [           main] o.h.boot.model.internal.AnnotatedColumn  : Binding column: AnnotatedJoinColumn()
2025-06-26T23:30:39.455-04:00 DEBUG 11948 --- [hw] [           main] o.h.b.model.internal.CollectionBinder    : Collection role: com.pedidos.hw.model.Pedido.detalles
2025-06-26T23:30:39.456-04:00 DEBUG 11948 --- [hw] [           main] o.h.boot.model.internal.PropertyBinder   : Building property detalles
2025-06-26T23:30:39.456-04:00 DEBUG 11948 --- [hw] [           main] o.h.boot.model.internal.AnnotatedColumn  : Binding column: AnnotatedColumn()
2025-06-26T23:30:39.456-04:00 DEBUG 11948 --- [hw] [           main] o.h.boot.model.internal.PropertyBinder   : MetadataSourceProcessor property estado with lazy=false
2025-06-26T23:30:39.456-04:00 DEBUG 11948 --- [hw] [           main] o.h.b.m.internal.AbstractPropertyHolder  : Attempting to locate auto-apply AttributeConverter for property [com.pedidos.hw.model.Pedido:estado]
2025-06-26T23:30:39.456-04:00 DEBUG 11948 --- [hw] [           main] o.h.b.model.internal.BasicValueBinder    : building BasicValue for estado
2025-06-26T23:30:39.457-04:00 DEBUG 11948 --- [hw] [           main] org.hibernate.mapping.BasicValue         : Skipping column re-registration: pedido.estado
2025-06-26T23:30:39.457-04:00 DEBUG 11948 --- [hw] [           main] o.h.boot.model.internal.PropertyBinder   : Building property estado
2025-06-26T23:30:39.457-04:00 DEBUG 11948 --- [hw] [           main] o.h.boot.model.internal.AnnotatedColumn  : Binding column: AnnotatedColumn()
2025-06-26T23:30:39.457-04:00 DEBUG 11948 --- [hw] [           main] o.h.boot.model.internal.PropertyBinder   : MetadataSourceProcessor property fecha_pedido with lazy=false
2025-06-26T23:30:39.457-04:00 DEBUG 11948 --- [hw] [           main] o.h.b.m.internal.AbstractPropertyHolder  : Attempting to locate auto-apply AttributeConverter for property [com.pedidos.hw.model.Pedido:fecha_pedido]
2025-06-26T23:30:39.457-04:00 DEBUG 11948 --- [hw] [           main] o.h.b.model.internal.BasicValueBinder    : building BasicValue for fecha_pedido
2025-06-26T23:30:39.457-04:00 DEBUG 11948 --- [hw] [           main] org.hibernate.mapping.BasicValue         : Skipping column re-registration: pedido.fecha_pedido
2025-06-26T23:30:39.457-04:00 DEBUG 11948 --- [hw] [           main] o.h.boot.model.internal.PropertyBinder   : Building property fecha_pedido
2025-06-26T23:30:39.457-04:00 DEBUG 11948 --- [hw] [           main] o.h.boot.model.internal.AnnotatedColumn  : Binding column: AnnotatedColumn(column='id_usuario')
2025-06-26T23:30:39.457-04:00 DEBUG 11948 --- [hw] [           main] o.h.boot.model.internal.PropertyBinder   : MetadataSourceProcessor property id_usuario with lazy=false
2025-06-26T23:30:39.457-04:00 DEBUG 11948 --- [hw] [           main] o.h.b.m.internal.AbstractPropertyHolder  : Attempting to locate auto-apply AttributeConverter for property [com.pedidos.hw.model.Pedido:id_usuario]
2025-06-26T23:30:39.457-04:00 DEBUG 11948 --- [hw] [           main] o.h.b.model.internal.BasicValueBinder    : building BasicValue for id_usuario
2025-06-26T23:30:39.457-04:00 DEBUG 11948 --- [hw] [           main] org.hibernate.mapping.BasicValue         : Skipping column re-registration: pedido.id_usuario
2025-06-26T23:30:39.457-04:00 DEBUG 11948 --- [hw] [           main] o.h.boot.model.internal.PropertyBinder   : Building property id_usuario
2025-06-26T23:30:39.458-04:00 DEBUG 11948 --- [hw] [           main] o.h.b.r.c.i.ClassLoaderServiceImpl       : HHH000194: Package not found or no package-info.java: com.pedidos.hw.model
2025-06-26T23:30:39.459-04:00 DEBUG 11948 --- [hw] [           main] o.h.b.model.internal.BasicValueBinder    : Starting `BasicValueBinder#fillSimpleValue` for id_detalle
2025-06-26T23:30:39.460-04:00 DEBUG 11948 --- [hw] [           main] o.h.b.model.internal.BasicValueBinder    : Starting `BasicValueBinder#fillSimpleValue` for cantidad
2025-06-26T23:30:39.460-04:00 DEBUG 11948 --- [hw] [           main] o.h.b.model.internal.BasicValueBinder    : Starting `BasicValueBinder#fillSimpleValue` for id_producto
2025-06-26T23:30:39.460-04:00 DEBUG 11948 --- [hw] [           main] o.h.b.model.internal.BasicValueBinder    : Starting `BasicValueBinder#fillSimpleValue` for id
2025-06-26T23:30:39.460-04:00 DEBUG 11948 --- [hw] [           main] o.h.b.model.internal.BasicValueBinder    : Starting `BasicValueBinder#fillSimpleValue` for estado
2025-06-26T23:30:39.460-04:00 DEBUG 11948 --- [hw] [           main] o.h.b.model.internal.BasicValueBinder    : Starting `BasicValueBinder#fillSimpleValue` for fecha_pedido
2025-06-26T23:30:39.460-04:00 DEBUG 11948 --- [hw] [           main] o.h.b.model.internal.BasicValueBinder    : Starting `BasicValueBinder#fillSimpleValue` for id_usuario
2025-06-26T23:30:39.465-04:00 DEBUG 11948 --- [hw] [           main] org.hibernate.mapping.PrimaryKey         : Forcing column [id_detalle] to be non-null as it is part of the primary key for table [detalle_pedido]
2025-06-26T23:30:39.465-04:00 DEBUG 11948 --- [hw] [           main] org.hibernate.mapping.PrimaryKey         : Forcing column [id] to be non-null as it is part of the primary key for table [pedido]
2025-06-26T23:30:39.466-04:00 DEBUG 11948 --- [hw] [           main] o.h.b.m.internal.CollectionSecondPass    : Second pass for collection: com.pedidos.hw.model.Pedido.detalles
2025-06-26T23:30:39.466-04:00 DEBUG 11948 --- [hw] [           main] o.h.b.model.internal.CollectionBinder    : Binding a OneToMany: com.pedidos.hw.model.Pedido.detalles through a foreign key
2025-06-26T23:30:39.467-04:00 DEBUG 11948 --- [hw] [           main] o.h.b.model.internal.CollectionBinder    : Mapping collection: com.pedidos.hw.model.Pedido.detalles -> detalle_pedido
2025-06-26T23:30:39.468-04:00 DEBUG 11948 --- [hw] [           main] o.h.boot.model.internal.TableBinder      : Retrieving property com.pedidos.hw.model.DetallePedido.pedido
2025-06-26T23:30:39.469-04:00 DEBUG 11948 --- [hw] [           main] o.h.b.m.internal.CollectionSecondPass    : Mapped collection key: id_pedido, one-to-many: com.pedidos.hw.model.DetallePedido
2025-06-26T23:30:39.525-04:00 DEBUG 11948 --- [hw] [           main] o.hibernate.internal.SessionFactoryImpl  : Building session factory
2025-06-26T23:30:39.557-04:00 DEBUG 11948 --- [hw] [           main] .h.s.i.SessionFactoryServiceRegistryImpl : EventListenerRegistry access via ServiceRegistry is deprecated.  Use `sessionFactory.getEventEngine().getListenerRegistry()` instead
2025-06-26T23:30:39.557-04:00 DEBUG 11948 --- [hw] [           main] o.hibernate.internal.SessionFactoryImpl  : Instantiating SessionFactory with settings: {hibernate.format_sql=true, java.specification.version=21, sun.cpu.isalist=amd64, hibernate.resource.beans.container=org.springframework.orm.hibernate5.SpringBeanContainer@4c438f66, hibernate.connection.handling_mode=DELAYED_ACQUISITION_AND_HOLD, sun.jnu.encoding=Cp1252, hibernate.dialect=org.hibernate.dialect.OracleDialect, hibernate.implicit_naming_strategy=org.springframework.boot.orm.jpa.hibernate.SpringImplicitNamingStrategy, java.class.path=c:\Users\colom\Documents\hw_local\pedidos-hw\target\test-classes;c:\Users\colom\Documents\hw_local\pedidos-hw\target\classes;C:\Users\colom\.m2\repository\com\h2database\h2\2.3.232\h2-2.3.232.jar;C:\Users\colom\.m2\repository\com\oracle\database\jdbc\ojdbc11\23.5.0.24.07\ojdbc11-23.5.0.24.07.jar;C:\Users\colom\.m2\repository\com\oracle\database\security\oraclepki\23.5.0.24.07\oraclepki-23.5.0.24.07.jar;C:\Users\colom\.m2\repository\com\oracle\database\security\osdt_cert\19.8.0.0\osdt_cert-19.8.0.0.jar;C:\Users\colom\.m2\repository\com\oracle\database\security\osdt_core\19.8.0.0\osdt_core-19.8.0.0.jar;C:\Users\colom\.m2\repository\org\apache\httpcomponents\client5\httpclient5\5.4.4\httpclient5-5.4.4.jar;C:\Users\colom\.m2\repository\org\apache\httpcomponents\core5\httpcore5\5.3.4\httpcore5-5.3.4.jar;C:\Users\colom\.m2\repository\org\apache\httpcomponents\core5\httpcore5-h2\5.3.4\httpcore5-h2-5.3.4.jar;C:\Users\colom\.m2\repository\org\slf4j\slf4j-api\2.0.17\slf4j-api-2.0.17.jar;C:\Users\colom\.m2\repository\org\projectlombok\lombok\1.18.38\lombok-1.18.38.jar;C:\Users\colom\.m2\repository\org\springdoc\springdoc-openapi-starter-webmvc-ui\2.8.5\springdoc-openapi-starter-webmvc-ui-2.8.5.jar;C:\Users\colom\.m2\repository\org\springdoc\springdoc-openapi-starter-webmvc-api\2.8.5\springdoc-openapi-starter-webmvc-api-2.8.5.jar;C:\Users\colom\.m2\repository\org\springdoc\springdoc-openapi-starter-common\2.8.5\springdoc-openapi-starter-common-2.8.5.jar;C:\Users\colom\.m2\repository\io\swagger\core\v3\swagger-core-jakarta\2.2.28\swagger-core-jakarta-2.2.28.jar;C:\Users\colom\.m2\repository\org\apache\commons\commons-lang3\3.17.0\commons-lang3-3.17.0.jar;C:\Users\colom\.m2\repository\io\swagger\core\v3\swagger-annotations-jakarta\2.2.28\swagger-annotations-jakarta-2.2.28.jar;C:\Users\colom\.m2\repository\io\swagger\core\v3\swagger-models-jakarta\2.2.28\swagger-models-jakarta-2.2.28.jar;C:\Users\colom\.m2\repository\jakarta\validation\jakarta.validation-api\3.0.2\jakarta.validation-api-3.0.2.jar;C:\Users\colom\.m2\repository\com\fasterxml\jackson\dataformat\jackson-dataformat-yaml\2.18.4\jackson-dataformat-yaml-2.18.4.jar;C:\Users\colom\.m2\repository\org\webjars\swagger-ui\5.18.3\swagger-ui-5.18.3.jar;C:\Users\colom\.m2\repository\org\webjars\webjars-locator-lite\1.0.1\webjars-locator-lite-1.0.1.jar;C:\Users\colom\.m2\repository\org\jspecify\jspecify\1.0.0\jspecify-1.0.0.jar;C:\Users\colom\.m2\repository\org\springframework\boot\spring-boot-starter-data-jdbc\3.4.7\spring-boot-starter-data-jdbc-3.4.7.jar;C:\Users\colom\.m2\repository\org\springframework\boot\spring-boot-starter-jdbc\3.4.7\spring-boot-starter-jdbc-3.4.7.jar;C:\Users\colom\.m2\repository\com\zaxxer\HikariCP\5.1.0\HikariCP-5.1.0.jar;C:\Users\colom\.m2\repository\org\springframework\spring-jdbc\6.2.8\spring-jdbc-6.2.8.jar;C:\Users\colom\.m2\repository\org\springframework\data\spring-data-jdbc\3.4.7\spring-data-jdbc-3.4.7.jar;C:\Users\colom\.m2\repository\org\springframework\data\spring-data-relational\3.4.7\spring-data-relational-3.4.7.jar;C:\Users\colom\.m2\repository\org\springframework\data\spring-data-commons\3.4.7\spring-data-commons-3.4.7.jar;C:\Users\colom\.m2\repository\org\springframework\spring-tx\6.2.8\spring-tx-6.2.8.jar;C:\Users\colom\.m2\repository\org\springframework\spring-context\6.2.8\spring-context-6.2.8.jar;C:\Users\colom\.m2\repository\org\springframework\spring-beans\6.2.8\spring-beans-6.2.8.jar;C:\Users\colom\.m2\repository\org\springframework\boot\spring-boot-starter-data-jpa\3.4.7\spring-boot-starter-data-jpa-3.4.7.jar;C:\Users\colom\.m2\repository\org\springframework\boot\spring-boot-starter\3.4.7\spring-boot-starter-3.4.7.jar;C:\Users\colom\.m2\repository\org\springframework\boot\spring-boot\3.4.7\spring-boot-3.4.7.jar;C:\Users\colom\.m2\repository\org\springframework\boot\spring-boot-autoconfigure\3.4.7\spring-boot-autoconfigure-3.4.7.jar;C:\Users\colom\.m2\repository\org\springframework\boot\spring-boot-starter-logging\3.4.7\spring-boot-starter-logging-3.4.7.jar;C:\Users\colom\.m2\repository\ch\qos\logback\logback-classic\1.5.18\logback-classic-1.5.18.jar;C:\Users\colom\.m2\repository\ch\qos\logback\logback-core\1.5.18\logback-core-1.5.18.jar;C:\Users\colom\.m2\repository\org\apache\logging\log4j\log4j-to-slf4j\2.24.3\log4j-to-slf4j-2.24.3.jar;C:\Users\colom\.m2\repository\org\apache\logging\log4j\log4j-api\2.24.3\log4j-api-2.24.3.jar;C:\Users\colom\.m2\repository\org\slf4j\jul-to-slf4j\2.0.17\jul-to-slf4j-2.0.17.jar;C:\Users\colom\.m2\repository\jakarta\annotation\jakarta.annotation-api\2.1.1\jakarta.annotation-api-2.1.1.jar;C:\Users\colom\.m2\repository\org\yaml\snakeyaml\2.3\snakeyaml-2.3.jar;C:\Users\colom\.m2\repository\org\hibernate\orm\hibernate-core\6.6.18.Final\hibernate-core-6.6.18.Final.jar;C:\Users\colom\.m2\repository\jakarta\persistence\jakarta.persistence-api\3.1.0\jakarta.persistence-api-3.1.0.jar;C:\Users\colom\.m2\repository\jakarta\transaction\jakarta.transaction-api\2.0.1\jakarta.transaction-api-2.0.1.jar;C:\Users\colom\.m2\repository\org\jboss\logging\jboss-logging\3.6.1.Final\jboss-logging-3.6.1.Final.jar;C:\Users\colom\.m2\repository\org\hibernate\common\hibernate-commons-annotations\7.0.3.Final\hibernate-commons-annotations-7.0.3.Final.jar;C:\Users\colom\.m2\repository\io\smallrye\jandex\3.2.0\jandex-3.2.0.jar;C:\Users\colom\.m2\repository\com\fasterxml\classmate\1.7.0\classmate-1.7.0.jar;C:\Users\colom\.m2\repository\net\bytebuddy\byte-buddy\1.15.11\byte-buddy-1.15.11.jar;C:\Users\colom\.m2\repository\org\glassfish\jaxb\jaxb-runtime\4.0.5\jaxb-runtime-4.0.5.jar;C:\Users\colom\.m2\repository\org\glassfish\jaxb\jaxb-core\4.0.5\jaxb-core-4.0.5.jar;C:\Users\colom\.m2\repository\org\eclipse\angus\angus-activation\2.0.2\angus-activation-2.0.2.jar;C:\Users\colom\.m2\repository\org\glassfish\jaxb\txw2\4.0.5\txw2-4.0.5.jar;C:\Users\colom\.m2\repository\com\sun\istack\istack-commons-runtime\4.1.2\istack-commons-runtime-4.1.2.jar;C:\Users\colom\.m2\repository\jakarta\inject\jakarta.inject-api\2.0.1\jakarta.inject-api-2.0.1.jar;C:\Users\colom\.m2\repository\org\antlr\antlr4-runtime\4.13.0\antlr4-runtime-4.13.0.jar;C:\Users\colom\.m2\repository\org\springframework\data\spring-data-jpa\3.4.7\spring-data-jpa-3.4.7.jar;C:\Users\colom\.m2\repository\org\springframework\spring-orm\6.2.8\spring-orm-6.2.8.jar;C:\Users\colom\.m2\repository\org\springframework\spring-aop\6.2.8\spring-aop-6.2.8.jar;C:\Users\colom\.m2\repository\org\springframework\spring-aspects\6.2.8\spring-aspects-6.2.8.jar;C:\Users\colom\.m2\repository\org\aspectj\aspectjweaver\1.9.24\aspectjweaver-1.9.24.jar;C:\Users\colom\.m2\repository\org\springframework\boot\spring-boot-starter-hateoas\3.4.7\spring-boot-starter-hateoas-3.4.7.jar;C:\Users\colom\.m2\repository\org\springframework\hateoas\spring-hateoas\2.4.1\spring-hateoas-2.4.1.jar;C:\Users\colom\.m2\repository\org\springframework\plugin\spring-plugin-core\3.0.0\spring-plugin-core-3.0.0.jar;C:\Users\colom\.m2\repository\org\springframework\boot\spring-boot-starter-test\3.3.2\spring-boot-starter-test-3.3.2.jar;C:\Users\colom\.m2\repository\org\springframework\boot\spring-boot-test\3.4.7\spring-boot-test-3.4.7.jar;C:\Users\colom\.m2\repository\org\springframework\boot\spring-boot-test-autoconfigure\3.4.7\spring-boot-test-autoconfigure-3.4.7.jar;C:\Users\colom\.m2\repository\com\jayway\jsonpath\json-path\2.9.0\json-path-2.9.0.jar;C:\Users\colom\.m2\repository\jakarta\xml\bind\jakarta.xml.bind-api\4.0.2\jakarta.xml.bind-api-4.0.2.jar;C:\Users\colom\.m2\repository\jakarta\activation\jakarta.activation-api\2.1.3\jakarta.activation-api-2.1.3.jar;C:\Users\colom\.m2\repository\net\minidev\json-smart\2.5.2\json-smart-2.5.2.jar;C:\Users\colom\.m2\repository\net\minidev\accessors-smart\2.5.2\accessors-smart-2.5.2.jar;C:\Users\colom\.m2\repository\org\ow2\asm\asm\9.7.1\asm-9.7.1.jar;C:\Users\colom\.m2\repository\org\assertj\assertj-core\3.26.3\assertj-core-3.26.3.jar;C:\Users\colom\.m2\repository\org\awaitility\awaitility\4.2.2\awaitility-4.2.2.jar;C:\Users\colom\.m2\repository\org\hamcrest\hamcrest\2.2\hamcrest-2.2.jar;C:\Users\colom\.m2\repository\org\junit\jupiter\junit-jupiter\5.11.4\junit-jupiter-5.11.4.jar;C:\Users\colom\.m2\repository\org\junit\jupiter\junit-jupiter-api\5.11.4\junit-jupiter-api-5.11.4.jar;C:\Users\colom\.m2\repository\org\opentest4j\opentest4j\1.3.0\opentest4j-1.3.0.jar;C:\Users\colom\.m2\repository\org\junit\platform\junit-platform-commons\1.11.4\junit-platform-commons-1.11.4.jar;C:\Users\colom\.m2\repository\org\apiguardian\apiguardian-api\1.1.2\apiguardian-api-1.1.2.jar;C:\Users\colom\.m2\repository\org\junit\jupiter\junit-jupiter-params\5.11.4\junit-jupiter-params-5.11.4.jar;C:\Users\colom\.m2\repository\org\junit\jupiter\junit-jupiter-engine\5.11.4\junit-jupiter-engine-5.11.4.jar;C:\Users\colom\.m2\repository\org\junit\platform\junit-platform-engine\1.11.4\junit-platform-engine-1.11.4.jar;C:\Users\colom\.m2\repository\org\mockito\mockito-core\5.14.2\mockito-core-5.14.2.jar;C:\Users\colom\.m2\repository\net\bytebuddy\byte-buddy-agent\1.15.11\byte-buddy-agent-1.15.11.jar;C:\Users\colom\.m2\repository\org\objenesis\objenesis\3.3\objenesis-3.3.jar;C:\Users\colom\.m2\repository\org\mockito\mockito-junit-jupiter\5.14.2\mockito-junit-jupiter-5.14.2.jar;C:\Users\colom\.m2\repository\org\skyscreamer\jsonassert\1.5.3\jsonassert-1.5.3.jar;C:\Users\colom\.m2\repository\com\vaadin\external\google\android-json\0.0.20131108.vaadin1\android-json-0.0.20131108.vaadin1.jar;C:\Users\colom\.m2\repository\org\springframework\spring-core\6.2.8\spring-core-6.2.8.jar;C:\Users\colom\.m2\repository\org\springframework\spring-jcl\6.2.8\spring-jcl-6.2.8.jar;C:\Users\colom\.m2\repository\org\springframework\spring-test\6.2.8\spring-test-6.2.8.jar;C:\Users\colom\.m2\repository\org\xmlunit\xmlunit-core\2.10.2\xmlunit-core-2.10.2.jar;C:\Users\colom\.m2\repository\org\springframework\boot\spring-boot-starter-web\3.4.7\spring-boot-starter-web-3.4.7.jar;C:\Users\colom\.m2\repository\org\springframework\boot\spring-boot-starter-json\3.4.7\spring-boot-starter-json-3.4.7.jar;C:\Users\colom\.m2\repository\com\fasterxml\jackson\core\jackson-databind\2.18.4\jackson-databind-2.18.4.jar;C:\Users\colom\.m2\repository\com\fasterxml\jackson\core\jackson-annotations\2.18.4\jackson-annotations-2.18.4.jar;C:\Users\colom\.m2\repository\com\fasterxml\jackson\core\jackson-core\2.18.4.1\jackson-core-2.18.4.1.jar;C:\Users\colom\.m2\repository\com\fasterxml\jackson\datatype\jackson-datatype-jdk8\2.18.4\jackson-datatype-jdk8-2.18.4.jar;C:\Users\colom\.m2\repository\com\fasterxml\jackson\datatype\jackson-datatype-jsr310\2.18.4\jackson-datatype-jsr310-2.18.4.jar;C:\Users\colom\.m2\repository\com\fasterxml\jackson\module\jackson-module-parameter-names\2.18.4\jackson-module-parameter-names-2.18.4.jar;C:\Users\colom\.m2\repository\org\springframework\boot\spring-boot-starter-tomcat\3.4.7\spring-boot-starter-tomcat-3.4.7.jar;C:\Users\colom\.m2\repository\org\apache\tomcat\embed\tomcat-embed-core\10.1.42\tomcat-embed-core-10.1.42.jar;C:\Users\colom\.m2\repository\org\apache\tomcat\embed\tomcat-embed-el\10.1.42\tomcat-embed-el-10.1.42.jar;C:\Users\colom\.m2\repository\org\apache\tomcat\embed\tomcat-embed-websocket\10.1.42\tomcat-embed-websocket-10.1.42.jar;C:\Users\colom\.m2\repository\org\springframework\spring-web\6.2.8\spring-web-6.2.8.jar;C:\Users\colom\.m2\repository\io\micrometer\micrometer-observation\1.14.8\micrometer-observation-1.14.8.jar;C:\Users\colom\.m2\repository\io\micrometer\micrometer-commons\1.14.8\micrometer-commons-1.14.8.jar;C:\Users\colom\.m2\repository\org\springframework\spring-webmvc\6.2.8\spring-webmvc-6.2.8.jar;C:\Users\colom\.m2\repository\org\springframework\spring-expression\6.2.8\spring-expression-6.2.8.jar;C:\Users\colom\.m2\repository\org\springframework\cloud\spring-cloud-starter-openfeign\4.2.0\spring-cloud-starter-openfeign-4.2.0.jar;C:\Users\colom\.m2\repository\org\springframework\cloud\spring-cloud-starter\4.2.0\spring-cloud-starter-4.2.0.jar;C:\Users\colom\.m2\repository\org\springframework\cloud\spring-cloud-context\4.2.0\spring-cloud-context-4.2.0.jar;C:\Users\colom\.m2\repository\org\bouncycastle\bcprov-jdk18on\1.78.1\bcprov-jdk18on-1.78.1.jar;C:\Users\colom\.m2\repository\org\springframework\cloud\spring-cloud-openfeign-core\4.2.0\spring-cloud-openfeign-core-4.2.0.jar;C:\Users\colom\.m2\repository\io\github\openfeign\feign-form-spring\13.5\feign-form-spring-13.5.jar;C:\Users\colom\.m2\repository\io\github\openfeign\feign-form\13.5\feign-form-13.5.jar;C:\Users\colom\.m2\repository\commons-fileupload\commons-fileupload\1.5\commons-fileupload-1.5.jar;C:\Users\colom\.m2\repository\commons-io\commons-io\2.11.0\commons-io-2.11.0.jar;C:\Users\colom\.m2\repository\org\springframework\cloud\spring-cloud-commons\4.2.0\spring-cloud-commons-4.2.0.jar;C:\Users\colom\.m2\repository\org\springframework\security\spring-security-crypto\6.4.7\spring-security-crypto-6.4.7.jar;C:\Users\colom\.m2\repository\io\github\openfeign\feign-core\13.5\feign-core-13.5.jar;C:\Users\colom\.m2\repository\io\github\openfeign\feign-slf4j\13.5\feign-slf4j-13.5.jar;, java.vm.vendor=Oracle Corporation, sun.arch.data.model=64, user.variant=, java.vendor.url=https://java.oracle.com/, user.timezone=America/Santiago, jakarta.persistence.sharedCache.mode=UNSPECIFIED, org.jboss.logging.provider=slf4j, java.vm.specification.version=21, os.name=Windows 10, APPLICATION_NAME=hw, jakarta.persistence.nonJtaDataSource=HikariDataSource (HikariPool-1), sun.java.launcher=SUN_STANDARD, user.country=ES, sun.boot.library.path=C:\Program Files\Java\jdk-21\bin, sun.java.command=C:\Users\colom\AppData\Local\Temp\surefire6246770088341187794\surefirebooter-20250626233035186_3.jar C:\Users\colom\AppData\Local\Temp\surefire6246770088341187794 2025-06-26T23-30-35_097-jvmRun1 surefire-20250626233035186_1tmp surefire_0-20250626233035186_2tmp, javax.persistence.nonJtaDataSource=HikariDataSource (HikariPool-1), hibernate.transaction.jta.platform=org.hibernate.engine.transaction.jta.platform.internal.NoJtaPlatform@13087c75, jdk.debug=release, surefire.test.class.path=c:\Users\colom\Documents\hw_local\pedidos-hw\target\test-classes;c:\Users\colom\Documents\hw_local\pedidos-hw\target\classes;C:\Users\colom\.m2\repository\com\h2database\h2\2.3.232\h2-2.3.232.jar;C:\Users\colom\.m2\repository\com\oracle\database\jdbc\ojdbc11\23.5.0.24.07\ojdbc11-23.5.0.24.07.jar;C:\Users\colom\.m2\repository\com\oracle\database\security\oraclepki\23.5.0.24.07\oraclepki-23.5.0.24.07.jar;C:\Users\colom\.m2\repository\com\oracle\database\security\osdt_cert\19.8.0.0\osdt_cert-19.8.0.0.jar;C:\Users\colom\.m2\repository\com\oracle\database\security\osdt_core\19.8.0.0\osdt_core-19.8.0.0.jar;C:\Users\colom\.m2\repository\org\apache\httpcomponents\client5\httpclient5\5.4.4\httpclient5-5.4.4.jar;C:\Users\colom\.m2\repository\org\apache\httpcomponents\core5\httpcore5\5.3.4\httpcore5-5.3.4.jar;C:\Users\colom\.m2\repository\org\apache\httpcomponents\core5\httpcore5-h2\5.3.4\httpcore5-h2-5.3.4.jar;C:\Users\colom\.m2\repository\org\slf4j\slf4j-api\2.0.17\slf4j-api-2.0.17.jar;C:\Users\colom\.m2\repository\org\projectlombok\lombok\1.18.38\lombok-1.18.38.jar;C:\Users\colom\.m2\repository\org\springdoc\springdoc-openapi-starter-webmvc-ui\2.8.5\springdoc-openapi-starter-webmvc-ui-2.8.5.jar;C:\Users\colom\.m2\repository\org\springdoc\springdoc-openapi-starter-webmvc-api\2.8.5\springdoc-openapi-starter-webmvc-api-2.8.5.jar;C:\Users\colom\.m2\repository\org\springdoc\springdoc-openapi-starter-common\2.8.5\springdoc-openapi-starter-common-2.8.5.jar;C:\Users\colom\.m2\repository\io\swagger\core\v3\swagger-core-jakarta\2.2.28\swagger-core-jakarta-2.2.28.jar;C:\Users\colom\.m2\repository\org\apache\commons\commons-lang3\3.17.0\commons-lang3-3.17.0.jar;C:\Users\colom\.m2\repository\io\swagger\core\v3\swagger-annotations-jakarta\2.2.28\swagger-annotations-jakarta-2.2.28.jar;C:\Users\colom\.m2\repository\io\swagger\core\v3\swagger-models-jakarta\2.2.28\swagger-models-jakarta-2.2.28.jar;C:\Users\colom\.m2\repository\jakarta\validation\jakarta.validation-api\3.0.2\jakarta.validation-api-3.0.2.jar;C:\Users\colom\.m2\repository\com\fasterxml\jackson\dataformat\jackson-dataformat-yaml\2.18.4\jackson-dataformat-yaml-2.18.4.jar;C:\Users\colom\.m2\repository\org\webjars\swagger-ui\5.18.3\swagger-ui-5.18.3.jar;C:\Users\colom\.m2\repository\org\webjars\webjars-locator-lite\1.0.1\webjars-locator-lite-1.0.1.jar;C:\Users\colom\.m2\repository\org\jspecify\jspecify\1.0.0\jspecify-1.0.0.jar;C:\Users\colom\.m2\repository\org\springframework\boot\spring-boot-starter-data-jdbc\3.4.7\spring-boot-starter-data-jdbc-3.4.7.jar;C:\Users\colom\.m2\repository\org\springframework\boot\spring-boot-starter-jdbc\3.4.7\spring-boot-starter-jdbc-3.4.7.jar;C:\Users\colom\.m2\repository\com\zaxxer\HikariCP\5.1.0\HikariCP-5.1.0.jar;C:\Users\colom\.m2\repository\org\springframework\spring-jdbc\6.2.8\spring-jdbc-6.2.8.jar;C:\Users\colom\.m2\repository\org\springframework\data\spring-data-jdbc\3.4.7\spring-data-jdbc-3.4.7.jar;C:\Users\colom\.m2\repository\org\springframework\data\spring-data-relational\3.4.7\spring-data-relational-3.4.7.jar;C:\Users\colom\.m2\repository\org\springframework\data\spring-data-commons\3.4.7\spring-data-commons-3.4.7.jar;C:\Users\colom\.m2\repository\org\springframework\spring-tx\6.2.8\spring-tx-6.2.8.jar;C:\Users\colom\.m2\repository\org\springframework\spring-context\6.2.8\spring-context-6.2.8.jar;C:\Users\colom\.m2\repository\org\springframework\spring-beans\6.2.8\spring-beans-6.2.8.jar;C:\Users\colom\.m2\repository\org\springframework\boot\spring-boot-starter-data-jpa\3.4.7\spring-boot-starter-data-jpa-3.4.7.jar;C:\Users\colom\.m2\repository\org\springframework\boot\spring-boot-starter\3.4.7\spring-boot-starter-3.4.7.jar;C:\Users\colom\.m2\repository\org\springframework\boot\spring-boot\3.4.7\spring-boot-3.4.7.jar;C:\Users\colom\.m2\repository\org\springframework\boot\spring-boot-autoconfigure\3.4.7\spring-boot-autoconfigure-3.4.7.jar;C:\Users\colom\.m2\repository\org\springframework\boot\spring-boot-starter-logging\3.4.7\spring-boot-starter-logging-3.4.7.jar;C:\Users\colom\.m2\repository\ch\qos\logback\logback-classic\1.5.18\logback-classic-1.5.18.jar;C:\Users\colom\.m2\repository\ch\qos\logback\logback-core\1.5.18\logback-core-1.5.18.jar;C:\Users\colom\.m2\repository\org\apache\logging\log4j\log4j-to-slf4j\2.24.3\log4j-to-slf4j-2.24.3.jar;C:\Users\colom\.m2\repository\org\apache\logging\log4j\log4j-api\2.24.3\log4j-api-2.24.3.jar;C:\Users\colom\.m2\repository\org\slf4j\jul-to-slf4j\2.0.17\jul-to-slf4j-2.0.17.jar;C:\Users\colom\.m2\repository\jakarta\annotation\jakarta.annotation-api\2.1.1\jakarta.annotation-api-2.1.1.jar;C:\Users\colom\.m2\repository\org\yaml\snakeyaml\2.3\snakeyaml-2.3.jar;C:\Users\colom\.m2\repository\org\hibernate\orm\hibernate-core\6.6.18.Final\hibernate-core-6.6.18.Final.jar;C:\Users\colom\.m2\repository\jakarta\persistence\jakarta.persistence-api\3.1.0\jakarta.persistence-api-3.1.0.jar;C:\Users\colom\.m2\repository\jakarta\transaction\jakarta.transaction-api\2.0.1\jakarta.transaction-api-2.0.1.jar;C:\Users\colom\.m2\repository\org\jboss\logging\jboss-logging\3.6.1.Final\jboss-logging-3.6.1.Final.jar;C:\Users\colom\.m2\repository\org\hibernate\common\hibernate-commons-annotations\7.0.3.Final\hibernate-commons-annotations-7.0.3.Final.jar;C:\Users\colom\.m2\repository\io\smallrye\jandex\3.2.0\jandex-3.2.0.jar;C:\Users\colom\.m2\repository\com\fasterxml\classmate\1.7.0\classmate-1.7.0.jar;C:\Users\colom\.m2\repository\net\bytebuddy\byte-buddy\1.15.11\byte-buddy-1.15.11.jar;C:\Users\colom\.m2\repository\org\glassfish\jaxb\jaxb-runtime\4.0.5\jaxb-runtime-4.0.5.jar;C:\Users\colom\.m2\repository\org\glassfish\jaxb\jaxb-core\4.0.5\jaxb-core-4.0.5.jar;C:\Users\colom\.m2\repository\org\eclipse\angus\angus-activation\2.0.2\angus-activation-2.0.2.jar;C:\Users\colom\.m2\repository\org\glassfish\jaxb\txw2\4.0.5\txw2-4.0.5.jar;C:\Users\colom\.m2\repository\com\sun\istack\istack-commons-runtime\4.1.2\istack-commons-runtime-4.1.2.jar;C:\Users\colom\.m2\repository\jakarta\inject\jakarta.inject-api\2.0.1\jakarta.inject-api-2.0.1.jar;C:\Users\colom\.m2\repository\org\antlr\antlr4-runtime\4.13.0\antlr4-runtime-4.13.0.jar;C:\Users\colom\.m2\repository\org\springframework\data\spring-data-jpa\3.4.7\spring-data-jpa-3.4.7.jar;C:\Users\colom\.m2\repository\org\springframework\spring-orm\6.2.8\spring-orm-6.2.8.jar;C:\Users\colom\.m2\repository\org\springframework\spring-aop\6.2.8\spring-aop-6.2.8.jar;C:\Users\colom\.m2\repository\org\springframework\spring-aspects\6.2.8\spring-aspects-6.2.8.jar;C:\Users\colom\.m2\repository\org\aspectj\aspectjweaver\1.9.24\aspectjweaver-1.9.24.jar;C:\Users\colom\.m2\repository\org\springframework\boot\spring-boot-starter-hateoas\3.4.7\spring-boot-starter-hateoas-3.4.7.jar;C:\Users\colom\.m2\repository\org\springframework\hateoas\spring-hateoas\2.4.1\spring-hateoas-2.4.1.jar;C:\Users\colom\.m2\repository\org\springframework\plugin\spring-plugin-core\3.0.0\spring-plugin-core-3.0.0.jar;C:\Users\colom\.m2\repository\org\springframework\boot\spring-boot-starter-test\3.3.2\spring-boot-starter-test-3.3.2.jar;C:\Users\colom\.m2\repository\org\springframework\boot\spring-boot-test\3.4.7\spring-boot-test-3.4.7.jar;C:\Users\colom\.m2\repository\org\springframework\boot\spring-boot-test-autoconfigure\3.4.7\spring-boot-test-autoconfigure-3.4.7.jar;C:\Users\colom\.m2\repository\com\jayway\jsonpath\json-path\2.9.0\json-path-2.9.0.jar;C:\Users\colom\.m2\repository\jakarta\xml\bind\jakarta.xml.bind-api\4.0.2\jakarta.xml.bind-api-4.0.2.jar;C:\Users\colom\.m2\repository\jakarta\activation\jakarta.activation-api\2.1.3\jakarta.activation-api-2.1.3.jar;C:\Users\colom\.m2\repository\net\minidev\json-smart\2.5.2\json-smart-2.5.2.jar;C:\Users\colom\.m2\repository\net\minidev\accessors-smart\2.5.2\accessors-smart-2.5.2.jar;C:\Users\colom\.m2\repository\org\ow2\asm\asm\9.7.1\asm-9.7.1.jar;C:\Users\colom\.m2\repository\org\assertj\assertj-core\3.26.3\assertj-core-3.26.3.jar;C:\Users\colom\.m2\repository\org\awaitility\awaitility\4.2.2\awaitility-4.2.2.jar;C:\Users\colom\.m2\repository\org\hamcrest\hamcrest\2.2\hamcrest-2.2.jar;C:\Users\colom\.m2\repository\org\junit\jupiter\junit-jupiter\5.11.4\junit-jupiter-5.11.4.jar;C:\Users\colom\.m2\repository\org\junit\jupiter\junit-jupiter-api\5.11.4\junit-jupiter-api-5.11.4.jar;C:\Users\colom\.m2\repository\org\opentest4j\opentest4j\1.3.0\opentest4j-1.3.0.jar;C:\Users\colom\.m2\repository\org\junit\platform\junit-platform-commons\1.11.4\junit-platform-commons-1.11.4.jar;C:\Users\colom\.m2\repository\org\apiguardian\apiguardian-api\1.1.2\apiguardian-api-1.1.2.jar;C:\Users\colom\.m2\repository\org\junit\jupiter\junit-jupiter-params\5.11.4\junit-jupiter-params-5.11.4.jar;C:\Users\colom\.m2\repository\org\junit\jupiter\junit-jupiter-engine\5.11.4\junit-jupiter-engine-5.11.4.jar;C:\Users\colom\.m2\repository\org\junit\platform\junit-platform-engine\1.11.4\junit-platform-engine-1.11.4.jar;C:\Users\colom\.m2\repository\org\mockito\mockito-core\5.14.2\mockito-core-5.14.2.jar;C:\Users\colom\.m2\repository\net\bytebuddy\byte-buddy-agent\1.15.11\byte-buddy-agent-1.15.11.jar;C:\Users\colom\.m2\repository\org\objenesis\objenesis\3.3\objenesis-3.3.jar;C:\Users\colom\.m2\repository\org\mockito\mockito-junit-jupiter\5.14.2\mockito-junit-jupiter-5.14.2.jar;C:\Users\colom\.m2\repository\org\skyscreamer\jsonassert\1.5.3\jsonassert-1.5.3.jar;C:\Users\colom\.m2\repository\com\vaadin\external\google\android-json\0.0.20131108.vaadin1\android-json-0.0.20131108.vaadin1.jar;C:\Users\colom\.m2\repository\org\springframework\spring-core\6.2.8\spring-core-6.2.8.jar;C:\Users\colom\.m2\repository\org\springframework\spring-jcl\6.2.8\spring-jcl-6.2.8.jar;C:\Users\colom\.m2\repository\org\springframework\spring-test\6.2.8\spring-test-6.2.8.jar;C:\Users\colom\.m2\repository\org\xmlunit\xmlunit-core\2.10.2\xmlunit-core-2.10.2.jar;C:\Users\colom\.m2\repository\org\springframework\boot\spring-boot-starter-web\3.4.7\spring-boot-starter-web-3.4.7.jar;C:\Users\colom\.m2\repository\org\springframework\boot\spring-boot-starter-json\3.4.7\spring-boot-starter-json-3.4.7.jar;C:\Users\colom\.m2\repository\com\fasterxml\jackson\core\jackson-databind\2.18.4\jackson-databind-2.18.4.jar;C:\Users\colom\.m2\repository\com\fasterxml\jackson\core\jackson-annotations\2.18.4\jackson-annotations-2.18.4.jar;C:\Users\colom\.m2\repository\com\fasterxml\jackson\core\jackson-core\2.18.4.1\jackson-core-2.18.4.1.jar;C:\Users\colom\.m2\repository\com\fasterxml\jackson\datatype\jackson-datatype-jdk8\2.18.4\jackson-datatype-jdk8-2.18.4.jar;C:\Users\colom\.m2\repository\com\fasterxml\jackson\datatype\jackson-datatype-jsr310\2.18.4\jackson-datatype-jsr310-2.18.4.jar;C:\Users\colom\.m2\repository\com\fasterxml\jackson\module\jackson-module-parameter-names\2.18.4\jackson-module-parameter-names-2.18.4.jar;C:\Users\colom\.m2\repository\org\springframework\boot\spring-boot-starter-tomcat\3.4.7\spring-boot-starter-tomcat-3.4.7.jar;C:\Users\colom\.m2\repository\org\apache\tomcat\embed\tomcat-embed-core\10.1.42\tomcat-embed-core-10.1.42.jar;C:\Users\colom\.m2\repository\org\apache\tomcat\embed\tomcat-embed-el\10.1.42\tomcat-embed-el-10.1.42.jar;C:\Users\colom\.m2\repository\org\apache\tomcat\embed\tomcat-embed-websocket\10.1.42\tomcat-embed-websocket-10.1.42.jar;C:\Users\colom\.m2\repository\org\springframework\spring-web\6.2.8\spring-web-6.2.8.jar;C:\Users\colom\.m2\repository\io\micrometer\micrometer-observation\1.14.8\micrometer-observation-1.14.8.jar;C:\Users\colom\.m2\repository\io\micrometer\micrometer-commons\1.14.8\micrometer-commons-1.14.8.jar;C:\Users\colom\.m2\repository\org\springframework\spring-webmvc\6.2.8\spring-webmvc-6.2.8.jar;C:\Users\colom\.m2\repository\org\springframework\spring-expression\6.2.8\spring-expression-6.2.8.jar;C:\Users\colom\.m2\repository\org\springframework\cloud\spring-cloud-starter-openfeign\4.2.0\spring-cloud-starter-openfeign-4.2.0.jar;C:\Users\colom\.m2\repository\org\springframework\cloud\spring-cloud-starter\4.2.0\spring-cloud-starter-4.2.0.jar;C:\Users\colom\.m2\repository\org\springframework\cloud\spring-cloud-context\4.2.0\spring-cloud-context-4.2.0.jar;C:\Users\colom\.m2\repository\org\bouncycastle\bcprov-jdk18on\1.78.1\bcprov-jdk18on-1.78.1.jar;C:\Users\colom\.m2\repository\org\springframework\cloud\spring-cloud-openfeign-core\4.2.0\spring-cloud-openfeign-core-4.2.0.jar;C:\Users\colom\.m2\repository\io\github\openfeign\feign-form-spring\13.5\feign-form-spring-13.5.jar;C:\Users\colom\.m2\repository\io\github\openfeign\feign-form\13.5\feign-form-13.5.jar;C:\Users\colom\.m2\repository\commons-fileupload\commons-fileupload\1.5\commons-fileupload-1.5.jar;C:\Users\colom\.m2\repository\commons-io\commons-io\2.11.0\commons-io-2.11.0.jar;C:\Users\colom\.m2\repository\org\springframework\cloud\spring-cloud-commons\4.2.0\spring-cloud-commons-4.2.0.jar;C:\Users\colom\.m2\repository\org\springframework\security\spring-security-crypto\6.4.7\spring-security-crypto-6.4.7.jar;C:\Users\colom\.m2\repository\io\github\openfeign\feign-core\13.5\feign-core-13.5.jar;C:\Users\colom\.m2\repository\io\github\openfeign\feign-slf4j\13.5\feign-slf4j-13.5.jar;, sun.cpu.endian=little, hibernate.cdi.extensions=true, user.home=C:\Users\colom, user.language=es, java.specification.vendor=Oracle Corporation, java.version.date=2024-10-15, java.home=C:\Program Files\Java\jdk-21, file.separator=\, basedir=c:\Users\colom\Documents\hw_local\pedidos-hw, java.vm.compressedOopsMode=Zero based, line.separator=
, hibernate.persistenceUnitName=default, java.vm.specification.vendor=Oracle Corporation, java.specification.name=Java Platform API Specification, FILE_LOG_CHARSET=UTF-8, hibernate.transaction.coordinator_class=class org.hibernate.resource.transaction.backend.jdbc.internal.JdbcResourceLocalTransactionCoordinatorBuilderImpl, java.awt.headless=true, surefire.real.class.path=C:\Users\colom\AppData\Local\Temp\surefire6246770088341187794\surefirebooter-20250626233035186_3.jar, jakarta.persistence.validation.mode=AUTO, hibernate.hbm2ddl.auto=update, user.script=, sun.management.compiler=HotSpot 64-Bit Tiered Compilers, java.runtime.version=21.0.5+9-LTS-239, user.name=colom, stdout.encoding=Cp1252, path.separator=;, os.version=10.0, java.runtime.name=Java(TM) SE Runtime Environment, file.encoding=UTF-8, java.vm.name=Java HotSpot(TM) 64-Bit Server VM, hibernate.show_sql=true, localRepository=C:\Users\colom\.m2\repository, java.vendor.url.bug=https://bugreport.java.com/bugreport/, java.io.tmpdir=C:\Users\colom\AppData\Local\Temp\, java.version=21.0.5, hibernate.physical_naming_strategy=org.hibernate.boot.model.naming.CamelCaseToUnderscoresNamingStrategy, user.dir=c:\Users\colom\Documents\hw_local\pedidos-hw, os.arch=amd64, java.vm.specification.name=Java Virtual Machine Specification, PID=11948, sun.os.patch.level=, CONSOLE_LOG_CHARSET=UTF-8, hibernate.boot.CfgXmlAccessService.key=org.hibernate.boot.registry.StandardServiceRegistryBuilder$1@da4c5cb, native.encoding=Cp1252, java.library.path=C:\Program Files\Java\jdk-21\bin;C:\Windows\Sun\Java\bin;C:\Windows\system32;C:\Windows;C:\Program Files\Common Files\Oracle\Java\javapath;C:\Windows\system32;C:\Windows;C:\Windows\System32\Wbem;C:\Windows\System32\WindowsPowerShell\v1.0\;C:\Windows\System32\OpenSSH\;C:\Program Files\Git\cmd;C:\Users\colom\AppData\Local\Microsoft\WindowsApps;C:\Users\colom\AppData\Local\Programs\Microsoft VS Code\bin;., stderr.encoding=Cp1252, java.vendor=Oracle Corporation, java.vm.info=mixed mode, sharing, java.vm.version=21.0.5+9-LTS-239, sun.io.unicode.encoding=UnicodeLittle, hibernate.archive.scanner=org.hibernate.boot.archive.scan.internal.DisabledScanner, hibernate.connection.datasource=HikariDataSource (HikariPool-1), java.class.version=65.0, LOGGED_APPLICATION_NAME=[hw] }
2025-06-26T23:30:39.561-04:00 DEBUG 11948 --- [hw] [           main] o.hibernate.internal.SessionFactoryImpl  : Session factory constructed with filter configurations : {}
2025-06-26T23:30:39.565-04:00 DEBUG 11948 --- [hw] [           main] o.h.b.beanvalidation.TypeSafeActivator   : Unable to acquire Bean Validation ValidatorFactory, skipping activation
2025-06-26T23:30:39.565-04:00 DEBUG 11948 --- [hw] [onnection adder] com.zaxxer.hikari.pool.HikariPool        : HikariPool-1 - Added connection oracle.jdbc.driver.T4CConnection@417d47ac
2025-06-26T23:30:39.596-04:00 DEBUG 11948 --- [hw] [onnection adder] com.zaxxer.hikari.pool.HikariPool        : HikariPool-1 - After adding stats (total=3, active=0, idle=3, waiting=0)
2025-06-26T23:30:39.597-04:00 DEBUG 11948 --- [hw] [           main] o.h.q.sqm.function.SqmFunctionRegistry   : Registered SqmFunctionTemplate [NamedSqmFunctionTemplate(max)] under max; prior registration was null
2025-06-26T23:30:39.597-04:00 DEBUG 11948 --- [hw] [           main] o.h.q.sqm.function.SqmFunctionRegistry   : Registered SqmFunctionTemplate [NamedSqmFunctionTemplate(min)] under min; prior registration was null
2025-06-26T23:30:39.598-04:00 DEBUG 11948 --- [hw] [           main] o.h.q.sqm.function.SqmFunctionRegistry   : Registered SqmFunctionTemplate [NamedSqmFunctionTemplate(sum)] under sum; prior registration was null
2025-06-26T23:30:39.598-04:00 DEBUG 11948 --- [hw] [           main] o.h.q.sqm.function.SqmFunctionRegistry   : Registered SqmFunctionTemplate [NamedSqmFunctionTemplate(avg)] under avg; prior registration was null
2025-06-26T23:30:39.600-04:00 DEBUG 11948 --- [hw] [           main] o.h.q.sqm.function.SqmFunctionRegistry   : Registered SqmFunctionTemplate [org.hibernate.dialect.function.CountFunction@58a9e64d] under count; prior registration was null
2025-06-26T23:30:39.600-04:00 DEBUG 11948 --- [hw] [           main] o.h.q.sqm.function.SqmFunctionRegistry   : Registered SqmFunctionTemplate [org.hibernate.dialect.function.EveryAnyEmulation@103033fe] under every; prior registration was null
2025-06-26T23:30:39.600-04:00 DEBUG 11948 --- [hw] [           main] o.h.q.sqm.function.SqmFunctionRegistry   : Registered SqmFunctionTemplate [org.hibernate.dialect.function.EveryAnyEmulation@25511895] under any; prior registration was null
2025-06-26T23:30:39.601-04:00 DEBUG 11948 --- [hw] [           main] o.h.q.sqm.function.SqmFunctionRegistry   : Registered SqmFunctionTemplate [NamedSqmFunctionTemplate(floor)] under floor; prior registration was null
2025-06-26T23:30:39.601-04:00 DEBUG 11948 --- [hw] [           main] o.h.q.sqm.function.SqmFunctionRegistry   : Registered SqmFunctionTemplate [NamedSqmFunctionTemplate(ceiling)] under ceiling; prior registration was null
2025-06-26T23:30:39.601-04:00 DEBUG 11948 --- [hw] [           main] o.h.q.sqm.function.SqmFunctionRegistry   : Registered SqmFunctionTemplate [NamedSqmFunctionTemplate(mod)] under mod; prior registration was null
2025-06-26T23:30:39.601-04:00 DEBUG 11948 --- [hw] [           main] o.h.q.sqm.function.SqmFunctionRegistry   : Registered SqmFunctionTemplate [NamedSqmFunctionTemplate(abs)] under abs; prior registration was null
2025-06-26T23:30:39.601-04:00 DEBUG 11948 --- [hw] [           main] o.h.q.sqm.function.SqmFunctionRegistry   : Registered SqmFunctionTemplate [NamedSqmFunctionTemplate(sign)] under sign; prior registration was null
2025-06-26T23:30:39.601-04:00 DEBUG 11948 --- [hw] [           main] o.h.q.sqm.function.SqmFunctionRegistry   : Registered SqmFunctionTemplate [NamedSqmFunctionTemplate(sqrt)] under sqrt; prior registration was null
2025-06-26T23:30:39.601-04:00 DEBUG 11948 --- [hw] [           main] o.h.q.sqm.function.SqmFunctionRegistry   : Registered SqmFunctionTemplate [NamedSqmFunctionTemplate(ln)] under ln; prior registration was null
2025-06-26T23:30:39.601-04:00 DEBUG 11948 --- [hw] [           main] o.h.q.sqm.function.SqmFunctionRegistry   : Registered SqmFunctionTemplate [NamedSqmFunctionTemplate(exp)] under exp; prior registration was null
2025-06-26T23:30:39.601-04:00 DEBUG 11948 --- [hw] [           main] o.h.q.sqm.function.SqmFunctionRegistry   : Registered SqmFunctionTemplate [NamedSqmFunctionTemplate(power)] under power; prior registration was null
2025-06-26T23:30:39.602-04:00 DEBUG 11948 --- [hw] [           main] o.h.q.sqm.function.SqmFunctionRegistry   : Registered SqmFunctionTemplate [NamedSqmFunctionTemplate(round)] under round; prior registration was null
2025-06-26T23:30:39.602-04:00 DEBUG 11948 --- [hw] [           main] o.h.q.sqm.function.SqmFunctionRegistry   : Registered SqmFunctionTemplate [NamedSqmFunctionTemplate(sin)] under sin; prior registration was null
2025-06-26T23:30:39.602-04:00 DEBUG 11948 --- [hw] [           main] o.h.q.sqm.function.SqmFunctionRegistry   : Registered SqmFunctionTemplate [NamedSqmFunctionTemplate(cos)] under cos; prior registration was null
2025-06-26T23:30:39.602-04:00 DEBUG 11948 --- [hw] [           main] o.h.q.sqm.function.SqmFunctionRegistry   : Registered SqmFunctionTemplate [NamedSqmFunctionTemplate(tan)] under tan; prior registration was null
2025-06-26T23:30:39.602-04:00 DEBUG 11948 --- [hw] [           main] o.h.q.sqm.function.SqmFunctionRegistry   : Registered SqmFunctionTemplate [NamedSqmFunctionTemplate(asin)] under asin; prior registration was null
2025-06-26T23:30:39.602-04:00 DEBUG 11948 --- [hw] [           main] o.h.q.sqm.function.SqmFunctionRegistry   : Registered SqmFunctionTemplate [NamedSqmFunctionTemplate(acos)] under acos; prior registration was null
2025-06-26T23:30:39.602-04:00 DEBUG 11948 --- [hw] [           main] o.h.q.sqm.function.SqmFunctionRegistry   : Registered SqmFunctionTemplate [NamedSqmFunctionTemplate(atan)] under atan; prior registration was null
2025-06-26T23:30:39.602-04:00 DEBUG 11948 --- [hw] [           main] o.h.q.sqm.function.SqmFunctionRegistry   : Registered SqmFunctionTemplate [NamedSqmFunctionTemplate(atan2)] under atan2; prior registration was null
2025-06-26T23:30:39.604-04:00 DEBUG 11948 --- [hw] [           main] o.h.q.sqm.function.SqmFunctionRegistry   : Registered SqmFunctionTemplate [org.hibernate.query.sqm.function.PatternBasedSqmFunctionDescriptor@5749e633] under sinh; prior registration was null
2025-06-26T23:30:39.604-04:00 DEBUG 11948 --- [hw] [           main] o.h.q.sqm.function.SqmFunctionRegistry   : Registered SqmFunctionTemplate [org.hibernate.query.sqm.function.PatternBasedSqmFunctionDescriptor@35c3d6e8] under cosh; prior registration was null
2025-06-26T23:30:39.604-04:00 DEBUG 11948 --- [hw] [           main] o.h.q.sqm.function.SqmFunctionRegistry   : Registered SqmFunctionTemplate [org.hibernate.query.sqm.function.PatternBasedSqmFunctionDescriptor@6ca97ddf] under tanh; prior registration was null
2025-06-26T23:30:39.604-04:00 DEBUG 11948 --- [hw] [           main] o.h.q.sqm.function.SqmFunctionRegistry   : Registered SqmFunctionTemplate [org.hibernate.query.sqm.function.PatternBasedSqmFunctionDescriptor@4d10f182] under pi; prior registration was null
2025-06-26T23:30:39.604-04:00 DEBUG 11948 --- [hw] [           main] o.h.q.sqm.function.SqmFunctionRegistry   : Registered SqmFunctionTemplate [org.hibernate.query.sqm.function.PatternBasedSqmFunctionDescriptor@5570ee6d] under log; prior registration was null
2025-06-26T23:30:39.605-04:00 DEBUG 11948 --- [hw] [           main] o.h.q.sqm.function.SqmFunctionRegistry   : Registered SqmFunctionTemplate [NamedSqmFunctionTemplate(coalesce)] under coalesce; prior registration was null
2025-06-26T23:30:39.605-04:00 DEBUG 11948 --- [hw] [           main] o.h.q.sqm.function.SqmFunctionRegistry   : Registered SqmFunctionTemplate [NamedSqmFunctionTemplate(nullif)] under nullif; prior registration was null
2025-06-26T23:30:39.605-04:00 DEBUG 11948 --- [hw] [           main] o.h.q.sqm.function.SqmFunctionRegistry   : Registered SqmFunctionTemplate [NamedSqmFunctionTemplate(left)] under left; prior registration was null
2025-06-26T23:30:39.605-04:00 DEBUG 11948 --- [hw] [           main] o.h.q.sqm.function.SqmFunctionRegistry   : Registered SqmFunctionTemplate [NamedSqmFunctionTemplate(right)] under right; prior registration was null
2025-06-26T23:30:39.605-04:00 DEBUG 11948 --- [hw] [           main] o.h.q.sqm.function.SqmFunctionRegistry   : Registered SqmFunctionTemplate [NamedSqmFunctionTemplate(replace)] under replace; prior registration was null
2025-06-26T23:30:39.605-04:00 DEBUG 11948 --- [hw] [           main] o.h.q.sqm.function.SqmFunctionRegistry   : Registered SqmFunctionTemplate [NamedSqmFunctionTemplate(concat)] under concat; prior registration was null
2025-06-26T23:30:39.605-04:00 DEBUG 11948 --- [hw] [           main] o.h.q.sqm.function.SqmFunctionRegistry   : Registered SqmFunctionTemplate [NamedSqmFunctionTemplate(lower)] under lower; prior registration was null
2025-06-26T23:30:39.605-04:00 DEBUG 11948 --- [hw] [           main] o.h.q.sqm.function.SqmFunctionRegistry   : Registered SqmFunctionTemplate [NamedSqmFunctionTemplate(upper)] under upper; prior registration was null
2025-06-26T23:30:39.606-04:00 DEBUG 11948 --- [hw] [           main] o.h.q.sqm.function.SqmFunctionRegistry   : Registered SqmFunctionTemplate [NamedSqmFunctionTemplate(substring)] under substring; prior registration was null
2025-06-26T23:30:39.606-04:00 DEBUG 11948 --- [hw] [           main] o.h.q.sqm.function.SqmFunctionRegistry   : Registered SqmFunctionTemplate [NamedSqmFunctionTemplate(locate)] under locate; prior registration was null
2025-06-26T23:30:39.606-04:00 DEBUG 11948 --- [hw] [           main] o.h.q.sqm.function.SqmFunctionRegistry   : Registered SqmFunctionTemplate [NamedSqmFunctionTemplate(character_length)] under character_length; prior registration was null
2025-06-26T23:30:39.606-04:00 DEBUG 11948 --- [hw] [           main] o.h.q.sqm.function.SqmFunctionRegistry   : Registering alternate key : length -> character_length
2025-06-26T23:30:39.607-04:00 DEBUG 11948 --- [hw] [           main] o.h.q.sqm.function.SqmFunctionRegistry   : Registered SqmFunctionTemplate [org.hibernate.dialect.function.LocatePositionEmulation@17e66aed] under position; prior registration was null
2025-06-26T23:30:39.608-04:00 DEBUG 11948 --- [hw] [           main] o.h.q.sqm.function.SqmFunctionRegistry   : Registered SqmFunctionTemplate [org.hibernate.dialect.function.InsertSubstringOverlayEmulation@9ba167e] under overlay; prior registration was null
2025-06-26T23:30:39.608-04:00 DEBUG 11948 --- [hw] [           main] o.h.q.sqm.function.SqmFunctionRegistry   : Registered SqmFunctionTemplate [org.hibernate.dialect.function.TrimFunction@315365ef] under trim; prior registration was null
2025-06-26T23:30:39.609-04:00 DEBUG 11948 --- [hw] [           main] o.h.q.sqm.function.SqmFunctionRegistry   : Registered SqmFunctionTemplate [org.hibernate.dialect.function.CastFunction@4844e24b] under cast; prior registration was null
2025-06-26T23:30:39.609-04:00 DEBUG 11948 --- [hw] [           main] o.h.q.sqm.function.SqmFunctionRegistry   : Registered SqmFunctionTemplate [org.hibernate.query.sqm.function.PatternBasedSqmFunctionDescriptor@2571bdf4] under collate; prior registration was null
2025-06-26T23:30:39.610-04:00 DEBUG 11948 --- [hw] [           main] o.h.q.sqm.function.SqmFunctionRegistry   : Registered SqmFunctionTemplate [org.hibernate.dialect.function.ExtractFunction@395115ac] under extract; prior registration was null
2025-06-26T23:30:39.610-04:00 DEBUG 11948 --- [hw] [           main] o.h.q.sqm.function.SqmFunctionRegistry   : Registered SqmFunctionTemplate [NamedSqmFunctionTemplate(least)] under least; prior registration was null
2025-06-26T23:30:39.610-04:00 DEBUG 11948 --- [hw] [           main] o.h.q.sqm.function.SqmFunctionRegistry   : Registered SqmFunctionTemplate [NamedSqmFunctionTemplate(greatest)] under greatest; prior registration was null
2025-06-26T23:30:39.610-04:00 DEBUG 11948 --- [hw] [           main] o.h.q.sqm.function.SqmFunctionRegistry   : Registered SqmFunctionTemplate [org.hibernate.dialect.function.CoalesceIfnullEmulation@278cbf5a] under ifnull; prior registration was null
2025-06-26T23:30:39.610-04:00 DEBUG 11948 --- [hw] [           main] o.h.q.sqm.function.SqmFunctionRegistry   : Registered SqmFunctionTemplate [NamedSqmFunctionTemplate(lpad)] under lpad; prior registration was null
2025-06-26T23:30:39.610-04:00 DEBUG 11948 --- [hw] [           main] o.h.q.sqm.function.SqmFunctionRegistry   : Registered SqmFunctionTemplate [NamedSqmFunctionTemplate(rpad)] under rpad; prior registration was null
2025-06-26T23:30:39.611-04:00 DEBUG 11948 --- [hw] [           main] o.h.q.sqm.function.SqmFunctionRegistry   : Registered SqmFunctionTemplate [org.hibernate.dialect.function.LpadRpadPadEmulation@3f030217] under pad; prior registration was null
2025-06-26T23:30:39.611-04:00 DEBUG 11948 --- [hw] [           main] o.h.q.sqm.function.SqmFunctionRegistry   : Registered SqmFunctionTemplate [org.hibernate.dialect.function.CastStrEmulation@73e63b4d] under str; prior registration was null
2025-06-26T23:30:39.613-04:00 DEBUG 11948 --- [hw] [           main] o.h.q.sqm.function.SqmFunctionRegistry   : Registered SqmFunctionTemplate [org.hibernate.dialect.function.FormatFunction@5d8112e6] under format; prior registration was null
2025-06-26T23:30:39.614-04:00 DEBUG 11948 --- [hw] [           main] o.h.q.sqm.function.SqmFunctionRegistry   : Registered SqmFunctionTemplate [org.hibernate.dialect.function.TimestampaddFunction@3d0f4ac4] under timestampadd; prior registration was null
2025-06-26T23:30:39.616-04:00 DEBUG 11948 --- [hw] [           main] o.h.q.sqm.function.SqmFunctionRegistry   : Registered SqmFunctionTemplate [org.hibernate.dialect.function.TimestampdiffFunction@3d9cba2] under timestampdiff; prior registration was null
2025-06-26T23:30:39.616-04:00 DEBUG 11948 --- [hw] [           main] o.h.q.sqm.function.SqmFunctionRegistry   : Registering alternate key : dateadd -> timestampadd
2025-06-26T23:30:39.616-04:00 DEBUG 11948 --- [hw] [           main] o.h.q.sqm.function.SqmFunctionRegistry   : Registering alternate key : datediff -> timestampdiff
2025-06-26T23:30:39.616-04:00 DEBUG 11948 --- [hw] [           main] o.h.q.sqm.function.SqmFunctionRegistry   : Registered SqmFunctionTemplate [org.hibernate.dialect.function.CurrentFunction@170f0fd6] under current_date; prior registration was null
2025-06-26T23:30:39.616-04:00 DEBUG 11948 --- [hw] [           main] o.h.q.sqm.function.SqmFunctionRegistry   : Registered SqmFunctionTemplate [org.hibernate.dialect.function.CurrentFunction@48d24d63] under current_time; prior registration was null
2025-06-26T23:30:39.616-04:00 DEBUG 11948 --- [hw] [           main] o.h.q.sqm.function.SqmFunctionRegistry   : Registered SqmFunctionTemplate [org.hibernate.dialect.function.CurrentFunction@695c8b32] under current_timestamp; prior registration was null
2025-06-26T23:30:39.616-04:00 DEBUG 11948 --- [hw] [           main] o.h.q.sqm.function.SqmFunctionRegistry   : Registering alternate key : current date -> current_date
2025-06-26T23:30:39.616-04:00 DEBUG 11948 --- [hw] [           main] o.h.q.sqm.function.SqmFunctionRegistry   : Registering alternate key : current time -> current_time
2025-06-26T23:30:39.616-04:00 DEBUG 11948 --- [hw] [           main] o.h.q.sqm.function.SqmFunctionRegistry   : Registering alternate key : current timestamp -> current_timestamp
2025-06-26T23:30:39.616-04:00 DEBUG 11948 --- [hw] [           main] o.h.q.sqm.function.SqmFunctionRegistry   : Registered SqmFunctionTemplate [org.hibernate.dialect.function.CurrentFunction@1adec8d] under local_date; prior registration was null
2025-06-26T23:30:39.616-04:00 DEBUG 11948 --- [hw] [           main] o.h.q.sqm.function.SqmFunctionRegistry   : Registered SqmFunctionTemplate [org.hibernate.dialect.function.CurrentFunction@6eb332d1] under local_time; prior registration was null
2025-06-26T23:30:39.616-04:00 DEBUG 11948 --- [hw] [           main] o.h.q.sqm.function.SqmFunctionRegistry   : Registered SqmFunctionTemplate [org.hibernate.dialect.function.CurrentFunction@34d0c331] under local_datetime; prior registration was null
2025-06-26T23:30:39.616-04:00 DEBUG 11948 --- [hw] [           main] o.h.q.sqm.function.SqmFunctionRegistry   : Registered SqmFunctionTemplate [org.hibernate.dialect.function.CurrentFunction@3958db82] under offset_datetime; prior registration was null
2025-06-26T23:30:39.616-04:00 DEBUG 11948 --- [hw] [           main] o.h.q.sqm.function.SqmFunctionRegistry   : Registering alternate key : local date -> local_date
2025-06-26T23:30:39.616-04:00 DEBUG 11948 --- [hw] [           main] o.h.q.sqm.function.SqmFunctionRegistry   : Registering alternate key : local time -> local_time
2025-06-26T23:30:39.616-04:00 DEBUG 11948 --- [hw] [           main] o.h.q.sqm.function.SqmFunctionRegistry   : Registering alternate key : local datetime -> local_datetime
2025-06-26T23:30:39.616-04:00 DEBUG 11948 --- [hw] [           main] o.h.q.sqm.function.SqmFunctionRegistry   : Registering alternate key : offset datetime -> offset_datetime
2025-06-26T23:30:39.616-04:00 DEBUG 11948 --- [hw] [           main] o.h.q.sqm.function.SqmFunctionRegistry   : Registered SqmFunctionTemplate [org.hibernate.dialect.function.CurrentFunction@577f81a0] under instant; prior registration was null
2025-06-26T23:30:39.616-04:00 DEBUG 11948 --- [hw] [           main] o.h.q.sqm.function.SqmFunctionRegistry   : Registering alternate key : current_instant -> instant
2025-06-26T23:30:39.617-04:00 DEBUG 11948 --- [hw] [           main] o.h.q.sqm.function.SqmFunctionRegistry   : Registered SqmFunctionTemplate [org.hibernate.dialect.function.SqlFunction@467421cc] under sql; prior registration was null
2025-06-26T23:30:39.617-04:00 DEBUG 11948 --- [hw] [           main] o.h.q.sqm.function.SqmFunctionRegistry   : Registered SqmFunctionTemplate [NamedSqmFunctionTemplate(ascii)] under ascii; prior registration was null
2025-06-26T23:30:39.617-04:00 DEBUG 11948 --- [hw] [           main] o.h.q.sqm.function.SqmFunctionRegistry   : Registered SqmFunctionTemplate [NamedSqmFunctionTemplate(chr)] under chr; prior registration was null
2025-06-26T23:30:39.617-04:00 DEBUG 11948 --- [hw] [           main] o.h.q.sqm.function.SqmFunctionRegistry   : Registering alternate key : char -> chr
2025-06-26T23:30:39.617-04:00 DEBUG 11948 --- [hw] [           main] o.h.q.sqm.function.SqmFunctionRegistry   : Registered SqmFunctionTemplate [NamedSqmFunctionTemplate(cosh)] under cosh; prior registration was org.hibernate.query.sqm.function.PatternBasedSqmFunctionDescriptor@35c3d6e8
2025-06-26T23:30:39.617-04:00 DEBUG 11948 --- [hw] [           main] o.h.q.sqm.function.SqmFunctionRegistry   : Registered SqmFunctionTemplate [NamedSqmFunctionTemplate(sinh)] under sinh; prior registration was org.hibernate.query.sqm.function.PatternBasedSqmFunctionDescriptor@5749e633
2025-06-26T23:30:39.617-04:00 DEBUG 11948 --- [hw] [           main] o.h.q.sqm.function.SqmFunctionRegistry   : Registered SqmFunctionTemplate [NamedSqmFunctionTemplate(tanh)] under tanh; prior registration was org.hibernate.query.sqm.function.PatternBasedSqmFunctionDescriptor@6ca97ddf
2025-06-26T23:30:39.617-04:00 DEBUG 11948 --- [hw] [           main] o.h.q.sqm.function.SqmFunctionRegistry   : Registered SqmFunctionTemplate [NamedSqmFunctionTemplate(log)] under log; prior registration was org.hibernate.query.sqm.function.PatternBasedSqmFunctionDescriptor@5570ee6d
2025-06-26T23:30:39.617-04:00 DEBUG 11948 --- [hw] [           main] o.h.q.sqm.function.SqmFunctionRegistry   : Registered SqmFunctionTemplate [org.hibernate.query.sqm.function.PatternBasedSqmFunctionDescriptor@eb09112] under log10; prior registration was null
2025-06-26T23:30:39.617-04:00 DEBUG 11948 --- [hw] [           main] o.h.q.sqm.function.SqmFunctionRegistry   : Registered SqmFunctionTemplate [NamedSqmFunctionTemplate(soundex)] under soundex; prior registration was null
2025-06-26T23:30:39.617-04:00 DEBUG 11948 --- [hw] [           main] o.h.q.sqm.function.SqmFunctionRegistry   : Registered SqmFunctionTemplate [NamedSqmFunctionTemplate(ltrim)] under ltrim; prior registration was null
2025-06-26T23:30:39.617-04:00 DEBUG 11948 --- [hw] [           main] o.h.q.sqm.function.SqmFunctionRegistry   : Registered SqmFunctionTemplate [NamedSqmFunctionTemplate(rtrim)] under rtrim; prior registration was null
2025-06-26T23:30:39.617-04:00 DEBUG 11948 --- [hw] [           main] o.h.q.sqm.function.SqmFunctionRegistry   : Registered SqmFunctionTemplate [NamedSqmFunctionTemplate(initcap)] under initcap; prior registration was null
2025-06-26T23:30:39.617-04:00 DEBUG 11948 --- [hw] [           main] o.h.q.sqm.function.SqmFunctionRegistry   : Registered SqmFunctionTemplate [NamedSqmFunctionTemplate(instr)] under instr; prior registration was null
2025-06-26T23:30:39.617-04:00 DEBUG 11948 --- [hw] [           main] o.h.q.sqm.function.SqmFunctionRegistry   : Registered SqmFunctionTemplate [NamedSqmFunctionTemplate(substr)] under substr; prior registration was null
2025-06-26T23:30:39.617-04:00 DEBUG 11948 --- [hw] [           main] o.h.q.sqm.function.SqmFunctionRegistry   : Registered SqmFunctionTemplate [NamedSqmFunctionTemplate(substr)] under substring; prior registration was NamedSqmFunctionTemplate(substring)
2025-06-26T23:30:39.617-04:00 DEBUG 11948 --- [hw] [           main] o.h.q.sqm.function.SqmFunctionRegistry   : Registered SqmFunctionTemplate [org.hibernate.query.sqm.function.PatternBasedSqmFunctionDescriptor@28521ed5] under left; prior registration was NamedSqmFunctionTemplate(left)
2025-06-26T23:30:39.617-04:00 DEBUG 11948 --- [hw] [           main] o.h.q.sqm.function.SqmFunctionRegistry   : Registered SqmFunctionTemplate [org.hibernate.query.sqm.function.PatternBasedSqmFunctionDescriptor@2b06c388] under right; prior registration was NamedSqmFunctionTemplate(right)
2025-06-26T23:30:39.617-04:00 DEBUG 11948 --- [hw] [           main] o.h.q.sqm.function.SqmFunctionRegistry   : Registered SqmFunctionTemplate [NamedSqmFunctionTemplate(translate)] under translate; prior registration was null
2025-06-26T23:30:39.617-04:00 DEBUG 11948 --- [hw] [           main] o.h.q.sqm.function.SqmFunctionRegistry   : Registered SqmFunctionTemplate [NamedSqmFunctionTemplate(bitand)] under bitand; prior registration was null
2025-06-26T23:30:39.617-04:00 DEBUG 11948 --- [hw] [           main] o.h.q.sqm.function.SqmFunctionRegistry   : Registered SqmFunctionTemplate [NamedSqmFunctionTemplate(last_day)] under last_day; prior registration was null
2025-06-26T23:30:39.617-04:00 DEBUG 11948 --- [hw] [           main] o.h.q.sqm.function.SqmFunctionRegistry   : Registered SqmFunctionTemplate [NamedSqmFunctionTemplate(to_number)] under to_number; prior registration was null
2025-06-26T23:30:39.618-04:00 DEBUG 11948 --- [hw] [           main] o.h.q.sqm.function.SqmFunctionRegistry   : Registered SqmFunctionTemplate [NamedSqmFunctionTemplate(to_char)] under to_char; prior registration was null
2025-06-26T23:30:39.618-04:00 DEBUG 11948 --- [hw] [           main] o.h.q.sqm.function.SqmFunctionRegistry   : Registered SqmFunctionTemplate [NamedSqmFunctionTemplate(to_date)] under to_date; prior registration was null
2025-06-26T23:30:39.618-04:00 DEBUG 11948 --- [hw] [           main] o.h.q.sqm.function.SqmFunctionRegistry   : Registered SqmFunctionTemplate [NamedSqmFunctionTemplate(to_timestamp)] under to_timestamp; prior registration was null
2025-06-26T23:30:39.618-04:00 DEBUG 11948 --- [hw] [           main] o.h.q.sqm.function.SqmFunctionRegistry   : Registered SqmFunctionTemplate [NamedSqmFunctionTemplate(ceil)] under ceil; prior registration was null
2025-06-26T23:30:39.618-04:00 DEBUG 11948 --- [hw] [           main] o.h.q.sqm.function.SqmFunctionRegistry   : Registering alternate key : ceiling -> ceil
2025-06-26T23:30:39.618-04:00 DEBUG 11948 --- [hw] [           main] o.h.q.sqm.function.SqmFunctionRegistry   : Registered SqmFunctionTemplate [org.hibernate.query.sqm.function.PatternBasedSqmFunctionDescriptor@4c9bed65] under concat; prior registration was NamedSqmFunctionTemplate(concat)
2025-06-26T23:30:39.618-04:00 DEBUG 11948 --- [hw] [           main] o.h.q.sqm.function.SqmFunctionRegistry   : Registered SqmFunctionTemplate [NamedSqmFunctionTemplate(rowid)] under rowid; prior registration was null
2025-06-26T23:30:39.618-04:00 DEBUG 11948 --- [hw] [           main] o.h.q.sqm.function.SqmFunctionRegistry   : Registered SqmFunctionTemplate [NamedSqmFunctionTemplate(rownum)] under rownum; prior registration was null
2025-06-26T23:30:39.618-04:00 DEBUG 11948 --- [hw] [           main] o.h.q.sqm.function.SqmFunctionRegistry   : Registered SqmFunctionTemplate [NamedSqmFunctionTemplate(sysdate)] under sysdate; prior registration was null
2025-06-26T23:30:39.618-04:00 DEBUG 11948 --- [hw] [           main] o.h.q.sqm.function.SqmFunctionRegistry   : Registered SqmFunctionTemplate [NamedSqmFunctionTemplate(systimestamp)] under systimestamp; prior registration was null
2025-06-26T23:30:39.618-04:00 DEBUG 11948 --- [hw] [           main] o.h.q.sqm.function.SqmFunctionRegistry   : Registered SqmFunctionTemplate [NamedSqmFunctionTemplate(add_months)] under add_months; prior registration was null
2025-06-26T23:30:39.618-04:00 DEBUG 11948 --- [hw] [           main] o.h.q.sqm.function.SqmFunctionRegistry   : Registered SqmFunctionTemplate [NamedSqmFunctionTemplate(months_between)] under months_between; prior registration was null
2025-06-26T23:30:39.618-04:00 DEBUG 11948 --- [hw] [           main] o.h.q.sqm.function.SqmFunctionRegistry   : Registered SqmFunctionTemplate [org.hibernate.dialect.function.MinMaxCaseEveryAnyEmulation@70d16858] under every; prior registration was org.hibernate.dialect.function.EveryAnyEmulation@103033fe
2025-06-26T23:30:39.618-04:00 DEBUG 11948 --- [hw] [           main] o.h.q.sqm.function.SqmFunctionRegistry   : Registered SqmFunctionTemplate [org.hibernate.dialect.function.MinMaxCaseEveryAnyEmulation@789f5552] under any; prior registration was org.hibernate.dialect.function.EveryAnyEmulation@25511895
2025-06-26T23:30:39.618-04:00 DEBUG 11948 --- [hw] [           main] o.h.q.sqm.function.SqmFunctionRegistry   : Registered SqmFunctionTemplate [org.hibernate.query.sqm.function.PatternBasedSqmFunctionDescriptor@28c00acd] under repeat; prior registration was null
2025-06-26T23:30:39.618-04:00 DEBUG 11948 --- [hw] [           main] o.h.q.sqm.function.SqmFunctionRegistry   : Registered SqmFunctionTemplate [org.hibernate.query.sqm.function.PatternBasedSqmFunctionDescriptor@590f806a] under radians; prior registration was null
2025-06-26T23:30:39.618-04:00 DEBUG 11948 --- [hw] [           main] o.h.q.sqm.function.SqmFunctionRegistry   : Registered SqmFunctionTemplate [org.hibernate.query.sqm.function.PatternBasedSqmFunctionDescriptor@2267b0bb] under degrees; prior registration was null
2025-06-26T23:30:39.619-04:00 DEBUG 11948 --- [hw] [           main] o.h.q.sqm.function.SqmFunctionRegistry   : Registered SqmFunctionTemplate [NamedSqmFunctionTemplate(median)] under median; prior registration was null
2025-06-26T23:30:39.619-04:00 DEBUG 11948 --- [hw] [           main] o.h.q.sqm.function.SqmFunctionRegistry   : Registered SqmFunctionTemplate [NamedSqmFunctionTemplate(stddev)] under stddev; prior registration was null
2025-06-26T23:30:39.619-04:00 DEBUG 11948 --- [hw] [           main] o.h.q.sqm.function.SqmFunctionRegistry   : Registered SqmFunctionTemplate [NamedSqmFunctionTemplate(stddev_pop)] under stddev_pop; prior registration was null
2025-06-26T23:30:39.619-04:00 DEBUG 11948 --- [hw] [           main] o.h.q.sqm.function.SqmFunctionRegistry   : Registered SqmFunctionTemplate [NamedSqmFunctionTemplate(stddev_samp)] under stddev_samp; prior registration was null
2025-06-26T23:30:39.619-04:00 DEBUG 11948 --- [hw] [           main] o.h.q.sqm.function.SqmFunctionRegistry   : Registered SqmFunctionTemplate [NamedSqmFunctionTemplate(variance)] under variance; prior registration was null
2025-06-26T23:30:39.619-04:00 DEBUG 11948 --- [hw] [           main] o.h.q.sqm.function.SqmFunctionRegistry   : Registered SqmFunctionTemplate [NamedSqmFunctionTemplate(var_pop)] under var_pop; prior registration was null
2025-06-26T23:30:39.619-04:00 DEBUG 11948 --- [hw] [           main] o.h.q.sqm.function.SqmFunctionRegistry   : Registered SqmFunctionTemplate [NamedSqmFunctionTemplate(var_samp)] under var_samp; prior registration was null
2025-06-26T23:30:39.619-04:00 DEBUG 11948 --- [hw] [           main] o.h.q.sqm.function.SqmFunctionRegistry   : Registered SqmFunctionTemplate [NamedSqmFunctionTemplate(covar_pop)] under covar_pop; prior registration was null
2025-06-26T23:30:39.619-04:00 DEBUG 11948 --- [hw] [           main] o.h.q.sqm.function.SqmFunctionRegistry   : Registered SqmFunctionTemplate [NamedSqmFunctionTemplate(covar_samp)] under covar_samp; prior registration was null
2025-06-26T23:30:39.619-04:00 DEBUG 11948 --- [hw] [           main] o.h.q.sqm.function.SqmFunctionRegistry   : Registered SqmFunctionTemplate [NamedSqmFunctionTemplate(corr)] under corr; prior registration was null
2025-06-26T23:30:39.619-04:00 DEBUG 11948 --- [hw] [           main] o.h.q.sqm.function.SqmFunctionRegistry   : Registered SqmFunctionTemplate [NamedSqmFunctionTemplate(regr_avgx)] under regr_avgx; prior registration was null
2025-06-26T23:30:39.619-04:00 DEBUG 11948 --- [hw] [           main] o.h.q.sqm.function.SqmFunctionRegistry   : Registered SqmFunctionTemplate [NamedSqmFunctionTemplate(regr_avgy)] under regr_avgy; prior registration was null
2025-06-26T23:30:39.619-04:00 DEBUG 11948 --- [hw] [           main] o.h.q.sqm.function.SqmFunctionRegistry   : Registered SqmFunctionTemplate [NamedSqmFunctionTemplate(regr_count)] under regr_count; prior registration was null
2025-06-26T23:30:39.619-04:00 DEBUG 11948 --- [hw] [           main] o.h.q.sqm.function.SqmFunctionRegistry   : Registered SqmFunctionTemplate [NamedSqmFunctionTemplate(regr_intercept)] under regr_intercept; prior registration was null
2025-06-26T23:30:39.619-04:00 DEBUG 11948 --- [hw] [           main] o.h.q.sqm.function.SqmFunctionRegistry   : Registered SqmFunctionTemplate [NamedSqmFunctionTemplate(regr_r2)] under regr_r2; prior registration was null
2025-06-26T23:30:39.619-04:00 DEBUG 11948 --- [hw] [           main] o.h.q.sqm.function.SqmFunctionRegistry   : Registered SqmFunctionTemplate [NamedSqmFunctionTemplate(regr_slope)] under regr_slope; prior registration was null
2025-06-26T23:30:39.619-04:00 DEBUG 11948 --- [hw] [           main] o.h.q.sqm.function.SqmFunctionRegistry   : Registered SqmFunctionTemplate [NamedSqmFunctionTemplate(regr_sxx)] under regr_sxx; prior registration was null
2025-06-26T23:30:39.619-04:00 DEBUG 11948 --- [hw] [           main] o.h.q.sqm.function.SqmFunctionRegistry   : Registered SqmFunctionTemplate [NamedSqmFunctionTemplate(regr_sxy)] under regr_sxy; prior registration was null
2025-06-26T23:30:39.619-04:00 DEBUG 11948 --- [hw] [           main] o.h.q.sqm.function.SqmFunctionRegistry   : Registered SqmFunctionTemplate [NamedSqmFunctionTemplate(regr_syy)] under regr_syy; prior registration was null
2025-06-26T23:30:39.620-04:00 DEBUG 11948 --- [hw] [           main] o.h.q.sqm.function.SqmFunctionRegistry   : Registered SqmFunctionTemplate [org.hibernate.dialect.function.LengthFunction@106b476a] under character_length; prior registration was NamedSqmFunctionTemplate(character_length)
2025-06-26T23:30:39.620-04:00 DEBUG 11948 --- [hw] [           main] o.h.q.sqm.function.SqmFunctionRegistry   : Registering alternate key : length -> character_length
2025-06-26T23:30:39.621-04:00 DEBUG 11948 --- [hw] [           main] o.h.q.sqm.function.SqmFunctionRegistry   : Registered SqmFunctionTemplate [org.hibernate.dialect.function.LengthFunction@6dde913e] under octet_length; prior registration was null
2025-06-26T23:30:39.621-04:00 DEBUG 11948 --- [hw] [           main] o.h.q.sqm.function.SqmFunctionRegistry   : Registered SqmFunctionTemplate [org.hibernate.dialect.function.LengthFunction@7b44e98e] under bit_length; prior registration was null
2025-06-26T23:30:39.621-04:00 DEBUG 11948 --- [hw] [           main] o.h.q.sqm.function.SqmFunctionRegistry   : Registered SqmFunctionTemplate [NamedSqmFunctionTemplate(coalesce)] under coalesce; prior registration was NamedSqmFunctionTemplate(coalesce)
2025-06-26T23:30:39.621-04:00 DEBUG 11948 --- [hw] [           main] o.h.q.sqm.function.SqmFunctionRegistry   : Registered SqmFunctionTemplate [org.hibernate.query.sqm.function.PatternBasedSqmFunctionDescriptor@1e2bc241] under bitor; prior registration was null
2025-06-26T23:30:39.621-04:00 DEBUG 11948 --- [hw] [           main] o.h.q.sqm.function.SqmFunctionRegistry   : Registered SqmFunctionTemplate [org.hibernate.query.sqm.function.PatternBasedSqmFunctionDescriptor@543196f9] under bitxor; prior registration was null
2025-06-26T23:30:39.621-04:00 DEBUG 11948 --- [hw] [           main] o.h.q.sqm.function.SqmFunctionRegistry   : Registered SqmFunctionTemplate [org.hibernate.query.sqm.function.MultipatternSqmFunctionDescriptor@90c01ab] under locate; prior registration was NamedSqmFunctionTemplate(locate)
2025-06-26T23:30:39.622-04:00 DEBUG 11948 --- [hw] [           main] o.h.q.sqm.function.SqmFunctionRegistry   : Registered SqmFunctionTemplate [org.hibernate.dialect.function.ListaggFunction@5f01361e] under listagg; prior registration was null
2025-06-26T23:30:39.622-04:00 DEBUG 11948 --- [hw] [           main] o.h.q.sqm.function.SqmFunctionRegistry   : Registered SqmFunctionTemplate [NamedSqmFunctionTemplate(row_number)] under row_number; prior registration was null
2025-06-26T23:30:39.623-04:00 DEBUG 11948 --- [hw] [           main] o.h.q.sqm.function.SqmFunctionRegistry   : Registered SqmFunctionTemplate [NamedSqmFunctionTemplate(lag)] under lag; prior registration was null
2025-06-26T23:30:39.623-04:00 DEBUG 11948 --- [hw] [           main] o.h.q.sqm.function.SqmFunctionRegistry   : Registered SqmFunctionTemplate [NamedSqmFunctionTemplate(lead)] under lead; prior registration was null
2025-06-26T23:30:39.623-04:00 DEBUG 11948 --- [hw] [           main] o.h.q.sqm.function.SqmFunctionRegistry   : Registered SqmFunctionTemplate [NamedSqmFunctionTemplate(first_value)] under first_value; prior registration was null
2025-06-26T23:30:39.623-04:00 DEBUG 11948 --- [hw] [           main] o.h.q.sqm.function.SqmFunctionRegistry   : Registered SqmFunctionTemplate [NamedSqmFunctionTemplate(last_value)] under last_value; prior registration was null
2025-06-26T23:30:39.623-04:00 DEBUG 11948 --- [hw] [           main] o.h.q.sqm.function.SqmFunctionRegistry   : Registered SqmFunctionTemplate [NamedSqmFunctionTemplate(nth_value)] under nth_value; prior registration was null
2025-06-26T23:30:39.623-04:00 DEBUG 11948 --- [hw] [           main] o.h.q.sqm.function.SqmFunctionRegistry   : Registered SqmFunctionTemplate [org.hibernate.dialect.function.HypotheticalSetFunction@736a8aea] under rank; prior registration was null
2025-06-26T23:30:39.623-04:00 DEBUG 11948 --- [hw] [           main] o.h.q.sqm.function.SqmFunctionRegistry   : Registered SqmFunctionTemplate [org.hibernate.dialect.function.HypotheticalSetFunction@504b4a97] under dense_rank; prior registration was null
2025-06-26T23:30:39.623-04:00 DEBUG 11948 --- [hw] [           main] o.h.q.sqm.function.SqmFunctionRegistry   : Registered SqmFunctionTemplate [org.hibernate.dialect.function.HypotheticalSetFunction@4964d801] under percent_rank; prior registration was null
2025-06-26T23:30:39.623-04:00 DEBUG 11948 --- [hw] [           main] o.h.q.sqm.function.SqmFunctionRegistry   : Registered SqmFunctionTemplate [org.hibernate.dialect.function.HypotheticalSetFunction@b307030] under cume_dist; prior registration was null
2025-06-26T23:30:39.624-04:00 DEBUG 11948 --- [hw] [           main] o.h.q.sqm.function.SqmFunctionRegistry   : Registered SqmFunctionTemplate [org.hibernate.dialect.function.InverseDistributionFunction@643a73fa] under mode; prior registration was null
2025-06-26T23:30:39.624-04:00 DEBUG 11948 --- [hw] [           main] o.h.q.sqm.function.SqmFunctionRegistry   : Registered SqmFunctionTemplate [org.hibernate.dialect.function.InverseDistributionFunction@dd3e1e3] under percentile_cont; prior registration was null
2025-06-26T23:30:39.624-04:00 DEBUG 11948 --- [hw] [           main] o.h.q.sqm.function.SqmFunctionRegistry   : Registered SqmFunctionTemplate [org.hibernate.dialect.function.InverseDistributionFunction@2686a801] under percentile_disc; prior registration was null
2025-06-26T23:30:39.624-04:00 DEBUG 11948 --- [hw] [           main] o.h.q.sqm.function.SqmFunctionRegistry   : Registered SqmFunctionTemplate [org.hibernate.dialect.function.ModeStatsModeEmulation@4ef10d3b] under mode; prior registration was org.hibernate.dialect.function.InverseDistributionFunction@643a73fa
2025-06-26T23:30:39.627-04:00 DEBUG 11948 --- [hw] [           main] o.h.q.sqm.function.SqmFunctionRegistry   : Registered SqmFunctionTemplate [org.hibernate.dialect.function.OracleTruncFunction@3b3b2290] under trunc; prior registration was null
2025-06-26T23:30:39.627-04:00 DEBUG 11948 --- [hw] [           main] o.h.q.sqm.function.SqmFunctionRegistry   : Registering alternate key : truncate -> trunc
2025-06-26T23:30:39.628-04:00 DEBUG 11948 --- [hw] [           main] o.h.q.sqm.function.SqmFunctionRegistry   : Registered SqmFunctionTemplate [org.hibernate.dialect.function.array.OracleArrayConstructorFunction@956cf3d] under array; prior registration was null
2025-06-26T23:30:39.628-04:00 DEBUG 11948 --- [hw] [           main] o.h.q.sqm.function.SqmFunctionRegistry   : Registered SqmFunctionTemplate [org.hibernate.dialect.function.array.OracleArrayConstructorFunction@712213ed] under array_list; prior registration was null
2025-06-26T23:30:39.629-04:00 DEBUG 11948 --- [hw] [           main] o.h.q.sqm.function.SqmFunctionRegistry   : Registered SqmFunctionTemplate [org.hibernate.dialect.function.array.OracleArrayAggEmulation@5e085259] under array_agg; prior registration was null
2025-06-26T23:30:39.630-04:00 DEBUG 11948 --- [hw] [           main] o.h.q.sqm.function.SqmFunctionRegistry   : Registered SqmFunctionTemplate [org.hibernate.dialect.function.array.OracleArrayPositionFunction@689ea211] under array_position; prior registration was null
2025-06-26T23:30:39.633-04:00 DEBUG 11948 --- [hw] [           main] o.h.q.sqm.function.SqmFunctionRegistry   : Registered SqmFunctionTemplate [org.hibernate.dialect.function.array.OracleArrayPositionsFunction@31daf094] under array_positions; prior registration was null
2025-06-26T23:30:39.635-04:00 DEBUG 11948 --- [hw] [           main] o.h.q.sqm.function.SqmFunctionRegistry   : Registered SqmFunctionTemplate [org.hibernate.dialect.function.array.OracleArrayPositionsFunction@38f3dbbf] under array_positions_list; prior registration was null
2025-06-26T23:30:39.635-04:00 DEBUG 11948 --- [hw] [           main] o.h.q.sqm.function.SqmFunctionRegistry   : Registered SqmFunctionTemplate [org.hibernate.dialect.function.array.OracleArrayLengthFunction@765eb801] under array_length; prior registration was null
2025-06-26T23:30:39.635-04:00 DEBUG 11948 --- [hw] [           main] o.h.q.sqm.function.SqmFunctionRegistry   : Registered SqmFunctionTemplate [org.hibernate.dialect.function.DynamicDispatchFunction@1d0fc0bc] under length; prior registration was null
2025-06-26T23:30:39.636-04:00 DEBUG 11948 --- [hw] [           main] o.h.q.sqm.function.SqmFunctionRegistry   : Registered SqmFunctionTemplate [org.hibernate.dialect.function.array.OracleArrayConcatFunction@4b5ceb5d] under array_concat; prior registration was null
2025-06-26T23:30:39.637-04:00 DEBUG 11948 --- [hw] [           main] o.h.q.sqm.function.SqmFunctionRegistry   : Registered SqmFunctionTemplate [org.hibernate.dialect.function.array.OracleArrayConcatElementFunction@22ba30b0] under array_prepend; prior registration was null
2025-06-26T23:30:39.637-04:00 DEBUG 11948 --- [hw] [           main] o.h.q.sqm.function.SqmFunctionRegistry   : Registered SqmFunctionTemplate [org.hibernate.dialect.function.array.OracleArrayConcatElementFunction@22bca04e] under array_append; prior registration was null
2025-06-26T23:30:39.638-04:00 DEBUG 11948 --- [hw] [           main] o.h.q.sqm.function.SqmFunctionRegistry   : Registered SqmFunctionTemplate [org.hibernate.dialect.function.array.OracleArrayContainsFunction@a7fd77f] under array_contains; prior registration was null
2025-06-26T23:30:39.638-04:00 DEBUG 11948 --- [hw] [           main] o.h.q.sqm.function.SqmFunctionRegistry   : Registered SqmFunctionTemplate [org.hibernate.dialect.function.array.OracleArrayContainsFunction@49faf815] under array_contains_nullable; prior registration was null
2025-06-26T23:30:39.639-04:00 DEBUG 11948 --- [hw] [           main] o.h.q.sqm.function.SqmFunctionRegistry   : Registered SqmFunctionTemplate [org.hibernate.dialect.function.array.OracleArrayIncludesFunction@76ebd595] under array_includes; prior registration was null
2025-06-26T23:30:39.639-04:00 DEBUG 11948 --- [hw] [           main] o.h.q.sqm.function.SqmFunctionRegistry   : Registered SqmFunctionTemplate [org.hibernate.dialect.function.array.OracleArrayIncludesFunction@4560eb15] under array_includes_nullable; prior registration was null
2025-06-26T23:30:39.640-04:00 DEBUG 11948 --- [hw] [           main] o.h.q.sqm.function.SqmFunctionRegistry   : Registered SqmFunctionTemplate [org.hibernate.dialect.function.array.OracleArrayIntersectsFunction@5fe4848] under array_intersects; prior registration was null
2025-06-26T23:30:39.640-04:00 DEBUG 11948 --- [hw] [           main] o.h.q.sqm.function.SqmFunctionRegistry   : Registered SqmFunctionTemplate [org.hibernate.dialect.function.array.OracleArrayIntersectsFunction@6a906078] under array_intersects_nullable; prior registration was null
2025-06-26T23:30:39.640-04:00 DEBUG 11948 --- [hw] [           main] o.h.q.sqm.function.SqmFunctionRegistry   : Registering alternate key : array_overlaps -> array_intersects
2025-06-26T23:30:39.640-04:00 DEBUG 11948 --- [hw] [           main] o.h.q.sqm.function.SqmFunctionRegistry   : Registering alternate key : array_overlaps_nullable -> array_intersects_nullable
2025-06-26T23:30:39.640-04:00 DEBUG 11948 --- [hw] [           main] o.h.q.sqm.function.SqmFunctionRegistry   : Registered SqmFunctionTemplate [org.hibernate.dialect.function.array.OracleArrayGetFunction@62977afb] under array_get; prior registration was null
2025-06-26T23:30:39.641-04:00 DEBUG 11948 --- [hw] [           main] o.h.q.sqm.function.SqmFunctionRegistry   : Registered SqmFunctionTemplate [org.hibernate.dialect.function.array.OracleArraySetFunction@2446be5f] under array_set; prior registration was null
2025-06-26T23:30:39.641-04:00 DEBUG 11948 --- [hw] [           main] o.h.q.sqm.function.SqmFunctionRegistry   : Registered SqmFunctionTemplate [org.hibernate.dialect.function.array.OracleArrayRemoveFunction@6892d403] under array_remove; prior registration was null
2025-06-26T23:30:39.642-04:00 DEBUG 11948 --- [hw] [           main] o.h.q.sqm.function.SqmFunctionRegistry   : Registered SqmFunctionTemplate [org.hibernate.dialect.function.array.OracleArrayRemoveIndexFunction@601e7c97] under array_remove_index; prior registration was null
2025-06-26T23:30:39.642-04:00 DEBUG 11948 --- [hw] [           main] o.h.q.sqm.function.SqmFunctionRegistry   : Registered SqmFunctionTemplate [org.hibernate.dialect.function.array.OracleArraySliceFunction@2926f7bd] under array_slice; prior registration was null
2025-06-26T23:30:39.643-04:00 DEBUG 11948 --- [hw] [           main] o.h.q.sqm.function.SqmFunctionRegistry   : Registered SqmFunctionTemplate [org.hibernate.dialect.function.array.OracleArrayReplaceFunction@75f446df] under array_replace; prior registration was null
2025-06-26T23:30:39.643-04:00 DEBUG 11948 --- [hw] [           main] o.h.q.sqm.function.SqmFunctionRegistry   : Registered SqmFunctionTemplate [org.hibernate.dialect.function.array.OracleArrayTrimFunction@2d2fe68a] under array_trim; prior registration was null
2025-06-26T23:30:39.644-04:00 DEBUG 11948 --- [hw] [           main] o.h.q.sqm.function.SqmFunctionRegistry   : Registered SqmFunctionTemplate [org.hibernate.dialect.function.array.OracleArrayFillFunction@7ff7e353] under array_fill; prior registration was null
2025-06-26T23:30:39.644-04:00 DEBUG 11948 --- [hw] [           main] o.h.q.sqm.function.SqmFunctionRegistry   : Registered SqmFunctionTemplate [org.hibernate.dialect.function.array.OracleArrayFillFunction@70680f88] under array_fill_list; prior registration was null
2025-06-26T23:30:39.645-04:00 DEBUG 11948 --- [hw] [           main] o.h.q.sqm.function.SqmFunctionRegistry   : Registered SqmFunctionTemplate [org.hibernate.dialect.function.array.OracleArrayToStringFunction@29a1dab3] under array_to_string; prior registration was null
2025-06-26T23:30:39.646-04:00 DEBUG 11948 --- [hw] [           main] org.hibernate.HQL_FUNCTIONS              : abs(NUMERIC arg)
2025-06-26T23:30:39.646-04:00 DEBUG 11948 --- [hw] [           main] org.hibernate.HQL_FUNCTIONS              : Double acos(NUMERIC arg)
2025-06-26T23:30:39.646-04:00 DEBUG 11948 --- [hw] [           main] org.hibernate.HQL_FUNCTIONS              : add_months(DATE datetime, INTEGER months)
2025-06-26T23:30:39.646-04:00 DEBUG 11948 --- [hw] [           main] org.hibernate.HQL_FUNCTIONS              : Boolean any(BOOLEAN arg)
2025-06-26T23:30:39.646-04:00 DEBUG 11948 --- [hw] [           main] org.hibernate.HQL_FUNCTIONS              : array( ... )
2025-06-26T23:30:39.646-04:00 DEBUG 11948 --- [hw] [           main] org.hibernate.HQL_FUNCTIONS              : array_agg(arg)
2025-06-26T23:30:39.646-04:00 DEBUG 11948 --- [hw] [           main] org.hibernate.HQL_FUNCTIONS              : array_append( ... )
2025-06-26T23:30:39.646-04:00 DEBUG 11948 --- [hw] [           main] org.hibernate.HQL_FUNCTIONS              : array_concat( ... )
2025-06-26T23:30:39.646-04:00 DEBUG 11948 --- [hw] [           main] org.hibernate.HQL_FUNCTIONS              : Boolean array_contains(ARRAY haystackArray, OBJECT needleElementOrArray)
2025-06-26T23:30:39.646-04:00 DEBUG 11948 --- [hw] [           main] org.hibernate.HQL_FUNCTIONS              : Boolean array_contains_nullable(ARRAY haystackArray, OBJECT needleElementOrArray)
2025-06-26T23:30:39.646-04:00 DEBUG 11948 --- [hw] [           main] org.hibernate.HQL_FUNCTIONS              : array_fill(OBJECT element, INTEGER elementCount)
2025-06-26T23:30:39.646-04:00 DEBUG 11948 --- [hw] [           main] org.hibernate.HQL_FUNCTIONS              : array_fill_list(OBJECT element, INTEGER elementCount)
2025-06-26T23:30:39.646-04:00 DEBUG 11948 --- [hw] [           main] org.hibernate.HQL_FUNCTIONS              : array_get( ... )
2025-06-26T23:30:39.646-04:00 DEBUG 11948 --- [hw] [           main] org.hibernate.HQL_FUNCTIONS              : Boolean array_includes(ARRAY haystackArray, OBJECT needleArray)
2025-06-26T23:30:39.646-04:00 DEBUG 11948 --- [hw] [           main] org.hibernate.HQL_FUNCTIONS              : Boolean array_includes_nullable(ARRAY haystackArray, OBJECT needleArray)
2025-06-26T23:30:39.646-04:00 DEBUG 11948 --- [hw] [           main] org.hibernate.HQL_FUNCTIONS              : Boolean array_intersects(ARRAY array0, OBJECT array1)
2025-06-26T23:30:39.646-04:00 DEBUG 11948 --- [hw] [           main] org.hibernate.HQL_FUNCTIONS              : Boolean array_intersects_nullable(ARRAY array0, OBJECT array1)
2025-06-26T23:30:39.646-04:00 DEBUG 11948 --- [hw] [           main] org.hibernate.HQL_FUNCTIONS              : Integer array_length(ARRAY array)
2025-06-26T23:30:39.646-04:00 DEBUG 11948 --- [hw] [           main] org.hibernate.HQL_FUNCTIONS              : array_list( ... )
2025-06-26T23:30:39.646-04:00 DEBUG 11948 --- [hw] [           main] org.hibernate.HQL_FUNCTIONS              : Boolean array_overlaps(ARRAY array0, OBJECT array1)
2025-06-26T23:30:39.646-04:00 DEBUG 11948 --- [hw] [           main] org.hibernate.HQL_FUNCTIONS              : Boolean array_overlaps_nullable(ARRAY array0, OBJECT array1)
2025-06-26T23:30:39.646-04:00 DEBUG 11948 --- [hw] [           main] org.hibernate.HQL_FUNCTIONS              : Integer array_position(ARRAY array, OBJECT element[, INTEGER startPosition])
2025-06-26T23:30:39.646-04:00 DEBUG 11948 --- [hw] [           main] org.hibernate.HQL_FUNCTIONS              : int[] array_positions(ARRAY array, OBJECT element)
2025-06-26T23:30:39.646-04:00 DEBUG 11948 --- [hw] [           main] org.hibernate.HQL_FUNCTIONS              : List array_positions_list(ARRAY array, OBJECT element)
2025-06-26T23:30:39.646-04:00 DEBUG 11948 --- [hw] [           main] org.hibernate.HQL_FUNCTIONS              : array_prepend( ... )
2025-06-26T23:30:39.646-04:00 DEBUG 11948 --- [hw] [           main] org.hibernate.HQL_FUNCTIONS              : array_remove( ... )
2025-06-26T23:30:39.646-04:00 DEBUG 11948 --- [hw] [           main] org.hibernate.HQL_FUNCTIONS              : array_remove_index( ... )
2025-06-26T23:30:39.646-04:00 DEBUG 11948 --- [hw] [           main] org.hibernate.HQL_FUNCTIONS              : array_replace( ... )
2025-06-26T23:30:39.646-04:00 DEBUG 11948 --- [hw] [           main] org.hibernate.HQL_FUNCTIONS              : array_set( ... )
2025-06-26T23:30:39.646-04:00 DEBUG 11948 --- [hw] [           main] org.hibernate.HQL_FUNCTIONS              : array_slice( ... )
2025-06-26T23:30:39.646-04:00 DEBUG 11948 --- [hw] [           main] org.hibernate.HQL_FUNCTIONS              : String array_to_string( ... )
2025-06-26T23:30:39.646-04:00 DEBUG 11948 --- [hw] [           main] org.hibernate.HQL_FUNCTIONS              : array_trim( ... )
2025-06-26T23:30:39.646-04:00 DEBUG 11948 --- [hw] [           main] org.hibernate.HQL_FUNCTIONS              : Integer ascii(STRING arg)
2025-06-26T23:30:39.646-04:00 DEBUG 11948 --- [hw] [           main] org.hibernate.HQL_FUNCTIONS              : Double asin(NUMERIC arg)
2025-06-26T23:30:39.646-04:00 DEBUG 11948 --- [hw] [           main] org.hibernate.HQL_FUNCTIONS              : Double atan(NUMERIC arg)
2025-06-26T23:30:39.647-04:00 DEBUG 11948 --- [hw] [           main] org.hibernate.HQL_FUNCTIONS              : Double atan2(NUMERIC arg0, NUMERIC arg1)
2025-06-26T23:30:39.647-04:00 DEBUG 11948 --- [hw] [           main] org.hibernate.HQL_FUNCTIONS              : avg(arg)
2025-06-26T23:30:39.647-04:00 DEBUG 11948 --- [hw] [           main] org.hibernate.HQL_FUNCTIONS              : Integer bit_length(STRING_OR_CLOB arg)
2025-06-26T23:30:39.647-04:00 DEBUG 11948 --- [hw] [           main] org.hibernate.HQL_FUNCTIONS              : bitand(arg0, arg1)
2025-06-26T23:30:39.647-04:00 DEBUG 11948 --- [hw] [           main] org.hibernate.HQL_FUNCTIONS              : bitor(arg0, arg1)
2025-06-26T23:30:39.647-04:00 DEBUG 11948 --- [hw] [           main] org.hibernate.HQL_FUNCTIONS              : bitxor(arg0, arg1)
2025-06-26T23:30:39.647-04:00 DEBUG 11948 --- [hw] [           main] org.hibernate.HQL_FUNCTIONS              : cast(arg as Type)
2025-06-26T23:30:39.647-04:00 DEBUG 11948 --- [hw] [           main] org.hibernate.HQL_FUNCTIONS              : ceil(NUMERIC arg)
2025-06-26T23:30:39.647-04:00 DEBUG 11948 --- [hw] [           main] org.hibernate.HQL_FUNCTIONS              : ceiling(NUMERIC arg)
2025-06-26T23:30:39.647-04:00 DEBUG 11948 --- [hw] [           main] org.hibernate.HQL_FUNCTIONS              : Character char(INTEGER arg)
2025-06-26T23:30:39.647-04:00 DEBUG 11948 --- [hw] [           main] org.hibernate.HQL_FUNCTIONS              : Integer character_length(STRING_OR_CLOB arg)
2025-06-26T23:30:39.647-04:00 DEBUG 11948 --- [hw] [           main] org.hibernate.HQL_FUNCTIONS              : Character chr(INTEGER arg)
2025-06-26T23:30:39.647-04:00 DEBUG 11948 --- [hw] [           main] org.hibernate.HQL_FUNCTIONS              : coalesce(arg0[, arg1[, ...]])
2025-06-26T23:30:39.647-04:00 DEBUG 11948 --- [hw] [           main] org.hibernate.HQL_FUNCTIONS              : String collate(STRING string as COLLATION collation)
2025-06-26T23:30:39.647-04:00 DEBUG 11948 --- [hw] [           main] org.hibernate.HQL_FUNCTIONS              : String concat(STRING string0[, STRING string1[, ...]])
2025-06-26T23:30:39.647-04:00 DEBUG 11948 --- [hw] [           main] org.hibernate.HQL_FUNCTIONS              : Double corr(NUMERIC arg0, NUMERIC arg1)
2025-06-26T23:30:39.647-04:00 DEBUG 11948 --- [hw] [           main] org.hibernate.HQL_FUNCTIONS              : Double cos(NUMERIC arg)
2025-06-26T23:30:39.647-04:00 DEBUG 11948 --- [hw] [           main] org.hibernate.HQL_FUNCTIONS              : Double cosh(NUMERIC arg)
2025-06-26T23:30:39.647-04:00 DEBUG 11948 --- [hw] [           main] org.hibernate.HQL_FUNCTIONS              : Long count([distinct ]{arg|*})
2025-06-26T23:30:39.647-04:00 DEBUG 11948 --- [hw] [           main] org.hibernate.HQL_FUNCTIONS              : Double covar_pop(NUMERIC arg0, NUMERIC arg1)
2025-06-26T23:30:39.647-04:00 DEBUG 11948 --- [hw] [           main] org.hibernate.HQL_FUNCTIONS              : Double covar_samp(NUMERIC arg0, NUMERIC arg1)
2025-06-26T23:30:39.648-04:00 DEBUG 11948 --- [hw] [           main] org.hibernate.HQL_FUNCTIONS              : Double cume_dist([arg0[, ...]])
2025-06-26T23:30:39.648-04:00 DEBUG 11948 --- [hw] [           main] org.hibernate.HQL_FUNCTIONS              : Date current date
2025-06-26T23:30:39.648-04:00 DEBUG 11948 --- [hw] [           main] org.hibernate.HQL_FUNCTIONS              : Time current time
2025-06-26T23:30:39.648-04:00 DEBUG 11948 --- [hw] [           main] org.hibernate.HQL_FUNCTIONS              : Timestamp current timestamp
2025-06-26T23:30:39.648-04:00 DEBUG 11948 --- [hw] [           main] org.hibernate.HQL_FUNCTIONS              : Date current_date
2025-06-26T23:30:39.648-04:00 DEBUG 11948 --- [hw] [           main] org.hibernate.HQL_FUNCTIONS              : Instant current_instant
2025-06-26T23:30:39.648-04:00 DEBUG 11948 --- [hw] [           main] org.hibernate.HQL_FUNCTIONS              : Time current_time
2025-06-26T23:30:39.648-04:00 DEBUG 11948 --- [hw] [           main] org.hibernate.HQL_FUNCTIONS              : Timestamp current_timestamp
2025-06-26T23:30:39.648-04:00 DEBUG 11948 --- [hw] [           main] org.hibernate.HQL_FUNCTIONS              : dateadd(TEMPORAL_UNIT field, INTEGER magnitude, TEMPORAL datetime)
2025-06-26T23:30:39.648-04:00 DEBUG 11948 --- [hw] [           main] org.hibernate.HQL_FUNCTIONS              : Long|Double datediff(TEMPORAL_UNIT field, TEMPORAL start, TEMPORAL end)
2025-06-26T23:30:39.648-04:00 DEBUG 11948 --- [hw] [           main] org.hibernate.HQL_FUNCTIONS              : Double degrees(NUMERIC arg)
2025-06-26T23:30:39.648-04:00 DEBUG 11948 --- [hw] [           main] org.hibernate.HQL_FUNCTIONS              : Long dense_rank([arg0[, ...]])
2025-06-26T23:30:39.648-04:00 DEBUG 11948 --- [hw] [           main] org.hibernate.HQL_FUNCTIONS              : Boolean every(BOOLEAN arg)
2025-06-26T23:30:39.648-04:00 DEBUG 11948 --- [hw] [           main] org.hibernate.HQL_FUNCTIONS              : Double exp(NUMERIC arg)
2025-06-26T23:30:39.648-04:00 DEBUG 11948 --- [hw] [           main] org.hibernate.HQL_FUNCTIONS              : extract(TEMPORAL_UNIT field from TEMPORAL arg)
2025-06-26T23:30:39.648-04:00 DEBUG 11948 --- [hw] [           main] org.hibernate.HQL_FUNCTIONS              : first_valueANY value
2025-06-26T23:30:39.648-04:00 DEBUG 11948 --- [hw] [           main] org.hibernate.HQL_FUNCTIONS              : floor(NUMERIC arg)
2025-06-26T23:30:39.648-04:00 DEBUG 11948 --- [hw] [           main] org.hibernate.HQL_FUNCTIONS              : String format(TEMPORAL datetime as STRING pattern)
2025-06-26T23:30:39.648-04:00 DEBUG 11948 --- [hw] [           main] org.hibernate.HQL_FUNCTIONS              : greatest(COMPARABLE arg0, COMPARABLE arg1[, arg2[, ...]])
2025-06-26T23:30:39.648-04:00 DEBUG 11948 --- [hw] [           main] org.hibernate.HQL_FUNCTIONS              : ifnull(arg0, arg1)
2025-06-26T23:30:39.648-04:00 DEBUG 11948 --- [hw] [           main] org.hibernate.HQL_FUNCTIONS              : String initcap(arg)
2025-06-26T23:30:39.648-04:00 DEBUG 11948 --- [hw] [           main] org.hibernate.HQL_FUNCTIONS              : Instant instant
2025-06-26T23:30:39.649-04:00 DEBUG 11948 --- [hw] [           main] org.hibernate.HQL_FUNCTIONS              : Integer instr(STRING string, STRING pattern[, INTEGER start[, INTEGER occurrence]])
2025-06-26T23:30:39.649-04:00 DEBUG 11948 --- [hw] [           main] org.hibernate.HQL_FUNCTIONS              : lagANY value[, INTEGER offset[, ANY default]]
2025-06-26T23:30:39.649-04:00 DEBUG 11948 --- [hw] [           main] org.hibernate.HQL_FUNCTIONS              : Date last_day(DATE arg)
2025-06-26T23:30:39.649-04:00 DEBUG 11948 --- [hw] [           main] org.hibernate.HQL_FUNCTIONS              : last_valueANY value
2025-06-26T23:30:39.649-04:00 DEBUG 11948 --- [hw] [           main] org.hibernate.HQL_FUNCTIONS              : leadANY value[, INTEGER offset[, ANY default]]
2025-06-26T23:30:39.649-04:00 DEBUG 11948 --- [hw] [           main] org.hibernate.HQL_FUNCTIONS              : least(COMPARABLE arg0, COMPARABLE arg1[, arg2[, ...]])
2025-06-26T23:30:39.649-04:00 DEBUG 11948 --- [hw] [           main] org.hibernate.HQL_FUNCTIONS              : String left(STRING string, INTEGER length)
2025-06-26T23:30:39.649-04:00 DEBUG 11948 --- [hw] [           main] org.hibernate.HQL_FUNCTIONS              : length
2025-06-26T23:30:39.649-04:00 DEBUG 11948 --- [hw] [           main] org.hibernate.HQL_FUNCTIONS              : String listagg(STRING arg0, STRING arg1)
2025-06-26T23:30:39.649-04:00 DEBUG 11948 --- [hw] [           main] org.hibernate.HQL_FUNCTIONS              : Double ln(NUMERIC arg)
2025-06-26T23:30:39.649-04:00 DEBUG 11948 --- [hw] [           main] org.hibernate.HQL_FUNCTIONS              : LocalDate local date
2025-06-26T23:30:39.649-04:00 DEBUG 11948 --- [hw] [           main] org.hibernate.HQL_FUNCTIONS              : LocalDateTime local datetime
2025-06-26T23:30:39.649-04:00 DEBUG 11948 --- [hw] [           main] org.hibernate.HQL_FUNCTIONS              : LocalTime local time
2025-06-26T23:30:39.649-04:00 DEBUG 11948 --- [hw] [           main] org.hibernate.HQL_FUNCTIONS              : LocalDate local_date
2025-06-26T23:30:39.649-04:00 DEBUG 11948 --- [hw] [           main] org.hibernate.HQL_FUNCTIONS              : LocalDateTime local_datetime
2025-06-26T23:30:39.649-04:00 DEBUG 11948 --- [hw] [           main] org.hibernate.HQL_FUNCTIONS              : LocalTime local_time
2025-06-26T23:30:39.649-04:00 DEBUG 11948 --- [hw] [           main] org.hibernate.HQL_FUNCTIONS              : Integer locate(pattern, string[, start])
2025-06-26T23:30:39.649-04:00 DEBUG 11948 --- [hw] [           main] org.hibernate.HQL_FUNCTIONS              : Double log(NUMERIC arg0[, NUMERIC arg1])
2025-06-26T23:30:39.649-04:00 DEBUG 11948 --- [hw] [           main] org.hibernate.HQL_FUNCTIONS              : Double log10(NUMERIC arg)
2025-06-26T23:30:39.649-04:00 DEBUG 11948 --- [hw] [           main] org.hibernate.HQL_FUNCTIONS              : String lower(STRING string)
2025-06-26T23:30:39.649-04:00 DEBUG 11948 --- [hw] [           main] org.hibernate.HQL_FUNCTIONS              : String lpad(STRING string, INTEGER length[, STRING padding])
2025-06-26T23:30:39.649-04:00 DEBUG 11948 --- [hw] [           main] org.hibernate.HQL_FUNCTIONS              : String ltrim(STRING string[, STRING characters])
2025-06-26T23:30:39.649-04:00 DEBUG 11948 --- [hw] [           main] org.hibernate.HQL_FUNCTIONS              : max(COMPARABLE arg)
2025-06-26T23:30:39.649-04:00 DEBUG 11948 --- [hw] [           main] org.hibernate.HQL_FUNCTIONS              : Double median(NUMERIC arg)
2025-06-26T23:30:39.649-04:00 DEBUG 11948 --- [hw] [           main] org.hibernate.HQL_FUNCTIONS              : min(COMPARABLE arg)
2025-06-26T23:30:39.649-04:00 DEBUG 11948 --- [hw] [           main] org.hibernate.HQL_FUNCTIONS              : Integer mod(INTEGER arg0, INTEGER arg1)
2025-06-26T23:30:39.649-04:00 DEBUG 11948 --- [hw] [           main] org.hibernate.HQL_FUNCTIONS              : mode()
2025-06-26T23:30:39.649-04:00 DEBUG 11948 --- [hw] [           main] org.hibernate.HQL_FUNCTIONS              : Integer months_between(DATE end, DATE start)
2025-06-26T23:30:39.650-04:00 DEBUG 11948 --- [hw] [           main] org.hibernate.HQL_FUNCTIONS              : nth_valueANY value, INTEGER nth
2025-06-26T23:30:39.650-04:00 DEBUG 11948 --- [hw] [           main] org.hibernate.HQL_FUNCTIONS              : nullif(arg0, arg1)
2025-06-26T23:30:39.650-04:00 DEBUG 11948 --- [hw] [           main] org.hibernate.HQL_FUNCTIONS              : Integer octet_length(STRING_OR_CLOB arg)
2025-06-26T23:30:39.650-04:00 DEBUG 11948 --- [hw] [           main] org.hibernate.HQL_FUNCTIONS              : OffsetDateTime offset datetime
2025-06-26T23:30:39.650-04:00 DEBUG 11948 --- [hw] [           main] org.hibernate.HQL_FUNCTIONS              : OffsetDateTime offset_datetime
2025-06-26T23:30:39.650-04:00 DEBUG 11948 --- [hw] [           main] org.hibernate.HQL_FUNCTIONS              : String overlay(STRING string placing STRING replacement from INTEGER start[ for INTEGER length])
2025-06-26T23:30:39.650-04:00 DEBUG 11948 --- [hw] [           main] org.hibernate.HQL_FUNCTIONS              : String pad(STRING string with INTEGER length {leading|trailing}[ STRING character])
2025-06-26T23:30:39.650-04:00 DEBUG 11948 --- [hw] [           main] org.hibernate.HQL_FUNCTIONS              : Double percent_rank([arg0[, ...]])
2025-06-26T23:30:39.650-04:00 DEBUG 11948 --- [hw] [           main] org.hibernate.HQL_FUNCTIONS              : percentile_cont(NUMERIC arg)
2025-06-26T23:30:39.650-04:00 DEBUG 11948 --- [hw] [           main] org.hibernate.HQL_FUNCTIONS              : percentile_disc(NUMERIC arg)
2025-06-26T23:30:39.650-04:00 DEBUG 11948 --- [hw] [           main] org.hibernate.HQL_FUNCTIONS              : Double pi
2025-06-26T23:30:39.650-04:00 DEBUG 11948 --- [hw] [           main] org.hibernate.HQL_FUNCTIONS              : Integer position(STRING pattern in STRING string)
2025-06-26T23:30:39.650-04:00 DEBUG 11948 --- [hw] [           main] org.hibernate.HQL_FUNCTIONS              : Double power(NUMERIC arg0, NUMERIC arg1)
2025-06-26T23:30:39.650-04:00 DEBUG 11948 --- [hw] [           main] org.hibernate.HQL_FUNCTIONS              : Double radians(NUMERIC arg)
2025-06-26T23:30:39.650-04:00 DEBUG 11948 --- [hw] [           main] org.hibernate.HQL_FUNCTIONS              : Long rank([arg0[, ...]])
2025-06-26T23:30:39.650-04:00 DEBUG 11948 --- [hw] [           main] org.hibernate.HQL_FUNCTIONS              : Double regr_avgx(NUMERIC arg0, NUMERIC arg1)
2025-06-26T23:30:39.650-04:00 DEBUG 11948 --- [hw] [           main] org.hibernate.HQL_FUNCTIONS              : Double regr_avgy(NUMERIC arg0, NUMERIC arg1)
2025-06-26T23:30:39.650-04:00 DEBUG 11948 --- [hw] [           main] org.hibernate.HQL_FUNCTIONS              : Double regr_count(NUMERIC arg0, NUMERIC arg1)
2025-06-26T23:30:39.650-04:00 DEBUG 11948 --- [hw] [           main] org.hibernate.HQL_FUNCTIONS              : Double regr_intercept(NUMERIC arg0, NUMERIC arg1)
2025-06-26T23:30:39.650-04:00 DEBUG 11948 --- [hw] [           main] org.hibernate.HQL_FUNCTIONS              : Double regr_r2(NUMERIC arg0, NUMERIC arg1)
2025-06-26T23:30:39.650-04:00 DEBUG 11948 --- [hw] [           main] org.hibernate.HQL_FUNCTIONS              : Double regr_slope(NUMERIC arg0, NUMERIC arg1)
2025-06-26T23:30:39.650-04:00 DEBUG 11948 --- [hw] [           main] org.hibernate.HQL_FUNCTIONS              : Double regr_sxx(NUMERIC arg0, NUMERIC arg1)
2025-06-26T23:30:39.651-04:00 DEBUG 11948 --- [hw] [           main] org.hibernate.HQL_FUNCTIONS              : Double regr_sxy(NUMERIC arg0, NUMERIC arg1)
2025-06-26T23:30:39.651-04:00 DEBUG 11948 --- [hw] [           main] org.hibernate.HQL_FUNCTIONS              : Double regr_syy(NUMERIC arg0, NUMERIC arg1)
2025-06-26T23:30:39.651-04:00 DEBUG 11948 --- [hw] [           main] org.hibernate.HQL_FUNCTIONS              : String repeat(STRING string, INTEGER times)
2025-06-26T23:30:39.651-04:00 DEBUG 11948 --- [hw] [           main] org.hibernate.HQL_FUNCTIONS              : String replace(STRING string, STRING pattern, STRING replacement)
2025-06-26T23:30:39.651-04:00 DEBUG 11948 --- [hw] [           main] org.hibernate.HQL_FUNCTIONS              : String right(STRING string, INTEGER length)
2025-06-26T23:30:39.651-04:00 DEBUG 11948 --- [hw] [           main] org.hibernate.HQL_FUNCTIONS              : round(NUMERIC number[, INTEGER places])
2025-06-26T23:30:39.651-04:00 DEBUG 11948 --- [hw] [           main] org.hibernate.HQL_FUNCTIONS              : Long row_number()
2025-06-26T23:30:39.651-04:00 DEBUG 11948 --- [hw] [           main] org.hibernate.HQL_FUNCTIONS              : Long rowid
2025-06-26T23:30:39.651-04:00 DEBUG 11948 --- [hw] [           main] org.hibernate.HQL_FUNCTIONS              : Long rownum
2025-06-26T23:30:39.651-04:00 DEBUG 11948 --- [hw] [           main] org.hibernate.HQL_FUNCTIONS              : String rpad(STRING string, INTEGER length[, STRING padding])
2025-06-26T23:30:39.651-04:00 DEBUG 11948 --- [hw] [           main] org.hibernate.HQL_FUNCTIONS              : String rtrim(STRING string[, STRING characters])
2025-06-26T23:30:39.651-04:00 DEBUG 11948 --- [hw] [           main] org.hibernate.HQL_FUNCTIONS              : Integer sign(NUMERIC arg)
2025-06-26T23:30:39.651-04:00 DEBUG 11948 --- [hw] [           main] org.hibernate.HQL_FUNCTIONS              : Double sin(NUMERIC arg)
2025-06-26T23:30:39.651-04:00 DEBUG 11948 --- [hw] [           main] org.hibernate.HQL_FUNCTIONS              : Double sinh(NUMERIC arg)
2025-06-26T23:30:39.651-04:00 DEBUG 11948 --- [hw] [           main] org.hibernate.HQL_FUNCTIONS              : String soundex(arg)
2025-06-26T23:30:39.651-04:00 DEBUG 11948 --- [hw] [           main] org.hibernate.HQL_FUNCTIONS              : Object sql
2025-06-26T23:30:39.651-04:00 DEBUG 11948 --- [hw] [           main] org.hibernate.HQL_FUNCTIONS              : Double sqrt(NUMERIC arg)
2025-06-26T23:30:39.651-04:00 DEBUG 11948 --- [hw] [           main] org.hibernate.HQL_FUNCTIONS              : Double stddev(NUMERIC arg)
2025-06-26T23:30:39.651-04:00 DEBUG 11948 --- [hw] [           main] org.hibernate.HQL_FUNCTIONS              : Double stddev_pop(NUMERIC arg)
2025-06-26T23:30:39.651-04:00 DEBUG 11948 --- [hw] [           main] org.hibernate.HQL_FUNCTIONS              : Double stddev_samp(NUMERIC arg)
2025-06-26T23:30:39.651-04:00 DEBUG 11948 --- [hw] [           main] org.hibernate.HQL_FUNCTIONS              : String str(arg)
2025-06-26T23:30:39.651-04:00 DEBUG 11948 --- [hw] [           main] org.hibernate.HQL_FUNCTIONS              : String substr(STRING string, INTEGER start[, INTEGER length])
2025-06-26T23:30:39.651-04:00 DEBUG 11948 --- [hw] [           main] org.hibernate.HQL_FUNCTIONS              : String substring(STRING string{ from|,} INTEGER start[{ for|,} INTEGER length])
2025-06-26T23:30:39.651-04:00 DEBUG 11948 --- [hw] [           main] org.hibernate.HQL_FUNCTIONS              : sum(arg)
2025-06-26T23:30:39.652-04:00 DEBUG 11948 --- [hw] [           main] org.hibernate.HQL_FUNCTIONS              : Timestamp sysdate
2025-06-26T23:30:39.652-04:00 DEBUG 11948 --- [hw] [           main] org.hibernate.HQL_FUNCTIONS              : Timestamp systimestamp
2025-06-26T23:30:39.652-04:00 DEBUG 11948 --- [hw] [           main] org.hibernate.HQL_FUNCTIONS              : Double tan(NUMERIC arg)
2025-06-26T23:30:39.652-04:00 DEBUG 11948 --- [hw] [           main] org.hibernate.HQL_FUNCTIONS              : Double tanh(NUMERIC arg)
2025-06-26T23:30:39.652-04:00 DEBUG 11948 --- [hw] [           main] org.hibernate.HQL_FUNCTIONS              : timestampadd(TEMPORAL_UNIT field, INTEGER magnitude, TEMPORAL datetime)
2025-06-26T23:30:39.652-04:00 DEBUG 11948 --- [hw] [           main] org.hibernate.HQL_FUNCTIONS              : Long|Double timestampdiff(TEMPORAL_UNIT field, TEMPORAL start, TEMPORAL end)
2025-06-26T23:30:39.652-04:00 DEBUG 11948 --- [hw] [           main] org.hibernate.HQL_FUNCTIONS              : String to_char(ANY arg0[, STRING arg1, STRING arg2])
2025-06-26T23:30:39.652-04:00 DEBUG 11948 --- [hw] [           main] org.hibernate.HQL_FUNCTIONS              : Date to_date(STRING arg0[, STRING arg1, STRING arg2])
2025-06-26T23:30:39.652-04:00 DEBUG 11948 --- [hw] [           main] org.hibernate.HQL_FUNCTIONS              : Double to_number(STRING arg0[, STRING arg1, STRING arg2])
2025-06-26T23:30:39.652-04:00 DEBUG 11948 --- [hw] [           main] org.hibernate.HQL_FUNCTIONS              : Timestamp to_timestamp(STRING arg0[, STRING arg1, STRING arg2])
2025-06-26T23:30:39.652-04:00 DEBUG 11948 --- [hw] [           main] org.hibernate.HQL_FUNCTIONS              : String translate(STRING arg0, STRING arg1, STRING arg2)
2025-06-26T23:30:39.652-04:00 DEBUG 11948 --- [hw] [           main] org.hibernate.HQL_FUNCTIONS              : String trim([[{leading|trailing|both} ][STRING arg0 ]from] STRING arg1)
2025-06-26T23:30:39.652-04:00 DEBUG 11948 --- [hw] [           main] org.hibernate.HQL_FUNCTIONS              : trunc( ... )
2025-06-26T23:30:39.652-04:00 DEBUG 11948 --- [hw] [           main] org.hibernate.HQL_FUNCTIONS              : truncate( ... )
2025-06-26T23:30:39.652-04:00 DEBUG 11948 --- [hw] [           main] org.hibernate.HQL_FUNCTIONS              : String upper(STRING string)
2025-06-26T23:30:39.652-04:00 DEBUG 11948 --- [hw] [           main] org.hibernate.HQL_FUNCTIONS              : Double var_pop(NUMERIC arg)
2025-06-26T23:30:39.652-04:00 DEBUG 11948 --- [hw] [           main] org.hibernate.HQL_FUNCTIONS              : Double var_samp(NUMERIC arg)
2025-06-26T23:30:39.652-04:00 DEBUG 11948 --- [hw] [           main] org.hibernate.HQL_FUNCTIONS              : Double variance(NUMERIC arg)
2025-06-26T23:30:39.658-04:00 DEBUG 11948 --- [hw] [           main] org.hibernate.orm.query.plan.cache       : Starting QueryInterpretationCache(2048)
2025-06-26T23:30:39.725-04:00 DEBUG 11948 --- [hw] [           main] .h.s.i.SessionFactoryServiceRegistryImpl : EventListenerRegistry access via ServiceRegistry is deprecated.  Use `sessionFactory.getEventEngine().getListenerRegistry()` instead
2025-06-26T23:30:39.726-04:00 DEBUG 11948 --- [hw] [           main] h.e.i.EntityCopyObserverFactoryInitiator : Configured EntityCopyObserver strategy: disallow
2025-06-26T23:30:39.783-04:00 DEBUG 11948 --- [hw] [           main] o.h.boot.internal.ClassLoaderAccessImpl  : Not known whether passed class name [com.pedidos.hw.model.Pedido] is safe
2025-06-26T23:30:39.783-04:00 DEBUG 11948 --- [hw] [           main] o.h.boot.internal.ClassLoaderAccessImpl  : No temp ClassLoader provided; using live ClassLoader for loading potentially unsafe class : com.pedidos.hw.model.Pedido
2025-06-26T23:30:39.882-04:00  INFO 11948 --- [hw] [onnection adder] oracle.jdbc                              : entering args (oracle.jdbc.internal.AbstractConnectionBuilder$1@7429b7c5)
2025-06-26T23:30:39.882-04:00  INFO 11948 --- [hw] [onnection adder] oracle.jdbc                              : traceId=25090C01. 
2025-06-26T23:30:39.884-04:00  INFO 11948 --- [hw] [onnection adder] oracle.jdbc                              : Session Attributes: 
sdu=8192, tdu=32767
nt: host=adb.sa-valparaiso-1.oraclecloud.com, port=1522, socketOptions={0=YES, 1=NO, 2=30000, 4=TRUE, 5=(SOURCE=(METHOD=FILE)(METHOD_DATA=(DIRECTORY=wallet))), 38=TLS, 40=false, 17=20, 18=false, 20=true, 23=40, 24=50, 25=0}
    socket=null
client profile={oracle.net.encryption_types_client=(), oracle.net.crypto_seed=, oracle.net.authentication_services=(), oracle.net.setFIPSMode=false, oracle.net.kerberos5_mutual_authentication=false, oracle.net.encryption_client=ACCEPTED, oracle.net.crypto_checksum_client=ACCEPTED, oracle.net.crypto_checksum_types_client=()}
connection options=[host=adb.sa-valparaiso-1.oraclecloud.com port=1522 protocol=tcps service_name=g9da66205f7ede8_bdmsv_high.adb.oraclecloud.com addr=(ADDRESS=(PROTOCOL=tcps)(HOST=adb.sa-valparaiso-1.oraclecloud.com)(PORT=1522)) conn_data=(DESCRIPTION=(ADDRESS=(PROTOCOL=tcps)(PORT=1522)(HOST=165.1.96.72)(HOSTNAME=adb.sa-valparaiso-1.oraclecloud.com))(CONNECT_DATA=(CID=(PROGRAM=ForkedBooter)(HOST=DESKTOP-BN646OU)(USER=colom))(service_name=g9da66205f7ede8_bdmsv_high.adb.oraclecloud.com))) sslServerCertDN=CN=adb.sa-valparaiso-1.oraclecloud.com, O=Oracle Corporation, L=Redwood City, ST=California, C=US done=true]
onBreakReset=false, dataEOF=false, negotiatedOptions=0x801, connected=false
TTIINIT enabled=false, TTC cookie enabled=false

2025-06-26T23:30:39.884-04:00  INFO 11948 --- [hw] [onnection adder] oracle.jdbc                              : traceId=25090C01, anoEnabled=true. 
2025-06-26T23:30:39.885-04:00  INFO 11948 --- [hw] [onnection adder] oracle.jdbc                              : Got Resend, SessionTraceId = 25090C01
2025-06-26T23:30:39.885-04:00  INFO 11948 --- [hw] [onnection adder] oracle.jdbc                              : Connection established. Cleared conn strategy stack
2025-06-26T23:30:39.886-04:00  INFO 11948 --- [hw] [onnection adder] oracle.jdbc                              : Break received from server. Responding with reset...
2025-06-26T23:30:39.886-04:00  INFO 11948 --- [hw] [onnection adder] oracle.jdbc                              : SO_TIMEOUT interrupt timer cancelled null
2025-06-26T23:30:39.886-04:00  INFO 11948 --- [hw] [onnection adder] oracle.jdbc                              : Sending break marker, SessionTraceId = 25090C01
2025-06-26T23:30:39.886-04:00  INFO 11948 --- [hw] [onnection adder] oracle.jdbc                              : throwing

java.sql.SQLRecoverableException: ORA-00018: maximum number of sessions exceeded

https://docs.oracle.com/error-help/db/ora-00018/
	at oracle.jdbc.driver.T4CTTIoer11.processError(T4CTTIoer11.java:709) ~[ojdbc11-23.5.0.24.07.jar:23.5.0.24.07]
	at oracle.jdbc.driver.T4CTTIoer11.processError(T4CTTIoer11.java:604) ~[ojdbc11-23.5.0.24.07.jar:23.5.0.24.07]
	at oracle.jdbc.driver.T4CTTIoer11.processError(T4CTTIoer11.java:599) ~[ojdbc11-23.5.0.24.07.jar:23.5.0.24.07]
	at oracle.jdbc.driver.T4CTTIfun.processError(T4CTTIfun.java:1809) ~[ojdbc11-23.5.0.24.07.jar:23.5.0.24.07]
	at oracle.jdbc.driver.T4CTTIoauthenticate.processError(T4CTTIoauthenticate.java:903) ~[ojdbc11-23.5.0.24.07.jar:23.5.0.24.07]
	at oracle.jdbc.driver.T4CTTIfun.receive(T4CTTIfun.java:1100) ~[ojdbc11-23.5.0.24.07.jar:23.5.0.24.07]
	at oracle.jdbc.driver.T4CTTIfun.doRPC(T4CTTIfun.java:408) ~[ojdbc11-23.5.0.24.07.jar:23.5.0.24.07]
	at oracle.jdbc.driver.T4CTTIoauthenticate.doOAUTH(T4CTTIoauthenticate.java:530) ~[ojdbc11-23.5.0.24.07.jar:23.5.0.24.07]
	at oracle.jdbc.driver.T4CTTIoauthenticate.doOAUTHWithO5Logon(T4CTTIoauthenticate.java:1712) ~[ojdbc11-23.5.0.24.07.jar:23.5.0.24.07]
	at oracle.jdbc.driver.T4CTTIoauthenticate.doOAUTH(T4CTTIoauthenticate.java:1459) ~[ojdbc11-23.5.0.24.07.jar:23.5.0.24.07]
	at oracle.jdbc.driver.T4CTTIoauthenticate.doOAUTH(T4CTTIoauthenticate.java:1399) ~[ojdbc11-23.5.0.24.07.jar:23.5.0.24.07]
	at oracle.jdbc.driver.T4CConnection.authenticateWithPassword(T4CConnection.java:2050) ~[ojdbc11-23.5.0.24.07.jar:23.5.0.24.07]
	at oracle.jdbc.driver.T4CConnection.authenticateUserForLogon(T4CConnection.java:1989) ~[ojdbc11-23.5.0.24.07.jar:23.5.0.24.07]
	at oracle.jdbc.driver.T4CConnection.logon(T4CConnection.java:1090) ~[ojdbc11-23.5.0.24.07.jar:23.5.0.24.07]
	at oracle.jdbc.driver.PhysicalConnection.connect(PhysicalConnection.java:1206) ~[ojdbc11-23.5.0.24.07.jar:23.5.0.24.07]
	at oracle.jdbc.driver.T4CDriverExtension.getConnection(T4CDriverExtension.java:105) ~[ojdbc11-23.5.0.24.07.jar:23.5.0.24.07]
	at oracle.jdbc.driver.OracleDriver.connect(OracleDriver.java:886) ~[ojdbc11-23.5.0.24.07.jar:23.5.0.24.07]
	at oracle.jdbc.driver.OracleDriver.connect(OracleDriver.java:693) ~[ojdbc11-23.5.0.24.07.jar:23.5.0.24.07]
	at com.zaxxer.hikari.util.DriverDataSource.getConnection(DriverDataSource.java:137) ~[HikariCP-5.1.0.jar:na]
	at com.zaxxer.hikari.pool.PoolBase.newConnection(PoolBase.java:360) ~[HikariCP-5.1.0.jar:na]
	at com.zaxxer.hikari.pool.PoolBase.newPoolEntry(PoolBase.java:202) ~[HikariCP-5.1.0.jar:na]
	at com.zaxxer.hikari.pool.HikariPool.createPoolEntry(HikariPool.java:461) ~[HikariCP-5.1.0.jar:na]
	at com.zaxxer.hikari.pool.HikariPool$PoolEntryCreator.call(HikariPool.java:724) ~[HikariCP-5.1.0.jar:na]
	at com.zaxxer.hikari.pool.HikariPool$PoolEntryCreator.call(HikariPool.java:703) ~[HikariCP-5.1.0.jar:na]
	at java.base/java.util.concurrent.FutureTask.run(FutureTask.java:317) ~[na:na]
	at java.base/java.util.concurrent.ThreadPoolExecutor.runWorker(ThreadPoolExecutor.java:1144) ~[na:na]
	at java.base/java.util.concurrent.ThreadPoolExecutor$Worker.run(ThreadPoolExecutor.java:642) ~[na:na]
	at java.base/java.lang.Thread.run(Thread.java:1583) ~[na:na]

2025-06-26T23:30:39.889-04:00  INFO 11948 --- [hw] [onnection adder] oracle.jdbc                              : properties={LOCALE=es_ES, DriverVersion=23.5.0.24.07, java.library.path: =C:\Program Files\Java\jdk-21\bin;C:\Windows\Sun\Java\bin;C:\Windows\system32;C:\Windows;C:\Program Files\Common Files\Oracle\Java\javapath;C:\Windows\system32;C:\Windows;C:\Windows\System32\Wbem;C:\Windows\System32\WindowsPowerShell\v1.0\;C:\Windows\System32\OpenSSH\;C:\Program Files\Git\cmd;C:\Users\colom\AppData\Local\Microsoft\WindowsApps;C:\Users\colom\AppData\Local\Programs\Microsoft VS Code\bin;., java.class.path: =c:\Users\colom\Documents\hw_local\pedidos-hw\target\test-classes;c:\Users\colom\Documents\hw_local\pedidos-hw\target\classes;C:\Users\colom\.m2\repository\com\h2database\h2\2.3.232\h2-2.3.232.jar;C:\Users\colom\.m2\repository\com\oracle\database\jdbc\ojdbc11\23.5.0.24.07\ojdbc11-23.5.0.24.07.jar;C:\Users\colom\.m2\repository\com\oracle\database\security\oraclepki\23.5.0.24.07\oraclepki-23.5.0.24.07.jar;C:\Users\colom\.m2\repository\com\oracle\database\security\osdt_cert\19.8.0.0\osdt_cert-19.8.0.0.jar;C:\Users\colom\.m2\repository\com\oracle\database\security\osdt_core\19.8.0.0\osdt_core-19.8.0.0.jar;C:\Users\colom\.m2\repository\org\apache\httpcomponents\client5\httpclient5\5.4.4\httpclient5-5.4.4.jar;C:\Users\colom\.m2\repository\org\apache\httpcomponents\core5\httpcore5\5.3.4\httpcore5-5.3.4.jar;C:\Users\colom\.m2\repository\org\apache\httpcomponents\core5\httpcore5-h2\5.3.4\httpcore5-h2-5.3.4.jar;C:\Users\colom\.m2\repository\org\slf4j\slf4j-api\2.0.17\slf4j-api-2.0.17.jar;C:\Users\colom\.m2\repository\org\projectlombok\lombok\1.18.38\lombok-1.18.38.jar;C:\Users\colom\.m2\repository\org\springdoc\springdoc-openapi-starter-webmvc-ui\2.8.5\springdoc-openapi-starter-webmvc-ui-2.8.5.jar;C:\Users\colom\.m2\repository\org\springdoc\springdoc-openapi-starter-webmvc-api\2.8.5\springdoc-openapi-starter-webmvc-api-2.8.5.jar;C:\Users\colom\.m2\repository\org\springdoc\springdoc-openapi-starter-common\2.8.5\springdoc-openapi-starter-common-2.8.5.jar;C:\Users\colom\.m2\repository\io\swagger\core\v3\swagger-core-jakarta\2.2.28\swagger-core-jakarta-2.2.28.jar;C:\Users\colom\.m2\repository\org\apache\commons\commons-lang3\3.17.0\commons-lang3-3.17.0.jar;C:\Users\colom\.m2\repository\io\swagger\core\v3\swagger-annotations-jakarta\2.2.28\swagger-annotations-jakarta-2.2.28.jar;C:\Users\colom\.m2\repository\io\swagger\core\v3\swagger-models-jakarta\2.2.28\swagger-models-jakarta-2.2.28.jar;C:\Users\colom\.m2\repository\jakarta\validation\jakarta.validation-api\3.0.2\jakarta.validation-api-3.0.2.jar;C:\Users\colom\.m2\repository\com\fasterxml\jackson\dataformat\jackson-dataformat-yaml\2.18.4\jackson-dataformat-yaml-2.18.4.jar;C:\Users\colom\.m2\repository\org\webjars\swagger-ui\5.18.3\swagger-ui-5.18.3.jar;C:\Users\colom\.m2\repository\org\webjars\webjars-locator-lite\1.0.1\webjars-locator-lite-1.0.1.jar;C:\Users\colom\.m2\repository\org\jspecify\jspecify\1.0.0\jspecify-1.0.0.jar;C:\Users\colom\.m2\repository\org\springframework\boot\spring-boot-starter-data-jdbc\3.4.7\spring-boot-starter-data-jdbc-3.4.7.jar;C:\Users\colom\.m2\repository\org\springframework\boot\spring-boot-starter-jdbc\3.4.7\spring-boot-starter-jdbc-3.4.7.jar;C:\Users\colom\.m2\repository\com\zaxxer\HikariCP\5.1.0\HikariCP-5.1.0.jar;C:\Users\colom\.m2\repository\org\springframework\spring-jdbc\6.2.8\spring-jdbc-6.2.8.jar;C:\Users\colom\.m2\repository\org\springframework\data\spring-data-jdbc\3.4.7\spring-data-jdbc-3.4.7.jar;C:\Users\colom\.m2\repository\org\springframework\data\spring-data-relational\3.4.7\spring-data-relational-3.4.7.jar;C:\Users\colom\.m2\repository\org\springframework\data\spring-data-commons\3.4.7\spring-data-commons-3.4.7.jar;C:\Users\colom\.m2\repository\org\springframework\spring-tx\6.2.8\spring-tx-6.2.8.jar;C:\Users\colom\.m2\repository\org\springframework\spring-context\6.2.8\spring-context-6.2.8.jar;C:\Users\colom\.m2\repository\org\springframework\spring-beans\6.2.8\spring-beans-6.2.8.jar;C:\Users\colom\.m2\repository\org\springframework\boot\spring-boot-starter-data-jpa\3.4.7\spring-boot-starter-data-jpa-3.4.7.jar;C:\Users\colom\.m2\repository\org\springframework\boot\spring-boot-starter\3.4.7\spring-boot-starter-3.4.7.jar;C:\Users\colom\.m2\repository\org\springframework\boot\spring-boot\3.4.7\spring-boot-3.4.7.jar;C:\Users\colom\.m2\repository\org\springframework\boot\spring-boot-autoconfigure\3.4.7\spring-boot-autoconfigure-3.4.7.jar;C:\Users\colom\.m2\repository\org\springframework\boot\spring-boot-starter-logging\3.4.7\spring-boot-starter-logging-3.4.7.jar;C:\Users\colom\.m2\repository\ch\qos\logback\logback-classic\1.5.18\logback-classic-1.5.18.jar;C:\Users\colom\.m2\repository\ch\qos\logback\logback-core\1.5.18\logback-core-1.5.18.jar;C:\Users\colom\.m2\repository\org\apache\logging\log4j\log4j-to-slf4j\2.24.3\log4j-to-slf4j-2.24.3.jar;C:\Users\colom\.m2\repository\org\apache\logging\log4j\log4j-api\2.24.3\log4j-api-2.24.3.jar;C:\Users\colom\.m2\repository\org\slf4j\jul-to-slf4j\2.0.17\jul-to-slf4j-2.0.17.jar;C:\Users\colom\.m2\repository\jakarta\annotation\jakarta.annotation-api\2.1.1\jakarta.annotation-api-2.1.1.jar;C:\Users\colom\.m2\repository\org\yaml\snakeyaml\2.3\snakeyaml-2.3.jar;C:\Users\colom\.m2\repository\org\hibernate\orm\hibernate-core\6.6.18.Final\hibernate-core-6.6.18.Final.jar;C:\Users\colom\.m2\repository\jakarta\persistence\jakarta.persistence-api\3.1.0\jakarta.persistence-api-3.1.0.jar;C:\Users\colom\.m2\repository\jakarta\transaction\jakarta.transaction-api\2.0.1\jakarta.transaction-api-2.0.1.jar;C:\Users\colom\.m2\repository\org\jboss\logging\jboss-logging\3.6.1.Final\jboss-logging-3.6.1.Final.jar;C:\Users\colom\.m2\repository\org\hibernate\common\hibernate-commons-annotations\7.0.3.Final\hibernate-commons-annotations-7.0.3.Final.jar;C:\Users\colom\.m2\repository\io\smallrye\jandex\3.2.0\jandex-3.2.0.jar;C:\Users\colom\.m2\repository\com\fasterxml\classmate\1.7.0\classmate-1.7.0.jar;C:\Users\colom\.m2\repository\net\bytebuddy\byte-buddy\1.15.11\byte-buddy-1.15.11.jar;C:\Users\colom\.m2\repository\org\glassfish\jaxb\jaxb-runtime\4.0.5\jaxb-runtime-4.0.5.jar;C:\Users\colom\.m2\repository\org\glassfish\jaxb\jaxb-core\4.0.5\jaxb-core-4.0.5.jar;C:\Users\colom\.m2\repository\org\eclipse\angus\angus-activation\2.0.2\angus-activation-2.0.2.jar;C:\Users\colom\.m2\repository\org\glassfish\jaxb\txw2\4.0.5\txw2-4.0.5.jar;C:\Users\colom\.m2\repository\com\sun\istack\istack-commons-runtime\4.1.2\istack-commons-runtime-4.1.2.jar;C:\Users\colom\.m2\repository\jakarta\inject\jakarta.inject-api\2.0.1\jakarta.inject-api-2.0.1.jar;C:\Users\colom\.m2\repository\org\antlr\antlr4-runtime\4.13.0\antlr4-runtime-4.13.0.jar;C:\Users\colom\.m2\repository\org\springframework\data\spring-data-jpa\3.4.7\spring-data-jpa-3.4.7.jar;C:\Users\colom\.m2\repository\org\springframework\spring-orm\6.2.8\spring-orm-6.2.8.jar;C:\Users\colom\.m2\repository\org\springframework\spring-aop\6.2.8\spring-aop-6.2.8.jar;C:\Users\colom\.m2\repository\org\springframework\spring-aspects\6.2.8\spring-aspects-6.2.8.jar;C:\Users\colom\.m2\repository\org\aspectj\aspectjweaver\1.9.24\aspectjweaver-1.9.24.jar;C:\Users\colom\.m2\repository\org\springframework\boot\spring-boot-starter-hateoas\3.4.7\spring-boot-starter-hateoas-3.4.7.jar;C:\Users\colom\.m2\repository\org\springframework\hateoas\spring-hateoas\2.4.1\spring-hateoas-2.4.1.jar;C:\Users\colom\.m2\repository\org\springframework\plugin\spring-plugin-core\3.0.0\spring-plugin-core-3.0.0.jar;C:\Users\colom\.m2\repository\org\springframework\boot\spring-boot-starter-test\3.3.2\spring-boot-starter-test-3.3.2.jar;C:\Users\colom\.m2\repository\org\springframework\boot\spring-boot-test\3.4.7\spring-boot-test-3.4.7.jar;C:\Users\colom\.m2\repository\org\springframework\boot\spring-boot-test-autoconfigure\3.4.7\spring-boot-test-autoconfigure-3.4.7.jar;C:\Users\colom\.m2\repository\com\jayway\jsonpath\json-path\2.9.0\json-path-2.9.0.jar;C:\Users\colom\.m2\repository\jakarta\xml\bind\jakarta.xml.bind-api\4.0.2\jakarta.xml.bind-api-4.0.2.jar;C:\Users\colom\.m2\repository\jakarta\activation\jakarta.activation-api\2.1.3\jakarta.activation-api-2.1.3.jar;C:\Users\colom\.m2\repository\net\minidev\json-smart\2.5.2\json-smart-2.5.2.jar;C:\Users\colom\.m2\repository\net\minidev\accessors-smart\2.5.2\accessors-smart-2.5.2.jar;C:\Users\colom\.m2\repository\org\ow2\asm\asm\9.7.1\asm-9.7.1.jar;C:\Users\colom\.m2\repository\org\assertj\assertj-core\3.26.3\assertj-core-3.26.3.jar;C:\Users\colom\.m2\repository\org\awaitility\awaitility\4.2.2\awaitility-4.2.2.jar;C:\Users\colom\.m2\repository\org\hamcrest\hamcrest\2.2\hamcrest-2.2.jar;C:\Users\colom\.m2\repository\org\junit\jupiter\junit-jupiter\5.11.4\junit-jupiter-5.11.4.jar;C:\Users\colom\.m2\repository\org\junit\jupiter\junit-jupiter-api\5.11.4\junit-jupiter-api-5.11.4.jar;C:\Users\colom\.m2\repository\org\opentest4j\opentest4j\1.3.0\opentest4j-1.3.0.jar;C:\Users\colom\.m2\repository\org\junit\platform\junit-platform-commons\1.11.4\junit-platform-commons-1.11.4.jar;C:\Users\colom\.m2\repository\org\apiguardian\apiguardian-api\1.1.2\apiguardian-api-1.1.2.jar;C:\Users\colom\.m2\repository\org\junit\jupiter\junit-jupiter-params\5.11.4\junit-jupiter-params-5.11.4.jar;C:\Users\colom\.m2\repository\org\junit\jupiter\junit-jupiter-engine\5.11.4\junit-jupiter-engine-5.11.4.jar;C:\Users\colom\.m2\repository\org\junit\platform\junit-platform-engine\1.11.4\junit-platform-engine-1.11.4.jar;C:\Users\colom\.m2\repository\org\mockito\mockito-core\5.14.2\mockito-core-5.14.2.jar;C:\Users\colom\.m2\repository\net\bytebuddy\byte-buddy-agent\1.15.11\byte-buddy-agent-1.15.11.jar;C:\Users\colom\.m2\repository\org\objenesis\objenesis\3.3\objenesis-3.3.jar;C:\Users\colom\.m2\repository\org\mockito\mockito-junit-jupiter\5.14.2\mockito-junit-jupiter-5.14.2.jar;C:\Users\colom\.m2\repository\org\skyscreamer\jsonassert\1.5.3\jsonassert-1.5.3.jar;C:\Users\colom\.m2\repository\com\vaadin\external\google\android-json\0.0.20131108.vaadin1\android-json-0.0.20131108.vaadin1.jar;C:\Users\colom\.m2\repository\org\springframework\spring-core\6.2.8\spring-core-6.2.8.jar;C:\Users\colom\.m2\repository\org\springframework\spring-jcl\6.2.8\spring-jcl-6.2.8.jar;C:\Users\colom\.m2\repository\org\springframework\spring-test\6.2.8\spring-test-6.2.8.jar;C:\Users\colom\.m2\repository\org\xmlunit\xmlunit-core\2.10.2\xmlunit-core-2.10.2.jar;C:\Users\colom\.m2\repository\org\springframework\boot\spring-boot-starter-web\3.4.7\spring-boot-starter-web-3.4.7.jar;C:\Users\colom\.m2\repository\org\springframework\boot\spring-boot-starter-json\3.4.7\spring-boot-starter-json-3.4.7.jar;C:\Users\colom\.m2\repository\com\fasterxml\jackson\core\jackson-databind\2.18.4\jackson-databind-2.18.4.jar;C:\Users\colom\.m2\repository\com\fasterxml\jackson\core\jackson-annotations\2.18.4\jackson-annotations-2.18.4.jar;C:\Users\colom\.m2\repository\com\fasterxml\jackson\core\jackson-core\2.18.4.1\jackson-core-2.18.4.1.jar;C:\Users\colom\.m2\repository\com\fasterxml\jackson\datatype\jackson-datatype-jdk8\2.18.4\jackson-datatype-jdk8-2.18.4.jar;C:\Users\colom\.m2\repository\com\fasterxml\jackson\datatype\jackson-datatype-jsr310\2.18.4\jackson-datatype-jsr310-2.18.4.jar;C:\Users\colom\.m2\repository\com\fasterxml\jackson\module\jackson-module-parameter-names\2.18.4\jackson-module-parameter-names-2.18.4.jar;C:\Users\colom\.m2\repository\org\springframework\boot\spring-boot-starter-tomcat\3.4.7\spring-boot-starter-tomcat-3.4.7.jar;C:\Users\colom\.m2\repository\org\apache\tomcat\embed\tomcat-embed-core\10.1.42\tomcat-embed-core-10.1.42.jar;C:\Users\colom\.m2\repository\org\apache\tomcat\embed\tomcat-embed-el\10.1.42\tomcat-embed-el-10.1.42.jar;C:\Users\colom\.m2\repository\org\apache\tomcat\embed\tomcat-embed-websocket\10.1.42\tomcat-embed-websocket-10.1.42.jar;C:\Users\colom\.m2\repository\org\springframework\spring-web\6.2.8\spring-web-6.2.8.jar;C:\Users\colom\.m2\repository\io\micrometer\micrometer-observation\1.14.8\micrometer-observation-1.14.8.jar;C:\Users\colom\.m2\repository\io\micrometer\micrometer-commons\1.14.8\micrometer-commons-1.14.8.jar;C:\Users\colom\.m2\repository\org\springframework\spring-webmvc\6.2.8\spring-webmvc-6.2.8.jar;C:\Users\colom\.m2\repository\org\springframework\spring-expression\6.2.8\spring-expression-6.2.8.jar;C:\Users\colom\.m2\repository\org\springframework\cloud\spring-cloud-starter-openfeign\4.2.0\spring-cloud-starter-openfeign-4.2.0.jar;C:\Users\colom\.m2\repository\org\springframework\cloud\spring-cloud-starter\4.2.0\spring-cloud-starter-4.2.0.jar;C:\Users\colom\.m2\repository\org\springframework\cloud\spring-cloud-context\4.2.0\spring-cloud-context-4.2.0.jar;C:\Users\colom\.m2\repository\org\bouncycastle\bcprov-jdk18on\1.78.1\bcprov-jdk18on-1.78.1.jar;C:\Users\colom\.m2\repository\org\springframework\cloud\spring-cloud-openfeign-core\4.2.0\spring-cloud-openfeign-core-4.2.0.jar;C:\Users\colom\.m2\repository\io\github\openfeign\feign-form-spring\13.5\feign-form-spring-13.5.jar;C:\Users\colom\.m2\repository\io\github\openfeign\feign-form\13.5\feign-form-13.5.jar;C:\Users\colom\.m2\repository\commons-fileupload\commons-fileupload\1.5\commons-fileupload-1.5.jar;C:\Users\colom\.m2\repository\commons-io\commons-io\2.11.0\commons-io-2.11.0.jar;C:\Users\colom\.m2\repository\org\springframework\cloud\spring-cloud-commons\4.2.0\spring-cloud-commons-4.2.0.jar;C:\Users\colom\.m2\repository\org\springframework\security\spring-security-crypto\6.4.7\spring-security-crypto-6.4.7.jar;C:\Users\colom\.m2\repository\io\github\openfeign\feign-core\13.5\feign-core-13.5.jar;C:\Users\colom\.m2\repository\io\github\openfeign\feign-slf4j\13.5\feign-slf4j-13.5.jar;, java.version: =21.0.5}. 
2025-06-26T23:30:39.889-04:00 DEBUG 11948 --- [hw] [onnection adder] com.zaxxer.hikari.pool.PoolBase          : HikariPool-1 - Failed to create/setup connection: ORA-00018: maximum number of sessions exceeded

https://docs.oracle.com/error-help/db/ora-00018/
2025-06-26T23:30:39.889-04:00 DEBUG 11948 --- [hw] [onnection adder] com.zaxxer.hikari.pool.HikariPool        : HikariPool-1 - Cannot acquire connection from data source

java.sql.SQLRecoverableException: ORA-00018: maximum number of sessions exceeded

https://docs.oracle.com/error-help/db/ora-00018/
	at oracle.jdbc.driver.T4CTTIoer11.processError(T4CTTIoer11.java:709) ~[ojdbc11-23.5.0.24.07.jar:23.5.0.24.07]
	at oracle.jdbc.driver.T4CTTIoer11.processError(T4CTTIoer11.java:604) ~[ojdbc11-23.5.0.24.07.jar:23.5.0.24.07]
	at oracle.jdbc.driver.T4CTTIoer11.processError(T4CTTIoer11.java:599) ~[ojdbc11-23.5.0.24.07.jar:23.5.0.24.07]
	at oracle.jdbc.driver.T4CTTIfun.processError(T4CTTIfun.java:1809) ~[ojdbc11-23.5.0.24.07.jar:23.5.0.24.07]
	at oracle.jdbc.driver.T4CTTIoauthenticate.processError(T4CTTIoauthenticate.java:903) ~[ojdbc11-23.5.0.24.07.jar:23.5.0.24.07]
	at oracle.jdbc.driver.T4CTTIfun.receive(T4CTTIfun.java:1100) ~[ojdbc11-23.5.0.24.07.jar:23.5.0.24.07]
	at oracle.jdbc.driver.T4CTTIfun.doRPC(T4CTTIfun.java:408) ~[ojdbc11-23.5.0.24.07.jar:23.5.0.24.07]
	at oracle.jdbc.driver.T4CTTIoauthenticate.doOAUTH(T4CTTIoauthenticate.java:530) ~[ojdbc11-23.5.0.24.07.jar:23.5.0.24.07]
	at oracle.jdbc.driver.T4CTTIoauthenticate.doOAUTHWithO5Logon(T4CTTIoauthenticate.java:1712) ~[ojdbc11-23.5.0.24.07.jar:23.5.0.24.07]
	at oracle.jdbc.driver.T4CTTIoauthenticate.doOAUTH(T4CTTIoauthenticate.java:1459) ~[ojdbc11-23.5.0.24.07.jar:23.5.0.24.07]
	at oracle.jdbc.driver.T4CTTIoauthenticate.doOAUTH(T4CTTIoauthenticate.java:1399) ~[ojdbc11-23.5.0.24.07.jar:23.5.0.24.07]
	at oracle.jdbc.driver.T4CConnection.authenticateWithPassword(T4CConnection.java:2050) ~[ojdbc11-23.5.0.24.07.jar:23.5.0.24.07]
	at oracle.jdbc.driver.T4CConnection.authenticateUserForLogon(T4CConnection.java:1989) ~[ojdbc11-23.5.0.24.07.jar:23.5.0.24.07]
	at oracle.jdbc.driver.T4CConnection.logon(T4CConnection.java:1090) ~[ojdbc11-23.5.0.24.07.jar:23.5.0.24.07]
	at oracle.jdbc.driver.PhysicalConnection.connect(PhysicalConnection.java:1206) ~[ojdbc11-23.5.0.24.07.jar:23.5.0.24.07]
	at oracle.jdbc.driver.T4CDriverExtension.getConnection(T4CDriverExtension.java:105) ~[ojdbc11-23.5.0.24.07.jar:23.5.0.24.07]
	at oracle.jdbc.driver.OracleDriver.connect(OracleDriver.java:886) ~[ojdbc11-23.5.0.24.07.jar:23.5.0.24.07]
	at oracle.jdbc.driver.OracleDriver.connect(OracleDriver.java:693) ~[ojdbc11-23.5.0.24.07.jar:23.5.0.24.07]
	at com.zaxxer.hikari.util.DriverDataSource.getConnection(DriverDataSource.java:137) ~[HikariCP-5.1.0.jar:na]
	at com.zaxxer.hikari.pool.PoolBase.newConnection(PoolBase.java:360) ~[HikariCP-5.1.0.jar:na]
	at com.zaxxer.hikari.pool.PoolBase.newPoolEntry(PoolBase.java:202) ~[HikariCP-5.1.0.jar:na]
	at com.zaxxer.hikari.pool.HikariPool.createPoolEntry(HikariPool.java:461) ~[HikariCP-5.1.0.jar:na]
	at com.zaxxer.hikari.pool.HikariPool$PoolEntryCreator.call(HikariPool.java:724) ~[HikariCP-5.1.0.jar:na]
	at com.zaxxer.hikari.pool.HikariPool$PoolEntryCreator.call(HikariPool.java:703) ~[HikariCP-5.1.0.jar:na]
	at java.base/java.util.concurrent.FutureTask.run(FutureTask.java:317) ~[na:na]
	at java.base/java.util.concurrent.ThreadPoolExecutor.runWorker(ThreadPoolExecutor.java:1144) ~[na:na]
	at java.base/java.util.concurrent.ThreadPoolExecutor$Worker.run(ThreadPoolExecutor.java:642) ~[na:na]
	at java.base/java.lang.Thread.run(Thread.java:1583) ~[na:na]

2025-06-26T23:30:39.906-04:00 DEBUG 11948 --- [hw] [           main] o.h.b.i.bytebuddy.BytecodeProviderImpl   : HHH000513: Unable to create the ReflectionOptimizer for [com.pedidos.hw.model.Pedido]: private accessor [detalles]
2025-06-26T23:30:39.928-04:00 DEBUG 11948 --- [hw] [           main] o.h.boot.internal.ClassLoaderAccessImpl  : Not known whether passed class name [com.pedidos.hw.model.DetallePedido] is safe
2025-06-26T23:30:39.928-04:00 DEBUG 11948 --- [hw] [           main] o.h.boot.internal.ClassLoaderAccessImpl  : No temp ClassLoader provided; using live ClassLoader for loading potentially unsafe class : com.pedidos.hw.model.DetallePedido
2025-06-26T23:30:39.942-04:00 DEBUG 11948 --- [hw] [           main] o.h.b.i.bytebuddy.BytecodeProviderImpl   : HHH000513: Unable to create the ReflectionOptimizer for [com.pedidos.hw.model.DetallePedido]: private accessor [cantidad]
2025-06-26T23:30:39.956-04:00 DEBUG 11948 --- [hw] [           main] org.hibernate.orm.jdbc.mutation          : Skipping collection (re)creation - com.pedidos.hw.model.Pedido.detalles
2025-06-26T23:30:39.957-04:00 DEBUG 11948 --- [hw] [           main] org.hibernate.orm.jdbc.mutation          : Skipping collection row deletions - com.pedidos.hw.model.Pedido.detalles
2025-06-26T23:30:39.957-04:00 DEBUG 11948 --- [hw] [           main] org.hibernate.orm.jdbc.mutation          : Skipping collection removals - com.pedidos.hw.model.Pedido.detalles
2025-06-26T23:30:39.979-04:00 DEBUG 11948 --- [hw] [           main] o.hibernate.orm.model.mapping.creation   : Starting post-init callbacks
2025-06-26T23:30:39.979-04:00 DEBUG 11948 --- [hw] [           main] o.hibernate.orm.model.mapping.creation   : Starting PostInitCallbackEntry : PluralAttributeMapping( NavigableRole[com.pedidos.hw.model.Pedido.detalles#{element}]) - element descriptor
2025-06-26T23:30:39.979-04:00 DEBUG 11948 --- [hw] [           main] o.hibernate.orm.model.mapping.creation   : Starting PostInitCallbackEntry : PluralAttributeMapping(com.pedidos.hw.model.Pedido.detalles)#finishInitialization
2025-06-26T23:30:39.979-04:00 DEBUG 11948 --- [hw] [           main] o.hibernate.orm.model.mapping.creation   : Starting PostInitCallbackEntry : PluralAttributeMapping(com.pedidos.hw.model.Pedido.detalles) - key descriptor
2025-06-26T23:30:39.983-04:00 DEBUG 11948 --- [hw] [           main] o.hibernate.orm.model.mapping.creation   : Starting PostInitCallbackEntry : Entity(com.pedidos.hw.model.Pedido) `staticFetchableList` generator
2025-06-26T23:30:39.984-04:00 DEBUG 11948 --- [hw] [           main] o.hibernate.orm.model.mapping.creation   : Starting PostInitCallbackEntry : To-one key - NavigableRole[com.pedidos.hw.model.DetallePedido.pedido]
2025-06-26T23:30:39.984-04:00 DEBUG 11948 --- [hw] [           main] o.hibernate.orm.model.mapping.creation   : Starting PostInitCallbackEntry : Entity(com.pedidos.hw.model.DetallePedido) `staticFetchableList` generator
2025-06-26T23:30:39.984-04:00 DEBUG 11948 --- [hw] [           main] o.hibernate.orm.model.mapping.creation   : Starting PostInitCallbackEntry : PluralAttributeMapping( NavigableRole[com.pedidos.hw.model.Pedido.detalles#{element}]) - element descriptor
2025-06-26T23:30:40.058-04:00 DEBUG 11948 --- [hw] [           main] org.hibernate.orm.sql.ast.create         : Created new SQL alias : p1_0
2025-06-26T23:30:40.059-04:00 DEBUG 11948 --- [hw] [           main] org.hibernate.orm.sql.ast.create         : Registration of TableGroup [StandardTableGroup(com.pedidos.hw.model.Pedido)] with identifierForTableGroup [com.pedidos.hw.model.Pedido] for NavigablePath [com.pedidos.hw.model.Pedido] 
2025-06-26T23:30:40.071-04:00 DEBUG 11948 --- [hw] [           main] org.hibernate.orm.results.graph.AST      : DomainResult Graph:
 \-EntityResultImpl [com.pedidos.hw.model.Pedido]
 |  +-DelayedCollectionFetch [com.pedidos.hw.model.Pedido.detalles]
 |  +-BasicFetch [com.pedidos.hw.model.Pedido.estado]
 |  +-BasicFetch [com.pedidos.hw.model.Pedido.fecha_pedido]
 |  \-BasicFetch [com.pedidos.hw.model.Pedido.id_usuario]

2025-06-26T23:30:40.073-04:00 DEBUG 11948 --- [hw] [           main] org.hibernate.orm.sql.ast.tree           : SQL AST Tree:
    SelectStatement {
      FromClause {
        StandardTableGroup (p1 : com.pedidos.hw.model.Pedido) {
          primaryTableReference : pedido as p1_0
        }
      }
    }

2025-06-26T23:30:40.078-04:00 DEBUG 11948 --- [hw] [           main] o.h.p.entity.AbstractEntityPersister     : Static SQL for entity: com.pedidos.hw.model.Pedido
2025-06-26T23:30:40.078-04:00 DEBUG 11948 --- [hw] [           main] o.h.p.entity.AbstractEntityPersister     :  Version select: select id from pedido where id=?
2025-06-26T23:30:40.078-04:00 DEBUG 11948 --- [hw] [           main] o.h.p.entity.AbstractEntityPersister     :  Insert (0): insert into pedido (estado,fecha_pedido,id_usuario,id) values (?,?,?,default)
2025-06-26T23:30:40.078-04:00 DEBUG 11948 --- [hw] [           main] o.h.p.entity.AbstractEntityPersister     :  Update (0): update pedido set estado=?,fecha_pedido=?,id_usuario=? where id=?
2025-06-26T23:30:40.078-04:00 DEBUG 11948 --- [hw] [           main] o.h.p.entity.AbstractEntityPersister     :  Delete (0): delete from pedido where id=?
2025-06-26T23:30:40.078-04:00 DEBUG 11948 --- [hw] [           main] org.hibernate.orm.sql.ast.create         : Created new SQL alias : dp1_0
2025-06-26T23:30:40.079-04:00 DEBUG 11948 --- [hw] [           main] org.hibernate.orm.sql.ast.create         : Registration of TableGroup [StandardTableGroup(com.pedidos.hw.model.DetallePedido)] with identifierForTableGroup [com.pedidos.hw.model.DetallePedido] for NavigablePath [com.pedidos.hw.model.DetallePedido] 
2025-06-26T23:30:40.082-04:00 DEBUG 11948 --- [hw] [           main] org.hibernate.orm.sql.ast.create         : Registration of TableGroup [org.hibernate.sql.ast.tree.from.LazyTableGroup@1ef8f7e6] with identifierForTableGroup [com.pedidos.hw.model.DetallePedido.pedido] for NavigablePath [com.pedidos.hw.model.DetallePedido.pedido] 
2025-06-26T23:30:40.083-04:00 DEBUG 11948 --- [hw] [           main] org.hibernate.orm.results.graph.AST      : DomainResult Graph:
 \-EntityResultImpl [com.pedidos.hw.model.DetallePedido]
 |  +-BasicFetch [com.pedidos.hw.model.DetallePedido.cantidad]
 |  +-BasicFetch [com.pedidos.hw.model.DetallePedido.id_producto]
 |  \-EntityDelayedFetchImpl [com.pedidos.hw.model.DetallePedido.pedido]

2025-06-26T23:30:40.084-04:00 DEBUG 11948 --- [hw] [           main] org.hibernate.orm.sql.ast.tree           : SQL AST Tree:
    SelectStatement {
      FromClause {
        StandardTableGroup (dp1 : com.pedidos.hw.model.DetallePedido) {
          primaryTableReference : detalle_pedido as dp1_0
          TableGroupJoins {
            left  join LazyTableGroup (p1 : com.pedidos.hw.model.DetallePedido.pedido) {
            }
          }
        }
      }
    }

2025-06-26T23:30:40.084-04:00 DEBUG 11948 --- [hw] [           main] o.h.p.entity.AbstractEntityPersister     : Static SQL for entity: com.pedidos.hw.model.DetallePedido
2025-06-26T23:30:40.084-04:00 DEBUG 11948 --- [hw] [           main] o.h.p.entity.AbstractEntityPersister     :  Version select: select id_detalle from detalle_pedido where id_detalle=?
2025-06-26T23:30:40.084-04:00 DEBUG 11948 --- [hw] [           main] o.h.p.entity.AbstractEntityPersister     :  Insert (0): insert into detalle_pedido (cantidad,id_producto,id_pedido,id_detalle) values (?,?,?,default)
2025-06-26T23:30:40.084-04:00 DEBUG 11948 --- [hw] [           main] o.h.p.entity.AbstractEntityPersister     :  Update (0): update detalle_pedido set cantidad=?,id_producto=?,id_pedido=? where id_detalle=?
2025-06-26T23:30:40.084-04:00 DEBUG 11948 --- [hw] [           main] o.h.p.entity.AbstractEntityPersister     :  Delete (0): delete from detalle_pedido where id_detalle=?
2025-06-26T23:30:40.085-04:00 DEBUG 11948 --- [hw] [           main] org.hibernate.orm.sql.ast.create         : Created new SQL alias : d1_0
2025-06-26T23:30:40.086-04:00 DEBUG 11948 --- [hw] [           main] org.hibernate.orm.sql.ast.create         : Registration of TableGroup [org.hibernate.sql.ast.tree.from.OneToManyTableGroup@4f93303f] with identifierForTableGroup [com.pedidos.hw.model.Pedido.detalles] for NavigablePath [com.pedidos.hw.model.Pedido.detalles] 
2025-06-26T23:30:40.086-04:00 DEBUG 11948 --- [hw] [           main] org.hibernate.orm.sql.ast.create         : Registration of TableGroup [StandardTableGroup(com.pedidos.hw.model.Pedido.detalles.{element})] with identifierForTableGroup [com.pedidos.hw.model.Pedido.detalles.{element}] for NavigablePath [com.pedidos.hw.model.Pedido.detalles.{element}] 
2025-06-26T23:30:40.091-04:00 DEBUG 11948 --- [hw] [           main] org.hibernate.orm.sql.ast.create         : Registration of TableGroup [org.hibernate.sql.ast.tree.from.LazyTableGroup@318f47f1] with identifierForTableGroup [com.pedidos.hw.model.Pedido.detalles.{element}.pedido] for NavigablePath [com.pedidos.hw.model.Pedido.detalles.{element}.pedido] 
2025-06-26T23:30:40.093-04:00 DEBUG 11948 --- [hw] [           main] org.hibernate.orm.results.graph.AST      : DomainResult Graph:
 \-CollectionDomainResult [com.pedidos.hw.model.Pedido.detalles]

2025-06-26T23:30:40.093-04:00 DEBUG 11948 --- [hw] [           main] org.hibernate.orm.sql.ast.tree           : SQL AST Tree:
    SelectStatement {
      FromClause {
        OneToManyTableGroup (d1 : com.pedidos.hw.model.Pedido.detalles) {
          primaryTableReference : detalle_pedido as d1_0
          TableGroupJoins {
            left  join LazyTableGroup (p1 : com.pedidos.hw.model.Pedido.detalles.{element}.pedido) {
            }
          }
        }
      }
    }

2025-06-26T23:30:40.093-04:00 DEBUG 11948 --- [hw] [           main] org.hibernate.orm.jdbc.mutation          : Static SQL for collection: com.pedidos.hw.model.Pedido.detalles
2025-06-26T23:30:40.105-04:00  INFO 11948 --- [hw] [onnection adder] oracle.jdbc                              : entering args (oracle.jdbc.internal.AbstractConnectionBuilder$1@20f8e8c4)
2025-06-26T23:30:40.105-04:00  INFO 11948 --- [hw] [onnection adder] oracle.jdbc                              : traceId=26453389. 
2025-06-26T23:30:40.106-04:00  INFO 11948 --- [hw] [onnection adder] oracle.jdbc                              : Session Attributes: 
sdu=8192, tdu=32767
nt: host=adb.sa-valparaiso-1.oraclecloud.com, port=1522, socketOptions={0=YES, 1=NO, 2=30000, 4=TRUE, 5=(SOURCE=(METHOD=FILE)(METHOD_DATA=(DIRECTORY=wallet))), 38=TLS, 40=false, 17=20, 18=false, 20=true, 23=40, 24=50, 25=0}
    socket=null
client profile={oracle.net.encryption_types_client=(), oracle.net.crypto_seed=, oracle.net.authentication_services=(), oracle.net.setFIPSMode=false, oracle.net.kerberos5_mutual_authentication=false, oracle.net.encryption_client=ACCEPTED, oracle.net.crypto_checksum_client=ACCEPTED, oracle.net.crypto_checksum_types_client=()}
connection options=[host=adb.sa-valparaiso-1.oraclecloud.com port=1522 protocol=tcps service_name=g9da66205f7ede8_bdmsv_high.adb.oraclecloud.com addr=(ADDRESS=(PROTOCOL=tcps)(HOST=adb.sa-valparaiso-1.oraclecloud.com)(PORT=1522)) conn_data=(DESCRIPTION=(ADDRESS=(PROTOCOL=tcps)(PORT=1522)(HOST=165.1.96.72)(HOSTNAME=adb.sa-valparaiso-1.oraclecloud.com))(CONNECT_DATA=(CID=(PROGRAM=ForkedBooter)(HOST=DESKTOP-BN646OU)(USER=colom))(service_name=g9da66205f7ede8_bdmsv_high.adb.oraclecloud.com))) sslServerCertDN=CN=adb.sa-valparaiso-1.oraclecloud.com, O=Oracle Corporation, L=Redwood City, ST=California, C=US done=true]
onBreakReset=false, dataEOF=false, negotiatedOptions=0x801, connected=false
TTIINIT enabled=false, TTC cookie enabled=false

2025-06-26T23:30:40.106-04:00  INFO 11948 --- [hw] [onnection adder] oracle.jdbc                              : traceId=26453389, anoEnabled=true. 
2025-06-26T23:30:40.106-04:00  INFO 11948 --- [hw] [onnection adder] oracle.jdbc                              : Got Resend, SessionTraceId = 26453389
2025-06-26T23:30:40.107-04:00  INFO 11948 --- [hw] [onnection adder] oracle.jdbc                              : Connection established. Cleared conn strategy stack
2025-06-26T23:30:40.107-04:00  INFO 11948 --- [hw] [onnection adder] oracle.jdbc                              : Break received from server. Responding with reset...
2025-06-26T23:30:40.107-04:00  INFO 11948 --- [hw] [onnection adder] oracle.jdbc                              : SO_TIMEOUT interrupt timer cancelled null
2025-06-26T23:30:40.107-04:00  INFO 11948 --- [hw] [onnection adder] oracle.jdbc                              : Sending break marker, SessionTraceId = 26453389
2025-06-26T23:30:40.107-04:00  INFO 11948 --- [hw] [onnection adder] oracle.jdbc                              : throwing

java.sql.SQLRecoverableException: ORA-00018: maximum number of sessions exceeded

https://docs.oracle.com/error-help/db/ora-00018/
	at oracle.jdbc.driver.T4CTTIoer11.processError(T4CTTIoer11.java:709) ~[ojdbc11-23.5.0.24.07.jar:23.5.0.24.07]
	at oracle.jdbc.driver.T4CTTIoer11.processError(T4CTTIoer11.java:604) ~[ojdbc11-23.5.0.24.07.jar:23.5.0.24.07]
	at oracle.jdbc.driver.T4CTTIoer11.processError(T4CTTIoer11.java:599) ~[ojdbc11-23.5.0.24.07.jar:23.5.0.24.07]
	at oracle.jdbc.driver.T4CTTIfun.processError(T4CTTIfun.java:1809) ~[ojdbc11-23.5.0.24.07.jar:23.5.0.24.07]
	at oracle.jdbc.driver.T4CTTIoauthenticate.processError(T4CTTIoauthenticate.java:903) ~[ojdbc11-23.5.0.24.07.jar:23.5.0.24.07]
	at oracle.jdbc.driver.T4CTTIfun.receive(T4CTTIfun.java:1100) ~[ojdbc11-23.5.0.24.07.jar:23.5.0.24.07]
	at oracle.jdbc.driver.T4CTTIfun.doRPC(T4CTTIfun.java:408) ~[ojdbc11-23.5.0.24.07.jar:23.5.0.24.07]
	at oracle.jdbc.driver.T4CTTIoauthenticate.doOAUTH(T4CTTIoauthenticate.java:530) ~[ojdbc11-23.5.0.24.07.jar:23.5.0.24.07]
	at oracle.jdbc.driver.T4CTTIoauthenticate.doOAUTHWithO5Logon(T4CTTIoauthenticate.java:1712) ~[ojdbc11-23.5.0.24.07.jar:23.5.0.24.07]
	at oracle.jdbc.driver.T4CTTIoauthenticate.doOAUTH(T4CTTIoauthenticate.java:1459) ~[ojdbc11-23.5.0.24.07.jar:23.5.0.24.07]
	at oracle.jdbc.driver.T4CTTIoauthenticate.doOAUTH(T4CTTIoauthenticate.java:1399) ~[ojdbc11-23.5.0.24.07.jar:23.5.0.24.07]
	at oracle.jdbc.driver.T4CConnection.authenticateWithPassword(T4CConnection.java:2050) ~[ojdbc11-23.5.0.24.07.jar:23.5.0.24.07]
	at oracle.jdbc.driver.T4CConnection.authenticateUserForLogon(T4CConnection.java:1989) ~[ojdbc11-23.5.0.24.07.jar:23.5.0.24.07]
	at oracle.jdbc.driver.T4CConnection.logon(T4CConnection.java:1090) ~[ojdbc11-23.5.0.24.07.jar:23.5.0.24.07]
	at oracle.jdbc.driver.PhysicalConnection.connect(PhysicalConnection.java:1206) ~[ojdbc11-23.5.0.24.07.jar:23.5.0.24.07]
	at oracle.jdbc.driver.T4CDriverExtension.getConnection(T4CDriverExtension.java:105) ~[ojdbc11-23.5.0.24.07.jar:23.5.0.24.07]
	at oracle.jdbc.driver.OracleDriver.connect(OracleDriver.java:886) ~[ojdbc11-23.5.0.24.07.jar:23.5.0.24.07]
	at oracle.jdbc.driver.OracleDriver.connect(OracleDriver.java:693) ~[ojdbc11-23.5.0.24.07.jar:23.5.0.24.07]
	at com.zaxxer.hikari.util.DriverDataSource.getConnection(DriverDataSource.java:137) ~[HikariCP-5.1.0.jar:na]
	at com.zaxxer.hikari.pool.PoolBase.newConnection(PoolBase.java:360) ~[HikariCP-5.1.0.jar:na]
	at com.zaxxer.hikari.pool.PoolBase.newPoolEntry(PoolBase.java:202) ~[HikariCP-5.1.0.jar:na]
	at com.zaxxer.hikari.pool.HikariPool.createPoolEntry(HikariPool.java:461) ~[HikariCP-5.1.0.jar:na]
	at com.zaxxer.hikari.pool.HikariPool$PoolEntryCreator.call(HikariPool.java:724) ~[HikariCP-5.1.0.jar:na]
	at com.zaxxer.hikari.pool.HikariPool$PoolEntryCreator.call(HikariPool.java:703) ~[HikariCP-5.1.0.jar:na]
	at java.base/java.util.concurrent.FutureTask.run(FutureTask.java:317) ~[na:na]
	at java.base/java.util.concurrent.ThreadPoolExecutor.runWorker(ThreadPoolExecutor.java:1144) ~[na:na]
	at java.base/java.util.concurrent.ThreadPoolExecutor$Worker.run(ThreadPoolExecutor.java:642) ~[na:na]
	at java.base/java.lang.Thread.run(Thread.java:1583) ~[na:na]

2025-06-26T23:30:40.108-04:00  INFO 11948 --- [hw] [onnection adder] oracle.jdbc                              : properties={LOCALE=es_ES, DriverVersion=23.5.0.24.07, java.library.path: =C:\Program Files\Java\jdk-21\bin;C:\Windows\Sun\Java\bin;C:\Windows\system32;C:\Windows;C:\Program Files\Common Files\Oracle\Java\javapath;C:\Windows\system32;C:\Windows;C:\Windows\System32\Wbem;C:\Windows\System32\WindowsPowerShell\v1.0\;C:\Windows\System32\OpenSSH\;C:\Program Files\Git\cmd;C:\Users\colom\AppData\Local\Microsoft\WindowsApps;C:\Users\colom\AppData\Local\Programs\Microsoft VS Code\bin;., java.class.path: =c:\Users\colom\Documents\hw_local\pedidos-hw\target\test-classes;c:\Users\colom\Documents\hw_local\pedidos-hw\target\classes;C:\Users\colom\.m2\repository\com\h2database\h2\2.3.232\h2-2.3.232.jar;C:\Users\colom\.m2\repository\com\oracle\database\jdbc\ojdbc11\23.5.0.24.07\ojdbc11-23.5.0.24.07.jar;C:\Users\colom\.m2\repository\com\oracle\database\security\oraclepki\23.5.0.24.07\oraclepki-23.5.0.24.07.jar;C:\Users\colom\.m2\repository\com\oracle\database\security\osdt_cert\19.8.0.0\osdt_cert-19.8.0.0.jar;C:\Users\colom\.m2\repository\com\oracle\database\security\osdt_core\19.8.0.0\osdt_core-19.8.0.0.jar;C:\Users\colom\.m2\repository\org\apache\httpcomponents\client5\httpclient5\5.4.4\httpclient5-5.4.4.jar;C:\Users\colom\.m2\repository\org\apache\httpcomponents\core5\httpcore5\5.3.4\httpcore5-5.3.4.jar;C:\Users\colom\.m2\repository\org\apache\httpcomponents\core5\httpcore5-h2\5.3.4\httpcore5-h2-5.3.4.jar;C:\Users\colom\.m2\repository\org\slf4j\slf4j-api\2.0.17\slf4j-api-2.0.17.jar;C:\Users\colom\.m2\repository\org\projectlombok\lombok\1.18.38\lombok-1.18.38.jar;C:\Users\colom\.m2\repository\org\springdoc\springdoc-openapi-starter-webmvc-ui\2.8.5\springdoc-openapi-starter-webmvc-ui-2.8.5.jar;C:\Users\colom\.m2\repository\org\springdoc\springdoc-openapi-starter-webmvc-api\2.8.5\springdoc-openapi-starter-webmvc-api-2.8.5.jar;C:\Users\colom\.m2\repository\org\springdoc\springdoc-openapi-starter-common\2.8.5\springdoc-openapi-starter-common-2.8.5.jar;C:\Users\colom\.m2\repository\io\swagger\core\v3\swagger-core-jakarta\2.2.28\swagger-core-jakarta-2.2.28.jar;C:\Users\colom\.m2\repository\org\apache\commons\commons-lang3\3.17.0\commons-lang3-3.17.0.jar;C:\Users\colom\.m2\repository\io\swagger\core\v3\swagger-annotations-jakarta\2.2.28\swagger-annotations-jakarta-2.2.28.jar;C:\Users\colom\.m2\repository\io\swagger\core\v3\swagger-models-jakarta\2.2.28\swagger-models-jakarta-2.2.28.jar;C:\Users\colom\.m2\repository\jakarta\validation\jakarta.validation-api\3.0.2\jakarta.validation-api-3.0.2.jar;C:\Users\colom\.m2\repository\com\fasterxml\jackson\dataformat\jackson-dataformat-yaml\2.18.4\jackson-dataformat-yaml-2.18.4.jar;C:\Users\colom\.m2\repository\org\webjars\swagger-ui\5.18.3\swagger-ui-5.18.3.jar;C:\Users\colom\.m2\repository\org\webjars\webjars-locator-lite\1.0.1\webjars-locator-lite-1.0.1.jar;C:\Users\colom\.m2\repository\org\jspecify\jspecify\1.0.0\jspecify-1.0.0.jar;C:\Users\colom\.m2\repository\org\springframework\boot\spring-boot-starter-data-jdbc\3.4.7\spring-boot-starter-data-jdbc-3.4.7.jar;C:\Users\colom\.m2\repository\org\springframework\boot\spring-boot-starter-jdbc\3.4.7\spring-boot-starter-jdbc-3.4.7.jar;C:\Users\colom\.m2\repository\com\zaxxer\HikariCP\5.1.0\HikariCP-5.1.0.jar;C:\Users\colom\.m2\repository\org\springframework\spring-jdbc\6.2.8\spring-jdbc-6.2.8.jar;C:\Users\colom\.m2\repository\org\springframework\data\spring-data-jdbc\3.4.7\spring-data-jdbc-3.4.7.jar;C:\Users\colom\.m2\repository\org\springframework\data\spring-data-relational\3.4.7\spring-data-relational-3.4.7.jar;C:\Users\colom\.m2\repository\org\springframework\data\spring-data-commons\3.4.7\spring-data-commons-3.4.7.jar;C:\Users\colom\.m2\repository\org\springframework\spring-tx\6.2.8\spring-tx-6.2.8.jar;C:\Users\colom\.m2\repository\org\springframework\spring-context\6.2.8\spring-context-6.2.8.jar;C:\Users\colom\.m2\repository\org\springframework\spring-beans\6.2.8\spring-beans-6.2.8.jar;C:\Users\colom\.m2\repository\org\springframework\boot\spring-boot-starter-data-jpa\3.4.7\spring-boot-starter-data-jpa-3.4.7.jar;C:\Users\colom\.m2\repository\org\springframework\boot\spring-boot-starter\3.4.7\spring-boot-starter-3.4.7.jar;C:\Users\colom\.m2\repository\org\springframework\boot\spring-boot\3.4.7\spring-boot-3.4.7.jar;C:\Users\colom\.m2\repository\org\springframework\boot\spring-boot-autoconfigure\3.4.7\spring-boot-autoconfigure-3.4.7.jar;C:\Users\colom\.m2\repository\org\springframework\boot\spring-boot-starter-logging\3.4.7\spring-boot-starter-logging-3.4.7.jar;C:\Users\colom\.m2\repository\ch\qos\logback\logback-classic\1.5.18\logback-classic-1.5.18.jar;C:\Users\colom\.m2\repository\ch\qos\logback\logback-core\1.5.18\logback-core-1.5.18.jar;C:\Users\colom\.m2\repository\org\apache\logging\log4j\log4j-to-slf4j\2.24.3\log4j-to-slf4j-2.24.3.jar;C:\Users\colom\.m2\repository\org\apache\logging\log4j\log4j-api\2.24.3\log4j-api-2.24.3.jar;C:\Users\colom\.m2\repository\org\slf4j\jul-to-slf4j\2.0.17\jul-to-slf4j-2.0.17.jar;C:\Users\colom\.m2\repository\jakarta\annotation\jakarta.annotation-api\2.1.1\jakarta.annotation-api-2.1.1.jar;C:\Users\colom\.m2\repository\org\yaml\snakeyaml\2.3\snakeyaml-2.3.jar;C:\Users\colom\.m2\repository\org\hibernate\orm\hibernate-core\6.6.18.Final\hibernate-core-6.6.18.Final.jar;C:\Users\colom\.m2\repository\jakarta\persistence\jakarta.persistence-api\3.1.0\jakarta.persistence-api-3.1.0.jar;C:\Users\colom\.m2\repository\jakarta\transaction\jakarta.transaction-api\2.0.1\jakarta.transaction-api-2.0.1.jar;C:\Users\colom\.m2\repository\org\jboss\logging\jboss-logging\3.6.1.Final\jboss-logging-3.6.1.Final.jar;C:\Users\colom\.m2\repository\org\hibernate\common\hibernate-commons-annotations\7.0.3.Final\hibernate-commons-annotations-7.0.3.Final.jar;C:\Users\colom\.m2\repository\io\smallrye\jandex\3.2.0\jandex-3.2.0.jar;C:\Users\colom\.m2\repository\com\fasterxml\classmate\1.7.0\classmate-1.7.0.jar;C:\Users\colom\.m2\repository\net\bytebuddy\byte-buddy\1.15.11\byte-buddy-1.15.11.jar;C:\Users\colom\.m2\repository\org\glassfish\jaxb\jaxb-runtime\4.0.5\jaxb-runtime-4.0.5.jar;C:\Users\colom\.m2\repository\org\glassfish\jaxb\jaxb-core\4.0.5\jaxb-core-4.0.5.jar;C:\Users\colom\.m2\repository\org\eclipse\angus\angus-activation\2.0.2\angus-activation-2.0.2.jar;C:\Users\colom\.m2\repository\org\glassfish\jaxb\txw2\4.0.5\txw2-4.0.5.jar;C:\Users\colom\.m2\repository\com\sun\istack\istack-commons-runtime\4.1.2\istack-commons-runtime-4.1.2.jar;C:\Users\colom\.m2\repository\jakarta\inject\jakarta.inject-api\2.0.1\jakarta.inject-api-2.0.1.jar;C:\Users\colom\.m2\repository\org\antlr\antlr4-runtime\4.13.0\antlr4-runtime-4.13.0.jar;C:\Users\colom\.m2\repository\org\springframework\data\spring-data-jpa\3.4.7\spring-data-jpa-3.4.7.jar;C:\Users\colom\.m2\repository\org\springframework\spring-orm\6.2.8\spring-orm-6.2.8.jar;C:\Users\colom\.m2\repository\org\springframework\spring-aop\6.2.8\spring-aop-6.2.8.jar;C:\Users\colom\.m2\repository\org\springframework\spring-aspects\6.2.8\spring-aspects-6.2.8.jar;C:\Users\colom\.m2\repository\org\aspectj\aspectjweaver\1.9.24\aspectjweaver-1.9.24.jar;C:\Users\colom\.m2\repository\org\springframework\boot\spring-boot-starter-hateoas\3.4.7\spring-boot-starter-hateoas-3.4.7.jar;C:\Users\colom\.m2\repository\org\springframework\hateoas\spring-hateoas\2.4.1\spring-hateoas-2.4.1.jar;C:\Users\colom\.m2\repository\org\springframework\plugin\spring-plugin-core\3.0.0\spring-plugin-core-3.0.0.jar;C:\Users\colom\.m2\repository\org\springframework\boot\spring-boot-starter-test\3.3.2\spring-boot-starter-test-3.3.2.jar;C:\Users\colom\.m2\repository\org\springframework\boot\spring-boot-test\3.4.7\spring-boot-test-3.4.7.jar;C:\Users\colom\.m2\repository\org\springframework\boot\spring-boot-test-autoconfigure\3.4.7\spring-boot-test-autoconfigure-3.4.7.jar;C:\Users\colom\.m2\repository\com\jayway\jsonpath\json-path\2.9.0\json-path-2.9.0.jar;C:\Users\colom\.m2\repository\jakarta\xml\bind\jakarta.xml.bind-api\4.0.2\jakarta.xml.bind-api-4.0.2.jar;C:\Users\colom\.m2\repository\jakarta\activation\jakarta.activation-api\2.1.3\jakarta.activation-api-2.1.3.jar;C:\Users\colom\.m2\repository\net\minidev\json-smart\2.5.2\json-smart-2.5.2.jar;C:\Users\colom\.m2\repository\net\minidev\accessors-smart\2.5.2\accessors-smart-2.5.2.jar;C:\Users\colom\.m2\repository\org\ow2\asm\asm\9.7.1\asm-9.7.1.jar;C:\Users\colom\.m2\repository\org\assertj\assertj-core\3.26.3\assertj-core-3.26.3.jar;C:\Users\colom\.m2\repository\org\awaitility\awaitility\4.2.2\awaitility-4.2.2.jar;C:\Users\colom\.m2\repository\org\hamcrest\hamcrest\2.2\hamcrest-2.2.jar;C:\Users\colom\.m2\repository\org\junit\jupiter\junit-jupiter\5.11.4\junit-jupiter-5.11.4.jar;C:\Users\colom\.m2\repository\org\junit\jupiter\junit-jupiter-api\5.11.4\junit-jupiter-api-5.11.4.jar;C:\Users\colom\.m2\repository\org\opentest4j\opentest4j\1.3.0\opentest4j-1.3.0.jar;C:\Users\colom\.m2\repository\org\junit\platform\junit-platform-commons\1.11.4\junit-platform-commons-1.11.4.jar;C:\Users\colom\.m2\repository\org\apiguardian\apiguardian-api\1.1.2\apiguardian-api-1.1.2.jar;C:\Users\colom\.m2\repository\org\junit\jupiter\junit-jupiter-params\5.11.4\junit-jupiter-params-5.11.4.jar;C:\Users\colom\.m2\repository\org\junit\jupiter\junit-jupiter-engine\5.11.4\junit-jupiter-engine-5.11.4.jar;C:\Users\colom\.m2\repository\org\junit\platform\junit-platform-engine\1.11.4\junit-platform-engine-1.11.4.jar;C:\Users\colom\.m2\repository\org\mockito\mockito-core\5.14.2\mockito-core-5.14.2.jar;C:\Users\colom\.m2\repository\net\bytebuddy\byte-buddy-agent\1.15.11\byte-buddy-agent-1.15.11.jar;C:\Users\colom\.m2\repository\org\objenesis\objenesis\3.3\objenesis-3.3.jar;C:\Users\colom\.m2\repository\org\mockito\mockito-junit-jupiter\5.14.2\mockito-junit-jupiter-5.14.2.jar;C:\Users\colom\.m2\repository\org\skyscreamer\jsonassert\1.5.3\jsonassert-1.5.3.jar;C:\Users\colom\.m2\repository\com\vaadin\external\google\android-json\0.0.20131108.vaadin1\android-json-0.0.20131108.vaadin1.jar;C:\Users\colom\.m2\repository\org\springframework\spring-core\6.2.8\spring-core-6.2.8.jar;C:\Users\colom\.m2\repository\org\springframework\spring-jcl\6.2.8\spring-jcl-6.2.8.jar;C:\Users\colom\.m2\repository\org\springframework\spring-test\6.2.8\spring-test-6.2.8.jar;C:\Users\colom\.m2\repository\org\xmlunit\xmlunit-core\2.10.2\xmlunit-core-2.10.2.jar;C:\Users\colom\.m2\repository\org\springframework\boot\spring-boot-starter-web\3.4.7\spring-boot-starter-web-3.4.7.jar;C:\Users\colom\.m2\repository\org\springframework\boot\spring-boot-starter-json\3.4.7\spring-boot-starter-json-3.4.7.jar;C:\Users\colom\.m2\repository\com\fasterxml\jackson\core\jackson-databind\2.18.4\jackson-databind-2.18.4.jar;C:\Users\colom\.m2\repository\com\fasterxml\jackson\core\jackson-annotations\2.18.4\jackson-annotations-2.18.4.jar;C:\Users\colom\.m2\repository\com\fasterxml\jackson\core\jackson-core\2.18.4.1\jackson-core-2.18.4.1.jar;C:\Users\colom\.m2\repository\com\fasterxml\jackson\datatype\jackson-datatype-jdk8\2.18.4\jackson-datatype-jdk8-2.18.4.jar;C:\Users\colom\.m2\repository\com\fasterxml\jackson\datatype\jackson-datatype-jsr310\2.18.4\jackson-datatype-jsr310-2.18.4.jar;C:\Users\colom\.m2\repository\com\fasterxml\jackson\module\jackson-module-parameter-names\2.18.4\jackson-module-parameter-names-2.18.4.jar;C:\Users\colom\.m2\repository\org\springframework\boot\spring-boot-starter-tomcat\3.4.7\spring-boot-starter-tomcat-3.4.7.jar;C:\Users\colom\.m2\repository\org\apache\tomcat\embed\tomcat-embed-core\10.1.42\tomcat-embed-core-10.1.42.jar;C:\Users\colom\.m2\repository\org\apache\tomcat\embed\tomcat-embed-el\10.1.42\tomcat-embed-el-10.1.42.jar;C:\Users\colom\.m2\repository\org\apache\tomcat\embed\tomcat-embed-websocket\10.1.42\tomcat-embed-websocket-10.1.42.jar;C:\Users\colom\.m2\repository\org\springframework\spring-web\6.2.8\spring-web-6.2.8.jar;C:\Users\colom\.m2\repository\io\micrometer\micrometer-observation\1.14.8\micrometer-observation-1.14.8.jar;C:\Users\colom\.m2\repository\io\micrometer\micrometer-commons\1.14.8\micrometer-commons-1.14.8.jar;C:\Users\colom\.m2\repository\org\springframework\spring-webmvc\6.2.8\spring-webmvc-6.2.8.jar;C:\Users\colom\.m2\repository\org\springframework\spring-expression\6.2.8\spring-expression-6.2.8.jar;C:\Users\colom\.m2\repository\org\springframework\cloud\spring-cloud-starter-openfeign\4.2.0\spring-cloud-starter-openfeign-4.2.0.jar;C:\Users\colom\.m2\repository\org\springframework\cloud\spring-cloud-starter\4.2.0\spring-cloud-starter-4.2.0.jar;C:\Users\colom\.m2\repository\org\springframework\cloud\spring-cloud-context\4.2.0\spring-cloud-context-4.2.0.jar;C:\Users\colom\.m2\repository\org\bouncycastle\bcprov-jdk18on\1.78.1\bcprov-jdk18on-1.78.1.jar;C:\Users\colom\.m2\repository\org\springframework\cloud\spring-cloud-openfeign-core\4.2.0\spring-cloud-openfeign-core-4.2.0.jar;C:\Users\colom\.m2\repository\io\github\openfeign\feign-form-spring\13.5\feign-form-spring-13.5.jar;C:\Users\colom\.m2\repository\io\github\openfeign\feign-form\13.5\feign-form-13.5.jar;C:\Users\colom\.m2\repository\commons-fileupload\commons-fileupload\1.5\commons-fileupload-1.5.jar;C:\Users\colom\.m2\repository\commons-io\commons-io\2.11.0\commons-io-2.11.0.jar;C:\Users\colom\.m2\repository\org\springframework\cloud\spring-cloud-commons\4.2.0\spring-cloud-commons-4.2.0.jar;C:\Users\colom\.m2\repository\org\springframework\security\spring-security-crypto\6.4.7\spring-security-crypto-6.4.7.jar;C:\Users\colom\.m2\repository\io\github\openfeign\feign-core\13.5\feign-core-13.5.jar;C:\Users\colom\.m2\repository\io\github\openfeign\feign-slf4j\13.5\feign-slf4j-13.5.jar;, java.version: =21.0.5}. 
2025-06-26T23:30:40.108-04:00 DEBUG 11948 --- [hw] [onnection adder] com.zaxxer.hikari.pool.HikariPool        : HikariPool-1 - Cannot acquire connection from data source

java.sql.SQLRecoverableException: ORA-00018: maximum number of sessions exceeded

https://docs.oracle.com/error-help/db/ora-00018/
	at oracle.jdbc.driver.T4CTTIoer11.processError(T4CTTIoer11.java:709) ~[ojdbc11-23.5.0.24.07.jar:23.5.0.24.07]
	at oracle.jdbc.driver.T4CTTIoer11.processError(T4CTTIoer11.java:604) ~[ojdbc11-23.5.0.24.07.jar:23.5.0.24.07]
	at oracle.jdbc.driver.T4CTTIoer11.processError(T4CTTIoer11.java:599) ~[ojdbc11-23.5.0.24.07.jar:23.5.0.24.07]
	at oracle.jdbc.driver.T4CTTIfun.processError(T4CTTIfun.java:1809) ~[ojdbc11-23.5.0.24.07.jar:23.5.0.24.07]
	at oracle.jdbc.driver.T4CTTIoauthenticate.processError(T4CTTIoauthenticate.java:903) ~[ojdbc11-23.5.0.24.07.jar:23.5.0.24.07]
	at oracle.jdbc.driver.T4CTTIfun.receive(T4CTTIfun.java:1100) ~[ojdbc11-23.5.0.24.07.jar:23.5.0.24.07]
	at oracle.jdbc.driver.T4CTTIfun.doRPC(T4CTTIfun.java:408) ~[ojdbc11-23.5.0.24.07.jar:23.5.0.24.07]
	at oracle.jdbc.driver.T4CTTIoauthenticate.doOAUTH(T4CTTIoauthenticate.java:530) ~[ojdbc11-23.5.0.24.07.jar:23.5.0.24.07]
	at oracle.jdbc.driver.T4CTTIoauthenticate.doOAUTHWithO5Logon(T4CTTIoauthenticate.java:1712) ~[ojdbc11-23.5.0.24.07.jar:23.5.0.24.07]
	at oracle.jdbc.driver.T4CTTIoauthenticate.doOAUTH(T4CTTIoauthenticate.java:1459) ~[ojdbc11-23.5.0.24.07.jar:23.5.0.24.07]
	at oracle.jdbc.driver.T4CTTIoauthenticate.doOAUTH(T4CTTIoauthenticate.java:1399) ~[ojdbc11-23.5.0.24.07.jar:23.5.0.24.07]
	at oracle.jdbc.driver.T4CConnection.authenticateWithPassword(T4CConnection.java:2050) ~[ojdbc11-23.5.0.24.07.jar:23.5.0.24.07]
	at oracle.jdbc.driver.T4CConnection.authenticateUserForLogon(T4CConnection.java:1989) ~[ojdbc11-23.5.0.24.07.jar:23.5.0.24.07]
	at oracle.jdbc.driver.T4CConnection.logon(T4CConnection.java:1090) ~[ojdbc11-23.5.0.24.07.jar:23.5.0.24.07]
	at oracle.jdbc.driver.PhysicalConnection.connect(PhysicalConnection.java:1206) ~[ojdbc11-23.5.0.24.07.jar:23.5.0.24.07]
	at oracle.jdbc.driver.T4CDriverExtension.getConnection(T4CDriverExtension.java:105) ~[ojdbc11-23.5.0.24.07.jar:23.5.0.24.07]
	at oracle.jdbc.driver.OracleDriver.connect(OracleDriver.java:886) ~[ojdbc11-23.5.0.24.07.jar:23.5.0.24.07]
	at oracle.jdbc.driver.OracleDriver.connect(OracleDriver.java:693) ~[ojdbc11-23.5.0.24.07.jar:23.5.0.24.07]
	at com.zaxxer.hikari.util.DriverDataSource.getConnection(DriverDataSource.java:137) ~[HikariCP-5.1.0.jar:na]
	at com.zaxxer.hikari.pool.PoolBase.newConnection(PoolBase.java:360) ~[HikariCP-5.1.0.jar:na]
	at com.zaxxer.hikari.pool.PoolBase.newPoolEntry(PoolBase.java:202) ~[HikariCP-5.1.0.jar:na]
	at com.zaxxer.hikari.pool.HikariPool.createPoolEntry(HikariPool.java:461) ~[HikariCP-5.1.0.jar:na]
	at com.zaxxer.hikari.pool.HikariPool$PoolEntryCreator.call(HikariPool.java:724) ~[HikariCP-5.1.0.jar:na]
	at com.zaxxer.hikari.pool.HikariPool$PoolEntryCreator.call(HikariPool.java:703) ~[HikariCP-5.1.0.jar:na]
	at java.base/java.util.concurrent.FutureTask.run(FutureTask.java:317) ~[na:na]
	at java.base/java.util.concurrent.ThreadPoolExecutor.runWorker(ThreadPoolExecutor.java:1144) ~[na:na]
	at java.base/java.util.concurrent.ThreadPoolExecutor$Worker.run(ThreadPoolExecutor.java:642) ~[na:na]
	at java.base/java.lang.Thread.run(Thread.java:1583) ~[na:na]

2025-06-26T23:30:40.121-04:00  INFO 11948 --- [hw] [           main] o.h.e.t.j.p.i.JtaPlatformInitiator       : HHH000489: No JTA platform available (set 'hibernate.transaction.jta.platform' to enable JTA platform integration)
2025-06-26T23:30:40.121-04:00 DEBUG 11948 --- [hw] [           main] o.h.type.spi.TypeConfiguration$Scope     : Scoping TypeConfiguration [org.hibernate.type.spi.TypeConfiguration@15a8bbe5] to SessionFactoryImplementor [org.hibernate.internal.SessionFactoryImpl@11efa76e]
2025-06-26T23:30:40.122-04:00 DEBUG 11948 --- [hw] [           main] o.h.query.named.NamedObjectRepository    : Checking 0 named HQL queries
2025-06-26T23:30:40.122-04:00 DEBUG 11948 --- [hw] [           main] o.h.query.named.NamedObjectRepository    : Checking 0 named SQL queries
2025-06-26T23:30:40.335-04:00  INFO 11948 --- [hw] [onnection adder] oracle.jdbc                              : entering args (oracle.jdbc.internal.AbstractConnectionBuilder$1@547670d3)
2025-06-26T23:30:40.335-04:00  INFO 11948 --- [hw] [onnection adder] oracle.jdbc                              : traceId=78CFAD9C. 
2025-06-26T23:30:40.335-04:00  INFO 11948 --- [hw] [onnection adder] oracle.jdbc                              : Session Attributes: 
sdu=8192, tdu=32767
nt: host=adb.sa-valparaiso-1.oraclecloud.com, port=1522, socketOptions={0=YES, 1=NO, 2=30000, 4=TRUE, 5=(SOURCE=(METHOD=FILE)(METHOD_DATA=(DIRECTORY=wallet))), 38=TLS, 40=false, 17=20, 18=false, 20=true, 23=40, 24=50, 25=0}
    socket=null
client profile={oracle.net.encryption_types_client=(), oracle.net.crypto_seed=, oracle.net.authentication_services=(), oracle.net.setFIPSMode=false, oracle.net.kerberos5_mutual_authentication=false, oracle.net.encryption_client=ACCEPTED, oracle.net.crypto_checksum_client=ACCEPTED, oracle.net.crypto_checksum_types_client=()}
connection options=[host=adb.sa-valparaiso-1.oraclecloud.com port=1522 protocol=tcps service_name=g9da66205f7ede8_bdmsv_high.adb.oraclecloud.com addr=(ADDRESS=(PROTOCOL=tcps)(HOST=adb.sa-valparaiso-1.oraclecloud.com)(PORT=1522)) conn_data=(DESCRIPTION=(ADDRESS=(PROTOCOL=tcps)(PORT=1522)(HOST=165.1.96.72)(HOSTNAME=adb.sa-valparaiso-1.oraclecloud.com))(CONNECT_DATA=(CID=(PROGRAM=ForkedBooter)(HOST=DESKTOP-BN646OU)(USER=colom))(service_name=g9da66205f7ede8_bdmsv_high.adb.oraclecloud.com))) sslServerCertDN=CN=adb.sa-valparaiso-1.oraclecloud.com, O=Oracle Corporation, L=Redwood City, ST=California, C=US done=true]
onBreakReset=false, dataEOF=false, negotiatedOptions=0x801, connected=false
TTIINIT enabled=false, TTC cookie enabled=false

2025-06-26T23:30:40.335-04:00  INFO 11948 --- [hw] [onnection adder] oracle.jdbc                              : traceId=78CFAD9C, anoEnabled=true. 
2025-06-26T23:30:40.336-04:00  INFO 11948 --- [hw] [onnection adder] oracle.jdbc                              : Got Resend, SessionTraceId = 78CFAD9C
2025-06-26T23:30:40.336-04:00  INFO 11948 --- [hw] [onnection adder] oracle.jdbc                              : Connection established. Cleared conn strategy stack
2025-06-26T23:30:40.336-04:00  INFO 11948 --- [hw] [onnection adder] oracle.jdbc                              : Break received from server. Responding with reset...
2025-06-26T23:30:40.336-04:00  INFO 11948 --- [hw] [onnection adder] oracle.jdbc                              : SO_TIMEOUT interrupt timer cancelled null
2025-06-26T23:30:40.336-04:00  INFO 11948 --- [hw] [onnection adder] oracle.jdbc                              : Sending break marker, SessionTraceId = 78CFAD9C
2025-06-26T23:30:40.337-04:00  INFO 11948 --- [hw] [onnection adder] oracle.jdbc                              : throwing

java.sql.SQLRecoverableException: ORA-00018: maximum number of sessions exceeded

https://docs.oracle.com/error-help/db/ora-00018/
	at oracle.jdbc.driver.T4CTTIoer11.processError(T4CTTIoer11.java:709) ~[ojdbc11-23.5.0.24.07.jar:23.5.0.24.07]
	at oracle.jdbc.driver.T4CTTIoer11.processError(T4CTTIoer11.java:604) ~[ojdbc11-23.5.0.24.07.jar:23.5.0.24.07]
	at oracle.jdbc.driver.T4CTTIoer11.processError(T4CTTIoer11.java:599) ~[ojdbc11-23.5.0.24.07.jar:23.5.0.24.07]
	at oracle.jdbc.driver.T4CTTIfun.processError(T4CTTIfun.java:1809) ~[ojdbc11-23.5.0.24.07.jar:23.5.0.24.07]
	at oracle.jdbc.driver.T4CTTIoauthenticate.processError(T4CTTIoauthenticate.java:903) ~[ojdbc11-23.5.0.24.07.jar:23.5.0.24.07]
	at oracle.jdbc.driver.T4CTTIfun.receive(T4CTTIfun.java:1100) ~[ojdbc11-23.5.0.24.07.jar:23.5.0.24.07]
	at oracle.jdbc.driver.T4CTTIfun.doRPC(T4CTTIfun.java:408) ~[ojdbc11-23.5.0.24.07.jar:23.5.0.24.07]
	at oracle.jdbc.driver.T4CTTIoauthenticate.doOAUTH(T4CTTIoauthenticate.java:530) ~[ojdbc11-23.5.0.24.07.jar:23.5.0.24.07]
	at oracle.jdbc.driver.T4CTTIoauthenticate.doOAUTHWithO5Logon(T4CTTIoauthenticate.java:1712) ~[ojdbc11-23.5.0.24.07.jar:23.5.0.24.07]
	at oracle.jdbc.driver.T4CTTIoauthenticate.doOAUTH(T4CTTIoauthenticate.java:1459) ~[ojdbc11-23.5.0.24.07.jar:23.5.0.24.07]
	at oracle.jdbc.driver.T4CTTIoauthenticate.doOAUTH(T4CTTIoauthenticate.java:1399) ~[ojdbc11-23.5.0.24.07.jar:23.5.0.24.07]
	at oracle.jdbc.driver.T4CConnection.authenticateWithPassword(T4CConnection.java:2050) ~[ojdbc11-23.5.0.24.07.jar:23.5.0.24.07]
	at oracle.jdbc.driver.T4CConnection.authenticateUserForLogon(T4CConnection.java:1989) ~[ojdbc11-23.5.0.24.07.jar:23.5.0.24.07]
	at oracle.jdbc.driver.T4CConnection.logon(T4CConnection.java:1090) ~[ojdbc11-23.5.0.24.07.jar:23.5.0.24.07]
	at oracle.jdbc.driver.PhysicalConnection.connect(PhysicalConnection.java:1206) ~[ojdbc11-23.5.0.24.07.jar:23.5.0.24.07]
	at oracle.jdbc.driver.T4CDriverExtension.getConnection(T4CDriverExtension.java:105) ~[ojdbc11-23.5.0.24.07.jar:23.5.0.24.07]
	at oracle.jdbc.driver.OracleDriver.connect(OracleDriver.java:886) ~[ojdbc11-23.5.0.24.07.jar:23.5.0.24.07]
	at oracle.jdbc.driver.OracleDriver.connect(OracleDriver.java:693) ~[ojdbc11-23.5.0.24.07.jar:23.5.0.24.07]
	at com.zaxxer.hikari.util.DriverDataSource.getConnection(DriverDataSource.java:137) ~[HikariCP-5.1.0.jar:na]
	at com.zaxxer.hikari.pool.PoolBase.newConnection(PoolBase.java:360) ~[HikariCP-5.1.0.jar:na]
	at com.zaxxer.hikari.pool.PoolBase.newPoolEntry(PoolBase.java:202) ~[HikariCP-5.1.0.jar:na]
	at com.zaxxer.hikari.pool.HikariPool.createPoolEntry(HikariPool.java:461) ~[HikariCP-5.1.0.jar:na]
	at com.zaxxer.hikari.pool.HikariPool$PoolEntryCreator.call(HikariPool.java:724) ~[HikariCP-5.1.0.jar:na]
	at com.zaxxer.hikari.pool.HikariPool$PoolEntryCreator.call(HikariPool.java:703) ~[HikariCP-5.1.0.jar:na]
	at java.base/java.util.concurrent.FutureTask.run(FutureTask.java:317) ~[na:na]
	at java.base/java.util.concurrent.ThreadPoolExecutor.runWorker(ThreadPoolExecutor.java:1144) ~[na:na]
	at java.base/java.util.concurrent.ThreadPoolExecutor$Worker.run(ThreadPoolExecutor.java:642) ~[na:na]
	at java.base/java.lang.Thread.run(Thread.java:1583) ~[na:na]

2025-06-26T23:30:40.337-04:00  INFO 11948 --- [hw] [onnection adder] oracle.jdbc                              : properties={LOCALE=es_ES, DriverVersion=23.5.0.24.07, java.library.path: =C:\Program Files\Java\jdk-21\bin;C:\Windows\Sun\Java\bin;C:\Windows\system32;C:\Windows;C:\Program Files\Common Files\Oracle\Java\javapath;C:\Windows\system32;C:\Windows;C:\Windows\System32\Wbem;C:\Windows\System32\WindowsPowerShell\v1.0\;C:\Windows\System32\OpenSSH\;C:\Program Files\Git\cmd;C:\Users\colom\AppData\Local\Microsoft\WindowsApps;C:\Users\colom\AppData\Local\Programs\Microsoft VS Code\bin;., java.class.path: =c:\Users\colom\Documents\hw_local\pedidos-hw\target\test-classes;c:\Users\colom\Documents\hw_local\pedidos-hw\target\classes;C:\Users\colom\.m2\repository\com\h2database\h2\2.3.232\h2-2.3.232.jar;C:\Users\colom\.m2\repository\com\oracle\database\jdbc\ojdbc11\23.5.0.24.07\ojdbc11-23.5.0.24.07.jar;C:\Users\colom\.m2\repository\com\oracle\database\security\oraclepki\23.5.0.24.07\oraclepki-23.5.0.24.07.jar;C:\Users\colom\.m2\repository\com\oracle\database\security\osdt_cert\19.8.0.0\osdt_cert-19.8.0.0.jar;C:\Users\colom\.m2\repository\com\oracle\database\security\osdt_core\19.8.0.0\osdt_core-19.8.0.0.jar;C:\Users\colom\.m2\repository\org\apache\httpcomponents\client5\httpclient5\5.4.4\httpclient5-5.4.4.jar;C:\Users\colom\.m2\repository\org\apache\httpcomponents\core5\httpcore5\5.3.4\httpcore5-5.3.4.jar;C:\Users\colom\.m2\repository\org\apache\httpcomponents\core5\httpcore5-h2\5.3.4\httpcore5-h2-5.3.4.jar;C:\Users\colom\.m2\repository\org\slf4j\slf4j-api\2.0.17\slf4j-api-2.0.17.jar;C:\Users\colom\.m2\repository\org\projectlombok\lombok\1.18.38\lombok-1.18.38.jar;C:\Users\colom\.m2\repository\org\springdoc\springdoc-openapi-starter-webmvc-ui\2.8.5\springdoc-openapi-starter-webmvc-ui-2.8.5.jar;C:\Users\colom\.m2\repository\org\springdoc\springdoc-openapi-starter-webmvc-api\2.8.5\springdoc-openapi-starter-webmvc-api-2.8.5.jar;C:\Users\colom\.m2\repository\org\springdoc\springdoc-openapi-starter-common\2.8.5\springdoc-openapi-starter-common-2.8.5.jar;C:\Users\colom\.m2\repository\io\swagger\core\v3\swagger-core-jakarta\2.2.28\swagger-core-jakarta-2.2.28.jar;C:\Users\colom\.m2\repository\org\apache\commons\commons-lang3\3.17.0\commons-lang3-3.17.0.jar;C:\Users\colom\.m2\repository\io\swagger\core\v3\swagger-annotations-jakarta\2.2.28\swagger-annotations-jakarta-2.2.28.jar;C:\Users\colom\.m2\repository\io\swagger\core\v3\swagger-models-jakarta\2.2.28\swagger-models-jakarta-2.2.28.jar;C:\Users\colom\.m2\repository\jakarta\validation\jakarta.validation-api\3.0.2\jakarta.validation-api-3.0.2.jar;C:\Users\colom\.m2\repository\com\fasterxml\jackson\dataformat\jackson-dataformat-yaml\2.18.4\jackson-dataformat-yaml-2.18.4.jar;C:\Users\colom\.m2\repository\org\webjars\swagger-ui\5.18.3\swagger-ui-5.18.3.jar;C:\Users\colom\.m2\repository\org\webjars\webjars-locator-lite\1.0.1\webjars-locator-lite-1.0.1.jar;C:\Users\colom\.m2\repository\org\jspecify\jspecify\1.0.0\jspecify-1.0.0.jar;C:\Users\colom\.m2\repository\org\springframework\boot\spring-boot-starter-data-jdbc\3.4.7\spring-boot-starter-data-jdbc-3.4.7.jar;C:\Users\colom\.m2\repository\org\springframework\boot\spring-boot-starter-jdbc\3.4.7\spring-boot-starter-jdbc-3.4.7.jar;C:\Users\colom\.m2\repository\com\zaxxer\HikariCP\5.1.0\HikariCP-5.1.0.jar;C:\Users\colom\.m2\repository\org\springframework\spring-jdbc\6.2.8\spring-jdbc-6.2.8.jar;C:\Users\colom\.m2\repository\org\springframework\data\spring-data-jdbc\3.4.7\spring-data-jdbc-3.4.7.jar;C:\Users\colom\.m2\repository\org\springframework\data\spring-data-relational\3.4.7\spring-data-relational-3.4.7.jar;C:\Users\colom\.m2\repository\org\springframework\data\spring-data-commons\3.4.7\spring-data-commons-3.4.7.jar;C:\Users\colom\.m2\repository\org\springframework\spring-tx\6.2.8\spring-tx-6.2.8.jar;C:\Users\colom\.m2\repository\org\springframework\spring-context\6.2.8\spring-context-6.2.8.jar;C:\Users\colom\.m2\repository\org\springframework\spring-beans\6.2.8\spring-beans-6.2.8.jar;C:\Users\colom\.m2\repository\org\springframework\boot\spring-boot-starter-data-jpa\3.4.7\spring-boot-starter-data-jpa-3.4.7.jar;C:\Users\colom\.m2\repository\org\springframework\boot\spring-boot-starter\3.4.7\spring-boot-starter-3.4.7.jar;C:\Users\colom\.m2\repository\org\springframework\boot\spring-boot\3.4.7\spring-boot-3.4.7.jar;C:\Users\colom\.m2\repository\org\springframework\boot\spring-boot-autoconfigure\3.4.7\spring-boot-autoconfigure-3.4.7.jar;C:\Users\colom\.m2\repository\org\springframework\boot\spring-boot-starter-logging\3.4.7\spring-boot-starter-logging-3.4.7.jar;C:\Users\colom\.m2\repository\ch\qos\logback\logback-classic\1.5.18\logback-classic-1.5.18.jar;C:\Users\colom\.m2\repository\ch\qos\logback\logback-core\1.5.18\logback-core-1.5.18.jar;C:\Users\colom\.m2\repository\org\apache\logging\log4j\log4j-to-slf4j\2.24.3\log4j-to-slf4j-2.24.3.jar;C:\Users\colom\.m2\repository\org\apache\logging\log4j\log4j-api\2.24.3\log4j-api-2.24.3.jar;C:\Users\colom\.m2\repository\org\slf4j\jul-to-slf4j\2.0.17\jul-to-slf4j-2.0.17.jar;C:\Users\colom\.m2\repository\jakarta\annotation\jakarta.annotation-api\2.1.1\jakarta.annotation-api-2.1.1.jar;C:\Users\colom\.m2\repository\org\yaml\snakeyaml\2.3\snakeyaml-2.3.jar;C:\Users\colom\.m2\repository\org\hibernate\orm\hibernate-core\6.6.18.Final\hibernate-core-6.6.18.Final.jar;C:\Users\colom\.m2\repository\jakarta\persistence\jakarta.persistence-api\3.1.0\jakarta.persistence-api-3.1.0.jar;C:\Users\colom\.m2\repository\jakarta\transaction\jakarta.transaction-api\2.0.1\jakarta.transaction-api-2.0.1.jar;C:\Users\colom\.m2\repository\org\jboss\logging\jboss-logging\3.6.1.Final\jboss-logging-3.6.1.Final.jar;C:\Users\colom\.m2\repository\org\hibernate\common\hibernate-commons-annotations\7.0.3.Final\hibernate-commons-annotations-7.0.3.Final.jar;C:\Users\colom\.m2\repository\io\smallrye\jandex\3.2.0\jandex-3.2.0.jar;C:\Users\colom\.m2\repository\com\fasterxml\classmate\1.7.0\classmate-1.7.0.jar;C:\Users\colom\.m2\repository\net\bytebuddy\byte-buddy\1.15.11\byte-buddy-1.15.11.jar;C:\Users\colom\.m2\repository\org\glassfish\jaxb\jaxb-runtime\4.0.5\jaxb-runtime-4.0.5.jar;C:\Users\colom\.m2\repository\org\glassfish\jaxb\jaxb-core\4.0.5\jaxb-core-4.0.5.jar;C:\Users\colom\.m2\repository\org\eclipse\angus\angus-activation\2.0.2\angus-activation-2.0.2.jar;C:\Users\colom\.m2\repository\org\glassfish\jaxb\txw2\4.0.5\txw2-4.0.5.jar;C:\Users\colom\.m2\repository\com\sun\istack\istack-commons-runtime\4.1.2\istack-commons-runtime-4.1.2.jar;C:\Users\colom\.m2\repository\jakarta\inject\jakarta.inject-api\2.0.1\jakarta.inject-api-2.0.1.jar;C:\Users\colom\.m2\repository\org\antlr\antlr4-runtime\4.13.0\antlr4-runtime-4.13.0.jar;C:\Users\colom\.m2\repository\org\springframework\data\spring-data-jpa\3.4.7\spring-data-jpa-3.4.7.jar;C:\Users\colom\.m2\repository\org\springframework\spring-orm\6.2.8\spring-orm-6.2.8.jar;C:\Users\colom\.m2\repository\org\springframework\spring-aop\6.2.8\spring-aop-6.2.8.jar;C:\Users\colom\.m2\repository\org\springframework\spring-aspects\6.2.8\spring-aspects-6.2.8.jar;C:\Users\colom\.m2\repository\org\aspectj\aspectjweaver\1.9.24\aspectjweaver-1.9.24.jar;C:\Users\colom\.m2\repository\org\springframework\boot\spring-boot-starter-hateoas\3.4.7\spring-boot-starter-hateoas-3.4.7.jar;C:\Users\colom\.m2\repository\org\springframework\hateoas\spring-hateoas\2.4.1\spring-hateoas-2.4.1.jar;C:\Users\colom\.m2\repository\org\springframework\plugin\spring-plugin-core\3.0.0\spring-plugin-core-3.0.0.jar;C:\Users\colom\.m2\repository\org\springframework\boot\spring-boot-starter-test\3.3.2\spring-boot-starter-test-3.3.2.jar;C:\Users\colom\.m2\repository\org\springframework\boot\spring-boot-test\3.4.7\spring-boot-test-3.4.7.jar;C:\Users\colom\.m2\repository\org\springframework\boot\spring-boot-test-autoconfigure\3.4.7\spring-boot-test-autoconfigure-3.4.7.jar;C:\Users\colom\.m2\repository\com\jayway\jsonpath\json-path\2.9.0\json-path-2.9.0.jar;C:\Users\colom\.m2\repository\jakarta\xml\bind\jakarta.xml.bind-api\4.0.2\jakarta.xml.bind-api-4.0.2.jar;C:\Users\colom\.m2\repository\jakarta\activation\jakarta.activation-api\2.1.3\jakarta.activation-api-2.1.3.jar;C:\Users\colom\.m2\repository\net\minidev\json-smart\2.5.2\json-smart-2.5.2.jar;C:\Users\colom\.m2\repository\net\minidev\accessors-smart\2.5.2\accessors-smart-2.5.2.jar;C:\Users\colom\.m2\repository\org\ow2\asm\asm\9.7.1\asm-9.7.1.jar;C:\Users\colom\.m2\repository\org\assertj\assertj-core\3.26.3\assertj-core-3.26.3.jar;C:\Users\colom\.m2\repository\org\awaitility\awaitility\4.2.2\awaitility-4.2.2.jar;C:\Users\colom\.m2\repository\org\hamcrest\hamcrest\2.2\hamcrest-2.2.jar;C:\Users\colom\.m2\repository\org\junit\jupiter\junit-jupiter\5.11.4\junit-jupiter-5.11.4.jar;C:\Users\colom\.m2\repository\org\junit\jupiter\junit-jupiter-api\5.11.4\junit-jupiter-api-5.11.4.jar;C:\Users\colom\.m2\repository\org\opentest4j\opentest4j\1.3.0\opentest4j-1.3.0.jar;C:\Users\colom\.m2\repository\org\junit\platform\junit-platform-commons\1.11.4\junit-platform-commons-1.11.4.jar;C:\Users\colom\.m2\repository\org\apiguardian\apiguardian-api\1.1.2\apiguardian-api-1.1.2.jar;C:\Users\colom\.m2\repository\org\junit\jupiter\junit-jupiter-params\5.11.4\junit-jupiter-params-5.11.4.jar;C:\Users\colom\.m2\repository\org\junit\jupiter\junit-jupiter-engine\5.11.4\junit-jupiter-engine-5.11.4.jar;C:\Users\colom\.m2\repository\org\junit\platform\junit-platform-engine\1.11.4\junit-platform-engine-1.11.4.jar;C:\Users\colom\.m2\repository\org\mockito\mockito-core\5.14.2\mockito-core-5.14.2.jar;C:\Users\colom\.m2\repository\net\bytebuddy\byte-buddy-agent\1.15.11\byte-buddy-agent-1.15.11.jar;C:\Users\colom\.m2\repository\org\objenesis\objenesis\3.3\objenesis-3.3.jar;C:\Users\colom\.m2\repository\org\mockito\mockito-junit-jupiter\5.14.2\mockito-junit-jupiter-5.14.2.jar;C:\Users\colom\.m2\repository\org\skyscreamer\jsonassert\1.5.3\jsonassert-1.5.3.jar;C:\Users\colom\.m2\repository\com\vaadin\external\google\android-json\0.0.20131108.vaadin1\android-json-0.0.20131108.vaadin1.jar;C:\Users\colom\.m2\repository\org\springframework\spring-core\6.2.8\spring-core-6.2.8.jar;C:\Users\colom\.m2\repository\org\springframework\spring-jcl\6.2.8\spring-jcl-6.2.8.jar;C:\Users\colom\.m2\repository\org\springframework\spring-test\6.2.8\spring-test-6.2.8.jar;C:\Users\colom\.m2\repository\org\xmlunit\xmlunit-core\2.10.2\xmlunit-core-2.10.2.jar;C:\Users\colom\.m2\repository\org\springframework\boot\spring-boot-starter-web\3.4.7\spring-boot-starter-web-3.4.7.jar;C:\Users\colom\.m2\repository\org\springframework\boot\spring-boot-starter-json\3.4.7\spring-boot-starter-json-3.4.7.jar;C:\Users\colom\.m2\repository\com\fasterxml\jackson\core\jackson-databind\2.18.4\jackson-databind-2.18.4.jar;C:\Users\colom\.m2\repository\com\fasterxml\jackson\core\jackson-annotations\2.18.4\jackson-annotations-2.18.4.jar;C:\Users\colom\.m2\repository\com\fasterxml\jackson\core\jackson-core\2.18.4.1\jackson-core-2.18.4.1.jar;C:\Users\colom\.m2\repository\com\fasterxml\jackson\datatype\jackson-datatype-jdk8\2.18.4\jackson-datatype-jdk8-2.18.4.jar;C:\Users\colom\.m2\repository\com\fasterxml\jackson\datatype\jackson-datatype-jsr310\2.18.4\jackson-datatype-jsr310-2.18.4.jar;C:\Users\colom\.m2\repository\com\fasterxml\jackson\module\jackson-module-parameter-names\2.18.4\jackson-module-parameter-names-2.18.4.jar;C:\Users\colom\.m2\repository\org\springframework\boot\spring-boot-starter-tomcat\3.4.7\spring-boot-starter-tomcat-3.4.7.jar;C:\Users\colom\.m2\repository\org\apache\tomcat\embed\tomcat-embed-core\10.1.42\tomcat-embed-core-10.1.42.jar;C:\Users\colom\.m2\repository\org\apache\tomcat\embed\tomcat-embed-el\10.1.42\tomcat-embed-el-10.1.42.jar;C:\Users\colom\.m2\repository\org\apache\tomcat\embed\tomcat-embed-websocket\10.1.42\tomcat-embed-websocket-10.1.42.jar;C:\Users\colom\.m2\repository\org\springframework\spring-web\6.2.8\spring-web-6.2.8.jar;C:\Users\colom\.m2\repository\io\micrometer\micrometer-observation\1.14.8\micrometer-observation-1.14.8.jar;C:\Users\colom\.m2\repository\io\micrometer\micrometer-commons\1.14.8\micrometer-commons-1.14.8.jar;C:\Users\colom\.m2\repository\org\springframework\spring-webmvc\6.2.8\spring-webmvc-6.2.8.jar;C:\Users\colom\.m2\repository\org\springframework\spring-expression\6.2.8\spring-expression-6.2.8.jar;C:\Users\colom\.m2\repository\org\springframework\cloud\spring-cloud-starter-openfeign\4.2.0\spring-cloud-starter-openfeign-4.2.0.jar;C:\Users\colom\.m2\repository\org\springframework\cloud\spring-cloud-starter\4.2.0\spring-cloud-starter-4.2.0.jar;C:\Users\colom\.m2\repository\org\springframework\cloud\spring-cloud-context\4.2.0\spring-cloud-context-4.2.0.jar;C:\Users\colom\.m2\repository\org\bouncycastle\bcprov-jdk18on\1.78.1\bcprov-jdk18on-1.78.1.jar;C:\Users\colom\.m2\repository\org\springframework\cloud\spring-cloud-openfeign-core\4.2.0\spring-cloud-openfeign-core-4.2.0.jar;C:\Users\colom\.m2\repository\io\github\openfeign\feign-form-spring\13.5\feign-form-spring-13.5.jar;C:\Users\colom\.m2\repository\io\github\openfeign\feign-form\13.5\feign-form-13.5.jar;C:\Users\colom\.m2\repository\commons-fileupload\commons-fileupload\1.5\commons-fileupload-1.5.jar;C:\Users\colom\.m2\repository\commons-io\commons-io\2.11.0\commons-io-2.11.0.jar;C:\Users\colom\.m2\repository\org\springframework\cloud\spring-cloud-commons\4.2.0\spring-cloud-commons-4.2.0.jar;C:\Users\colom\.m2\repository\org\springframework\security\spring-security-crypto\6.4.7\spring-security-crypto-6.4.7.jar;C:\Users\colom\.m2\repository\io\github\openfeign\feign-core\13.5\feign-core-13.5.jar;C:\Users\colom\.m2\repository\io\github\openfeign\feign-slf4j\13.5\feign-slf4j-13.5.jar;, java.version: =21.0.5}. 
2025-06-26T23:30:40.337-04:00 DEBUG 11948 --- [hw] [onnection adder] com.zaxxer.hikari.pool.HikariPool        : HikariPool-1 - Cannot acquire connection from data source

java.sql.SQLRecoverableException: ORA-00018: maximum number of sessions exceeded

https://docs.oracle.com/error-help/db/ora-00018/
	at oracle.jdbc.driver.T4CTTIoer11.processError(T4CTTIoer11.java:709) ~[ojdbc11-23.5.0.24.07.jar:23.5.0.24.07]
	at oracle.jdbc.driver.T4CTTIoer11.processError(T4CTTIoer11.java:604) ~[ojdbc11-23.5.0.24.07.jar:23.5.0.24.07]
	at oracle.jdbc.driver.T4CTTIoer11.processError(T4CTTIoer11.java:599) ~[ojdbc11-23.5.0.24.07.jar:23.5.0.24.07]
	at oracle.jdbc.driver.T4CTTIfun.processError(T4CTTIfun.java:1809) ~[ojdbc11-23.5.0.24.07.jar:23.5.0.24.07]
	at oracle.jdbc.driver.T4CTTIoauthenticate.processError(T4CTTIoauthenticate.java:903) ~[ojdbc11-23.5.0.24.07.jar:23.5.0.24.07]
	at oracle.jdbc.driver.T4CTTIfun.receive(T4CTTIfun.java:1100) ~[ojdbc11-23.5.0.24.07.jar:23.5.0.24.07]
	at oracle.jdbc.driver.T4CTTIfun.doRPC(T4CTTIfun.java:408) ~[ojdbc11-23.5.0.24.07.jar:23.5.0.24.07]
	at oracle.jdbc.driver.T4CTTIoauthenticate.doOAUTH(T4CTTIoauthenticate.java:530) ~[ojdbc11-23.5.0.24.07.jar:23.5.0.24.07]
	at oracle.jdbc.driver.T4CTTIoauthenticate.doOAUTHWithO5Logon(T4CTTIoauthenticate.java:1712) ~[ojdbc11-23.5.0.24.07.jar:23.5.0.24.07]
	at oracle.jdbc.driver.T4CTTIoauthenticate.doOAUTH(T4CTTIoauthenticate.java:1459) ~[ojdbc11-23.5.0.24.07.jar:23.5.0.24.07]
	at oracle.jdbc.driver.T4CTTIoauthenticate.doOAUTH(T4CTTIoauthenticate.java:1399) ~[ojdbc11-23.5.0.24.07.jar:23.5.0.24.07]
	at oracle.jdbc.driver.T4CConnection.authenticateWithPassword(T4CConnection.java:2050) ~[ojdbc11-23.5.0.24.07.jar:23.5.0.24.07]
	at oracle.jdbc.driver.T4CConnection.authenticateUserForLogon(T4CConnection.java:1989) ~[ojdbc11-23.5.0.24.07.jar:23.5.0.24.07]
	at oracle.jdbc.driver.T4CConnection.logon(T4CConnection.java:1090) ~[ojdbc11-23.5.0.24.07.jar:23.5.0.24.07]
	at oracle.jdbc.driver.PhysicalConnection.connect(PhysicalConnection.java:1206) ~[ojdbc11-23.5.0.24.07.jar:23.5.0.24.07]
	at oracle.jdbc.driver.T4CDriverExtension.getConnection(T4CDriverExtension.java:105) ~[ojdbc11-23.5.0.24.07.jar:23.5.0.24.07]
	at oracle.jdbc.driver.OracleDriver.connect(OracleDriver.java:886) ~[ojdbc11-23.5.0.24.07.jar:23.5.0.24.07]
	at oracle.jdbc.driver.OracleDriver.connect(OracleDriver.java:693) ~[ojdbc11-23.5.0.24.07.jar:23.5.0.24.07]
	at com.zaxxer.hikari.util.DriverDataSource.getConnection(DriverDataSource.java:137) ~[HikariCP-5.1.0.jar:na]
	at com.zaxxer.hikari.pool.PoolBase.newConnection(PoolBase.java:360) ~[HikariCP-5.1.0.jar:na]
	at com.zaxxer.hikari.pool.PoolBase.newPoolEntry(PoolBase.java:202) ~[HikariCP-5.1.0.jar:na]
	at com.zaxxer.hikari.pool.HikariPool.createPoolEntry(HikariPool.java:461) ~[HikariCP-5.1.0.jar:na]
	at com.zaxxer.hikari.pool.HikariPool$PoolEntryCreator.call(HikariPool.java:724) ~[HikariCP-5.1.0.jar:na]
	at com.zaxxer.hikari.pool.HikariPool$PoolEntryCreator.call(HikariPool.java:703) ~[HikariCP-5.1.0.jar:na]
	at java.base/java.util.concurrent.FutureTask.run(FutureTask.java:317) ~[na:na]
	at java.base/java.util.concurrent.ThreadPoolExecutor.runWorker(ThreadPoolExecutor.java:1144) ~[na:na]
	at java.base/java.util.concurrent.ThreadPoolExecutor$Worker.run(ThreadPoolExecutor.java:642) ~[na:na]
	at java.base/java.lang.Thread.run(Thread.java:1583) ~[na:na]

2025-06-26T23:30:40.398-04:00 DEBUG 11948 --- [hw] [           main] org.hibernate.mapping.Table              : No alter strings for table : detalle_pedido
2025-06-26T23:30:40.399-04:00 DEBUG 11948 --- [hw] [           main] org.hibernate.mapping.Table              : No alter strings for table : pedido
2025-06-26T23:30:40.575-04:00  INFO 11948 --- [hw] [onnection adder] oracle.jdbc                              : entering args (oracle.jdbc.internal.AbstractConnectionBuilder$1@40aa0e7c)
2025-06-26T23:30:40.575-04:00  INFO 11948 --- [hw] [onnection adder] oracle.jdbc                              : traceId=3DFEA77D. 
2025-06-26T23:30:40.575-04:00  INFO 11948 --- [hw] [onnection adder] oracle.jdbc                              : Session Attributes: 
sdu=8192, tdu=32767
nt: host=adb.sa-valparaiso-1.oraclecloud.com, port=1522, socketOptions={0=YES, 1=NO, 2=30000, 4=TRUE, 5=(SOURCE=(METHOD=FILE)(METHOD_DATA=(DIRECTORY=wallet))), 38=TLS, 40=false, 17=20, 18=false, 20=true, 23=40, 24=50, 25=0}
    socket=null
client profile={oracle.net.encryption_types_client=(), oracle.net.crypto_seed=, oracle.net.authentication_services=(), oracle.net.setFIPSMode=false, oracle.net.kerberos5_mutual_authentication=false, oracle.net.encryption_client=ACCEPTED, oracle.net.crypto_checksum_client=ACCEPTED, oracle.net.crypto_checksum_types_client=()}
connection options=[host=adb.sa-valparaiso-1.oraclecloud.com port=1522 protocol=tcps service_name=g9da66205f7ede8_bdmsv_high.adb.oraclecloud.com addr=(ADDRESS=(PROTOCOL=tcps)(HOST=adb.sa-valparaiso-1.oraclecloud.com)(PORT=1522)) conn_data=(DESCRIPTION=(ADDRESS=(PROTOCOL=tcps)(PORT=1522)(HOST=165.1.96.72)(HOSTNAME=adb.sa-valparaiso-1.oraclecloud.com))(CONNECT_DATA=(CID=(PROGRAM=ForkedBooter)(HOST=DESKTOP-BN646OU)(USER=colom))(service_name=g9da66205f7ede8_bdmsv_high.adb.oraclecloud.com))) sslServerCertDN=CN=adb.sa-valparaiso-1.oraclecloud.com, O=Oracle Corporation, L=Redwood City, ST=California, C=US done=true]
onBreakReset=false, dataEOF=false, negotiatedOptions=0x801, connected=false
TTIINIT enabled=false, TTC cookie enabled=false

2025-06-26T23:30:40.575-04:00  INFO 11948 --- [hw] [onnection adder] oracle.jdbc                              : traceId=3DFEA77D, anoEnabled=true. 
2025-06-26T23:30:40.576-04:00  INFO 11948 --- [hw] [onnection adder] oracle.jdbc                              : Got Resend, SessionTraceId = 3DFEA77D
2025-06-26T23:30:40.576-04:00  INFO 11948 --- [hw] [onnection adder] oracle.jdbc                              : Connection established. Cleared conn strategy stack
2025-06-26T23:30:40.577-04:00  INFO 11948 --- [hw] [onnection adder] oracle.jdbc                              : Break received from server. Responding with reset...
2025-06-26T23:30:40.577-04:00  INFO 11948 --- [hw] [onnection adder] oracle.jdbc                              : SO_TIMEOUT interrupt timer cancelled null
2025-06-26T23:30:40.577-04:00  INFO 11948 --- [hw] [onnection adder] oracle.jdbc                              : Sending break marker, SessionTraceId = 3DFEA77D
2025-06-26T23:30:40.577-04:00  INFO 11948 --- [hw] [onnection adder] oracle.jdbc                              : throwing

java.sql.SQLRecoverableException: ORA-00018: maximum number of sessions exceeded

https://docs.oracle.com/error-help/db/ora-00018/
	at oracle.jdbc.driver.T4CTTIoer11.processError(T4CTTIoer11.java:709) ~[ojdbc11-23.5.0.24.07.jar:23.5.0.24.07]
	at oracle.jdbc.driver.T4CTTIoer11.processError(T4CTTIoer11.java:604) ~[ojdbc11-23.5.0.24.07.jar:23.5.0.24.07]
	at oracle.jdbc.driver.T4CTTIoer11.processError(T4CTTIoer11.java:599) ~[ojdbc11-23.5.0.24.07.jar:23.5.0.24.07]
	at oracle.jdbc.driver.T4CTTIfun.processError(T4CTTIfun.java:1809) ~[ojdbc11-23.5.0.24.07.jar:23.5.0.24.07]
	at oracle.jdbc.driver.T4CTTIoauthenticate.processError(T4CTTIoauthenticate.java:903) ~[ojdbc11-23.5.0.24.07.jar:23.5.0.24.07]
	at oracle.jdbc.driver.T4CTTIfun.receive(T4CTTIfun.java:1100) ~[ojdbc11-23.5.0.24.07.jar:23.5.0.24.07]
	at oracle.jdbc.driver.T4CTTIfun.doRPC(T4CTTIfun.java:408) ~[ojdbc11-23.5.0.24.07.jar:23.5.0.24.07]
	at oracle.jdbc.driver.T4CTTIoauthenticate.doOAUTH(T4CTTIoauthenticate.java:530) ~[ojdbc11-23.5.0.24.07.jar:23.5.0.24.07]
	at oracle.jdbc.driver.T4CTTIoauthenticate.doOAUTHWithO5Logon(T4CTTIoauthenticate.java:1712) ~[ojdbc11-23.5.0.24.07.jar:23.5.0.24.07]
	at oracle.jdbc.driver.T4CTTIoauthenticate.doOAUTH(T4CTTIoauthenticate.java:1459) ~[ojdbc11-23.5.0.24.07.jar:23.5.0.24.07]
	at oracle.jdbc.driver.T4CTTIoauthenticate.doOAUTH(T4CTTIoauthenticate.java:1399) ~[ojdbc11-23.5.0.24.07.jar:23.5.0.24.07]
	at oracle.jdbc.driver.T4CConnection.authenticateWithPassword(T4CConnection.java:2050) ~[ojdbc11-23.5.0.24.07.jar:23.5.0.24.07]
	at oracle.jdbc.driver.T4CConnection.authenticateUserForLogon(T4CConnection.java:1989) ~[ojdbc11-23.5.0.24.07.jar:23.5.0.24.07]
	at oracle.jdbc.driver.T4CConnection.logon(T4CConnection.java:1090) ~[ojdbc11-23.5.0.24.07.jar:23.5.0.24.07]
	at oracle.jdbc.driver.PhysicalConnection.connect(PhysicalConnection.java:1206) ~[ojdbc11-23.5.0.24.07.jar:23.5.0.24.07]
	at oracle.jdbc.driver.T4CDriverExtension.getConnection(T4CDriverExtension.java:105) ~[ojdbc11-23.5.0.24.07.jar:23.5.0.24.07]
	at oracle.jdbc.driver.OracleDriver.connect(OracleDriver.java:886) ~[ojdbc11-23.5.0.24.07.jar:23.5.0.24.07]
	at oracle.jdbc.driver.OracleDriver.connect(OracleDriver.java:693) ~[ojdbc11-23.5.0.24.07.jar:23.5.0.24.07]
	at com.zaxxer.hikari.util.DriverDataSource.getConnection(DriverDataSource.java:137) ~[HikariCP-5.1.0.jar:na]
	at com.zaxxer.hikari.pool.PoolBase.newConnection(PoolBase.java:360) ~[HikariCP-5.1.0.jar:na]
	at com.zaxxer.hikari.pool.PoolBase.newPoolEntry(PoolBase.java:202) ~[HikariCP-5.1.0.jar:na]
	at com.zaxxer.hikari.pool.HikariPool.createPoolEntry(HikariPool.java:461) ~[HikariCP-5.1.0.jar:na]
	at com.zaxxer.hikari.pool.HikariPool$PoolEntryCreator.call(HikariPool.java:724) ~[HikariCP-5.1.0.jar:na]
	at com.zaxxer.hikari.pool.HikariPool$PoolEntryCreator.call(HikariPool.java:703) ~[HikariCP-5.1.0.jar:na]
	at java.base/java.util.concurrent.FutureTask.run(FutureTask.java:317) ~[na:na]
	at java.base/java.util.concurrent.ThreadPoolExecutor.runWorker(ThreadPoolExecutor.java:1144) ~[na:na]
	at java.base/java.util.concurrent.ThreadPoolExecutor$Worker.run(ThreadPoolExecutor.java:642) ~[na:na]
	at java.base/java.lang.Thread.run(Thread.java:1583) ~[na:na]

2025-06-26T23:30:40.577-04:00  INFO 11948 --- [hw] [onnection adder] oracle.jdbc                              : properties={LOCALE=es_ES, DriverVersion=23.5.0.24.07, java.library.path: =C:\Program Files\Java\jdk-21\bin;C:\Windows\Sun\Java\bin;C:\Windows\system32;C:\Windows;C:\Program Files\Common Files\Oracle\Java\javapath;C:\Windows\system32;C:\Windows;C:\Windows\System32\Wbem;C:\Windows\System32\WindowsPowerShell\v1.0\;C:\Windows\System32\OpenSSH\;C:\Program Files\Git\cmd;C:\Users\colom\AppData\Local\Microsoft\WindowsApps;C:\Users\colom\AppData\Local\Programs\Microsoft VS Code\bin;., java.class.path: =c:\Users\colom\Documents\hw_local\pedidos-hw\target\test-classes;c:\Users\colom\Documents\hw_local\pedidos-hw\target\classes;C:\Users\colom\.m2\repository\com\h2database\h2\2.3.232\h2-2.3.232.jar;C:\Users\colom\.m2\repository\com\oracle\database\jdbc\ojdbc11\23.5.0.24.07\ojdbc11-23.5.0.24.07.jar;C:\Users\colom\.m2\repository\com\oracle\database\security\oraclepki\23.5.0.24.07\oraclepki-23.5.0.24.07.jar;C:\Users\colom\.m2\repository\com\oracle\database\security\osdt_cert\19.8.0.0\osdt_cert-19.8.0.0.jar;C:\Users\colom\.m2\repository\com\oracle\database\security\osdt_core\19.8.0.0\osdt_core-19.8.0.0.jar;C:\Users\colom\.m2\repository\org\apache\httpcomponents\client5\httpclient5\5.4.4\httpclient5-5.4.4.jar;C:\Users\colom\.m2\repository\org\apache\httpcomponents\core5\httpcore5\5.3.4\httpcore5-5.3.4.jar;C:\Users\colom\.m2\repository\org\apache\httpcomponents\core5\httpcore5-h2\5.3.4\httpcore5-h2-5.3.4.jar;C:\Users\colom\.m2\repository\org\slf4j\slf4j-api\2.0.17\slf4j-api-2.0.17.jar;C:\Users\colom\.m2\repository\org\projectlombok\lombok\1.18.38\lombok-1.18.38.jar;C:\Users\colom\.m2\repository\org\springdoc\springdoc-openapi-starter-webmvc-ui\2.8.5\springdoc-openapi-starter-webmvc-ui-2.8.5.jar;C:\Users\colom\.m2\repository\org\springdoc\springdoc-openapi-starter-webmvc-api\2.8.5\springdoc-openapi-starter-webmvc-api-2.8.5.jar;C:\Users\colom\.m2\repository\org\springdoc\springdoc-openapi-starter-common\2.8.5\springdoc-openapi-starter-common-2.8.5.jar;C:\Users\colom\.m2\repository\io\swagger\core\v3\swagger-core-jakarta\2.2.28\swagger-core-jakarta-2.2.28.jar;C:\Users\colom\.m2\repository\org\apache\commons\commons-lang3\3.17.0\commons-lang3-3.17.0.jar;C:\Users\colom\.m2\repository\io\swagger\core\v3\swagger-annotations-jakarta\2.2.28\swagger-annotations-jakarta-2.2.28.jar;C:\Users\colom\.m2\repository\io\swagger\core\v3\swagger-models-jakarta\2.2.28\swagger-models-jakarta-2.2.28.jar;C:\Users\colom\.m2\repository\jakarta\validation\jakarta.validation-api\3.0.2\jakarta.validation-api-3.0.2.jar;C:\Users\colom\.m2\repository\com\fasterxml\jackson\dataformat\jackson-dataformat-yaml\2.18.4\jackson-dataformat-yaml-2.18.4.jar;C:\Users\colom\.m2\repository\org\webjars\swagger-ui\5.18.3\swagger-ui-5.18.3.jar;C:\Users\colom\.m2\repository\org\webjars\webjars-locator-lite\1.0.1\webjars-locator-lite-1.0.1.jar;C:\Users\colom\.m2\repository\org\jspecify\jspecify\1.0.0\jspecify-1.0.0.jar;C:\Users\colom\.m2\repository\org\springframework\boot\spring-boot-starter-data-jdbc\3.4.7\spring-boot-starter-data-jdbc-3.4.7.jar;C:\Users\colom\.m2\repository\org\springframework\boot\spring-boot-starter-jdbc\3.4.7\spring-boot-starter-jdbc-3.4.7.jar;C:\Users\colom\.m2\repository\com\zaxxer\HikariCP\5.1.0\HikariCP-5.1.0.jar;C:\Users\colom\.m2\repository\org\springframework\spring-jdbc\6.2.8\spring-jdbc-6.2.8.jar;C:\Users\colom\.m2\repository\org\springframework\data\spring-data-jdbc\3.4.7\spring-data-jdbc-3.4.7.jar;C:\Users\colom\.m2\repository\org\springframework\data\spring-data-relational\3.4.7\spring-data-relational-3.4.7.jar;C:\Users\colom\.m2\repository\org\springframework\data\spring-data-commons\3.4.7\spring-data-commons-3.4.7.jar;C:\Users\colom\.m2\repository\org\springframework\spring-tx\6.2.8\spring-tx-6.2.8.jar;C:\Users\colom\.m2\repository\org\springframework\spring-context\6.2.8\spring-context-6.2.8.jar;C:\Users\colom\.m2\repository\org\springframework\spring-beans\6.2.8\spring-beans-6.2.8.jar;C:\Users\colom\.m2\repository\org\springframework\boot\spring-boot-starter-data-jpa\3.4.7\spring-boot-starter-data-jpa-3.4.7.jar;C:\Users\colom\.m2\repository\org\springframework\boot\spring-boot-starter\3.4.7\spring-boot-starter-3.4.7.jar;C:\Users\colom\.m2\repository\org\springframework\boot\spring-boot\3.4.7\spring-boot-3.4.7.jar;C:\Users\colom\.m2\repository\org\springframework\boot\spring-boot-autoconfigure\3.4.7\spring-boot-autoconfigure-3.4.7.jar;C:\Users\colom\.m2\repository\org\springframework\boot\spring-boot-starter-logging\3.4.7\spring-boot-starter-logging-3.4.7.jar;C:\Users\colom\.m2\repository\ch\qos\logback\logback-classic\1.5.18\logback-classic-1.5.18.jar;C:\Users\colom\.m2\repository\ch\qos\logback\logback-core\1.5.18\logback-core-1.5.18.jar;C:\Users\colom\.m2\repository\org\apache\logging\log4j\log4j-to-slf4j\2.24.3\log4j-to-slf4j-2.24.3.jar;C:\Users\colom\.m2\repository\org\apache\logging\log4j\log4j-api\2.24.3\log4j-api-2.24.3.jar;C:\Users\colom\.m2\repository\org\slf4j\jul-to-slf4j\2.0.17\jul-to-slf4j-2.0.17.jar;C:\Users\colom\.m2\repository\jakarta\annotation\jakarta.annotation-api\2.1.1\jakarta.annotation-api-2.1.1.jar;C:\Users\colom\.m2\repository\org\yaml\snakeyaml\2.3\snakeyaml-2.3.jar;C:\Users\colom\.m2\repository\org\hibernate\orm\hibernate-core\6.6.18.Final\hibernate-core-6.6.18.Final.jar;C:\Users\colom\.m2\repository\jakarta\persistence\jakarta.persistence-api\3.1.0\jakarta.persistence-api-3.1.0.jar;C:\Users\colom\.m2\repository\jakarta\transaction\jakarta.transaction-api\2.0.1\jakarta.transaction-api-2.0.1.jar;C:\Users\colom\.m2\repository\org\jboss\logging\jboss-logging\3.6.1.Final\jboss-logging-3.6.1.Final.jar;C:\Users\colom\.m2\repository\org\hibernate\common\hibernate-commons-annotations\7.0.3.Final\hibernate-commons-annotations-7.0.3.Final.jar;C:\Users\colom\.m2\repository\io\smallrye\jandex\3.2.0\jandex-3.2.0.jar;C:\Users\colom\.m2\repository\com\fasterxml\classmate\1.7.0\classmate-1.7.0.jar;C:\Users\colom\.m2\repository\net\bytebuddy\byte-buddy\1.15.11\byte-buddy-1.15.11.jar;C:\Users\colom\.m2\repository\org\glassfish\jaxb\jaxb-runtime\4.0.5\jaxb-runtime-4.0.5.jar;C:\Users\colom\.m2\repository\org\glassfish\jaxb\jaxb-core\4.0.5\jaxb-core-4.0.5.jar;C:\Users\colom\.m2\repository\org\eclipse\angus\angus-activation\2.0.2\angus-activation-2.0.2.jar;C:\Users\colom\.m2\repository\org\glassfish\jaxb\txw2\4.0.5\txw2-4.0.5.jar;C:\Users\colom\.m2\repository\com\sun\istack\istack-commons-runtime\4.1.2\istack-commons-runtime-4.1.2.jar;C:\Users\colom\.m2\repository\jakarta\inject\jakarta.inject-api\2.0.1\jakarta.inject-api-2.0.1.jar;C:\Users\colom\.m2\repository\org\antlr\antlr4-runtime\4.13.0\antlr4-runtime-4.13.0.jar;C:\Users\colom\.m2\repository\org\springframework\data\spring-data-jpa\3.4.7\spring-data-jpa-3.4.7.jar;C:\Users\colom\.m2\repository\org\springframework\spring-orm\6.2.8\spring-orm-6.2.8.jar;C:\Users\colom\.m2\repository\org\springframework\spring-aop\6.2.8\spring-aop-6.2.8.jar;C:\Users\colom\.m2\repository\org\springframework\spring-aspects\6.2.8\spring-aspects-6.2.8.jar;C:\Users\colom\.m2\repository\org\aspectj\aspectjweaver\1.9.24\aspectjweaver-1.9.24.jar;C:\Users\colom\.m2\repository\org\springframework\boot\spring-boot-starter-hateoas\3.4.7\spring-boot-starter-hateoas-3.4.7.jar;C:\Users\colom\.m2\repository\org\springframework\hateoas\spring-hateoas\2.4.1\spring-hateoas-2.4.1.jar;C:\Users\colom\.m2\repository\org\springframework\plugin\spring-plugin-core\3.0.0\spring-plugin-core-3.0.0.jar;C:\Users\colom\.m2\repository\org\springframework\boot\spring-boot-starter-test\3.3.2\spring-boot-starter-test-3.3.2.jar;C:\Users\colom\.m2\repository\org\springframework\boot\spring-boot-test\3.4.7\spring-boot-test-3.4.7.jar;C:\Users\colom\.m2\repository\org\springframework\boot\spring-boot-test-autoconfigure\3.4.7\spring-boot-test-autoconfigure-3.4.7.jar;C:\Users\colom\.m2\repository\com\jayway\jsonpath\json-path\2.9.0\json-path-2.9.0.jar;C:\Users\colom\.m2\repository\jakarta\xml\bind\jakarta.xml.bind-api\4.0.2\jakarta.xml.bind-api-4.0.2.jar;C:\Users\colom\.m2\repository\jakarta\activation\jakarta.activation-api\2.1.3\jakarta.activation-api-2.1.3.jar;C:\Users\colom\.m2\repository\net\minidev\json-smart\2.5.2\json-smart-2.5.2.jar;C:\Users\colom\.m2\repository\net\minidev\accessors-smart\2.5.2\accessors-smart-2.5.2.jar;C:\Users\colom\.m2\repository\org\ow2\asm\asm\9.7.1\asm-9.7.1.jar;C:\Users\colom\.m2\repository\org\assertj\assertj-core\3.26.3\assertj-core-3.26.3.jar;C:\Users\colom\.m2\repository\org\awaitility\awaitility\4.2.2\awaitility-4.2.2.jar;C:\Users\colom\.m2\repository\org\hamcrest\hamcrest\2.2\hamcrest-2.2.jar;C:\Users\colom\.m2\repository\org\junit\jupiter\junit-jupiter\5.11.4\junit-jupiter-5.11.4.jar;C:\Users\colom\.m2\repository\org\junit\jupiter\junit-jupiter-api\5.11.4\junit-jupiter-api-5.11.4.jar;C:\Users\colom\.m2\repository\org\opentest4j\opentest4j\1.3.0\opentest4j-1.3.0.jar;C:\Users\colom\.m2\repository\org\junit\platform\junit-platform-commons\1.11.4\junit-platform-commons-1.11.4.jar;C:\Users\colom\.m2\repository\org\apiguardian\apiguardian-api\1.1.2\apiguardian-api-1.1.2.jar;C:\Users\colom\.m2\repository\org\junit\jupiter\junit-jupiter-params\5.11.4\junit-jupiter-params-5.11.4.jar;C:\Users\colom\.m2\repository\org\junit\jupiter\junit-jupiter-engine\5.11.4\junit-jupiter-engine-5.11.4.jar;C:\Users\colom\.m2\repository\org\junit\platform\junit-platform-engine\1.11.4\junit-platform-engine-1.11.4.jar;C:\Users\colom\.m2\repository\org\mockito\mockito-core\5.14.2\mockito-core-5.14.2.jar;C:\Users\colom\.m2\repository\net\bytebuddy\byte-buddy-agent\1.15.11\byte-buddy-agent-1.15.11.jar;C:\Users\colom\.m2\repository\org\objenesis\objenesis\3.3\objenesis-3.3.jar;C:\Users\colom\.m2\repository\org\mockito\mockito-junit-jupiter\5.14.2\mockito-junit-jupiter-5.14.2.jar;C:\Users\colom\.m2\repository\org\skyscreamer\jsonassert\1.5.3\jsonassert-1.5.3.jar;C:\Users\colom\.m2\repository\com\vaadin\external\google\android-json\0.0.20131108.vaadin1\android-json-0.0.20131108.vaadin1.jar;C:\Users\colom\.m2\repository\org\springframework\spring-core\6.2.8\spring-core-6.2.8.jar;C:\Users\colom\.m2\repository\org\springframework\spring-jcl\6.2.8\spring-jcl-6.2.8.jar;C:\Users\colom\.m2\repository\org\springframework\spring-test\6.2.8\spring-test-6.2.8.jar;C:\Users\colom\.m2\repository\org\xmlunit\xmlunit-core\2.10.2\xmlunit-core-2.10.2.jar;C:\Users\colom\.m2\repository\org\springframework\boot\spring-boot-starter-web\3.4.7\spring-boot-starter-web-3.4.7.jar;C:\Users\colom\.m2\repository\org\springframework\boot\spring-boot-starter-json\3.4.7\spring-boot-starter-json-3.4.7.jar;C:\Users\colom\.m2\repository\com\fasterxml\jackson\core\jackson-databind\2.18.4\jackson-databind-2.18.4.jar;C:\Users\colom\.m2\repository\com\fasterxml\jackson\core\jackson-annotations\2.18.4\jackson-annotations-2.18.4.jar;C:\Users\colom\.m2\repository\com\fasterxml\jackson\core\jackson-core\2.18.4.1\jackson-core-2.18.4.1.jar;C:\Users\colom\.m2\repository\com\fasterxml\jackson\datatype\jackson-datatype-jdk8\2.18.4\jackson-datatype-jdk8-2.18.4.jar;C:\Users\colom\.m2\repository\com\fasterxml\jackson\datatype\jackson-datatype-jsr310\2.18.4\jackson-datatype-jsr310-2.18.4.jar;C:\Users\colom\.m2\repository\com\fasterxml\jackson\module\jackson-module-parameter-names\2.18.4\jackson-module-parameter-names-2.18.4.jar;C:\Users\colom\.m2\repository\org\springframework\boot\spring-boot-starter-tomcat\3.4.7\spring-boot-starter-tomcat-3.4.7.jar;C:\Users\colom\.m2\repository\org\apache\tomcat\embed\tomcat-embed-core\10.1.42\tomcat-embed-core-10.1.42.jar;C:\Users\colom\.m2\repository\org\apache\tomcat\embed\tomcat-embed-el\10.1.42\tomcat-embed-el-10.1.42.jar;C:\Users\colom\.m2\repository\org\apache\tomcat\embed\tomcat-embed-websocket\10.1.42\tomcat-embed-websocket-10.1.42.jar;C:\Users\colom\.m2\repository\org\springframework\spring-web\6.2.8\spring-web-6.2.8.jar;C:\Users\colom\.m2\repository\io\micrometer\micrometer-observation\1.14.8\micrometer-observation-1.14.8.jar;C:\Users\colom\.m2\repository\io\micrometer\micrometer-commons\1.14.8\micrometer-commons-1.14.8.jar;C:\Users\colom\.m2\repository\org\springframework\spring-webmvc\6.2.8\spring-webmvc-6.2.8.jar;C:\Users\colom\.m2\repository\org\springframework\spring-expression\6.2.8\spring-expression-6.2.8.jar;C:\Users\colom\.m2\repository\org\springframework\cloud\spring-cloud-starter-openfeign\4.2.0\spring-cloud-starter-openfeign-4.2.0.jar;C:\Users\colom\.m2\repository\org\springframework\cloud\spring-cloud-starter\4.2.0\spring-cloud-starter-4.2.0.jar;C:\Users\colom\.m2\repository\org\springframework\cloud\spring-cloud-context\4.2.0\spring-cloud-context-4.2.0.jar;C:\Users\colom\.m2\repository\org\bouncycastle\bcprov-jdk18on\1.78.1\bcprov-jdk18on-1.78.1.jar;C:\Users\colom\.m2\repository\org\springframework\cloud\spring-cloud-openfeign-core\4.2.0\spring-cloud-openfeign-core-4.2.0.jar;C:\Users\colom\.m2\repository\io\github\openfeign\feign-form-spring\13.5\feign-form-spring-13.5.jar;C:\Users\colom\.m2\repository\io\github\openfeign\feign-form\13.5\feign-form-13.5.jar;C:\Users\colom\.m2\repository\commons-fileupload\commons-fileupload\1.5\commons-fileupload-1.5.jar;C:\Users\colom\.m2\repository\commons-io\commons-io\2.11.0\commons-io-2.11.0.jar;C:\Users\colom\.m2\repository\org\springframework\cloud\spring-cloud-commons\4.2.0\spring-cloud-commons-4.2.0.jar;C:\Users\colom\.m2\repository\org\springframework\security\spring-security-crypto\6.4.7\spring-security-crypto-6.4.7.jar;C:\Users\colom\.m2\repository\io\github\openfeign\feign-core\13.5\feign-core-13.5.jar;C:\Users\colom\.m2\repository\io\github\openfeign\feign-slf4j\13.5\feign-slf4j-13.5.jar;, java.version: =21.0.5}. 
2025-06-26T23:30:40.577-04:00 DEBUG 11948 --- [hw] [onnection adder] com.zaxxer.hikari.pool.HikariPool        : HikariPool-1 - Cannot acquire connection from data source

java.sql.SQLRecoverableException: ORA-00018: maximum number of sessions exceeded

https://docs.oracle.com/error-help/db/ora-00018/
	at oracle.jdbc.driver.T4CTTIoer11.processError(T4CTTIoer11.java:709) ~[ojdbc11-23.5.0.24.07.jar:23.5.0.24.07]
	at oracle.jdbc.driver.T4CTTIoer11.processError(T4CTTIoer11.java:604) ~[ojdbc11-23.5.0.24.07.jar:23.5.0.24.07]
	at oracle.jdbc.driver.T4CTTIoer11.processError(T4CTTIoer11.java:599) ~[ojdbc11-23.5.0.24.07.jar:23.5.0.24.07]
	at oracle.jdbc.driver.T4CTTIfun.processError(T4CTTIfun.java:1809) ~[ojdbc11-23.5.0.24.07.jar:23.5.0.24.07]
	at oracle.jdbc.driver.T4CTTIoauthenticate.processError(T4CTTIoauthenticate.java:903) ~[ojdbc11-23.5.0.24.07.jar:23.5.0.24.07]
	at oracle.jdbc.driver.T4CTTIfun.receive(T4CTTIfun.java:1100) ~[ojdbc11-23.5.0.24.07.jar:23.5.0.24.07]
	at oracle.jdbc.driver.T4CTTIfun.doRPC(T4CTTIfun.java:408) ~[ojdbc11-23.5.0.24.07.jar:23.5.0.24.07]
	at oracle.jdbc.driver.T4CTTIoauthenticate.doOAUTH(T4CTTIoauthenticate.java:530) ~[ojdbc11-23.5.0.24.07.jar:23.5.0.24.07]
	at oracle.jdbc.driver.T4CTTIoauthenticate.doOAUTHWithO5Logon(T4CTTIoauthenticate.java:1712) ~[ojdbc11-23.5.0.24.07.jar:23.5.0.24.07]
	at oracle.jdbc.driver.T4CTTIoauthenticate.doOAUTH(T4CTTIoauthenticate.java:1459) ~[ojdbc11-23.5.0.24.07.jar:23.5.0.24.07]
	at oracle.jdbc.driver.T4CTTIoauthenticate.doOAUTH(T4CTTIoauthenticate.java:1399) ~[ojdbc11-23.5.0.24.07.jar:23.5.0.24.07]
	at oracle.jdbc.driver.T4CConnection.authenticateWithPassword(T4CConnection.java:2050) ~[ojdbc11-23.5.0.24.07.jar:23.5.0.24.07]
	at oracle.jdbc.driver.T4CConnection.authenticateUserForLogon(T4CConnection.java:1989) ~[ojdbc11-23.5.0.24.07.jar:23.5.0.24.07]
	at oracle.jdbc.driver.T4CConnection.logon(T4CConnection.java:1090) ~[ojdbc11-23.5.0.24.07.jar:23.5.0.24.07]
	at oracle.jdbc.driver.PhysicalConnection.connect(PhysicalConnection.java:1206) ~[ojdbc11-23.5.0.24.07.jar:23.5.0.24.07]
	at oracle.jdbc.driver.T4CDriverExtension.getConnection(T4CDriverExtension.java:105) ~[ojdbc11-23.5.0.24.07.jar:23.5.0.24.07]
	at oracle.jdbc.driver.OracleDriver.connect(OracleDriver.java:886) ~[ojdbc11-23.5.0.24.07.jar:23.5.0.24.07]
	at oracle.jdbc.driver.OracleDriver.connect(OracleDriver.java:693) ~[ojdbc11-23.5.0.24.07.jar:23.5.0.24.07]
	at com.zaxxer.hikari.util.DriverDataSource.getConnection(DriverDataSource.java:137) ~[HikariCP-5.1.0.jar:na]
	at com.zaxxer.hikari.pool.PoolBase.newConnection(PoolBase.java:360) ~[HikariCP-5.1.0.jar:na]
	at com.zaxxer.hikari.pool.PoolBase.newPoolEntry(PoolBase.java:202) ~[HikariCP-5.1.0.jar:na]
	at com.zaxxer.hikari.pool.HikariPool.createPoolEntry(HikariPool.java:461) ~[HikariCP-5.1.0.jar:na]
	at com.zaxxer.hikari.pool.HikariPool$PoolEntryCreator.call(HikariPool.java:724) ~[HikariCP-5.1.0.jar:na]
	at com.zaxxer.hikari.pool.HikariPool$PoolEntryCreator.call(HikariPool.java:703) ~[HikariCP-5.1.0.jar:na]
	at java.base/java.util.concurrent.FutureTask.run(FutureTask.java:317) ~[na:na]
	at java.base/java.util.concurrent.ThreadPoolExecutor.runWorker(ThreadPoolExecutor.java:1144) ~[na:na]
	at java.base/java.util.concurrent.ThreadPoolExecutor$Worker.run(ThreadPoolExecutor.java:642) ~[na:na]
	at java.base/java.lang.Thread.run(Thread.java:1583) ~[na:na]

2025-06-26T23:30:40.637-04:00 DEBUG 11948 --- [hw] [           main] o.h.internal.SessionFactoryRegistry      : Initializing SessionFactoryRegistry : org.hibernate.internal.SessionFactoryRegistry@44a972b4
2025-06-26T23:30:40.637-04:00 DEBUG 11948 --- [hw] [           main] o.h.internal.SessionFactoryRegistry      : Registering SessionFactory: d177d022-003d-45c3-a6bb-60c2198c4a69 (<unnamed>)
2025-06-26T23:30:40.637-04:00 DEBUG 11948 --- [hw] [           main] o.h.internal.SessionFactoryRegistry      : Not binding SessionFactory to JNDI, no JNDI name configured
2025-06-26T23:30:40.637-04:00 DEBUG 11948 --- [hw] [           main] o.hibernate.internal.SessionFactoryImpl  : Instantiated SessionFactory
2025-06-26T23:30:40.638-04:00  INFO 11948 --- [hw] [           main] j.LocalContainerEntityManagerFactoryBean : Initialized JPA EntityManagerFactory for persistence unit 'default'
2025-06-26T23:30:40.800-04:00  WARN 11948 --- [hw] [           main] JpaBaseConfiguration$JpaWebConfiguration : spring.jpa.open-in-view is enabled by default. Therefore, database queries may be performed during view rendering. Explicitly configure spring.jpa.open-in-view to disable this warning
2025-06-26T23:30:40.950-04:00  INFO 11948 --- [hw] [onnection adder] oracle.jdbc                              : entering args (oracle.jdbc.internal.AbstractConnectionBuilder$1@451445bf)
2025-06-26T23:30:40.950-04:00  INFO 11948 --- [hw] [onnection adder] oracle.jdbc                              : traceId=51548759. 
2025-06-26T23:30:40.950-04:00  INFO 11948 --- [hw] [onnection adder] oracle.jdbc                              : Session Attributes: 
sdu=8192, tdu=32767
nt: host=adb.sa-valparaiso-1.oraclecloud.com, port=1522, socketOptions={0=YES, 1=NO, 2=30000, 4=TRUE, 5=(SOURCE=(METHOD=FILE)(METHOD_DATA=(DIRECTORY=wallet))), 38=TLS, 40=false, 17=20, 18=false, 20=true, 23=40, 24=50, 25=0}
    socket=null
client profile={oracle.net.encryption_types_client=(), oracle.net.crypto_seed=, oracle.net.authentication_services=(), oracle.net.setFIPSMode=false, oracle.net.kerberos5_mutual_authentication=false, oracle.net.encryption_client=ACCEPTED, oracle.net.crypto_checksum_client=ACCEPTED, oracle.net.crypto_checksum_types_client=()}
connection options=[host=adb.sa-valparaiso-1.oraclecloud.com port=1522 protocol=tcps service_name=g9da66205f7ede8_bdmsv_high.adb.oraclecloud.com addr=(ADDRESS=(PROTOCOL=tcps)(HOST=adb.sa-valparaiso-1.oraclecloud.com)(PORT=1522)) conn_data=(DESCRIPTION=(ADDRESS=(PROTOCOL=tcps)(PORT=1522)(HOST=165.1.96.72)(HOSTNAME=adb.sa-valparaiso-1.oraclecloud.com))(CONNECT_DATA=(CID=(PROGRAM=ForkedBooter)(HOST=DESKTOP-BN646OU)(USER=colom))(service_name=g9da66205f7ede8_bdmsv_high.adb.oraclecloud.com))) sslServerCertDN=CN=adb.sa-valparaiso-1.oraclecloud.com, O=Oracle Corporation, L=Redwood City, ST=California, C=US done=true]
onBreakReset=false, dataEOF=false, negotiatedOptions=0x801, connected=false
TTIINIT enabled=false, TTC cookie enabled=false

2025-06-26T23:30:40.950-04:00  INFO 11948 --- [hw] [onnection adder] oracle.jdbc                              : traceId=51548759, anoEnabled=true. 
2025-06-26T23:30:40.950-04:00  INFO 11948 --- [hw] [onnection adder] oracle.jdbc                              : Got Resend, SessionTraceId = 51548759
2025-06-26T23:30:40.951-04:00  INFO 11948 --- [hw] [onnection adder] oracle.jdbc                              : Connection established. Cleared conn strategy stack
2025-06-26T23:30:40.951-04:00  INFO 11948 --- [hw] [onnection adder] oracle.jdbc                              : Break received from server. Responding with reset...
2025-06-26T23:30:40.951-04:00  INFO 11948 --- [hw] [onnection adder] oracle.jdbc                              : SO_TIMEOUT interrupt timer cancelled null
2025-06-26T23:30:40.951-04:00  INFO 11948 --- [hw] [onnection adder] oracle.jdbc                              : Sending break marker, SessionTraceId = 51548759
2025-06-26T23:30:40.951-04:00  INFO 11948 --- [hw] [onnection adder] oracle.jdbc                              : throwing

java.sql.SQLRecoverableException: ORA-00018: maximum number of sessions exceeded

https://docs.oracle.com/error-help/db/ora-00018/
	at oracle.jdbc.driver.T4CTTIoer11.processError(T4CTTIoer11.java:709) ~[ojdbc11-23.5.0.24.07.jar:23.5.0.24.07]
	at oracle.jdbc.driver.T4CTTIoer11.processError(T4CTTIoer11.java:604) ~[ojdbc11-23.5.0.24.07.jar:23.5.0.24.07]
	at oracle.jdbc.driver.T4CTTIoer11.processError(T4CTTIoer11.java:599) ~[ojdbc11-23.5.0.24.07.jar:23.5.0.24.07]
	at oracle.jdbc.driver.T4CTTIfun.processError(T4CTTIfun.java:1809) ~[ojdbc11-23.5.0.24.07.jar:23.5.0.24.07]
	at oracle.jdbc.driver.T4CTTIoauthenticate.processError(T4CTTIoauthenticate.java:903) ~[ojdbc11-23.5.0.24.07.jar:23.5.0.24.07]
	at oracle.jdbc.driver.T4CTTIfun.receive(T4CTTIfun.java:1100) ~[ojdbc11-23.5.0.24.07.jar:23.5.0.24.07]
	at oracle.jdbc.driver.T4CTTIfun.doRPC(T4CTTIfun.java:408) ~[ojdbc11-23.5.0.24.07.jar:23.5.0.24.07]
	at oracle.jdbc.driver.T4CTTIoauthenticate.doOAUTH(T4CTTIoauthenticate.java:530) ~[ojdbc11-23.5.0.24.07.jar:23.5.0.24.07]
	at oracle.jdbc.driver.T4CTTIoauthenticate.doOAUTHWithO5Logon(T4CTTIoauthenticate.java:1712) ~[ojdbc11-23.5.0.24.07.jar:23.5.0.24.07]
	at oracle.jdbc.driver.T4CTTIoauthenticate.doOAUTH(T4CTTIoauthenticate.java:1459) ~[ojdbc11-23.5.0.24.07.jar:23.5.0.24.07]
	at oracle.jdbc.driver.T4CTTIoauthenticate.doOAUTH(T4CTTIoauthenticate.java:1399) ~[ojdbc11-23.5.0.24.07.jar:23.5.0.24.07]
	at oracle.jdbc.driver.T4CConnection.authenticateWithPassword(T4CConnection.java:2050) ~[ojdbc11-23.5.0.24.07.jar:23.5.0.24.07]
	at oracle.jdbc.driver.T4CConnection.authenticateUserForLogon(T4CConnection.java:1989) ~[ojdbc11-23.5.0.24.07.jar:23.5.0.24.07]
	at oracle.jdbc.driver.T4CConnection.logon(T4CConnection.java:1090) ~[ojdbc11-23.5.0.24.07.jar:23.5.0.24.07]
	at oracle.jdbc.driver.PhysicalConnection.connect(PhysicalConnection.java:1206) ~[ojdbc11-23.5.0.24.07.jar:23.5.0.24.07]
	at oracle.jdbc.driver.T4CDriverExtension.getConnection(T4CDriverExtension.java:105) ~[ojdbc11-23.5.0.24.07.jar:23.5.0.24.07]
	at oracle.jdbc.driver.OracleDriver.connect(OracleDriver.java:886) ~[ojdbc11-23.5.0.24.07.jar:23.5.0.24.07]
	at oracle.jdbc.driver.OracleDriver.connect(OracleDriver.java:693) ~[ojdbc11-23.5.0.24.07.jar:23.5.0.24.07]
	at com.zaxxer.hikari.util.DriverDataSource.getConnection(DriverDataSource.java:137) ~[HikariCP-5.1.0.jar:na]
	at com.zaxxer.hikari.pool.PoolBase.newConnection(PoolBase.java:360) ~[HikariCP-5.1.0.jar:na]
	at com.zaxxer.hikari.pool.PoolBase.newPoolEntry(PoolBase.java:202) ~[HikariCP-5.1.0.jar:na]
	at com.zaxxer.hikari.pool.HikariPool.createPoolEntry(HikariPool.java:461) ~[HikariCP-5.1.0.jar:na]
	at com.zaxxer.hikari.pool.HikariPool$PoolEntryCreator.call(HikariPool.java:724) ~[HikariCP-5.1.0.jar:na]
	at com.zaxxer.hikari.pool.HikariPool$PoolEntryCreator.call(HikariPool.java:703) ~[HikariCP-5.1.0.jar:na]
	at java.base/java.util.concurrent.FutureTask.run(FutureTask.java:317) ~[na:na]
	at java.base/java.util.concurrent.ThreadPoolExecutor.runWorker(ThreadPoolExecutor.java:1144) ~[na:na]
	at java.base/java.util.concurrent.ThreadPoolExecutor$Worker.run(ThreadPoolExecutor.java:642) ~[na:na]
	at java.base/java.lang.Thread.run(Thread.java:1583) ~[na:na]

2025-06-26T23:30:40.952-04:00  INFO 11948 --- [hw] [onnection adder] oracle.jdbc                              : properties={LOCALE=es_ES, DriverVersion=23.5.0.24.07, java.library.path: =C:\Program Files\Java\jdk-21\bin;C:\Windows\Sun\Java\bin;C:\Windows\system32;C:\Windows;C:\Program Files\Common Files\Oracle\Java\javapath;C:\Windows\system32;C:\Windows;C:\Windows\System32\Wbem;C:\Windows\System32\WindowsPowerShell\v1.0\;C:\Windows\System32\OpenSSH\;C:\Program Files\Git\cmd;C:\Users\colom\AppData\Local\Microsoft\WindowsApps;C:\Users\colom\AppData\Local\Programs\Microsoft VS Code\bin;., java.class.path: =c:\Users\colom\Documents\hw_local\pedidos-hw\target\test-classes;c:\Users\colom\Documents\hw_local\pedidos-hw\target\classes;C:\Users\colom\.m2\repository\com\h2database\h2\2.3.232\h2-2.3.232.jar;C:\Users\colom\.m2\repository\com\oracle\database\jdbc\ojdbc11\23.5.0.24.07\ojdbc11-23.5.0.24.07.jar;C:\Users\colom\.m2\repository\com\oracle\database\security\oraclepki\23.5.0.24.07\oraclepki-23.5.0.24.07.jar;C:\Users\colom\.m2\repository\com\oracle\database\security\osdt_cert\19.8.0.0\osdt_cert-19.8.0.0.jar;C:\Users\colom\.m2\repository\com\oracle\database\security\osdt_core\19.8.0.0\osdt_core-19.8.0.0.jar;C:\Users\colom\.m2\repository\org\apache\httpcomponents\client5\httpclient5\5.4.4\httpclient5-5.4.4.jar;C:\Users\colom\.m2\repository\org\apache\httpcomponents\core5\httpcore5\5.3.4\httpcore5-5.3.4.jar;C:\Users\colom\.m2\repository\org\apache\httpcomponents\core5\httpcore5-h2\5.3.4\httpcore5-h2-5.3.4.jar;C:\Users\colom\.m2\repository\org\slf4j\slf4j-api\2.0.17\slf4j-api-2.0.17.jar;C:\Users\colom\.m2\repository\org\projectlombok\lombok\1.18.38\lombok-1.18.38.jar;C:\Users\colom\.m2\repository\org\springdoc\springdoc-openapi-starter-webmvc-ui\2.8.5\springdoc-openapi-starter-webmvc-ui-2.8.5.jar;C:\Users\colom\.m2\repository\org\springdoc\springdoc-openapi-starter-webmvc-api\2.8.5\springdoc-openapi-starter-webmvc-api-2.8.5.jar;C:\Users\colom\.m2\repository\org\springdoc\springdoc-openapi-starter-common\2.8.5\springdoc-openapi-starter-common-2.8.5.jar;C:\Users\colom\.m2\repository\io\swagger\core\v3\swagger-core-jakarta\2.2.28\swagger-core-jakarta-2.2.28.jar;C:\Users\colom\.m2\repository\org\apache\commons\commons-lang3\3.17.0\commons-lang3-3.17.0.jar;C:\Users\colom\.m2\repository\io\swagger\core\v3\swagger-annotations-jakarta\2.2.28\swagger-annotations-jakarta-2.2.28.jar;C:\Users\colom\.m2\repository\io\swagger\core\v3\swagger-models-jakarta\2.2.28\swagger-models-jakarta-2.2.28.jar;C:\Users\colom\.m2\repository\jakarta\validation\jakarta.validation-api\3.0.2\jakarta.validation-api-3.0.2.jar;C:\Users\colom\.m2\repository\com\fasterxml\jackson\dataformat\jackson-dataformat-yaml\2.18.4\jackson-dataformat-yaml-2.18.4.jar;C:\Users\colom\.m2\repository\org\webjars\swagger-ui\5.18.3\swagger-ui-5.18.3.jar;C:\Users\colom\.m2\repository\org\webjars\webjars-locator-lite\1.0.1\webjars-locator-lite-1.0.1.jar;C:\Users\colom\.m2\repository\org\jspecify\jspecify\1.0.0\jspecify-1.0.0.jar;C:\Users\colom\.m2\repository\org\springframework\boot\spring-boot-starter-data-jdbc\3.4.7\spring-boot-starter-data-jdbc-3.4.7.jar;C:\Users\colom\.m2\repository\org\springframework\boot\spring-boot-starter-jdbc\3.4.7\spring-boot-starter-jdbc-3.4.7.jar;C:\Users\colom\.m2\repository\com\zaxxer\HikariCP\5.1.0\HikariCP-5.1.0.jar;C:\Users\colom\.m2\repository\org\springframework\spring-jdbc\6.2.8\spring-jdbc-6.2.8.jar;C:\Users\colom\.m2\repository\org\springframework\data\spring-data-jdbc\3.4.7\spring-data-jdbc-3.4.7.jar;C:\Users\colom\.m2\repository\org\springframework\data\spring-data-relational\3.4.7\spring-data-relational-3.4.7.jar;C:\Users\colom\.m2\repository\org\springframework\data\spring-data-commons\3.4.7\spring-data-commons-3.4.7.jar;C:\Users\colom\.m2\repository\org\springframework\spring-tx\6.2.8\spring-tx-6.2.8.jar;C:\Users\colom\.m2\repository\org\springframework\spring-context\6.2.8\spring-context-6.2.8.jar;C:\Users\colom\.m2\repository\org\springframework\spring-beans\6.2.8\spring-beans-6.2.8.jar;C:\Users\colom\.m2\repository\org\springframework\boot\spring-boot-starter-data-jpa\3.4.7\spring-boot-starter-data-jpa-3.4.7.jar;C:\Users\colom\.m2\repository\org\springframework\boot\spring-boot-starter\3.4.7\spring-boot-starter-3.4.7.jar;C:\Users\colom\.m2\repository\org\springframework\boot\spring-boot\3.4.7\spring-boot-3.4.7.jar;C:\Users\colom\.m2\repository\org\springframework\boot\spring-boot-autoconfigure\3.4.7\spring-boot-autoconfigure-3.4.7.jar;C:\Users\colom\.m2\repository\org\springframework\boot\spring-boot-starter-logging\3.4.7\spring-boot-starter-logging-3.4.7.jar;C:\Users\colom\.m2\repository\ch\qos\logback\logback-classic\1.5.18\logback-classic-1.5.18.jar;C:\Users\colom\.m2\repository\ch\qos\logback\logback-core\1.5.18\logback-core-1.5.18.jar;C:\Users\colom\.m2\repository\org\apache\logging\log4j\log4j-to-slf4j\2.24.3\log4j-to-slf4j-2.24.3.jar;C:\Users\colom\.m2\repository\org\apache\logging\log4j\log4j-api\2.24.3\log4j-api-2.24.3.jar;C:\Users\colom\.m2\repository\org\slf4j\jul-to-slf4j\2.0.17\jul-to-slf4j-2.0.17.jar;C:\Users\colom\.m2\repository\jakarta\annotation\jakarta.annotation-api\2.1.1\jakarta.annotation-api-2.1.1.jar;C:\Users\colom\.m2\repository\org\yaml\snakeyaml\2.3\snakeyaml-2.3.jar;C:\Users\colom\.m2\repository\org\hibernate\orm\hibernate-core\6.6.18.Final\hibernate-core-6.6.18.Final.jar;C:\Users\colom\.m2\repository\jakarta\persistence\jakarta.persistence-api\3.1.0\jakarta.persistence-api-3.1.0.jar;C:\Users\colom\.m2\repository\jakarta\transaction\jakarta.transaction-api\2.0.1\jakarta.transaction-api-2.0.1.jar;C:\Users\colom\.m2\repository\org\jboss\logging\jboss-logging\3.6.1.Final\jboss-logging-3.6.1.Final.jar;C:\Users\colom\.m2\repository\org\hibernate\common\hibernate-commons-annotations\7.0.3.Final\hibernate-commons-annotations-7.0.3.Final.jar;C:\Users\colom\.m2\repository\io\smallrye\jandex\3.2.0\jandex-3.2.0.jar;C:\Users\colom\.m2\repository\com\fasterxml\classmate\1.7.0\classmate-1.7.0.jar;C:\Users\colom\.m2\repository\net\bytebuddy\byte-buddy\1.15.11\byte-buddy-1.15.11.jar;C:\Users\colom\.m2\repository\org\glassfish\jaxb\jaxb-runtime\4.0.5\jaxb-runtime-4.0.5.jar;C:\Users\colom\.m2\repository\org\glassfish\jaxb\jaxb-core\4.0.5\jaxb-core-4.0.5.jar;C:\Users\colom\.m2\repository\org\eclipse\angus\angus-activation\2.0.2\angus-activation-2.0.2.jar;C:\Users\colom\.m2\repository\org\glassfish\jaxb\txw2\4.0.5\txw2-4.0.5.jar;C:\Users\colom\.m2\repository\com\sun\istack\istack-commons-runtime\4.1.2\istack-commons-runtime-4.1.2.jar;C:\Users\colom\.m2\repository\jakarta\inject\jakarta.inject-api\2.0.1\jakarta.inject-api-2.0.1.jar;C:\Users\colom\.m2\repository\org\antlr\antlr4-runtime\4.13.0\antlr4-runtime-4.13.0.jar;C:\Users\colom\.m2\repository\org\springframework\data\spring-data-jpa\3.4.7\spring-data-jpa-3.4.7.jar;C:\Users\colom\.m2\repository\org\springframework\spring-orm\6.2.8\spring-orm-6.2.8.jar;C:\Users\colom\.m2\repository\org\springframework\spring-aop\6.2.8\spring-aop-6.2.8.jar;C:\Users\colom\.m2\repository\org\springframework\spring-aspects\6.2.8\spring-aspects-6.2.8.jar;C:\Users\colom\.m2\repository\org\aspectj\aspectjweaver\1.9.24\aspectjweaver-1.9.24.jar;C:\Users\colom\.m2\repository\org\springframework\boot\spring-boot-starter-hateoas\3.4.7\spring-boot-starter-hateoas-3.4.7.jar;C:\Users\colom\.m2\repository\org\springframework\hateoas\spring-hateoas\2.4.1\spring-hateoas-2.4.1.jar;C:\Users\colom\.m2\repository\org\springframework\plugin\spring-plugin-core\3.0.0\spring-plugin-core-3.0.0.jar;C:\Users\colom\.m2\repository\org\springframework\boot\spring-boot-starter-test\3.3.2\spring-boot-starter-test-3.3.2.jar;C:\Users\colom\.m2\repository\org\springframework\boot\spring-boot-test\3.4.7\spring-boot-test-3.4.7.jar;C:\Users\colom\.m2\repository\org\springframework\boot\spring-boot-test-autoconfigure\3.4.7\spring-boot-test-autoconfigure-3.4.7.jar;C:\Users\colom\.m2\repository\com\jayway\jsonpath\json-path\2.9.0\json-path-2.9.0.jar;C:\Users\colom\.m2\repository\jakarta\xml\bind\jakarta.xml.bind-api\4.0.2\jakarta.xml.bind-api-4.0.2.jar;C:\Users\colom\.m2\repository\jakarta\activation\jakarta.activation-api\2.1.3\jakarta.activation-api-2.1.3.jar;C:\Users\colom\.m2\repository\net\minidev\json-smart\2.5.2\json-smart-2.5.2.jar;C:\Users\colom\.m2\repository\net\minidev\accessors-smart\2.5.2\accessors-smart-2.5.2.jar;C:\Users\colom\.m2\repository\org\ow2\asm\asm\9.7.1\asm-9.7.1.jar;C:\Users\colom\.m2\repository\org\assertj\assertj-core\3.26.3\assertj-core-3.26.3.jar;C:\Users\colom\.m2\repository\org\awaitility\awaitility\4.2.2\awaitility-4.2.2.jar;C:\Users\colom\.m2\repository\org\hamcrest\hamcrest\2.2\hamcrest-2.2.jar;C:\Users\colom\.m2\repository\org\junit\jupiter\junit-jupiter\5.11.4\junit-jupiter-5.11.4.jar;C:\Users\colom\.m2\repository\org\junit\jupiter\junit-jupiter-api\5.11.4\junit-jupiter-api-5.11.4.jar;C:\Users\colom\.m2\repository\org\opentest4j\opentest4j\1.3.0\opentest4j-1.3.0.jar;C:\Users\colom\.m2\repository\org\junit\platform\junit-platform-commons\1.11.4\junit-platform-commons-1.11.4.jar;C:\Users\colom\.m2\repository\org\apiguardian\apiguardian-api\1.1.2\apiguardian-api-1.1.2.jar;C:\Users\colom\.m2\repository\org\junit\jupiter\junit-jupiter-params\5.11.4\junit-jupiter-params-5.11.4.jar;C:\Users\colom\.m2\repository\org\junit\jupiter\junit-jupiter-engine\5.11.4\junit-jupiter-engine-5.11.4.jar;C:\Users\colom\.m2\repository\org\junit\platform\junit-platform-engine\1.11.4\junit-platform-engine-1.11.4.jar;C:\Users\colom\.m2\repository\org\mockito\mockito-core\5.14.2\mockito-core-5.14.2.jar;C:\Users\colom\.m2\repository\net\bytebuddy\byte-buddy-agent\1.15.11\byte-buddy-agent-1.15.11.jar;C:\Users\colom\.m2\repository\org\objenesis\objenesis\3.3\objenesis-3.3.jar;C:\Users\colom\.m2\repository\org\mockito\mockito-junit-jupiter\5.14.2\mockito-junit-jupiter-5.14.2.jar;C:\Users\colom\.m2\repository\org\skyscreamer\jsonassert\1.5.3\jsonassert-1.5.3.jar;C:\Users\colom\.m2\repository\com\vaadin\external\google\android-json\0.0.20131108.vaadin1\android-json-0.0.20131108.vaadin1.jar;C:\Users\colom\.m2\repository\org\springframework\spring-core\6.2.8\spring-core-6.2.8.jar;C:\Users\colom\.m2\repository\org\springframework\spring-jcl\6.2.8\spring-jcl-6.2.8.jar;C:\Users\colom\.m2\repository\org\springframework\spring-test\6.2.8\spring-test-6.2.8.jar;C:\Users\colom\.m2\repository\org\xmlunit\xmlunit-core\2.10.2\xmlunit-core-2.10.2.jar;C:\Users\colom\.m2\repository\org\springframework\boot\spring-boot-starter-web\3.4.7\spring-boot-starter-web-3.4.7.jar;C:\Users\colom\.m2\repository\org\springframework\boot\spring-boot-starter-json\3.4.7\spring-boot-starter-json-3.4.7.jar;C:\Users\colom\.m2\repository\com\fasterxml\jackson\core\jackson-databind\2.18.4\jackson-databind-2.18.4.jar;C:\Users\colom\.m2\repository\com\fasterxml\jackson\core\jackson-annotations\2.18.4\jackson-annotations-2.18.4.jar;C:\Users\colom\.m2\repository\com\fasterxml\jackson\core\jackson-core\2.18.4.1\jackson-core-2.18.4.1.jar;C:\Users\colom\.m2\repository\com\fasterxml\jackson\datatype\jackson-datatype-jdk8\2.18.4\jackson-datatype-jdk8-2.18.4.jar;C:\Users\colom\.m2\repository\com\fasterxml\jackson\datatype\jackson-datatype-jsr310\2.18.4\jackson-datatype-jsr310-2.18.4.jar;C:\Users\colom\.m2\repository\com\fasterxml\jackson\module\jackson-module-parameter-names\2.18.4\jackson-module-parameter-names-2.18.4.jar;C:\Users\colom\.m2\repository\org\springframework\boot\spring-boot-starter-tomcat\3.4.7\spring-boot-starter-tomcat-3.4.7.jar;C:\Users\colom\.m2\repository\org\apache\tomcat\embed\tomcat-embed-core\10.1.42\tomcat-embed-core-10.1.42.jar;C:\Users\colom\.m2\repository\org\apache\tomcat\embed\tomcat-embed-el\10.1.42\tomcat-embed-el-10.1.42.jar;C:\Users\colom\.m2\repository\org\apache\tomcat\embed\tomcat-embed-websocket\10.1.42\tomcat-embed-websocket-10.1.42.jar;C:\Users\colom\.m2\repository\org\springframework\spring-web\6.2.8\spring-web-6.2.8.jar;C:\Users\colom\.m2\repository\io\micrometer\micrometer-observation\1.14.8\micrometer-observation-1.14.8.jar;C:\Users\colom\.m2\repository\io\micrometer\micrometer-commons\1.14.8\micrometer-commons-1.14.8.jar;C:\Users\colom\.m2\repository\org\springframework\spring-webmvc\6.2.8\spring-webmvc-6.2.8.jar;C:\Users\colom\.m2\repository\org\springframework\spring-expression\6.2.8\spring-expression-6.2.8.jar;C:\Users\colom\.m2\repository\org\springframework\cloud\spring-cloud-starter-openfeign\4.2.0\spring-cloud-starter-openfeign-4.2.0.jar;C:\Users\colom\.m2\repository\org\springframework\cloud\spring-cloud-starter\4.2.0\spring-cloud-starter-4.2.0.jar;C:\Users\colom\.m2\repository\org\springframework\cloud\spring-cloud-context\4.2.0\spring-cloud-context-4.2.0.jar;C:\Users\colom\.m2\repository\org\bouncycastle\bcprov-jdk18on\1.78.1\bcprov-jdk18on-1.78.1.jar;C:\Users\colom\.m2\repository\org\springframework\cloud\spring-cloud-openfeign-core\4.2.0\spring-cloud-openfeign-core-4.2.0.jar;C:\Users\colom\.m2\repository\io\github\openfeign\feign-form-spring\13.5\feign-form-spring-13.5.jar;C:\Users\colom\.m2\repository\io\github\openfeign\feign-form\13.5\feign-form-13.5.jar;C:\Users\colom\.m2\repository\commons-fileupload\commons-fileupload\1.5\commons-fileupload-1.5.jar;C:\Users\colom\.m2\repository\commons-io\commons-io\2.11.0\commons-io-2.11.0.jar;C:\Users\colom\.m2\repository\org\springframework\cloud\spring-cloud-commons\4.2.0\spring-cloud-commons-4.2.0.jar;C:\Users\colom\.m2\repository\org\springframework\security\spring-security-crypto\6.4.7\spring-security-crypto-6.4.7.jar;C:\Users\colom\.m2\repository\io\github\openfeign\feign-core\13.5\feign-core-13.5.jar;C:\Users\colom\.m2\repository\io\github\openfeign\feign-slf4j\13.5\feign-slf4j-13.5.jar;, java.version: =21.0.5}. 
2025-06-26T23:30:40.952-04:00 DEBUG 11948 --- [hw] [onnection adder] com.zaxxer.hikari.pool.HikariPool        : HikariPool-1 - Cannot acquire connection from data source

java.sql.SQLRecoverableException: ORA-00018: maximum number of sessions exceeded

https://docs.oracle.com/error-help/db/ora-00018/
	at oracle.jdbc.driver.T4CTTIoer11.processError(T4CTTIoer11.java:709) ~[ojdbc11-23.5.0.24.07.jar:23.5.0.24.07]
	at oracle.jdbc.driver.T4CTTIoer11.processError(T4CTTIoer11.java:604) ~[ojdbc11-23.5.0.24.07.jar:23.5.0.24.07]
	at oracle.jdbc.driver.T4CTTIoer11.processError(T4CTTIoer11.java:599) ~[ojdbc11-23.5.0.24.07.jar:23.5.0.24.07]
	at oracle.jdbc.driver.T4CTTIfun.processError(T4CTTIfun.java:1809) ~[ojdbc11-23.5.0.24.07.jar:23.5.0.24.07]
	at oracle.jdbc.driver.T4CTTIoauthenticate.processError(T4CTTIoauthenticate.java:903) ~[ojdbc11-23.5.0.24.07.jar:23.5.0.24.07]
	at oracle.jdbc.driver.T4CTTIfun.receive(T4CTTIfun.java:1100) ~[ojdbc11-23.5.0.24.07.jar:23.5.0.24.07]
	at oracle.jdbc.driver.T4CTTIfun.doRPC(T4CTTIfun.java:408) ~[ojdbc11-23.5.0.24.07.jar:23.5.0.24.07]
	at oracle.jdbc.driver.T4CTTIoauthenticate.doOAUTH(T4CTTIoauthenticate.java:530) ~[ojdbc11-23.5.0.24.07.jar:23.5.0.24.07]
	at oracle.jdbc.driver.T4CTTIoauthenticate.doOAUTHWithO5Logon(T4CTTIoauthenticate.java:1712) ~[ojdbc11-23.5.0.24.07.jar:23.5.0.24.07]
	at oracle.jdbc.driver.T4CTTIoauthenticate.doOAUTH(T4CTTIoauthenticate.java:1459) ~[ojdbc11-23.5.0.24.07.jar:23.5.0.24.07]
	at oracle.jdbc.driver.T4CTTIoauthenticate.doOAUTH(T4CTTIoauthenticate.java:1399) ~[ojdbc11-23.5.0.24.07.jar:23.5.0.24.07]
	at oracle.jdbc.driver.T4CConnection.authenticateWithPassword(T4CConnection.java:2050) ~[ojdbc11-23.5.0.24.07.jar:23.5.0.24.07]
	at oracle.jdbc.driver.T4CConnection.authenticateUserForLogon(T4CConnection.java:1989) ~[ojdbc11-23.5.0.24.07.jar:23.5.0.24.07]
	at oracle.jdbc.driver.T4CConnection.logon(T4CConnection.java:1090) ~[ojdbc11-23.5.0.24.07.jar:23.5.0.24.07]
	at oracle.jdbc.driver.PhysicalConnection.connect(PhysicalConnection.java:1206) ~[ojdbc11-23.5.0.24.07.jar:23.5.0.24.07]
	at oracle.jdbc.driver.T4CDriverExtension.getConnection(T4CDriverExtension.java:105) ~[ojdbc11-23.5.0.24.07.jar:23.5.0.24.07]
	at oracle.jdbc.driver.OracleDriver.connect(OracleDriver.java:886) ~[ojdbc11-23.5.0.24.07.jar:23.5.0.24.07]
	at oracle.jdbc.driver.OracleDriver.connect(OracleDriver.java:693) ~[ojdbc11-23.5.0.24.07.jar:23.5.0.24.07]
	at com.zaxxer.hikari.util.DriverDataSource.getConnection(DriverDataSource.java:137) ~[HikariCP-5.1.0.jar:na]
	at com.zaxxer.hikari.pool.PoolBase.newConnection(PoolBase.java:360) ~[HikariCP-5.1.0.jar:na]
	at com.zaxxer.hikari.pool.PoolBase.newPoolEntry(PoolBase.java:202) ~[HikariCP-5.1.0.jar:na]
	at com.zaxxer.hikari.pool.HikariPool.createPoolEntry(HikariPool.java:461) ~[HikariCP-5.1.0.jar:na]
	at com.zaxxer.hikari.pool.HikariPool$PoolEntryCreator.call(HikariPool.java:724) ~[HikariCP-5.1.0.jar:na]
	at com.zaxxer.hikari.pool.HikariPool$PoolEntryCreator.call(HikariPool.java:703) ~[HikariCP-5.1.0.jar:na]
	at java.base/java.util.concurrent.FutureTask.run(FutureTask.java:317) ~[na:na]
	at java.base/java.util.concurrent.ThreadPoolExecutor.runWorker(ThreadPoolExecutor.java:1144) ~[na:na]
	at java.base/java.util.concurrent.ThreadPoolExecutor$Worker.run(ThreadPoolExecutor.java:642) ~[na:na]
	at java.base/java.lang.Thread.run(Thread.java:1583) ~[na:na]

2025-06-26T23:30:41.054-04:00 DEBUG 11948 --- [hw] [           main] o.h.stat.internal.StatisticsInitiator    : Statistics initialized [enabled=false]
2025-06-26T23:30:41.158-04:00 DEBUG 11948 --- [hw] [           main] cResourceLocalTransactionCoordinatorImpl : JDBC transaction marked for rollback-only (exception provided for stack trace)

java.lang.Exception: exception just for purpose of providing stack trace
	at org.hibernate.resource.transaction.backend.jdbc.internal.JdbcResourceLocalTransactionCoordinatorImpl$TransactionDriverControlImpl.markRollbackOnly(JdbcResourceLocalTransactionCoordinatorImpl.java:309) ~[hibernate-core-6.6.18.Final.jar:6.6.18.Final]
	at org.hibernate.internal.AbstractSharedSessionContract.buildNamedQuery(AbstractSharedSessionContract.java:1141) ~[hibernate-core-6.6.18.Final.jar:6.6.18.Final]
	at org.hibernate.internal.AbstractSharedSessionContract.createNamedQuery(AbstractSharedSessionContract.java:1019) ~[hibernate-core-6.6.18.Final.jar:6.6.18.Final]
	at org.hibernate.internal.AbstractSharedSessionContract.createNamedQuery(AbstractSharedSessionContract.java:143) ~[hibernate-core-6.6.18.Final.jar:6.6.18.Final]
	at java.base/jdk.internal.reflect.DirectMethodHandleAccessor.invoke(DirectMethodHandleAccessor.java:103) ~[na:na]
	at java.base/java.lang.reflect.Method.invoke(Method.java:580) ~[na:na]
	at org.springframework.orm.jpa.ExtendedEntityManagerCreator$ExtendedEntityManagerInvocationHandler.invoke(ExtendedEntityManagerCreator.java:364) ~[spring-orm-6.2.8.jar:6.2.8]
	at jdk.proxy2/jdk.proxy2.$Proxy181.createNamedQuery(Unknown Source) ~[na:na]
	at org.springframework.data.jpa.repository.query.NamedQuery.hasNamedQuery(NamedQuery.java:120) ~[spring-data-jpa-3.4.7.jar:3.4.7]
	at org.springframework.data.jpa.repository.query.JpaQueryLookupStrategy$DeclaredQueryLookupStrategy.getCountQuery(JpaQueryLookupStrategy.java:206) ~[spring-data-jpa-3.4.7.jar:3.4.7]
	at org.springframework.data.jpa.repository.query.JpaQueryLookupStrategy$DeclaredQueryLookupStrategy.resolveQuery(JpaQueryLookupStrategy.java:175) ~[spring-data-jpa-3.4.7.jar:3.4.7]
	at org.springframework.data.jpa.repository.query.JpaQueryLookupStrategy$CreateIfNotFoundQueryLookupStrategy.resolveQuery(JpaQueryLookupStrategy.java:254) ~[spring-data-jpa-3.4.7.jar:3.4.7]
	at org.springframework.data.jpa.repository.query.JpaQueryLookupStrategy$AbstractQueryLookupStrategy.resolveQuery(JpaQueryLookupStrategy.java:99) ~[spring-data-jpa-3.4.7.jar:3.4.7]
	at org.springframework.data.repository.core.support.QueryExecutorMethodInterceptor.lookupQuery(QueryExecutorMethodInterceptor.java:116) ~[spring-data-commons-3.4.7.jar:3.4.7]
	at org.springframework.data.repository.core.support.QueryExecutorMethodInterceptor.mapMethodsToQuery(QueryExecutorMethodInterceptor.java:104) ~[spring-data-commons-3.4.7.jar:3.4.7]
	at org.springframework.data.repository.core.support.QueryExecutorMethodInterceptor.lambda$new$0(QueryExecutorMethodInterceptor.java:92) ~[spring-data-commons-3.4.7.jar:3.4.7]
	at java.base/java.util.Optional.map(Optional.java:260) ~[na:na]
	at org.springframework.data.repository.core.support.QueryExecutorMethodInterceptor.<init>(QueryExecutorMethodInterceptor.java:92) ~[spring-data-commons-3.4.7.jar:3.4.7]
	at org.springframework.data.repository.core.support.RepositoryFactorySupport.getRepository(RepositoryFactorySupport.java:431) ~[spring-data-commons-3.4.7.jar:3.4.7]
	at org.springframework.data.repository.core.support.RepositoryFactoryBeanSupport.lambda$afterPropertiesSet$4(RepositoryFactoryBeanSupport.java:350) ~[spring-data-commons-3.4.7.jar:3.4.7]
	at org.springframework.data.util.Lazy.getNullable(Lazy.java:135) ~[spring-data-commons-3.4.7.jar:3.4.7]
	at org.springframework.data.util.Lazy.get(Lazy.java:113) ~[spring-data-commons-3.4.7.jar:3.4.7]
	at org.springframework.data.repository.core.support.RepositoryFactoryBeanSupport.afterPropertiesSet(RepositoryFactoryBeanSupport.java:356) ~[spring-data-commons-3.4.7.jar:3.4.7]
	at org.springframework.data.jpa.repository.support.JpaRepositoryFactoryBean.afterPropertiesSet(JpaRepositoryFactoryBean.java:132) ~[spring-data-jpa-3.4.7.jar:3.4.7]
	at org.springframework.beans.factory.support.AbstractAutowireCapableBeanFactory.invokeInitMethods(AbstractAutowireCapableBeanFactory.java:1873) ~[spring-beans-6.2.8.jar:6.2.8]
	at org.springframework.beans.factory.support.AbstractAutowireCapableBeanFactory.initializeBean(AbstractAutowireCapableBeanFactory.java:1822) ~[spring-beans-6.2.8.jar:6.2.8]
	at org.springframework.beans.factory.support.AbstractAutowireCapableBeanFactory.doCreateBean(AbstractAutowireCapableBeanFactory.java:607) ~[spring-beans-6.2.8.jar:6.2.8]
	at org.springframework.beans.factory.support.AbstractAutowireCapableBeanFactory.createBean(AbstractAutowireCapableBeanFactory.java:529) ~[spring-beans-6.2.8.jar:6.2.8]
	at org.springframework.beans.factory.support.AbstractBeanFactory.lambda$doGetBean$0(AbstractBeanFactory.java:339) ~[spring-beans-6.2.8.jar:6.2.8]
	at org.springframework.beans.factory.support.DefaultSingletonBeanRegistry.getSingleton(DefaultSingletonBeanRegistry.java:373) ~[spring-beans-6.2.8.jar:6.2.8]
	at org.springframework.beans.factory.support.AbstractBeanFactory.doGetBean(AbstractBeanFactory.java:337) ~[spring-beans-6.2.8.jar:6.2.8]
	at org.springframework.beans.factory.support.AbstractBeanFactory.getBean(AbstractBeanFactory.java:202) ~[spring-beans-6.2.8.jar:6.2.8]
	at org.springframework.beans.factory.support.DefaultListableBeanFactory.doResolveDependency(DefaultListableBeanFactory.java:1683) ~[spring-beans-6.2.8.jar:6.2.8]
	at org.springframework.beans.factory.support.DefaultListableBeanFactory.resolveDependency(DefaultListableBeanFactory.java:1628) ~[spring-beans-6.2.8.jar:6.2.8]
	at org.springframework.beans.factory.annotation.AutowiredAnnotationBeanPostProcessor$AutowiredFieldElement.resolveFieldValue(AutowiredAnnotationBeanPostProcessor.java:785) ~[spring-beans-6.2.8.jar:6.2.8]
	at org.springframework.beans.factory.annotation.AutowiredAnnotationBeanPostProcessor$AutowiredFieldElement.inject(AutowiredAnnotationBeanPostProcessor.java:768) ~[spring-beans-6.2.8.jar:6.2.8]
	at org.springframework.beans.factory.annotation.InjectionMetadata.inject(InjectionMetadata.java:146) ~[spring-beans-6.2.8.jar:6.2.8]
	at org.springframework.beans.factory.annotation.AutowiredAnnotationBeanPostProcessor.postProcessProperties(AutowiredAnnotationBeanPostProcessor.java:509) ~[spring-beans-6.2.8.jar:6.2.8]
	at org.springframework.beans.factory.support.AbstractAutowireCapableBeanFactory.populateBean(AbstractAutowireCapableBeanFactory.java:1459) ~[spring-beans-6.2.8.jar:6.2.8]
	at org.springframework.beans.factory.support.AbstractAutowireCapableBeanFactory.doCreateBean(AbstractAutowireCapableBeanFactory.java:606) ~[spring-beans-6.2.8.jar:6.2.8]
	at org.springframework.beans.factory.support.AbstractAutowireCapableBeanFactory.createBean(AbstractAutowireCapableBeanFactory.java:529) ~[spring-beans-6.2.8.jar:6.2.8]
	at org.springframework.beans.factory.support.AbstractBeanFactory.lambda$doGetBean$0(AbstractBeanFactory.java:339) ~[spring-beans-6.2.8.jar:6.2.8]
	at org.springframework.beans.factory.support.DefaultSingletonBeanRegistry.getSingleton(DefaultSingletonBeanRegistry.java:373) ~[spring-beans-6.2.8.jar:6.2.8]
	at org.springframework.beans.factory.support.AbstractBeanFactory.doGetBean(AbstractBeanFactory.java:337) ~[spring-beans-6.2.8.jar:6.2.8]
	at org.springframework.beans.factory.support.AbstractBeanFactory.getBean(AbstractBeanFactory.java:202) ~[spring-beans-6.2.8.jar:6.2.8]
	at org.springframework.beans.factory.support.DefaultListableBeanFactory.doResolveDependency(DefaultListableBeanFactory.java:1683) ~[spring-beans-6.2.8.jar:6.2.8]
	at org.springframework.beans.factory.support.DefaultListableBeanFactory.resolveDependency(DefaultListableBeanFactory.java:1628) ~[spring-beans-6.2.8.jar:6.2.8]
	at org.springframework.beans.factory.annotation.AutowiredAnnotationBeanPostProcessor$AutowiredFieldElement.resolveFieldValue(AutowiredAnnotationBeanPostProcessor.java:785) ~[spring-beans-6.2.8.jar:6.2.8]
	at org.springframework.beans.factory.annotation.AutowiredAnnotationBeanPostProcessor$AutowiredFieldElement.inject(AutowiredAnnotationBeanPostProcessor.java:768) ~[spring-beans-6.2.8.jar:6.2.8]
	at org.springframework.beans.factory.annotation.InjectionMetadata.inject(InjectionMetadata.java:146) ~[spring-beans-6.2.8.jar:6.2.8]
	at org.springframework.beans.factory.annotation.AutowiredAnnotationBeanPostProcessor.postProcessProperties(AutowiredAnnotationBeanPostProcessor.java:509) ~[spring-beans-6.2.8.jar:6.2.8]
	at org.springframework.beans.factory.support.AbstractAutowireCapableBeanFactory.populateBean(AbstractAutowireCapableBeanFactory.java:1459) ~[spring-beans-6.2.8.jar:6.2.8]
	at org.springframework.beans.factory.support.AbstractAutowireCapableBeanFactory.doCreateBean(AbstractAutowireCapableBeanFactory.java:606) ~[spring-beans-6.2.8.jar:6.2.8]
	at org.springframework.beans.factory.support.AbstractAutowireCapableBeanFactory.createBean(AbstractAutowireCapableBeanFactory.java:529) ~[spring-beans-6.2.8.jar:6.2.8]
	at org.springframework.beans.factory.support.AbstractBeanFactory.lambda$doGetBean$0(AbstractBeanFactory.java:339) ~[spring-beans-6.2.8.jar:6.2.8]
	at org.springframework.beans.factory.support.DefaultSingletonBeanRegistry.getSingleton(DefaultSingletonBeanRegistry.java:373) ~[spring-beans-6.2.8.jar:6.2.8]
	at org.springframework.beans.factory.support.AbstractBeanFactory.doGetBean(AbstractBeanFactory.java:337) ~[spring-beans-6.2.8.jar:6.2.8]
	at org.springframework.beans.factory.support.AbstractBeanFactory.getBean(AbstractBeanFactory.java:202) ~[spring-beans-6.2.8.jar:6.2.8]
	at org.springframework.beans.factory.support.DefaultListableBeanFactory.instantiateSingleton(DefaultListableBeanFactory.java:1222) ~[spring-beans-6.2.8.jar:6.2.8]
	at org.springframework.beans.factory.support.DefaultListableBeanFactory.preInstantiateSingleton(DefaultListableBeanFactory.java:1188) ~[spring-beans-6.2.8.jar:6.2.8]
	at org.springframework.beans.factory.support.DefaultListableBeanFactory.preInstantiateSingletons(DefaultListableBeanFactory.java:1123) ~[spring-beans-6.2.8.jar:6.2.8]
	at org.springframework.context.support.AbstractApplicationContext.finishBeanFactoryInitialization(AbstractApplicationContext.java:987) ~[spring-context-6.2.8.jar:6.2.8]
	at org.springframework.context.support.AbstractApplicationContext.refresh(AbstractApplicationContext.java:627) ~[spring-context-6.2.8.jar:6.2.8]
	at org.springframework.boot.SpringApplication.refresh(SpringApplication.java:752) ~[spring-boot-3.4.7.jar:3.4.7]
	at org.springframework.boot.SpringApplication.refreshContext(SpringApplication.java:439) ~[spring-boot-3.4.7.jar:3.4.7]
	at org.springframework.boot.SpringApplication.run(SpringApplication.java:318) ~[spring-boot-3.4.7.jar:3.4.7]
	at org.springframework.boot.test.context.SpringBootContextLoader.lambda$loadContext$3(SpringBootContextLoader.java:144) ~[spring-boot-test-3.4.7.jar:3.4.7]
	at org.springframework.util.function.ThrowingSupplier.get(ThrowingSupplier.java:58) ~[spring-core-6.2.8.jar:6.2.8]
	at org.springframework.util.function.ThrowingSupplier.get(ThrowingSupplier.java:46) ~[spring-core-6.2.8.jar:6.2.8]
	at org.springframework.boot.SpringApplication.withHook(SpringApplication.java:1461) ~[spring-boot-3.4.7.jar:3.4.7]
	at org.springframework.boot.test.context.SpringBootContextLoader$ContextLoaderHook.run(SpringBootContextLoader.java:563) ~[spring-boot-test-3.4.7.jar:3.4.7]
	at org.springframework.boot.test.context.SpringBootContextLoader.loadContext(SpringBootContextLoader.java:144) ~[spring-boot-test-3.4.7.jar:3.4.7]
	at org.springframework.boot.test.context.SpringBootContextLoader.loadContext(SpringBootContextLoader.java:110) ~[spring-boot-test-3.4.7.jar:3.4.7]
	at org.springframework.test.context.cache.DefaultCacheAwareContextLoaderDelegate.loadContextInternal(DefaultCacheAwareContextLoaderDelegate.java:225) ~[spring-test-6.2.8.jar:6.2.8]
	at org.springframework.test.context.cache.DefaultCacheAwareContextLoaderDelegate.loadContext(DefaultCacheAwareContextLoaderDelegate.java:152) ~[spring-test-6.2.8.jar:6.2.8]
	at org.springframework.test.context.support.DefaultTestContext.getApplicationContext(DefaultTestContext.java:130) ~[spring-test-6.2.8.jar:6.2.8]
	at org.springframework.test.context.web.ServletTestExecutionListener.setUpRequestContextIfNecessary(ServletTestExecutionListener.java:200) ~[spring-test-6.2.8.jar:6.2.8]
	at org.springframework.test.context.web.ServletTestExecutionListener.prepareTestInstance(ServletTestExecutionListener.java:139) ~[spring-test-6.2.8.jar:6.2.8]
	at org.springframework.test.context.TestContextManager.prepareTestInstance(TestContextManager.java:260) ~[spring-test-6.2.8.jar:6.2.8]
	at org.springframework.test.context.junit.jupiter.SpringExtension.postProcessTestInstance(SpringExtension.java:159) ~[spring-test-6.2.8.jar:6.2.8]
	at org.junit.jupiter.engine.descriptor.ClassBasedTestDescriptor.lambda$invokeTestInstancePostProcessors$11(ClassBasedTestDescriptor.java:378) ~[junit-jupiter-engine-5.11.4.jar:5.11.4]
	at org.junit.jupiter.engine.descriptor.ClassBasedTestDescriptor.executeAndMaskThrowable(ClassBasedTestDescriptor.java:383) ~[junit-jupiter-engine-5.11.4.jar:5.11.4]
	at org.junit.jupiter.engine.descriptor.ClassBasedTestDescriptor.lambda$invokeTestInstancePostProcessors$12(ClassBasedTestDescriptor.java:378) ~[junit-jupiter-engine-5.11.4.jar:5.11.4]
	at java.base/java.util.stream.ForEachOps$ForEachOp$OfRef.accept(ForEachOps.java:184) ~[na:na]
	at java.base/java.util.stream.ReferencePipeline$3$1.accept(ReferencePipeline.java:197) ~[na:na]
	at java.base/java.util.stream.ReferencePipeline$2$1.accept(ReferencePipeline.java:179) ~[na:na]
	at java.base/java.util.stream.ReferencePipeline$3$1.accept(ReferencePipeline.java:197) ~[na:na]
	at java.base/java.util.ArrayList$ArrayListSpliterator.forEachRemaining(ArrayList.java:1708) ~[na:na]
	at java.base/java.util.stream.AbstractPipeline.copyInto(AbstractPipeline.java:509) ~[na:na]
	at java.base/java.util.stream.AbstractPipeline.wrapAndCopyInto(AbstractPipeline.java:499) ~[na:na]
	at java.base/java.util.stream.ForEachOps$ForEachOp.evaluateSequential(ForEachOps.java:151) ~[na:na]
	at java.base/java.util.stream.ForEachOps$ForEachOp$OfRef.evaluateSequential(ForEachOps.java:174) ~[na:na]
	at java.base/java.util.stream.AbstractPipeline.evaluate(AbstractPipeline.java:234) ~[na:na]
	at java.base/java.util.stream.ReferencePipeline.forEach(ReferencePipeline.java:596) ~[na:na]
	at org.junit.jupiter.engine.descriptor.ClassBasedTestDescriptor.invokeTestInstancePostProcessors(ClassBasedTestDescriptor.java:377) ~[junit-jupiter-engine-5.11.4.jar:5.11.4]
	at org.junit.jupiter.engine.descriptor.ClassBasedTestDescriptor.lambda$instantiateAndPostProcessTestInstance$7(ClassBasedTestDescriptor.java:290) ~[junit-jupiter-engine-5.11.4.jar:5.11.4]
	at org.junit.platform.engine.support.hierarchical.ThrowableCollector.execute(ThrowableCollector.java:73) ~[junit-platform-engine-1.11.4.jar:1.11.4]
	at org.junit.jupiter.engine.descriptor.ClassBasedTestDescriptor.instantiateAndPostProcessTestInstance(ClassBasedTestDescriptor.java:289) ~[junit-jupiter-engine-5.11.4.jar:5.11.4]
	at org.junit.jupiter.engine.descriptor.ClassBasedTestDescriptor.lambda$testInstancesProvider$5(ClassBasedTestDescriptor.java:279) ~[junit-jupiter-engine-5.11.4.jar:5.11.4]
	at java.base/java.util.Optional.orElseGet(Optional.java:364) ~[na:na]
	at org.junit.jupiter.engine.descriptor.ClassBasedTestDescriptor.lambda$testInstancesProvider$6(ClassBasedTestDescriptor.java:278) ~[junit-jupiter-engine-5.11.4.jar:5.11.4]
	at org.junit.jupiter.engine.execution.TestInstancesProvider.getTestInstances(TestInstancesProvider.java:31) ~[junit-jupiter-engine-5.11.4.jar:5.11.4]
	at org.junit.jupiter.engine.descriptor.TestMethodTestDescriptor.lambda$prepare$1(TestMethodTestDescriptor.java:105) ~[junit-jupiter-engine-5.11.4.jar:5.11.4]
	at org.junit.platform.engine.support.hierarchical.ThrowableCollector.execute(ThrowableCollector.java:73) ~[junit-platform-engine-1.11.4.jar:1.11.4]
	at org.junit.jupiter.engine.descriptor.TestMethodTestDescriptor.prepare(TestMethodTestDescriptor.java:104) ~[junit-jupiter-engine-5.11.4.jar:5.11.4]
	at org.junit.jupiter.engine.descriptor.TestMethodTestDescriptor.prepare(TestMethodTestDescriptor.java:68) ~[junit-jupiter-engine-5.11.4.jar:5.11.4]
	at org.junit.platform.engine.support.hierarchical.NodeTestTask.lambda$prepare$2(NodeTestTask.java:128) ~[junit-platform-engine-1.11.4.jar:1.11.4]
	at org.junit.platform.engine.support.hierarchical.ThrowableCollector.execute(ThrowableCollector.java:73) ~[junit-platform-engine-1.11.4.jar:1.11.4]
	at org.junit.platform.engine.support.hierarchical.NodeTestTask.prepare(NodeTestTask.java:128) ~[junit-platform-engine-1.11.4.jar:1.11.4]
	at org.junit.platform.engine.support.hierarchical.NodeTestTask.execute(NodeTestTask.java:95) ~[junit-platform-engine-1.11.4.jar:1.11.4]
	at java.base/java.util.ArrayList.forEach(ArrayList.java:1596) ~[na:na]
	at org.junit.platform.engine.support.hierarchical.SameThreadHierarchicalTestExecutorService.invokeAll(SameThreadHierarchicalTestExecutorService.java:41) ~[junit-platform-engine-1.11.4.jar:1.11.4]
	at org.junit.platform.engine.support.hierarchical.NodeTestTask.lambda$executeRecursively$6(NodeTestTask.java:160) ~[junit-platform-engine-1.11.4.jar:1.11.4]
	at org.junit.platform.engine.support.hierarchical.ThrowableCollector.execute(ThrowableCollector.java:73) ~[junit-platform-engine-1.11.4.jar:1.11.4]
	at org.junit.platform.engine.support.hierarchical.NodeTestTask.lambda$executeRecursively$8(NodeTestTask.java:146) ~[junit-platform-engine-1.11.4.jar:1.11.4]
	at org.junit.platform.engine.support.hierarchical.Node.around(Node.java:137) ~[junit-platform-engine-1.11.4.jar:1.11.4]
	at org.junit.platform.engine.support.hierarchical.NodeTestTask.lambda$executeRecursively$9(NodeTestTask.java:144) ~[junit-platform-engine-1.11.4.jar:1.11.4]
	at org.junit.platform.engine.support.hierarchical.ThrowableCollector.execute(ThrowableCollector.java:73) ~[junit-platform-engine-1.11.4.jar:1.11.4]
	at org.junit.platform.engine.support.hierarchical.NodeTestTask.executeRecursively(NodeTestTask.java:143) ~[junit-platform-engine-1.11.4.jar:1.11.4]
	at org.junit.platform.engine.support.hierarchical.NodeTestTask.execute(NodeTestTask.java:100) ~[junit-platform-engine-1.11.4.jar:1.11.4]
	at java.base/java.util.ArrayList.forEach(ArrayList.java:1596) ~[na:na]
	at org.junit.platform.engine.support.hierarchical.SameThreadHierarchicalTestExecutorService.invokeAll(SameThreadHierarchicalTestExecutorService.java:41) ~[junit-platform-engine-1.11.4.jar:1.11.4]
	at org.junit.platform.engine.support.hierarchical.NodeTestTask.lambda$executeRecursively$6(NodeTestTask.java:160) ~[junit-platform-engine-1.11.4.jar:1.11.4]
	at org.junit.platform.engine.support.hierarchical.ThrowableCollector.execute(ThrowableCollector.java:73) ~[junit-platform-engine-1.11.4.jar:1.11.4]
	at org.junit.platform.engine.support.hierarchical.NodeTestTask.lambda$executeRecursively$8(NodeTestTask.java:146) ~[junit-platform-engine-1.11.4.jar:1.11.4]
	at org.junit.platform.engine.support.hierarchical.Node.around(Node.java:137) ~[junit-platform-engine-1.11.4.jar:1.11.4]
	at org.junit.platform.engine.support.hierarchical.NodeTestTask.lambda$executeRecursively$9(NodeTestTask.java:144) ~[junit-platform-engine-1.11.4.jar:1.11.4]
	at org.junit.platform.engine.support.hierarchical.ThrowableCollector.execute(ThrowableCollector.java:73) ~[junit-platform-engine-1.11.4.jar:1.11.4]
	at org.junit.platform.engine.support.hierarchical.NodeTestTask.executeRecursively(NodeTestTask.java:143) ~[junit-platform-engine-1.11.4.jar:1.11.4]
	at org.junit.platform.engine.support.hierarchical.NodeTestTask.execute(NodeTestTask.java:100) ~[junit-platform-engine-1.11.4.jar:1.11.4]
	at org.junit.platform.engine.support.hierarchical.SameThreadHierarchicalTestExecutorService.submit(SameThreadHierarchicalTestExecutorService.java:35) ~[junit-platform-engine-1.11.4.jar:1.11.4]
	at org.junit.platform.engine.support.hierarchical.HierarchicalTestExecutor.execute(HierarchicalTestExecutor.java:57) ~[junit-platform-engine-1.11.4.jar:1.11.4]
	at org.junit.platform.engine.support.hierarchical.HierarchicalTestEngine.execute(HierarchicalTestEngine.java:54) ~[junit-platform-engine-1.11.4.jar:1.11.4]
	at org.junit.platform.launcher.core.EngineExecutionOrchestrator.execute(EngineExecutionOrchestrator.java:198) ~[junit-platform-launcher-1.11.4.jar:1.11.4]
	at org.junit.platform.launcher.core.EngineExecutionOrchestrator.execute(EngineExecutionOrchestrator.java:169) ~[junit-platform-launcher-1.11.4.jar:1.11.4]
	at org.junit.platform.launcher.core.EngineExecutionOrchestrator.execute(EngineExecutionOrchestrator.java:93) ~[junit-platform-launcher-1.11.4.jar:1.11.4]
	at org.junit.platform.launcher.core.EngineExecutionOrchestrator.lambda$execute$0(EngineExecutionOrchestrator.java:58) ~[junit-platform-launcher-1.11.4.jar:1.11.4]
	at org.junit.platform.launcher.core.EngineExecutionOrchestrator.withInterceptedStreams(EngineExecutionOrchestrator.java:141) ~[junit-platform-launcher-1.11.4.jar:1.11.4]
	at org.junit.platform.launcher.core.EngineExecutionOrchestrator.execute(EngineExecutionOrchestrator.java:57) ~[junit-platform-launcher-1.11.4.jar:1.11.4]
	at org.junit.platform.launcher.core.DefaultLauncher.execute(DefaultLauncher.java:103) ~[junit-platform-launcher-1.11.4.jar:1.11.4]
	at org.junit.platform.launcher.core.DefaultLauncher.execute(DefaultLauncher.java:85) ~[junit-platform-launcher-1.11.4.jar:1.11.4]
	at org.junit.platform.launcher.core.DelegatingLauncher.execute(DelegatingLauncher.java:47) ~[junit-platform-launcher-1.11.4.jar:1.11.4]
	at org.apache.maven.surefire.junitplatform.LazyLauncher.execute(LazyLauncher.java:56) ~[surefire-junit-platform-3.5.3.jar:3.5.3]
	at org.apache.maven.surefire.junitplatform.JUnitPlatformProvider.execute(JUnitPlatformProvider.java:194) ~[surefire-junit-platform-3.5.3.jar:3.5.3]
	at org.apache.maven.surefire.junitplatform.JUnitPlatformProvider.invokeAllTests(JUnitPlatformProvider.java:150) ~[surefire-junit-platform-3.5.3.jar:3.5.3]
	at org.apache.maven.surefire.junitplatform.JUnitPlatformProvider.invoke(JUnitPlatformProvider.java:124) ~[surefire-junit-platform-3.5.3.jar:3.5.3]
	at org.apache.maven.surefire.booter.ForkedBooter.runSuitesInProcess(ForkedBooter.java:385) ~[surefire-booter-3.5.3.jar:3.5.3]
	at org.apache.maven.surefire.booter.ForkedBooter.execute(ForkedBooter.java:162) ~[surefire-booter-3.5.3.jar:3.5.3]
	at org.apache.maven.surefire.booter.ForkedBooter.run(ForkedBooter.java:507) ~[surefire-booter-3.5.3.jar:3.5.3]
	at org.apache.maven.surefire.booter.ForkedBooter.main(ForkedBooter.java:495) ~[surefire-booter-3.5.3.jar:3.5.3]

2025-06-26T23:30:41.175-04:00  INFO 11948 --- [hw] [           main] o.s.d.j.r.query.QueryEnhancerFactory     : Hibernate is in classpath; If applicable, HQL parser will be used.
2025-06-26T23:30:41.177-04:00 DEBUG 11948 --- [hw] [           main] cResourceLocalTransactionCoordinatorImpl : JDBC transaction marked for rollback-only (exception provided for stack trace)

java.lang.Exception: exception just for purpose of providing stack trace
	at org.hibernate.resource.transaction.backend.jdbc.internal.JdbcResourceLocalTransactionCoordinatorImpl$TransactionDriverControlImpl.markRollbackOnly(JdbcResourceLocalTransactionCoordinatorImpl.java:309) ~[hibernate-core-6.6.18.Final.jar:6.6.18.Final]
	at org.hibernate.internal.AbstractSharedSessionContract.buildNamedQuery(AbstractSharedSessionContract.java:1141) ~[hibernate-core-6.6.18.Final.jar:6.6.18.Final]
	at org.hibernate.internal.AbstractSharedSessionContract.createNamedQuery(AbstractSharedSessionContract.java:1019) ~[hibernate-core-6.6.18.Final.jar:6.6.18.Final]
	at org.hibernate.internal.AbstractSharedSessionContract.createNamedQuery(AbstractSharedSessionContract.java:143) ~[hibernate-core-6.6.18.Final.jar:6.6.18.Final]
	at java.base/jdk.internal.reflect.DirectMethodHandleAccessor.invoke(DirectMethodHandleAccessor.java:103) ~[na:na]
	at java.base/java.lang.reflect.Method.invoke(Method.java:580) ~[na:na]
	at org.springframework.orm.jpa.ExtendedEntityManagerCreator$ExtendedEntityManagerInvocationHandler.invoke(ExtendedEntityManagerCreator.java:364) ~[spring-orm-6.2.8.jar:6.2.8]
	at jdk.proxy2/jdk.proxy2.$Proxy181.createNamedQuery(Unknown Source) ~[na:na]
	at org.springframework.data.jpa.repository.query.NamedQuery.hasNamedQuery(NamedQuery.java:120) ~[spring-data-jpa-3.4.7.jar:3.4.7]
	at org.springframework.data.jpa.repository.query.JpaQueryLookupStrategy$DeclaredQueryLookupStrategy.getCountQuery(JpaQueryLookupStrategy.java:206) ~[spring-data-jpa-3.4.7.jar:3.4.7]
	at org.springframework.data.jpa.repository.query.JpaQueryLookupStrategy$DeclaredQueryLookupStrategy.resolveQuery(JpaQueryLookupStrategy.java:175) ~[spring-data-jpa-3.4.7.jar:3.4.7]
	at org.springframework.data.jpa.repository.query.JpaQueryLookupStrategy$CreateIfNotFoundQueryLookupStrategy.resolveQuery(JpaQueryLookupStrategy.java:254) ~[spring-data-jpa-3.4.7.jar:3.4.7]
	at org.springframework.data.jpa.repository.query.JpaQueryLookupStrategy$AbstractQueryLookupStrategy.resolveQuery(JpaQueryLookupStrategy.java:99) ~[spring-data-jpa-3.4.7.jar:3.4.7]
	at org.springframework.data.repository.core.support.QueryExecutorMethodInterceptor.lookupQuery(QueryExecutorMethodInterceptor.java:116) ~[spring-data-commons-3.4.7.jar:3.4.7]
	at org.springframework.data.repository.core.support.QueryExecutorMethodInterceptor.mapMethodsToQuery(QueryExecutorMethodInterceptor.java:104) ~[spring-data-commons-3.4.7.jar:3.4.7]
	at org.springframework.data.repository.core.support.QueryExecutorMethodInterceptor.lambda$new$0(QueryExecutorMethodInterceptor.java:92) ~[spring-data-commons-3.4.7.jar:3.4.7]
	at java.base/java.util.Optional.map(Optional.java:260) ~[na:na]
	at org.springframework.data.repository.core.support.QueryExecutorMethodInterceptor.<init>(QueryExecutorMethodInterceptor.java:92) ~[spring-data-commons-3.4.7.jar:3.4.7]
	at org.springframework.data.repository.core.support.RepositoryFactorySupport.getRepository(RepositoryFactorySupport.java:431) ~[spring-data-commons-3.4.7.jar:3.4.7]
	at org.springframework.data.repository.core.support.RepositoryFactoryBeanSupport.lambda$afterPropertiesSet$4(RepositoryFactoryBeanSupport.java:350) ~[spring-data-commons-3.4.7.jar:3.4.7]
	at org.springframework.data.util.Lazy.getNullable(Lazy.java:135) ~[spring-data-commons-3.4.7.jar:3.4.7]
	at org.springframework.data.util.Lazy.get(Lazy.java:113) ~[spring-data-commons-3.4.7.jar:3.4.7]
	at org.springframework.data.repository.core.support.RepositoryFactoryBeanSupport.afterPropertiesSet(RepositoryFactoryBeanSupport.java:356) ~[spring-data-commons-3.4.7.jar:3.4.7]
	at org.springframework.data.jpa.repository.support.JpaRepositoryFactoryBean.afterPropertiesSet(JpaRepositoryFactoryBean.java:132) ~[spring-data-jpa-3.4.7.jar:3.4.7]
	at org.springframework.beans.factory.support.AbstractAutowireCapableBeanFactory.invokeInitMethods(AbstractAutowireCapableBeanFactory.java:1873) ~[spring-beans-6.2.8.jar:6.2.8]
	at org.springframework.beans.factory.support.AbstractAutowireCapableBeanFactory.initializeBean(AbstractAutowireCapableBeanFactory.java:1822) ~[spring-beans-6.2.8.jar:6.2.8]
	at org.springframework.beans.factory.support.AbstractAutowireCapableBeanFactory.doCreateBean(AbstractAutowireCapableBeanFactory.java:607) ~[spring-beans-6.2.8.jar:6.2.8]
	at org.springframework.beans.factory.support.AbstractAutowireCapableBeanFactory.createBean(AbstractAutowireCapableBeanFactory.java:529) ~[spring-beans-6.2.8.jar:6.2.8]
	at org.springframework.beans.factory.support.AbstractBeanFactory.lambda$doGetBean$0(AbstractBeanFactory.java:339) ~[spring-beans-6.2.8.jar:6.2.8]
	at org.springframework.beans.factory.support.DefaultSingletonBeanRegistry.getSingleton(DefaultSingletonBeanRegistry.java:373) ~[spring-beans-6.2.8.jar:6.2.8]
	at org.springframework.beans.factory.support.AbstractBeanFactory.doGetBean(AbstractBeanFactory.java:337) ~[spring-beans-6.2.8.jar:6.2.8]
	at org.springframework.beans.factory.support.AbstractBeanFactory.getBean(AbstractBeanFactory.java:202) ~[spring-beans-6.2.8.jar:6.2.8]
	at org.springframework.beans.factory.support.DefaultListableBeanFactory.doResolveDependency(DefaultListableBeanFactory.java:1683) ~[spring-beans-6.2.8.jar:6.2.8]
	at org.springframework.beans.factory.support.DefaultListableBeanFactory.resolveDependency(DefaultListableBeanFactory.java:1628) ~[spring-beans-6.2.8.jar:6.2.8]
	at org.springframework.beans.factory.annotation.AutowiredAnnotationBeanPostProcessor$AutowiredFieldElement.resolveFieldValue(AutowiredAnnotationBeanPostProcessor.java:785) ~[spring-beans-6.2.8.jar:6.2.8]
	at org.springframework.beans.factory.annotation.AutowiredAnnotationBeanPostProcessor$AutowiredFieldElement.inject(AutowiredAnnotationBeanPostProcessor.java:768) ~[spring-beans-6.2.8.jar:6.2.8]
	at org.springframework.beans.factory.annotation.InjectionMetadata.inject(InjectionMetadata.java:146) ~[spring-beans-6.2.8.jar:6.2.8]
	at org.springframework.beans.factory.annotation.AutowiredAnnotationBeanPostProcessor.postProcessProperties(AutowiredAnnotationBeanPostProcessor.java:509) ~[spring-beans-6.2.8.jar:6.2.8]
	at org.springframework.beans.factory.support.AbstractAutowireCapableBeanFactory.populateBean(AbstractAutowireCapableBeanFactory.java:1459) ~[spring-beans-6.2.8.jar:6.2.8]
	at org.springframework.beans.factory.support.AbstractAutowireCapableBeanFactory.doCreateBean(AbstractAutowireCapableBeanFactory.java:606) ~[spring-beans-6.2.8.jar:6.2.8]
	at org.springframework.beans.factory.support.AbstractAutowireCapableBeanFactory.createBean(AbstractAutowireCapableBeanFactory.java:529) ~[spring-beans-6.2.8.jar:6.2.8]
	at org.springframework.beans.factory.support.AbstractBeanFactory.lambda$doGetBean$0(AbstractBeanFactory.java:339) ~[spring-beans-6.2.8.jar:6.2.8]
	at org.springframework.beans.factory.support.DefaultSingletonBeanRegistry.getSingleton(DefaultSingletonBeanRegistry.java:373) ~[spring-beans-6.2.8.jar:6.2.8]
	at org.springframework.beans.factory.support.AbstractBeanFactory.doGetBean(AbstractBeanFactory.java:337) ~[spring-beans-6.2.8.jar:6.2.8]
	at org.springframework.beans.factory.support.AbstractBeanFactory.getBean(AbstractBeanFactory.java:202) ~[spring-beans-6.2.8.jar:6.2.8]
	at org.springframework.beans.factory.support.DefaultListableBeanFactory.doResolveDependency(DefaultListableBeanFactory.java:1683) ~[spring-beans-6.2.8.jar:6.2.8]
	at org.springframework.beans.factory.support.DefaultListableBeanFactory.resolveDependency(DefaultListableBeanFactory.java:1628) ~[spring-beans-6.2.8.jar:6.2.8]
	at org.springframework.beans.factory.annotation.AutowiredAnnotationBeanPostProcessor$AutowiredFieldElement.resolveFieldValue(AutowiredAnnotationBeanPostProcessor.java:785) ~[spring-beans-6.2.8.jar:6.2.8]
	at org.springframework.beans.factory.annotation.AutowiredAnnotationBeanPostProcessor$AutowiredFieldElement.inject(AutowiredAnnotationBeanPostProcessor.java:768) ~[spring-beans-6.2.8.jar:6.2.8]
	at org.springframework.beans.factory.annotation.InjectionMetadata.inject(InjectionMetadata.java:146) ~[spring-beans-6.2.8.jar:6.2.8]
	at org.springframework.beans.factory.annotation.AutowiredAnnotationBeanPostProcessor.postProcessProperties(AutowiredAnnotationBeanPostProcessor.java:509) ~[spring-beans-6.2.8.jar:6.2.8]
	at org.springframework.beans.factory.support.AbstractAutowireCapableBeanFactory.populateBean(AbstractAutowireCapableBeanFactory.java:1459) ~[spring-beans-6.2.8.jar:6.2.8]
	at org.springframework.beans.factory.support.AbstractAutowireCapableBeanFactory.doCreateBean(AbstractAutowireCapableBeanFactory.java:606) ~[spring-beans-6.2.8.jar:6.2.8]
	at org.springframework.beans.factory.support.AbstractAutowireCapableBeanFactory.createBean(AbstractAutowireCapableBeanFactory.java:529) ~[spring-beans-6.2.8.jar:6.2.8]
	at org.springframework.beans.factory.support.AbstractBeanFactory.lambda$doGetBean$0(AbstractBeanFactory.java:339) ~[spring-beans-6.2.8.jar:6.2.8]
	at org.springframework.beans.factory.support.DefaultSingletonBeanRegistry.getSingleton(DefaultSingletonBeanRegistry.java:373) ~[spring-beans-6.2.8.jar:6.2.8]
	at org.springframework.beans.factory.support.AbstractBeanFactory.doGetBean(AbstractBeanFactory.java:337) ~[spring-beans-6.2.8.jar:6.2.8]
	at org.springframework.beans.factory.support.AbstractBeanFactory.getBean(AbstractBeanFactory.java:202) ~[spring-beans-6.2.8.jar:6.2.8]
	at org.springframework.beans.factory.support.DefaultListableBeanFactory.instantiateSingleton(DefaultListableBeanFactory.java:1222) ~[spring-beans-6.2.8.jar:6.2.8]
	at org.springframework.beans.factory.support.DefaultListableBeanFactory.preInstantiateSingleton(DefaultListableBeanFactory.java:1188) ~[spring-beans-6.2.8.jar:6.2.8]
	at org.springframework.beans.factory.support.DefaultListableBeanFactory.preInstantiateSingletons(DefaultListableBeanFactory.java:1123) ~[spring-beans-6.2.8.jar:6.2.8]
	at org.springframework.context.support.AbstractApplicationContext.finishBeanFactoryInitialization(AbstractApplicationContext.java:987) ~[spring-context-6.2.8.jar:6.2.8]
	at org.springframework.context.support.AbstractApplicationContext.refresh(AbstractApplicationContext.java:627) ~[spring-context-6.2.8.jar:6.2.8]
	at org.springframework.boot.SpringApplication.refresh(SpringApplication.java:752) ~[spring-boot-3.4.7.jar:3.4.7]
	at org.springframework.boot.SpringApplication.refreshContext(SpringApplication.java:439) ~[spring-boot-3.4.7.jar:3.4.7]
	at org.springframework.boot.SpringApplication.run(SpringApplication.java:318) ~[spring-boot-3.4.7.jar:3.4.7]
	at org.springframework.boot.test.context.SpringBootContextLoader.lambda$loadContext$3(SpringBootContextLoader.java:144) ~[spring-boot-test-3.4.7.jar:3.4.7]
	at org.springframework.util.function.ThrowingSupplier.get(ThrowingSupplier.java:58) ~[spring-core-6.2.8.jar:6.2.8]
	at org.springframework.util.function.ThrowingSupplier.get(ThrowingSupplier.java:46) ~[spring-core-6.2.8.jar:6.2.8]
	at org.springframework.boot.SpringApplication.withHook(SpringApplication.java:1461) ~[spring-boot-3.4.7.jar:3.4.7]
	at org.springframework.boot.test.context.SpringBootContextLoader$ContextLoaderHook.run(SpringBootContextLoader.java:563) ~[spring-boot-test-3.4.7.jar:3.4.7]
	at org.springframework.boot.test.context.SpringBootContextLoader.loadContext(SpringBootContextLoader.java:144) ~[spring-boot-test-3.4.7.jar:3.4.7]
	at org.springframework.boot.test.context.SpringBootContextLoader.loadContext(SpringBootContextLoader.java:110) ~[spring-boot-test-3.4.7.jar:3.4.7]
	at org.springframework.test.context.cache.DefaultCacheAwareContextLoaderDelegate.loadContextInternal(DefaultCacheAwareContextLoaderDelegate.java:225) ~[spring-test-6.2.8.jar:6.2.8]
	at org.springframework.test.context.cache.DefaultCacheAwareContextLoaderDelegate.loadContext(DefaultCacheAwareContextLoaderDelegate.java:152) ~[spring-test-6.2.8.jar:6.2.8]
	at org.springframework.test.context.support.DefaultTestContext.getApplicationContext(DefaultTestContext.java:130) ~[spring-test-6.2.8.jar:6.2.8]
	at org.springframework.test.context.web.ServletTestExecutionListener.setUpRequestContextIfNecessary(ServletTestExecutionListener.java:200) ~[spring-test-6.2.8.jar:6.2.8]
	at org.springframework.test.context.web.ServletTestExecutionListener.prepareTestInstance(ServletTestExecutionListener.java:139) ~[spring-test-6.2.8.jar:6.2.8]
	at org.springframework.test.context.TestContextManager.prepareTestInstance(TestContextManager.java:260) ~[spring-test-6.2.8.jar:6.2.8]
	at org.springframework.test.context.junit.jupiter.SpringExtension.postProcessTestInstance(SpringExtension.java:159) ~[spring-test-6.2.8.jar:6.2.8]
	at org.junit.jupiter.engine.descriptor.ClassBasedTestDescriptor.lambda$invokeTestInstancePostProcessors$11(ClassBasedTestDescriptor.java:378) ~[junit-jupiter-engine-5.11.4.jar:5.11.4]
	at org.junit.jupiter.engine.descriptor.ClassBasedTestDescriptor.executeAndMaskThrowable(ClassBasedTestDescriptor.java:383) ~[junit-jupiter-engine-5.11.4.jar:5.11.4]
	at org.junit.jupiter.engine.descriptor.ClassBasedTestDescriptor.lambda$invokeTestInstancePostProcessors$12(ClassBasedTestDescriptor.java:378) ~[junit-jupiter-engine-5.11.4.jar:5.11.4]
	at java.base/java.util.stream.ForEachOps$ForEachOp$OfRef.accept(ForEachOps.java:184) ~[na:na]
	at java.base/java.util.stream.ReferencePipeline$3$1.accept(ReferencePipeline.java:197) ~[na:na]
	at java.base/java.util.stream.ReferencePipeline$2$1.accept(ReferencePipeline.java:179) ~[na:na]
	at java.base/java.util.stream.ReferencePipeline$3$1.accept(ReferencePipeline.java:197) ~[na:na]
	at java.base/java.util.ArrayList$ArrayListSpliterator.forEachRemaining(ArrayList.java:1708) ~[na:na]
	at java.base/java.util.stream.AbstractPipeline.copyInto(AbstractPipeline.java:509) ~[na:na]
	at java.base/java.util.stream.AbstractPipeline.wrapAndCopyInto(AbstractPipeline.java:499) ~[na:na]
	at java.base/java.util.stream.ForEachOps$ForEachOp.evaluateSequential(ForEachOps.java:151) ~[na:na]
	at java.base/java.util.stream.ForEachOps$ForEachOp$OfRef.evaluateSequential(ForEachOps.java:174) ~[na:na]
	at java.base/java.util.stream.AbstractPipeline.evaluate(AbstractPipeline.java:234) ~[na:na]
	at java.base/java.util.stream.ReferencePipeline.forEach(ReferencePipeline.java:596) ~[na:na]
	at org.junit.jupiter.engine.descriptor.ClassBasedTestDescriptor.invokeTestInstancePostProcessors(ClassBasedTestDescriptor.java:377) ~[junit-jupiter-engine-5.11.4.jar:5.11.4]
	at org.junit.jupiter.engine.descriptor.ClassBasedTestDescriptor.lambda$instantiateAndPostProcessTestInstance$7(ClassBasedTestDescriptor.java:290) ~[junit-jupiter-engine-5.11.4.jar:5.11.4]
	at org.junit.platform.engine.support.hierarchical.ThrowableCollector.execute(ThrowableCollector.java:73) ~[junit-platform-engine-1.11.4.jar:1.11.4]
	at org.junit.jupiter.engine.descriptor.ClassBasedTestDescriptor.instantiateAndPostProcessTestInstance(ClassBasedTestDescriptor.java:289) ~[junit-jupiter-engine-5.11.4.jar:5.11.4]
	at org.junit.jupiter.engine.descriptor.ClassBasedTestDescriptor.lambda$testInstancesProvider$5(ClassBasedTestDescriptor.java:279) ~[junit-jupiter-engine-5.11.4.jar:5.11.4]
	at java.base/java.util.Optional.orElseGet(Optional.java:364) ~[na:na]
	at org.junit.jupiter.engine.descriptor.ClassBasedTestDescriptor.lambda$testInstancesProvider$6(ClassBasedTestDescriptor.java:278) ~[junit-jupiter-engine-5.11.4.jar:5.11.4]
	at org.junit.jupiter.engine.execution.TestInstancesProvider.getTestInstances(TestInstancesProvider.java:31) ~[junit-jupiter-engine-5.11.4.jar:5.11.4]
	at org.junit.jupiter.engine.descriptor.TestMethodTestDescriptor.lambda$prepare$1(TestMethodTestDescriptor.java:105) ~[junit-jupiter-engine-5.11.4.jar:5.11.4]
	at org.junit.platform.engine.support.hierarchical.ThrowableCollector.execute(ThrowableCollector.java:73) ~[junit-platform-engine-1.11.4.jar:1.11.4]
	at org.junit.jupiter.engine.descriptor.TestMethodTestDescriptor.prepare(TestMethodTestDescriptor.java:104) ~[junit-jupiter-engine-5.11.4.jar:5.11.4]
	at org.junit.jupiter.engine.descriptor.TestMethodTestDescriptor.prepare(TestMethodTestDescriptor.java:68) ~[junit-jupiter-engine-5.11.4.jar:5.11.4]
	at org.junit.platform.engine.support.hierarchical.NodeTestTask.lambda$prepare$2(NodeTestTask.java:128) ~[junit-platform-engine-1.11.4.jar:1.11.4]
	at org.junit.platform.engine.support.hierarchical.ThrowableCollector.execute(ThrowableCollector.java:73) ~[junit-platform-engine-1.11.4.jar:1.11.4]
	at org.junit.platform.engine.support.hierarchical.NodeTestTask.prepare(NodeTestTask.java:128) ~[junit-platform-engine-1.11.4.jar:1.11.4]
	at org.junit.platform.engine.support.hierarchical.NodeTestTask.execute(NodeTestTask.java:95) ~[junit-platform-engine-1.11.4.jar:1.11.4]
	at java.base/java.util.ArrayList.forEach(ArrayList.java:1596) ~[na:na]
	at org.junit.platform.engine.support.hierarchical.SameThreadHierarchicalTestExecutorService.invokeAll(SameThreadHierarchicalTestExecutorService.java:41) ~[junit-platform-engine-1.11.4.jar:1.11.4]
	at org.junit.platform.engine.support.hierarchical.NodeTestTask.lambda$executeRecursively$6(NodeTestTask.java:160) ~[junit-platform-engine-1.11.4.jar:1.11.4]
	at org.junit.platform.engine.support.hierarchical.ThrowableCollector.execute(ThrowableCollector.java:73) ~[junit-platform-engine-1.11.4.jar:1.11.4]
	at org.junit.platform.engine.support.hierarchical.NodeTestTask.lambda$executeRecursively$8(NodeTestTask.java:146) ~[junit-platform-engine-1.11.4.jar:1.11.4]
	at org.junit.platform.engine.support.hierarchical.Node.around(Node.java:137) ~[junit-platform-engine-1.11.4.jar:1.11.4]
	at org.junit.platform.engine.support.hierarchical.NodeTestTask.lambda$executeRecursively$9(NodeTestTask.java:144) ~[junit-platform-engine-1.11.4.jar:1.11.4]
	at org.junit.platform.engine.support.hierarchical.ThrowableCollector.execute(ThrowableCollector.java:73) ~[junit-platform-engine-1.11.4.jar:1.11.4]
	at org.junit.platform.engine.support.hierarchical.NodeTestTask.executeRecursively(NodeTestTask.java:143) ~[junit-platform-engine-1.11.4.jar:1.11.4]
	at org.junit.platform.engine.support.hierarchical.NodeTestTask.execute(NodeTestTask.java:100) ~[junit-platform-engine-1.11.4.jar:1.11.4]
	at java.base/java.util.ArrayList.forEach(ArrayList.java:1596) ~[na:na]
	at org.junit.platform.engine.support.hierarchical.SameThreadHierarchicalTestExecutorService.invokeAll(SameThreadHierarchicalTestExecutorService.java:41) ~[junit-platform-engine-1.11.4.jar:1.11.4]
	at org.junit.platform.engine.support.hierarchical.NodeTestTask.lambda$executeRecursively$6(NodeTestTask.java:160) ~[junit-platform-engine-1.11.4.jar:1.11.4]
	at org.junit.platform.engine.support.hierarchical.ThrowableCollector.execute(ThrowableCollector.java:73) ~[junit-platform-engine-1.11.4.jar:1.11.4]
	at org.junit.platform.engine.support.hierarchical.NodeTestTask.lambda$executeRecursively$8(NodeTestTask.java:146) ~[junit-platform-engine-1.11.4.jar:1.11.4]
	at org.junit.platform.engine.support.hierarchical.Node.around(Node.java:137) ~[junit-platform-engine-1.11.4.jar:1.11.4]
	at org.junit.platform.engine.support.hierarchical.NodeTestTask.lambda$executeRecursively$9(NodeTestTask.java:144) ~[junit-platform-engine-1.11.4.jar:1.11.4]
	at org.junit.platform.engine.support.hierarchical.ThrowableCollector.execute(ThrowableCollector.java:73) ~[junit-platform-engine-1.11.4.jar:1.11.4]
	at org.junit.platform.engine.support.hierarchical.NodeTestTask.executeRecursively(NodeTestTask.java:143) ~[junit-platform-engine-1.11.4.jar:1.11.4]
	at org.junit.platform.engine.support.hierarchical.NodeTestTask.execute(NodeTestTask.java:100) ~[junit-platform-engine-1.11.4.jar:1.11.4]
	at org.junit.platform.engine.support.hierarchical.SameThreadHierarchicalTestExecutorService.submit(SameThreadHierarchicalTestExecutorService.java:35) ~[junit-platform-engine-1.11.4.jar:1.11.4]
	at org.junit.platform.engine.support.hierarchical.HierarchicalTestExecutor.execute(HierarchicalTestExecutor.java:57) ~[junit-platform-engine-1.11.4.jar:1.11.4]
	at org.junit.platform.engine.support.hierarchical.HierarchicalTestEngine.execute(HierarchicalTestEngine.java:54) ~[junit-platform-engine-1.11.4.jar:1.11.4]
	at org.junit.platform.launcher.core.EngineExecutionOrchestrator.execute(EngineExecutionOrchestrator.java:198) ~[junit-platform-launcher-1.11.4.jar:1.11.4]
	at org.junit.platform.launcher.core.EngineExecutionOrchestrator.execute(EngineExecutionOrchestrator.java:169) ~[junit-platform-launcher-1.11.4.jar:1.11.4]
	at org.junit.platform.launcher.core.EngineExecutionOrchestrator.execute(EngineExecutionOrchestrator.java:93) ~[junit-platform-launcher-1.11.4.jar:1.11.4]
	at org.junit.platform.launcher.core.EngineExecutionOrchestrator.lambda$execute$0(EngineExecutionOrchestrator.java:58) ~[junit-platform-launcher-1.11.4.jar:1.11.4]
	at org.junit.platform.launcher.core.EngineExecutionOrchestrator.withInterceptedStreams(EngineExecutionOrchestrator.java:141) ~[junit-platform-launcher-1.11.4.jar:1.11.4]
	at org.junit.platform.launcher.core.EngineExecutionOrchestrator.execute(EngineExecutionOrchestrator.java:57) ~[junit-platform-launcher-1.11.4.jar:1.11.4]
	at org.junit.platform.launcher.core.DefaultLauncher.execute(DefaultLauncher.java:103) ~[junit-platform-launcher-1.11.4.jar:1.11.4]
	at org.junit.platform.launcher.core.DefaultLauncher.execute(DefaultLauncher.java:85) ~[junit-platform-launcher-1.11.4.jar:1.11.4]
	at org.junit.platform.launcher.core.DelegatingLauncher.execute(DelegatingLauncher.java:47) ~[junit-platform-launcher-1.11.4.jar:1.11.4]
	at org.apache.maven.surefire.junitplatform.LazyLauncher.execute(LazyLauncher.java:56) ~[surefire-junit-platform-3.5.3.jar:3.5.3]
	at org.apache.maven.surefire.junitplatform.JUnitPlatformProvider.execute(JUnitPlatformProvider.java:194) ~[surefire-junit-platform-3.5.3.jar:3.5.3]
	at org.apache.maven.surefire.junitplatform.JUnitPlatformProvider.invokeAllTests(JUnitPlatformProvider.java:150) ~[surefire-junit-platform-3.5.3.jar:3.5.3]
	at org.apache.maven.surefire.junitplatform.JUnitPlatformProvider.invoke(JUnitPlatformProvider.java:124) ~[surefire-junit-platform-3.5.3.jar:3.5.3]
	at org.apache.maven.surefire.booter.ForkedBooter.runSuitesInProcess(ForkedBooter.java:385) ~[surefire-booter-3.5.3.jar:3.5.3]
	at org.apache.maven.surefire.booter.ForkedBooter.execute(ForkedBooter.java:162) ~[surefire-booter-3.5.3.jar:3.5.3]
	at org.apache.maven.surefire.booter.ForkedBooter.run(ForkedBooter.java:507) ~[surefire-booter-3.5.3.jar:3.5.3]
	at org.apache.maven.surefire.booter.ForkedBooter.main(ForkedBooter.java:495) ~[surefire-booter-3.5.3.jar:3.5.3]

2025-06-26T23:30:41.341-04:00  INFO 11948 --- [hw] [onnection adder] oracle.jdbc                              : entering args (oracle.jdbc.internal.AbstractConnectionBuilder$1@76f3132f)
2025-06-26T23:30:41.342-04:00  INFO 11948 --- [hw] [onnection adder] oracle.jdbc                              : traceId=5BCFB670. 
2025-06-26T23:30:41.342-04:00  INFO 11948 --- [hw] [onnection adder] oracle.jdbc                              : Session Attributes: 
sdu=8192, tdu=32767
nt: host=adb.sa-valparaiso-1.oraclecloud.com, port=1522, socketOptions={0=YES, 1=NO, 2=30000, 4=TRUE, 5=(SOURCE=(METHOD=FILE)(METHOD_DATA=(DIRECTORY=wallet))), 38=TLS, 40=false, 17=20, 18=false, 20=true, 23=40, 24=50, 25=0}
    socket=null
client profile={oracle.net.encryption_types_client=(), oracle.net.crypto_seed=, oracle.net.authentication_services=(), oracle.net.setFIPSMode=false, oracle.net.kerberos5_mutual_authentication=false, oracle.net.encryption_client=ACCEPTED, oracle.net.crypto_checksum_client=ACCEPTED, oracle.net.crypto_checksum_types_client=()}
connection options=[host=adb.sa-valparaiso-1.oraclecloud.com port=1522 protocol=tcps service_name=g9da66205f7ede8_bdmsv_high.adb.oraclecloud.com addr=(ADDRESS=(PROTOCOL=tcps)(HOST=adb.sa-valparaiso-1.oraclecloud.com)(PORT=1522)) conn_data=(DESCRIPTION=(ADDRESS=(PROTOCOL=tcps)(PORT=1522)(HOST=165.1.96.72)(HOSTNAME=adb.sa-valparaiso-1.oraclecloud.com))(CONNECT_DATA=(CID=(PROGRAM=ForkedBooter)(HOST=DESKTOP-BN646OU)(USER=colom))(service_name=g9da66205f7ede8_bdmsv_high.adb.oraclecloud.com))) sslServerCertDN=CN=adb.sa-valparaiso-1.oraclecloud.com, O=Oracle Corporation, L=Redwood City, ST=California, C=US done=true]
onBreakReset=false, dataEOF=false, negotiatedOptions=0x801, connected=false
TTIINIT enabled=false, TTC cookie enabled=false

2025-06-26T23:30:41.342-04:00  INFO 11948 --- [hw] [onnection adder] oracle.jdbc                              : traceId=5BCFB670, anoEnabled=true. 
2025-06-26T23:30:41.342-04:00  INFO 11948 --- [hw] [onnection adder] oracle.jdbc                              : Got Resend, SessionTraceId = 5BCFB670
2025-06-26T23:30:41.343-04:00  INFO 11948 --- [hw] [onnection adder] oracle.jdbc                              : Connection established. Cleared conn strategy stack
2025-06-26T23:30:41.343-04:00  INFO 11948 --- [hw] [onnection adder] oracle.jdbc                              : Break received from server. Responding with reset...
2025-06-26T23:30:41.343-04:00  INFO 11948 --- [hw] [onnection adder] oracle.jdbc                              : SO_TIMEOUT interrupt timer cancelled null
2025-06-26T23:30:41.343-04:00  INFO 11948 --- [hw] [onnection adder] oracle.jdbc                              : Sending break marker, SessionTraceId = 5BCFB670
2025-06-26T23:30:41.343-04:00  INFO 11948 --- [hw] [onnection adder] oracle.jdbc                              : throwing

java.sql.SQLRecoverableException: ORA-00018: maximum number of sessions exceeded

https://docs.oracle.com/error-help/db/ora-00018/
	at oracle.jdbc.driver.T4CTTIoer11.processError(T4CTTIoer11.java:709) ~[ojdbc11-23.5.0.24.07.jar:23.5.0.24.07]
	at oracle.jdbc.driver.T4CTTIoer11.processError(T4CTTIoer11.java:604) ~[ojdbc11-23.5.0.24.07.jar:23.5.0.24.07]
	at oracle.jdbc.driver.T4CTTIoer11.processError(T4CTTIoer11.java:599) ~[ojdbc11-23.5.0.24.07.jar:23.5.0.24.07]
	at oracle.jdbc.driver.T4CTTIfun.processError(T4CTTIfun.java:1809) ~[ojdbc11-23.5.0.24.07.jar:23.5.0.24.07]
	at oracle.jdbc.driver.T4CTTIoauthenticate.processError(T4CTTIoauthenticate.java:903) ~[ojdbc11-23.5.0.24.07.jar:23.5.0.24.07]
	at oracle.jdbc.driver.T4CTTIfun.receive(T4CTTIfun.java:1100) ~[ojdbc11-23.5.0.24.07.jar:23.5.0.24.07]
	at oracle.jdbc.driver.T4CTTIfun.doRPC(T4CTTIfun.java:408) ~[ojdbc11-23.5.0.24.07.jar:23.5.0.24.07]
	at oracle.jdbc.driver.T4CTTIoauthenticate.doOAUTH(T4CTTIoauthenticate.java:530) ~[ojdbc11-23.5.0.24.07.jar:23.5.0.24.07]
	at oracle.jdbc.driver.T4CTTIoauthenticate.doOAUTHWithO5Logon(T4CTTIoauthenticate.java:1712) ~[ojdbc11-23.5.0.24.07.jar:23.5.0.24.07]
	at oracle.jdbc.driver.T4CTTIoauthenticate.doOAUTH(T4CTTIoauthenticate.java:1459) ~[ojdbc11-23.5.0.24.07.jar:23.5.0.24.07]
	at oracle.jdbc.driver.T4CTTIoauthenticate.doOAUTH(T4CTTIoauthenticate.java:1399) ~[ojdbc11-23.5.0.24.07.jar:23.5.0.24.07]
	at oracle.jdbc.driver.T4CConnection.authenticateWithPassword(T4CConnection.java:2050) ~[ojdbc11-23.5.0.24.07.jar:23.5.0.24.07]
	at oracle.jdbc.driver.T4CConnection.authenticateUserForLogon(T4CConnection.java:1989) ~[ojdbc11-23.5.0.24.07.jar:23.5.0.24.07]
	at oracle.jdbc.driver.T4CConnection.logon(T4CConnection.java:1090) ~[ojdbc11-23.5.0.24.07.jar:23.5.0.24.07]
	at oracle.jdbc.driver.PhysicalConnection.connect(PhysicalConnection.java:1206) ~[ojdbc11-23.5.0.24.07.jar:23.5.0.24.07]
	at oracle.jdbc.driver.T4CDriverExtension.getConnection(T4CDriverExtension.java:105) ~[ojdbc11-23.5.0.24.07.jar:23.5.0.24.07]
	at oracle.jdbc.driver.OracleDriver.connect(OracleDriver.java:886) ~[ojdbc11-23.5.0.24.07.jar:23.5.0.24.07]
	at oracle.jdbc.driver.OracleDriver.connect(OracleDriver.java:693) ~[ojdbc11-23.5.0.24.07.jar:23.5.0.24.07]
	at com.zaxxer.hikari.util.DriverDataSource.getConnection(DriverDataSource.java:137) ~[HikariCP-5.1.0.jar:na]
	at com.zaxxer.hikari.pool.PoolBase.newConnection(PoolBase.java:360) ~[HikariCP-5.1.0.jar:na]
	at com.zaxxer.hikari.pool.PoolBase.newPoolEntry(PoolBase.java:202) ~[HikariCP-5.1.0.jar:na]
	at com.zaxxer.hikari.pool.HikariPool.createPoolEntry(HikariPool.java:461) ~[HikariCP-5.1.0.jar:na]
	at com.zaxxer.hikari.pool.HikariPool$PoolEntryCreator.call(HikariPool.java:724) ~[HikariCP-5.1.0.jar:na]
	at com.zaxxer.hikari.pool.HikariPool$PoolEntryCreator.call(HikariPool.java:703) ~[HikariCP-5.1.0.jar:na]
	at java.base/java.util.concurrent.FutureTask.run(FutureTask.java:317) ~[na:na]
	at java.base/java.util.concurrent.ThreadPoolExecutor.runWorker(ThreadPoolExecutor.java:1144) ~[na:na]
	at java.base/java.util.concurrent.ThreadPoolExecutor$Worker.run(ThreadPoolExecutor.java:642) ~[na:na]
	at java.base/java.lang.Thread.run(Thread.java:1583) ~[na:na]

2025-06-26T23:30:41.344-04:00  INFO 11948 --- [hw] [onnection adder] oracle.jdbc                              : properties={LOCALE=es_ES, DriverVersion=23.5.0.24.07, java.library.path: =C:\Program Files\Java\jdk-21\bin;C:\Windows\Sun\Java\bin;C:\Windows\system32;C:\Windows;C:\Program Files\Common Files\Oracle\Java\javapath;C:\Windows\system32;C:\Windows;C:\Windows\System32\Wbem;C:\Windows\System32\WindowsPowerShell\v1.0\;C:\Windows\System32\OpenSSH\;C:\Program Files\Git\cmd;C:\Users\colom\AppData\Local\Microsoft\WindowsApps;C:\Users\colom\AppData\Local\Programs\Microsoft VS Code\bin;., java.class.path: =c:\Users\colom\Documents\hw_local\pedidos-hw\target\test-classes;c:\Users\colom\Documents\hw_local\pedidos-hw\target\classes;C:\Users\colom\.m2\repository\com\h2database\h2\2.3.232\h2-2.3.232.jar;C:\Users\colom\.m2\repository\com\oracle\database\jdbc\ojdbc11\23.5.0.24.07\ojdbc11-23.5.0.24.07.jar;C:\Users\colom\.m2\repository\com\oracle\database\security\oraclepki\23.5.0.24.07\oraclepki-23.5.0.24.07.jar;C:\Users\colom\.m2\repository\com\oracle\database\security\osdt_cert\19.8.0.0\osdt_cert-19.8.0.0.jar;C:\Users\colom\.m2\repository\com\oracle\database\security\osdt_core\19.8.0.0\osdt_core-19.8.0.0.jar;C:\Users\colom\.m2\repository\org\apache\httpcomponents\client5\httpclient5\5.4.4\httpclient5-5.4.4.jar;C:\Users\colom\.m2\repository\org\apache\httpcomponents\core5\httpcore5\5.3.4\httpcore5-5.3.4.jar;C:\Users\colom\.m2\repository\org\apache\httpcomponents\core5\httpcore5-h2\5.3.4\httpcore5-h2-5.3.4.jar;C:\Users\colom\.m2\repository\org\slf4j\slf4j-api\2.0.17\slf4j-api-2.0.17.jar;C:\Users\colom\.m2\repository\org\projectlombok\lombok\1.18.38\lombok-1.18.38.jar;C:\Users\colom\.m2\repository\org\springdoc\springdoc-openapi-starter-webmvc-ui\2.8.5\springdoc-openapi-starter-webmvc-ui-2.8.5.jar;C:\Users\colom\.m2\repository\org\springdoc\springdoc-openapi-starter-webmvc-api\2.8.5\springdoc-openapi-starter-webmvc-api-2.8.5.jar;C:\Users\colom\.m2\repository\org\springdoc\springdoc-openapi-starter-common\2.8.5\springdoc-openapi-starter-common-2.8.5.jar;C:\Users\colom\.m2\repository\io\swagger\core\v3\swagger-core-jakarta\2.2.28\swagger-core-jakarta-2.2.28.jar;C:\Users\colom\.m2\repository\org\apache\commons\commons-lang3\3.17.0\commons-lang3-3.17.0.jar;C:\Users\colom\.m2\repository\io\swagger\core\v3\swagger-annotations-jakarta\2.2.28\swagger-annotations-jakarta-2.2.28.jar;C:\Users\colom\.m2\repository\io\swagger\core\v3\swagger-models-jakarta\2.2.28\swagger-models-jakarta-2.2.28.jar;C:\Users\colom\.m2\repository\jakarta\validation\jakarta.validation-api\3.0.2\jakarta.validation-api-3.0.2.jar;C:\Users\colom\.m2\repository\com\fasterxml\jackson\dataformat\jackson-dataformat-yaml\2.18.4\jackson-dataformat-yaml-2.18.4.jar;C:\Users\colom\.m2\repository\org\webjars\swagger-ui\5.18.3\swagger-ui-5.18.3.jar;C:\Users\colom\.m2\repository\org\webjars\webjars-locator-lite\1.0.1\webjars-locator-lite-1.0.1.jar;C:\Users\colom\.m2\repository\org\jspecify\jspecify\1.0.0\jspecify-1.0.0.jar;C:\Users\colom\.m2\repository\org\springframework\boot\spring-boot-starter-data-jdbc\3.4.7\spring-boot-starter-data-jdbc-3.4.7.jar;C:\Users\colom\.m2\repository\org\springframework\boot\spring-boot-starter-jdbc\3.4.7\spring-boot-starter-jdbc-3.4.7.jar;C:\Users\colom\.m2\repository\com\zaxxer\HikariCP\5.1.0\HikariCP-5.1.0.jar;C:\Users\colom\.m2\repository\org\springframework\spring-jdbc\6.2.8\spring-jdbc-6.2.8.jar;C:\Users\colom\.m2\repository\org\springframework\data\spring-data-jdbc\3.4.7\spring-data-jdbc-3.4.7.jar;C:\Users\colom\.m2\repository\org\springframework\data\spring-data-relational\3.4.7\spring-data-relational-3.4.7.jar;C:\Users\colom\.m2\repository\org\springframework\data\spring-data-commons\3.4.7\spring-data-commons-3.4.7.jar;C:\Users\colom\.m2\repository\org\springframework\spring-tx\6.2.8\spring-tx-6.2.8.jar;C:\Users\colom\.m2\repository\org\springframework\spring-context\6.2.8\spring-context-6.2.8.jar;C:\Users\colom\.m2\repository\org\springframework\spring-beans\6.2.8\spring-beans-6.2.8.jar;C:\Users\colom\.m2\repository\org\springframework\boot\spring-boot-starter-data-jpa\3.4.7\spring-boot-starter-data-jpa-3.4.7.jar;C:\Users\colom\.m2\repository\org\springframework\boot\spring-boot-starter\3.4.7\spring-boot-starter-3.4.7.jar;C:\Users\colom\.m2\repository\org\springframework\boot\spring-boot\3.4.7\spring-boot-3.4.7.jar;C:\Users\colom\.m2\repository\org\springframework\boot\spring-boot-autoconfigure\3.4.7\spring-boot-autoconfigure-3.4.7.jar;C:\Users\colom\.m2\repository\org\springframework\boot\spring-boot-starter-logging\3.4.7\spring-boot-starter-logging-3.4.7.jar;C:\Users\colom\.m2\repository\ch\qos\logback\logback-classic\1.5.18\logback-classic-1.5.18.jar;C:\Users\colom\.m2\repository\ch\qos\logback\logback-core\1.5.18\logback-core-1.5.18.jar;C:\Users\colom\.m2\repository\org\apache\logging\log4j\log4j-to-slf4j\2.24.3\log4j-to-slf4j-2.24.3.jar;C:\Users\colom\.m2\repository\org\apache\logging\log4j\log4j-api\2.24.3\log4j-api-2.24.3.jar;C:\Users\colom\.m2\repository\org\slf4j\jul-to-slf4j\2.0.17\jul-to-slf4j-2.0.17.jar;C:\Users\colom\.m2\repository\jakarta\annotation\jakarta.annotation-api\2.1.1\jakarta.annotation-api-2.1.1.jar;C:\Users\colom\.m2\repository\org\yaml\snakeyaml\2.3\snakeyaml-2.3.jar;C:\Users\colom\.m2\repository\org\hibernate\orm\hibernate-core\6.6.18.Final\hibernate-core-6.6.18.Final.jar;C:\Users\colom\.m2\repository\jakarta\persistence\jakarta.persistence-api\3.1.0\jakarta.persistence-api-3.1.0.jar;C:\Users\colom\.m2\repository\jakarta\transaction\jakarta.transaction-api\2.0.1\jakarta.transaction-api-2.0.1.jar;C:\Users\colom\.m2\repository\org\jboss\logging\jboss-logging\3.6.1.Final\jboss-logging-3.6.1.Final.jar;C:\Users\colom\.m2\repository\org\hibernate\common\hibernate-commons-annotations\7.0.3.Final\hibernate-commons-annotations-7.0.3.Final.jar;C:\Users\colom\.m2\repository\io\smallrye\jandex\3.2.0\jandex-3.2.0.jar;C:\Users\colom\.m2\repository\com\fasterxml\classmate\1.7.0\classmate-1.7.0.jar;C:\Users\colom\.m2\repository\net\bytebuddy\byte-buddy\1.15.11\byte-buddy-1.15.11.jar;C:\Users\colom\.m2\repository\org\glassfish\jaxb\jaxb-runtime\4.0.5\jaxb-runtime-4.0.5.jar;C:\Users\colom\.m2\repository\org\glassfish\jaxb\jaxb-core\4.0.5\jaxb-core-4.0.5.jar;C:\Users\colom\.m2\repository\org\eclipse\angus\angus-activation\2.0.2\angus-activation-2.0.2.jar;C:\Users\colom\.m2\repository\org\glassfish\jaxb\txw2\4.0.5\txw2-4.0.5.jar;C:\Users\colom\.m2\repository\com\sun\istack\istack-commons-runtime\4.1.2\istack-commons-runtime-4.1.2.jar;C:\Users\colom\.m2\repository\jakarta\inject\jakarta.inject-api\2.0.1\jakarta.inject-api-2.0.1.jar;C:\Users\colom\.m2\repository\org\antlr\antlr4-runtime\4.13.0\antlr4-runtime-4.13.0.jar;C:\Users\colom\.m2\repository\org\springframework\data\spring-data-jpa\3.4.7\spring-data-jpa-3.4.7.jar;C:\Users\colom\.m2\repository\org\springframework\spring-orm\6.2.8\spring-orm-6.2.8.jar;C:\Users\colom\.m2\repository\org\springframework\spring-aop\6.2.8\spring-aop-6.2.8.jar;C:\Users\colom\.m2\repository\org\springframework\spring-aspects\6.2.8\spring-aspects-6.2.8.jar;C:\Users\colom\.m2\repository\org\aspectj\aspectjweaver\1.9.24\aspectjweaver-1.9.24.jar;C:\Users\colom\.m2\repository\org\springframework\boot\spring-boot-starter-hateoas\3.4.7\spring-boot-starter-hateoas-3.4.7.jar;C:\Users\colom\.m2\repository\org\springframework\hateoas\spring-hateoas\2.4.1\spring-hateoas-2.4.1.jar;C:\Users\colom\.m2\repository\org\springframework\plugin\spring-plugin-core\3.0.0\spring-plugin-core-3.0.0.jar;C:\Users\colom\.m2\repository\org\springframework\boot\spring-boot-starter-test\3.3.2\spring-boot-starter-test-3.3.2.jar;C:\Users\colom\.m2\repository\org\springframework\boot\spring-boot-test\3.4.7\spring-boot-test-3.4.7.jar;C:\Users\colom\.m2\repository\org\springframework\boot\spring-boot-test-autoconfigure\3.4.7\spring-boot-test-autoconfigure-3.4.7.jar;C:\Users\colom\.m2\repository\com\jayway\jsonpath\json-path\2.9.0\json-path-2.9.0.jar;C:\Users\colom\.m2\repository\jakarta\xml\bind\jakarta.xml.bind-api\4.0.2\jakarta.xml.bind-api-4.0.2.jar;C:\Users\colom\.m2\repository\jakarta\activation\jakarta.activation-api\2.1.3\jakarta.activation-api-2.1.3.jar;C:\Users\colom\.m2\repository\net\minidev\json-smart\2.5.2\json-smart-2.5.2.jar;C:\Users\colom\.m2\repository\net\minidev\accessors-smart\2.5.2\accessors-smart-2.5.2.jar;C:\Users\colom\.m2\repository\org\ow2\asm\asm\9.7.1\asm-9.7.1.jar;C:\Users\colom\.m2\repository\org\assertj\assertj-core\3.26.3\assertj-core-3.26.3.jar;C:\Users\colom\.m2\repository\org\awaitility\awaitility\4.2.2\awaitility-4.2.2.jar;C:\Users\colom\.m2\repository\org\hamcrest\hamcrest\2.2\hamcrest-2.2.jar;C:\Users\colom\.m2\repository\org\junit\jupiter\junit-jupiter\5.11.4\junit-jupiter-5.11.4.jar;C:\Users\colom\.m2\repository\org\junit\jupiter\junit-jupiter-api\5.11.4\junit-jupiter-api-5.11.4.jar;C:\Users\colom\.m2\repository\org\opentest4j\opentest4j\1.3.0\opentest4j-1.3.0.jar;C:\Users\colom\.m2\repository\org\junit\platform\junit-platform-commons\1.11.4\junit-platform-commons-1.11.4.jar;C:\Users\colom\.m2\repository\org\apiguardian\apiguardian-api\1.1.2\apiguardian-api-1.1.2.jar;C:\Users\colom\.m2\repository\org\junit\jupiter\junit-jupiter-params\5.11.4\junit-jupiter-params-5.11.4.jar;C:\Users\colom\.m2\repository\org\junit\jupiter\junit-jupiter-engine\5.11.4\junit-jupiter-engine-5.11.4.jar;C:\Users\colom\.m2\repository\org\junit\platform\junit-platform-engine\1.11.4\junit-platform-engine-1.11.4.jar;C:\Users\colom\.m2\repository\org\mockito\mockito-core\5.14.2\mockito-core-5.14.2.jar;C:\Users\colom\.m2\repository\net\bytebuddy\byte-buddy-agent\1.15.11\byte-buddy-agent-1.15.11.jar;C:\Users\colom\.m2\repository\org\objenesis\objenesis\3.3\objenesis-3.3.jar;C:\Users\colom\.m2\repository\org\mockito\mockito-junit-jupiter\5.14.2\mockito-junit-jupiter-5.14.2.jar;C:\Users\colom\.m2\repository\org\skyscreamer\jsonassert\1.5.3\jsonassert-1.5.3.jar;C:\Users\colom\.m2\repository\com\vaadin\external\google\android-json\0.0.20131108.vaadin1\android-json-0.0.20131108.vaadin1.jar;C:\Users\colom\.m2\repository\org\springframework\spring-core\6.2.8\spring-core-6.2.8.jar;C:\Users\colom\.m2\repository\org\springframework\spring-jcl\6.2.8\spring-jcl-6.2.8.jar;C:\Users\colom\.m2\repository\org\springframework\spring-test\6.2.8\spring-test-6.2.8.jar;C:\Users\colom\.m2\repository\org\xmlunit\xmlunit-core\2.10.2\xmlunit-core-2.10.2.jar;C:\Users\colom\.m2\repository\org\springframework\boot\spring-boot-starter-web\3.4.7\spring-boot-starter-web-3.4.7.jar;C:\Users\colom\.m2\repository\org\springframework\boot\spring-boot-starter-json\3.4.7\spring-boot-starter-json-3.4.7.jar;C:\Users\colom\.m2\repository\com\fasterxml\jackson\core\jackson-databind\2.18.4\jackson-databind-2.18.4.jar;C:\Users\colom\.m2\repository\com\fasterxml\jackson\core\jackson-annotations\2.18.4\jackson-annotations-2.18.4.jar;C:\Users\colom\.m2\repository\com\fasterxml\jackson\core\jackson-core\2.18.4.1\jackson-core-2.18.4.1.jar;C:\Users\colom\.m2\repository\com\fasterxml\jackson\datatype\jackson-datatype-jdk8\2.18.4\jackson-datatype-jdk8-2.18.4.jar;C:\Users\colom\.m2\repository\com\fasterxml\jackson\datatype\jackson-datatype-jsr310\2.18.4\jackson-datatype-jsr310-2.18.4.jar;C:\Users\colom\.m2\repository\com\fasterxml\jackson\module\jackson-module-parameter-names\2.18.4\jackson-module-parameter-names-2.18.4.jar;C:\Users\colom\.m2\repository\org\springframework\boot\spring-boot-starter-tomcat\3.4.7\spring-boot-starter-tomcat-3.4.7.jar;C:\Users\colom\.m2\repository\org\apache\tomcat\embed\tomcat-embed-core\10.1.42\tomcat-embed-core-10.1.42.jar;C:\Users\colom\.m2\repository\org\apache\tomcat\embed\tomcat-embed-el\10.1.42\tomcat-embed-el-10.1.42.jar;C:\Users\colom\.m2\repository\org\apache\tomcat\embed\tomcat-embed-websocket\10.1.42\tomcat-embed-websocket-10.1.42.jar;C:\Users\colom\.m2\repository\org\springframework\spring-web\6.2.8\spring-web-6.2.8.jar;C:\Users\colom\.m2\repository\io\micrometer\micrometer-observation\1.14.8\micrometer-observation-1.14.8.jar;C:\Users\colom\.m2\repository\io\micrometer\micrometer-commons\1.14.8\micrometer-commons-1.14.8.jar;C:\Users\colom\.m2\repository\org\springframework\spring-webmvc\6.2.8\spring-webmvc-6.2.8.jar;C:\Users\colom\.m2\repository\org\springframework\spring-expression\6.2.8\spring-expression-6.2.8.jar;C:\Users\colom\.m2\repository\org\springframework\cloud\spring-cloud-starter-openfeign\4.2.0\spring-cloud-starter-openfeign-4.2.0.jar;C:\Users\colom\.m2\repository\org\springframework\cloud\spring-cloud-starter\4.2.0\spring-cloud-starter-4.2.0.jar;C:\Users\colom\.m2\repository\org\springframework\cloud\spring-cloud-context\4.2.0\spring-cloud-context-4.2.0.jar;C:\Users\colom\.m2\repository\org\bouncycastle\bcprov-jdk18on\1.78.1\bcprov-jdk18on-1.78.1.jar;C:\Users\colom\.m2\repository\org\springframework\cloud\spring-cloud-openfeign-core\4.2.0\spring-cloud-openfeign-core-4.2.0.jar;C:\Users\colom\.m2\repository\io\github\openfeign\feign-form-spring\13.5\feign-form-spring-13.5.jar;C:\Users\colom\.m2\repository\io\github\openfeign\feign-form\13.5\feign-form-13.5.jar;C:\Users\colom\.m2\repository\commons-fileupload\commons-fileupload\1.5\commons-fileupload-1.5.jar;C:\Users\colom\.m2\repository\commons-io\commons-io\2.11.0\commons-io-2.11.0.jar;C:\Users\colom\.m2\repository\org\springframework\cloud\spring-cloud-commons\4.2.0\spring-cloud-commons-4.2.0.jar;C:\Users\colom\.m2\repository\org\springframework\security\spring-security-crypto\6.4.7\spring-security-crypto-6.4.7.jar;C:\Users\colom\.m2\repository\io\github\openfeign\feign-core\13.5\feign-core-13.5.jar;C:\Users\colom\.m2\repository\io\github\openfeign\feign-slf4j\13.5\feign-slf4j-13.5.jar;, java.version: =21.0.5}. 
2025-06-26T23:30:41.344-04:00 DEBUG 11948 --- [hw] [onnection adder] com.zaxxer.hikari.pool.HikariPool        : HikariPool-1 - Cannot acquire connection from data source

java.sql.SQLRecoverableException: ORA-00018: maximum number of sessions exceeded

https://docs.oracle.com/error-help/db/ora-00018/
	at oracle.jdbc.driver.T4CTTIoer11.processError(T4CTTIoer11.java:709) ~[ojdbc11-23.5.0.24.07.jar:23.5.0.24.07]
	at oracle.jdbc.driver.T4CTTIoer11.processError(T4CTTIoer11.java:604) ~[ojdbc11-23.5.0.24.07.jar:23.5.0.24.07]
	at oracle.jdbc.driver.T4CTTIoer11.processError(T4CTTIoer11.java:599) ~[ojdbc11-23.5.0.24.07.jar:23.5.0.24.07]
	at oracle.jdbc.driver.T4CTTIfun.processError(T4CTTIfun.java:1809) ~[ojdbc11-23.5.0.24.07.jar:23.5.0.24.07]
	at oracle.jdbc.driver.T4CTTIoauthenticate.processError(T4CTTIoauthenticate.java:903) ~[ojdbc11-23.5.0.24.07.jar:23.5.0.24.07]
	at oracle.jdbc.driver.T4CTTIfun.receive(T4CTTIfun.java:1100) ~[ojdbc11-23.5.0.24.07.jar:23.5.0.24.07]
	at oracle.jdbc.driver.T4CTTIfun.doRPC(T4CTTIfun.java:408) ~[ojdbc11-23.5.0.24.07.jar:23.5.0.24.07]
	at oracle.jdbc.driver.T4CTTIoauthenticate.doOAUTH(T4CTTIoauthenticate.java:530) ~[ojdbc11-23.5.0.24.07.jar:23.5.0.24.07]
	at oracle.jdbc.driver.T4CTTIoauthenticate.doOAUTHWithO5Logon(T4CTTIoauthenticate.java:1712) ~[ojdbc11-23.5.0.24.07.jar:23.5.0.24.07]
	at oracle.jdbc.driver.T4CTTIoauthenticate.doOAUTH(T4CTTIoauthenticate.java:1459) ~[ojdbc11-23.5.0.24.07.jar:23.5.0.24.07]
	at oracle.jdbc.driver.T4CTTIoauthenticate.doOAUTH(T4CTTIoauthenticate.java:1399) ~[ojdbc11-23.5.0.24.07.jar:23.5.0.24.07]
	at oracle.jdbc.driver.T4CConnection.authenticateWithPassword(T4CConnection.java:2050) ~[ojdbc11-23.5.0.24.07.jar:23.5.0.24.07]
	at oracle.jdbc.driver.T4CConnection.authenticateUserForLogon(T4CConnection.java:1989) ~[ojdbc11-23.5.0.24.07.jar:23.5.0.24.07]
	at oracle.jdbc.driver.T4CConnection.logon(T4CConnection.java:1090) ~[ojdbc11-23.5.0.24.07.jar:23.5.0.24.07]
	at oracle.jdbc.driver.PhysicalConnection.connect(PhysicalConnection.java:1206) ~[ojdbc11-23.5.0.24.07.jar:23.5.0.24.07]
	at oracle.jdbc.driver.T4CDriverExtension.getConnection(T4CDriverExtension.java:105) ~[ojdbc11-23.5.0.24.07.jar:23.5.0.24.07]
	at oracle.jdbc.driver.OracleDriver.connect(OracleDriver.java:886) ~[ojdbc11-23.5.0.24.07.jar:23.5.0.24.07]
	at oracle.jdbc.driver.OracleDriver.connect(OracleDriver.java:693) ~[ojdbc11-23.5.0.24.07.jar:23.5.0.24.07]
	at com.zaxxer.hikari.util.DriverDataSource.getConnection(DriverDataSource.java:137) ~[HikariCP-5.1.0.jar:na]
	at com.zaxxer.hikari.pool.PoolBase.newConnection(PoolBase.java:360) ~[HikariCP-5.1.0.jar:na]
	at com.zaxxer.hikari.pool.PoolBase.newPoolEntry(PoolBase.java:202) ~[HikariCP-5.1.0.jar:na]
	at com.zaxxer.hikari.pool.HikariPool.createPoolEntry(HikariPool.java:461) ~[HikariCP-5.1.0.jar:na]
	at com.zaxxer.hikari.pool.HikariPool$PoolEntryCreator.call(HikariPool.java:724) ~[HikariCP-5.1.0.jar:na]
	at com.zaxxer.hikari.pool.HikariPool$PoolEntryCreator.call(HikariPool.java:703) ~[HikariCP-5.1.0.jar:na]
	at java.base/java.util.concurrent.FutureTask.run(FutureTask.java:317) ~[na:na]
	at java.base/java.util.concurrent.ThreadPoolExecutor.runWorker(ThreadPoolExecutor.java:1144) ~[na:na]
	at java.base/java.util.concurrent.ThreadPoolExecutor$Worker.run(ThreadPoolExecutor.java:642) ~[na:na]
	at java.base/java.lang.Thread.run(Thread.java:1583) ~[na:na]

2025-06-26T23:30:41.404-04:00  INFO 11948 --- [hw] [           main] o.s.v.b.OptionalValidatorFactoryBean     : Failed to set up a Bean Validation provider: jakarta.validation.NoProviderFoundException: Unable to create a Configuration, because no Jakarta Bean Validation provider could be found. Add a provider like Hibernate Validator (RI) to your classpath.
2025-06-26T23:30:41.874-04:00  INFO 11948 --- [hw] [onnection adder] oracle.jdbc                              : entering args (oracle.jdbc.internal.AbstractConnectionBuilder$1@503cf0f6)
2025-06-26T23:30:41.874-04:00  INFO 11948 --- [hw] [onnection adder] oracle.jdbc                              : traceId=58222B3B. 
2025-06-26T23:30:41.874-04:00  INFO 11948 --- [hw] [onnection adder] oracle.jdbc                              : Session Attributes: 
sdu=8192, tdu=32767
nt: host=adb.sa-valparaiso-1.oraclecloud.com, port=1522, socketOptions={0=YES, 1=NO, 2=30000, 4=TRUE, 5=(SOURCE=(METHOD=FILE)(METHOD_DATA=(DIRECTORY=wallet))), 38=TLS, 40=false, 17=20, 18=false, 20=true, 23=40, 24=50, 25=0}
    socket=null
client profile={oracle.net.encryption_types_client=(), oracle.net.crypto_seed=, oracle.net.authentication_services=(), oracle.net.setFIPSMode=false, oracle.net.kerberos5_mutual_authentication=false, oracle.net.encryption_client=ACCEPTED, oracle.net.crypto_checksum_client=ACCEPTED, oracle.net.crypto_checksum_types_client=()}
connection options=[host=adb.sa-valparaiso-1.oraclecloud.com port=1522 protocol=tcps service_name=g9da66205f7ede8_bdmsv_high.adb.oraclecloud.com addr=(ADDRESS=(PROTOCOL=tcps)(HOST=adb.sa-valparaiso-1.oraclecloud.com)(PORT=1522)) conn_data=(DESCRIPTION=(ADDRESS=(PROTOCOL=tcps)(PORT=1522)(HOST=165.1.96.72)(HOSTNAME=adb.sa-valparaiso-1.oraclecloud.com))(CONNECT_DATA=(CID=(PROGRAM=ForkedBooter)(HOST=DESKTOP-BN646OU)(USER=colom))(service_name=g9da66205f7ede8_bdmsv_high.adb.oraclecloud.com))) sslServerCertDN=CN=adb.sa-valparaiso-1.oraclecloud.com, O=Oracle Corporation, L=Redwood City, ST=California, C=US done=true]
onBreakReset=false, dataEOF=false, negotiatedOptions=0x801, connected=false
TTIINIT enabled=false, TTC cookie enabled=false

2025-06-26T23:30:41.874-04:00  INFO 11948 --- [hw] [onnection adder] oracle.jdbc                              : traceId=58222B3B, anoEnabled=true. 
2025-06-26T23:30:41.874-04:00  INFO 11948 --- [hw] [onnection adder] oracle.jdbc                              : Got Resend, SessionTraceId = 58222B3B
2025-06-26T23:30:41.874-04:00  INFO 11948 --- [hw] [onnection adder] oracle.jdbc                              : Connection established. Cleared conn strategy stack
2025-06-26T23:30:41.874-04:00  INFO 11948 --- [hw] [onnection adder] oracle.jdbc                              : Break received from server. Responding with reset...
2025-06-26T23:30:41.874-04:00  INFO 11948 --- [hw] [onnection adder] oracle.jdbc                              : SO_TIMEOUT interrupt timer cancelled null
2025-06-26T23:30:41.875-04:00  INFO 11948 --- [hw] [onnection adder] oracle.jdbc                              : Sending break marker, SessionTraceId = 58222B3B
2025-06-26T23:30:41.875-04:00  INFO 11948 --- [hw] [onnection adder] oracle.jdbc                              : throwing

java.sql.SQLRecoverableException: ORA-00018: maximum number of sessions exceeded

https://docs.oracle.com/error-help/db/ora-00018/
	at oracle.jdbc.driver.T4CTTIoer11.processError(T4CTTIoer11.java:709) ~[ojdbc11-23.5.0.24.07.jar:23.5.0.24.07]
	at oracle.jdbc.driver.T4CTTIoer11.processError(T4CTTIoer11.java:604) ~[ojdbc11-23.5.0.24.07.jar:23.5.0.24.07]
	at oracle.jdbc.driver.T4CTTIoer11.processError(T4CTTIoer11.java:599) ~[ojdbc11-23.5.0.24.07.jar:23.5.0.24.07]
	at oracle.jdbc.driver.T4CTTIfun.processError(T4CTTIfun.java:1809) ~[ojdbc11-23.5.0.24.07.jar:23.5.0.24.07]
	at oracle.jdbc.driver.T4CTTIoauthenticate.processError(T4CTTIoauthenticate.java:903) ~[ojdbc11-23.5.0.24.07.jar:23.5.0.24.07]
	at oracle.jdbc.driver.T4CTTIfun.receive(T4CTTIfun.java:1100) ~[ojdbc11-23.5.0.24.07.jar:23.5.0.24.07]
	at oracle.jdbc.driver.T4CTTIfun.doRPC(T4CTTIfun.java:408) ~[ojdbc11-23.5.0.24.07.jar:23.5.0.24.07]
	at oracle.jdbc.driver.T4CTTIoauthenticate.doOAUTH(T4CTTIoauthenticate.java:530) ~[ojdbc11-23.5.0.24.07.jar:23.5.0.24.07]
	at oracle.jdbc.driver.T4CTTIoauthenticate.doOAUTHWithO5Logon(T4CTTIoauthenticate.java:1712) ~[ojdbc11-23.5.0.24.07.jar:23.5.0.24.07]
	at oracle.jdbc.driver.T4CTTIoauthenticate.doOAUTH(T4CTTIoauthenticate.java:1459) ~[ojdbc11-23.5.0.24.07.jar:23.5.0.24.07]
	at oracle.jdbc.driver.T4CTTIoauthenticate.doOAUTH(T4CTTIoauthenticate.java:1399) ~[ojdbc11-23.5.0.24.07.jar:23.5.0.24.07]
	at oracle.jdbc.driver.T4CConnection.authenticateWithPassword(T4CConnection.java:2050) ~[ojdbc11-23.5.0.24.07.jar:23.5.0.24.07]
	at oracle.jdbc.driver.T4CConnection.authenticateUserForLogon(T4CConnection.java:1989) ~[ojdbc11-23.5.0.24.07.jar:23.5.0.24.07]
	at oracle.jdbc.driver.T4CConnection.logon(T4CConnection.java:1090) ~[ojdbc11-23.5.0.24.07.jar:23.5.0.24.07]
	at oracle.jdbc.driver.PhysicalConnection.connect(PhysicalConnection.java:1206) ~[ojdbc11-23.5.0.24.07.jar:23.5.0.24.07]
	at oracle.jdbc.driver.T4CDriverExtension.getConnection(T4CDriverExtension.java:105) ~[ojdbc11-23.5.0.24.07.jar:23.5.0.24.07]
	at oracle.jdbc.driver.OracleDriver.connect(OracleDriver.java:886) ~[ojdbc11-23.5.0.24.07.jar:23.5.0.24.07]
	at oracle.jdbc.driver.OracleDriver.connect(OracleDriver.java:693) ~[ojdbc11-23.5.0.24.07.jar:23.5.0.24.07]
	at com.zaxxer.hikari.util.DriverDataSource.getConnection(DriverDataSource.java:137) ~[HikariCP-5.1.0.jar:na]
	at com.zaxxer.hikari.pool.PoolBase.newConnection(PoolBase.java:360) ~[HikariCP-5.1.0.jar:na]
	at com.zaxxer.hikari.pool.PoolBase.newPoolEntry(PoolBase.java:202) ~[HikariCP-5.1.0.jar:na]
	at com.zaxxer.hikari.pool.HikariPool.createPoolEntry(HikariPool.java:461) ~[HikariCP-5.1.0.jar:na]
	at com.zaxxer.hikari.pool.HikariPool$PoolEntryCreator.call(HikariPool.java:724) ~[HikariCP-5.1.0.jar:na]
	at com.zaxxer.hikari.pool.HikariPool$PoolEntryCreator.call(HikariPool.java:703) ~[HikariCP-5.1.0.jar:na]
	at java.base/java.util.concurrent.FutureTask.run(FutureTask.java:317) ~[na:na]
	at java.base/java.util.concurrent.ThreadPoolExecutor.runWorker(ThreadPoolExecutor.java:1144) ~[na:na]
	at java.base/java.util.concurrent.ThreadPoolExecutor$Worker.run(ThreadPoolExecutor.java:642) ~[na:na]
	at java.base/java.lang.Thread.run(Thread.java:1583) ~[na:na]

2025-06-26T23:30:41.875-04:00  INFO 11948 --- [hw] [onnection adder] oracle.jdbc                              : properties={LOCALE=es_ES, DriverVersion=23.5.0.24.07, java.library.path: =C:\Program Files\Java\jdk-21\bin;C:\Windows\Sun\Java\bin;C:\Windows\system32;C:\Windows;C:\Program Files\Common Files\Oracle\Java\javapath;C:\Windows\system32;C:\Windows;C:\Windows\System32\Wbem;C:\Windows\System32\WindowsPowerShell\v1.0\;C:\Windows\System32\OpenSSH\;C:\Program Files\Git\cmd;C:\Users\colom\AppData\Local\Microsoft\WindowsApps;C:\Users\colom\AppData\Local\Programs\Microsoft VS Code\bin;., java.class.path: =c:\Users\colom\Documents\hw_local\pedidos-hw\target\test-classes;c:\Users\colom\Documents\hw_local\pedidos-hw\target\classes;C:\Users\colom\.m2\repository\com\h2database\h2\2.3.232\h2-2.3.232.jar;C:\Users\colom\.m2\repository\com\oracle\database\jdbc\ojdbc11\23.5.0.24.07\ojdbc11-23.5.0.24.07.jar;C:\Users\colom\.m2\repository\com\oracle\database\security\oraclepki\23.5.0.24.07\oraclepki-23.5.0.24.07.jar;C:\Users\colom\.m2\repository\com\oracle\database\security\osdt_cert\19.8.0.0\osdt_cert-19.8.0.0.jar;C:\Users\colom\.m2\repository\com\oracle\database\security\osdt_core\19.8.0.0\osdt_core-19.8.0.0.jar;C:\Users\colom\.m2\repository\org\apache\httpcomponents\client5\httpclient5\5.4.4\httpclient5-5.4.4.jar;C:\Users\colom\.m2\repository\org\apache\httpcomponents\core5\httpcore5\5.3.4\httpcore5-5.3.4.jar;C:\Users\colom\.m2\repository\org\apache\httpcomponents\core5\httpcore5-h2\5.3.4\httpcore5-h2-5.3.4.jar;C:\Users\colom\.m2\repository\org\slf4j\slf4j-api\2.0.17\slf4j-api-2.0.17.jar;C:\Users\colom\.m2\repository\org\projectlombok\lombok\1.18.38\lombok-1.18.38.jar;C:\Users\colom\.m2\repository\org\springdoc\springdoc-openapi-starter-webmvc-ui\2.8.5\springdoc-openapi-starter-webmvc-ui-2.8.5.jar;C:\Users\colom\.m2\repository\org\springdoc\springdoc-openapi-starter-webmvc-api\2.8.5\springdoc-openapi-starter-webmvc-api-2.8.5.jar;C:\Users\colom\.m2\repository\org\springdoc\springdoc-openapi-starter-common\2.8.5\springdoc-openapi-starter-common-2.8.5.jar;C:\Users\colom\.m2\repository\io\swagger\core\v3\swagger-core-jakarta\2.2.28\swagger-core-jakarta-2.2.28.jar;C:\Users\colom\.m2\repository\org\apache\commons\commons-lang3\3.17.0\commons-lang3-3.17.0.jar;C:\Users\colom\.m2\repository\io\swagger\core\v3\swagger-annotations-jakarta\2.2.28\swagger-annotations-jakarta-2.2.28.jar;C:\Users\colom\.m2\repository\io\swagger\core\v3\swagger-models-jakarta\2.2.28\swagger-models-jakarta-2.2.28.jar;C:\Users\colom\.m2\repository\jakarta\validation\jakarta.validation-api\3.0.2\jakarta.validation-api-3.0.2.jar;C:\Users\colom\.m2\repository\com\fasterxml\jackson\dataformat\jackson-dataformat-yaml\2.18.4\jackson-dataformat-yaml-2.18.4.jar;C:\Users\colom\.m2\repository\org\webjars\swagger-ui\5.18.3\swagger-ui-5.18.3.jar;C:\Users\colom\.m2\repository\org\webjars\webjars-locator-lite\1.0.1\webjars-locator-lite-1.0.1.jar;C:\Users\colom\.m2\repository\org\jspecify\jspecify\1.0.0\jspecify-1.0.0.jar;C:\Users\colom\.m2\repository\org\springframework\boot\spring-boot-starter-data-jdbc\3.4.7\spring-boot-starter-data-jdbc-3.4.7.jar;C:\Users\colom\.m2\repository\org\springframework\boot\spring-boot-starter-jdbc\3.4.7\spring-boot-starter-jdbc-3.4.7.jar;C:\Users\colom\.m2\repository\com\zaxxer\HikariCP\5.1.0\HikariCP-5.1.0.jar;C:\Users\colom\.m2\repository\org\springframework\spring-jdbc\6.2.8\spring-jdbc-6.2.8.jar;C:\Users\colom\.m2\repository\org\springframework\data\spring-data-jdbc\3.4.7\spring-data-jdbc-3.4.7.jar;C:\Users\colom\.m2\repository\org\springframework\data\spring-data-relational\3.4.7\spring-data-relational-3.4.7.jar;C:\Users\colom\.m2\repository\org\springframework\data\spring-data-commons\3.4.7\spring-data-commons-3.4.7.jar;C:\Users\colom\.m2\repository\org\springframework\spring-tx\6.2.8\spring-tx-6.2.8.jar;C:\Users\colom\.m2\repository\org\springframework\spring-context\6.2.8\spring-context-6.2.8.jar;C:\Users\colom\.m2\repository\org\springframework\spring-beans\6.2.8\spring-beans-6.2.8.jar;C:\Users\colom\.m2\repository\org\springframework\boot\spring-boot-starter-data-jpa\3.4.7\spring-boot-starter-data-jpa-3.4.7.jar;C:\Users\colom\.m2\repository\org\springframework\boot\spring-boot-starter\3.4.7\spring-boot-starter-3.4.7.jar;C:\Users\colom\.m2\repository\org\springframework\boot\spring-boot\3.4.7\spring-boot-3.4.7.jar;C:\Users\colom\.m2\repository\org\springframework\boot\spring-boot-autoconfigure\3.4.7\spring-boot-autoconfigure-3.4.7.jar;C:\Users\colom\.m2\repository\org\springframework\boot\spring-boot-starter-logging\3.4.7\spring-boot-starter-logging-3.4.7.jar;C:\Users\colom\.m2\repository\ch\qos\logback\logback-classic\1.5.18\logback-classic-1.5.18.jar;C:\Users\colom\.m2\repository\ch\qos\logback\logback-core\1.5.18\logback-core-1.5.18.jar;C:\Users\colom\.m2\repository\org\apache\logging\log4j\log4j-to-slf4j\2.24.3\log4j-to-slf4j-2.24.3.jar;C:\Users\colom\.m2\repository\org\apache\logging\log4j\log4j-api\2.24.3\log4j-api-2.24.3.jar;C:\Users\colom\.m2\repository\org\slf4j\jul-to-slf4j\2.0.17\jul-to-slf4j-2.0.17.jar;C:\Users\colom\.m2\repository\jakarta\annotation\jakarta.annotation-api\2.1.1\jakarta.annotation-api-2.1.1.jar;C:\Users\colom\.m2\repository\org\yaml\snakeyaml\2.3\snakeyaml-2.3.jar;C:\Users\colom\.m2\repository\org\hibernate\orm\hibernate-core\6.6.18.Final\hibernate-core-6.6.18.Final.jar;C:\Users\colom\.m2\repository\jakarta\persistence\jakarta.persistence-api\3.1.0\jakarta.persistence-api-3.1.0.jar;C:\Users\colom\.m2\repository\jakarta\transaction\jakarta.transaction-api\2.0.1\jakarta.transaction-api-2.0.1.jar;C:\Users\colom\.m2\repository\org\jboss\logging\jboss-logging\3.6.1.Final\jboss-logging-3.6.1.Final.jar;C:\Users\colom\.m2\repository\org\hibernate\common\hibernate-commons-annotations\7.0.3.Final\hibernate-commons-annotations-7.0.3.Final.jar;C:\Users\colom\.m2\repository\io\smallrye\jandex\3.2.0\jandex-3.2.0.jar;C:\Users\colom\.m2\repository\com\fasterxml\classmate\1.7.0\classmate-1.7.0.jar;C:\Users\colom\.m2\repository\net\bytebuddy\byte-buddy\1.15.11\byte-buddy-1.15.11.jar;C:\Users\colom\.m2\repository\org\glassfish\jaxb\jaxb-runtime\4.0.5\jaxb-runtime-4.0.5.jar;C:\Users\colom\.m2\repository\org\glassfish\jaxb\jaxb-core\4.0.5\jaxb-core-4.0.5.jar;C:\Users\colom\.m2\repository\org\eclipse\angus\angus-activation\2.0.2\angus-activation-2.0.2.jar;C:\Users\colom\.m2\repository\org\glassfish\jaxb\txw2\4.0.5\txw2-4.0.5.jar;C:\Users\colom\.m2\repository\com\sun\istack\istack-commons-runtime\4.1.2\istack-commons-runtime-4.1.2.jar;C:\Users\colom\.m2\repository\jakarta\inject\jakarta.inject-api\2.0.1\jakarta.inject-api-2.0.1.jar;C:\Users\colom\.m2\repository\org\antlr\antlr4-runtime\4.13.0\antlr4-runtime-4.13.0.jar;C:\Users\colom\.m2\repository\org\springframework\data\spring-data-jpa\3.4.7\spring-data-jpa-3.4.7.jar;C:\Users\colom\.m2\repository\org\springframework\spring-orm\6.2.8\spring-orm-6.2.8.jar;C:\Users\colom\.m2\repository\org\springframework\spring-aop\6.2.8\spring-aop-6.2.8.jar;C:\Users\colom\.m2\repository\org\springframework\spring-aspects\6.2.8\spring-aspects-6.2.8.jar;C:\Users\colom\.m2\repository\org\aspectj\aspectjweaver\1.9.24\aspectjweaver-1.9.24.jar;C:\Users\colom\.m2\repository\org\springframework\boot\spring-boot-starter-hateoas\3.4.7\spring-boot-starter-hateoas-3.4.7.jar;C:\Users\colom\.m2\repository\org\springframework\hateoas\spring-hateoas\2.4.1\spring-hateoas-2.4.1.jar;C:\Users\colom\.m2\repository\org\springframework\plugin\spring-plugin-core\3.0.0\spring-plugin-core-3.0.0.jar;C:\Users\colom\.m2\repository\org\springframework\boot\spring-boot-starter-test\3.3.2\spring-boot-starter-test-3.3.2.jar;C:\Users\colom\.m2\repository\org\springframework\boot\spring-boot-test\3.4.7\spring-boot-test-3.4.7.jar;C:\Users\colom\.m2\repository\org\springframework\boot\spring-boot-test-autoconfigure\3.4.7\spring-boot-test-autoconfigure-3.4.7.jar;C:\Users\colom\.m2\repository\com\jayway\jsonpath\json-path\2.9.0\json-path-2.9.0.jar;C:\Users\colom\.m2\repository\jakarta\xml\bind\jakarta.xml.bind-api\4.0.2\jakarta.xml.bind-api-4.0.2.jar;C:\Users\colom\.m2\repository\jakarta\activation\jakarta.activation-api\2.1.3\jakarta.activation-api-2.1.3.jar;C:\Users\colom\.m2\repository\net\minidev\json-smart\2.5.2\json-smart-2.5.2.jar;C:\Users\colom\.m2\repository\net\minidev\accessors-smart\2.5.2\accessors-smart-2.5.2.jar;C:\Users\colom\.m2\repository\org\ow2\asm\asm\9.7.1\asm-9.7.1.jar;C:\Users\colom\.m2\repository\org\assertj\assertj-core\3.26.3\assertj-core-3.26.3.jar;C:\Users\colom\.m2\repository\org\awaitility\awaitility\4.2.2\awaitility-4.2.2.jar;C:\Users\colom\.m2\repository\org\hamcrest\hamcrest\2.2\hamcrest-2.2.jar;C:\Users\colom\.m2\repository\org\junit\jupiter\junit-jupiter\5.11.4\junit-jupiter-5.11.4.jar;C:\Users\colom\.m2\repository\org\junit\jupiter\junit-jupiter-api\5.11.4\junit-jupiter-api-5.11.4.jar;C:\Users\colom\.m2\repository\org\opentest4j\opentest4j\1.3.0\opentest4j-1.3.0.jar;C:\Users\colom\.m2\repository\org\junit\platform\junit-platform-commons\1.11.4\junit-platform-commons-1.11.4.jar;C:\Users\colom\.m2\repository\org\apiguardian\apiguardian-api\1.1.2\apiguardian-api-1.1.2.jar;C:\Users\colom\.m2\repository\org\junit\jupiter\junit-jupiter-params\5.11.4\junit-jupiter-params-5.11.4.jar;C:\Users\colom\.m2\repository\org\junit\jupiter\junit-jupiter-engine\5.11.4\junit-jupiter-engine-5.11.4.jar;C:\Users\colom\.m2\repository\org\junit\platform\junit-platform-engine\1.11.4\junit-platform-engine-1.11.4.jar;C:\Users\colom\.m2\repository\org\mockito\mockito-core\5.14.2\mockito-core-5.14.2.jar;C:\Users\colom\.m2\repository\net\bytebuddy\byte-buddy-agent\1.15.11\byte-buddy-agent-1.15.11.jar;C:\Users\colom\.m2\repository\org\objenesis\objenesis\3.3\objenesis-3.3.jar;C:\Users\colom\.m2\repository\org\mockito\mockito-junit-jupiter\5.14.2\mockito-junit-jupiter-5.14.2.jar;C:\Users\colom\.m2\repository\org\skyscreamer\jsonassert\1.5.3\jsonassert-1.5.3.jar;C:\Users\colom\.m2\repository\com\vaadin\external\google\android-json\0.0.20131108.vaadin1\android-json-0.0.20131108.vaadin1.jar;C:\Users\colom\.m2\repository\org\springframework\spring-core\6.2.8\spring-core-6.2.8.jar;C:\Users\colom\.m2\repository\org\springframework\spring-jcl\6.2.8\spring-jcl-6.2.8.jar;C:\Users\colom\.m2\repository\org\springframework\spring-test\6.2.8\spring-test-6.2.8.jar;C:\Users\colom\.m2\repository\org\xmlunit\xmlunit-core\2.10.2\xmlunit-core-2.10.2.jar;C:\Users\colom\.m2\repository\org\springframework\boot\spring-boot-starter-web\3.4.7\spring-boot-starter-web-3.4.7.jar;C:\Users\colom\.m2\repository\org\springframework\boot\spring-boot-starter-json\3.4.7\spring-boot-starter-json-3.4.7.jar;C:\Users\colom\.m2\repository\com\fasterxml\jackson\core\jackson-databind\2.18.4\jackson-databind-2.18.4.jar;C:\Users\colom\.m2\repository\com\fasterxml\jackson\core\jackson-annotations\2.18.4\jackson-annotations-2.18.4.jar;C:\Users\colom\.m2\repository\com\fasterxml\jackson\core\jackson-core\2.18.4.1\jackson-core-2.18.4.1.jar;C:\Users\colom\.m2\repository\com\fasterxml\jackson\datatype\jackson-datatype-jdk8\2.18.4\jackson-datatype-jdk8-2.18.4.jar;C:\Users\colom\.m2\repository\com\fasterxml\jackson\datatype\jackson-datatype-jsr310\2.18.4\jackson-datatype-jsr310-2.18.4.jar;C:\Users\colom\.m2\repository\com\fasterxml\jackson\module\jackson-module-parameter-names\2.18.4\jackson-module-parameter-names-2.18.4.jar;C:\Users\colom\.m2\repository\org\springframework\boot\spring-boot-starter-tomcat\3.4.7\spring-boot-starter-tomcat-3.4.7.jar;C:\Users\colom\.m2\repository\org\apache\tomcat\embed\tomcat-embed-core\10.1.42\tomcat-embed-core-10.1.42.jar;C:\Users\colom\.m2\repository\org\apache\tomcat\embed\tomcat-embed-el\10.1.42\tomcat-embed-el-10.1.42.jar;C:\Users\colom\.m2\repository\org\apache\tomcat\embed\tomcat-embed-websocket\10.1.42\tomcat-embed-websocket-10.1.42.jar;C:\Users\colom\.m2\repository\org\springframework\spring-web\6.2.8\spring-web-6.2.8.jar;C:\Users\colom\.m2\repository\io\micrometer\micrometer-observation\1.14.8\micrometer-observation-1.14.8.jar;C:\Users\colom\.m2\repository\io\micrometer\micrometer-commons\1.14.8\micrometer-commons-1.14.8.jar;C:\Users\colom\.m2\repository\org\springframework\spring-webmvc\6.2.8\spring-webmvc-6.2.8.jar;C:\Users\colom\.m2\repository\org\springframework\spring-expression\6.2.8\spring-expression-6.2.8.jar;C:\Users\colom\.m2\repository\org\springframework\cloud\spring-cloud-starter-openfeign\4.2.0\spring-cloud-starter-openfeign-4.2.0.jar;C:\Users\colom\.m2\repository\org\springframework\cloud\spring-cloud-starter\4.2.0\spring-cloud-starter-4.2.0.jar;C:\Users\colom\.m2\repository\org\springframework\cloud\spring-cloud-context\4.2.0\spring-cloud-context-4.2.0.jar;C:\Users\colom\.m2\repository\org\bouncycastle\bcprov-jdk18on\1.78.1\bcprov-jdk18on-1.78.1.jar;C:\Users\colom\.m2\repository\org\springframework\cloud\spring-cloud-openfeign-core\4.2.0\spring-cloud-openfeign-core-4.2.0.jar;C:\Users\colom\.m2\repository\io\github\openfeign\feign-form-spring\13.5\feign-form-spring-13.5.jar;C:\Users\colom\.m2\repository\io\github\openfeign\feign-form\13.5\feign-form-13.5.jar;C:\Users\colom\.m2\repository\commons-fileupload\commons-fileupload\1.5\commons-fileupload-1.5.jar;C:\Users\colom\.m2\repository\commons-io\commons-io\2.11.0\commons-io-2.11.0.jar;C:\Users\colom\.m2\repository\org\springframework\cloud\spring-cloud-commons\4.2.0\spring-cloud-commons-4.2.0.jar;C:\Users\colom\.m2\repository\org\springframework\security\spring-security-crypto\6.4.7\spring-security-crypto-6.4.7.jar;C:\Users\colom\.m2\repository\io\github\openfeign\feign-core\13.5\feign-core-13.5.jar;C:\Users\colom\.m2\repository\io\github\openfeign\feign-slf4j\13.5\feign-slf4j-13.5.jar;, java.version: =21.0.5}. 
2025-06-26T23:30:41.875-04:00 DEBUG 11948 --- [hw] [onnection adder] com.zaxxer.hikari.pool.HikariPool        : HikariPool-1 - Cannot acquire connection from data source

java.sql.SQLRecoverableException: ORA-00018: maximum number of sessions exceeded

https://docs.oracle.com/error-help/db/ora-00018/
	at oracle.jdbc.driver.T4CTTIoer11.processError(T4CTTIoer11.java:709) ~[ojdbc11-23.5.0.24.07.jar:23.5.0.24.07]
	at oracle.jdbc.driver.T4CTTIoer11.processError(T4CTTIoer11.java:604) ~[ojdbc11-23.5.0.24.07.jar:23.5.0.24.07]
	at oracle.jdbc.driver.T4CTTIoer11.processError(T4CTTIoer11.java:599) ~[ojdbc11-23.5.0.24.07.jar:23.5.0.24.07]
	at oracle.jdbc.driver.T4CTTIfun.processError(T4CTTIfun.java:1809) ~[ojdbc11-23.5.0.24.07.jar:23.5.0.24.07]
	at oracle.jdbc.driver.T4CTTIoauthenticate.processError(T4CTTIoauthenticate.java:903) ~[ojdbc11-23.5.0.24.07.jar:23.5.0.24.07]
	at oracle.jdbc.driver.T4CTTIfun.receive(T4CTTIfun.java:1100) ~[ojdbc11-23.5.0.24.07.jar:23.5.0.24.07]
	at oracle.jdbc.driver.T4CTTIfun.doRPC(T4CTTIfun.java:408) ~[ojdbc11-23.5.0.24.07.jar:23.5.0.24.07]
	at oracle.jdbc.driver.T4CTTIoauthenticate.doOAUTH(T4CTTIoauthenticate.java:530) ~[ojdbc11-23.5.0.24.07.jar:23.5.0.24.07]
	at oracle.jdbc.driver.T4CTTIoauthenticate.doOAUTHWithO5Logon(T4CTTIoauthenticate.java:1712) ~[ojdbc11-23.5.0.24.07.jar:23.5.0.24.07]
	at oracle.jdbc.driver.T4CTTIoauthenticate.doOAUTH(T4CTTIoauthenticate.java:1459) ~[ojdbc11-23.5.0.24.07.jar:23.5.0.24.07]
	at oracle.jdbc.driver.T4CTTIoauthenticate.doOAUTH(T4CTTIoauthenticate.java:1399) ~[ojdbc11-23.5.0.24.07.jar:23.5.0.24.07]
	at oracle.jdbc.driver.T4CConnection.authenticateWithPassword(T4CConnection.java:2050) ~[ojdbc11-23.5.0.24.07.jar:23.5.0.24.07]
	at oracle.jdbc.driver.T4CConnection.authenticateUserForLogon(T4CConnection.java:1989) ~[ojdbc11-23.5.0.24.07.jar:23.5.0.24.07]
	at oracle.jdbc.driver.T4CConnection.logon(T4CConnection.java:1090) ~[ojdbc11-23.5.0.24.07.jar:23.5.0.24.07]
	at oracle.jdbc.driver.PhysicalConnection.connect(PhysicalConnection.java:1206) ~[ojdbc11-23.5.0.24.07.jar:23.5.0.24.07]
	at oracle.jdbc.driver.T4CDriverExtension.getConnection(T4CDriverExtension.java:105) ~[ojdbc11-23.5.0.24.07.jar:23.5.0.24.07]
	at oracle.jdbc.driver.OracleDriver.connect(OracleDriver.java:886) ~[ojdbc11-23.5.0.24.07.jar:23.5.0.24.07]
	at oracle.jdbc.driver.OracleDriver.connect(OracleDriver.java:693) ~[ojdbc11-23.5.0.24.07.jar:23.5.0.24.07]
	at com.zaxxer.hikari.util.DriverDataSource.getConnection(DriverDataSource.java:137) ~[HikariCP-5.1.0.jar:na]
	at com.zaxxer.hikari.pool.PoolBase.newConnection(PoolBase.java:360) ~[HikariCP-5.1.0.jar:na]
	at com.zaxxer.hikari.pool.PoolBase.newPoolEntry(PoolBase.java:202) ~[HikariCP-5.1.0.jar:na]
	at com.zaxxer.hikari.pool.HikariPool.createPoolEntry(HikariPool.java:461) ~[HikariCP-5.1.0.jar:na]
	at com.zaxxer.hikari.pool.HikariPool$PoolEntryCreator.call(HikariPool.java:724) ~[HikariCP-5.1.0.jar:na]
	at com.zaxxer.hikari.pool.HikariPool$PoolEntryCreator.call(HikariPool.java:703) ~[HikariCP-5.1.0.jar:na]
	at java.base/java.util.concurrent.FutureTask.run(FutureTask.java:317) ~[na:na]
	at java.base/java.util.concurrent.ThreadPoolExecutor.runWorker(ThreadPoolExecutor.java:1144) ~[na:na]
	at java.base/java.util.concurrent.ThreadPoolExecutor$Worker.run(ThreadPoolExecutor.java:642) ~[na:na]
	at java.base/java.lang.Thread.run(Thread.java:1583) ~[na:na]

2025-06-26T23:30:41.889-04:00  INFO 11948 --- [hw] [           main] o.s.b.t.m.w.SpringBootMockServletContext : Initializing Spring TestDispatcherServlet ''
2025-06-26T23:30:41.889-04:00  INFO 11948 --- [hw] [           main] o.s.t.web.servlet.TestDispatcherServlet  : Initializing Servlet ''
2025-06-26T23:30:41.889-04:00  INFO 11948 --- [hw] [           main] o.s.t.web.servlet.TestDispatcherServlet  : Completed initialization in 0 ms
2025-06-26T23:30:41.945-04:00  INFO 11948 --- [hw] [           main] c.p.h.c.PedidoControllerIntegrationTest  : Started PedidoControllerIntegrationTest in 5.645 seconds (process running for 6.661)
2025-06-26T23:30:42.318-04:00 DEBUG 11948 --- [hw] [           main] o.h.e.t.internal.TransactionImpl         : On TransactionImpl creation, JpaCompliance#isJpaTransactionComplianceEnabled == false
2025-06-26T23:30:42.318-04:00 DEBUG 11948 --- [hw] [           main] o.h.e.t.internal.TransactionImpl         : begin
2025-06-26T23:30:42.347-04:00 DEBUG 11948 --- [hw] [           main] org.hibernate.orm.query.plan.cache       : Creating and caching NativeQuery ParameterInterpretation - ParameterInterpretationImpl (SELECT * FROM pedido WHERE fecha_pedido LIKE TO_DATE(?)) : {
    
}
2025-06-26T23:30:42.370-04:00 DEBUG 11948 --- [hw] [           main] org.hibernate.orm.sql.exec               : Skipping reading Query result cache data: cache-enabled = false, cache-mode = NORMAL
2025-06-26T23:30:42.371-04:00 DEBUG 11948 --- [hw] [           main] org.hibernate.SQL                        : 
    SELECT
        * 
    FROM
        pedido 
    WHERE
        fecha_pedido LIKE TO_DATE(?)
Hibernate: 
    SELECT
        * 
    FROM
        pedido 
    WHERE
        fecha_pedido LIKE TO_DATE(?)
2025-06-26T23:30:42.592-04:00 DEBUG 11948 --- [hw] [           main] org.hibernate.orm.results                : Disallowing positional selections : SELECT * FROM pedido WHERE fecha_pedido LIKE TO_DATE(:fecha_pedido)
2025-06-26T23:30:42.603-04:00 DEBUG 11948 --- [hw] [           main] org.hibernate.orm.results                : Initializer list:
	  com.pedidos.hw.model.Pedido -> EntityJoinedFetchInitializer(com.pedidos.hw.model.Pedido)@308416152 (SingleTableEntityPersister(com.pedidos.hw.model.Pedido))
	  com.pedidos.hw.model.Pedido.detalles -> DelayedCollectionInitializer(com.pedidos.hw.model.Pedido.detalles)@2026363282 (PluralAttribute(com.pedidos.hw.model.Pedido.detalles))

2025-06-26T23:30:42.609-04:00 DEBUG 11948 --- [hw] [           main] o.h.e.t.internal.TransactionImpl         : committing
]]></system-out>
    <system-err><![CDATA[Mockito is currently self-attaching to enable the inline-mock-maker. This will no longer work in future releases of the JDK. Please add Mockito as an agent to your build what is described in Mockito's documentation: https://javadoc.io/doc/org.mockito/mockito-core/latest/org/mockito/Mockito.html#0.3
WARNING: A Java agent has been loaded dynamically (C:\Users\colom\.m2\repository\net\bytebuddy\byte-buddy-agent\1.15.11\byte-buddy-agent-1.15.11.jar)
WARNING: If a serviceability tool is in use, please run with -XX:+EnableDynamicAgentLoading to hide this warning
WARNING: If a serviceability tool is not in use, please run with -Djdk.instrument.traceUsage for more information
WARNING: Dynamic loading of agents will be disallowed by default in a future release
]]></system-err>
  </testcase>
  <testcase name="shouldReturnPedido" classname="com.pedidos.hw.controller.PedidoControllerIntegrationTest" time="3.969">
    <system-out><![CDATA[2025-06-26T23:30:42.641-04:00 DEBUG 11948 --- [hw] [           main] o.h.e.t.internal.TransactionImpl         : On TransactionImpl creation, JpaCompliance#isJpaTransactionComplianceEnabled == false
2025-06-26T23:30:42.641-04:00 DEBUG 11948 --- [hw] [           main] o.h.e.t.internal.TransactionImpl         : begin
2025-06-26T23:30:42.689-04:00 DEBUG 11948 --- [hw] [           main] org.hibernate.orm.sql.ast.create         : Created new SQL alias : p1_0
2025-06-26T23:30:42.689-04:00 DEBUG 11948 --- [hw] [           main] org.hibernate.orm.sql.ast.create         : Registration of TableGroup [StandardTableGroup(com.pedidos.hw.model.Pedido(1))] with identifierForTableGroup [com.pedidos.hw.model.Pedido] for NavigablePath [com.pedidos.hw.model.Pedido] 
2025-06-26T23:30:42.695-04:00 DEBUG 11948 --- [hw] [           main] org.hibernate.orm.results.graph.AST      : DomainResult Graph:
 \-EntityResultImpl [com.pedidos.hw.model.Pedido(1)]
 |  +-DelayedCollectionFetch [com.pedidos.hw.model.Pedido(1).detalles]
 |  +-BasicFetch [com.pedidos.hw.model.Pedido(1).estado]
 |  +-BasicFetch [com.pedidos.hw.model.Pedido(1).fecha_pedido]
 |  \-BasicFetch [com.pedidos.hw.model.Pedido(1).id_usuario]

2025-06-26T23:30:42.695-04:00 DEBUG 11948 --- [hw] [           main] org.hibernate.orm.sql.ast.tree           : SQL AST Tree:
    SelectStatement {
      FromClause {
        StandardTableGroup (p1 : com.pedidos.hw.model.Pedido(1)) {
          primaryTableReference : pedido as p1_0
        }
      }
    }

2025-06-26T23:30:42.697-04:00 DEBUG 11948 --- [hw] [           main] org.hibernate.orm.sql.exec               : Skipping reading Query result cache data: cache-enabled = false, cache-mode = NORMAL
2025-06-26T23:30:42.697-04:00 DEBUG 11948 --- [hw] [           main] org.hibernate.SQL                        : 
    select
        p1_0.id,
        p1_0.estado,
        p1_0.fecha_pedido,
        p1_0.id_usuario 
    from
        pedido p1_0
Hibernate: 
    select
        p1_0.id,
        p1_0.estado,
        p1_0.fecha_pedido,
        p1_0.id_usuario 
    from
        pedido p1_0
2025-06-26T23:30:42.703-04:00  INFO 11948 --- [hw] [onnection adder] oracle.jdbc                              : entering args (oracle.jdbc.internal.AbstractConnectionBuilder$1@508edb83)
2025-06-26T23:30:42.703-04:00  INFO 11948 --- [hw] [onnection adder] oracle.jdbc                              : traceId=2E2BA77A. 
2025-06-26T23:30:42.703-04:00  INFO 11948 --- [hw] [onnection adder] oracle.jdbc                              : Session Attributes: 
sdu=8192, tdu=32767
nt: host=adb.sa-valparaiso-1.oraclecloud.com, port=1522, socketOptions={0=YES, 1=NO, 2=30000, 4=TRUE, 5=(SOURCE=(METHOD=FILE)(METHOD_DATA=(DIRECTORY=wallet))), 38=TLS, 40=false, 17=20, 18=false, 20=true, 23=40, 24=50, 25=0}
    socket=null
client profile={oracle.net.encryption_types_client=(), oracle.net.crypto_seed=, oracle.net.authentication_services=(), oracle.net.setFIPSMode=false, oracle.net.kerberos5_mutual_authentication=false, oracle.net.encryption_client=ACCEPTED, oracle.net.crypto_checksum_client=ACCEPTED, oracle.net.crypto_checksum_types_client=()}
connection options=[host=adb.sa-valparaiso-1.oraclecloud.com port=1522 protocol=tcps service_name=g9da66205f7ede8_bdmsv_high.adb.oraclecloud.com addr=(ADDRESS=(PROTOCOL=tcps)(HOST=adb.sa-valparaiso-1.oraclecloud.com)(PORT=1522)) conn_data=(DESCRIPTION=(ADDRESS=(PROTOCOL=tcps)(PORT=1522)(HOST=165.1.96.72)(HOSTNAME=adb.sa-valparaiso-1.oraclecloud.com))(CONNECT_DATA=(CID=(PROGRAM=ForkedBooter)(HOST=DESKTOP-BN646OU)(USER=colom))(service_name=g9da66205f7ede8_bdmsv_high.adb.oraclecloud.com))) sslServerCertDN=CN=adb.sa-valparaiso-1.oraclecloud.com, O=Oracle Corporation, L=Redwood City, ST=California, C=US done=true]
onBreakReset=false, dataEOF=false, negotiatedOptions=0x801, connected=false
TTIINIT enabled=false, TTC cookie enabled=false

2025-06-26T23:30:42.703-04:00  INFO 11948 --- [hw] [onnection adder] oracle.jdbc                              : traceId=2E2BA77A, anoEnabled=true. 
2025-06-26T23:30:42.704-04:00  INFO 11948 --- [hw] [onnection adder] oracle.jdbc                              : Got Resend, SessionTraceId = 2E2BA77A
2025-06-26T23:30:42.704-04:00  INFO 11948 --- [hw] [onnection adder] oracle.jdbc                              : Connection established. Cleared conn strategy stack
2025-06-26T23:30:42.704-04:00  INFO 11948 --- [hw] [onnection adder] oracle.jdbc                              : Break received from server. Responding with reset...
2025-06-26T23:30:42.704-04:00  INFO 11948 --- [hw] [onnection adder] oracle.jdbc                              : SO_TIMEOUT interrupt timer cancelled null
2025-06-26T23:30:42.704-04:00  INFO 11948 --- [hw] [onnection adder] oracle.jdbc                              : Sending break marker, SessionTraceId = 2E2BA77A
2025-06-26T23:30:42.704-04:00  INFO 11948 --- [hw] [onnection adder] oracle.jdbc                              : throwing

java.sql.SQLRecoverableException: ORA-00018: maximum number of sessions exceeded

https://docs.oracle.com/error-help/db/ora-00018/
	at oracle.jdbc.driver.T4CTTIoer11.processError(T4CTTIoer11.java:709) ~[ojdbc11-23.5.0.24.07.jar:23.5.0.24.07]
	at oracle.jdbc.driver.T4CTTIoer11.processError(T4CTTIoer11.java:604) ~[ojdbc11-23.5.0.24.07.jar:23.5.0.24.07]
	at oracle.jdbc.driver.T4CTTIoer11.processError(T4CTTIoer11.java:599) ~[ojdbc11-23.5.0.24.07.jar:23.5.0.24.07]
	at oracle.jdbc.driver.T4CTTIfun.processError(T4CTTIfun.java:1809) ~[ojdbc11-23.5.0.24.07.jar:23.5.0.24.07]
	at oracle.jdbc.driver.T4CTTIoauthenticate.processError(T4CTTIoauthenticate.java:903) ~[ojdbc11-23.5.0.24.07.jar:23.5.0.24.07]
	at oracle.jdbc.driver.T4CTTIfun.receive(T4CTTIfun.java:1100) ~[ojdbc11-23.5.0.24.07.jar:23.5.0.24.07]
	at oracle.jdbc.driver.T4CTTIfun.doRPC(T4CTTIfun.java:408) ~[ojdbc11-23.5.0.24.07.jar:23.5.0.24.07]
	at oracle.jdbc.driver.T4CTTIoauthenticate.doOAUTH(T4CTTIoauthenticate.java:530) ~[ojdbc11-23.5.0.24.07.jar:23.5.0.24.07]
	at oracle.jdbc.driver.T4CTTIoauthenticate.doOAUTHWithO5Logon(T4CTTIoauthenticate.java:1712) ~[ojdbc11-23.5.0.24.07.jar:23.5.0.24.07]
	at oracle.jdbc.driver.T4CTTIoauthenticate.doOAUTH(T4CTTIoauthenticate.java:1459) ~[ojdbc11-23.5.0.24.07.jar:23.5.0.24.07]
	at oracle.jdbc.driver.T4CTTIoauthenticate.doOAUTH(T4CTTIoauthenticate.java:1399) ~[ojdbc11-23.5.0.24.07.jar:23.5.0.24.07]
	at oracle.jdbc.driver.T4CConnection.authenticateWithPassword(T4CConnection.java:2050) ~[ojdbc11-23.5.0.24.07.jar:23.5.0.24.07]
	at oracle.jdbc.driver.T4CConnection.authenticateUserForLogon(T4CConnection.java:1989) ~[ojdbc11-23.5.0.24.07.jar:23.5.0.24.07]
	at oracle.jdbc.driver.T4CConnection.logon(T4CConnection.java:1090) ~[ojdbc11-23.5.0.24.07.jar:23.5.0.24.07]
	at oracle.jdbc.driver.PhysicalConnection.connect(PhysicalConnection.java:1206) ~[ojdbc11-23.5.0.24.07.jar:23.5.0.24.07]
	at oracle.jdbc.driver.T4CDriverExtension.getConnection(T4CDriverExtension.java:105) ~[ojdbc11-23.5.0.24.07.jar:23.5.0.24.07]
	at oracle.jdbc.driver.OracleDriver.connect(OracleDriver.java:886) ~[ojdbc11-23.5.0.24.07.jar:23.5.0.24.07]
	at oracle.jdbc.driver.OracleDriver.connect(OracleDriver.java:693) ~[ojdbc11-23.5.0.24.07.jar:23.5.0.24.07]
	at com.zaxxer.hikari.util.DriverDataSource.getConnection(DriverDataSource.java:137) ~[HikariCP-5.1.0.jar:na]
	at com.zaxxer.hikari.pool.PoolBase.newConnection(PoolBase.java:360) ~[HikariCP-5.1.0.jar:na]
	at com.zaxxer.hikari.pool.PoolBase.newPoolEntry(PoolBase.java:202) ~[HikariCP-5.1.0.jar:na]
	at com.zaxxer.hikari.pool.HikariPool.createPoolEntry(HikariPool.java:461) ~[HikariCP-5.1.0.jar:na]
	at com.zaxxer.hikari.pool.HikariPool$PoolEntryCreator.call(HikariPool.java:724) ~[HikariCP-5.1.0.jar:na]
	at com.zaxxer.hikari.pool.HikariPool$PoolEntryCreator.call(HikariPool.java:703) ~[HikariCP-5.1.0.jar:na]
	at java.base/java.util.concurrent.FutureTask.run(FutureTask.java:317) ~[na:na]
	at java.base/java.util.concurrent.ThreadPoolExecutor.runWorker(ThreadPoolExecutor.java:1144) ~[na:na]
	at java.base/java.util.concurrent.ThreadPoolExecutor$Worker.run(ThreadPoolExecutor.java:642) ~[na:na]
	at java.base/java.lang.Thread.run(Thread.java:1583) ~[na:na]

2025-06-26T23:30:42.704-04:00  INFO 11948 --- [hw] [onnection adder] oracle.jdbc                              : properties={LOCALE=es_ES, DriverVersion=23.5.0.24.07, java.library.path: =C:\Program Files\Java\jdk-21\bin;C:\Windows\Sun\Java\bin;C:\Windows\system32;C:\Windows;C:\Program Files\Common Files\Oracle\Java\javapath;C:\Windows\system32;C:\Windows;C:\Windows\System32\Wbem;C:\Windows\System32\WindowsPowerShell\v1.0\;C:\Windows\System32\OpenSSH\;C:\Program Files\Git\cmd;C:\Users\colom\AppData\Local\Microsoft\WindowsApps;C:\Users\colom\AppData\Local\Programs\Microsoft VS Code\bin;., java.class.path: =c:\Users\colom\Documents\hw_local\pedidos-hw\target\test-classes;c:\Users\colom\Documents\hw_local\pedidos-hw\target\classes;C:\Users\colom\.m2\repository\com\h2database\h2\2.3.232\h2-2.3.232.jar;C:\Users\colom\.m2\repository\com\oracle\database\jdbc\ojdbc11\23.5.0.24.07\ojdbc11-23.5.0.24.07.jar;C:\Users\colom\.m2\repository\com\oracle\database\security\oraclepki\23.5.0.24.07\oraclepki-23.5.0.24.07.jar;C:\Users\colom\.m2\repository\com\oracle\database\security\osdt_cert\19.8.0.0\osdt_cert-19.8.0.0.jar;C:\Users\colom\.m2\repository\com\oracle\database\security\osdt_core\19.8.0.0\osdt_core-19.8.0.0.jar;C:\Users\colom\.m2\repository\org\apache\httpcomponents\client5\httpclient5\5.4.4\httpclient5-5.4.4.jar;C:\Users\colom\.m2\repository\org\apache\httpcomponents\core5\httpcore5\5.3.4\httpcore5-5.3.4.jar;C:\Users\colom\.m2\repository\org\apache\httpcomponents\core5\httpcore5-h2\5.3.4\httpcore5-h2-5.3.4.jar;C:\Users\colom\.m2\repository\org\slf4j\slf4j-api\2.0.17\slf4j-api-2.0.17.jar;C:\Users\colom\.m2\repository\org\projectlombok\lombok\1.18.38\lombok-1.18.38.jar;C:\Users\colom\.m2\repository\org\springdoc\springdoc-openapi-starter-webmvc-ui\2.8.5\springdoc-openapi-starter-webmvc-ui-2.8.5.jar;C:\Users\colom\.m2\repository\org\springdoc\springdoc-openapi-starter-webmvc-api\2.8.5\springdoc-openapi-starter-webmvc-api-2.8.5.jar;C:\Users\colom\.m2\repository\org\springdoc\springdoc-openapi-starter-common\2.8.5\springdoc-openapi-starter-common-2.8.5.jar;C:\Users\colom\.m2\repository\io\swagger\core\v3\swagger-core-jakarta\2.2.28\swagger-core-jakarta-2.2.28.jar;C:\Users\colom\.m2\repository\org\apache\commons\commons-lang3\3.17.0\commons-lang3-3.17.0.jar;C:\Users\colom\.m2\repository\io\swagger\core\v3\swagger-annotations-jakarta\2.2.28\swagger-annotations-jakarta-2.2.28.jar;C:\Users\colom\.m2\repository\io\swagger\core\v3\swagger-models-jakarta\2.2.28\swagger-models-jakarta-2.2.28.jar;C:\Users\colom\.m2\repository\jakarta\validation\jakarta.validation-api\3.0.2\jakarta.validation-api-3.0.2.jar;C:\Users\colom\.m2\repository\com\fasterxml\jackson\dataformat\jackson-dataformat-yaml\2.18.4\jackson-dataformat-yaml-2.18.4.jar;C:\Users\colom\.m2\repository\org\webjars\swagger-ui\5.18.3\swagger-ui-5.18.3.jar;C:\Users\colom\.m2\repository\org\webjars\webjars-locator-lite\1.0.1\webjars-locator-lite-1.0.1.jar;C:\Users\colom\.m2\repository\org\jspecify\jspecify\1.0.0\jspecify-1.0.0.jar;C:\Users\colom\.m2\repository\org\springframework\boot\spring-boot-starter-data-jdbc\3.4.7\spring-boot-starter-data-jdbc-3.4.7.jar;C:\Users\colom\.m2\repository\org\springframework\boot\spring-boot-starter-jdbc\3.4.7\spring-boot-starter-jdbc-3.4.7.jar;C:\Users\colom\.m2\repository\com\zaxxer\HikariCP\5.1.0\HikariCP-5.1.0.jar;C:\Users\colom\.m2\repository\org\springframework\spring-jdbc\6.2.8\spring-jdbc-6.2.8.jar;C:\Users\colom\.m2\repository\org\springframework\data\spring-data-jdbc\3.4.7\spring-data-jdbc-3.4.7.jar;C:\Users\colom\.m2\repository\org\springframework\data\spring-data-relational\3.4.7\spring-data-relational-3.4.7.jar;C:\Users\colom\.m2\repository\org\springframework\data\spring-data-commons\3.4.7\spring-data-commons-3.4.7.jar;C:\Users\colom\.m2\repository\org\springframework\spring-tx\6.2.8\spring-tx-6.2.8.jar;C:\Users\colom\.m2\repository\org\springframework\spring-context\6.2.8\spring-context-6.2.8.jar;C:\Users\colom\.m2\repository\org\springframework\spring-beans\6.2.8\spring-beans-6.2.8.jar;C:\Users\colom\.m2\repository\org\springframework\boot\spring-boot-starter-data-jpa\3.4.7\spring-boot-starter-data-jpa-3.4.7.jar;C:\Users\colom\.m2\repository\org\springframework\boot\spring-boot-starter\3.4.7\spring-boot-starter-3.4.7.jar;C:\Users\colom\.m2\repository\org\springframework\boot\spring-boot\3.4.7\spring-boot-3.4.7.jar;C:\Users\colom\.m2\repository\org\springframework\boot\spring-boot-autoconfigure\3.4.7\spring-boot-autoconfigure-3.4.7.jar;C:\Users\colom\.m2\repository\org\springframework\boot\spring-boot-starter-logging\3.4.7\spring-boot-starter-logging-3.4.7.jar;C:\Users\colom\.m2\repository\ch\qos\logback\logback-classic\1.5.18\logback-classic-1.5.18.jar;C:\Users\colom\.m2\repository\ch\qos\logback\logback-core\1.5.18\logback-core-1.5.18.jar;C:\Users\colom\.m2\repository\org\apache\logging\log4j\log4j-to-slf4j\2.24.3\log4j-to-slf4j-2.24.3.jar;C:\Users\colom\.m2\repository\org\apache\logging\log4j\log4j-api\2.24.3\log4j-api-2.24.3.jar;C:\Users\colom\.m2\repository\org\slf4j\jul-to-slf4j\2.0.17\jul-to-slf4j-2.0.17.jar;C:\Users\colom\.m2\repository\jakarta\annotation\jakarta.annotation-api\2.1.1\jakarta.annotation-api-2.1.1.jar;C:\Users\colom\.m2\repository\org\yaml\snakeyaml\2.3\snakeyaml-2.3.jar;C:\Users\colom\.m2\repository\org\hibernate\orm\hibernate-core\6.6.18.Final\hibernate-core-6.6.18.Final.jar;C:\Users\colom\.m2\repository\jakarta\persistence\jakarta.persistence-api\3.1.0\jakarta.persistence-api-3.1.0.jar;C:\Users\colom\.m2\repository\jakarta\transaction\jakarta.transaction-api\2.0.1\jakarta.transaction-api-2.0.1.jar;C:\Users\colom\.m2\repository\org\jboss\logging\jboss-logging\3.6.1.Final\jboss-logging-3.6.1.Final.jar;C:\Users\colom\.m2\repository\org\hibernate\common\hibernate-commons-annotations\7.0.3.Final\hibernate-commons-annotations-7.0.3.Final.jar;C:\Users\colom\.m2\repository\io\smallrye\jandex\3.2.0\jandex-3.2.0.jar;C:\Users\colom\.m2\repository\com\fasterxml\classmate\1.7.0\classmate-1.7.0.jar;C:\Users\colom\.m2\repository\net\bytebuddy\byte-buddy\1.15.11\byte-buddy-1.15.11.jar;C:\Users\colom\.m2\repository\org\glassfish\jaxb\jaxb-runtime\4.0.5\jaxb-runtime-4.0.5.jar;C:\Users\colom\.m2\repository\org\glassfish\jaxb\jaxb-core\4.0.5\jaxb-core-4.0.5.jar;C:\Users\colom\.m2\repository\org\eclipse\angus\angus-activation\2.0.2\angus-activation-2.0.2.jar;C:\Users\colom\.m2\repository\org\glassfish\jaxb\txw2\4.0.5\txw2-4.0.5.jar;C:\Users\colom\.m2\repository\com\sun\istack\istack-commons-runtime\4.1.2\istack-commons-runtime-4.1.2.jar;C:\Users\colom\.m2\repository\jakarta\inject\jakarta.inject-api\2.0.1\jakarta.inject-api-2.0.1.jar;C:\Users\colom\.m2\repository\org\antlr\antlr4-runtime\4.13.0\antlr4-runtime-4.13.0.jar;C:\Users\colom\.m2\repository\org\springframework\data\spring-data-jpa\3.4.7\spring-data-jpa-3.4.7.jar;C:\Users\colom\.m2\repository\org\springframework\spring-orm\6.2.8\spring-orm-6.2.8.jar;C:\Users\colom\.m2\repository\org\springframework\spring-aop\6.2.8\spring-aop-6.2.8.jar;C:\Users\colom\.m2\repository\org\springframework\spring-aspects\6.2.8\spring-aspects-6.2.8.jar;C:\Users\colom\.m2\repository\org\aspectj\aspectjweaver\1.9.24\aspectjweaver-1.9.24.jar;C:\Users\colom\.m2\repository\org\springframework\boot\spring-boot-starter-hateoas\3.4.7\spring-boot-starter-hateoas-3.4.7.jar;C:\Users\colom\.m2\repository\org\springframework\hateoas\spring-hateoas\2.4.1\spring-hateoas-2.4.1.jar;C:\Users\colom\.m2\repository\org\springframework\plugin\spring-plugin-core\3.0.0\spring-plugin-core-3.0.0.jar;C:\Users\colom\.m2\repository\org\springframework\boot\spring-boot-starter-test\3.3.2\spring-boot-starter-test-3.3.2.jar;C:\Users\colom\.m2\repository\org\springframework\boot\spring-boot-test\3.4.7\spring-boot-test-3.4.7.jar;C:\Users\colom\.m2\repository\org\springframework\boot\spring-boot-test-autoconfigure\3.4.7\spring-boot-test-autoconfigure-3.4.7.jar;C:\Users\colom\.m2\repository\com\jayway\jsonpath\json-path\2.9.0\json-path-2.9.0.jar;C:\Users\colom\.m2\repository\jakarta\xml\bind\jakarta.xml.bind-api\4.0.2\jakarta.xml.bind-api-4.0.2.jar;C:\Users\colom\.m2\repository\jakarta\activation\jakarta.activation-api\2.1.3\jakarta.activation-api-2.1.3.jar;C:\Users\colom\.m2\repository\net\minidev\json-smart\2.5.2\json-smart-2.5.2.jar;C:\Users\colom\.m2\repository\net\minidev\accessors-smart\2.5.2\accessors-smart-2.5.2.jar;C:\Users\colom\.m2\repository\org\ow2\asm\asm\9.7.1\asm-9.7.1.jar;C:\Users\colom\.m2\repository\org\assertj\assertj-core\3.26.3\assertj-core-3.26.3.jar;C:\Users\colom\.m2\repository\org\awaitility\awaitility\4.2.2\awaitility-4.2.2.jar;C:\Users\colom\.m2\repository\org\hamcrest\hamcrest\2.2\hamcrest-2.2.jar;C:\Users\colom\.m2\repository\org\junit\jupiter\junit-jupiter\5.11.4\junit-jupiter-5.11.4.jar;C:\Users\colom\.m2\repository\org\junit\jupiter\junit-jupiter-api\5.11.4\junit-jupiter-api-5.11.4.jar;C:\Users\colom\.m2\repository\org\opentest4j\opentest4j\1.3.0\opentest4j-1.3.0.jar;C:\Users\colom\.m2\repository\org\junit\platform\junit-platform-commons\1.11.4\junit-platform-commons-1.11.4.jar;C:\Users\colom\.m2\repository\org\apiguardian\apiguardian-api\1.1.2\apiguardian-api-1.1.2.jar;C:\Users\colom\.m2\repository\org\junit\jupiter\junit-jupiter-params\5.11.4\junit-jupiter-params-5.11.4.jar;C:\Users\colom\.m2\repository\org\junit\jupiter\junit-jupiter-engine\5.11.4\junit-jupiter-engine-5.11.4.jar;C:\Users\colom\.m2\repository\org\junit\platform\junit-platform-engine\1.11.4\junit-platform-engine-1.11.4.jar;C:\Users\colom\.m2\repository\org\mockito\mockito-core\5.14.2\mockito-core-5.14.2.jar;C:\Users\colom\.m2\repository\net\bytebuddy\byte-buddy-agent\1.15.11\byte-buddy-agent-1.15.11.jar;C:\Users\colom\.m2\repository\org\objenesis\objenesis\3.3\objenesis-3.3.jar;C:\Users\colom\.m2\repository\org\mockito\mockito-junit-jupiter\5.14.2\mockito-junit-jupiter-5.14.2.jar;C:\Users\colom\.m2\repository\org\skyscreamer\jsonassert\1.5.3\jsonassert-1.5.3.jar;C:\Users\colom\.m2\repository\com\vaadin\external\google\android-json\0.0.20131108.vaadin1\android-json-0.0.20131108.vaadin1.jar;C:\Users\colom\.m2\repository\org\springframework\spring-core\6.2.8\spring-core-6.2.8.jar;C:\Users\colom\.m2\repository\org\springframework\spring-jcl\6.2.8\spring-jcl-6.2.8.jar;C:\Users\colom\.m2\repository\org\springframework\spring-test\6.2.8\spring-test-6.2.8.jar;C:\Users\colom\.m2\repository\org\xmlunit\xmlunit-core\2.10.2\xmlunit-core-2.10.2.jar;C:\Users\colom\.m2\repository\org\springframework\boot\spring-boot-starter-web\3.4.7\spring-boot-starter-web-3.4.7.jar;C:\Users\colom\.m2\repository\org\springframework\boot\spring-boot-starter-json\3.4.7\spring-boot-starter-json-3.4.7.jar;C:\Users\colom\.m2\repository\com\fasterxml\jackson\core\jackson-databind\2.18.4\jackson-databind-2.18.4.jar;C:\Users\colom\.m2\repository\com\fasterxml\jackson\core\jackson-annotations\2.18.4\jackson-annotations-2.18.4.jar;C:\Users\colom\.m2\repository\com\fasterxml\jackson\core\jackson-core\2.18.4.1\jackson-core-2.18.4.1.jar;C:\Users\colom\.m2\repository\com\fasterxml\jackson\datatype\jackson-datatype-jdk8\2.18.4\jackson-datatype-jdk8-2.18.4.jar;C:\Users\colom\.m2\repository\com\fasterxml\jackson\datatype\jackson-datatype-jsr310\2.18.4\jackson-datatype-jsr310-2.18.4.jar;C:\Users\colom\.m2\repository\com\fasterxml\jackson\module\jackson-module-parameter-names\2.18.4\jackson-module-parameter-names-2.18.4.jar;C:\Users\colom\.m2\repository\org\springframework\boot\spring-boot-starter-tomcat\3.4.7\spring-boot-starter-tomcat-3.4.7.jar;C:\Users\colom\.m2\repository\org\apache\tomcat\embed\tomcat-embed-core\10.1.42\tomcat-embed-core-10.1.42.jar;C:\Users\colom\.m2\repository\org\apache\tomcat\embed\tomcat-embed-el\10.1.42\tomcat-embed-el-10.1.42.jar;C:\Users\colom\.m2\repository\org\apache\tomcat\embed\tomcat-embed-websocket\10.1.42\tomcat-embed-websocket-10.1.42.jar;C:\Users\colom\.m2\repository\org\springframework\spring-web\6.2.8\spring-web-6.2.8.jar;C:\Users\colom\.m2\repository\io\micrometer\micrometer-observation\1.14.8\micrometer-observation-1.14.8.jar;C:\Users\colom\.m2\repository\io\micrometer\micrometer-commons\1.14.8\micrometer-commons-1.14.8.jar;C:\Users\colom\.m2\repository\org\springframework\spring-webmvc\6.2.8\spring-webmvc-6.2.8.jar;C:\Users\colom\.m2\repository\org\springframework\spring-expression\6.2.8\spring-expression-6.2.8.jar;C:\Users\colom\.m2\repository\org\springframework\cloud\spring-cloud-starter-openfeign\4.2.0\spring-cloud-starter-openfeign-4.2.0.jar;C:\Users\colom\.m2\repository\org\springframework\cloud\spring-cloud-starter\4.2.0\spring-cloud-starter-4.2.0.jar;C:\Users\colom\.m2\repository\org\springframework\cloud\spring-cloud-context\4.2.0\spring-cloud-context-4.2.0.jar;C:\Users\colom\.m2\repository\org\bouncycastle\bcprov-jdk18on\1.78.1\bcprov-jdk18on-1.78.1.jar;C:\Users\colom\.m2\repository\org\springframework\cloud\spring-cloud-openfeign-core\4.2.0\spring-cloud-openfeign-core-4.2.0.jar;C:\Users\colom\.m2\repository\io\github\openfeign\feign-form-spring\13.5\feign-form-spring-13.5.jar;C:\Users\colom\.m2\repository\io\github\openfeign\feign-form\13.5\feign-form-13.5.jar;C:\Users\colom\.m2\repository\commons-fileupload\commons-fileupload\1.5\commons-fileupload-1.5.jar;C:\Users\colom\.m2\repository\commons-io\commons-io\2.11.0\commons-io-2.11.0.jar;C:\Users\colom\.m2\repository\org\springframework\cloud\spring-cloud-commons\4.2.0\spring-cloud-commons-4.2.0.jar;C:\Users\colom\.m2\repository\org\springframework\security\spring-security-crypto\6.4.7\spring-security-crypto-6.4.7.jar;C:\Users\colom\.m2\repository\io\github\openfeign\feign-core\13.5\feign-core-13.5.jar;C:\Users\colom\.m2\repository\io\github\openfeign\feign-slf4j\13.5\feign-slf4j-13.5.jar;, java.version: =21.0.5}. 
2025-06-26T23:30:42.704-04:00 DEBUG 11948 --- [hw] [onnection adder] com.zaxxer.hikari.pool.HikariPool        : HikariPool-1 - Cannot acquire connection from data source

java.sql.SQLRecoverableException: ORA-00018: maximum number of sessions exceeded

https://docs.oracle.com/error-help/db/ora-00018/
	at oracle.jdbc.driver.T4CTTIoer11.processError(T4CTTIoer11.java:709) ~[ojdbc11-23.5.0.24.07.jar:23.5.0.24.07]
	at oracle.jdbc.driver.T4CTTIoer11.processError(T4CTTIoer11.java:604) ~[ojdbc11-23.5.0.24.07.jar:23.5.0.24.07]
	at oracle.jdbc.driver.T4CTTIoer11.processError(T4CTTIoer11.java:599) ~[ojdbc11-23.5.0.24.07.jar:23.5.0.24.07]
	at oracle.jdbc.driver.T4CTTIfun.processError(T4CTTIfun.java:1809) ~[ojdbc11-23.5.0.24.07.jar:23.5.0.24.07]
	at oracle.jdbc.driver.T4CTTIoauthenticate.processError(T4CTTIoauthenticate.java:903) ~[ojdbc11-23.5.0.24.07.jar:23.5.0.24.07]
	at oracle.jdbc.driver.T4CTTIfun.receive(T4CTTIfun.java:1100) ~[ojdbc11-23.5.0.24.07.jar:23.5.0.24.07]
	at oracle.jdbc.driver.T4CTTIfun.doRPC(T4CTTIfun.java:408) ~[ojdbc11-23.5.0.24.07.jar:23.5.0.24.07]
	at oracle.jdbc.driver.T4CTTIoauthenticate.doOAUTH(T4CTTIoauthenticate.java:530) ~[ojdbc11-23.5.0.24.07.jar:23.5.0.24.07]
	at oracle.jdbc.driver.T4CTTIoauthenticate.doOAUTHWithO5Logon(T4CTTIoauthenticate.java:1712) ~[ojdbc11-23.5.0.24.07.jar:23.5.0.24.07]
	at oracle.jdbc.driver.T4CTTIoauthenticate.doOAUTH(T4CTTIoauthenticate.java:1459) ~[ojdbc11-23.5.0.24.07.jar:23.5.0.24.07]
	at oracle.jdbc.driver.T4CTTIoauthenticate.doOAUTH(T4CTTIoauthenticate.java:1399) ~[ojdbc11-23.5.0.24.07.jar:23.5.0.24.07]
	at oracle.jdbc.driver.T4CConnection.authenticateWithPassword(T4CConnection.java:2050) ~[ojdbc11-23.5.0.24.07.jar:23.5.0.24.07]
	at oracle.jdbc.driver.T4CConnection.authenticateUserForLogon(T4CConnection.java:1989) ~[ojdbc11-23.5.0.24.07.jar:23.5.0.24.07]
	at oracle.jdbc.driver.T4CConnection.logon(T4CConnection.java:1090) ~[ojdbc11-23.5.0.24.07.jar:23.5.0.24.07]
	at oracle.jdbc.driver.PhysicalConnection.connect(PhysicalConnection.java:1206) ~[ojdbc11-23.5.0.24.07.jar:23.5.0.24.07]
	at oracle.jdbc.driver.T4CDriverExtension.getConnection(T4CDriverExtension.java:105) ~[ojdbc11-23.5.0.24.07.jar:23.5.0.24.07]
	at oracle.jdbc.driver.OracleDriver.connect(OracleDriver.java:886) ~[ojdbc11-23.5.0.24.07.jar:23.5.0.24.07]
	at oracle.jdbc.driver.OracleDriver.connect(OracleDriver.java:693) ~[ojdbc11-23.5.0.24.07.jar:23.5.0.24.07]
	at com.zaxxer.hikari.util.DriverDataSource.getConnection(DriverDataSource.java:137) ~[HikariCP-5.1.0.jar:na]
	at com.zaxxer.hikari.pool.PoolBase.newConnection(PoolBase.java:360) ~[HikariCP-5.1.0.jar:na]
	at com.zaxxer.hikari.pool.PoolBase.newPoolEntry(PoolBase.java:202) ~[HikariCP-5.1.0.jar:na]
	at com.zaxxer.hikari.pool.HikariPool.createPoolEntry(HikariPool.java:461) ~[HikariCP-5.1.0.jar:na]
	at com.zaxxer.hikari.pool.HikariPool$PoolEntryCreator.call(HikariPool.java:724) ~[HikariCP-5.1.0.jar:na]
	at com.zaxxer.hikari.pool.HikariPool$PoolEntryCreator.call(HikariPool.java:703) ~[HikariCP-5.1.0.jar:na]
	at java.base/java.util.concurrent.FutureTask.run(FutureTask.java:317) ~[na:na]
	at java.base/java.util.concurrent.ThreadPoolExecutor.runWorker(ThreadPoolExecutor.java:1144) ~[na:na]
	at java.base/java.util.concurrent.ThreadPoolExecutor$Worker.run(ThreadPoolExecutor.java:642) ~[na:na]
	at java.base/java.lang.Thread.run(Thread.java:1583) ~[na:na]

2025-06-26T23:30:42.814-04:00 DEBUG 11948 --- [hw] [           main] org.hibernate.orm.results                : Initializer list:
	  com.pedidos.hw.model.Pedido(1) -> EntityJoinedFetchInitializer(com.pedidos.hw.model.Pedido(1))@213631148 (SingleTableEntityPersister(com.pedidos.hw.model.Pedido))
	  com.pedidos.hw.model.Pedido(1).detalles -> DelayedCollectionInitializer(com.pedidos.hw.model.Pedido(1).detalles)@1460651618 (PluralAttribute(com.pedidos.hw.model.Pedido.detalles))

2025-06-26T23:30:42.830-04:00 DEBUG 11948 --- [hw] [           main] org.hibernate.orm.sql.exec               : Skipping reading Query result cache data: cache-enabled = false, cache-mode = IGNORE
2025-06-26T23:30:42.831-04:00 DEBUG 11948 --- [hw] [           main] org.hibernate.SQL                        : 
    select
        d1_0.id_pedido,
        d1_0.id_detalle,
        d1_0.cantidad,
        d1_0.id_producto 
    from
        detalle_pedido d1_0 
    where
        d1_0.id_pedido=?
Hibernate: 
    select
        d1_0.id_pedido,
        d1_0.id_detalle,
        d1_0.cantidad,
        d1_0.id_producto 
    from
        detalle_pedido d1_0 
    where
        d1_0.id_pedido=?
2025-06-26T23:30:42.852-04:00 DEBUG 11948 --- [hw] [           main] org.hibernate.orm.results                : Initializer list:
	  com.pedidos.hw.model.Pedido.detalles -> BagInitializer(com.pedidos.hw.model.Pedido.detalles)@1486260019 (PluralAttribute(com.pedidos.hw.model.Pedido.detalles))
	  com.pedidos.hw.model.Pedido.detalles.{element}.pedido -> EntityDelayedFetchInitializer(com.pedidos.hw.model.Pedido.detalles.{element}.pedido)@1583170012 (ToOneAttributeMapping(NavigableRole[com.pedidos.hw.model.DetallePedido.pedido])@142559124)
	  com.pedidos.hw.model.Pedido.detalles.{element} -> EntityJoinedFetchInitializer(com.pedidos.hw.model.Pedido.detalles.{element})@2024314110 (EntityCollectionPart(com.pedidos.hw.model.Pedido.detalles#{element})@342571975)

2025-06-26T23:30:42.855-04:00 DEBUG 11948 --- [hw] [           main] o.h.sql.results.internal.ResultsHelper   : Collection fully initialized: [com.pedidos.hw.model.Pedido.detalles#1]
2025-06-26T23:30:43.163-04:00 DEBUG 11948 --- [hw] [           main] org.hibernate.orm.sql.exec               : Skipping reading Query result cache data: cache-enabled = false, cache-mode = IGNORE
2025-06-26T23:30:43.163-04:00 DEBUG 11948 --- [hw] [           main] org.hibernate.SQL                        : 
    select
        d1_0.id_pedido,
        d1_0.id_detalle,
        d1_0.cantidad,
        d1_0.id_producto 
    from
        detalle_pedido d1_0 
    where
        d1_0.id_pedido=?
Hibernate: 
    select
        d1_0.id_pedido,
        d1_0.id_detalle,
        d1_0.cantidad,
        d1_0.id_producto 
    from
        detalle_pedido d1_0 
    where
        d1_0.id_pedido=?
2025-06-26T23:30:43.176-04:00 DEBUG 11948 --- [hw] [           main] o.h.sql.results.internal.ResultsHelper   : Collection fully initialized: [com.pedidos.hw.model.Pedido.detalles#2]
2025-06-26T23:30:43.329-04:00 DEBUG 11948 --- [hw] [           main] org.hibernate.orm.sql.exec               : Skipping reading Query result cache data: cache-enabled = false, cache-mode = IGNORE
2025-06-26T23:30:43.329-04:00 DEBUG 11948 --- [hw] [           main] org.hibernate.SQL                        : 
    select
        d1_0.id_pedido,
        d1_0.id_detalle,
        d1_0.cantidad,
        d1_0.id_producto 
    from
        detalle_pedido d1_0 
    where
        d1_0.id_pedido=?
Hibernate: 
    select
        d1_0.id_pedido,
        d1_0.id_detalle,
        d1_0.cantidad,
        d1_0.id_producto 
    from
        detalle_pedido d1_0 
    where
        d1_0.id_pedido=?
2025-06-26T23:30:43.342-04:00 DEBUG 11948 --- [hw] [           main] o.h.sql.results.internal.ResultsHelper   : Collection fully initialized: [com.pedidos.hw.model.Pedido.detalles#40]
2025-06-26T23:30:43.494-04:00 DEBUG 11948 --- [hw] [           main] org.hibernate.orm.sql.exec               : Skipping reading Query result cache data: cache-enabled = false, cache-mode = IGNORE
2025-06-26T23:30:43.494-04:00 DEBUG 11948 --- [hw] [           main] org.hibernate.SQL                        : 
    select
        d1_0.id_pedido,
        d1_0.id_detalle,
        d1_0.cantidad,
        d1_0.id_producto 
    from
        detalle_pedido d1_0 
    where
        d1_0.id_pedido=?
Hibernate: 
    select
        d1_0.id_pedido,
        d1_0.id_detalle,
        d1_0.cantidad,
        d1_0.id_producto 
    from
        detalle_pedido d1_0 
    where
        d1_0.id_pedido=?
2025-06-26T23:30:43.605-04:00 DEBUG 11948 --- [hw] [           main] o.h.sql.results.internal.ResultsHelper   : Collection fully initialized: [com.pedidos.hw.model.Pedido.detalles#26]
2025-06-26T23:30:43.756-04:00 DEBUG 11948 --- [hw] [           main] org.hibernate.orm.sql.exec               : Skipping reading Query result cache data: cache-enabled = false, cache-mode = IGNORE
2025-06-26T23:30:43.756-04:00 DEBUG 11948 --- [hw] [           main] org.hibernate.SQL                        : 
    select
        d1_0.id_pedido,
        d1_0.id_detalle,
        d1_0.cantidad,
        d1_0.id_producto 
    from
        detalle_pedido d1_0 
    where
        d1_0.id_pedido=?
Hibernate: 
    select
        d1_0.id_pedido,
        d1_0.id_detalle,
        d1_0.cantidad,
        d1_0.id_producto 
    from
        detalle_pedido d1_0 
    where
        d1_0.id_pedido=?
2025-06-26T23:30:43.770-04:00 DEBUG 11948 --- [hw] [           main] o.h.sql.results.internal.ResultsHelper   : Collection fully initialized: [com.pedidos.hw.model.Pedido.detalles#27]
2025-06-26T23:30:43.820-04:00 DEBUG 11948 --- [hw] [           main] org.hibernate.orm.sql.exec               : Skipping reading Query result cache data: cache-enabled = false, cache-mode = IGNORE
2025-06-26T23:30:43.820-04:00 DEBUG 11948 --- [hw] [           main] org.hibernate.SQL                        : 
    select
        d1_0.id_pedido,
        d1_0.id_detalle,
        d1_0.cantidad,
        d1_0.id_producto 
    from
        detalle_pedido d1_0 
    where
        d1_0.id_pedido=?
Hibernate: 
    select
        d1_0.id_pedido,
        d1_0.id_detalle,
        d1_0.cantidad,
        d1_0.id_producto 
    from
        detalle_pedido d1_0 
    where
        d1_0.id_pedido=?
2025-06-26T23:30:43.833-04:00 DEBUG 11948 --- [hw] [           main] o.h.sql.results.internal.ResultsHelper   : Collection fully initialized: [com.pedidos.hw.model.Pedido.detalles#28]
2025-06-26T23:30:43.885-04:00 DEBUG 11948 --- [hw] [           main] org.hibernate.orm.sql.exec               : Skipping reading Query result cache data: cache-enabled = false, cache-mode = IGNORE
2025-06-26T23:30:43.885-04:00 DEBUG 11948 --- [hw] [           main] org.hibernate.SQL                        : 
    select
        d1_0.id_pedido,
        d1_0.id_detalle,
        d1_0.cantidad,
        d1_0.id_producto 
    from
        detalle_pedido d1_0 
    where
        d1_0.id_pedido=?
Hibernate: 
    select
        d1_0.id_pedido,
        d1_0.id_detalle,
        d1_0.cantidad,
        d1_0.id_producto 
    from
        detalle_pedido d1_0 
    where
        d1_0.id_pedido=?
2025-06-26T23:30:43.998-04:00 DEBUG 11948 --- [hw] [           main] o.h.sql.results.internal.ResultsHelper   : Collection fully initialized: [com.pedidos.hw.model.Pedido.detalles#30]
2025-06-26T23:30:44.050-04:00 DEBUG 11948 --- [hw] [           main] org.hibernate.orm.sql.exec               : Skipping reading Query result cache data: cache-enabled = false, cache-mode = IGNORE
2025-06-26T23:30:44.050-04:00 DEBUG 11948 --- [hw] [           main] org.hibernate.SQL                        : 
    select
        d1_0.id_pedido,
        d1_0.id_detalle,
        d1_0.cantidad,
        d1_0.id_producto 
    from
        detalle_pedido d1_0 
    where
        d1_0.id_pedido=?
Hibernate: 
    select
        d1_0.id_pedido,
        d1_0.id_detalle,
        d1_0.cantidad,
        d1_0.id_producto 
    from
        detalle_pedido d1_0 
    where
        d1_0.id_pedido=?
2025-06-26T23:30:44.063-04:00 DEBUG 11948 --- [hw] [           main] o.h.sql.results.internal.ResultsHelper   : Collection fully initialized: [com.pedidos.hw.model.Pedido.detalles#35]
2025-06-26T23:30:44.128-04:00 DEBUG 11948 --- [hw] [           main] org.hibernate.orm.sql.exec               : Skipping reading Query result cache data: cache-enabled = false, cache-mode = IGNORE
2025-06-26T23:30:44.128-04:00 DEBUG 11948 --- [hw] [           main] org.hibernate.SQL                        : 
    select
        d1_0.id_pedido,
        d1_0.id_detalle,
        d1_0.cantidad,
        d1_0.id_producto 
    from
        detalle_pedido d1_0 
    where
        d1_0.id_pedido=?
Hibernate: 
    select
        d1_0.id_pedido,
        d1_0.id_detalle,
        d1_0.cantidad,
        d1_0.id_producto 
    from
        detalle_pedido d1_0 
    where
        d1_0.id_pedido=?
2025-06-26T23:30:44.198-04:00  INFO 11948 --- [hw] [onnection adder] oracle.jdbc                              : entering args (oracle.jdbc.internal.AbstractConnectionBuilder$1@5eead769)
2025-06-26T23:30:44.198-04:00  INFO 11948 --- [hw] [onnection adder] oracle.jdbc                              : traceId=3305CB73. 
2025-06-26T23:30:44.199-04:00  INFO 11948 --- [hw] [onnection adder] oracle.jdbc                              : Session Attributes: 
sdu=8192, tdu=32767
nt: host=adb.sa-valparaiso-1.oraclecloud.com, port=1522, socketOptions={0=YES, 1=NO, 2=30000, 4=TRUE, 5=(SOURCE=(METHOD=FILE)(METHOD_DATA=(DIRECTORY=wallet))), 38=TLS, 40=false, 17=20, 18=false, 20=true, 23=40, 24=50, 25=0}
    socket=null
client profile={oracle.net.encryption_types_client=(), oracle.net.crypto_seed=, oracle.net.authentication_services=(), oracle.net.setFIPSMode=false, oracle.net.kerberos5_mutual_authentication=false, oracle.net.encryption_client=ACCEPTED, oracle.net.crypto_checksum_client=ACCEPTED, oracle.net.crypto_checksum_types_client=()}
connection options=[host=adb.sa-valparaiso-1.oraclecloud.com port=1522 protocol=tcps service_name=g9da66205f7ede8_bdmsv_high.adb.oraclecloud.com addr=(ADDRESS=(PROTOCOL=tcps)(HOST=adb.sa-valparaiso-1.oraclecloud.com)(PORT=1522)) conn_data=(DESCRIPTION=(ADDRESS=(PROTOCOL=tcps)(PORT=1522)(HOST=165.1.96.72)(HOSTNAME=adb.sa-valparaiso-1.oraclecloud.com))(CONNECT_DATA=(CID=(PROGRAM=ForkedBooter)(HOST=DESKTOP-BN646OU)(USER=colom))(service_name=g9da66205f7ede8_bdmsv_high.adb.oraclecloud.com))) sslServerCertDN=CN=adb.sa-valparaiso-1.oraclecloud.com, O=Oracle Corporation, L=Redwood City, ST=California, C=US done=true]
onBreakReset=false, dataEOF=false, negotiatedOptions=0x801, connected=false
TTIINIT enabled=false, TTC cookie enabled=false

2025-06-26T23:30:44.199-04:00  INFO 11948 --- [hw] [onnection adder] oracle.jdbc                              : traceId=3305CB73, anoEnabled=true. 
2025-06-26T23:30:44.199-04:00  INFO 11948 --- [hw] [onnection adder] oracle.jdbc                              : Got Resend, SessionTraceId = 3305CB73
2025-06-26T23:30:44.199-04:00  INFO 11948 --- [hw] [onnection adder] oracle.jdbc                              : Connection established. Cleared conn strategy stack
2025-06-26T23:30:44.199-04:00  INFO 11948 --- [hw] [onnection adder] oracle.jdbc                              : Break received from server. Responding with reset...
2025-06-26T23:30:44.199-04:00  INFO 11948 --- [hw] [onnection adder] oracle.jdbc                              : SO_TIMEOUT interrupt timer cancelled null
2025-06-26T23:30:44.199-04:00  INFO 11948 --- [hw] [onnection adder] oracle.jdbc                              : Sending break marker, SessionTraceId = 3305CB73
2025-06-26T23:30:44.199-04:00  INFO 11948 --- [hw] [onnection adder] oracle.jdbc                              : throwing

java.sql.SQLRecoverableException: ORA-00018: maximum number of sessions exceeded

https://docs.oracle.com/error-help/db/ora-00018/
	at oracle.jdbc.driver.T4CTTIoer11.processError(T4CTTIoer11.java:709) ~[ojdbc11-23.5.0.24.07.jar:23.5.0.24.07]
	at oracle.jdbc.driver.T4CTTIoer11.processError(T4CTTIoer11.java:604) ~[ojdbc11-23.5.0.24.07.jar:23.5.0.24.07]
	at oracle.jdbc.driver.T4CTTIoer11.processError(T4CTTIoer11.java:599) ~[ojdbc11-23.5.0.24.07.jar:23.5.0.24.07]
	at oracle.jdbc.driver.T4CTTIfun.processError(T4CTTIfun.java:1809) ~[ojdbc11-23.5.0.24.07.jar:23.5.0.24.07]
	at oracle.jdbc.driver.T4CTTIoauthenticate.processError(T4CTTIoauthenticate.java:903) ~[ojdbc11-23.5.0.24.07.jar:23.5.0.24.07]
	at oracle.jdbc.driver.T4CTTIfun.receive(T4CTTIfun.java:1100) ~[ojdbc11-23.5.0.24.07.jar:23.5.0.24.07]
	at oracle.jdbc.driver.T4CTTIfun.doRPC(T4CTTIfun.java:408) ~[ojdbc11-23.5.0.24.07.jar:23.5.0.24.07]
	at oracle.jdbc.driver.T4CTTIoauthenticate.doOAUTH(T4CTTIoauthenticate.java:530) ~[ojdbc11-23.5.0.24.07.jar:23.5.0.24.07]
	at oracle.jdbc.driver.T4CTTIoauthenticate.doOAUTHWithO5Logon(T4CTTIoauthenticate.java:1712) ~[ojdbc11-23.5.0.24.07.jar:23.5.0.24.07]
	at oracle.jdbc.driver.T4CTTIoauthenticate.doOAUTH(T4CTTIoauthenticate.java:1459) ~[ojdbc11-23.5.0.24.07.jar:23.5.0.24.07]
	at oracle.jdbc.driver.T4CTTIoauthenticate.doOAUTH(T4CTTIoauthenticate.java:1399) ~[ojdbc11-23.5.0.24.07.jar:23.5.0.24.07]
	at oracle.jdbc.driver.T4CConnection.authenticateWithPassword(T4CConnection.java:2050) ~[ojdbc11-23.5.0.24.07.jar:23.5.0.24.07]
	at oracle.jdbc.driver.T4CConnection.authenticateUserForLogon(T4CConnection.java:1989) ~[ojdbc11-23.5.0.24.07.jar:23.5.0.24.07]
	at oracle.jdbc.driver.T4CConnection.logon(T4CConnection.java:1090) ~[ojdbc11-23.5.0.24.07.jar:23.5.0.24.07]
	at oracle.jdbc.driver.PhysicalConnection.connect(PhysicalConnection.java:1206) ~[ojdbc11-23.5.0.24.07.jar:23.5.0.24.07]
	at oracle.jdbc.driver.T4CDriverExtension.getConnection(T4CDriverExtension.java:105) ~[ojdbc11-23.5.0.24.07.jar:23.5.0.24.07]
	at oracle.jdbc.driver.OracleDriver.connect(OracleDriver.java:886) ~[ojdbc11-23.5.0.24.07.jar:23.5.0.24.07]
	at oracle.jdbc.driver.OracleDriver.connect(OracleDriver.java:693) ~[ojdbc11-23.5.0.24.07.jar:23.5.0.24.07]
	at com.zaxxer.hikari.util.DriverDataSource.getConnection(DriverDataSource.java:137) ~[HikariCP-5.1.0.jar:na]
	at com.zaxxer.hikari.pool.PoolBase.newConnection(PoolBase.java:360) ~[HikariCP-5.1.0.jar:na]
	at com.zaxxer.hikari.pool.PoolBase.newPoolEntry(PoolBase.java:202) ~[HikariCP-5.1.0.jar:na]
	at com.zaxxer.hikari.pool.HikariPool.createPoolEntry(HikariPool.java:461) ~[HikariCP-5.1.0.jar:na]
	at com.zaxxer.hikari.pool.HikariPool$PoolEntryCreator.call(HikariPool.java:724) ~[HikariCP-5.1.0.jar:na]
	at com.zaxxer.hikari.pool.HikariPool$PoolEntryCreator.call(HikariPool.java:703) ~[HikariCP-5.1.0.jar:na]
	at java.base/java.util.concurrent.FutureTask.run(FutureTask.java:317) ~[na:na]
	at java.base/java.util.concurrent.ThreadPoolExecutor.runWorker(ThreadPoolExecutor.java:1144) ~[na:na]
	at java.base/java.util.concurrent.ThreadPoolExecutor$Worker.run(ThreadPoolExecutor.java:642) ~[na:na]
	at java.base/java.lang.Thread.run(Thread.java:1583) ~[na:na]

2025-06-26T23:30:44.200-04:00  INFO 11948 --- [hw] [onnection adder] oracle.jdbc                              : properties={LOCALE=es_ES, DriverVersion=23.5.0.24.07, java.library.path: =C:\Program Files\Java\jdk-21\bin;C:\Windows\Sun\Java\bin;C:\Windows\system32;C:\Windows;C:\Program Files\Common Files\Oracle\Java\javapath;C:\Windows\system32;C:\Windows;C:\Windows\System32\Wbem;C:\Windows\System32\WindowsPowerShell\v1.0\;C:\Windows\System32\OpenSSH\;C:\Program Files\Git\cmd;C:\Users\colom\AppData\Local\Microsoft\WindowsApps;C:\Users\colom\AppData\Local\Programs\Microsoft VS Code\bin;., java.class.path: =c:\Users\colom\Documents\hw_local\pedidos-hw\target\test-classes;c:\Users\colom\Documents\hw_local\pedidos-hw\target\classes;C:\Users\colom\.m2\repository\com\h2database\h2\2.3.232\h2-2.3.232.jar;C:\Users\colom\.m2\repository\com\oracle\database\jdbc\ojdbc11\23.5.0.24.07\ojdbc11-23.5.0.24.07.jar;C:\Users\colom\.m2\repository\com\oracle\database\security\oraclepki\23.5.0.24.07\oraclepki-23.5.0.24.07.jar;C:\Users\colom\.m2\repository\com\oracle\database\security\osdt_cert\19.8.0.0\osdt_cert-19.8.0.0.jar;C:\Users\colom\.m2\repository\com\oracle\database\security\osdt_core\19.8.0.0\osdt_core-19.8.0.0.jar;C:\Users\colom\.m2\repository\org\apache\httpcomponents\client5\httpclient5\5.4.4\httpclient5-5.4.4.jar;C:\Users\colom\.m2\repository\org\apache\httpcomponents\core5\httpcore5\5.3.4\httpcore5-5.3.4.jar;C:\Users\colom\.m2\repository\org\apache\httpcomponents\core5\httpcore5-h2\5.3.4\httpcore5-h2-5.3.4.jar;C:\Users\colom\.m2\repository\org\slf4j\slf4j-api\2.0.17\slf4j-api-2.0.17.jar;C:\Users\colom\.m2\repository\org\projectlombok\lombok\1.18.38\lombok-1.18.38.jar;C:\Users\colom\.m2\repository\org\springdoc\springdoc-openapi-starter-webmvc-ui\2.8.5\springdoc-openapi-starter-webmvc-ui-2.8.5.jar;C:\Users\colom\.m2\repository\org\springdoc\springdoc-openapi-starter-webmvc-api\2.8.5\springdoc-openapi-starter-webmvc-api-2.8.5.jar;C:\Users\colom\.m2\repository\org\springdoc\springdoc-openapi-starter-common\2.8.5\springdoc-openapi-starter-common-2.8.5.jar;C:\Users\colom\.m2\repository\io\swagger\core\v3\swagger-core-jakarta\2.2.28\swagger-core-jakarta-2.2.28.jar;C:\Users\colom\.m2\repository\org\apache\commons\commons-lang3\3.17.0\commons-lang3-3.17.0.jar;C:\Users\colom\.m2\repository\io\swagger\core\v3\swagger-annotations-jakarta\2.2.28\swagger-annotations-jakarta-2.2.28.jar;C:\Users\colom\.m2\repository\io\swagger\core\v3\swagger-models-jakarta\2.2.28\swagger-models-jakarta-2.2.28.jar;C:\Users\colom\.m2\repository\jakarta\validation\jakarta.validation-api\3.0.2\jakarta.validation-api-3.0.2.jar;C:\Users\colom\.m2\repository\com\fasterxml\jackson\dataformat\jackson-dataformat-yaml\2.18.4\jackson-dataformat-yaml-2.18.4.jar;C:\Users\colom\.m2\repository\org\webjars\swagger-ui\5.18.3\swagger-ui-5.18.3.jar;C:\Users\colom\.m2\repository\org\webjars\webjars-locator-lite\1.0.1\webjars-locator-lite-1.0.1.jar;C:\Users\colom\.m2\repository\org\jspecify\jspecify\1.0.0\jspecify-1.0.0.jar;C:\Users\colom\.m2\repository\org\springframework\boot\spring-boot-starter-data-jdbc\3.4.7\spring-boot-starter-data-jdbc-3.4.7.jar;C:\Users\colom\.m2\repository\org\springframework\boot\spring-boot-starter-jdbc\3.4.7\spring-boot-starter-jdbc-3.4.7.jar;C:\Users\colom\.m2\repository\com\zaxxer\HikariCP\5.1.0\HikariCP-5.1.0.jar;C:\Users\colom\.m2\repository\org\springframework\spring-jdbc\6.2.8\spring-jdbc-6.2.8.jar;C:\Users\colom\.m2\repository\org\springframework\data\spring-data-jdbc\3.4.7\spring-data-jdbc-3.4.7.jar;C:\Users\colom\.m2\repository\org\springframework\data\spring-data-relational\3.4.7\spring-data-relational-3.4.7.jar;C:\Users\colom\.m2\repository\org\springframework\data\spring-data-commons\3.4.7\spring-data-commons-3.4.7.jar;C:\Users\colom\.m2\repository\org\springframework\spring-tx\6.2.8\spring-tx-6.2.8.jar;C:\Users\colom\.m2\repository\org\springframework\spring-context\6.2.8\spring-context-6.2.8.jar;C:\Users\colom\.m2\repository\org\springframework\spring-beans\6.2.8\spring-beans-6.2.8.jar;C:\Users\colom\.m2\repository\org\springframework\boot\spring-boot-starter-data-jpa\3.4.7\spring-boot-starter-data-jpa-3.4.7.jar;C:\Users\colom\.m2\repository\org\springframework\boot\spring-boot-starter\3.4.7\spring-boot-starter-3.4.7.jar;C:\Users\colom\.m2\repository\org\springframework\boot\spring-boot\3.4.7\spring-boot-3.4.7.jar;C:\Users\colom\.m2\repository\org\springframework\boot\spring-boot-autoconfigure\3.4.7\spring-boot-autoconfigure-3.4.7.jar;C:\Users\colom\.m2\repository\org\springframework\boot\spring-boot-starter-logging\3.4.7\spring-boot-starter-logging-3.4.7.jar;C:\Users\colom\.m2\repository\ch\qos\logback\logback-classic\1.5.18\logback-classic-1.5.18.jar;C:\Users\colom\.m2\repository\ch\qos\logback\logback-core\1.5.18\logback-core-1.5.18.jar;C:\Users\colom\.m2\repository\org\apache\logging\log4j\log4j-to-slf4j\2.24.3\log4j-to-slf4j-2.24.3.jar;C:\Users\colom\.m2\repository\org\apache\logging\log4j\log4j-api\2.24.3\log4j-api-2.24.3.jar;C:\Users\colom\.m2\repository\org\slf4j\jul-to-slf4j\2.0.17\jul-to-slf4j-2.0.17.jar;C:\Users\colom\.m2\repository\jakarta\annotation\jakarta.annotation-api\2.1.1\jakarta.annotation-api-2.1.1.jar;C:\Users\colom\.m2\repository\org\yaml\snakeyaml\2.3\snakeyaml-2.3.jar;C:\Users\colom\.m2\repository\org\hibernate\orm\hibernate-core\6.6.18.Final\hibernate-core-6.6.18.Final.jar;C:\Users\colom\.m2\repository\jakarta\persistence\jakarta.persistence-api\3.1.0\jakarta.persistence-api-3.1.0.jar;C:\Users\colom\.m2\repository\jakarta\transaction\jakarta.transaction-api\2.0.1\jakarta.transaction-api-2.0.1.jar;C:\Users\colom\.m2\repository\org\jboss\logging\jboss-logging\3.6.1.Final\jboss-logging-3.6.1.Final.jar;C:\Users\colom\.m2\repository\org\hibernate\common\hibernate-commons-annotations\7.0.3.Final\hibernate-commons-annotations-7.0.3.Final.jar;C:\Users\colom\.m2\repository\io\smallrye\jandex\3.2.0\jandex-3.2.0.jar;C:\Users\colom\.m2\repository\com\fasterxml\classmate\1.7.0\classmate-1.7.0.jar;C:\Users\colom\.m2\repository\net\bytebuddy\byte-buddy\1.15.11\byte-buddy-1.15.11.jar;C:\Users\colom\.m2\repository\org\glassfish\jaxb\jaxb-runtime\4.0.5\jaxb-runtime-4.0.5.jar;C:\Users\colom\.m2\repository\org\glassfish\jaxb\jaxb-core\4.0.5\jaxb-core-4.0.5.jar;C:\Users\colom\.m2\repository\org\eclipse\angus\angus-activation\2.0.2\angus-activation-2.0.2.jar;C:\Users\colom\.m2\repository\org\glassfish\jaxb\txw2\4.0.5\txw2-4.0.5.jar;C:\Users\colom\.m2\repository\com\sun\istack\istack-commons-runtime\4.1.2\istack-commons-runtime-4.1.2.jar;C:\Users\colom\.m2\repository\jakarta\inject\jakarta.inject-api\2.0.1\jakarta.inject-api-2.0.1.jar;C:\Users\colom\.m2\repository\org\antlr\antlr4-runtime\4.13.0\antlr4-runtime-4.13.0.jar;C:\Users\colom\.m2\repository\org\springframework\data\spring-data-jpa\3.4.7\spring-data-jpa-3.4.7.jar;C:\Users\colom\.m2\repository\org\springframework\spring-orm\6.2.8\spring-orm-6.2.8.jar;C:\Users\colom\.m2\repository\org\springframework\spring-aop\6.2.8\spring-aop-6.2.8.jar;C:\Users\colom\.m2\repository\org\springframework\spring-aspects\6.2.8\spring-aspects-6.2.8.jar;C:\Users\colom\.m2\repository\org\aspectj\aspectjweaver\1.9.24\aspectjweaver-1.9.24.jar;C:\Users\colom\.m2\repository\org\springframework\boot\spring-boot-starter-hateoas\3.4.7\spring-boot-starter-hateoas-3.4.7.jar;C:\Users\colom\.m2\repository\org\springframework\hateoas\spring-hateoas\2.4.1\spring-hateoas-2.4.1.jar;C:\Users\colom\.m2\repository\org\springframework\plugin\spring-plugin-core\3.0.0\spring-plugin-core-3.0.0.jar;C:\Users\colom\.m2\repository\org\springframework\boot\spring-boot-starter-test\3.3.2\spring-boot-starter-test-3.3.2.jar;C:\Users\colom\.m2\repository\org\springframework\boot\spring-boot-test\3.4.7\spring-boot-test-3.4.7.jar;C:\Users\colom\.m2\repository\org\springframework\boot\spring-boot-test-autoconfigure\3.4.7\spring-boot-test-autoconfigure-3.4.7.jar;C:\Users\colom\.m2\repository\com\jayway\jsonpath\json-path\2.9.0\json-path-2.9.0.jar;C:\Users\colom\.m2\repository\jakarta\xml\bind\jakarta.xml.bind-api\4.0.2\jakarta.xml.bind-api-4.0.2.jar;C:\Users\colom\.m2\repository\jakarta\activation\jakarta.activation-api\2.1.3\jakarta.activation-api-2.1.3.jar;C:\Users\colom\.m2\repository\net\minidev\json-smart\2.5.2\json-smart-2.5.2.jar;C:\Users\colom\.m2\repository\net\minidev\accessors-smart\2.5.2\accessors-smart-2.5.2.jar;C:\Users\colom\.m2\repository\org\ow2\asm\asm\9.7.1\asm-9.7.1.jar;C:\Users\colom\.m2\repository\org\assertj\assertj-core\3.26.3\assertj-core-3.26.3.jar;C:\Users\colom\.m2\repository\org\awaitility\awaitility\4.2.2\awaitility-4.2.2.jar;C:\Users\colom\.m2\repository\org\hamcrest\hamcrest\2.2\hamcrest-2.2.jar;C:\Users\colom\.m2\repository\org\junit\jupiter\junit-jupiter\5.11.4\junit-jupiter-5.11.4.jar;C:\Users\colom\.m2\repository\org\junit\jupiter\junit-jupiter-api\5.11.4\junit-jupiter-api-5.11.4.jar;C:\Users\colom\.m2\repository\org\opentest4j\opentest4j\1.3.0\opentest4j-1.3.0.jar;C:\Users\colom\.m2\repository\org\junit\platform\junit-platform-commons\1.11.4\junit-platform-commons-1.11.4.jar;C:\Users\colom\.m2\repository\org\apiguardian\apiguardian-api\1.1.2\apiguardian-api-1.1.2.jar;C:\Users\colom\.m2\repository\org\junit\jupiter\junit-jupiter-params\5.11.4\junit-jupiter-params-5.11.4.jar;C:\Users\colom\.m2\repository\org\junit\jupiter\junit-jupiter-engine\5.11.4\junit-jupiter-engine-5.11.4.jar;C:\Users\colom\.m2\repository\org\junit\platform\junit-platform-engine\1.11.4\junit-platform-engine-1.11.4.jar;C:\Users\colom\.m2\repository\org\mockito\mockito-core\5.14.2\mockito-core-5.14.2.jar;C:\Users\colom\.m2\repository\net\bytebuddy\byte-buddy-agent\1.15.11\byte-buddy-agent-1.15.11.jar;C:\Users\colom\.m2\repository\org\objenesis\objenesis\3.3\objenesis-3.3.jar;C:\Users\colom\.m2\repository\org\mockito\mockito-junit-jupiter\5.14.2\mockito-junit-jupiter-5.14.2.jar;C:\Users\colom\.m2\repository\org\skyscreamer\jsonassert\1.5.3\jsonassert-1.5.3.jar;C:\Users\colom\.m2\repository\com\vaadin\external\google\android-json\0.0.20131108.vaadin1\android-json-0.0.20131108.vaadin1.jar;C:\Users\colom\.m2\repository\org\springframework\spring-core\6.2.8\spring-core-6.2.8.jar;C:\Users\colom\.m2\repository\org\springframework\spring-jcl\6.2.8\spring-jcl-6.2.8.jar;C:\Users\colom\.m2\repository\org\springframework\spring-test\6.2.8\spring-test-6.2.8.jar;C:\Users\colom\.m2\repository\org\xmlunit\xmlunit-core\2.10.2\xmlunit-core-2.10.2.jar;C:\Users\colom\.m2\repository\org\springframework\boot\spring-boot-starter-web\3.4.7\spring-boot-starter-web-3.4.7.jar;C:\Users\colom\.m2\repository\org\springframework\boot\spring-boot-starter-json\3.4.7\spring-boot-starter-json-3.4.7.jar;C:\Users\colom\.m2\repository\com\fasterxml\jackson\core\jackson-databind\2.18.4\jackson-databind-2.18.4.jar;C:\Users\colom\.m2\repository\com\fasterxml\jackson\core\jackson-annotations\2.18.4\jackson-annotations-2.18.4.jar;C:\Users\colom\.m2\repository\com\fasterxml\jackson\core\jackson-core\2.18.4.1\jackson-core-2.18.4.1.jar;C:\Users\colom\.m2\repository\com\fasterxml\jackson\datatype\jackson-datatype-jdk8\2.18.4\jackson-datatype-jdk8-2.18.4.jar;C:\Users\colom\.m2\repository\com\fasterxml\jackson\datatype\jackson-datatype-jsr310\2.18.4\jackson-datatype-jsr310-2.18.4.jar;C:\Users\colom\.m2\repository\com\fasterxml\jackson\module\jackson-module-parameter-names\2.18.4\jackson-module-parameter-names-2.18.4.jar;C:\Users\colom\.m2\repository\org\springframework\boot\spring-boot-starter-tomcat\3.4.7\spring-boot-starter-tomcat-3.4.7.jar;C:\Users\colom\.m2\repository\org\apache\tomcat\embed\tomcat-embed-core\10.1.42\tomcat-embed-core-10.1.42.jar;C:\Users\colom\.m2\repository\org\apache\tomcat\embed\tomcat-embed-el\10.1.42\tomcat-embed-el-10.1.42.jar;C:\Users\colom\.m2\repository\org\apache\tomcat\embed\tomcat-embed-websocket\10.1.42\tomcat-embed-websocket-10.1.42.jar;C:\Users\colom\.m2\repository\org\springframework\spring-web\6.2.8\spring-web-6.2.8.jar;C:\Users\colom\.m2\repository\io\micrometer\micrometer-observation\1.14.8\micrometer-observation-1.14.8.jar;C:\Users\colom\.m2\repository\io\micrometer\micrometer-commons\1.14.8\micrometer-commons-1.14.8.jar;C:\Users\colom\.m2\repository\org\springframework\spring-webmvc\6.2.8\spring-webmvc-6.2.8.jar;C:\Users\colom\.m2\repository\org\springframework\spring-expression\6.2.8\spring-expression-6.2.8.jar;C:\Users\colom\.m2\repository\org\springframework\cloud\spring-cloud-starter-openfeign\4.2.0\spring-cloud-starter-openfeign-4.2.0.jar;C:\Users\colom\.m2\repository\org\springframework\cloud\spring-cloud-starter\4.2.0\spring-cloud-starter-4.2.0.jar;C:\Users\colom\.m2\repository\org\springframework\cloud\spring-cloud-context\4.2.0\spring-cloud-context-4.2.0.jar;C:\Users\colom\.m2\repository\org\bouncycastle\bcprov-jdk18on\1.78.1\bcprov-jdk18on-1.78.1.jar;C:\Users\colom\.m2\repository\org\springframework\cloud\spring-cloud-openfeign-core\4.2.0\spring-cloud-openfeign-core-4.2.0.jar;C:\Users\colom\.m2\repository\io\github\openfeign\feign-form-spring\13.5\feign-form-spring-13.5.jar;C:\Users\colom\.m2\repository\io\github\openfeign\feign-form\13.5\feign-form-13.5.jar;C:\Users\colom\.m2\repository\commons-fileupload\commons-fileupload\1.5\commons-fileupload-1.5.jar;C:\Users\colom\.m2\repository\commons-io\commons-io\2.11.0\commons-io-2.11.0.jar;C:\Users\colom\.m2\repository\org\springframework\cloud\spring-cloud-commons\4.2.0\spring-cloud-commons-4.2.0.jar;C:\Users\colom\.m2\repository\org\springframework\security\spring-security-crypto\6.4.7\spring-security-crypto-6.4.7.jar;C:\Users\colom\.m2\repository\io\github\openfeign\feign-core\13.5\feign-core-13.5.jar;C:\Users\colom\.m2\repository\io\github\openfeign\feign-slf4j\13.5\feign-slf4j-13.5.jar;, java.version: =21.0.5}. 
2025-06-26T23:30:44.200-04:00 DEBUG 11948 --- [hw] [onnection adder] com.zaxxer.hikari.pool.HikariPool        : HikariPool-1 - Cannot acquire connection from data source

java.sql.SQLRecoverableException: ORA-00018: maximum number of sessions exceeded

https://docs.oracle.com/error-help/db/ora-00018/
	at oracle.jdbc.driver.T4CTTIoer11.processError(T4CTTIoer11.java:709) ~[ojdbc11-23.5.0.24.07.jar:23.5.0.24.07]
	at oracle.jdbc.driver.T4CTTIoer11.processError(T4CTTIoer11.java:604) ~[ojdbc11-23.5.0.24.07.jar:23.5.0.24.07]
	at oracle.jdbc.driver.T4CTTIoer11.processError(T4CTTIoer11.java:599) ~[ojdbc11-23.5.0.24.07.jar:23.5.0.24.07]
	at oracle.jdbc.driver.T4CTTIfun.processError(T4CTTIfun.java:1809) ~[ojdbc11-23.5.0.24.07.jar:23.5.0.24.07]
	at oracle.jdbc.driver.T4CTTIoauthenticate.processError(T4CTTIoauthenticate.java:903) ~[ojdbc11-23.5.0.24.07.jar:23.5.0.24.07]
	at oracle.jdbc.driver.T4CTTIfun.receive(T4CTTIfun.java:1100) ~[ojdbc11-23.5.0.24.07.jar:23.5.0.24.07]
	at oracle.jdbc.driver.T4CTTIfun.doRPC(T4CTTIfun.java:408) ~[ojdbc11-23.5.0.24.07.jar:23.5.0.24.07]
	at oracle.jdbc.driver.T4CTTIoauthenticate.doOAUTH(T4CTTIoauthenticate.java:530) ~[ojdbc11-23.5.0.24.07.jar:23.5.0.24.07]
	at oracle.jdbc.driver.T4CTTIoauthenticate.doOAUTHWithO5Logon(T4CTTIoauthenticate.java:1712) ~[ojdbc11-23.5.0.24.07.jar:23.5.0.24.07]
	at oracle.jdbc.driver.T4CTTIoauthenticate.doOAUTH(T4CTTIoauthenticate.java:1459) ~[ojdbc11-23.5.0.24.07.jar:23.5.0.24.07]
	at oracle.jdbc.driver.T4CTTIoauthenticate.doOAUTH(T4CTTIoauthenticate.java:1399) ~[ojdbc11-23.5.0.24.07.jar:23.5.0.24.07]
	at oracle.jdbc.driver.T4CConnection.authenticateWithPassword(T4CConnection.java:2050) ~[ojdbc11-23.5.0.24.07.jar:23.5.0.24.07]
	at oracle.jdbc.driver.T4CConnection.authenticateUserForLogon(T4CConnection.java:1989) ~[ojdbc11-23.5.0.24.07.jar:23.5.0.24.07]
	at oracle.jdbc.driver.T4CConnection.logon(T4CConnection.java:1090) ~[ojdbc11-23.5.0.24.07.jar:23.5.0.24.07]
	at oracle.jdbc.driver.PhysicalConnection.connect(PhysicalConnection.java:1206) ~[ojdbc11-23.5.0.24.07.jar:23.5.0.24.07]
	at oracle.jdbc.driver.T4CDriverExtension.getConnection(T4CDriverExtension.java:105) ~[ojdbc11-23.5.0.24.07.jar:23.5.0.24.07]
	at oracle.jdbc.driver.OracleDriver.connect(OracleDriver.java:886) ~[ojdbc11-23.5.0.24.07.jar:23.5.0.24.07]
	at oracle.jdbc.driver.OracleDriver.connect(OracleDriver.java:693) ~[ojdbc11-23.5.0.24.07.jar:23.5.0.24.07]
	at com.zaxxer.hikari.util.DriverDataSource.getConnection(DriverDataSource.java:137) ~[HikariCP-5.1.0.jar:na]
	at com.zaxxer.hikari.pool.PoolBase.newConnection(PoolBase.java:360) ~[HikariCP-5.1.0.jar:na]
	at com.zaxxer.hikari.pool.PoolBase.newPoolEntry(PoolBase.java:202) ~[HikariCP-5.1.0.jar:na]
	at com.zaxxer.hikari.pool.HikariPool.createPoolEntry(HikariPool.java:461) ~[HikariCP-5.1.0.jar:na]
	at com.zaxxer.hikari.pool.HikariPool$PoolEntryCreator.call(HikariPool.java:724) ~[HikariCP-5.1.0.jar:na]
	at com.zaxxer.hikari.pool.HikariPool$PoolEntryCreator.call(HikariPool.java:703) ~[HikariCP-5.1.0.jar:na]
	at java.base/java.util.concurrent.FutureTask.run(FutureTask.java:317) ~[na:na]
	at java.base/java.util.concurrent.ThreadPoolExecutor.runWorker(ThreadPoolExecutor.java:1144) ~[na:na]
	at java.base/java.util.concurrent.ThreadPoolExecutor$Worker.run(ThreadPoolExecutor.java:642) ~[na:na]
	at java.base/java.lang.Thread.run(Thread.java:1583) ~[na:na]

2025-06-26T23:30:44.241-04:00 DEBUG 11948 --- [hw] [           main] o.h.sql.results.internal.ResultsHelper   : Collection fully initialized: [com.pedidos.hw.model.Pedido.detalles#39]
2025-06-26T23:30:44.392-04:00 DEBUG 11948 --- [hw] [           main] org.hibernate.orm.sql.exec               : Skipping reading Query result cache data: cache-enabled = false, cache-mode = IGNORE
2025-06-26T23:30:44.392-04:00 DEBUG 11948 --- [hw] [           main] org.hibernate.SQL                        : 
    select
        d1_0.id_pedido,
        d1_0.id_detalle,
        d1_0.cantidad,
        d1_0.id_producto 
    from
        detalle_pedido d1_0 
    where
        d1_0.id_pedido=?
Hibernate: 
    select
        d1_0.id_pedido,
        d1_0.id_detalle,
        d1_0.cantidad,
        d1_0.id_producto 
    from
        detalle_pedido d1_0 
    where
        d1_0.id_pedido=?
2025-06-26T23:30:44.404-04:00 DEBUG 11948 --- [hw] [           main] o.h.sql.results.internal.ResultsHelper   : Collection fully initialized: [com.pedidos.hw.model.Pedido.detalles#37]
2025-06-26T23:30:44.556-04:00 DEBUG 11948 --- [hw] [           main] org.hibernate.orm.sql.exec               : Skipping reading Query result cache data: cache-enabled = false, cache-mode = IGNORE
2025-06-26T23:30:44.557-04:00 DEBUG 11948 --- [hw] [           main] org.hibernate.SQL                        : 
    select
        d1_0.id_pedido,
        d1_0.id_detalle,
        d1_0.cantidad,
        d1_0.id_producto 
    from
        detalle_pedido d1_0 
    where
        d1_0.id_pedido=?
Hibernate: 
    select
        d1_0.id_pedido,
        d1_0.id_detalle,
        d1_0.cantidad,
        d1_0.id_producto 
    from
        detalle_pedido d1_0 
    where
        d1_0.id_pedido=?
2025-06-26T23:30:44.570-04:00 DEBUG 11948 --- [hw] [           main] o.h.sql.results.internal.ResultsHelper   : Collection fully initialized: [com.pedidos.hw.model.Pedido.detalles#41]
2025-06-26T23:30:44.732-04:00 DEBUG 11948 --- [hw] [           main] org.hibernate.orm.sql.exec               : Skipping reading Query result cache data: cache-enabled = false, cache-mode = IGNORE
2025-06-26T23:30:44.732-04:00 DEBUG 11948 --- [hw] [           main] org.hibernate.SQL                        : 
    select
        d1_0.id_pedido,
        d1_0.id_detalle,
        d1_0.cantidad,
        d1_0.id_producto 
    from
        detalle_pedido d1_0 
    where
        d1_0.id_pedido=?
Hibernate: 
    select
        d1_0.id_pedido,
        d1_0.id_detalle,
        d1_0.cantidad,
        d1_0.id_producto 
    from
        detalle_pedido d1_0 
    where
        d1_0.id_pedido=?
2025-06-26T23:30:44.743-04:00 DEBUG 11948 --- [hw] [           main] o.h.sql.results.internal.ResultsHelper   : Collection fully initialized: [com.pedidos.hw.model.Pedido.detalles#22]
2025-06-26T23:30:44.895-04:00 DEBUG 11948 --- [hw] [           main] org.hibernate.orm.sql.exec               : Skipping reading Query result cache data: cache-enabled = false, cache-mode = IGNORE
2025-06-26T23:30:44.895-04:00 DEBUG 11948 --- [hw] [           main] org.hibernate.SQL                        : 
    select
        d1_0.id_pedido,
        d1_0.id_detalle,
        d1_0.cantidad,
        d1_0.id_producto 
    from
        detalle_pedido d1_0 
    where
        d1_0.id_pedido=?
Hibernate: 
    select
        d1_0.id_pedido,
        d1_0.id_detalle,
        d1_0.cantidad,
        d1_0.id_producto 
    from
        detalle_pedido d1_0 
    where
        d1_0.id_pedido=?
2025-06-26T23:30:44.909-04:00 DEBUG 11948 --- [hw] [           main] o.h.sql.results.internal.ResultsHelper   : Collection fully initialized: [com.pedidos.hw.model.Pedido.detalles#34]
2025-06-26T23:30:44.961-04:00 DEBUG 11948 --- [hw] [           main] org.hibernate.orm.sql.exec               : Skipping reading Query result cache data: cache-enabled = false, cache-mode = IGNORE
2025-06-26T23:30:44.961-04:00 DEBUG 11948 --- [hw] [           main] org.hibernate.SQL                        : 
    select
        d1_0.id_pedido,
        d1_0.id_detalle,
        d1_0.cantidad,
        d1_0.id_producto 
    from
        detalle_pedido d1_0 
    where
        d1_0.id_pedido=?
Hibernate: 
    select
        d1_0.id_pedido,
        d1_0.id_detalle,
        d1_0.cantidad,
        d1_0.id_producto 
    from
        detalle_pedido d1_0 
    where
        d1_0.id_pedido=?
2025-06-26T23:30:44.974-04:00 DEBUG 11948 --- [hw] [           main] o.h.sql.results.internal.ResultsHelper   : Collection fully initialized: [com.pedidos.hw.model.Pedido.detalles#36]
2025-06-26T23:30:45.225-04:00 DEBUG 11948 --- [hw] [           main] org.hibernate.orm.sql.exec               : Skipping reading Query result cache data: cache-enabled = false, cache-mode = IGNORE
2025-06-26T23:30:45.225-04:00 DEBUG 11948 --- [hw] [           main] org.hibernate.SQL                        : 
    select
        d1_0.id_pedido,
        d1_0.id_detalle,
        d1_0.cantidad,
        d1_0.id_producto 
    from
        detalle_pedido d1_0 
    where
        d1_0.id_pedido=?
Hibernate: 
    select
        d1_0.id_pedido,
        d1_0.id_detalle,
        d1_0.cantidad,
        d1_0.id_producto 
    from
        detalle_pedido d1_0 
    where
        d1_0.id_pedido=?
2025-06-26T23:30:45.240-04:00 DEBUG 11948 --- [hw] [           main] o.h.sql.results.internal.ResultsHelper   : Collection fully initialized: [com.pedidos.hw.model.Pedido.detalles#38]
2025-06-26T23:30:45.398-04:00 DEBUG 11948 --- [hw] [           main] org.hibernate.orm.sql.exec               : Skipping reading Query result cache data: cache-enabled = false, cache-mode = IGNORE
2025-06-26T23:30:45.398-04:00 DEBUG 11948 --- [hw] [           main] org.hibernate.SQL                        : 
    select
        d1_0.id_pedido,
        d1_0.id_detalle,
        d1_0.cantidad,
        d1_0.id_producto 
    from
        detalle_pedido d1_0 
    where
        d1_0.id_pedido=?
Hibernate: 
    select
        d1_0.id_pedido,
        d1_0.id_detalle,
        d1_0.cantidad,
        d1_0.id_producto 
    from
        detalle_pedido d1_0 
    where
        d1_0.id_pedido=?
2025-06-26T23:30:45.410-04:00 DEBUG 11948 --- [hw] [           main] o.h.sql.results.internal.ResultsHelper   : Collection fully initialized: [com.pedidos.hw.model.Pedido.detalles#21]
2025-06-26T23:30:45.572-04:00 DEBUG 11948 --- [hw] [           main] org.hibernate.orm.sql.exec               : Skipping reading Query result cache data: cache-enabled = false, cache-mode = IGNORE
2025-06-26T23:30:45.572-04:00 DEBUG 11948 --- [hw] [           main] org.hibernate.SQL                        : 
    select
        d1_0.id_pedido,
        d1_0.id_detalle,
        d1_0.cantidad,
        d1_0.id_producto 
    from
        detalle_pedido d1_0 
    where
        d1_0.id_pedido=?
Hibernate: 
    select
        d1_0.id_pedido,
        d1_0.id_detalle,
        d1_0.cantidad,
        d1_0.id_producto 
    from
        detalle_pedido d1_0 
    where
        d1_0.id_pedido=?
2025-06-26T23:30:45.684-04:00 DEBUG 11948 --- [hw] [           main] o.h.sql.results.internal.ResultsHelper   : Collection fully initialized: [com.pedidos.hw.model.Pedido.detalles#23]
2025-06-26T23:30:45.735-04:00 DEBUG 11948 --- [hw] [           main] org.hibernate.orm.sql.exec               : Skipping reading Query result cache data: cache-enabled = false, cache-mode = IGNORE
2025-06-26T23:30:45.735-04:00 DEBUG 11948 --- [hw] [           main] org.hibernate.SQL                        : 
    select
        d1_0.id_pedido,
        d1_0.id_detalle,
        d1_0.cantidad,
        d1_0.id_producto 
    from
        detalle_pedido d1_0 
    where
        d1_0.id_pedido=?
Hibernate: 
    select
        d1_0.id_pedido,
        d1_0.id_detalle,
        d1_0.cantidad,
        d1_0.id_producto 
    from
        detalle_pedido d1_0 
    where
        d1_0.id_pedido=?
2025-06-26T23:30:45.748-04:00 DEBUG 11948 --- [hw] [           main] o.h.sql.results.internal.ResultsHelper   : Collection fully initialized: [com.pedidos.hw.model.Pedido.detalles#24]
2025-06-26T23:30:46.000-04:00 DEBUG 11948 --- [hw] [           main] org.hibernate.orm.sql.exec               : Skipping reading Query result cache data: cache-enabled = false, cache-mode = IGNORE
2025-06-26T23:30:46.000-04:00 DEBUG 11948 --- [hw] [           main] org.hibernate.SQL                        : 
    select
        d1_0.id_pedido,
        d1_0.id_detalle,
        d1_0.cantidad,
        d1_0.id_producto 
    from
        detalle_pedido d1_0 
    where
        d1_0.id_pedido=?
Hibernate: 
    select
        d1_0.id_pedido,
        d1_0.id_detalle,
        d1_0.cantidad,
        d1_0.id_producto 
    from
        detalle_pedido d1_0 
    where
        d1_0.id_pedido=?
2025-06-26T23:30:46.115-04:00 DEBUG 11948 --- [hw] [           main] o.h.sql.results.internal.ResultsHelper   : Collection fully initialized: [com.pedidos.hw.model.Pedido.detalles#29]
2025-06-26T23:30:46.167-04:00 DEBUG 11948 --- [hw] [           main] org.hibernate.orm.sql.exec               : Skipping reading Query result cache data: cache-enabled = false, cache-mode = IGNORE
2025-06-26T23:30:46.167-04:00 DEBUG 11948 --- [hw] [           main] org.hibernate.SQL                        : 
    select
        d1_0.id_pedido,
        d1_0.id_detalle,
        d1_0.cantidad,
        d1_0.id_producto 
    from
        detalle_pedido d1_0 
    where
        d1_0.id_pedido=?
Hibernate: 
    select
        d1_0.id_pedido,
        d1_0.id_detalle,
        d1_0.cantidad,
        d1_0.id_producto 
    from
        detalle_pedido d1_0 
    where
        d1_0.id_pedido=?
2025-06-26T23:30:46.181-04:00 DEBUG 11948 --- [hw] [           main] o.h.sql.results.internal.ResultsHelper   : Collection fully initialized: [com.pedidos.hw.model.Pedido.detalles#31]
2025-06-26T23:30:46.234-04:00 DEBUG 11948 --- [hw] [           main] org.hibernate.orm.sql.exec               : Skipping reading Query result cache data: cache-enabled = false, cache-mode = IGNORE
2025-06-26T23:30:46.234-04:00 DEBUG 11948 --- [hw] [           main] org.hibernate.SQL                        : 
    select
        d1_0.id_pedido,
        d1_0.id_detalle,
        d1_0.cantidad,
        d1_0.id_producto 
    from
        detalle_pedido d1_0 
    where
        d1_0.id_pedido=?
Hibernate: 
    select
        d1_0.id_pedido,
        d1_0.id_detalle,
        d1_0.cantidad,
        d1_0.id_producto 
    from
        detalle_pedido d1_0 
    where
        d1_0.id_pedido=?
2025-06-26T23:30:46.247-04:00 DEBUG 11948 --- [hw] [           main] o.h.sql.results.internal.ResultsHelper   : Collection fully initialized: [com.pedidos.hw.model.Pedido.detalles#32]
2025-06-26T23:30:46.402-04:00 DEBUG 11948 --- [hw] [           main] org.hibernate.orm.sql.exec               : Skipping reading Query result cache data: cache-enabled = false, cache-mode = IGNORE
2025-06-26T23:30:46.402-04:00 DEBUG 11948 --- [hw] [           main] org.hibernate.SQL                        : 
    select
        d1_0.id_pedido,
        d1_0.id_detalle,
        d1_0.cantidad,
        d1_0.id_producto 
    from
        detalle_pedido d1_0 
    where
        d1_0.id_pedido=?
Hibernate: 
    select
        d1_0.id_pedido,
        d1_0.id_detalle,
        d1_0.cantidad,
        d1_0.id_producto 
    from
        detalle_pedido d1_0 
    where
        d1_0.id_pedido=?
2025-06-26T23:30:46.516-04:00 DEBUG 11948 --- [hw] [           main] o.h.sql.results.internal.ResultsHelper   : Collection fully initialized: [com.pedidos.hw.model.Pedido.detalles#33]
2025-06-26T23:30:46.568-04:00 DEBUG 11948 --- [hw] [           main] o.h.e.t.internal.TransactionImpl         : committing
2025-06-26T23:30:46.569-04:00 DEBUG 11948 --- [hw] [           main] o.h.e.i.AbstractFlushingEventListener    : Processing flush-time cascades
2025-06-26T23:30:46.577-04:00 DEBUG 11948 --- [hw] [           main] o.h.e.i.AbstractFlushingEventListener    : Dirty checking collections
2025-06-26T23:30:46.581-04:00 DEBUG 11948 --- [hw] [           main] o.hibernate.engine.internal.Collections  : Collection found: [com.pedidos.hw.model.Pedido.detalles#1], was: [com.pedidos.hw.model.Pedido.detalles#1] (initialized)
2025-06-26T23:30:46.581-04:00 DEBUG 11948 --- [hw] [           main] o.hibernate.engine.internal.Collections  : Collection found: [com.pedidos.hw.model.Pedido.detalles#2], was: [com.pedidos.hw.model.Pedido.detalles#2] (initialized)
2025-06-26T23:30:46.581-04:00 DEBUG 11948 --- [hw] [           main] o.hibernate.engine.internal.Collections  : Collection found: [com.pedidos.hw.model.Pedido.detalles#40], was: [com.pedidos.hw.model.Pedido.detalles#40] (initialized)
2025-06-26T23:30:46.581-04:00 DEBUG 11948 --- [hw] [           main] o.hibernate.engine.internal.Collections  : Collection found: [com.pedidos.hw.model.Pedido.detalles#26], was: [com.pedidos.hw.model.Pedido.detalles#26] (initialized)
2025-06-26T23:30:46.581-04:00 DEBUG 11948 --- [hw] [           main] o.hibernate.engine.internal.Collections  : Collection found: [com.pedidos.hw.model.Pedido.detalles#27], was: [com.pedidos.hw.model.Pedido.detalles#27] (initialized)
2025-06-26T23:30:46.581-04:00 DEBUG 11948 --- [hw] [           main] o.hibernate.engine.internal.Collections  : Collection found: [com.pedidos.hw.model.Pedido.detalles#28], was: [com.pedidos.hw.model.Pedido.detalles#28] (initialized)
2025-06-26T23:30:46.581-04:00 DEBUG 11948 --- [hw] [           main] o.hibernate.engine.internal.Collections  : Collection found: [com.pedidos.hw.model.Pedido.detalles#30], was: [com.pedidos.hw.model.Pedido.detalles#30] (initialized)
2025-06-26T23:30:46.581-04:00 DEBUG 11948 --- [hw] [           main] o.hibernate.engine.internal.Collections  : Collection found: [com.pedidos.hw.model.Pedido.detalles#35], was: [com.pedidos.hw.model.Pedido.detalles#35] (initialized)
2025-06-26T23:30:46.581-04:00 DEBUG 11948 --- [hw] [           main] o.hibernate.engine.internal.Collections  : Collection found: [com.pedidos.hw.model.Pedido.detalles#39], was: [com.pedidos.hw.model.Pedido.detalles#39] (initialized)
2025-06-26T23:30:46.581-04:00 DEBUG 11948 --- [hw] [           main] o.hibernate.engine.internal.Collections  : Collection found: [com.pedidos.hw.model.Pedido.detalles#37], was: [com.pedidos.hw.model.Pedido.detalles#37] (initialized)
2025-06-26T23:30:46.581-04:00 DEBUG 11948 --- [hw] [           main] o.hibernate.engine.internal.Collections  : Collection found: [com.pedidos.hw.model.Pedido.detalles#41], was: [com.pedidos.hw.model.Pedido.detalles#41] (initialized)
2025-06-26T23:30:46.581-04:00 DEBUG 11948 --- [hw] [           main] o.hibernate.engine.internal.Collections  : Collection found: [com.pedidos.hw.model.Pedido.detalles#22], was: [com.pedidos.hw.model.Pedido.detalles#22] (initialized)
2025-06-26T23:30:46.581-04:00 DEBUG 11948 --- [hw] [           main] o.hibernate.engine.internal.Collections  : Collection found: [com.pedidos.hw.model.Pedido.detalles#34], was: [com.pedidos.hw.model.Pedido.detalles#34] (initialized)
2025-06-26T23:30:46.581-04:00 DEBUG 11948 --- [hw] [           main] o.hibernate.engine.internal.Collections  : Collection found: [com.pedidos.hw.model.Pedido.detalles#36], was: [com.pedidos.hw.model.Pedido.detalles#36] (initialized)
2025-06-26T23:30:46.581-04:00 DEBUG 11948 --- [hw] [           main] o.hibernate.engine.internal.Collections  : Collection found: [com.pedidos.hw.model.Pedido.detalles#38], was: [com.pedidos.hw.model.Pedido.detalles#38] (initialized)
2025-06-26T23:30:46.581-04:00 DEBUG 11948 --- [hw] [           main] o.hibernate.engine.internal.Collections  : Collection found: [com.pedidos.hw.model.Pedido.detalles#21], was: [com.pedidos.hw.model.Pedido.detalles#21] (initialized)
2025-06-26T23:30:46.581-04:00 DEBUG 11948 --- [hw] [           main] o.hibernate.engine.internal.Collections  : Collection found: [com.pedidos.hw.model.Pedido.detalles#23], was: [com.pedidos.hw.model.Pedido.detalles#23] (initialized)
2025-06-26T23:30:46.581-04:00 DEBUG 11948 --- [hw] [           main] o.hibernate.engine.internal.Collections  : Collection found: [com.pedidos.hw.model.Pedido.detalles#24], was: [com.pedidos.hw.model.Pedido.detalles#24] (initialized)
2025-06-26T23:30:46.581-04:00 DEBUG 11948 --- [hw] [           main] o.hibernate.engine.internal.Collections  : Collection found: [com.pedidos.hw.model.Pedido.detalles#29], was: [com.pedidos.hw.model.Pedido.detalles#29] (initialized)
2025-06-26T23:30:46.582-04:00 DEBUG 11948 --- [hw] [           main] o.hibernate.engine.internal.Collections  : Collection found: [com.pedidos.hw.model.Pedido.detalles#31], was: [com.pedidos.hw.model.Pedido.detalles#31] (initialized)
2025-06-26T23:30:46.582-04:00 DEBUG 11948 --- [hw] [           main] o.hibernate.engine.internal.Collections  : Collection found: [com.pedidos.hw.model.Pedido.detalles#32], was: [com.pedidos.hw.model.Pedido.detalles#32] (initialized)
2025-06-26T23:30:46.582-04:00 DEBUG 11948 --- [hw] [           main] o.hibernate.engine.internal.Collections  : Collection found: [com.pedidos.hw.model.Pedido.detalles#33], was: [com.pedidos.hw.model.Pedido.detalles#33] (initialized)
2025-06-26T23:30:46.583-04:00 DEBUG 11948 --- [hw] [           main] o.h.e.i.AbstractFlushingEventListener    : Flushed: 0 insertions, 0 updates, 0 deletions to 66 objects
2025-06-26T23:30:46.583-04:00 DEBUG 11948 --- [hw] [           main] o.h.e.i.AbstractFlushingEventListener    : Flushed: 0 (re)creations, 0 updates, 0 removals to 22 collections
2025-06-26T23:30:46.584-04:00 DEBUG 11948 --- [hw] [           main] o.hibernate.internal.util.EntityPrinter  : Listing entities:
2025-06-26T23:30:46.584-04:00 DEBUG 11948 --- [hw] [           main] o.hibernate.internal.util.EntityPrinter  : com.pedidos.hw.model.Pedido{estado=2, fecha_pedido=2025-05-10, id_usuario=10, detalles=[com.pedidos.hw.model.DetallePedido#3, com.pedidos.hw.model.DetallePedido#4], id=2}
2025-06-26T23:30:46.584-04:00 DEBUG 11948 --- [hw] [           main] o.hibernate.internal.util.EntityPrinter  : com.pedidos.hw.model.Pedido{estado=1, fecha_pedido=2025-05-25, id_usuario=2, detalles=[com.pedidos.hw.model.DetallePedido#1, com.pedidos.hw.model.DetallePedido#2], id=1}
2025-06-26T23:30:46.584-04:00 DEBUG 11948 --- [hw] [           main] o.hibernate.internal.util.EntityPrinter  : com.pedidos.hw.model.DetallePedido{id_detalle=40, pedido=com.pedidos.hw.model.Pedido#31, id_producto=8, cantidad=6}
2025-06-26T23:30:46.584-04:00 DEBUG 11948 --- [hw] [           main] o.hibernate.internal.util.EntityPrinter  : com.pedidos.hw.model.DetallePedido{id_detalle=41, pedido=com.pedidos.hw.model.Pedido#31, id_producto=2, cantidad=4}
2025-06-26T23:30:46.584-04:00 DEBUG 11948 --- [hw] [           main] o.hibernate.internal.util.EntityPrinter  : com.pedidos.hw.model.DetallePedido{id_detalle=38, pedido=com.pedidos.hw.model.Pedido#30, id_producto=8, cantidad=6}
2025-06-26T23:30:46.585-04:00 DEBUG 11948 --- [hw] [           main] o.hibernate.internal.util.EntityPrinter  : com.pedidos.hw.model.DetallePedido{id_detalle=39, pedido=com.pedidos.hw.model.Pedido#30, id_producto=2, cantidad=4}
2025-06-26T23:30:46.585-04:00 DEBUG 11948 --- [hw] [           main] o.hibernate.internal.util.EntityPrinter  : com.pedidos.hw.model.DetallePedido{id_detalle=44, pedido=com.pedidos.hw.model.Pedido#33, id_producto=8, cantidad=6}
2025-06-26T23:30:46.585-04:00 DEBUG 11948 --- [hw] [           main] o.hibernate.internal.util.EntityPrinter  : com.pedidos.hw.model.DetallePedido{id_detalle=45, pedido=com.pedidos.hw.model.Pedido#33, id_producto=2, cantidad=4}
2025-06-26T23:30:46.585-04:00 DEBUG 11948 --- [hw] [           main] o.hibernate.internal.util.EntityPrinter  : com.pedidos.hw.model.DetallePedido{id_detalle=42, pedido=com.pedidos.hw.model.Pedido#32, id_producto=8, cantidad=6}
2025-06-26T23:30:46.585-04:00 DEBUG 11948 --- [hw] [           main] o.hibernate.internal.util.EntityPrinter  : com.pedidos.hw.model.DetallePedido{id_detalle=43, pedido=com.pedidos.hw.model.Pedido#32, id_producto=2, cantidad=4}
2025-06-26T23:30:46.585-04:00 DEBUG 11948 --- [hw] [           main] o.hibernate.internal.util.EntityPrinter  : com.pedidos.hw.model.DetallePedido{id_detalle=32, pedido=com.pedidos.hw.model.Pedido#27, id_producto=8, cantidad=6}
2025-06-26T23:30:46.585-04:00 DEBUG 11948 --- [hw] [           main] o.hibernate.internal.util.EntityPrinter  : com.pedidos.hw.model.DetallePedido{id_detalle=33, pedido=com.pedidos.hw.model.Pedido#27, id_producto=2, cantidad=4}
2025-06-26T23:30:46.585-04:00 DEBUG 11948 --- [hw] [           main] o.hibernate.internal.util.EntityPrinter  : com.pedidos.hw.model.Pedido{estado=2, fecha_pedido=2025-06-22, id_usuario=11, detalles=[com.pedidos.hw.model.DetallePedido#23, com.pedidos.hw.model.DetallePedido#24], id=22}
2025-06-26T23:30:46.585-04:00 DEBUG 11948 --- [hw] [           main] o.hibernate.internal.util.EntityPrinter  : com.pedidos.hw.model.DetallePedido{id_detalle=30, pedido=com.pedidos.hw.model.Pedido#26, id_producto=8, cantidad=6}
2025-06-26T23:30:46.585-04:00 DEBUG 11948 --- [hw] [           main] o.hibernate.internal.util.EntityPrinter  : com.pedidos.hw.model.Pedido{estado=2, fecha_pedido=2025-06-24, id_usuario=3, detalles=[com.pedidos.hw.model.DetallePedido#21, com.pedidos.hw.model.DetallePedido#22], id=21}
2025-06-26T23:30:46.585-04:00 DEBUG 11948 --- [hw] [           main] o.hibernate.internal.util.EntityPrinter  : com.pedidos.hw.model.DetallePedido{id_detalle=31, pedido=com.pedidos.hw.model.Pedido#26, id_producto=2, cantidad=4}
2025-06-26T23:30:46.585-04:00 DEBUG 11948 --- [hw] [           main] o.hibernate.internal.util.EntityPrinter  : com.pedidos.hw.model.Pedido{estado=2, fecha_pedido=2025-06-22, id_usuario=11, detalles=[com.pedidos.hw.model.DetallePedido#27, com.pedidos.hw.model.DetallePedido#28], id=24}
2025-06-26T23:30:46.585-04:00 DEBUG 11948 --- [hw] [           main] o.hibernate.internal.util.EntityPrinter  : com.pedidos.hw.model.DetallePedido{id_detalle=36, pedido=com.pedidos.hw.model.Pedido#29, id_producto=8, cantidad=6}
2025-06-26T23:30:46.585-04:00 DEBUG 11948 --- [hw] [           main] o.hibernate.internal.util.EntityPrinter  : com.pedidos.hw.model.Pedido{estado=2, fecha_pedido=2025-06-22, id_usuario=11, detalles=[com.pedidos.hw.model.DetallePedido#25, com.pedidos.hw.model.DetallePedido#26], id=23}
2025-06-26T23:30:46.585-04:00 DEBUG 11948 --- [hw] [           main] o.hibernate.internal.util.EntityPrinter  : com.pedidos.hw.model.DetallePedido{id_detalle=37, pedido=com.pedidos.hw.model.Pedido#29, id_producto=2, cantidad=4}
2025-06-26T23:30:46.585-04:00 DEBUG 11948 --- [hw] [           main] o.hibernate.internal.util.EntityPrinter  : com.pedidos.hw.model.Pedido{estado=2, fecha_pedido=2025-06-22, id_usuario=11, detalles=[com.pedidos.hw.model.DetallePedido#30, com.pedidos.hw.model.DetallePedido#31], id=26}
2025-06-26T23:30:46.585-04:00 DEBUG 11948 --- [hw] [           main] o.hibernate.internal.util.EntityPrinter  : More......
]]></system-out>
  </testcase>
  <testcase name="shouldSavePedido" classname="com.pedidos.hw.controller.PedidoControllerIntegrationTest" time="0.114">
    <system-out><![CDATA[DEBUG - ID PRODUCTO: 8
DEBUG - ID PRODUCTO: 2
2025-06-26T23:30:46.618-04:00 DEBUG 11948 --- [hw] [           main] o.h.e.t.internal.TransactionImpl         : On TransactionImpl creation, JpaCompliance#isJpaTransactionComplianceEnabled == false
2025-06-26T23:30:46.618-04:00 DEBUG 11948 --- [hw] [           main] o.h.e.t.internal.TransactionImpl         : begin
2025-06-26T23:30:46.619-04:00 DEBUG 11948 --- [hw] [           main] o.h.j.internal.PersistenceUnitUtilImpl   : jakarta.persistence.PersistenceUnitUtil.getIdentifier is only intended to work with enhanced entities (although Hibernate also adapts this support to its proxies); however the passed entity was not enhanced (nor a proxy).. may not be able to read identifier
2025-06-26T23:30:46.622-04:00 DEBUG 11948 --- [hw] [           main] org.hibernate.engine.spi.ActionQueue     : Executing identity-insert immediately
2025-06-26T23:30:46.627-04:00 DEBUG 11948 --- [hw] [           main] org.hibernate.SQL                        : 
    insert 
    into
        pedido
        (estado, fecha_pedido, id_usuario, id) 
    values
        (?, ?, ?, default)
Hibernate: 
    insert 
    into
        pedido
        (estado, fecha_pedido, id_usuario, id) 
    values
        (?, ?, ?, default)
2025-06-26T23:30:46.654-04:00 DEBUG 11948 --- [hw] [           main] org.hibernate.orm.results                : Initializer list is empty
2025-06-26T23:30:46.655-04:00 DEBUG 11948 --- [hw] [           main] o.h.id.IdentifierGeneratorHelper         : Extracted generated values [com.pedidos.hw.model.Pedido]: [Ljava.lang.Object;@1331742
2025-06-26T23:30:46.657-04:00 DEBUG 11948 --- [hw] [           main] org.hibernate.engine.spi.ActionQueue     : Executing identity-insert immediately
2025-06-26T23:30:46.657-04:00 DEBUG 11948 --- [hw] [           main] org.hibernate.SQL                        : 
    insert 
    into
        detalle_pedido
        (cantidad, id_producto, id_pedido, id_detalle) 
    values
        (?, ?, ?, default)
Hibernate: 
    insert 
    into
        detalle_pedido
        (cantidad, id_producto, id_pedido, id_detalle) 
    values
        (?, ?, ?, default)
2025-06-26T23:30:46.680-04:00 DEBUG 11948 --- [hw] [           main] org.hibernate.orm.results                : Initializer list is empty
2025-06-26T23:30:46.680-04:00 DEBUG 11948 --- [hw] [           main] o.h.id.IdentifierGeneratorHelper         : Extracted generated values [com.pedidos.hw.model.DetallePedido]: [Ljava.lang.Object;@61ac8777
2025-06-26T23:30:46.680-04:00 DEBUG 11948 --- [hw] [           main] org.hibernate.engine.spi.ActionQueue     : Executing identity-insert immediately
2025-06-26T23:30:46.680-04:00 DEBUG 11948 --- [hw] [           main] org.hibernate.SQL                        : 
    insert 
    into
        detalle_pedido
        (cantidad, id_producto, id_pedido, id_detalle) 
    values
        (?, ?, ?, default)
Hibernate: 
    insert 
    into
        detalle_pedido
        (cantidad, id_producto, id_pedido, id_detalle) 
    values
        (?, ?, ?, default)
2025-06-26T23:30:46.702-04:00 DEBUG 11948 --- [hw] [           main] org.hibernate.orm.results                : Initializer list is empty
2025-06-26T23:30:46.702-04:00 DEBUG 11948 --- [hw] [           main] o.h.id.IdentifierGeneratorHelper         : Extracted generated values [com.pedidos.hw.model.DetallePedido]: [Ljava.lang.Object;@259c7ff3
2025-06-26T23:30:46.702-04:00 DEBUG 11948 --- [hw] [           main] o.h.e.t.internal.TransactionImpl         : committing
2025-06-26T23:30:46.702-04:00 DEBUG 11948 --- [hw] [           main] o.h.e.i.AbstractFlushingEventListener    : Processing flush-time cascades
2025-06-26T23:30:46.702-04:00 DEBUG 11948 --- [hw] [           main] o.h.e.i.AbstractFlushingEventListener    : Dirty checking collections
2025-06-26T23:30:46.703-04:00 DEBUG 11948 --- [hw] [           main] o.hibernate.engine.internal.Collections  : Collection found: [com.pedidos.hw.model.Pedido.detalles#42], was: [<unreferenced>] (initialized)
2025-06-26T23:30:46.704-04:00 DEBUG 11948 --- [hw] [           main] o.h.e.i.AbstractFlushingEventListener    : Flushed: 0 insertions, 0 updates, 0 deletions to 3 objects
2025-06-26T23:30:46.704-04:00 DEBUG 11948 --- [hw] [           main] o.h.e.i.AbstractFlushingEventListener    : Flushed: 1 (re)creations, 0 updates, 0 removals to 1 collections
2025-06-26T23:30:46.704-04:00 DEBUG 11948 --- [hw] [           main] o.hibernate.internal.util.EntityPrinter  : Listing entities:
2025-06-26T23:30:46.704-04:00 DEBUG 11948 --- [hw] [           main] o.hibernate.internal.util.EntityPrinter  : com.pedidos.hw.model.DetallePedido{id_detalle=62, pedido=com.pedidos.hw.model.Pedido#42, id_producto=8, cantidad=6}
2025-06-26T23:30:46.704-04:00 DEBUG 11948 --- [hw] [           main] o.hibernate.internal.util.EntityPrinter  : com.pedidos.hw.model.DetallePedido{id_detalle=63, pedido=com.pedidos.hw.model.Pedido#42, id_producto=2, cantidad=4}
2025-06-26T23:30:46.704-04:00 DEBUG 11948 --- [hw] [           main] o.hibernate.internal.util.EntityPrinter  : com.pedidos.hw.model.Pedido{estado=2, fecha_pedido=2025-06-22, id_usuario=11, detalles=[com.pedidos.hw.model.DetallePedido#62, com.pedidos.hw.model.DetallePedido#63], id=42}
]]></system-out>
  </testcase>
  <testcase name="shouldNotReturnOnePedido" classname="com.pedidos.hw.controller.PedidoControllerIntegrationTest" time="0.251">
    <system-out><![CDATA[2025-06-26T23:30:46.727-04:00 DEBUG 11948 --- [hw] [           main] o.h.e.t.internal.TransactionImpl         : On TransactionImpl creation, JpaCompliance#isJpaTransactionComplianceEnabled == false
2025-06-26T23:30:46.727-04:00 DEBUG 11948 --- [hw] [           main] o.h.e.t.internal.TransactionImpl         : begin
2025-06-26T23:30:46.734-04:00 DEBUG 11948 --- [hw] [           main] org.hibernate.orm.sql.exec               : Skipping reading Query result cache data: cache-enabled = false, cache-mode = IGNORE
2025-06-26T23:30:46.734-04:00 DEBUG 11948 --- [hw] [           main] org.hibernate.SQL                        : 
    select
        p1_0.id,
        p1_0.estado,
        p1_0.fecha_pedido,
        p1_0.id_usuario 
    from
        pedido p1_0 
    where
        p1_0.id=?
Hibernate: 
    select
        p1_0.id,
        p1_0.estado,
        p1_0.fecha_pedido,
        p1_0.id_usuario 
    from
        pedido p1_0 
    where
        p1_0.id=?
2025-06-26T23:30:46.849-04:00 DEBUG 11948 --- [hw] [           main] org.hibernate.orm.results                : Initializer list:
	  com.pedidos.hw.model.Pedido -> EntityJoinedFetchInitializer(com.pedidos.hw.model.Pedido)@1896985362 (SingleTableEntityPersister(com.pedidos.hw.model.Pedido))
	  com.pedidos.hw.model.Pedido.detalles -> DelayedCollectionInitializer(com.pedidos.hw.model.Pedido.detalles)@1892843520 (PluralAttribute(com.pedidos.hw.model.Pedido.detalles))

2025-06-26T23:30:46.849-04:00 DEBUG 11948 --- [hw] [           main] o.h.e.t.internal.TransactionImpl         : committing
2025-06-26T23:30:46.849-04:00 DEBUG 11948 --- [hw] [           main] o.h.e.i.AbstractFlushingEventListener    : Processing flush-time cascades
2025-06-26T23:30:46.850-04:00 DEBUG 11948 --- [hw] [           main] o.h.e.i.AbstractFlushingEventListener    : Dirty checking collections
2025-06-26T23:30:46.850-04:00 DEBUG 11948 --- [hw] [           main] o.hibernate.engine.internal.Collections  : Collection found: [com.pedidos.hw.model.Pedido.detalles#23], was: [com.pedidos.hw.model.Pedido.detalles#23] (uninitialized)
2025-06-26T23:30:46.850-04:00 DEBUG 11948 --- [hw] [           main] o.h.e.i.AbstractFlushingEventListener    : Flushed: 0 insertions, 0 updates, 0 deletions to 1 objects
2025-06-26T23:30:46.850-04:00 DEBUG 11948 --- [hw] [           main] o.h.e.i.AbstractFlushingEventListener    : Flushed: 0 (re)creations, 0 updates, 0 removals to 1 collections
2025-06-26T23:30:46.850-04:00 DEBUG 11948 --- [hw] [           main] o.hibernate.internal.util.EntityPrinter  : Listing entities:
2025-06-26T23:30:46.850-04:00 DEBUG 11948 --- [hw] [           main] o.hibernate.internal.util.EntityPrinter  : com.pedidos.hw.model.Pedido{estado=2, fecha_pedido=2025-06-22, id_usuario=11, detalles=<uninitialized>, id=23}
2025-06-26T23:30:46.851-04:00 DEBUG 11948 --- [hw] [           main] org.hibernate.orm.sql.exec               : Skipping reading Query result cache data: cache-enabled = false, cache-mode = IGNORE
2025-06-26T23:30:46.851-04:00 DEBUG 11948 --- [hw] [           main] org.hibernate.SQL                        : 
    select
        d1_0.id_pedido,
        d1_0.id_detalle,
        d1_0.cantidad,
        d1_0.id_producto 
    from
        detalle_pedido d1_0 
    where
        d1_0.id_pedido=?
Hibernate: 
    select
        d1_0.id_pedido,
        d1_0.id_detalle,
        d1_0.cantidad,
        d1_0.id_producto 
    from
        detalle_pedido d1_0 
    where
        d1_0.id_pedido=?
2025-06-26T23:30:46.957-04:00  INFO 11948 --- [hw] [onnection adder] oracle.jdbc                              : entering args (oracle.jdbc.internal.AbstractConnectionBuilder$1@53367cd2)
2025-06-26T23:30:46.957-04:00  INFO 11948 --- [hw] [onnection adder] oracle.jdbc                              : traceId=68D8E2C6. 
2025-06-26T23:30:46.957-04:00  INFO 11948 --- [hw] [onnection adder] oracle.jdbc                              : Session Attributes: 
sdu=8192, tdu=32767
nt: host=adb.sa-valparaiso-1.oraclecloud.com, port=1522, socketOptions={0=YES, 1=NO, 2=30000, 4=TRUE, 5=(SOURCE=(METHOD=FILE)(METHOD_DATA=(DIRECTORY=wallet))), 38=TLS, 40=false, 17=20, 18=false, 20=true, 23=40, 24=50, 25=0}
    socket=null
client profile={oracle.net.encryption_types_client=(), oracle.net.crypto_seed=, oracle.net.authentication_services=(), oracle.net.setFIPSMode=false, oracle.net.kerberos5_mutual_authentication=false, oracle.net.encryption_client=ACCEPTED, oracle.net.crypto_checksum_client=ACCEPTED, oracle.net.crypto_checksum_types_client=()}
connection options=[host=adb.sa-valparaiso-1.oraclecloud.com port=1522 protocol=tcps service_name=g9da66205f7ede8_bdmsv_high.adb.oraclecloud.com addr=(ADDRESS=(PROTOCOL=tcps)(HOST=adb.sa-valparaiso-1.oraclecloud.com)(PORT=1522)) conn_data=(DESCRIPTION=(ADDRESS=(PROTOCOL=tcps)(PORT=1522)(HOST=165.1.96.72)(HOSTNAME=adb.sa-valparaiso-1.oraclecloud.com))(CONNECT_DATA=(CID=(PROGRAM=ForkedBooter)(HOST=DESKTOP-BN646OU)(USER=colom))(service_name=g9da66205f7ede8_bdmsv_high.adb.oraclecloud.com))) sslServerCertDN=CN=adb.sa-valparaiso-1.oraclecloud.com, O=Oracle Corporation, L=Redwood City, ST=California, C=US done=true]
onBreakReset=false, dataEOF=false, negotiatedOptions=0x801, connected=false
TTIINIT enabled=false, TTC cookie enabled=false

2025-06-26T23:30:46.957-04:00  INFO 11948 --- [hw] [onnection adder] oracle.jdbc                              : traceId=68D8E2C6, anoEnabled=true. 
2025-06-26T23:30:46.958-04:00  INFO 11948 --- [hw] [onnection adder] oracle.jdbc                              : Got Resend, SessionTraceId = 68D8E2C6
2025-06-26T23:30:46.958-04:00  INFO 11948 --- [hw] [onnection adder] oracle.jdbc                              : Connection established. Cleared conn strategy stack
2025-06-26T23:30:46.958-04:00  INFO 11948 --- [hw] [onnection adder] oracle.jdbc                              : Break received from server. Responding with reset...
2025-06-26T23:30:46.958-04:00  INFO 11948 --- [hw] [onnection adder] oracle.jdbc                              : SO_TIMEOUT interrupt timer cancelled null
2025-06-26T23:30:46.958-04:00  INFO 11948 --- [hw] [onnection adder] oracle.jdbc                              : Sending break marker, SessionTraceId = 68D8E2C6
2025-06-26T23:30:46.958-04:00  INFO 11948 --- [hw] [onnection adder] oracle.jdbc                              : throwing

java.sql.SQLRecoverableException: ORA-00018: maximum number of sessions exceeded

https://docs.oracle.com/error-help/db/ora-00018/
	at oracle.jdbc.driver.T4CTTIoer11.processError(T4CTTIoer11.java:709) ~[ojdbc11-23.5.0.24.07.jar:23.5.0.24.07]
	at oracle.jdbc.driver.T4CTTIoer11.processError(T4CTTIoer11.java:604) ~[ojdbc11-23.5.0.24.07.jar:23.5.0.24.07]
	at oracle.jdbc.driver.T4CTTIoer11.processError(T4CTTIoer11.java:599) ~[ojdbc11-23.5.0.24.07.jar:23.5.0.24.07]
	at oracle.jdbc.driver.T4CTTIfun.processError(T4CTTIfun.java:1809) ~[ojdbc11-23.5.0.24.07.jar:23.5.0.24.07]
	at oracle.jdbc.driver.T4CTTIoauthenticate.processError(T4CTTIoauthenticate.java:903) ~[ojdbc11-23.5.0.24.07.jar:23.5.0.24.07]
	at oracle.jdbc.driver.T4CTTIfun.receive(T4CTTIfun.java:1100) ~[ojdbc11-23.5.0.24.07.jar:23.5.0.24.07]
	at oracle.jdbc.driver.T4CTTIfun.doRPC(T4CTTIfun.java:408) ~[ojdbc11-23.5.0.24.07.jar:23.5.0.24.07]
	at oracle.jdbc.driver.T4CTTIoauthenticate.doOAUTH(T4CTTIoauthenticate.java:530) ~[ojdbc11-23.5.0.24.07.jar:23.5.0.24.07]
	at oracle.jdbc.driver.T4CTTIoauthenticate.doOAUTHWithO5Logon(T4CTTIoauthenticate.java:1712) ~[ojdbc11-23.5.0.24.07.jar:23.5.0.24.07]
	at oracle.jdbc.driver.T4CTTIoauthenticate.doOAUTH(T4CTTIoauthenticate.java:1459) ~[ojdbc11-23.5.0.24.07.jar:23.5.0.24.07]
	at oracle.jdbc.driver.T4CTTIoauthenticate.doOAUTH(T4CTTIoauthenticate.java:1399) ~[ojdbc11-23.5.0.24.07.jar:23.5.0.24.07]
	at oracle.jdbc.driver.T4CConnection.authenticateWithPassword(T4CConnection.java:2050) ~[ojdbc11-23.5.0.24.07.jar:23.5.0.24.07]
	at oracle.jdbc.driver.T4CConnection.authenticateUserForLogon(T4CConnection.java:1989) ~[ojdbc11-23.5.0.24.07.jar:23.5.0.24.07]
	at oracle.jdbc.driver.T4CConnection.logon(T4CConnection.java:1090) ~[ojdbc11-23.5.0.24.07.jar:23.5.0.24.07]
	at oracle.jdbc.driver.PhysicalConnection.connect(PhysicalConnection.java:1206) ~[ojdbc11-23.5.0.24.07.jar:23.5.0.24.07]
	at oracle.jdbc.driver.T4CDriverExtension.getConnection(T4CDriverExtension.java:105) ~[ojdbc11-23.5.0.24.07.jar:23.5.0.24.07]
	at oracle.jdbc.driver.OracleDriver.connect(OracleDriver.java:886) ~[ojdbc11-23.5.0.24.07.jar:23.5.0.24.07]
	at oracle.jdbc.driver.OracleDriver.connect(OracleDriver.java:693) ~[ojdbc11-23.5.0.24.07.jar:23.5.0.24.07]
	at com.zaxxer.hikari.util.DriverDataSource.getConnection(DriverDataSource.java:137) ~[HikariCP-5.1.0.jar:na]
	at com.zaxxer.hikari.pool.PoolBase.newConnection(PoolBase.java:360) ~[HikariCP-5.1.0.jar:na]
	at com.zaxxer.hikari.pool.PoolBase.newPoolEntry(PoolBase.java:202) ~[HikariCP-5.1.0.jar:na]
	at com.zaxxer.hikari.pool.HikariPool.createPoolEntry(HikariPool.java:461) ~[HikariCP-5.1.0.jar:na]
	at com.zaxxer.hikari.pool.HikariPool$PoolEntryCreator.call(HikariPool.java:724) ~[HikariCP-5.1.0.jar:na]
	at com.zaxxer.hikari.pool.HikariPool$PoolEntryCreator.call(HikariPool.java:703) ~[HikariCP-5.1.0.jar:na]
	at java.base/java.util.concurrent.FutureTask.run(FutureTask.java:317) ~[na:na]
	at java.base/java.util.concurrent.ThreadPoolExecutor.runWorker(ThreadPoolExecutor.java:1144) ~[na:na]
	at java.base/java.util.concurrent.ThreadPoolExecutor$Worker.run(ThreadPoolExecutor.java:642) ~[na:na]
	at java.base/java.lang.Thread.run(Thread.java:1583) ~[na:na]

2025-06-26T23:30:46.958-04:00  INFO 11948 --- [hw] [onnection adder] oracle.jdbc                              : properties={LOCALE=es_ES, DriverVersion=23.5.0.24.07, java.library.path: =C:\Program Files\Java\jdk-21\bin;C:\Windows\Sun\Java\bin;C:\Windows\system32;C:\Windows;C:\Program Files\Common Files\Oracle\Java\javapath;C:\Windows\system32;C:\Windows;C:\Windows\System32\Wbem;C:\Windows\System32\WindowsPowerShell\v1.0\;C:\Windows\System32\OpenSSH\;C:\Program Files\Git\cmd;C:\Users\colom\AppData\Local\Microsoft\WindowsApps;C:\Users\colom\AppData\Local\Programs\Microsoft VS Code\bin;., java.class.path: =c:\Users\colom\Documents\hw_local\pedidos-hw\target\test-classes;c:\Users\colom\Documents\hw_local\pedidos-hw\target\classes;C:\Users\colom\.m2\repository\com\h2database\h2\2.3.232\h2-2.3.232.jar;C:\Users\colom\.m2\repository\com\oracle\database\jdbc\ojdbc11\23.5.0.24.07\ojdbc11-23.5.0.24.07.jar;C:\Users\colom\.m2\repository\com\oracle\database\security\oraclepki\23.5.0.24.07\oraclepki-23.5.0.24.07.jar;C:\Users\colom\.m2\repository\com\oracle\database\security\osdt_cert\19.8.0.0\osdt_cert-19.8.0.0.jar;C:\Users\colom\.m2\repository\com\oracle\database\security\osdt_core\19.8.0.0\osdt_core-19.8.0.0.jar;C:\Users\colom\.m2\repository\org\apache\httpcomponents\client5\httpclient5\5.4.4\httpclient5-5.4.4.jar;C:\Users\colom\.m2\repository\org\apache\httpcomponents\core5\httpcore5\5.3.4\httpcore5-5.3.4.jar;C:\Users\colom\.m2\repository\org\apache\httpcomponents\core5\httpcore5-h2\5.3.4\httpcore5-h2-5.3.4.jar;C:\Users\colom\.m2\repository\org\slf4j\slf4j-api\2.0.17\slf4j-api-2.0.17.jar;C:\Users\colom\.m2\repository\org\projectlombok\lombok\1.18.38\lombok-1.18.38.jar;C:\Users\colom\.m2\repository\org\springdoc\springdoc-openapi-starter-webmvc-ui\2.8.5\springdoc-openapi-starter-webmvc-ui-2.8.5.jar;C:\Users\colom\.m2\repository\org\springdoc\springdoc-openapi-starter-webmvc-api\2.8.5\springdoc-openapi-starter-webmvc-api-2.8.5.jar;C:\Users\colom\.m2\repository\org\springdoc\springdoc-openapi-starter-common\2.8.5\springdoc-openapi-starter-common-2.8.5.jar;C:\Users\colom\.m2\repository\io\swagger\core\v3\swagger-core-jakarta\2.2.28\swagger-core-jakarta-2.2.28.jar;C:\Users\colom\.m2\repository\org\apache\commons\commons-lang3\3.17.0\commons-lang3-3.17.0.jar;C:\Users\colom\.m2\repository\io\swagger\core\v3\swagger-annotations-jakarta\2.2.28\swagger-annotations-jakarta-2.2.28.jar;C:\Users\colom\.m2\repository\io\swagger\core\v3\swagger-models-jakarta\2.2.28\swagger-models-jakarta-2.2.28.jar;C:\Users\colom\.m2\repository\jakarta\validation\jakarta.validation-api\3.0.2\jakarta.validation-api-3.0.2.jar;C:\Users\colom\.m2\repository\com\fasterxml\jackson\dataformat\jackson-dataformat-yaml\2.18.4\jackson-dataformat-yaml-2.18.4.jar;C:\Users\colom\.m2\repository\org\webjars\swagger-ui\5.18.3\swagger-ui-5.18.3.jar;C:\Users\colom\.m2\repository\org\webjars\webjars-locator-lite\1.0.1\webjars-locator-lite-1.0.1.jar;C:\Users\colom\.m2\repository\org\jspecify\jspecify\1.0.0\jspecify-1.0.0.jar;C:\Users\colom\.m2\repository\org\springframework\boot\spring-boot-starter-data-jdbc\3.4.7\spring-boot-starter-data-jdbc-3.4.7.jar;C:\Users\colom\.m2\repository\org\springframework\boot\spring-boot-starter-jdbc\3.4.7\spring-boot-starter-jdbc-3.4.7.jar;C:\Users\colom\.m2\repository\com\zaxxer\HikariCP\5.1.0\HikariCP-5.1.0.jar;C:\Users\colom\.m2\repository\org\springframework\spring-jdbc\6.2.8\spring-jdbc-6.2.8.jar;C:\Users\colom\.m2\repository\org\springframework\data\spring-data-jdbc\3.4.7\spring-data-jdbc-3.4.7.jar;C:\Users\colom\.m2\repository\org\springframework\data\spring-data-relational\3.4.7\spring-data-relational-3.4.7.jar;C:\Users\colom\.m2\repository\org\springframework\data\spring-data-commons\3.4.7\spring-data-commons-3.4.7.jar;C:\Users\colom\.m2\repository\org\springframework\spring-tx\6.2.8\spring-tx-6.2.8.jar;C:\Users\colom\.m2\repository\org\springframework\spring-context\6.2.8\spring-context-6.2.8.jar;C:\Users\colom\.m2\repository\org\springframework\spring-beans\6.2.8\spring-beans-6.2.8.jar;C:\Users\colom\.m2\repository\org\springframework\boot\spring-boot-starter-data-jpa\3.4.7\spring-boot-starter-data-jpa-3.4.7.jar;C:\Users\colom\.m2\repository\org\springframework\boot\spring-boot-starter\3.4.7\spring-boot-starter-3.4.7.jar;C:\Users\colom\.m2\repository\org\springframework\boot\spring-boot\3.4.7\spring-boot-3.4.7.jar;C:\Users\colom\.m2\repository\org\springframework\boot\spring-boot-autoconfigure\3.4.7\spring-boot-autoconfigure-3.4.7.jar;C:\Users\colom\.m2\repository\org\springframework\boot\spring-boot-starter-logging\3.4.7\spring-boot-starter-logging-3.4.7.jar;C:\Users\colom\.m2\repository\ch\qos\logback\logback-classic\1.5.18\logback-classic-1.5.18.jar;C:\Users\colom\.m2\repository\ch\qos\logback\logback-core\1.5.18\logback-core-1.5.18.jar;C:\Users\colom\.m2\repository\org\apache\logging\log4j\log4j-to-slf4j\2.24.3\log4j-to-slf4j-2.24.3.jar;C:\Users\colom\.m2\repository\org\apache\logging\log4j\log4j-api\2.24.3\log4j-api-2.24.3.jar;C:\Users\colom\.m2\repository\org\slf4j\jul-to-slf4j\2.0.17\jul-to-slf4j-2.0.17.jar;C:\Users\colom\.m2\repository\jakarta\annotation\jakarta.annotation-api\2.1.1\jakarta.annotation-api-2.1.1.jar;C:\Users\colom\.m2\repository\org\yaml\snakeyaml\2.3\snakeyaml-2.3.jar;C:\Users\colom\.m2\repository\org\hibernate\orm\hibernate-core\6.6.18.Final\hibernate-core-6.6.18.Final.jar;C:\Users\colom\.m2\repository\jakarta\persistence\jakarta.persistence-api\3.1.0\jakarta.persistence-api-3.1.0.jar;C:\Users\colom\.m2\repository\jakarta\transaction\jakarta.transaction-api\2.0.1\jakarta.transaction-api-2.0.1.jar;C:\Users\colom\.m2\repository\org\jboss\logging\jboss-logging\3.6.1.Final\jboss-logging-3.6.1.Final.jar;C:\Users\colom\.m2\repository\org\hibernate\common\hibernate-commons-annotations\7.0.3.Final\hibernate-commons-annotations-7.0.3.Final.jar;C:\Users\colom\.m2\repository\io\smallrye\jandex\3.2.0\jandex-3.2.0.jar;C:\Users\colom\.m2\repository\com\fasterxml\classmate\1.7.0\classmate-1.7.0.jar;C:\Users\colom\.m2\repository\net\bytebuddy\byte-buddy\1.15.11\byte-buddy-1.15.11.jar;C:\Users\colom\.m2\repository\org\glassfish\jaxb\jaxb-runtime\4.0.5\jaxb-runtime-4.0.5.jar;C:\Users\colom\.m2\repository\org\glassfish\jaxb\jaxb-core\4.0.5\jaxb-core-4.0.5.jar;C:\Users\colom\.m2\repository\org\eclipse\angus\angus-activation\2.0.2\angus-activation-2.0.2.jar;C:\Users\colom\.m2\repository\org\glassfish\jaxb\txw2\4.0.5\txw2-4.0.5.jar;C:\Users\colom\.m2\repository\com\sun\istack\istack-commons-runtime\4.1.2\istack-commons-runtime-4.1.2.jar;C:\Users\colom\.m2\repository\jakarta\inject\jakarta.inject-api\2.0.1\jakarta.inject-api-2.0.1.jar;C:\Users\colom\.m2\repository\org\antlr\antlr4-runtime\4.13.0\antlr4-runtime-4.13.0.jar;C:\Users\colom\.m2\repository\org\springframework\data\spring-data-jpa\3.4.7\spring-data-jpa-3.4.7.jar;C:\Users\colom\.m2\repository\org\springframework\spring-orm\6.2.8\spring-orm-6.2.8.jar;C:\Users\colom\.m2\repository\org\springframework\spring-aop\6.2.8\spring-aop-6.2.8.jar;C:\Users\colom\.m2\repository\org\springframework\spring-aspects\6.2.8\spring-aspects-6.2.8.jar;C:\Users\colom\.m2\repository\org\aspectj\aspectjweaver\1.9.24\aspectjweaver-1.9.24.jar;C:\Users\colom\.m2\repository\org\springframework\boot\spring-boot-starter-hateoas\3.4.7\spring-boot-starter-hateoas-3.4.7.jar;C:\Users\colom\.m2\repository\org\springframework\hateoas\spring-hateoas\2.4.1\spring-hateoas-2.4.1.jar;C:\Users\colom\.m2\repository\org\springframework\plugin\spring-plugin-core\3.0.0\spring-plugin-core-3.0.0.jar;C:\Users\colom\.m2\repository\org\springframework\boot\spring-boot-starter-test\3.3.2\spring-boot-starter-test-3.3.2.jar;C:\Users\colom\.m2\repository\org\springframework\boot\spring-boot-test\3.4.7\spring-boot-test-3.4.7.jar;C:\Users\colom\.m2\repository\org\springframework\boot\spring-boot-test-autoconfigure\3.4.7\spring-boot-test-autoconfigure-3.4.7.jar;C:\Users\colom\.m2\repository\com\jayway\jsonpath\json-path\2.9.0\json-path-2.9.0.jar;C:\Users\colom\.m2\repository\jakarta\xml\bind\jakarta.xml.bind-api\4.0.2\jakarta.xml.bind-api-4.0.2.jar;C:\Users\colom\.m2\repository\jakarta\activation\jakarta.activation-api\2.1.3\jakarta.activation-api-2.1.3.jar;C:\Users\colom\.m2\repository\net\minidev\json-smart\2.5.2\json-smart-2.5.2.jar;C:\Users\colom\.m2\repository\net\minidev\accessors-smart\2.5.2\accessors-smart-2.5.2.jar;C:\Users\colom\.m2\repository\org\ow2\asm\asm\9.7.1\asm-9.7.1.jar;C:\Users\colom\.m2\repository\org\assertj\assertj-core\3.26.3\assertj-core-3.26.3.jar;C:\Users\colom\.m2\repository\org\awaitility\awaitility\4.2.2\awaitility-4.2.2.jar;C:\Users\colom\.m2\repository\org\hamcrest\hamcrest\2.2\hamcrest-2.2.jar;C:\Users\colom\.m2\repository\org\junit\jupiter\junit-jupiter\5.11.4\junit-jupiter-5.11.4.jar;C:\Users\colom\.m2\repository\org\junit\jupiter\junit-jupiter-api\5.11.4\junit-jupiter-api-5.11.4.jar;C:\Users\colom\.m2\repository\org\opentest4j\opentest4j\1.3.0\opentest4j-1.3.0.jar;C:\Users\colom\.m2\repository\org\junit\platform\junit-platform-commons\1.11.4\junit-platform-commons-1.11.4.jar;C:\Users\colom\.m2\repository\org\apiguardian\apiguardian-api\1.1.2\apiguardian-api-1.1.2.jar;C:\Users\colom\.m2\repository\org\junit\jupiter\junit-jupiter-params\5.11.4\junit-jupiter-params-5.11.4.jar;C:\Users\colom\.m2\repository\org\junit\jupiter\junit-jupiter-engine\5.11.4\junit-jupiter-engine-5.11.4.jar;C:\Users\colom\.m2\repository\org\junit\platform\junit-platform-engine\1.11.4\junit-platform-engine-1.11.4.jar;C:\Users\colom\.m2\repository\org\mockito\mockito-core\5.14.2\mockito-core-5.14.2.jar;C:\Users\colom\.m2\repository\net\bytebuddy\byte-buddy-agent\1.15.11\byte-buddy-agent-1.15.11.jar;C:\Users\colom\.m2\repository\org\objenesis\objenesis\3.3\objenesis-3.3.jar;C:\Users\colom\.m2\repository\org\mockito\mockito-junit-jupiter\5.14.2\mockito-junit-jupiter-5.14.2.jar;C:\Users\colom\.m2\repository\org\skyscreamer\jsonassert\1.5.3\jsonassert-1.5.3.jar;C:\Users\colom\.m2\repository\com\vaadin\external\google\android-json\0.0.20131108.vaadin1\android-json-0.0.20131108.vaadin1.jar;C:\Users\colom\.m2\repository\org\springframework\spring-core\6.2.8\spring-core-6.2.8.jar;C:\Users\colom\.m2\repository\org\springframework\spring-jcl\6.2.8\spring-jcl-6.2.8.jar;C:\Users\colom\.m2\repository\org\springframework\spring-test\6.2.8\spring-test-6.2.8.jar;C:\Users\colom\.m2\repository\org\xmlunit\xmlunit-core\2.10.2\xmlunit-core-2.10.2.jar;C:\Users\colom\.m2\repository\org\springframework\boot\spring-boot-starter-web\3.4.7\spring-boot-starter-web-3.4.7.jar;C:\Users\colom\.m2\repository\org\springframework\boot\spring-boot-starter-json\3.4.7\spring-boot-starter-json-3.4.7.jar;C:\Users\colom\.m2\repository\com\fasterxml\jackson\core\jackson-databind\2.18.4\jackson-databind-2.18.4.jar;C:\Users\colom\.m2\repository\com\fasterxml\jackson\core\jackson-annotations\2.18.4\jackson-annotations-2.18.4.jar;C:\Users\colom\.m2\repository\com\fasterxml\jackson\core\jackson-core\2.18.4.1\jackson-core-2.18.4.1.jar;C:\Users\colom\.m2\repository\com\fasterxml\jackson\datatype\jackson-datatype-jdk8\2.18.4\jackson-datatype-jdk8-2.18.4.jar;C:\Users\colom\.m2\repository\com\fasterxml\jackson\datatype\jackson-datatype-jsr310\2.18.4\jackson-datatype-jsr310-2.18.4.jar;C:\Users\colom\.m2\repository\com\fasterxml\jackson\module\jackson-module-parameter-names\2.18.4\jackson-module-parameter-names-2.18.4.jar;C:\Users\colom\.m2\repository\org\springframework\boot\spring-boot-starter-tomcat\3.4.7\spring-boot-starter-tomcat-3.4.7.jar;C:\Users\colom\.m2\repository\org\apache\tomcat\embed\tomcat-embed-core\10.1.42\tomcat-embed-core-10.1.42.jar;C:\Users\colom\.m2\repository\org\apache\tomcat\embed\tomcat-embed-el\10.1.42\tomcat-embed-el-10.1.42.jar;C:\Users\colom\.m2\repository\org\apache\tomcat\embed\tomcat-embed-websocket\10.1.42\tomcat-embed-websocket-10.1.42.jar;C:\Users\colom\.m2\repository\org\springframework\spring-web\6.2.8\spring-web-6.2.8.jar;C:\Users\colom\.m2\repository\io\micrometer\micrometer-observation\1.14.8\micrometer-observation-1.14.8.jar;C:\Users\colom\.m2\repository\io\micrometer\micrometer-commons\1.14.8\micrometer-commons-1.14.8.jar;C:\Users\colom\.m2\repository\org\springframework\spring-webmvc\6.2.8\spring-webmvc-6.2.8.jar;C:\Users\colom\.m2\repository\org\springframework\spring-expression\6.2.8\spring-expression-6.2.8.jar;C:\Users\colom\.m2\repository\org\springframework\cloud\spring-cloud-starter-openfeign\4.2.0\spring-cloud-starter-openfeign-4.2.0.jar;C:\Users\colom\.m2\repository\org\springframework\cloud\spring-cloud-starter\4.2.0\spring-cloud-starter-4.2.0.jar;C:\Users\colom\.m2\repository\org\springframework\cloud\spring-cloud-context\4.2.0\spring-cloud-context-4.2.0.jar;C:\Users\colom\.m2\repository\org\bouncycastle\bcprov-jdk18on\1.78.1\bcprov-jdk18on-1.78.1.jar;C:\Users\colom\.m2\repository\org\springframework\cloud\spring-cloud-openfeign-core\4.2.0\spring-cloud-openfeign-core-4.2.0.jar;C:\Users\colom\.m2\repository\io\github\openfeign\feign-form-spring\13.5\feign-form-spring-13.5.jar;C:\Users\colom\.m2\repository\io\github\openfeign\feign-form\13.5\feign-form-13.5.jar;C:\Users\colom\.m2\repository\commons-fileupload\commons-fileupload\1.5\commons-fileupload-1.5.jar;C:\Users\colom\.m2\repository\commons-io\commons-io\2.11.0\commons-io-2.11.0.jar;C:\Users\colom\.m2\repository\org\springframework\cloud\spring-cloud-commons\4.2.0\spring-cloud-commons-4.2.0.jar;C:\Users\colom\.m2\repository\org\springframework\security\spring-security-crypto\6.4.7\spring-security-crypto-6.4.7.jar;C:\Users\colom\.m2\repository\io\github\openfeign\feign-core\13.5\feign-core-13.5.jar;C:\Users\colom\.m2\repository\io\github\openfeign\feign-slf4j\13.5\feign-slf4j-13.5.jar;, java.version: =21.0.5}. 
2025-06-26T23:30:46.958-04:00 DEBUG 11948 --- [hw] [onnection adder] com.zaxxer.hikari.pool.HikariPool        : HikariPool-1 - Cannot acquire connection from data source

java.sql.SQLRecoverableException: ORA-00018: maximum number of sessions exceeded

https://docs.oracle.com/error-help/db/ora-00018/
	at oracle.jdbc.driver.T4CTTIoer11.processError(T4CTTIoer11.java:709) ~[ojdbc11-23.5.0.24.07.jar:23.5.0.24.07]
	at oracle.jdbc.driver.T4CTTIoer11.processError(T4CTTIoer11.java:604) ~[ojdbc11-23.5.0.24.07.jar:23.5.0.24.07]
	at oracle.jdbc.driver.T4CTTIoer11.processError(T4CTTIoer11.java:599) ~[ojdbc11-23.5.0.24.07.jar:23.5.0.24.07]
	at oracle.jdbc.driver.T4CTTIfun.processError(T4CTTIfun.java:1809) ~[ojdbc11-23.5.0.24.07.jar:23.5.0.24.07]
	at oracle.jdbc.driver.T4CTTIoauthenticate.processError(T4CTTIoauthenticate.java:903) ~[ojdbc11-23.5.0.24.07.jar:23.5.0.24.07]
	at oracle.jdbc.driver.T4CTTIfun.receive(T4CTTIfun.java:1100) ~[ojdbc11-23.5.0.24.07.jar:23.5.0.24.07]
	at oracle.jdbc.driver.T4CTTIfun.doRPC(T4CTTIfun.java:408) ~[ojdbc11-23.5.0.24.07.jar:23.5.0.24.07]
	at oracle.jdbc.driver.T4CTTIoauthenticate.doOAUTH(T4CTTIoauthenticate.java:530) ~[ojdbc11-23.5.0.24.07.jar:23.5.0.24.07]
	at oracle.jdbc.driver.T4CTTIoauthenticate.doOAUTHWithO5Logon(T4CTTIoauthenticate.java:1712) ~[ojdbc11-23.5.0.24.07.jar:23.5.0.24.07]
	at oracle.jdbc.driver.T4CTTIoauthenticate.doOAUTH(T4CTTIoauthenticate.java:1459) ~[ojdbc11-23.5.0.24.07.jar:23.5.0.24.07]
	at oracle.jdbc.driver.T4CTTIoauthenticate.doOAUTH(T4CTTIoauthenticate.java:1399) ~[ojdbc11-23.5.0.24.07.jar:23.5.0.24.07]
	at oracle.jdbc.driver.T4CConnection.authenticateWithPassword(T4CConnection.java:2050) ~[ojdbc11-23.5.0.24.07.jar:23.5.0.24.07]
	at oracle.jdbc.driver.T4CConnection.authenticateUserForLogon(T4CConnection.java:1989) ~[ojdbc11-23.5.0.24.07.jar:23.5.0.24.07]
	at oracle.jdbc.driver.T4CConnection.logon(T4CConnection.java:1090) ~[ojdbc11-23.5.0.24.07.jar:23.5.0.24.07]
	at oracle.jdbc.driver.PhysicalConnection.connect(PhysicalConnection.java:1206) ~[ojdbc11-23.5.0.24.07.jar:23.5.0.24.07]
	at oracle.jdbc.driver.T4CDriverExtension.getConnection(T4CDriverExtension.java:105) ~[ojdbc11-23.5.0.24.07.jar:23.5.0.24.07]
	at oracle.jdbc.driver.OracleDriver.connect(OracleDriver.java:886) ~[ojdbc11-23.5.0.24.07.jar:23.5.0.24.07]
	at oracle.jdbc.driver.OracleDriver.connect(OracleDriver.java:693) ~[ojdbc11-23.5.0.24.07.jar:23.5.0.24.07]
	at com.zaxxer.hikari.util.DriverDataSource.getConnection(DriverDataSource.java:137) ~[HikariCP-5.1.0.jar:na]
	at com.zaxxer.hikari.pool.PoolBase.newConnection(PoolBase.java:360) ~[HikariCP-5.1.0.jar:na]
	at com.zaxxer.hikari.pool.PoolBase.newPoolEntry(PoolBase.java:202) ~[HikariCP-5.1.0.jar:na]
	at com.zaxxer.hikari.pool.HikariPool.createPoolEntry(HikariPool.java:461) ~[HikariCP-5.1.0.jar:na]
	at com.zaxxer.hikari.pool.HikariPool$PoolEntryCreator.call(HikariPool.java:724) ~[HikariCP-5.1.0.jar:na]
	at com.zaxxer.hikari.pool.HikariPool$PoolEntryCreator.call(HikariPool.java:703) ~[HikariCP-5.1.0.jar:na]
	at java.base/java.util.concurrent.FutureTask.run(FutureTask.java:317) ~[na:na]
	at java.base/java.util.concurrent.ThreadPoolExecutor.runWorker(ThreadPoolExecutor.java:1144) ~[na:na]
	at java.base/java.util.concurrent.ThreadPoolExecutor$Worker.run(ThreadPoolExecutor.java:642) ~[na:na]
	at java.base/java.lang.Thread.run(Thread.java:1583) ~[na:na]

2025-06-26T23:30:46.959-04:00 DEBUG 11948 --- [hw] [onnection adder] com.zaxxer.hikari.pool.HikariPool        : HikariPool-1 - Connection add failed, sleeping with backoff: 5000ms
2025-06-26T23:30:46.966-04:00 DEBUG 11948 --- [hw] [           main] o.h.sql.results.internal.ResultsHelper   : Collection fully initialized: [com.pedidos.hw.model.Pedido.detalles#23]

MockHttpServletRequest:
      HTTP Method = GET
      Request URI = /hoppyware/v1/pedido/23
       Parameters = {}
          Headers = [Accept:"application/json"]
             Body = null
    Session Attrs = {}

Handler:
             Type = com.pedidos.hw.controller.PedidoController
           Method = com.pedidos.hw.controller.PedidoController#buscarId(Long)

Async:
    Async started = false
     Async result = null

Resolved Exception:
             Type = null

ModelAndView:
        View name = null
             View = null
            Model = null

FlashMap:
       Attributes = null

MockHttpServletResponse:
           Status = 200
    Error message = null
          Headers = [Content-Type:"application/json"]
     Content type = application/json
             Body = {"id":23,"fecha_pedido":"22-06-2025","estado":2,"id_usuario":11,"detalles":[{"cantidad":6,"id_producto":8},{"cantidad":4,"id_producto":2}]}
    Forwarded URL = null
   Redirected URL = null
          Cookies = []
]]></system-out>
  </testcase>
  <testcase name="shouldUpdatePedido" classname="com.pedidos.hw.controller.PedidoControllerIntegrationTest" time="0.025">
    <system-out><![CDATA[2025-06-26T23:30:46.979-04:00 DEBUG 11948 --- [hw] [           main] o.h.e.t.internal.TransactionImpl         : On TransactionImpl creation, JpaCompliance#isJpaTransactionComplianceEnabled == false
2025-06-26T23:30:46.979-04:00 DEBUG 11948 --- [hw] [           main] o.h.e.t.internal.TransactionImpl         : begin
2025-06-26T23:30:46.980-04:00 DEBUG 11948 --- [hw] [           main] org.hibernate.orm.sql.exec               : Skipping reading Query result cache data: cache-enabled = false, cache-mode = IGNORE
2025-06-26T23:30:46.980-04:00 DEBUG 11948 --- [hw] [           main] org.hibernate.SQL                        : 
    select
        p1_0.id,
        p1_0.estado,
        p1_0.fecha_pedido,
        p1_0.id_usuario 
    from
        pedido p1_0 
    where
        p1_0.id=?
Hibernate: 
    select
        p1_0.id,
        p1_0.estado,
        p1_0.fecha_pedido,
        p1_0.id_usuario 
    from
        pedido p1_0 
    where
        p1_0.id=?
2025-06-26T23:30:46.993-04:00 DEBUG 11948 --- [hw] [           main] o.h.e.t.internal.TransactionImpl         : committing
2025-06-26T23:30:46.993-04:00 DEBUG 11948 --- [hw] [           main] o.h.e.i.AbstractFlushingEventListener    : Processing flush-time cascades
2025-06-26T23:30:46.993-04:00 DEBUG 11948 --- [hw] [           main] o.h.e.i.AbstractFlushingEventListener    : Dirty checking collections
2025-06-26T23:30:46.993-04:00 DEBUG 11948 --- [hw] [           main] o.hibernate.engine.internal.Collections  : Collection found: [com.pedidos.hw.model.Pedido.detalles#21], was: [com.pedidos.hw.model.Pedido.detalles#21] (uninitialized)
2025-06-26T23:30:46.993-04:00 DEBUG 11948 --- [hw] [           main] o.h.e.i.AbstractFlushingEventListener    : Flushed: 0 insertions, 0 updates, 0 deletions to 1 objects
2025-06-26T23:30:46.993-04:00 DEBUG 11948 --- [hw] [           main] o.h.e.i.AbstractFlushingEventListener    : Flushed: 0 (re)creations, 0 updates, 0 removals to 1 collections
2025-06-26T23:30:46.993-04:00 DEBUG 11948 --- [hw] [           main] o.hibernate.internal.util.EntityPrinter  : Listing entities:
2025-06-26T23:30:46.993-04:00 DEBUG 11948 --- [hw] [           main] o.hibernate.internal.util.EntityPrinter  : com.pedidos.hw.model.Pedido{estado=2, fecha_pedido=2025-06-24, id_usuario=3, detalles=<uninitialized>, id=21}
2025-06-26T23:30:46.993-04:00 DEBUG 11948 --- [hw] [           main] o.h.e.t.internal.TransactionImpl         : begin
2025-06-26T23:30:46.994-04:00 DEBUG 11948 --- [hw] [           main] o.h.j.internal.PersistenceUnitUtilImpl   : jakarta.persistence.PersistenceUnitUtil.getIdentifier is only intended to work with enhanced entities (although Hibernate also adapts this support to its proxies); however the passed entity was not enhanced (nor a proxy).. may not be able to read identifier
2025-06-26T23:30:46.995-04:00 DEBUG 11948 --- [hw] [           main] o.h.e.t.internal.TransactionImpl         : committing
2025-06-26T23:30:46.995-04:00 DEBUG 11948 --- [hw] [           main] o.h.e.i.AbstractFlushingEventListener    : Processing flush-time cascades
2025-06-26T23:30:46.995-04:00 DEBUG 11948 --- [hw] [           main] o.h.e.i.AbstractFlushingEventListener    : Dirty checking collections
2025-06-26T23:30:46.996-04:00 DEBUG 11948 --- [hw] [           main] o.hibernate.engine.internal.Collections  : Collection found: [com.pedidos.hw.model.Pedido.detalles#21], was: [com.pedidos.hw.model.Pedido.detalles#21] (uninitialized)
2025-06-26T23:30:46.996-04:00 DEBUG 11948 --- [hw] [           main] o.h.e.i.AbstractFlushingEventListener    : Flushed: 0 insertions, 0 updates, 0 deletions to 1 objects
2025-06-26T23:30:46.996-04:00 DEBUG 11948 --- [hw] [           main] o.h.e.i.AbstractFlushingEventListener    : Flushed: 0 (re)creations, 0 updates, 0 removals to 1 collections
2025-06-26T23:30:46.996-04:00 DEBUG 11948 --- [hw] [           main] o.hibernate.internal.util.EntityPrinter  : Listing entities:
2025-06-26T23:30:46.996-04:00 DEBUG 11948 --- [hw] [           main] o.hibernate.internal.util.EntityPrinter  : com.pedidos.hw.model.Pedido{estado=2, fecha_pedido=2025-06-24, id_usuario=3, detalles=<uninitialized>, id=21}
]]></system-out>
  </testcase>
  <testcase name="shouldDeletePedido" classname="com.pedidos.hw.controller.PedidoControllerIntegrationTest" time="0.017">
    <system-out><![CDATA[2025-06-26T23:30:47.004-04:00 DEBUG 11948 --- [hw] [           main] o.h.e.t.internal.TransactionImpl         : On TransactionImpl creation, JpaCompliance#isJpaTransactionComplianceEnabled == false
2025-06-26T23:30:47.005-04:00 DEBUG 11948 --- [hw] [           main] o.h.e.t.internal.TransactionImpl         : begin
2025-06-26T23:30:47.005-04:00 DEBUG 11948 --- [hw] [           main] org.hibernate.orm.sql.exec               : Skipping reading Query result cache data: cache-enabled = false, cache-mode = IGNORE
2025-06-26T23:30:47.005-04:00 DEBUG 11948 --- [hw] [           main] org.hibernate.SQL                        : 
    select
        p1_0.id,
        p1_0.estado,
        p1_0.fecha_pedido,
        p1_0.id_usuario 
    from
        pedido p1_0 
    where
        p1_0.id=?
Hibernate: 
    select
        p1_0.id,
        p1_0.estado,
        p1_0.fecha_pedido,
        p1_0.id_usuario 
    from
        pedido p1_0 
    where
        p1_0.id=?
2025-06-26T23:30:47.015-04:00 DEBUG 11948 --- [hw] [           main] o.h.e.t.internal.TransactionImpl         : committing
]]></system-out>
  </testcase>
  <testcase name="shouldReturnCliente" classname="com.pedidos.hw.controller.PedidoControllerIntegrationTest" time="0.012"/>
  <testcase name="shouldReturnOnePedido" classname="com.pedidos.hw.controller.PedidoControllerIntegrationTest" time="0.031">
    <system-out><![CDATA[2025-06-26T23:30:47.034-04:00 DEBUG 11948 --- [hw] [           main] o.h.e.t.internal.TransactionImpl         : On TransactionImpl creation, JpaCompliance#isJpaTransactionComplianceEnabled == false
2025-06-26T23:30:47.034-04:00 DEBUG 11948 --- [hw] [           main] o.h.e.t.internal.TransactionImpl         : begin
2025-06-26T23:30:47.035-04:00 DEBUG 11948 --- [hw] [           main] org.hibernate.orm.sql.exec               : Skipping reading Query result cache data: cache-enabled = false, cache-mode = IGNORE
2025-06-26T23:30:47.035-04:00 DEBUG 11948 --- [hw] [           main] org.hibernate.SQL                        : 
    select
        p1_0.id,
        p1_0.estado,
        p1_0.fecha_pedido,
        p1_0.id_usuario 
    from
        pedido p1_0 
    where
        p1_0.id=?
Hibernate: 
    select
        p1_0.id,
        p1_0.estado,
        p1_0.fecha_pedido,
        p1_0.id_usuario 
    from
        pedido p1_0 
    where
        p1_0.id=?
2025-06-26T23:30:47.049-04:00 DEBUG 11948 --- [hw] [           main] o.h.e.t.internal.TransactionImpl         : committing
2025-06-26T23:30:47.049-04:00 DEBUG 11948 --- [hw] [           main] o.h.e.i.AbstractFlushingEventListener    : Processing flush-time cascades
2025-06-26T23:30:47.049-04:00 DEBUG 11948 --- [hw] [           main] o.h.e.i.AbstractFlushingEventListener    : Dirty checking collections
2025-06-26T23:30:47.049-04:00 DEBUG 11948 --- [hw] [           main] o.hibernate.engine.internal.Collections  : Collection found: [com.pedidos.hw.model.Pedido.detalles#23], was: [com.pedidos.hw.model.Pedido.detalles#23] (uninitialized)
2025-06-26T23:30:47.049-04:00 DEBUG 11948 --- [hw] [           main] o.h.e.i.AbstractFlushingEventListener    : Flushed: 0 insertions, 0 updates, 0 deletions to 1 objects
2025-06-26T23:30:47.049-04:00 DEBUG 11948 --- [hw] [           main] o.h.e.i.AbstractFlushingEventListener    : Flushed: 0 (re)creations, 0 updates, 0 removals to 1 collections
2025-06-26T23:30:47.049-04:00 DEBUG 11948 --- [hw] [           main] o.hibernate.internal.util.EntityPrinter  : Listing entities:
2025-06-26T23:30:47.049-04:00 DEBUG 11948 --- [hw] [           main] o.hibernate.internal.util.EntityPrinter  : com.pedidos.hw.model.Pedido{estado=2, fecha_pedido=2025-06-22, id_usuario=11, detalles=<uninitialized>, id=23}
2025-06-26T23:30:47.050-04:00 DEBUG 11948 --- [hw] [           main] org.hibernate.orm.sql.exec               : Skipping reading Query result cache data: cache-enabled = false, cache-mode = IGNORE
2025-06-26T23:30:47.050-04:00 DEBUG 11948 --- [hw] [           main] org.hibernate.SQL                        : 
    select
        d1_0.id_pedido,
        d1_0.id_detalle,
        d1_0.cantidad,
        d1_0.id_producto 
    from
        detalle_pedido d1_0 
    where
        d1_0.id_pedido=?
Hibernate: 
    select
        d1_0.id_pedido,
        d1_0.id_detalle,
        d1_0.cantidad,
        d1_0.id_producto 
    from
        detalle_pedido d1_0 
    where
        d1_0.id_pedido=?
2025-06-26T23:30:47.060-04:00 DEBUG 11948 --- [hw] [           main] o.h.sql.results.internal.ResultsHelper   : Collection fully initialized: [com.pedidos.hw.model.Pedido.detalles#23]

MockHttpServletRequest:
      HTTP Method = GET
      Request URI = /hoppyware/v1/pedido/23
       Parameters = {}
          Headers = [Accept:"application/json"]
             Body = null
    Session Attrs = {}

Handler:
             Type = com.pedidos.hw.controller.PedidoController
           Method = com.pedidos.hw.controller.PedidoController#buscarId(Long)

Async:
    Async started = false
     Async result = null

Resolved Exception:
             Type = null

ModelAndView:
        View name = null
             View = null
            Model = null

FlashMap:
       Attributes = null

MockHttpServletResponse:
           Status = 200
    Error message = null
          Headers = [Content-Type:"application/json"]
     Content type = application/json
             Body = {"id":23,"fecha_pedido":"22-06-2025","estado":2,"id_usuario":11,"detalles":[{"cantidad":6,"id_producto":8},{"cantidad":4,"id_producto":2}]}
    Forwarded URL = null
   Redirected URL = null
          Cookies = []
]]></system-out>
  </testcase>
</testsuite>