<?xml version="1.0" encoding="UTF-8"?>
<testsuite xmlns:xsi="http://www.w3.org/2001/XMLSchema-instance" xsi:noNamespaceSchemaLocation="https://maven.apache.org/surefire/maven-surefire-plugin/xsd/surefire-test-report.xsd" version="3.0.2" name="com.pedidos.hw.repository.PedidoRepositoryUniTest" time="0.788" tests="5" errors="0" skipped="0" failures="0">
  <properties>
    <property name="java.specification.version" value="21"/>
    <property name="sun.cpu.isalist" value="amd64"/>
    <property name="sun.jnu.encoding" value="Cp1252"/>
    <property name="java.class.path" value="c:\Users\colom\Documents\hw_local\pedidos-hw\target\test-classes;c:\Users\colom\Documents\hw_local\pedidos-hw\target\classes;C:\Users\colom\.m2\repository\com\h2database\h2\2.3.232\h2-2.3.232.jar;C:\Users\colom\.m2\repository\com\oracle\database\jdbc\ojdbc11\23.5.0.24.07\ojdbc11-23.5.0.24.07.jar;C:\Users\colom\.m2\repository\com\oracle\database\security\oraclepki\23.5.0.24.07\oraclepki-23.5.0.24.07.jar;C:\Users\colom\.m2\repository\com\oracle\database\security\osdt_cert\19.8.0.0\osdt_cert-19.8.0.0.jar;C:\Users\colom\.m2\repository\com\oracle\database\security\osdt_core\19.8.0.0\osdt_core-19.8.0.0.jar;C:\Users\colom\.m2\repository\org\apache\httpcomponents\client5\httpclient5\5.4.4\httpclient5-5.4.4.jar;C:\Users\colom\.m2\repository\org\apache\httpcomponents\core5\httpcore5\5.3.4\httpcore5-5.3.4.jar;C:\Users\colom\.m2\repository\org\apache\httpcomponents\core5\httpcore5-h2\5.3.4\httpcore5-h2-5.3.4.jar;C:\Users\colom\.m2\repository\org\slf4j\slf4j-api\2.0.17\slf4j-api-2.0.17.jar;C:\Users\colom\.m2\repository\org\projectlombok\lombok\1.18.38\lombok-1.18.38.jar;C:\Users\colom\.m2\repository\org\springdoc\springdoc-openapi-starter-webmvc-ui\2.8.5\springdoc-openapi-starter-webmvc-ui-2.8.5.jar;C:\Users\colom\.m2\repository\org\springdoc\springdoc-openapi-starter-webmvc-api\2.8.5\springdoc-openapi-starter-webmvc-api-2.8.5.jar;C:\Users\colom\.m2\repository\org\springdoc\springdoc-openapi-starter-common\2.8.5\springdoc-openapi-starter-common-2.8.5.jar;C:\Users\colom\.m2\repository\io\swagger\core\v3\swagger-core-jakarta\2.2.28\swagger-core-jakarta-2.2.28.jar;C:\Users\colom\.m2\repository\org\apache\commons\commons-lang3\3.17.0\commons-lang3-3.17.0.jar;C:\Users\colom\.m2\repository\io\swagger\core\v3\swagger-annotations-jakarta\2.2.28\swagger-annotations-jakarta-2.2.28.jar;C:\Users\colom\.m2\repository\io\swagger\core\v3\swagger-models-jakarta\2.2.28\swagger-models-jakarta-2.2.28.jar;C:\Users\colom\.m2\repository\jakarta\validation\jakarta.validation-api\3.0.2\jakarta.validation-api-3.0.2.jar;C:\Users\colom\.m2\repository\com\fasterxml\jackson\dataformat\jackson-dataformat-yaml\2.18.4\jackson-dataformat-yaml-2.18.4.jar;C:\Users\colom\.m2\repository\org\webjars\swagger-ui\5.18.3\swagger-ui-5.18.3.jar;C:\Users\colom\.m2\repository\org\webjars\webjars-locator-lite\1.0.1\webjars-locator-lite-1.0.1.jar;C:\Users\colom\.m2\repository\org\jspecify\jspecify\1.0.0\jspecify-1.0.0.jar;C:\Users\colom\.m2\repository\org\springframework\boot\spring-boot-starter-data-jdbc\3.4.7\spring-boot-starter-data-jdbc-3.4.7.jar;C:\Users\colom\.m2\repository\org\springframework\boot\spring-boot-starter-jdbc\3.4.7\spring-boot-starter-jdbc-3.4.7.jar;C:\Users\colom\.m2\repository\com\zaxxer\HikariCP\5.1.0\HikariCP-5.1.0.jar;C:\Users\colom\.m2\repository\org\springframework\spring-jdbc\6.2.8\spring-jdbc-6.2.8.jar;C:\Users\colom\.m2\repository\org\springframework\data\spring-data-jdbc\3.4.7\spring-data-jdbc-3.4.7.jar;C:\Users\colom\.m2\repository\org\springframework\data\spring-data-relational\3.4.7\spring-data-relational-3.4.7.jar;C:\Users\colom\.m2\repository\org\springframework\data\spring-data-commons\3.4.7\spring-data-commons-3.4.7.jar;C:\Users\colom\.m2\repository\org\springframework\spring-tx\6.2.8\spring-tx-6.2.8.jar;C:\Users\colom\.m2\repository\org\springframework\spring-context\6.2.8\spring-context-6.2.8.jar;C:\Users\colom\.m2\repository\org\springframework\spring-beans\6.2.8\spring-beans-6.2.8.jar;C:\Users\colom\.m2\repository\org\springframework\boot\spring-boot-starter-data-jpa\3.4.7\spring-boot-starter-data-jpa-3.4.7.jar;C:\Users\colom\.m2\repository\org\springframework\boot\spring-boot-starter\3.4.7\spring-boot-starter-3.4.7.jar;C:\Users\colom\.m2\repository\org\springframework\boot\spring-boot\3.4.7\spring-boot-3.4.7.jar;C:\Users\colom\.m2\repository\org\springframework\boot\spring-boot-autoconfigure\3.4.7\spring-boot-autoconfigure-3.4.7.jar;C:\Users\colom\.m2\repository\org\springframework\boot\spring-boot-starter-logging\3.4.7\spring-boot-starter-logging-3.4.7.jar;C:\Users\colom\.m2\repository\ch\qos\logback\logback-classic\1.5.18\logback-classic-1.5.18.jar;C:\Users\colom\.m2\repository\ch\qos\logback\logback-core\1.5.18\logback-core-1.5.18.jar;C:\Users\colom\.m2\repository\org\apache\logging\log4j\log4j-to-slf4j\2.24.3\log4j-to-slf4j-2.24.3.jar;C:\Users\colom\.m2\repository\org\apache\logging\log4j\log4j-api\2.24.3\log4j-api-2.24.3.jar;C:\Users\colom\.m2\repository\org\slf4j\jul-to-slf4j\2.0.17\jul-to-slf4j-2.0.17.jar;C:\Users\colom\.m2\repository\jakarta\annotation\jakarta.annotation-api\2.1.1\jakarta.annotation-api-2.1.1.jar;C:\Users\colom\.m2\repository\org\yaml\snakeyaml\2.3\snakeyaml-2.3.jar;C:\Users\colom\.m2\repository\org\hibernate\orm\hibernate-core\6.6.18.Final\hibernate-core-6.6.18.Final.jar;C:\Users\colom\.m2\repository\jakarta\persistence\jakarta.persistence-api\3.1.0\jakarta.persistence-api-3.1.0.jar;C:\Users\colom\.m2\repository\jakarta\transaction\jakarta.transaction-api\2.0.1\jakarta.transaction-api-2.0.1.jar;C:\Users\colom\.m2\repository\org\jboss\logging\jboss-logging\3.6.1.Final\jboss-logging-3.6.1.Final.jar;C:\Users\colom\.m2\repository\org\hibernate\common\hibernate-commons-annotations\7.0.3.Final\hibernate-commons-annotations-7.0.3.Final.jar;C:\Users\colom\.m2\repository\io\smallrye\jandex\3.2.0\jandex-3.2.0.jar;C:\Users\colom\.m2\repository\com\fasterxml\classmate\1.7.0\classmate-1.7.0.jar;C:\Users\colom\.m2\repository\net\bytebuddy\byte-buddy\1.15.11\byte-buddy-1.15.11.jar;C:\Users\colom\.m2\repository\org\glassfish\jaxb\jaxb-runtime\4.0.5\jaxb-runtime-4.0.5.jar;C:\Users\colom\.m2\repository\org\glassfish\jaxb\jaxb-core\4.0.5\jaxb-core-4.0.5.jar;C:\Users\colom\.m2\repository\org\eclipse\angus\angus-activation\2.0.2\angus-activation-2.0.2.jar;C:\Users\colom\.m2\repository\org\glassfish\jaxb\txw2\4.0.5\txw2-4.0.5.jar;C:\Users\colom\.m2\repository\com\sun\istack\istack-commons-runtime\4.1.2\istack-commons-runtime-4.1.2.jar;C:\Users\colom\.m2\repository\jakarta\inject\jakarta.inject-api\2.0.1\jakarta.inject-api-2.0.1.jar;C:\Users\colom\.m2\repository\org\antlr\antlr4-runtime\4.13.0\antlr4-runtime-4.13.0.jar;C:\Users\colom\.m2\repository\org\springframework\data\spring-data-jpa\3.4.7\spring-data-jpa-3.4.7.jar;C:\Users\colom\.m2\repository\org\springframework\spring-orm\6.2.8\spring-orm-6.2.8.jar;C:\Users\colom\.m2\repository\org\springframework\spring-aop\6.2.8\spring-aop-6.2.8.jar;C:\Users\colom\.m2\repository\org\springframework\spring-aspects\6.2.8\spring-aspects-6.2.8.jar;C:\Users\colom\.m2\repository\org\aspectj\aspectjweaver\1.9.24\aspectjweaver-1.9.24.jar;C:\Users\colom\.m2\repository\org\springframework\boot\spring-boot-starter-hateoas\3.4.7\spring-boot-starter-hateoas-3.4.7.jar;C:\Users\colom\.m2\repository\org\springframework\hateoas\spring-hateoas\2.4.1\spring-hateoas-2.4.1.jar;C:\Users\colom\.m2\repository\org\springframework\plugin\spring-plugin-core\3.0.0\spring-plugin-core-3.0.0.jar;C:\Users\colom\.m2\repository\org\springframework\boot\spring-boot-starter-test\3.3.2\spring-boot-starter-test-3.3.2.jar;C:\Users\colom\.m2\repository\org\springframework\boot\spring-boot-test\3.4.7\spring-boot-test-3.4.7.jar;C:\Users\colom\.m2\repository\org\springframework\boot\spring-boot-test-autoconfigure\3.4.7\spring-boot-test-autoconfigure-3.4.7.jar;C:\Users\colom\.m2\repository\com\jayway\jsonpath\json-path\2.9.0\json-path-2.9.0.jar;C:\Users\colom\.m2\repository\jakarta\xml\bind\jakarta.xml.bind-api\4.0.2\jakarta.xml.bind-api-4.0.2.jar;C:\Users\colom\.m2\repository\jakarta\activation\jakarta.activation-api\2.1.3\jakarta.activation-api-2.1.3.jar;C:\Users\colom\.m2\repository\net\minidev\json-smart\2.5.2\json-smart-2.5.2.jar;C:\Users\colom\.m2\repository\net\minidev\accessors-smart\2.5.2\accessors-smart-2.5.2.jar;C:\Users\colom\.m2\repository\org\ow2\asm\asm\9.7.1\asm-9.7.1.jar;C:\Users\colom\.m2\repository\org\assertj\assertj-core\3.26.3\assertj-core-3.26.3.jar;C:\Users\colom\.m2\repository\org\awaitility\awaitility\4.2.2\awaitility-4.2.2.jar;C:\Users\colom\.m2\repository\org\hamcrest\hamcrest\2.2\hamcrest-2.2.jar;C:\Users\colom\.m2\repository\org\junit\jupiter\junit-jupiter\5.11.4\junit-jupiter-5.11.4.jar;C:\Users\colom\.m2\repository\org\junit\jupiter\junit-jupiter-api\5.11.4\junit-jupiter-api-5.11.4.jar;C:\Users\colom\.m2\repository\org\opentest4j\opentest4j\1.3.0\opentest4j-1.3.0.jar;C:\Users\colom\.m2\repository\org\junit\platform\junit-platform-commons\1.11.4\junit-platform-commons-1.11.4.jar;C:\Users\colom\.m2\repository\org\apiguardian\apiguardian-api\1.1.2\apiguardian-api-1.1.2.jar;C:\Users\colom\.m2\repository\org\junit\jupiter\junit-jupiter-params\5.11.4\junit-jupiter-params-5.11.4.jar;C:\Users\colom\.m2\repository\org\junit\jupiter\junit-jupiter-engine\5.11.4\junit-jupiter-engine-5.11.4.jar;C:\Users\colom\.m2\repository\org\junit\platform\junit-platform-engine\1.11.4\junit-platform-engine-1.11.4.jar;C:\Users\colom\.m2\repository\org\mockito\mockito-core\5.14.2\mockito-core-5.14.2.jar;C:\Users\colom\.m2\repository\net\bytebuddy\byte-buddy-agent\1.15.11\byte-buddy-agent-1.15.11.jar;C:\Users\colom\.m2\repository\org\objenesis\objenesis\3.3\objenesis-3.3.jar;C:\Users\colom\.m2\repository\org\mockito\mockito-junit-jupiter\5.14.2\mockito-junit-jupiter-5.14.2.jar;C:\Users\colom\.m2\repository\org\skyscreamer\jsonassert\1.5.3\jsonassert-1.5.3.jar;C:\Users\colom\.m2\repository\com\vaadin\external\google\android-json\0.0.20131108.vaadin1\android-json-0.0.20131108.vaadin1.jar;C:\Users\colom\.m2\repository\org\springframework\spring-core\6.2.8\spring-core-6.2.8.jar;C:\Users\colom\.m2\repository\org\springframework\spring-jcl\6.2.8\spring-jcl-6.2.8.jar;C:\Users\colom\.m2\repository\org\springframework\spring-test\6.2.8\spring-test-6.2.8.jar;C:\Users\colom\.m2\repository\org\xmlunit\xmlunit-core\2.10.2\xmlunit-core-2.10.2.jar;C:\Users\colom\.m2\repository\org\springframework\boot\spring-boot-starter-web\3.4.7\spring-boot-starter-web-3.4.7.jar;C:\Users\colom\.m2\repository\org\springframework\boot\spring-boot-starter-json\3.4.7\spring-boot-starter-json-3.4.7.jar;C:\Users\colom\.m2\repository\com\fasterxml\jackson\core\jackson-databind\2.18.4\jackson-databind-2.18.4.jar;C:\Users\colom\.m2\repository\com\fasterxml\jackson\core\jackson-annotations\2.18.4\jackson-annotations-2.18.4.jar;C:\Users\colom\.m2\repository\com\fasterxml\jackson\core\jackson-core\2.18.4.1\jackson-core-2.18.4.1.jar;C:\Users\colom\.m2\repository\com\fasterxml\jackson\datatype\jackson-datatype-jdk8\2.18.4\jackson-datatype-jdk8-2.18.4.jar;C:\Users\colom\.m2\repository\com\fasterxml\jackson\datatype\jackson-datatype-jsr310\2.18.4\jackson-datatype-jsr310-2.18.4.jar;C:\Users\colom\.m2\repository\com\fasterxml\jackson\module\jackson-module-parameter-names\2.18.4\jackson-module-parameter-names-2.18.4.jar;C:\Users\colom\.m2\repository\org\springframework\boot\spring-boot-starter-tomcat\3.4.7\spring-boot-starter-tomcat-3.4.7.jar;C:\Users\colom\.m2\repository\org\apache\tomcat\embed\tomcat-embed-core\10.1.42\tomcat-embed-core-10.1.42.jar;C:\Users\colom\.m2\repository\org\apache\tomcat\embed\tomcat-embed-el\10.1.42\tomcat-embed-el-10.1.42.jar;C:\Users\colom\.m2\repository\org\apache\tomcat\embed\tomcat-embed-websocket\10.1.42\tomcat-embed-websocket-10.1.42.jar;C:\Users\colom\.m2\repository\org\springframework\spring-web\6.2.8\spring-web-6.2.8.jar;C:\Users\colom\.m2\repository\io\micrometer\micrometer-observation\1.14.8\micrometer-observation-1.14.8.jar;C:\Users\colom\.m2\repository\io\micrometer\micrometer-commons\1.14.8\micrometer-commons-1.14.8.jar;C:\Users\colom\.m2\repository\org\springframework\spring-webmvc\6.2.8\spring-webmvc-6.2.8.jar;C:\Users\colom\.m2\repository\org\springframework\spring-expression\6.2.8\spring-expression-6.2.8.jar;C:\Users\colom\.m2\repository\org\springframework\cloud\spring-cloud-starter-openfeign\4.2.0\spring-cloud-starter-openfeign-4.2.0.jar;C:\Users\colom\.m2\repository\org\springframework\cloud\spring-cloud-starter\4.2.0\spring-cloud-starter-4.2.0.jar;C:\Users\colom\.m2\repository\org\springframework\cloud\spring-cloud-context\4.2.0\spring-cloud-context-4.2.0.jar;C:\Users\colom\.m2\repository\org\bouncycastle\bcprov-jdk18on\1.78.1\bcprov-jdk18on-1.78.1.jar;C:\Users\colom\.m2\repository\org\springframework\cloud\spring-cloud-openfeign-core\4.2.0\spring-cloud-openfeign-core-4.2.0.jar;C:\Users\colom\.m2\repository\io\github\openfeign\feign-form-spring\13.5\feign-form-spring-13.5.jar;C:\Users\colom\.m2\repository\io\github\openfeign\feign-form\13.5\feign-form-13.5.jar;C:\Users\colom\.m2\repository\commons-fileupload\commons-fileupload\1.5\commons-fileupload-1.5.jar;C:\Users\colom\.m2\repository\commons-io\commons-io\2.11.0\commons-io-2.11.0.jar;C:\Users\colom\.m2\repository\org\springframework\cloud\spring-cloud-commons\4.2.0\spring-cloud-commons-4.2.0.jar;C:\Users\colom\.m2\repository\org\springframework\security\spring-security-crypto\6.4.7\spring-security-crypto-6.4.7.jar;C:\Users\colom\.m2\repository\io\github\openfeign\feign-core\13.5\feign-core-13.5.jar;C:\Users\colom\.m2\repository\io\github\openfeign\feign-slf4j\13.5\feign-slf4j-13.5.jar;"/>
    <property name="java.vm.vendor" value="Oracle Corporation"/>
    <property name="sun.arch.data.model" value="64"/>
    <property name="user.variant" value=""/>
    <property name="java.vendor.url" value="https://java.oracle.com/"/>
    <property name="user.timezone" value="America/Santiago"/>
    <property name="org.jboss.logging.provider" value="slf4j"/>
    <property name="os.name" value="Windows 10"/>
    <property name="java.vm.specification.version" value="21"/>
    <property name="APPLICATION_NAME" value="hw"/>
    <property name="sun.java.launcher" value="SUN_STANDARD"/>
    <property name="user.country" value="ES"/>
    <property name="sun.boot.library.path" value="C:\Program Files\Java\jdk-21\bin"/>
    <property name="sun.java.command" value="C:\Users\colom\AppData\Local\Temp\surefire6246770088341187794\surefirebooter-20250626233035186_3.jar C:\Users\colom\AppData\Local\Temp\surefire6246770088341187794 2025-06-26T23-30-35_097-jvmRun1 surefire-20250626233035186_1tmp surefire_0-20250626233035186_2tmp"/>
    <property name="jdk.debug" value="release"/>
    <property name="surefire.test.class.path" value="c:\Users\colom\Documents\hw_local\pedidos-hw\target\test-classes;c:\Users\colom\Documents\hw_local\pedidos-hw\target\classes;C:\Users\colom\.m2\repository\com\h2database\h2\2.3.232\h2-2.3.232.jar;C:\Users\colom\.m2\repository\com\oracle\database\jdbc\ojdbc11\23.5.0.24.07\ojdbc11-23.5.0.24.07.jar;C:\Users\colom\.m2\repository\com\oracle\database\security\oraclepki\23.5.0.24.07\oraclepki-23.5.0.24.07.jar;C:\Users\colom\.m2\repository\com\oracle\database\security\osdt_cert\19.8.0.0\osdt_cert-19.8.0.0.jar;C:\Users\colom\.m2\repository\com\oracle\database\security\osdt_core\19.8.0.0\osdt_core-19.8.0.0.jar;C:\Users\colom\.m2\repository\org\apache\httpcomponents\client5\httpclient5\5.4.4\httpclient5-5.4.4.jar;C:\Users\colom\.m2\repository\org\apache\httpcomponents\core5\httpcore5\5.3.4\httpcore5-5.3.4.jar;C:\Users\colom\.m2\repository\org\apache\httpcomponents\core5\httpcore5-h2\5.3.4\httpcore5-h2-5.3.4.jar;C:\Users\colom\.m2\repository\org\slf4j\slf4j-api\2.0.17\slf4j-api-2.0.17.jar;C:\Users\colom\.m2\repository\org\projectlombok\lombok\1.18.38\lombok-1.18.38.jar;C:\Users\colom\.m2\repository\org\springdoc\springdoc-openapi-starter-webmvc-ui\2.8.5\springdoc-openapi-starter-webmvc-ui-2.8.5.jar;C:\Users\colom\.m2\repository\org\springdoc\springdoc-openapi-starter-webmvc-api\2.8.5\springdoc-openapi-starter-webmvc-api-2.8.5.jar;C:\Users\colom\.m2\repository\org\springdoc\springdoc-openapi-starter-common\2.8.5\springdoc-openapi-starter-common-2.8.5.jar;C:\Users\colom\.m2\repository\io\swagger\core\v3\swagger-core-jakarta\2.2.28\swagger-core-jakarta-2.2.28.jar;C:\Users\colom\.m2\repository\org\apache\commons\commons-lang3\3.17.0\commons-lang3-3.17.0.jar;C:\Users\colom\.m2\repository\io\swagger\core\v3\swagger-annotations-jakarta\2.2.28\swagger-annotations-jakarta-2.2.28.jar;C:\Users\colom\.m2\repository\io\swagger\core\v3\swagger-models-jakarta\2.2.28\swagger-models-jakarta-2.2.28.jar;C:\Users\colom\.m2\repository\jakarta\validation\jakarta.validation-api\3.0.2\jakarta.validation-api-3.0.2.jar;C:\Users\colom\.m2\repository\com\fasterxml\jackson\dataformat\jackson-dataformat-yaml\2.18.4\jackson-dataformat-yaml-2.18.4.jar;C:\Users\colom\.m2\repository\org\webjars\swagger-ui\5.18.3\swagger-ui-5.18.3.jar;C:\Users\colom\.m2\repository\org\webjars\webjars-locator-lite\1.0.1\webjars-locator-lite-1.0.1.jar;C:\Users\colom\.m2\repository\org\jspecify\jspecify\1.0.0\jspecify-1.0.0.jar;C:\Users\colom\.m2\repository\org\springframework\boot\spring-boot-starter-data-jdbc\3.4.7\spring-boot-starter-data-jdbc-3.4.7.jar;C:\Users\colom\.m2\repository\org\springframework\boot\spring-boot-starter-jdbc\3.4.7\spring-boot-starter-jdbc-3.4.7.jar;C:\Users\colom\.m2\repository\com\zaxxer\HikariCP\5.1.0\HikariCP-5.1.0.jar;C:\Users\colom\.m2\repository\org\springframework\spring-jdbc\6.2.8\spring-jdbc-6.2.8.jar;C:\Users\colom\.m2\repository\org\springframework\data\spring-data-jdbc\3.4.7\spring-data-jdbc-3.4.7.jar;C:\Users\colom\.m2\repository\org\springframework\data\spring-data-relational\3.4.7\spring-data-relational-3.4.7.jar;C:\Users\colom\.m2\repository\org\springframework\data\spring-data-commons\3.4.7\spring-data-commons-3.4.7.jar;C:\Users\colom\.m2\repository\org\springframework\spring-tx\6.2.8\spring-tx-6.2.8.jar;C:\Users\colom\.m2\repository\org\springframework\spring-context\6.2.8\spring-context-6.2.8.jar;C:\Users\colom\.m2\repository\org\springframework\spring-beans\6.2.8\spring-beans-6.2.8.jar;C:\Users\colom\.m2\repository\org\springframework\boot\spring-boot-starter-data-jpa\3.4.7\spring-boot-starter-data-jpa-3.4.7.jar;C:\Users\colom\.m2\repository\org\springframework\boot\spring-boot-starter\3.4.7\spring-boot-starter-3.4.7.jar;C:\Users\colom\.m2\repository\org\springframework\boot\spring-boot\3.4.7\spring-boot-3.4.7.jar;C:\Users\colom\.m2\repository\org\springframework\boot\spring-boot-autoconfigure\3.4.7\spring-boot-autoconfigure-3.4.7.jar;C:\Users\colom\.m2\repository\org\springframework\boot\spring-boot-starter-logging\3.4.7\spring-boot-starter-logging-3.4.7.jar;C:\Users\colom\.m2\repository\ch\qos\logback\logback-classic\1.5.18\logback-classic-1.5.18.jar;C:\Users\colom\.m2\repository\ch\qos\logback\logback-core\1.5.18\logback-core-1.5.18.jar;C:\Users\colom\.m2\repository\org\apache\logging\log4j\log4j-to-slf4j\2.24.3\log4j-to-slf4j-2.24.3.jar;C:\Users\colom\.m2\repository\org\apache\logging\log4j\log4j-api\2.24.3\log4j-api-2.24.3.jar;C:\Users\colom\.m2\repository\org\slf4j\jul-to-slf4j\2.0.17\jul-to-slf4j-2.0.17.jar;C:\Users\colom\.m2\repository\jakarta\annotation\jakarta.annotation-api\2.1.1\jakarta.annotation-api-2.1.1.jar;C:\Users\colom\.m2\repository\org\yaml\snakeyaml\2.3\snakeyaml-2.3.jar;C:\Users\colom\.m2\repository\org\hibernate\orm\hibernate-core\6.6.18.Final\hibernate-core-6.6.18.Final.jar;C:\Users\colom\.m2\repository\jakarta\persistence\jakarta.persistence-api\3.1.0\jakarta.persistence-api-3.1.0.jar;C:\Users\colom\.m2\repository\jakarta\transaction\jakarta.transaction-api\2.0.1\jakarta.transaction-api-2.0.1.jar;C:\Users\colom\.m2\repository\org\jboss\logging\jboss-logging\3.6.1.Final\jboss-logging-3.6.1.Final.jar;C:\Users\colom\.m2\repository\org\hibernate\common\hibernate-commons-annotations\7.0.3.Final\hibernate-commons-annotations-7.0.3.Final.jar;C:\Users\colom\.m2\repository\io\smallrye\jandex\3.2.0\jandex-3.2.0.jar;C:\Users\colom\.m2\repository\com\fasterxml\classmate\1.7.0\classmate-1.7.0.jar;C:\Users\colom\.m2\repository\net\bytebuddy\byte-buddy\1.15.11\byte-buddy-1.15.11.jar;C:\Users\colom\.m2\repository\org\glassfish\jaxb\jaxb-runtime\4.0.5\jaxb-runtime-4.0.5.jar;C:\Users\colom\.m2\repository\org\glassfish\jaxb\jaxb-core\4.0.5\jaxb-core-4.0.5.jar;C:\Users\colom\.m2\repository\org\eclipse\angus\angus-activation\2.0.2\angus-activation-2.0.2.jar;C:\Users\colom\.m2\repository\org\glassfish\jaxb\txw2\4.0.5\txw2-4.0.5.jar;C:\Users\colom\.m2\repository\com\sun\istack\istack-commons-runtime\4.1.2\istack-commons-runtime-4.1.2.jar;C:\Users\colom\.m2\repository\jakarta\inject\jakarta.inject-api\2.0.1\jakarta.inject-api-2.0.1.jar;C:\Users\colom\.m2\repository\org\antlr\antlr4-runtime\4.13.0\antlr4-runtime-4.13.0.jar;C:\Users\colom\.m2\repository\org\springframework\data\spring-data-jpa\3.4.7\spring-data-jpa-3.4.7.jar;C:\Users\colom\.m2\repository\org\springframework\spring-orm\6.2.8\spring-orm-6.2.8.jar;C:\Users\colom\.m2\repository\org\springframework\spring-aop\6.2.8\spring-aop-6.2.8.jar;C:\Users\colom\.m2\repository\org\springframework\spring-aspects\6.2.8\spring-aspects-6.2.8.jar;C:\Users\colom\.m2\repository\org\aspectj\aspectjweaver\1.9.24\aspectjweaver-1.9.24.jar;C:\Users\colom\.m2\repository\org\springframework\boot\spring-boot-starter-hateoas\3.4.7\spring-boot-starter-hateoas-3.4.7.jar;C:\Users\colom\.m2\repository\org\springframework\hateoas\spring-hateoas\2.4.1\spring-hateoas-2.4.1.jar;C:\Users\colom\.m2\repository\org\springframework\plugin\spring-plugin-core\3.0.0\spring-plugin-core-3.0.0.jar;C:\Users\colom\.m2\repository\org\springframework\boot\spring-boot-starter-test\3.3.2\spring-boot-starter-test-3.3.2.jar;C:\Users\colom\.m2\repository\org\springframework\boot\spring-boot-test\3.4.7\spring-boot-test-3.4.7.jar;C:\Users\colom\.m2\repository\org\springframework\boot\spring-boot-test-autoconfigure\3.4.7\spring-boot-test-autoconfigure-3.4.7.jar;C:\Users\colom\.m2\repository\com\jayway\jsonpath\json-path\2.9.0\json-path-2.9.0.jar;C:\Users\colom\.m2\repository\jakarta\xml\bind\jakarta.xml.bind-api\4.0.2\jakarta.xml.bind-api-4.0.2.jar;C:\Users\colom\.m2\repository\jakarta\activation\jakarta.activation-api\2.1.3\jakarta.activation-api-2.1.3.jar;C:\Users\colom\.m2\repository\net\minidev\json-smart\2.5.2\json-smart-2.5.2.jar;C:\Users\colom\.m2\repository\net\minidev\accessors-smart\2.5.2\accessors-smart-2.5.2.jar;C:\Users\colom\.m2\repository\org\ow2\asm\asm\9.7.1\asm-9.7.1.jar;C:\Users\colom\.m2\repository\org\assertj\assertj-core\3.26.3\assertj-core-3.26.3.jar;C:\Users\colom\.m2\repository\org\awaitility\awaitility\4.2.2\awaitility-4.2.2.jar;C:\Users\colom\.m2\repository\org\hamcrest\hamcrest\2.2\hamcrest-2.2.jar;C:\Users\colom\.m2\repository\org\junit\jupiter\junit-jupiter\5.11.4\junit-jupiter-5.11.4.jar;C:\Users\colom\.m2\repository\org\junit\jupiter\junit-jupiter-api\5.11.4\junit-jupiter-api-5.11.4.jar;C:\Users\colom\.m2\repository\org\opentest4j\opentest4j\1.3.0\opentest4j-1.3.0.jar;C:\Users\colom\.m2\repository\org\junit\platform\junit-platform-commons\1.11.4\junit-platform-commons-1.11.4.jar;C:\Users\colom\.m2\repository\org\apiguardian\apiguardian-api\1.1.2\apiguardian-api-1.1.2.jar;C:\Users\colom\.m2\repository\org\junit\jupiter\junit-jupiter-params\5.11.4\junit-jupiter-params-5.11.4.jar;C:\Users\colom\.m2\repository\org\junit\jupiter\junit-jupiter-engine\5.11.4\junit-jupiter-engine-5.11.4.jar;C:\Users\colom\.m2\repository\org\junit\platform\junit-platform-engine\1.11.4\junit-platform-engine-1.11.4.jar;C:\Users\colom\.m2\repository\org\mockito\mockito-core\5.14.2\mockito-core-5.14.2.jar;C:\Users\colom\.m2\repository\net\bytebuddy\byte-buddy-agent\1.15.11\byte-buddy-agent-1.15.11.jar;C:\Users\colom\.m2\repository\org\objenesis\objenesis\3.3\objenesis-3.3.jar;C:\Users\colom\.m2\repository\org\mockito\mockito-junit-jupiter\5.14.2\mockito-junit-jupiter-5.14.2.jar;C:\Users\colom\.m2\repository\org\skyscreamer\jsonassert\1.5.3\jsonassert-1.5.3.jar;C:\Users\colom\.m2\repository\com\vaadin\external\google\android-json\0.0.20131108.vaadin1\android-json-0.0.20131108.vaadin1.jar;C:\Users\colom\.m2\repository\org\springframework\spring-core\6.2.8\spring-core-6.2.8.jar;C:\Users\colom\.m2\repository\org\springframework\spring-jcl\6.2.8\spring-jcl-6.2.8.jar;C:\Users\colom\.m2\repository\org\springframework\spring-test\6.2.8\spring-test-6.2.8.jar;C:\Users\colom\.m2\repository\org\xmlunit\xmlunit-core\2.10.2\xmlunit-core-2.10.2.jar;C:\Users\colom\.m2\repository\org\springframework\boot\spring-boot-starter-web\3.4.7\spring-boot-starter-web-3.4.7.jar;C:\Users\colom\.m2\repository\org\springframework\boot\spring-boot-starter-json\3.4.7\spring-boot-starter-json-3.4.7.jar;C:\Users\colom\.m2\repository\com\fasterxml\jackson\core\jackson-databind\2.18.4\jackson-databind-2.18.4.jar;C:\Users\colom\.m2\repository\com\fasterxml\jackson\core\jackson-annotations\2.18.4\jackson-annotations-2.18.4.jar;C:\Users\colom\.m2\repository\com\fasterxml\jackson\core\jackson-core\2.18.4.1\jackson-core-2.18.4.1.jar;C:\Users\colom\.m2\repository\com\fasterxml\jackson\datatype\jackson-datatype-jdk8\2.18.4\jackson-datatype-jdk8-2.18.4.jar;C:\Users\colom\.m2\repository\com\fasterxml\jackson\datatype\jackson-datatype-jsr310\2.18.4\jackson-datatype-jsr310-2.18.4.jar;C:\Users\colom\.m2\repository\com\fasterxml\jackson\module\jackson-module-parameter-names\2.18.4\jackson-module-parameter-names-2.18.4.jar;C:\Users\colom\.m2\repository\org\springframework\boot\spring-boot-starter-tomcat\3.4.7\spring-boot-starter-tomcat-3.4.7.jar;C:\Users\colom\.m2\repository\org\apache\tomcat\embed\tomcat-embed-core\10.1.42\tomcat-embed-core-10.1.42.jar;C:\Users\colom\.m2\repository\org\apache\tomcat\embed\tomcat-embed-el\10.1.42\tomcat-embed-el-10.1.42.jar;C:\Users\colom\.m2\repository\org\apache\tomcat\embed\tomcat-embed-websocket\10.1.42\tomcat-embed-websocket-10.1.42.jar;C:\Users\colom\.m2\repository\org\springframework\spring-web\6.2.8\spring-web-6.2.8.jar;C:\Users\colom\.m2\repository\io\micrometer\micrometer-observation\1.14.8\micrometer-observation-1.14.8.jar;C:\Users\colom\.m2\repository\io\micrometer\micrometer-commons\1.14.8\micrometer-commons-1.14.8.jar;C:\Users\colom\.m2\repository\org\springframework\spring-webmvc\6.2.8\spring-webmvc-6.2.8.jar;C:\Users\colom\.m2\repository\org\springframework\spring-expression\6.2.8\spring-expression-6.2.8.jar;C:\Users\colom\.m2\repository\org\springframework\cloud\spring-cloud-starter-openfeign\4.2.0\spring-cloud-starter-openfeign-4.2.0.jar;C:\Users\colom\.m2\repository\org\springframework\cloud\spring-cloud-starter\4.2.0\spring-cloud-starter-4.2.0.jar;C:\Users\colom\.m2\repository\org\springframework\cloud\spring-cloud-context\4.2.0\spring-cloud-context-4.2.0.jar;C:\Users\colom\.m2\repository\org\bouncycastle\bcprov-jdk18on\1.78.1\bcprov-jdk18on-1.78.1.jar;C:\Users\colom\.m2\repository\org\springframework\cloud\spring-cloud-openfeign-core\4.2.0\spring-cloud-openfeign-core-4.2.0.jar;C:\Users\colom\.m2\repository\io\github\openfeign\feign-form-spring\13.5\feign-form-spring-13.5.jar;C:\Users\colom\.m2\repository\io\github\openfeign\feign-form\13.5\feign-form-13.5.jar;C:\Users\colom\.m2\repository\commons-fileupload\commons-fileupload\1.5\commons-fileupload-1.5.jar;C:\Users\colom\.m2\repository\commons-io\commons-io\2.11.0\commons-io-2.11.0.jar;C:\Users\colom\.m2\repository\org\springframework\cloud\spring-cloud-commons\4.2.0\spring-cloud-commons-4.2.0.jar;C:\Users\colom\.m2\repository\org\springframework\security\spring-security-crypto\6.4.7\spring-security-crypto-6.4.7.jar;C:\Users\colom\.m2\repository\io\github\openfeign\feign-core\13.5\feign-core-13.5.jar;C:\Users\colom\.m2\repository\io\github\openfeign\feign-slf4j\13.5\feign-slf4j-13.5.jar;"/>
    <property name="sun.cpu.endian" value="little"/>
    <property name="user.home" value="C:\Users\colom"/>
    <property name="user.language" value="es"/>
    <property name="java.specification.vendor" value="Oracle Corporation"/>
    <property name="java.version.date" value="2024-10-15"/>
    <property name="java.home" value="C:\Program Files\Java\jdk-21"/>
    <property name="file.separator" value="\"/>
    <property name="basedir" value="c:\Users\colom\Documents\hw_local\pedidos-hw"/>
    <property name="java.vm.compressedOopsMode" value="Zero based"/>
    <property name="line.separator" value="&#10;"/>
    <property name="java.vm.specification.vendor" value="Oracle Corporation"/>
    <property name="java.specification.name" value="Java Platform API Specification"/>
    <property name="FILE_LOG_CHARSET" value="UTF-8"/>
    <property name="java.awt.headless" value="true"/>
    <property name="surefire.real.class.path" value="C:\Users\colom\AppData\Local\Temp\surefire6246770088341187794\surefirebooter-20250626233035186_3.jar"/>
    <property name="user.script" value=""/>
    <property name="sun.management.compiler" value="HotSpot 64-Bit Tiered Compilers"/>
    <property name="java.runtime.version" value="21.0.5+9-LTS-239"/>
    <property name="user.name" value="colom"/>
    <property name="stdout.encoding" value="Cp1252"/>
    <property name="path.separator" value=";"/>
    <property name="os.version" value="10.0"/>
    <property name="java.runtime.name" value="Java(TM) SE Runtime Environment"/>
    <property name="file.encoding" value="UTF-8"/>
    <property name="java.vm.name" value="Java HotSpot(TM) 64-Bit Server VM"/>
    <property name="localRepository" value="C:\Users\colom\.m2\repository"/>
    <property name="java.vendor.url.bug" value="https://bugreport.java.com/bugreport/"/>
    <property name="java.io.tmpdir" value="C:\Users\colom\AppData\Local\Temp\"/>
    <property name="com.zaxxer.hikari.pool_number" value="2"/>
    <property name="java.version" value="21.0.5"/>
    <property name="user.dir" value="c:\Users\colom\Documents\hw_local\pedidos-hw"/>
    <property name="os.arch" value="amd64"/>
    <property name="java.vm.specification.name" value="Java Virtual Machine Specification"/>
    <property name="PID" value="11948"/>
    <property name="sun.os.patch.level" value=""/>
    <property name="CONSOLE_LOG_CHARSET" value="UTF-8"/>
    <property name="native.encoding" value="Cp1252"/>
    <property name="java.library.path" value="C:\Program Files\Java\jdk-21\bin;C:\Windows\Sun\Java\bin;C:\Windows\system32;C:\Windows;C:\Program Files\Common Files\Oracle\Java\javapath;C:\Windows\system32;C:\Windows;C:\Windows\System32\Wbem;C:\Windows\System32\WindowsPowerShell\v1.0\;C:\Windows\System32\OpenSSH\;C:\Program Files\Git\cmd;C:\Users\colom\AppData\Local\Microsoft\WindowsApps;C:\Users\colom\AppData\Local\Programs\Microsoft VS Code\bin;."/>
    <property name="java.vm.info" value="mixed mode, sharing"/>
    <property name="stderr.encoding" value="Cp1252"/>
    <property name="java.vendor" value="Oracle Corporation"/>
    <property name="java.vm.version" value="21.0.5+9-LTS-239"/>
    <property name="sun.io.unicode.encoding" value="UnicodeLittle"/>
    <property name="java.class.version" value="65.0"/>
    <property name="LOGGED_APPLICATION_NAME" value="[hw] "/>
  </properties>
  <testcase name="eliminarPedidoConDetalles" classname="com.pedidos.hw.repository.PedidoRepositoryUniTest" time="0.096">
    <system-out><![CDATA[2025-06-26T23:30:50.932-04:00  INFO 11948 --- [hw] [           main] t.c.s.AnnotationConfigContextLoaderUtils : Could not detect default configuration classes for test class [com.pedidos.hw.repository.PedidoRepositoryUniTest]: PedidoRepositoryUniTest does not declare any static, non-private, non-final, nested classes annotated with @Configuration.
2025-06-26T23:30:50.994-04:00  INFO 11948 --- [hw] [           main] .b.t.c.SpringBootTestContextBootstrapper : Found @SpringBootConfiguration com.pedidos.hw.HwApplication for test class com.pedidos.hw.repository.PedidoRepositoryUniTest

  .   ____          _            __ _ _
 /\\ / ___'_ __ _ _(_)_ __  __ _ \ \ \ \
( ( )\___ | '_ | '_| | '_ \/ _` | \ \ \ \
 \\/  ___)| |_)| | | | | || (_| |  ) ) ) )
  '  |____| .__|_| |_|_| |_\__, | / / / /
 =========|_|==============|___/=/_/_/_/

 :: Spring Boot ::                (v3.4.7)

2025-06-26T23:30:51.051-04:00  INFO 11948 --- [hw] [           main] c.p.h.r.PedidoRepositoryUniTest          : Starting PedidoRepositoryUniTest using Java 21.0.5 with PID 11948 (started by colom in c:\Users\colom\Documents\hw_local\pedidos-hw)
2025-06-26T23:30:51.052-04:00  INFO 11948 --- [hw] [           main] c.p.h.r.PedidoRepositoryUniTest          : The following 1 profile is active: "test"
2025-06-26T23:30:51.124-04:00  INFO 11948 --- [hw] [           main] .s.d.r.c.RepositoryConfigurationDelegate : Multiple Spring Data modules found, entering strict repository configuration mode
2025-06-26T23:30:51.124-04:00  INFO 11948 --- [hw] [           main] .s.d.r.c.RepositoryConfigurationDelegate : Bootstrapping Spring Data JPA repositories in DEFAULT mode.
2025-06-26T23:30:51.134-04:00  INFO 11948 --- [hw] [           main] .s.d.r.c.RepositoryConfigurationDelegate : Finished Spring Data repository scanning in 8 ms. Found 2 JPA repository interfaces.
2025-06-26T23:30:51.144-04:00  INFO 11948 --- [hw] [           main] beddedDataSourceBeanFactoryPostProcessor : Replacing 'dataSource' DataSource bean with embedded version
2025-06-26T23:30:51.162-04:00  INFO 11948 --- [hw] [           main] o.s.j.d.e.EmbeddedDatabaseFactory        : Starting embedded database: url='jdbc:h2:mem:8ed203a7-195d-451f-b118-ac46e3a8bf3c;DB_CLOSE_DELAY=-1;DB_CLOSE_ON_EXIT=false', username='sa'
2025-06-26T23:30:51.324-04:00 DEBUG 11948 --- [hw] [           main] o.hibernate.jpa.internal.util.LogHelper  : PersistenceUnitInfo [
	name: default
	persistence provider classname: null
	classloader: jdk.internal.loader.ClassLoaders$AppClassLoader@70dea4e
	excludeUnlistedClasses: true
	JTA datasource: null
	Non JTA datasource: org.springframework.jdbc.datasource.embedded.EmbeddedDatabaseFactory$EmbeddedDataSourceProxy@4ffff10c
	Transaction type: RESOURCE_LOCAL
	PU root URL: file:/C:/Users/colom/Documents/hw_local/pedidos-hw/target/test-classes/
	Shared Cache Mode: UNSPECIFIED
	Validation Mode: AUTO
	Jar files URLs []
	Managed classes names [
		com.pedidos.hw.model.DetallePedido
		com.pedidos.hw.model.Pedido]
	Mapping files names []
	Properties []
2025-06-26T23:30:51.324-04:00 DEBUG 11948 --- [hw] [           main] o.h.i.internal.IntegratorServiceImpl     : Adding Integrator [org.hibernate.boot.beanvalidation.BeanValidationIntegrator].
2025-06-26T23:30:51.324-04:00 DEBUG 11948 --- [hw] [           main] o.h.i.internal.IntegratorServiceImpl     : Adding Integrator [org.hibernate.cache.internal.CollectionCacheInvalidator].
2025-06-26T23:30:51.326-04:00 DEBUG 11948 --- [hw] [           main] org.hibernate.orm.idgen.factory          : Registering IdentifierGenerator strategy [uuid2] -> [org.hibernate.id.UUIDGenerator]
2025-06-26T23:30:51.327-04:00 DEBUG 11948 --- [hw] [           main] org.hibernate.orm.idgen.factory          : Registering IdentifierGenerator strategy [guid] -> [org.hibernate.id.GUIDGenerator]
2025-06-26T23:30:51.327-04:00 DEBUG 11948 --- [hw] [           main] org.hibernate.orm.idgen.factory          : Registering IdentifierGenerator strategy [uuid] -> [org.hibernate.id.UUIDHexGenerator]
2025-06-26T23:30:51.327-04:00 DEBUG 11948 --- [hw] [           main] org.hibernate.orm.idgen.factory          : Registering IdentifierGenerator strategy [uuid.hex] -> [org.hibernate.id.UUIDHexGenerator]
2025-06-26T23:30:51.327-04:00 DEBUG 11948 --- [hw] [           main] org.hibernate.orm.idgen.factory          : Registering IdentifierGenerator strategy [assigned] -> [org.hibernate.id.Assigned]
2025-06-26T23:30:51.327-04:00 DEBUG 11948 --- [hw] [           main] org.hibernate.orm.idgen.factory          : Registering IdentifierGenerator strategy [identity] -> [org.hibernate.id.IdentityGenerator]
2025-06-26T23:30:51.327-04:00 DEBUG 11948 --- [hw] [           main] org.hibernate.orm.idgen.factory          : Registering IdentifierGenerator strategy [select] -> [org.hibernate.id.SelectGenerator]
2025-06-26T23:30:51.327-04:00 DEBUG 11948 --- [hw] [           main] org.hibernate.orm.idgen.factory          : Registering IdentifierGenerator strategy [sequence] -> [org.hibernate.id.enhanced.SequenceStyleGenerator]
2025-06-26T23:30:51.327-04:00 DEBUG 11948 --- [hw] [           main] org.hibernate.orm.idgen.factory          : Registering IdentifierGenerator strategy [increment] -> [org.hibernate.id.IncrementGenerator]
2025-06-26T23:30:51.328-04:00 DEBUG 11948 --- [hw] [           main] org.hibernate.orm.idgen.factory          : Registering IdentifierGenerator strategy [foreign] -> [org.hibernate.id.ForeignGenerator]
2025-06-26T23:30:51.328-04:00 DEBUG 11948 --- [hw] [           main] org.hibernate.orm.idgen.factory          : Registering IdentifierGenerator strategy [enhanced-sequence] -> [org.hibernate.id.enhanced.SequenceStyleGenerator]
2025-06-26T23:30:51.328-04:00 DEBUG 11948 --- [hw] [           main] org.hibernate.orm.idgen.factory          : Registering IdentifierGenerator strategy [enhanced-table] -> [org.hibernate.id.enhanced.TableGenerator]
2025-06-26T23:30:51.328-04:00 DEBUG 11948 --- [hw] [           main] o.h.c.internal.RegionFactoryInitiator    : Cannot default RegionFactory based on registered strategies as `[]` RegionFactory strategies were registered
2025-06-26T23:30:51.328-04:00  INFO 11948 --- [hw] [           main] o.h.c.internal.RegionFactoryInitiator    : HHH000026: Second-level cache disabled
2025-06-26T23:30:51.328-04:00 DEBUG 11948 --- [hw] [           main] org.hibernate.type.BasicTypeRegistry     : Adding type registration boolean -> org.hibernate.type.BasicTypeReference@2d2fc130
2025-06-26T23:30:51.328-04:00 DEBUG 11948 --- [hw] [           main] org.hibernate.type.BasicTypeRegistry     : Adding type registration boolean -> org.hibernate.type.BasicTypeReference@2d2fc130
2025-06-26T23:30:51.328-04:00 DEBUG 11948 --- [hw] [           main] org.hibernate.type.BasicTypeRegistry     : Adding type registration java.lang.Boolean -> org.hibernate.type.BasicTypeReference@2d2fc130
2025-06-26T23:30:51.328-04:00 DEBUG 11948 --- [hw] [           main] org.hibernate.type.BasicTypeRegistry     : Adding type registration numeric_boolean -> org.hibernate.type.BasicTypeReference@7bbdb220
2025-06-26T23:30:51.328-04:00 DEBUG 11948 --- [hw] [           main] org.hibernate.type.BasicTypeRegistry     : Adding type registration org.hibernate.type.NumericBooleanConverter -> org.hibernate.type.BasicTypeReference@7bbdb220
2025-06-26T23:30:51.328-04:00 DEBUG 11948 --- [hw] [           main] org.hibernate.type.BasicTypeRegistry     : Adding type registration true_false -> org.hibernate.type.BasicTypeReference@6d001fbe
2025-06-26T23:30:51.328-04:00 DEBUG 11948 --- [hw] [           main] org.hibernate.type.BasicTypeRegistry     : Adding type registration org.hibernate.type.TrueFalseConverter -> org.hibernate.type.BasicTypeReference@6d001fbe
2025-06-26T23:30:51.328-04:00 DEBUG 11948 --- [hw] [           main] org.hibernate.type.BasicTypeRegistry     : Adding type registration yes_no -> org.hibernate.type.BasicTypeReference@d120d7c
2025-06-26T23:30:51.328-04:00 DEBUG 11948 --- [hw] [           main] org.hibernate.type.BasicTypeRegistry     : Adding type registration org.hibernate.type.YesNoConverter -> org.hibernate.type.BasicTypeReference@d120d7c
2025-06-26T23:30:51.328-04:00 DEBUG 11948 --- [hw] [           main] org.hibernate.type.BasicTypeRegistry     : Adding type registration byte -> org.hibernate.type.BasicTypeReference@5ee77baf
2025-06-26T23:30:51.328-04:00 DEBUG 11948 --- [hw] [           main] org.hibernate.type.BasicTypeRegistry     : Adding type registration byte -> org.hibernate.type.BasicTypeReference@5ee77baf
2025-06-26T23:30:51.328-04:00 DEBUG 11948 --- [hw] [           main] org.hibernate.type.BasicTypeRegistry     : Adding type registration java.lang.Byte -> org.hibernate.type.BasicTypeReference@5ee77baf
2025-06-26T23:30:51.328-04:00 DEBUG 11948 --- [hw] [           main] org.hibernate.type.BasicTypeRegistry     : Adding type registration binary -> org.hibernate.type.BasicTypeReference@485deee1
2025-06-26T23:30:51.328-04:00 DEBUG 11948 --- [hw] [           main] org.hibernate.type.BasicTypeRegistry     : Adding type registration byte[] -> org.hibernate.type.BasicTypeReference@485deee1
2025-06-26T23:30:51.328-04:00 DEBUG 11948 --- [hw] [           main] org.hibernate.type.BasicTypeRegistry     : Adding type registration [B -> org.hibernate.type.BasicTypeReference@485deee1
2025-06-26T23:30:51.328-04:00 DEBUG 11948 --- [hw] [           main] org.hibernate.type.BasicTypeRegistry     : Adding type registration binary_wrapper -> org.hibernate.type.BasicTypeReference@25cde5bb
2025-06-26T23:30:51.328-04:00 DEBUG 11948 --- [hw] [           main] org.hibernate.type.BasicTypeRegistry     : Adding type registration wrapper-binary -> org.hibernate.type.BasicTypeReference@25cde5bb
2025-06-26T23:30:51.328-04:00 DEBUG 11948 --- [hw] [           main] org.hibernate.type.BasicTypeRegistry     : Adding type registration image -> org.hibernate.type.BasicTypeReference@38a96593
2025-06-26T23:30:51.328-04:00 DEBUG 11948 --- [hw] [           main] org.hibernate.type.BasicTypeRegistry     : Adding type registration blob -> org.hibernate.type.BasicTypeReference@5df64b2a
2025-06-26T23:30:51.328-04:00 DEBUG 11948 --- [hw] [           main] org.hibernate.type.BasicTypeRegistry     : Adding type registration java.sql.Blob -> org.hibernate.type.BasicTypeReference@5df64b2a
2025-06-26T23:30:51.328-04:00 DEBUG 11948 --- [hw] [           main] org.hibernate.type.BasicTypeRegistry     : Adding type registration materialized_blob -> org.hibernate.type.BasicTypeReference@7afb9c93
2025-06-26T23:30:51.328-04:00 DEBUG 11948 --- [hw] [           main] org.hibernate.type.BasicTypeRegistry     : Adding type registration materialized_blob_wrapper -> org.hibernate.type.BasicTypeReference@30d15e4a
2025-06-26T23:30:51.328-04:00 DEBUG 11948 --- [hw] [           main] org.hibernate.type.BasicTypeRegistry     : Adding type registration short -> org.hibernate.type.BasicTypeReference@43a7203e
2025-06-26T23:30:51.328-04:00 DEBUG 11948 --- [hw] [           main] org.hibernate.type.BasicTypeRegistry     : Adding type registration short -> org.hibernate.type.BasicTypeReference@43a7203e
2025-06-26T23:30:51.328-04:00 DEBUG 11948 --- [hw] [           main] org.hibernate.type.BasicTypeRegistry     : Adding type registration java.lang.Short -> org.hibernate.type.BasicTypeReference@43a7203e
2025-06-26T23:30:51.328-04:00 DEBUG 11948 --- [hw] [           main] org.hibernate.type.BasicTypeRegistry     : Adding type registration integer -> org.hibernate.type.BasicTypeReference@2c678c7b
2025-06-26T23:30:51.328-04:00 DEBUG 11948 --- [hw] [           main] org.hibernate.type.BasicTypeRegistry     : Adding type registration int -> org.hibernate.type.BasicTypeReference@2c678c7b
2025-06-26T23:30:51.328-04:00 DEBUG 11948 --- [hw] [           main] org.hibernate.type.BasicTypeRegistry     : Adding type registration java.lang.Integer -> org.hibernate.type.BasicTypeReference@2c678c7b
2025-06-26T23:30:51.328-04:00 DEBUG 11948 --- [hw] [           main] org.hibernate.type.BasicTypeRegistry     : Adding type registration long -> org.hibernate.type.BasicTypeReference@a5e8260
2025-06-26T23:30:51.328-04:00 DEBUG 11948 --- [hw] [           main] org.hibernate.type.BasicTypeRegistry     : Adding type registration long -> org.hibernate.type.BasicTypeReference@a5e8260
2025-06-26T23:30:51.328-04:00 DEBUG 11948 --- [hw] [           main] org.hibernate.type.BasicTypeRegistry     : Adding type registration java.lang.Long -> org.hibernate.type.BasicTypeReference@a5e8260
2025-06-26T23:30:51.328-04:00 DEBUG 11948 --- [hw] [           main] org.hibernate.type.BasicTypeRegistry     : Adding type registration float -> org.hibernate.type.BasicTypeReference@30c7be6f
2025-06-26T23:30:51.328-04:00 DEBUG 11948 --- [hw] [           main] org.hibernate.type.BasicTypeRegistry     : Adding type registration float -> org.hibernate.type.BasicTypeReference@30c7be6f
2025-06-26T23:30:51.328-04:00 DEBUG 11948 --- [hw] [           main] org.hibernate.type.BasicTypeRegistry     : Adding type registration java.lang.Float -> org.hibernate.type.BasicTypeReference@30c7be6f
2025-06-26T23:30:51.328-04:00 DEBUG 11948 --- [hw] [           main] org.hibernate.type.BasicTypeRegistry     : Adding type registration double -> org.hibernate.type.BasicTypeReference@4a9bce99
2025-06-26T23:30:51.328-04:00 DEBUG 11948 --- [hw] [           main] org.hibernate.type.BasicTypeRegistry     : Adding type registration double -> org.hibernate.type.BasicTypeReference@4a9bce99
2025-06-26T23:30:51.328-04:00 DEBUG 11948 --- [hw] [           main] org.hibernate.type.BasicTypeRegistry     : Adding type registration java.lang.Double -> org.hibernate.type.BasicTypeReference@4a9bce99
2025-06-26T23:30:51.328-04:00 DEBUG 11948 --- [hw] [           main] org.hibernate.type.BasicTypeRegistry     : Adding type registration big_integer -> org.hibernate.type.BasicTypeReference@5a0f87e5
2025-06-26T23:30:51.328-04:00 DEBUG 11948 --- [hw] [           main] org.hibernate.type.BasicTypeRegistry     : Adding type registration java.math.BigInteger -> org.hibernate.type.BasicTypeReference@5a0f87e5
2025-06-26T23:30:51.328-04:00 DEBUG 11948 --- [hw] [           main] org.hibernate.type.BasicTypeRegistry     : Adding type registration big_decimal -> org.hibernate.type.BasicTypeReference@243c4346
2025-06-26T23:30:51.328-04:00 DEBUG 11948 --- [hw] [           main] org.hibernate.type.BasicTypeRegistry     : Adding type registration java.math.BigDecimal -> org.hibernate.type.BasicTypeReference@243c4346
2025-06-26T23:30:51.328-04:00 DEBUG 11948 --- [hw] [           main] org.hibernate.type.BasicTypeRegistry     : Adding type registration character -> org.hibernate.type.BasicTypeReference@2905b568
2025-06-26T23:30:51.328-04:00 DEBUG 11948 --- [hw] [           main] org.hibernate.type.BasicTypeRegistry     : Adding type registration char -> org.hibernate.type.BasicTypeReference@2905b568
2025-06-26T23:30:51.328-04:00 DEBUG 11948 --- [hw] [           main] org.hibernate.type.BasicTypeRegistry     : Adding type registration java.lang.Character -> org.hibernate.type.BasicTypeReference@2905b568
2025-06-26T23:30:51.328-04:00 DEBUG 11948 --- [hw] [           main] org.hibernate.type.BasicTypeRegistry     : Adding type registration character_nchar -> org.hibernate.type.BasicTypeReference@3dfe59d7
2025-06-26T23:30:51.328-04:00 DEBUG 11948 --- [hw] [           main] org.hibernate.type.BasicTypeRegistry     : Adding type registration string -> org.hibernate.type.BasicTypeReference@1be8c122
2025-06-26T23:30:51.328-04:00 DEBUG 11948 --- [hw] [           main] org.hibernate.type.BasicTypeRegistry     : Adding type registration java.lang.String -> org.hibernate.type.BasicTypeReference@1be8c122
2025-06-26T23:30:51.328-04:00 DEBUG 11948 --- [hw] [           main] org.hibernate.type.BasicTypeRegistry     : Adding type registration nstring -> org.hibernate.type.BasicTypeReference@5d08976a
2025-06-26T23:30:51.328-04:00 DEBUG 11948 --- [hw] [           main] org.hibernate.type.BasicTypeRegistry     : Adding type registration characters -> org.hibernate.type.BasicTypeReference@59a2d756
2025-06-26T23:30:51.328-04:00 DEBUG 11948 --- [hw] [           main] org.hibernate.type.BasicTypeRegistry     : Adding type registration char[] -> org.hibernate.type.BasicTypeReference@59a2d756
2025-06-26T23:30:51.328-04:00 DEBUG 11948 --- [hw] [           main] org.hibernate.type.BasicTypeRegistry     : Adding type registration [C -> org.hibernate.type.BasicTypeReference@59a2d756
2025-06-26T23:30:51.328-04:00 DEBUG 11948 --- [hw] [           main] org.hibernate.type.BasicTypeRegistry     : Adding type registration wrapper-characters -> org.hibernate.type.BasicTypeReference@165d1d54
2025-06-26T23:30:51.328-04:00 DEBUG 11948 --- [hw] [           main] org.hibernate.type.BasicTypeRegistry     : Adding type registration text -> org.hibernate.type.BasicTypeReference@4be12f6c
2025-06-26T23:30:51.328-04:00 DEBUG 11948 --- [hw] [           main] org.hibernate.type.BasicTypeRegistry     : Adding type registration ntext -> org.hibernate.type.BasicTypeReference@52cb52bd
2025-06-26T23:30:51.328-04:00 DEBUG 11948 --- [hw] [           main] org.hibernate.type.BasicTypeRegistry     : Adding type registration clob -> org.hibernate.type.BasicTypeReference@1d1c37d5
2025-06-26T23:30:51.328-04:00 DEBUG 11948 --- [hw] [           main] org.hibernate.type.BasicTypeRegistry     : Adding type registration java.sql.Clob -> org.hibernate.type.BasicTypeReference@1d1c37d5
2025-06-26T23:30:51.328-04:00 DEBUG 11948 --- [hw] [           main] org.hibernate.type.BasicTypeRegistry     : Adding type registration nclob -> org.hibernate.type.BasicTypeReference@63553e9f
2025-06-26T23:30:51.328-04:00 DEBUG 11948 --- [hw] [           main] org.hibernate.type.BasicTypeRegistry     : Adding type registration java.sql.NClob -> org.hibernate.type.BasicTypeReference@63553e9f
2025-06-26T23:30:51.328-04:00 DEBUG 11948 --- [hw] [           main] org.hibernate.type.BasicTypeRegistry     : Adding type registration materialized_clob -> org.hibernate.type.BasicTypeReference@218df7d6
2025-06-26T23:30:51.328-04:00 DEBUG 11948 --- [hw] [           main] org.hibernate.type.BasicTypeRegistry     : Adding type registration materialized_clob_char_array -> org.hibernate.type.BasicTypeReference@295b07e0
2025-06-26T23:30:51.328-04:00 DEBUG 11948 --- [hw] [           main] org.hibernate.type.BasicTypeRegistry     : Adding type registration materialized_clob_character_array -> org.hibernate.type.BasicTypeReference@55053f81
2025-06-26T23:30:51.328-04:00 DEBUG 11948 --- [hw] [           main] org.hibernate.type.BasicTypeRegistry     : Adding type registration materialized_nclob -> org.hibernate.type.BasicTypeReference@1fee4278
2025-06-26T23:30:51.328-04:00 DEBUG 11948 --- [hw] [           main] org.hibernate.type.BasicTypeRegistry     : Adding type registration materialized_nclob_character_array -> org.hibernate.type.BasicTypeReference@51132514
2025-06-26T23:30:51.328-04:00 DEBUG 11948 --- [hw] [           main] org.hibernate.type.BasicTypeRegistry     : Adding type registration materialized_nclob_char_array -> org.hibernate.type.BasicTypeReference@20864cd1
2025-06-26T23:30:51.328-04:00 DEBUG 11948 --- [hw] [           main] org.hibernate.type.BasicTypeRegistry     : Adding type registration Duration -> org.hibernate.type.BasicTypeReference@5c839677
2025-06-26T23:30:51.328-04:00 DEBUG 11948 --- [hw] [           main] org.hibernate.type.BasicTypeRegistry     : Adding type registration java.time.Duration -> org.hibernate.type.BasicTypeReference@5c839677
2025-06-26T23:30:51.328-04:00 DEBUG 11948 --- [hw] [           main] org.hibernate.type.BasicTypeRegistry     : Adding type registration LocalDateTime -> org.hibernate.type.BasicTypeReference@3193e21d
2025-06-26T23:30:51.328-04:00 DEBUG 11948 --- [hw] [           main] org.hibernate.type.BasicTypeRegistry     : Adding type registration java.time.LocalDateTime -> org.hibernate.type.BasicTypeReference@3193e21d
2025-06-26T23:30:51.328-04:00 DEBUG 11948 --- [hw] [           main] org.hibernate.type.BasicTypeRegistry     : Adding type registration LocalDate -> org.hibernate.type.BasicTypeReference@79604abe
2025-06-26T23:30:51.328-04:00 DEBUG 11948 --- [hw] [           main] org.hibernate.type.BasicTypeRegistry     : Adding type registration java.time.LocalDate -> org.hibernate.type.BasicTypeReference@79604abe
2025-06-26T23:30:51.328-04:00 DEBUG 11948 --- [hw] [           main] org.hibernate.type.BasicTypeRegistry     : Adding type registration LocalTime -> org.hibernate.type.BasicTypeReference@6b126187
2025-06-26T23:30:51.328-04:00 DEBUG 11948 --- [hw] [           main] org.hibernate.type.BasicTypeRegistry     : Adding type registration java.time.LocalTime -> org.hibernate.type.BasicTypeReference@6b126187
2025-06-26T23:30:51.328-04:00 DEBUG 11948 --- [hw] [           main] org.hibernate.type.BasicTypeRegistry     : Adding type registration OffsetDateTime -> org.hibernate.type.BasicTypeReference@2b6262bc
2025-06-26T23:30:51.328-04:00 DEBUG 11948 --- [hw] [           main] org.hibernate.type.BasicTypeRegistry     : Adding type registration java.time.OffsetDateTime -> org.hibernate.type.BasicTypeReference@2b6262bc
2025-06-26T23:30:51.328-04:00 DEBUG 11948 --- [hw] [           main] org.hibernate.type.BasicTypeRegistry     : Adding type registration OffsetDateTimeWithTimezone -> org.hibernate.type.BasicTypeReference@5cffec7
2025-06-26T23:30:51.328-04:00 DEBUG 11948 --- [hw] [           main] org.hibernate.type.BasicTypeRegistry     : Adding type registration OffsetDateTimeWithoutTimezone -> org.hibernate.type.BasicTypeReference@7e81617a
2025-06-26T23:30:51.328-04:00 DEBUG 11948 --- [hw] [           main] org.hibernate.type.BasicTypeRegistry     : Adding type registration OffsetTime -> org.hibernate.type.BasicTypeReference@6e73974
2025-06-26T23:30:51.328-04:00 DEBUG 11948 --- [hw] [           main] org.hibernate.type.BasicTypeRegistry     : Adding type registration java.time.OffsetTime -> org.hibernate.type.BasicTypeReference@6e73974
2025-06-26T23:30:51.328-04:00 DEBUG 11948 --- [hw] [           main] org.hibernate.type.BasicTypeRegistry     : Adding type registration OffsetTimeUtc -> org.hibernate.type.BasicTypeReference@3e28dc96
2025-06-26T23:30:51.328-04:00 DEBUG 11948 --- [hw] [           main] org.hibernate.type.BasicTypeRegistry     : Adding type registration OffsetTimeWithTimezone -> org.hibernate.type.BasicTypeReference@44eb2452
2025-06-26T23:30:51.328-04:00 DEBUG 11948 --- [hw] [           main] org.hibernate.type.BasicTypeRegistry     : Adding type registration OffsetTimeWithoutTimezone -> org.hibernate.type.BasicTypeReference@31940704
2025-06-26T23:30:51.328-04:00 DEBUG 11948 --- [hw] [           main] org.hibernate.type.BasicTypeRegistry     : Adding type registration ZonedDateTime -> org.hibernate.type.BasicTypeReference@e07b4db
2025-06-26T23:30:51.328-04:00 DEBUG 11948 --- [hw] [           main] org.hibernate.type.BasicTypeRegistry     : Adding type registration java.time.ZonedDateTime -> org.hibernate.type.BasicTypeReference@e07b4db
2025-06-26T23:30:51.328-04:00 DEBUG 11948 --- [hw] [           main] org.hibernate.type.BasicTypeRegistry     : Adding type registration ZonedDateTimeWithTimezone -> org.hibernate.type.BasicTypeReference@76b305e1
2025-06-26T23:30:51.328-04:00 DEBUG 11948 --- [hw] [           main] org.hibernate.type.BasicTypeRegistry     : Adding type registration ZonedDateTimeWithoutTimezone -> org.hibernate.type.BasicTypeReference@6be766d1
2025-06-26T23:30:51.328-04:00 DEBUG 11948 --- [hw] [           main] org.hibernate.type.BasicTypeRegistry     : Adding type registration date -> org.hibernate.type.BasicTypeReference@7adae08e
2025-06-26T23:30:51.328-04:00 DEBUG 11948 --- [hw] [           main] org.hibernate.type.BasicTypeRegistry     : Adding type registration java.sql.Date -> org.hibernate.type.BasicTypeReference@7adae08e
2025-06-26T23:30:51.328-04:00 DEBUG 11948 --- [hw] [           main] org.hibernate.type.BasicTypeRegistry     : Adding type registration time -> org.hibernate.type.BasicTypeReference@49c83262
2025-06-26T23:30:51.328-04:00 DEBUG 11948 --- [hw] [           main] org.hibernate.type.BasicTypeRegistry     : Adding type registration java.sql.Time -> org.hibernate.type.BasicTypeReference@49c83262
2025-06-26T23:30:51.328-04:00 DEBUG 11948 --- [hw] [           main] org.hibernate.type.BasicTypeRegistry     : Adding type registration timestamp -> org.hibernate.type.BasicTypeReference@273aaab7
2025-06-26T23:30:51.328-04:00 DEBUG 11948 --- [hw] [           main] org.hibernate.type.BasicTypeRegistry     : Adding type registration java.sql.Timestamp -> org.hibernate.type.BasicTypeReference@273aaab7
2025-06-26T23:30:51.328-04:00 DEBUG 11948 --- [hw] [           main] org.hibernate.type.BasicTypeRegistry     : Adding type registration java.util.Date -> org.hibernate.type.BasicTypeReference@273aaab7
2025-06-26T23:30:51.328-04:00 DEBUG 11948 --- [hw] [           main] org.hibernate.type.BasicTypeRegistry     : Adding type registration calendar -> org.hibernate.type.BasicTypeReference@77bb916f
2025-06-26T23:30:51.328-04:00 DEBUG 11948 --- [hw] [           main] org.hibernate.type.BasicTypeRegistry     : Adding type registration java.util.Calendar -> org.hibernate.type.BasicTypeReference@77bb916f
2025-06-26T23:30:51.329-04:00 DEBUG 11948 --- [hw] [           main] org.hibernate.type.BasicTypeRegistry     : Adding type registration java.util.GregorianCalendar -> org.hibernate.type.BasicTypeReference@77bb916f
2025-06-26T23:30:51.329-04:00 DEBUG 11948 --- [hw] [           main] org.hibernate.type.BasicTypeRegistry     : Adding type registration calendar_date -> org.hibernate.type.BasicTypeReference@5a48d186
2025-06-26T23:30:51.329-04:00 DEBUG 11948 --- [hw] [           main] org.hibernate.type.BasicTypeRegistry     : Adding type registration calendar_time -> org.hibernate.type.BasicTypeReference@521ba38f
2025-06-26T23:30:51.329-04:00 DEBUG 11948 --- [hw] [           main] org.hibernate.type.BasicTypeRegistry     : Adding type registration instant -> org.hibernate.type.BasicTypeReference@2086d469
2025-06-26T23:30:51.329-04:00 DEBUG 11948 --- [hw] [           main] org.hibernate.type.BasicTypeRegistry     : Adding type registration java.time.Instant -> org.hibernate.type.BasicTypeReference@2086d469
2025-06-26T23:30:51.329-04:00 DEBUG 11948 --- [hw] [           main] org.hibernate.type.BasicTypeRegistry     : Adding type registration uuid -> org.hibernate.type.BasicTypeReference@b1d19ff
2025-06-26T23:30:51.329-04:00 DEBUG 11948 --- [hw] [           main] org.hibernate.type.BasicTypeRegistry     : Adding type registration java.util.UUID -> org.hibernate.type.BasicTypeReference@b1d19ff
2025-06-26T23:30:51.329-04:00 DEBUG 11948 --- [hw] [           main] org.hibernate.type.BasicTypeRegistry     : Adding type registration pg-uuid -> org.hibernate.type.BasicTypeReference@b1d19ff
2025-06-26T23:30:51.329-04:00 DEBUG 11948 --- [hw] [           main] org.hibernate.type.BasicTypeRegistry     : Adding type registration uuid-binary -> org.hibernate.type.BasicTypeReference@17c53dfb
2025-06-26T23:30:51.329-04:00 DEBUG 11948 --- [hw] [           main] org.hibernate.type.BasicTypeRegistry     : Adding type registration uuid-char -> org.hibernate.type.BasicTypeReference@184de357
2025-06-26T23:30:51.329-04:00 DEBUG 11948 --- [hw] [           main] org.hibernate.type.BasicTypeRegistry     : Adding type registration class -> org.hibernate.type.BasicTypeReference@efe49ab
2025-06-26T23:30:51.329-04:00 DEBUG 11948 --- [hw] [           main] org.hibernate.type.BasicTypeRegistry     : Adding type registration java.lang.Class -> org.hibernate.type.BasicTypeReference@efe49ab
2025-06-26T23:30:51.329-04:00 DEBUG 11948 --- [hw] [           main] org.hibernate.type.BasicTypeRegistry     : Adding type registration currency -> org.hibernate.type.BasicTypeReference@6dcf7b6a
2025-06-26T23:30:51.329-04:00 DEBUG 11948 --- [hw] [           main] org.hibernate.type.BasicTypeRegistry     : Adding type registration Currency -> org.hibernate.type.BasicTypeReference@6dcf7b6a
2025-06-26T23:30:51.329-04:00 DEBUG 11948 --- [hw] [           main] org.hibernate.type.BasicTypeRegistry     : Adding type registration java.util.Currency -> org.hibernate.type.BasicTypeReference@6dcf7b6a
2025-06-26T23:30:51.329-04:00 DEBUG 11948 --- [hw] [           main] org.hibernate.type.BasicTypeRegistry     : Adding type registration locale -> org.hibernate.type.BasicTypeReference@247bbfba
2025-06-26T23:30:51.329-04:00 DEBUG 11948 --- [hw] [           main] org.hibernate.type.BasicTypeRegistry     : Adding type registration java.util.Locale -> org.hibernate.type.BasicTypeReference@247bbfba
2025-06-26T23:30:51.329-04:00 DEBUG 11948 --- [hw] [           main] org.hibernate.type.BasicTypeRegistry     : Adding type registration serializable -> org.hibernate.type.BasicTypeReference@5834198f
2025-06-26T23:30:51.329-04:00 DEBUG 11948 --- [hw] [           main] org.hibernate.type.BasicTypeRegistry     : Adding type registration java.io.Serializable -> org.hibernate.type.BasicTypeReference@5834198f
2025-06-26T23:30:51.329-04:00 DEBUG 11948 --- [hw] [           main] org.hibernate.type.BasicTypeRegistry     : Adding type registration timezone -> org.hibernate.type.BasicTypeReference@4eb63dc8
2025-06-26T23:30:51.329-04:00 DEBUG 11948 --- [hw] [           main] org.hibernate.type.BasicTypeRegistry     : Adding type registration java.util.TimeZone -> org.hibernate.type.BasicTypeReference@4eb63dc8
2025-06-26T23:30:51.329-04:00 DEBUG 11948 --- [hw] [           main] org.hibernate.type.BasicTypeRegistry     : Adding type registration ZoneOffset -> org.hibernate.type.BasicTypeReference@402d6012
2025-06-26T23:30:51.329-04:00 DEBUG 11948 --- [hw] [           main] org.hibernate.type.BasicTypeRegistry     : Adding type registration java.time.ZoneOffset -> org.hibernate.type.BasicTypeReference@402d6012
2025-06-26T23:30:51.329-04:00 DEBUG 11948 --- [hw] [           main] org.hibernate.type.BasicTypeRegistry     : Adding type registration url -> org.hibernate.type.BasicTypeReference@395281c2
2025-06-26T23:30:51.329-04:00 DEBUG 11948 --- [hw] [           main] org.hibernate.type.BasicTypeRegistry     : Adding type registration java.net.URL -> org.hibernate.type.BasicTypeReference@395281c2
2025-06-26T23:30:51.329-04:00 DEBUG 11948 --- [hw] [           main] org.hibernate.type.BasicTypeRegistry     : Adding type registration vector -> org.hibernate.type.BasicTypeReference@41d20f06
2025-06-26T23:30:51.329-04:00 DEBUG 11948 --- [hw] [           main] org.hibernate.type.BasicTypeRegistry     : Adding type registration float_vector -> org.hibernate.type.BasicTypeReference@3e753289
2025-06-26T23:30:51.329-04:00 DEBUG 11948 --- [hw] [           main] org.hibernate.type.BasicTypeRegistry     : Adding type registration double_vector -> org.hibernate.type.BasicTypeReference@1573e8a5
2025-06-26T23:30:51.329-04:00 DEBUG 11948 --- [hw] [           main] org.hibernate.type.BasicTypeRegistry     : Adding type registration byte_vector -> org.hibernate.type.BasicTypeReference@38022758
2025-06-26T23:30:51.329-04:00 DEBUG 11948 --- [hw] [           main] org.hibernate.type.BasicTypeRegistry     : Adding type registration row_version -> org.hibernate.type.BasicTypeReference@69f9b561
2025-06-26T23:30:51.329-04:00 DEBUG 11948 --- [hw] [           main] org.hibernate.type.BasicTypeRegistry     : Adding type registration object -> org.hibernate.type.JavaObjectType@7686f701
2025-06-26T23:30:51.329-04:00 DEBUG 11948 --- [hw] [           main] org.hibernate.type.BasicTypeRegistry     : Adding type registration java.lang.Object -> org.hibernate.type.JavaObjectType@7686f701
2025-06-26T23:30:51.329-04:00 DEBUG 11948 --- [hw] [           main] org.hibernate.type.BasicTypeRegistry     : Adding type registration null -> org.hibernate.type.NullType@15186ce0
2025-06-26T23:30:51.329-04:00 DEBUG 11948 --- [hw] [           main] org.hibernate.type.BasicTypeRegistry     : Adding type registration imm_date -> org.hibernate.type.BasicTypeReference@2dec97ea
2025-06-26T23:30:51.329-04:00 DEBUG 11948 --- [hw] [           main] org.hibernate.type.BasicTypeRegistry     : Adding type registration imm_time -> org.hibernate.type.BasicTypeReference@7b320f0d
2025-06-26T23:30:51.329-04:00 DEBUG 11948 --- [hw] [           main] org.hibernate.type.BasicTypeRegistry     : Adding type registration imm_timestamp -> org.hibernate.type.BasicTypeReference@6a837740
2025-06-26T23:30:51.329-04:00 DEBUG 11948 --- [hw] [           main] org.hibernate.type.BasicTypeRegistry     : Adding type registration imm_calendar -> org.hibernate.type.BasicTypeReference@740639ba
2025-06-26T23:30:51.329-04:00 DEBUG 11948 --- [hw] [           main] org.hibernate.type.BasicTypeRegistry     : Adding type registration imm_calendar_date -> org.hibernate.type.BasicTypeReference@3d1cb317
2025-06-26T23:30:51.329-04:00 DEBUG 11948 --- [hw] [           main] org.hibernate.type.BasicTypeRegistry     : Adding type registration imm_calendar_time -> org.hibernate.type.BasicTypeReference@563d89de
2025-06-26T23:30:51.329-04:00 DEBUG 11948 --- [hw] [           main] org.hibernate.type.BasicTypeRegistry     : Adding type registration imm_binary -> org.hibernate.type.BasicTypeReference@2775dd2e
2025-06-26T23:30:51.329-04:00 DEBUG 11948 --- [hw] [           main] org.hibernate.type.BasicTypeRegistry     : Adding type registration imm_serializable -> org.hibernate.type.BasicTypeReference@627beb93
2025-06-26T23:30:51.331-04:00 DEBUG 11948 --- [hw] [           main] o.h.boot.internal.BootstrapContextImpl   : Injecting JPA temp ClassLoader [org.springframework.instrument.classloading.SimpleThrowawayClassLoader@ee6533] into BootstrapContext; was [null]
2025-06-26T23:30:51.331-04:00 DEBUG 11948 --- [hw] [           main] o.h.boot.internal.ClassLoaderAccessImpl  : ClassLoaderAccessImpl#injectTempClassLoader(org.springframework.instrument.classloading.SimpleThrowawayClassLoader@ee6533) [was null]
2025-06-26T23:30:51.331-04:00 DEBUG 11948 --- [hw] [           main] o.h.boot.internal.BootstrapContextImpl   : Injecting ScanEnvironment [org.hibernate.jpa.boot.internal.StandardJpaScanEnvironmentImpl@97b54ad] into BootstrapContext; was [null]
2025-06-26T23:30:51.331-04:00 DEBUG 11948 --- [hw] [           main] o.h.boot.internal.BootstrapContextImpl   : Injecting ScanOptions [org.hibernate.boot.archive.scan.internal.StandardScanOptions@34e10162] into BootstrapContext; was [org.hibernate.boot.archive.scan.internal.StandardScanOptions@35019e56]
2025-06-26T23:30:51.333-04:00 DEBUG 11948 --- [hw] [           main] o.h.j.b.i.PersistenceUnitInfoDescriptor  : Pushing class transformers for PU named 'default' on loading classloader jdk.internal.loader.ClassLoaders$AppClassLoader@70dea4e
2025-06-26T23:30:51.338-04:00  INFO 11948 --- [hw] [           main] o.s.o.j.p.SpringPersistenceUnitInfo      : No LoadTimeWeaver setup: ignoring JPA class transformer
2025-06-26T23:30:51.338-04:00 DEBUG 11948 --- [hw] [           main] o.h.boot.internal.BootstrapContextImpl   : Injecting JPA temp ClassLoader [null] into BootstrapContext; was [org.springframework.instrument.classloading.SimpleThrowawayClassLoader@ee6533]
2025-06-26T23:30:51.338-04:00 DEBUG 11948 --- [hw] [           main] o.h.boot.internal.ClassLoaderAccessImpl  : ClassLoaderAccessImpl#injectTempClassLoader(null) [was org.springframework.instrument.classloading.SimpleThrowawayClassLoader@ee6533]
2025-06-26T23:30:51.341-04:00 DEBUG 11948 --- [hw] [           main] o.h.e.j.e.i.JdbcEnvironmentInitiator     : Database ->
	   name : H2
	version : 2.3.232 (2024-08-11)
	  major : 2
	  minor : 3
2025-06-26T23:30:51.341-04:00 DEBUG 11948 --- [hw] [           main] o.h.e.j.e.i.JdbcEnvironmentInitiator     : Driver ->
	   name : H2 JDBC Driver
	version : 2.3.232 (2024-08-11)
	  major : 2
	  minor : 3
2025-06-26T23:30:51.341-04:00 DEBUG 11948 --- [hw] [           main] o.h.e.j.e.i.JdbcEnvironmentInitiator     : JDBC version : 4.3
2025-06-26T23:30:51.356-04:00  WARN 11948 --- [hw] [           main] org.hibernate.dialect.Dialect            : HHH000511: The 2.3.232 version for [org.hibernate.dialect.OracleDialect] is no longer supported, hence certain features may not work properly. The minimum supported version is 19.0.0. Check the community dialects project for available legacy versions.
2025-06-26T23:30:51.357-04:00  WARN 11948 --- [hw] [           main] org.hibernate.orm.deprecation            : HHH90000025: OracleDialect does not need to be specified explicitly using 'hibernate.dialect' (remove the property setting and it will be selected by default)
2025-06-26T23:30:51.357-04:00 DEBUG 11948 --- [hw] [           main] org.hibernate.orm.dialect                : HHH035001: Using dialect: org.hibernate.dialect.OracleDialect, version: 2.3.232
2025-06-26T23:30:51.357-04:00 DEBUG 11948 --- [hw] [           main] o.h.e.j.env.spi.IdentifierHelperBuilder  : JDBC driver metadata reported database stores quoted identifiers in neither upper, lower nor mixed case
2025-06-26T23:30:51.360-04:00  INFO 11948 --- [hw] [           main] org.hibernate.orm.connections.pooling    : HHH10001005: Database info:
	Database JDBC URL [Connecting through datasource 'org.springframework.jdbc.datasource.embedded.EmbeddedDatabaseFactory$EmbeddedDataSourceProxy@4ffff10c']
	Database driver: undefined/unknown
	Database version: 2.3.232
	Autocommit mode: undefined/unknown
	Isolation level: undefined/unknown
	Minimum pool size: undefined/unknown
	Maximum pool size: undefined/unknown
2025-06-26T23:30:51.360-04:00 DEBUG 11948 --- [hw] [           main] o.h.t.d.jdbc.spi.JdbcTypeRegistry        : addDescriptor(NCharTypeDescriptor) replaced previous registration(CharTypeDescriptor)
2025-06-26T23:30:51.360-04:00 DEBUG 11948 --- [hw] [           main] o.h.t.d.jdbc.spi.JdbcTypeRegistry        : addDescriptor(NVarcharTypeDescriptor) replaced previous registration(VarcharTypeDescriptor)
2025-06-26T23:30:51.360-04:00 DEBUG 11948 --- [hw] [           main] o.h.t.d.jdbc.spi.JdbcTypeRegistry        : addDescriptor(LongNVarcharTypeDescriptor) replaced previous registration(LongVarcharTypeDescriptor)
2025-06-26T23:30:51.360-04:00 DEBUG 11948 --- [hw] [           main] o.h.t.d.jdbc.spi.JdbcTypeRegistry        : addDescriptor(NClobTypeDescriptor(DEFAULT)) replaced previous registration(ClobTypeDescriptor(DEFAULT))
2025-06-26T23:30:51.360-04:00 DEBUG 11948 --- [hw] [           main] o.h.t.d.jdbc.spi.JdbcTypeRegistry        : addDescriptor(BooleanTypeDescriptor) replaced previous registration(BooleanTypeDescriptor)
2025-06-26T23:30:51.360-04:00 DEBUG 11948 --- [hw] [           main] org.hibernate.type.BasicTypeRegistry     : Adding type registration null -> org.hibernate.type.NullType@483381ea
2025-06-26T23:30:51.360-04:00 DEBUG 11948 --- [hw] [           main] org.hibernate.type.BasicTypeRegistry     : Type registration key [null] overrode previous entry : `org.hibernate.type.NullType@15186ce0`
2025-06-26T23:30:51.360-04:00 DEBUG 11948 --- [hw] [           main] org.hibernate.type.BasicTypeRegistry     : Adding type registration JAVA_OBJECT -> org.hibernate.type.JavaObjectType@499d1026
2025-06-26T23:30:51.360-04:00 DEBUG 11948 --- [hw] [           main] org.hibernate.type.BasicTypeRegistry     : Adding type registration java.lang.Object -> org.hibernate.type.JavaObjectType@499d1026
2025-06-26T23:30:51.361-04:00 DEBUG 11948 --- [hw] [           main] org.hibernate.type.BasicTypeRegistry     : Type registration key [java.lang.Object] overrode previous entry : `org.hibernate.type.JavaObjectType@7686f701`
2025-06-26T23:30:51.361-04:00 DEBUG 11948 --- [hw] [           main] org.hibernate.type.BasicTypeRegistry     : Adding type registration org.hibernate.type.DurationType -> basicType@39(java.time.Duration,3015)
2025-06-26T23:30:51.361-04:00 DEBUG 11948 --- [hw] [           main] org.hibernate.type.BasicTypeRegistry     : Adding type registration Duration -> basicType@39(java.time.Duration,3015)
2025-06-26T23:30:51.361-04:00 DEBUG 11948 --- [hw] [           main] org.hibernate.type.BasicTypeRegistry     : Adding type registration java.time.Duration -> basicType@39(java.time.Duration,3015)
2025-06-26T23:30:51.361-04:00 DEBUG 11948 --- [hw] [           main] o.h.type.spi.TypeConfiguration$Scope     : Scoping TypeConfiguration [org.hibernate.type.spi.TypeConfiguration@74213bb4] to MetadataBuildingContext [org.hibernate.boot.internal.MetadataBuildingContextRootImpl@18b33243]
2025-06-26T23:30:51.361-04:00 DEBUG 11948 --- [hw] [           main] o.h.boot.model.relational.Namespace      : Created database namespace [logicalName=Name{catalog=null, schema=null}, physicalName=Name{catalog=null, schema=null}]
2025-06-26T23:30:51.361-04:00 DEBUG 11948 --- [hw] [           main] o.h.boot.model.internal.EntityBinder     : Binding entity from annotated class: com.pedidos.hw.model.DetallePedido
2025-06-26T23:30:51.361-04:00 DEBUG 11948 --- [hw] [           main] o.h.boot.model.internal.EntityBinder     : Import with entity name DetallePedido
2025-06-26T23:30:51.361-04:00 DEBUG 11948 --- [hw] [           main] o.h.boot.model.internal.EntityBinder     : Bind entity com.pedidos.hw.model.DetallePedido on table detalle_pedido
2025-06-26T23:30:51.361-04:00 DEBUG 11948 --- [hw] [           main] o.h.boot.model.internal.AnnotatedColumn  : Binding column: AnnotatedDiscriminatorColumn(column='DTYPE')
2025-06-26T23:30:51.362-04:00 DEBUG 11948 --- [hw] [           main] o.h.boot.model.internal.AnnotatedColumn  : Binding column: AnnotatedColumn()
2025-06-26T23:30:51.362-04:00 DEBUG 11948 --- [hw] [           main] o.h.boot.internal.ClassLoaderAccessImpl  : Not known whether passed class name [com.pedidos.hw.model.DetallePedido] is safe
2025-06-26T23:30:51.362-04:00 DEBUG 11948 --- [hw] [           main] o.h.boot.internal.ClassLoaderAccessImpl  : No temp ClassLoader provided; using live ClassLoader for loading potentially unsafe class : com.pedidos.hw.model.DetallePedido
2025-06-26T23:30:51.362-04:00 DEBUG 11948 --- [hw] [           main] o.h.boot.model.internal.PropertyBinder   : MetadataSourceProcessor property id_detalle with lazy=false
2025-06-26T23:30:51.362-04:00 DEBUG 11948 --- [hw] [           main] o.h.b.m.internal.AbstractPropertyHolder  : Attempting to locate auto-apply AttributeConverter for property [com.pedidos.hw.model.DetallePedido:id_detalle]
2025-06-26T23:30:51.362-04:00 DEBUG 11948 --- [hw] [           main] o.h.b.model.internal.BasicValueBinder    : building BasicValue for id_detalle
2025-06-26T23:30:51.362-04:00 DEBUG 11948 --- [hw] [           main] org.hibernate.mapping.BasicValue         : Skipping column re-registration: detalle_pedido.id_detalle
2025-06-26T23:30:51.362-04:00 DEBUG 11948 --- [hw] [           main] o.h.boot.model.internal.PropertyBinder   : Building property id_detalle
2025-06-26T23:30:51.362-04:00 DEBUG 11948 --- [hw] [           main] o.h.boot.model.internal.BinderHelper     : #makeIdGenerator(BasicValue([Column(id_detalle)]), id_detalle, identity, , ...)
2025-06-26T23:30:51.362-04:00 DEBUG 11948 --- [hw] [           main] o.h.boot.model.internal.AnnotatedColumn  : Binding column: AnnotatedColumn()
2025-06-26T23:30:51.362-04:00 DEBUG 11948 --- [hw] [           main] o.h.boot.model.internal.PropertyBinder   : MetadataSourceProcessor property cantidad with lazy=false
2025-06-26T23:30:51.362-04:00 DEBUG 11948 --- [hw] [           main] o.h.b.m.internal.AbstractPropertyHolder  : Attempting to locate auto-apply AttributeConverter for property [com.pedidos.hw.model.DetallePedido:cantidad]
2025-06-26T23:30:51.362-04:00 DEBUG 11948 --- [hw] [           main] o.h.b.model.internal.BasicValueBinder    : building BasicValue for cantidad
2025-06-26T23:30:51.362-04:00 DEBUG 11948 --- [hw] [           main] org.hibernate.mapping.BasicValue         : Skipping column re-registration: detalle_pedido.cantidad
2025-06-26T23:30:51.362-04:00 DEBUG 11948 --- [hw] [           main] o.h.boot.model.internal.PropertyBinder   : Building property cantidad
2025-06-26T23:30:51.362-04:00 DEBUG 11948 --- [hw] [           main] o.h.boot.model.internal.AnnotatedColumn  : Binding column: AnnotatedColumn(column='id_producto')
2025-06-26T23:30:51.362-04:00 DEBUG 11948 --- [hw] [           main] o.h.boot.model.internal.PropertyBinder   : MetadataSourceProcessor property id_producto with lazy=false
2025-06-26T23:30:51.362-04:00 DEBUG 11948 --- [hw] [           main] o.h.b.m.internal.AbstractPropertyHolder  : Attempting to locate auto-apply AttributeConverter for property [com.pedidos.hw.model.DetallePedido:id_producto]
2025-06-26T23:30:51.362-04:00 DEBUG 11948 --- [hw] [           main] o.h.b.model.internal.BasicValueBinder    : building BasicValue for id_producto
2025-06-26T23:30:51.363-04:00 DEBUG 11948 --- [hw] [           main] org.hibernate.mapping.BasicValue         : Skipping column re-registration: detalle_pedido.id_producto
2025-06-26T23:30:51.363-04:00 DEBUG 11948 --- [hw] [           main] o.h.boot.model.internal.PropertyBinder   : Building property id_producto
2025-06-26T23:30:51.363-04:00 DEBUG 11948 --- [hw] [           main] o.h.boot.model.internal.AnnotatedColumn  : Binding column: AnnotatedJoinColumn(column='id_pedido')
2025-06-26T23:30:51.363-04:00 DEBUG 11948 --- [hw] [           main] o.h.boot.model.internal.AnnotatedColumn  : Binding column: AnnotatedColumn()
2025-06-26T23:30:51.363-04:00 DEBUG 11948 --- [hw] [           main] o.h.boot.model.internal.PropertyBinder   : Building property pedido
2025-06-26T23:30:51.363-04:00 DEBUG 11948 --- [hw] [           main] o.h.b.r.c.i.ClassLoaderServiceImpl       : HHH000194: Package not found or no package-info.java: com.pedidos.hw.model
2025-06-26T23:30:51.364-04:00 DEBUG 11948 --- [hw] [           main] o.h.boot.model.internal.EntityBinder     : Binding entity from annotated class: com.pedidos.hw.model.Pedido
2025-06-26T23:30:51.364-04:00 DEBUG 11948 --- [hw] [           main] o.h.boot.model.internal.EntityBinder     : Import with entity name Pedido
2025-06-26T23:30:51.364-04:00 DEBUG 11948 --- [hw] [           main] o.h.boot.model.internal.EntityBinder     : Bind entity com.pedidos.hw.model.Pedido on table pedido
2025-06-26T23:30:51.364-04:00 DEBUG 11948 --- [hw] [           main] o.h.boot.model.internal.AnnotatedColumn  : Binding column: AnnotatedDiscriminatorColumn(column='DTYPE')
2025-06-26T23:30:51.364-04:00 DEBUG 11948 --- [hw] [           main] o.h.boot.model.internal.AnnotatedColumn  : Binding column: AnnotatedColumn()
2025-06-26T23:30:51.364-04:00 DEBUG 11948 --- [hw] [           main] o.h.boot.internal.ClassLoaderAccessImpl  : Not known whether passed class name [com.pedidos.hw.model.Pedido] is safe
2025-06-26T23:30:51.364-04:00 DEBUG 11948 --- [hw] [           main] o.h.boot.internal.ClassLoaderAccessImpl  : No temp ClassLoader provided; using live ClassLoader for loading potentially unsafe class : com.pedidos.hw.model.Pedido
2025-06-26T23:30:51.364-04:00 DEBUG 11948 --- [hw] [           main] o.h.boot.model.internal.PropertyBinder   : MetadataSourceProcessor property id with lazy=false
2025-06-26T23:30:51.364-04:00 DEBUG 11948 --- [hw] [           main] o.h.b.m.internal.AbstractPropertyHolder  : Attempting to locate auto-apply AttributeConverter for property [com.pedidos.hw.model.Pedido:id]
2025-06-26T23:30:51.364-04:00 DEBUG 11948 --- [hw] [           main] o.h.b.model.internal.BasicValueBinder    : building BasicValue for id
2025-06-26T23:30:51.364-04:00 DEBUG 11948 --- [hw] [           main] org.hibernate.mapping.BasicValue         : Skipping column re-registration: pedido.id
2025-06-26T23:30:51.365-04:00 DEBUG 11948 --- [hw] [           main] o.h.boot.model.internal.PropertyBinder   : Building property id
2025-06-26T23:30:51.365-04:00 DEBUG 11948 --- [hw] [           main] o.h.boot.model.internal.BinderHelper     : #makeIdGenerator(BasicValue([Column(id)]), id, identity, , ...)
2025-06-26T23:30:51.365-04:00 DEBUG 11948 --- [hw] [           main] o.h.boot.model.internal.AnnotatedColumn  : Binding column: AnnotatedJoinColumn()
2025-06-26T23:30:51.365-04:00 DEBUG 11948 --- [hw] [           main] o.h.boot.model.internal.AnnotatedColumn  : Binding column: AnnotatedColumn()
2025-06-26T23:30:51.365-04:00 DEBUG 11948 --- [hw] [           main] o.h.boot.model.internal.AnnotatedColumn  : Binding column: IndexColumn(column='detalles_ORDER')
2025-06-26T23:30:51.365-04:00 DEBUG 11948 --- [hw] [           main] o.h.boot.model.internal.AnnotatedColumn  : Binding column: AnnotatedColumn()
2025-06-26T23:30:51.365-04:00 DEBUG 11948 --- [hw] [           main] o.h.boot.model.internal.AnnotatedColumn  : Binding column: AnnotatedColumn(column='detalles_KEY')
2025-06-26T23:30:51.365-04:00 DEBUG 11948 --- [hw] [           main] o.h.boot.model.internal.AnnotatedColumn  : Binding column: AnnotatedJoinColumn(column='detalles_KEY')
2025-06-26T23:30:51.365-04:00 DEBUG 11948 --- [hw] [           main] o.h.boot.model.internal.AnnotatedColumn  : Binding column: AnnotatedJoinColumn()
2025-06-26T23:30:51.365-04:00 DEBUG 11948 --- [hw] [           main] o.h.boot.model.internal.AnnotatedColumn  : Binding column: AnnotatedJoinColumn()
2025-06-26T23:30:51.365-04:00 DEBUG 11948 --- [hw] [           main] o.h.b.model.internal.CollectionBinder    : Collection role: com.pedidos.hw.model.Pedido.detalles
2025-06-26T23:30:51.365-04:00 DEBUG 11948 --- [hw] [           main] o.h.boot.model.internal.PropertyBinder   : Building property detalles
2025-06-26T23:30:51.365-04:00 DEBUG 11948 --- [hw] [           main] o.h.boot.model.internal.AnnotatedColumn  : Binding column: AnnotatedColumn()
2025-06-26T23:30:51.365-04:00 DEBUG 11948 --- [hw] [           main] o.h.boot.model.internal.PropertyBinder   : MetadataSourceProcessor property estado with lazy=false
2025-06-26T23:30:51.365-04:00 DEBUG 11948 --- [hw] [           main] o.h.b.m.internal.AbstractPropertyHolder  : Attempting to locate auto-apply AttributeConverter for property [com.pedidos.hw.model.Pedido:estado]
2025-06-26T23:30:51.365-04:00 DEBUG 11948 --- [hw] [           main] o.h.b.model.internal.BasicValueBinder    : building BasicValue for estado
2025-06-26T23:30:51.365-04:00 DEBUG 11948 --- [hw] [           main] org.hibernate.mapping.BasicValue         : Skipping column re-registration: pedido.estado
2025-06-26T23:30:51.365-04:00 DEBUG 11948 --- [hw] [           main] o.h.boot.model.internal.PropertyBinder   : Building property estado
2025-06-26T23:30:51.366-04:00 DEBUG 11948 --- [hw] [           main] o.h.boot.model.internal.AnnotatedColumn  : Binding column: AnnotatedColumn()
2025-06-26T23:30:51.366-04:00 DEBUG 11948 --- [hw] [           main] o.h.boot.model.internal.PropertyBinder   : MetadataSourceProcessor property fecha_pedido with lazy=false
2025-06-26T23:30:51.366-04:00 DEBUG 11948 --- [hw] [           main] o.h.b.m.internal.AbstractPropertyHolder  : Attempting to locate auto-apply AttributeConverter for property [com.pedidos.hw.model.Pedido:fecha_pedido]
2025-06-26T23:30:51.366-04:00 DEBUG 11948 --- [hw] [           main] o.h.b.model.internal.BasicValueBinder    : building BasicValue for fecha_pedido
2025-06-26T23:30:51.366-04:00 DEBUG 11948 --- [hw] [           main] org.hibernate.mapping.BasicValue         : Skipping column re-registration: pedido.fecha_pedido
2025-06-26T23:30:51.366-04:00 DEBUG 11948 --- [hw] [           main] o.h.boot.model.internal.PropertyBinder   : Building property fecha_pedido
2025-06-26T23:30:51.366-04:00 DEBUG 11948 --- [hw] [           main] o.h.boot.model.internal.AnnotatedColumn  : Binding column: AnnotatedColumn(column='id_usuario')
2025-06-26T23:30:51.366-04:00 DEBUG 11948 --- [hw] [           main] o.h.boot.model.internal.PropertyBinder   : MetadataSourceProcessor property id_usuario with lazy=false
2025-06-26T23:30:51.366-04:00 DEBUG 11948 --- [hw] [           main] o.h.b.m.internal.AbstractPropertyHolder  : Attempting to locate auto-apply AttributeConverter for property [com.pedidos.hw.model.Pedido:id_usuario]
2025-06-26T23:30:51.366-04:00 DEBUG 11948 --- [hw] [           main] o.h.b.model.internal.BasicValueBinder    : building BasicValue for id_usuario
2025-06-26T23:30:51.366-04:00 DEBUG 11948 --- [hw] [           main] org.hibernate.mapping.BasicValue         : Skipping column re-registration: pedido.id_usuario
2025-06-26T23:30:51.366-04:00 DEBUG 11948 --- [hw] [           main] o.h.boot.model.internal.PropertyBinder   : Building property id_usuario
2025-06-26T23:30:51.367-04:00 DEBUG 11948 --- [hw] [           main] o.h.b.r.c.i.ClassLoaderServiceImpl       : HHH000194: Package not found or no package-info.java: com.pedidos.hw.model
2025-06-26T23:30:51.368-04:00 DEBUG 11948 --- [hw] [           main] o.h.b.model.internal.BasicValueBinder    : Starting `BasicValueBinder#fillSimpleValue` for id_detalle
2025-06-26T23:30:51.368-04:00 DEBUG 11948 --- [hw] [           main] o.h.b.model.internal.BasicValueBinder    : Starting `BasicValueBinder#fillSimpleValue` for cantidad
2025-06-26T23:30:51.368-04:00 DEBUG 11948 --- [hw] [           main] o.h.b.model.internal.BasicValueBinder    : Starting `BasicValueBinder#fillSimpleValue` for id_producto
2025-06-26T23:30:51.368-04:00 DEBUG 11948 --- [hw] [           main] o.h.b.model.internal.BasicValueBinder    : Starting `BasicValueBinder#fillSimpleValue` for id
2025-06-26T23:30:51.368-04:00 DEBUG 11948 --- [hw] [           main] o.h.b.model.internal.BasicValueBinder    : Starting `BasicValueBinder#fillSimpleValue` for estado
2025-06-26T23:30:51.368-04:00 DEBUG 11948 --- [hw] [           main] o.h.b.model.internal.BasicValueBinder    : Starting `BasicValueBinder#fillSimpleValue` for fecha_pedido
2025-06-26T23:30:51.368-04:00 DEBUG 11948 --- [hw] [           main] o.h.b.model.internal.BasicValueBinder    : Starting `BasicValueBinder#fillSimpleValue` for id_usuario
2025-06-26T23:30:51.368-04:00 DEBUG 11948 --- [hw] [           main] org.hibernate.mapping.PrimaryKey         : Forcing column [id_detalle] to be non-null as it is part of the primary key for table [detalle_pedido]
2025-06-26T23:30:51.368-04:00 DEBUG 11948 --- [hw] [           main] org.hibernate.mapping.PrimaryKey         : Forcing column [id] to be non-null as it is part of the primary key for table [pedido]
2025-06-26T23:30:51.368-04:00 DEBUG 11948 --- [hw] [           main] o.h.b.m.internal.CollectionSecondPass    : Second pass for collection: com.pedidos.hw.model.Pedido.detalles
2025-06-26T23:30:51.368-04:00 DEBUG 11948 --- [hw] [           main] o.h.b.model.internal.CollectionBinder    : Binding a OneToMany: com.pedidos.hw.model.Pedido.detalles through a foreign key
2025-06-26T23:30:51.368-04:00 DEBUG 11948 --- [hw] [           main] o.h.b.model.internal.CollectionBinder    : Mapping collection: com.pedidos.hw.model.Pedido.detalles -> detalle_pedido
2025-06-26T23:30:51.369-04:00 DEBUG 11948 --- [hw] [           main] o.h.boot.model.internal.TableBinder      : Retrieving property com.pedidos.hw.model.DetallePedido.pedido
2025-06-26T23:30:51.369-04:00 DEBUG 11948 --- [hw] [           main] o.h.b.m.internal.CollectionSecondPass    : Mapped collection key: id_pedido, one-to-many: com.pedidos.hw.model.DetallePedido
2025-06-26T23:30:51.384-04:00 DEBUG 11948 --- [hw] [           main] o.hibernate.internal.SessionFactoryImpl  : Building session factory
2025-06-26T23:30:51.386-04:00 DEBUG 11948 --- [hw] [           main] .h.s.i.SessionFactoryServiceRegistryImpl : EventListenerRegistry access via ServiceRegistry is deprecated.  Use `sessionFactory.getEventEngine().getListenerRegistry()` instead
2025-06-26T23:30:51.387-04:00 DEBUG 11948 --- [hw] [           main] o.hibernate.internal.SessionFactoryImpl  : Instantiating SessionFactory with settings: {hibernate.format_sql=true, java.specification.version=21, sun.cpu.isalist=amd64, hibernate.resource.beans.container=org.springframework.orm.hibernate5.SpringBeanContainer@65820758, hibernate.connection.handling_mode=DELAYED_ACQUISITION_AND_HOLD, sun.jnu.encoding=Cp1252, hibernate.dialect=org.hibernate.dialect.OracleDialect, hibernate.implicit_naming_strategy=org.springframework.boot.orm.jpa.hibernate.SpringImplicitNamingStrategy, java.class.path=c:\Users\colom\Documents\hw_local\pedidos-hw\target\test-classes;c:\Users\colom\Documents\hw_local\pedidos-hw\target\classes;C:\Users\colom\.m2\repository\com\h2database\h2\2.3.232\h2-2.3.232.jar;C:\Users\colom\.m2\repository\com\oracle\database\jdbc\ojdbc11\23.5.0.24.07\ojdbc11-23.5.0.24.07.jar;C:\Users\colom\.m2\repository\com\oracle\database\security\oraclepki\23.5.0.24.07\oraclepki-23.5.0.24.07.jar;C:\Users\colom\.m2\repository\com\oracle\database\security\osdt_cert\19.8.0.0\osdt_cert-19.8.0.0.jar;C:\Users\colom\.m2\repository\com\oracle\database\security\osdt_core\19.8.0.0\osdt_core-19.8.0.0.jar;C:\Users\colom\.m2\repository\org\apache\httpcomponents\client5\httpclient5\5.4.4\httpclient5-5.4.4.jar;C:\Users\colom\.m2\repository\org\apache\httpcomponents\core5\httpcore5\5.3.4\httpcore5-5.3.4.jar;C:\Users\colom\.m2\repository\org\apache\httpcomponents\core5\httpcore5-h2\5.3.4\httpcore5-h2-5.3.4.jar;C:\Users\colom\.m2\repository\org\slf4j\slf4j-api\2.0.17\slf4j-api-2.0.17.jar;C:\Users\colom\.m2\repository\org\projectlombok\lombok\1.18.38\lombok-1.18.38.jar;C:\Users\colom\.m2\repository\org\springdoc\springdoc-openapi-starter-webmvc-ui\2.8.5\springdoc-openapi-starter-webmvc-ui-2.8.5.jar;C:\Users\colom\.m2\repository\org\springdoc\springdoc-openapi-starter-webmvc-api\2.8.5\springdoc-openapi-starter-webmvc-api-2.8.5.jar;C:\Users\colom\.m2\repository\org\springdoc\springdoc-openapi-starter-common\2.8.5\springdoc-openapi-starter-common-2.8.5.jar;C:\Users\colom\.m2\repository\io\swagger\core\v3\swagger-core-jakarta\2.2.28\swagger-core-jakarta-2.2.28.jar;C:\Users\colom\.m2\repository\org\apache\commons\commons-lang3\3.17.0\commons-lang3-3.17.0.jar;C:\Users\colom\.m2\repository\io\swagger\core\v3\swagger-annotations-jakarta\2.2.28\swagger-annotations-jakarta-2.2.28.jar;C:\Users\colom\.m2\repository\io\swagger\core\v3\swagger-models-jakarta\2.2.28\swagger-models-jakarta-2.2.28.jar;C:\Users\colom\.m2\repository\jakarta\validation\jakarta.validation-api\3.0.2\jakarta.validation-api-3.0.2.jar;C:\Users\colom\.m2\repository\com\fasterxml\jackson\dataformat\jackson-dataformat-yaml\2.18.4\jackson-dataformat-yaml-2.18.4.jar;C:\Users\colom\.m2\repository\org\webjars\swagger-ui\5.18.3\swagger-ui-5.18.3.jar;C:\Users\colom\.m2\repository\org\webjars\webjars-locator-lite\1.0.1\webjars-locator-lite-1.0.1.jar;C:\Users\colom\.m2\repository\org\jspecify\jspecify\1.0.0\jspecify-1.0.0.jar;C:\Users\colom\.m2\repository\org\springframework\boot\spring-boot-starter-data-jdbc\3.4.7\spring-boot-starter-data-jdbc-3.4.7.jar;C:\Users\colom\.m2\repository\org\springframework\boot\spring-boot-starter-jdbc\3.4.7\spring-boot-starter-jdbc-3.4.7.jar;C:\Users\colom\.m2\repository\com\zaxxer\HikariCP\5.1.0\HikariCP-5.1.0.jar;C:\Users\colom\.m2\repository\org\springframework\spring-jdbc\6.2.8\spring-jdbc-6.2.8.jar;C:\Users\colom\.m2\repository\org\springframework\data\spring-data-jdbc\3.4.7\spring-data-jdbc-3.4.7.jar;C:\Users\colom\.m2\repository\org\springframework\data\spring-data-relational\3.4.7\spring-data-relational-3.4.7.jar;C:\Users\colom\.m2\repository\org\springframework\data\spring-data-commons\3.4.7\spring-data-commons-3.4.7.jar;C:\Users\colom\.m2\repository\org\springframework\spring-tx\6.2.8\spring-tx-6.2.8.jar;C:\Users\colom\.m2\repository\org\springframework\spring-context\6.2.8\spring-context-6.2.8.jar;C:\Users\colom\.m2\repository\org\springframework\spring-beans\6.2.8\spring-beans-6.2.8.jar;C:\Users\colom\.m2\repository\org\springframework\boot\spring-boot-starter-data-jpa\3.4.7\spring-boot-starter-data-jpa-3.4.7.jar;C:\Users\colom\.m2\repository\org\springframework\boot\spring-boot-starter\3.4.7\spring-boot-starter-3.4.7.jar;C:\Users\colom\.m2\repository\org\springframework\boot\spring-boot\3.4.7\spring-boot-3.4.7.jar;C:\Users\colom\.m2\repository\org\springframework\boot\spring-boot-autoconfigure\3.4.7\spring-boot-autoconfigure-3.4.7.jar;C:\Users\colom\.m2\repository\org\springframework\boot\spring-boot-starter-logging\3.4.7\spring-boot-starter-logging-3.4.7.jar;C:\Users\colom\.m2\repository\ch\qos\logback\logback-classic\1.5.18\logback-classic-1.5.18.jar;C:\Users\colom\.m2\repository\ch\qos\logback\logback-core\1.5.18\logback-core-1.5.18.jar;C:\Users\colom\.m2\repository\org\apache\logging\log4j\log4j-to-slf4j\2.24.3\log4j-to-slf4j-2.24.3.jar;C:\Users\colom\.m2\repository\org\apache\logging\log4j\log4j-api\2.24.3\log4j-api-2.24.3.jar;C:\Users\colom\.m2\repository\org\slf4j\jul-to-slf4j\2.0.17\jul-to-slf4j-2.0.17.jar;C:\Users\colom\.m2\repository\jakarta\annotation\jakarta.annotation-api\2.1.1\jakarta.annotation-api-2.1.1.jar;C:\Users\colom\.m2\repository\org\yaml\snakeyaml\2.3\snakeyaml-2.3.jar;C:\Users\colom\.m2\repository\org\hibernate\orm\hibernate-core\6.6.18.Final\hibernate-core-6.6.18.Final.jar;C:\Users\colom\.m2\repository\jakarta\persistence\jakarta.persistence-api\3.1.0\jakarta.persistence-api-3.1.0.jar;C:\Users\colom\.m2\repository\jakarta\transaction\jakarta.transaction-api\2.0.1\jakarta.transaction-api-2.0.1.jar;C:\Users\colom\.m2\repository\org\jboss\logging\jboss-logging\3.6.1.Final\jboss-logging-3.6.1.Final.jar;C:\Users\colom\.m2\repository\org\hibernate\common\hibernate-commons-annotations\7.0.3.Final\hibernate-commons-annotations-7.0.3.Final.jar;C:\Users\colom\.m2\repository\io\smallrye\jandex\3.2.0\jandex-3.2.0.jar;C:\Users\colom\.m2\repository\com\fasterxml\classmate\1.7.0\classmate-1.7.0.jar;C:\Users\colom\.m2\repository\net\bytebuddy\byte-buddy\1.15.11\byte-buddy-1.15.11.jar;C:\Users\colom\.m2\repository\org\glassfish\jaxb\jaxb-runtime\4.0.5\jaxb-runtime-4.0.5.jar;C:\Users\colom\.m2\repository\org\glassfish\jaxb\jaxb-core\4.0.5\jaxb-core-4.0.5.jar;C:\Users\colom\.m2\repository\org\eclipse\angus\angus-activation\2.0.2\angus-activation-2.0.2.jar;C:\Users\colom\.m2\repository\org\glassfish\jaxb\txw2\4.0.5\txw2-4.0.5.jar;C:\Users\colom\.m2\repository\com\sun\istack\istack-commons-runtime\4.1.2\istack-commons-runtime-4.1.2.jar;C:\Users\colom\.m2\repository\jakarta\inject\jakarta.inject-api\2.0.1\jakarta.inject-api-2.0.1.jar;C:\Users\colom\.m2\repository\org\antlr\antlr4-runtime\4.13.0\antlr4-runtime-4.13.0.jar;C:\Users\colom\.m2\repository\org\springframework\data\spring-data-jpa\3.4.7\spring-data-jpa-3.4.7.jar;C:\Users\colom\.m2\repository\org\springframework\spring-orm\6.2.8\spring-orm-6.2.8.jar;C:\Users\colom\.m2\repository\org\springframework\spring-aop\6.2.8\spring-aop-6.2.8.jar;C:\Users\colom\.m2\repository\org\springframework\spring-aspects\6.2.8\spring-aspects-6.2.8.jar;C:\Users\colom\.m2\repository\org\aspectj\aspectjweaver\1.9.24\aspectjweaver-1.9.24.jar;C:\Users\colom\.m2\repository\org\springframework\boot\spring-boot-starter-hateoas\3.4.7\spring-boot-starter-hateoas-3.4.7.jar;C:\Users\colom\.m2\repository\org\springframework\hateoas\spring-hateoas\2.4.1\spring-hateoas-2.4.1.jar;C:\Users\colom\.m2\repository\org\springframework\plugin\spring-plugin-core\3.0.0\spring-plugin-core-3.0.0.jar;C:\Users\colom\.m2\repository\org\springframework\boot\spring-boot-starter-test\3.3.2\spring-boot-starter-test-3.3.2.jar;C:\Users\colom\.m2\repository\org\springframework\boot\spring-boot-test\3.4.7\spring-boot-test-3.4.7.jar;C:\Users\colom\.m2\repository\org\springframework\boot\spring-boot-test-autoconfigure\3.4.7\spring-boot-test-autoconfigure-3.4.7.jar;C:\Users\colom\.m2\repository\com\jayway\jsonpath\json-path\2.9.0\json-path-2.9.0.jar;C:\Users\colom\.m2\repository\jakarta\xml\bind\jakarta.xml.bind-api\4.0.2\jakarta.xml.bind-api-4.0.2.jar;C:\Users\colom\.m2\repository\jakarta\activation\jakarta.activation-api\2.1.3\jakarta.activation-api-2.1.3.jar;C:\Users\colom\.m2\repository\net\minidev\json-smart\2.5.2\json-smart-2.5.2.jar;C:\Users\colom\.m2\repository\net\minidev\accessors-smart\2.5.2\accessors-smart-2.5.2.jar;C:\Users\colom\.m2\repository\org\ow2\asm\asm\9.7.1\asm-9.7.1.jar;C:\Users\colom\.m2\repository\org\assertj\assertj-core\3.26.3\assertj-core-3.26.3.jar;C:\Users\colom\.m2\repository\org\awaitility\awaitility\4.2.2\awaitility-4.2.2.jar;C:\Users\colom\.m2\repository\org\hamcrest\hamcrest\2.2\hamcrest-2.2.jar;C:\Users\colom\.m2\repository\org\junit\jupiter\junit-jupiter\5.11.4\junit-jupiter-5.11.4.jar;C:\Users\colom\.m2\repository\org\junit\jupiter\junit-jupiter-api\5.11.4\junit-jupiter-api-5.11.4.jar;C:\Users\colom\.m2\repository\org\opentest4j\opentest4j\1.3.0\opentest4j-1.3.0.jar;C:\Users\colom\.m2\repository\org\junit\platform\junit-platform-commons\1.11.4\junit-platform-commons-1.11.4.jar;C:\Users\colom\.m2\repository\org\apiguardian\apiguardian-api\1.1.2\apiguardian-api-1.1.2.jar;C:\Users\colom\.m2\repository\org\junit\jupiter\junit-jupiter-params\5.11.4\junit-jupiter-params-5.11.4.jar;C:\Users\colom\.m2\repository\org\junit\jupiter\junit-jupiter-engine\5.11.4\junit-jupiter-engine-5.11.4.jar;C:\Users\colom\.m2\repository\org\junit\platform\junit-platform-engine\1.11.4\junit-platform-engine-1.11.4.jar;C:\Users\colom\.m2\repository\org\mockito\mockito-core\5.14.2\mockito-core-5.14.2.jar;C:\Users\colom\.m2\repository\net\bytebuddy\byte-buddy-agent\1.15.11\byte-buddy-agent-1.15.11.jar;C:\Users\colom\.m2\repository\org\objenesis\objenesis\3.3\objenesis-3.3.jar;C:\Users\colom\.m2\repository\org\mockito\mockito-junit-jupiter\5.14.2\mockito-junit-jupiter-5.14.2.jar;C:\Users\colom\.m2\repository\org\skyscreamer\jsonassert\1.5.3\jsonassert-1.5.3.jar;C:\Users\colom\.m2\repository\com\vaadin\external\google\android-json\0.0.20131108.vaadin1\android-json-0.0.20131108.vaadin1.jar;C:\Users\colom\.m2\repository\org\springframework\spring-core\6.2.8\spring-core-6.2.8.jar;C:\Users\colom\.m2\repository\org\springframework\spring-jcl\6.2.8\spring-jcl-6.2.8.jar;C:\Users\colom\.m2\repository\org\springframework\spring-test\6.2.8\spring-test-6.2.8.jar;C:\Users\colom\.m2\repository\org\xmlunit\xmlunit-core\2.10.2\xmlunit-core-2.10.2.jar;C:\Users\colom\.m2\repository\org\springframework\boot\spring-boot-starter-web\3.4.7\spring-boot-starter-web-3.4.7.jar;C:\Users\colom\.m2\repository\org\springframework\boot\spring-boot-starter-json\3.4.7\spring-boot-starter-json-3.4.7.jar;C:\Users\colom\.m2\repository\com\fasterxml\jackson\core\jackson-databind\2.18.4\jackson-databind-2.18.4.jar;C:\Users\colom\.m2\repository\com\fasterxml\jackson\core\jackson-annotations\2.18.4\jackson-annotations-2.18.4.jar;C:\Users\colom\.m2\repository\com\fasterxml\jackson\core\jackson-core\2.18.4.1\jackson-core-2.18.4.1.jar;C:\Users\colom\.m2\repository\com\fasterxml\jackson\datatype\jackson-datatype-jdk8\2.18.4\jackson-datatype-jdk8-2.18.4.jar;C:\Users\colom\.m2\repository\com\fasterxml\jackson\datatype\jackson-datatype-jsr310\2.18.4\jackson-datatype-jsr310-2.18.4.jar;C:\Users\colom\.m2\repository\com\fasterxml\jackson\module\jackson-module-parameter-names\2.18.4\jackson-module-parameter-names-2.18.4.jar;C:\Users\colom\.m2\repository\org\springframework\boot\spring-boot-starter-tomcat\3.4.7\spring-boot-starter-tomcat-3.4.7.jar;C:\Users\colom\.m2\repository\org\apache\tomcat\embed\tomcat-embed-core\10.1.42\tomcat-embed-core-10.1.42.jar;C:\Users\colom\.m2\repository\org\apache\tomcat\embed\tomcat-embed-el\10.1.42\tomcat-embed-el-10.1.42.jar;C:\Users\colom\.m2\repository\org\apache\tomcat\embed\tomcat-embed-websocket\10.1.42\tomcat-embed-websocket-10.1.42.jar;C:\Users\colom\.m2\repository\org\springframework\spring-web\6.2.8\spring-web-6.2.8.jar;C:\Users\colom\.m2\repository\io\micrometer\micrometer-observation\1.14.8\micrometer-observation-1.14.8.jar;C:\Users\colom\.m2\repository\io\micrometer\micrometer-commons\1.14.8\micrometer-commons-1.14.8.jar;C:\Users\colom\.m2\repository\org\springframework\spring-webmvc\6.2.8\spring-webmvc-6.2.8.jar;C:\Users\colom\.m2\repository\org\springframework\spring-expression\6.2.8\spring-expression-6.2.8.jar;C:\Users\colom\.m2\repository\org\springframework\cloud\spring-cloud-starter-openfeign\4.2.0\spring-cloud-starter-openfeign-4.2.0.jar;C:\Users\colom\.m2\repository\org\springframework\cloud\spring-cloud-starter\4.2.0\spring-cloud-starter-4.2.0.jar;C:\Users\colom\.m2\repository\org\springframework\cloud\spring-cloud-context\4.2.0\spring-cloud-context-4.2.0.jar;C:\Users\colom\.m2\repository\org\bouncycastle\bcprov-jdk18on\1.78.1\bcprov-jdk18on-1.78.1.jar;C:\Users\colom\.m2\repository\org\springframework\cloud\spring-cloud-openfeign-core\4.2.0\spring-cloud-openfeign-core-4.2.0.jar;C:\Users\colom\.m2\repository\io\github\openfeign\feign-form-spring\13.5\feign-form-spring-13.5.jar;C:\Users\colom\.m2\repository\io\github\openfeign\feign-form\13.5\feign-form-13.5.jar;C:\Users\colom\.m2\repository\commons-fileupload\commons-fileupload\1.5\commons-fileupload-1.5.jar;C:\Users\colom\.m2\repository\commons-io\commons-io\2.11.0\commons-io-2.11.0.jar;C:\Users\colom\.m2\repository\org\springframework\cloud\spring-cloud-commons\4.2.0\spring-cloud-commons-4.2.0.jar;C:\Users\colom\.m2\repository\org\springframework\security\spring-security-crypto\6.4.7\spring-security-crypto-6.4.7.jar;C:\Users\colom\.m2\repository\io\github\openfeign\feign-core\13.5\feign-core-13.5.jar;C:\Users\colom\.m2\repository\io\github\openfeign\feign-slf4j\13.5\feign-slf4j-13.5.jar;, java.vm.vendor=Oracle Corporation, sun.arch.data.model=64, user.variant=, java.vendor.url=https://java.oracle.com/, user.timezone=America/Santiago, jakarta.persistence.sharedCache.mode=UNSPECIFIED, org.jboss.logging.provider=slf4j, java.vm.specification.version=21, os.name=Windows 10, APPLICATION_NAME=hw, jakarta.persistence.nonJtaDataSource=org.springframework.jdbc.datasource.embedded.EmbeddedDatabaseFactory$EmbeddedDataSourceProxy@4ffff10c, sun.java.launcher=SUN_STANDARD, user.country=ES, sun.boot.library.path=C:\Program Files\Java\jdk-21\bin, sun.java.command=C:\Users\colom\AppData\Local\Temp\surefire6246770088341187794\surefirebooter-20250626233035186_3.jar C:\Users\colom\AppData\Local\Temp\surefire6246770088341187794 2025-06-26T23-30-35_097-jvmRun1 surefire-20250626233035186_1tmp surefire_0-20250626233035186_2tmp, javax.persistence.nonJtaDataSource=org.springframework.jdbc.datasource.embedded.EmbeddedDatabaseFactory$EmbeddedDataSourceProxy@4ffff10c, hibernate.transaction.jta.platform=org.hibernate.engine.transaction.jta.platform.internal.NoJtaPlatform@555774c7, jdk.debug=release, surefire.test.class.path=c:\Users\colom\Documents\hw_local\pedidos-hw\target\test-classes;c:\Users\colom\Documents\hw_local\pedidos-hw\target\classes;C:\Users\colom\.m2\repository\com\h2database\h2\2.3.232\h2-2.3.232.jar;C:\Users\colom\.m2\repository\com\oracle\database\jdbc\ojdbc11\23.5.0.24.07\ojdbc11-23.5.0.24.07.jar;C:\Users\colom\.m2\repository\com\oracle\database\security\oraclepki\23.5.0.24.07\oraclepki-23.5.0.24.07.jar;C:\Users\colom\.m2\repository\com\oracle\database\security\osdt_cert\19.8.0.0\osdt_cert-19.8.0.0.jar;C:\Users\colom\.m2\repository\com\oracle\database\security\osdt_core\19.8.0.0\osdt_core-19.8.0.0.jar;C:\Users\colom\.m2\repository\org\apache\httpcomponents\client5\httpclient5\5.4.4\httpclient5-5.4.4.jar;C:\Users\colom\.m2\repository\org\apache\httpcomponents\core5\httpcore5\5.3.4\httpcore5-5.3.4.jar;C:\Users\colom\.m2\repository\org\apache\httpcomponents\core5\httpcore5-h2\5.3.4\httpcore5-h2-5.3.4.jar;C:\Users\colom\.m2\repository\org\slf4j\slf4j-api\2.0.17\slf4j-api-2.0.17.jar;C:\Users\colom\.m2\repository\org\projectlombok\lombok\1.18.38\lombok-1.18.38.jar;C:\Users\colom\.m2\repository\org\springdoc\springdoc-openapi-starter-webmvc-ui\2.8.5\springdoc-openapi-starter-webmvc-ui-2.8.5.jar;C:\Users\colom\.m2\repository\org\springdoc\springdoc-openapi-starter-webmvc-api\2.8.5\springdoc-openapi-starter-webmvc-api-2.8.5.jar;C:\Users\colom\.m2\repository\org\springdoc\springdoc-openapi-starter-common\2.8.5\springdoc-openapi-starter-common-2.8.5.jar;C:\Users\colom\.m2\repository\io\swagger\core\v3\swagger-core-jakarta\2.2.28\swagger-core-jakarta-2.2.28.jar;C:\Users\colom\.m2\repository\org\apache\commons\commons-lang3\3.17.0\commons-lang3-3.17.0.jar;C:\Users\colom\.m2\repository\io\swagger\core\v3\swagger-annotations-jakarta\2.2.28\swagger-annotations-jakarta-2.2.28.jar;C:\Users\colom\.m2\repository\io\swagger\core\v3\swagger-models-jakarta\2.2.28\swagger-models-jakarta-2.2.28.jar;C:\Users\colom\.m2\repository\jakarta\validation\jakarta.validation-api\3.0.2\jakarta.validation-api-3.0.2.jar;C:\Users\colom\.m2\repository\com\fasterxml\jackson\dataformat\jackson-dataformat-yaml\2.18.4\jackson-dataformat-yaml-2.18.4.jar;C:\Users\colom\.m2\repository\org\webjars\swagger-ui\5.18.3\swagger-ui-5.18.3.jar;C:\Users\colom\.m2\repository\org\webjars\webjars-locator-lite\1.0.1\webjars-locator-lite-1.0.1.jar;C:\Users\colom\.m2\repository\org\jspecify\jspecify\1.0.0\jspecify-1.0.0.jar;C:\Users\colom\.m2\repository\org\springframework\boot\spring-boot-starter-data-jdbc\3.4.7\spring-boot-starter-data-jdbc-3.4.7.jar;C:\Users\colom\.m2\repository\org\springframework\boot\spring-boot-starter-jdbc\3.4.7\spring-boot-starter-jdbc-3.4.7.jar;C:\Users\colom\.m2\repository\com\zaxxer\HikariCP\5.1.0\HikariCP-5.1.0.jar;C:\Users\colom\.m2\repository\org\springframework\spring-jdbc\6.2.8\spring-jdbc-6.2.8.jar;C:\Users\colom\.m2\repository\org\springframework\data\spring-data-jdbc\3.4.7\spring-data-jdbc-3.4.7.jar;C:\Users\colom\.m2\repository\org\springframework\data\spring-data-relational\3.4.7\spring-data-relational-3.4.7.jar;C:\Users\colom\.m2\repository\org\springframework\data\spring-data-commons\3.4.7\spring-data-commons-3.4.7.jar;C:\Users\colom\.m2\repository\org\springframework\spring-tx\6.2.8\spring-tx-6.2.8.jar;C:\Users\colom\.m2\repository\org\springframework\spring-context\6.2.8\spring-context-6.2.8.jar;C:\Users\colom\.m2\repository\org\springframework\spring-beans\6.2.8\spring-beans-6.2.8.jar;C:\Users\colom\.m2\repository\org\springframework\boot\spring-boot-starter-data-jpa\3.4.7\spring-boot-starter-data-jpa-3.4.7.jar;C:\Users\colom\.m2\repository\org\springframework\boot\spring-boot-starter\3.4.7\spring-boot-starter-3.4.7.jar;C:\Users\colom\.m2\repository\org\springframework\boot\spring-boot\3.4.7\spring-boot-3.4.7.jar;C:\Users\colom\.m2\repository\org\springframework\boot\spring-boot-autoconfigure\3.4.7\spring-boot-autoconfigure-3.4.7.jar;C:\Users\colom\.m2\repository\org\springframework\boot\spring-boot-starter-logging\3.4.7\spring-boot-starter-logging-3.4.7.jar;C:\Users\colom\.m2\repository\ch\qos\logback\logback-classic\1.5.18\logback-classic-1.5.18.jar;C:\Users\colom\.m2\repository\ch\qos\logback\logback-core\1.5.18\logback-core-1.5.18.jar;C:\Users\colom\.m2\repository\org\apache\logging\log4j\log4j-to-slf4j\2.24.3\log4j-to-slf4j-2.24.3.jar;C:\Users\colom\.m2\repository\org\apache\logging\log4j\log4j-api\2.24.3\log4j-api-2.24.3.jar;C:\Users\colom\.m2\repository\org\slf4j\jul-to-slf4j\2.0.17\jul-to-slf4j-2.0.17.jar;C:\Users\colom\.m2\repository\jakarta\annotation\jakarta.annotation-api\2.1.1\jakarta.annotation-api-2.1.1.jar;C:\Users\colom\.m2\repository\org\yaml\snakeyaml\2.3\snakeyaml-2.3.jar;C:\Users\colom\.m2\repository\org\hibernate\orm\hibernate-core\6.6.18.Final\hibernate-core-6.6.18.Final.jar;C:\Users\colom\.m2\repository\jakarta\persistence\jakarta.persistence-api\3.1.0\jakarta.persistence-api-3.1.0.jar;C:\Users\colom\.m2\repository\jakarta\transaction\jakarta.transaction-api\2.0.1\jakarta.transaction-api-2.0.1.jar;C:\Users\colom\.m2\repository\org\jboss\logging\jboss-logging\3.6.1.Final\jboss-logging-3.6.1.Final.jar;C:\Users\colom\.m2\repository\org\hibernate\common\hibernate-commons-annotations\7.0.3.Final\hibernate-commons-annotations-7.0.3.Final.jar;C:\Users\colom\.m2\repository\io\smallrye\jandex\3.2.0\jandex-3.2.0.jar;C:\Users\colom\.m2\repository\com\fasterxml\classmate\1.7.0\classmate-1.7.0.jar;C:\Users\colom\.m2\repository\net\bytebuddy\byte-buddy\1.15.11\byte-buddy-1.15.11.jar;C:\Users\colom\.m2\repository\org\glassfish\jaxb\jaxb-runtime\4.0.5\jaxb-runtime-4.0.5.jar;C:\Users\colom\.m2\repository\org\glassfish\jaxb\jaxb-core\4.0.5\jaxb-core-4.0.5.jar;C:\Users\colom\.m2\repository\org\eclipse\angus\angus-activation\2.0.2\angus-activation-2.0.2.jar;C:\Users\colom\.m2\repository\org\glassfish\jaxb\txw2\4.0.5\txw2-4.0.5.jar;C:\Users\colom\.m2\repository\com\sun\istack\istack-commons-runtime\4.1.2\istack-commons-runtime-4.1.2.jar;C:\Users\colom\.m2\repository\jakarta\inject\jakarta.inject-api\2.0.1\jakarta.inject-api-2.0.1.jar;C:\Users\colom\.m2\repository\org\antlr\antlr4-runtime\4.13.0\antlr4-runtime-4.13.0.jar;C:\Users\colom\.m2\repository\org\springframework\data\spring-data-jpa\3.4.7\spring-data-jpa-3.4.7.jar;C:\Users\colom\.m2\repository\org\springframework\spring-orm\6.2.8\spring-orm-6.2.8.jar;C:\Users\colom\.m2\repository\org\springframework\spring-aop\6.2.8\spring-aop-6.2.8.jar;C:\Users\colom\.m2\repository\org\springframework\spring-aspects\6.2.8\spring-aspects-6.2.8.jar;C:\Users\colom\.m2\repository\org\aspectj\aspectjweaver\1.9.24\aspectjweaver-1.9.24.jar;C:\Users\colom\.m2\repository\org\springframework\boot\spring-boot-starter-hateoas\3.4.7\spring-boot-starter-hateoas-3.4.7.jar;C:\Users\colom\.m2\repository\org\springframework\hateoas\spring-hateoas\2.4.1\spring-hateoas-2.4.1.jar;C:\Users\colom\.m2\repository\org\springframework\plugin\spring-plugin-core\3.0.0\spring-plugin-core-3.0.0.jar;C:\Users\colom\.m2\repository\org\springframework\boot\spring-boot-starter-test\3.3.2\spring-boot-starter-test-3.3.2.jar;C:\Users\colom\.m2\repository\org\springframework\boot\spring-boot-test\3.4.7\spring-boot-test-3.4.7.jar;C:\Users\colom\.m2\repository\org\springframework\boot\spring-boot-test-autoconfigure\3.4.7\spring-boot-test-autoconfigure-3.4.7.jar;C:\Users\colom\.m2\repository\com\jayway\jsonpath\json-path\2.9.0\json-path-2.9.0.jar;C:\Users\colom\.m2\repository\jakarta\xml\bind\jakarta.xml.bind-api\4.0.2\jakarta.xml.bind-api-4.0.2.jar;C:\Users\colom\.m2\repository\jakarta\activation\jakarta.activation-api\2.1.3\jakarta.activation-api-2.1.3.jar;C:\Users\colom\.m2\repository\net\minidev\json-smart\2.5.2\json-smart-2.5.2.jar;C:\Users\colom\.m2\repository\net\minidev\accessors-smart\2.5.2\accessors-smart-2.5.2.jar;C:\Users\colom\.m2\repository\org\ow2\asm\asm\9.7.1\asm-9.7.1.jar;C:\Users\colom\.m2\repository\org\assertj\assertj-core\3.26.3\assertj-core-3.26.3.jar;C:\Users\colom\.m2\repository\org\awaitility\awaitility\4.2.2\awaitility-4.2.2.jar;C:\Users\colom\.m2\repository\org\hamcrest\hamcrest\2.2\hamcrest-2.2.jar;C:\Users\colom\.m2\repository\org\junit\jupiter\junit-jupiter\5.11.4\junit-jupiter-5.11.4.jar;C:\Users\colom\.m2\repository\org\junit\jupiter\junit-jupiter-api\5.11.4\junit-jupiter-api-5.11.4.jar;C:\Users\colom\.m2\repository\org\opentest4j\opentest4j\1.3.0\opentest4j-1.3.0.jar;C:\Users\colom\.m2\repository\org\junit\platform\junit-platform-commons\1.11.4\junit-platform-commons-1.11.4.jar;C:\Users\colom\.m2\repository\org\apiguardian\apiguardian-api\1.1.2\apiguardian-api-1.1.2.jar;C:\Users\colom\.m2\repository\org\junit\jupiter\junit-jupiter-params\5.11.4\junit-jupiter-params-5.11.4.jar;C:\Users\colom\.m2\repository\org\junit\jupiter\junit-jupiter-engine\5.11.4\junit-jupiter-engine-5.11.4.jar;C:\Users\colom\.m2\repository\org\junit\platform\junit-platform-engine\1.11.4\junit-platform-engine-1.11.4.jar;C:\Users\colom\.m2\repository\org\mockito\mockito-core\5.14.2\mockito-core-5.14.2.jar;C:\Users\colom\.m2\repository\net\bytebuddy\byte-buddy-agent\1.15.11\byte-buddy-agent-1.15.11.jar;C:\Users\colom\.m2\repository\org\objenesis\objenesis\3.3\objenesis-3.3.jar;C:\Users\colom\.m2\repository\org\mockito\mockito-junit-jupiter\5.14.2\mockito-junit-jupiter-5.14.2.jar;C:\Users\colom\.m2\repository\org\skyscreamer\jsonassert\1.5.3\jsonassert-1.5.3.jar;C:\Users\colom\.m2\repository\com\vaadin\external\google\android-json\0.0.20131108.vaadin1\android-json-0.0.20131108.vaadin1.jar;C:\Users\colom\.m2\repository\org\springframework\spring-core\6.2.8\spring-core-6.2.8.jar;C:\Users\colom\.m2\repository\org\springframework\spring-jcl\6.2.8\spring-jcl-6.2.8.jar;C:\Users\colom\.m2\repository\org\springframework\spring-test\6.2.8\spring-test-6.2.8.jar;C:\Users\colom\.m2\repository\org\xmlunit\xmlunit-core\2.10.2\xmlunit-core-2.10.2.jar;C:\Users\colom\.m2\repository\org\springframework\boot\spring-boot-starter-web\3.4.7\spring-boot-starter-web-3.4.7.jar;C:\Users\colom\.m2\repository\org\springframework\boot\spring-boot-starter-json\3.4.7\spring-boot-starter-json-3.4.7.jar;C:\Users\colom\.m2\repository\com\fasterxml\jackson\core\jackson-databind\2.18.4\jackson-databind-2.18.4.jar;C:\Users\colom\.m2\repository\com\fasterxml\jackson\core\jackson-annotations\2.18.4\jackson-annotations-2.18.4.jar;C:\Users\colom\.m2\repository\com\fasterxml\jackson\core\jackson-core\2.18.4.1\jackson-core-2.18.4.1.jar;C:\Users\colom\.m2\repository\com\fasterxml\jackson\datatype\jackson-datatype-jdk8\2.18.4\jackson-datatype-jdk8-2.18.4.jar;C:\Users\colom\.m2\repository\com\fasterxml\jackson\datatype\jackson-datatype-jsr310\2.18.4\jackson-datatype-jsr310-2.18.4.jar;C:\Users\colom\.m2\repository\com\fasterxml\jackson\module\jackson-module-parameter-names\2.18.4\jackson-module-parameter-names-2.18.4.jar;C:\Users\colom\.m2\repository\org\springframework\boot\spring-boot-starter-tomcat\3.4.7\spring-boot-starter-tomcat-3.4.7.jar;C:\Users\colom\.m2\repository\org\apache\tomcat\embed\tomcat-embed-core\10.1.42\tomcat-embed-core-10.1.42.jar;C:\Users\colom\.m2\repository\org\apache\tomcat\embed\tomcat-embed-el\10.1.42\tomcat-embed-el-10.1.42.jar;C:\Users\colom\.m2\repository\org\apache\tomcat\embed\tomcat-embed-websocket\10.1.42\tomcat-embed-websocket-10.1.42.jar;C:\Users\colom\.m2\repository\org\springframework\spring-web\6.2.8\spring-web-6.2.8.jar;C:\Users\colom\.m2\repository\io\micrometer\micrometer-observation\1.14.8\micrometer-observation-1.14.8.jar;C:\Users\colom\.m2\repository\io\micrometer\micrometer-commons\1.14.8\micrometer-commons-1.14.8.jar;C:\Users\colom\.m2\repository\org\springframework\spring-webmvc\6.2.8\spring-webmvc-6.2.8.jar;C:\Users\colom\.m2\repository\org\springframework\spring-expression\6.2.8\spring-expression-6.2.8.jar;C:\Users\colom\.m2\repository\org\springframework\cloud\spring-cloud-starter-openfeign\4.2.0\spring-cloud-starter-openfeign-4.2.0.jar;C:\Users\colom\.m2\repository\org\springframework\cloud\spring-cloud-starter\4.2.0\spring-cloud-starter-4.2.0.jar;C:\Users\colom\.m2\repository\org\springframework\cloud\spring-cloud-context\4.2.0\spring-cloud-context-4.2.0.jar;C:\Users\colom\.m2\repository\org\bouncycastle\bcprov-jdk18on\1.78.1\bcprov-jdk18on-1.78.1.jar;C:\Users\colom\.m2\repository\org\springframework\cloud\spring-cloud-openfeign-core\4.2.0\spring-cloud-openfeign-core-4.2.0.jar;C:\Users\colom\.m2\repository\io\github\openfeign\feign-form-spring\13.5\feign-form-spring-13.5.jar;C:\Users\colom\.m2\repository\io\github\openfeign\feign-form\13.5\feign-form-13.5.jar;C:\Users\colom\.m2\repository\commons-fileupload\commons-fileupload\1.5\commons-fileupload-1.5.jar;C:\Users\colom\.m2\repository\commons-io\commons-io\2.11.0\commons-io-2.11.0.jar;C:\Users\colom\.m2\repository\org\springframework\cloud\spring-cloud-commons\4.2.0\spring-cloud-commons-4.2.0.jar;C:\Users\colom\.m2\repository\org\springframework\security\spring-security-crypto\6.4.7\spring-security-crypto-6.4.7.jar;C:\Users\colom\.m2\repository\io\github\openfeign\feign-core\13.5\feign-core-13.5.jar;C:\Users\colom\.m2\repository\io\github\openfeign\feign-slf4j\13.5\feign-slf4j-13.5.jar;, sun.cpu.endian=little, hibernate.cdi.extensions=true, user.home=C:\Users\colom, user.language=es, java.specification.vendor=Oracle Corporation, java.version.date=2024-10-15, java.home=C:\Program Files\Java\jdk-21, file.separator=\, basedir=c:\Users\colom\Documents\hw_local\pedidos-hw, java.vm.compressedOopsMode=Zero based, line.separator=
, hibernate.persistenceUnitName=default, java.vm.specification.vendor=Oracle Corporation, java.specification.name=Java Platform API Specification, FILE_LOG_CHARSET=UTF-8, hibernate.transaction.coordinator_class=class org.hibernate.resource.transaction.backend.jdbc.internal.JdbcResourceLocalTransactionCoordinatorBuilderImpl, java.awt.headless=true, surefire.real.class.path=C:\Users\colom\AppData\Local\Temp\surefire6246770088341187794\surefirebooter-20250626233035186_3.jar, jakarta.persistence.validation.mode=AUTO, hibernate.hbm2ddl.auto=create-drop, user.script=, sun.management.compiler=HotSpot 64-Bit Tiered Compilers, java.runtime.version=21.0.5+9-LTS-239, user.name=colom, stdout.encoding=Cp1252, path.separator=;, os.version=10.0, java.runtime.name=Java(TM) SE Runtime Environment, file.encoding=UTF-8, java.vm.name=Java HotSpot(TM) 64-Bit Server VM, hibernate.show_sql=true, localRepository=C:\Users\colom\.m2\repository, java.vendor.url.bug=https://bugreport.java.com/bugreport/, java.io.tmpdir=C:\Users\colom\AppData\Local\Temp\, java.version=21.0.5, hibernate.physical_naming_strategy=org.hibernate.boot.model.naming.CamelCaseToUnderscoresNamingStrategy, user.dir=c:\Users\colom\Documents\hw_local\pedidos-hw, os.arch=amd64, java.vm.specification.name=Java Virtual Machine Specification, PID=11948, sun.os.patch.level=, CONSOLE_LOG_CHARSET=UTF-8, hibernate.boot.CfgXmlAccessService.key=org.hibernate.boot.registry.StandardServiceRegistryBuilder$1@4426536a, native.encoding=Cp1252, java.library.path=C:\Program Files\Java\jdk-21\bin;C:\Windows\Sun\Java\bin;C:\Windows\system32;C:\Windows;C:\Program Files\Common Files\Oracle\Java\javapath;C:\Windows\system32;C:\Windows;C:\Windows\System32\Wbem;C:\Windows\System32\WindowsPowerShell\v1.0\;C:\Windows\System32\OpenSSH\;C:\Program Files\Git\cmd;C:\Users\colom\AppData\Local\Microsoft\WindowsApps;C:\Users\colom\AppData\Local\Programs\Microsoft VS Code\bin;., stderr.encoding=Cp1252, java.vendor=Oracle Corporation, java.vm.info=mixed mode, sharing, java.vm.version=21.0.5+9-LTS-239, sun.io.unicode.encoding=UnicodeLittle, hibernate.archive.scanner=org.hibernate.boot.archive.scan.internal.DisabledScanner, hibernate.connection.datasource=org.springframework.jdbc.datasource.embedded.EmbeddedDatabaseFactory$EmbeddedDataSourceProxy@4ffff10c, java.class.version=65.0, LOGGED_APPLICATION_NAME=[hw] }
2025-06-26T23:30:51.387-04:00 DEBUG 11948 --- [hw] [           main] o.hibernate.internal.SessionFactoryImpl  : Session factory constructed with filter configurations : {}
2025-06-26T23:30:51.388-04:00 DEBUG 11948 --- [hw] [           main] o.h.b.beanvalidation.TypeSafeActivator   : Unable to acquire Bean Validation ValidatorFactory, skipping activation
2025-06-26T23:30:51.389-04:00 DEBUG 11948 --- [hw] [           main] o.h.q.sqm.function.SqmFunctionRegistry   : Registered SqmFunctionTemplate [NamedSqmFunctionTemplate(max)] under max; prior registration was null
2025-06-26T23:30:51.389-04:00 DEBUG 11948 --- [hw] [           main] o.h.q.sqm.function.SqmFunctionRegistry   : Registered SqmFunctionTemplate [NamedSqmFunctionTemplate(min)] under min; prior registration was null
2025-06-26T23:30:51.390-04:00 DEBUG 11948 --- [hw] [           main] o.h.q.sqm.function.SqmFunctionRegistry   : Registered SqmFunctionTemplate [NamedSqmFunctionTemplate(sum)] under sum; prior registration was null
2025-06-26T23:30:51.390-04:00 DEBUG 11948 --- [hw] [           main] o.h.q.sqm.function.SqmFunctionRegistry   : Registered SqmFunctionTemplate [NamedSqmFunctionTemplate(avg)] under avg; prior registration was null
2025-06-26T23:30:51.390-04:00 DEBUG 11948 --- [hw] [           main] o.h.q.sqm.function.SqmFunctionRegistry   : Registered SqmFunctionTemplate [org.hibernate.dialect.function.CountFunction@175f1ff5] under count; prior registration was null
2025-06-26T23:30:51.390-04:00 DEBUG 11948 --- [hw] [           main] o.h.q.sqm.function.SqmFunctionRegistry   : Registered SqmFunctionTemplate [org.hibernate.dialect.function.EveryAnyEmulation@5e583af4] under every; prior registration was null
2025-06-26T23:30:51.390-04:00 DEBUG 11948 --- [hw] [           main] o.h.q.sqm.function.SqmFunctionRegistry   : Registered SqmFunctionTemplate [org.hibernate.dialect.function.EveryAnyEmulation@98a954a] under any; prior registration was null
2025-06-26T23:30:51.390-04:00 DEBUG 11948 --- [hw] [           main] o.h.q.sqm.function.SqmFunctionRegistry   : Registered SqmFunctionTemplate [NamedSqmFunctionTemplate(floor)] under floor; prior registration was null
2025-06-26T23:30:51.390-04:00 DEBUG 11948 --- [hw] [           main] o.h.q.sqm.function.SqmFunctionRegistry   : Registered SqmFunctionTemplate [NamedSqmFunctionTemplate(ceiling)] under ceiling; prior registration was null
2025-06-26T23:30:51.390-04:00 DEBUG 11948 --- [hw] [           main] o.h.q.sqm.function.SqmFunctionRegistry   : Registered SqmFunctionTemplate [NamedSqmFunctionTemplate(mod)] under mod; prior registration was null
2025-06-26T23:30:51.390-04:00 DEBUG 11948 --- [hw] [           main] o.h.q.sqm.function.SqmFunctionRegistry   : Registered SqmFunctionTemplate [NamedSqmFunctionTemplate(abs)] under abs; prior registration was null
2025-06-26T23:30:51.390-04:00 DEBUG 11948 --- [hw] [           main] o.h.q.sqm.function.SqmFunctionRegistry   : Registered SqmFunctionTemplate [NamedSqmFunctionTemplate(sign)] under sign; prior registration was null
2025-06-26T23:30:51.390-04:00 DEBUG 11948 --- [hw] [           main] o.h.q.sqm.function.SqmFunctionRegistry   : Registered SqmFunctionTemplate [NamedSqmFunctionTemplate(sqrt)] under sqrt; prior registration was null
2025-06-26T23:30:51.390-04:00 DEBUG 11948 --- [hw] [           main] o.h.q.sqm.function.SqmFunctionRegistry   : Registered SqmFunctionTemplate [NamedSqmFunctionTemplate(ln)] under ln; prior registration was null
2025-06-26T23:30:51.390-04:00 DEBUG 11948 --- [hw] [           main] o.h.q.sqm.function.SqmFunctionRegistry   : Registered SqmFunctionTemplate [NamedSqmFunctionTemplate(exp)] under exp; prior registration was null
2025-06-26T23:30:51.390-04:00 DEBUG 11948 --- [hw] [           main] o.h.q.sqm.function.SqmFunctionRegistry   : Registered SqmFunctionTemplate [NamedSqmFunctionTemplate(power)] under power; prior registration was null
2025-06-26T23:30:51.390-04:00 DEBUG 11948 --- [hw] [           main] o.h.q.sqm.function.SqmFunctionRegistry   : Registered SqmFunctionTemplate [NamedSqmFunctionTemplate(round)] under round; prior registration was null
2025-06-26T23:30:51.390-04:00 DEBUG 11948 --- [hw] [           main] o.h.q.sqm.function.SqmFunctionRegistry   : Registered SqmFunctionTemplate [NamedSqmFunctionTemplate(sin)] under sin; prior registration was null
2025-06-26T23:30:51.390-04:00 DEBUG 11948 --- [hw] [           main] o.h.q.sqm.function.SqmFunctionRegistry   : Registered SqmFunctionTemplate [NamedSqmFunctionTemplate(cos)] under cos; prior registration was null
2025-06-26T23:30:51.390-04:00 DEBUG 11948 --- [hw] [           main] o.h.q.sqm.function.SqmFunctionRegistry   : Registered SqmFunctionTemplate [NamedSqmFunctionTemplate(tan)] under tan; prior registration was null
2025-06-26T23:30:51.390-04:00 DEBUG 11948 --- [hw] [           main] o.h.q.sqm.function.SqmFunctionRegistry   : Registered SqmFunctionTemplate [NamedSqmFunctionTemplate(asin)] under asin; prior registration was null
2025-06-26T23:30:51.390-04:00 DEBUG 11948 --- [hw] [           main] o.h.q.sqm.function.SqmFunctionRegistry   : Registered SqmFunctionTemplate [NamedSqmFunctionTemplate(acos)] under acos; prior registration was null
2025-06-26T23:30:51.390-04:00 DEBUG 11948 --- [hw] [           main] o.h.q.sqm.function.SqmFunctionRegistry   : Registered SqmFunctionTemplate [NamedSqmFunctionTemplate(atan)] under atan; prior registration was null
2025-06-26T23:30:51.390-04:00 DEBUG 11948 --- [hw] [           main] o.h.q.sqm.function.SqmFunctionRegistry   : Registered SqmFunctionTemplate [NamedSqmFunctionTemplate(atan2)] under atan2; prior registration was null
2025-06-26T23:30:51.390-04:00 DEBUG 11948 --- [hw] [           main] o.h.q.sqm.function.SqmFunctionRegistry   : Registered SqmFunctionTemplate [org.hibernate.query.sqm.function.PatternBasedSqmFunctionDescriptor@4d37a098] under sinh; prior registration was null
2025-06-26T23:30:51.390-04:00 DEBUG 11948 --- [hw] [           main] o.h.q.sqm.function.SqmFunctionRegistry   : Registered SqmFunctionTemplate [org.hibernate.query.sqm.function.PatternBasedSqmFunctionDescriptor@22f8be7c] under cosh; prior registration was null
2025-06-26T23:30:51.391-04:00 DEBUG 11948 --- [hw] [           main] o.h.q.sqm.function.SqmFunctionRegistry   : Registered SqmFunctionTemplate [org.hibernate.query.sqm.function.PatternBasedSqmFunctionDescriptor@3de8af4d] under tanh; prior registration was null
2025-06-26T23:30:51.391-04:00 DEBUG 11948 --- [hw] [           main] o.h.q.sqm.function.SqmFunctionRegistry   : Registered SqmFunctionTemplate [org.hibernate.query.sqm.function.PatternBasedSqmFunctionDescriptor@60155d7f] under pi; prior registration was null
2025-06-26T23:30:51.391-04:00 DEBUG 11948 --- [hw] [           main] o.h.q.sqm.function.SqmFunctionRegistry   : Registered SqmFunctionTemplate [org.hibernate.query.sqm.function.PatternBasedSqmFunctionDescriptor@10d60285] under log; prior registration was null
2025-06-26T23:30:51.391-04:00 DEBUG 11948 --- [hw] [           main] o.h.q.sqm.function.SqmFunctionRegistry   : Registered SqmFunctionTemplate [NamedSqmFunctionTemplate(coalesce)] under coalesce; prior registration was null
2025-06-26T23:30:51.391-04:00 DEBUG 11948 --- [hw] [           main] o.h.q.sqm.function.SqmFunctionRegistry   : Registered SqmFunctionTemplate [NamedSqmFunctionTemplate(nullif)] under nullif; prior registration was null
2025-06-26T23:30:51.391-04:00 DEBUG 11948 --- [hw] [           main] o.h.q.sqm.function.SqmFunctionRegistry   : Registered SqmFunctionTemplate [NamedSqmFunctionTemplate(left)] under left; prior registration was null
2025-06-26T23:30:51.391-04:00 DEBUG 11948 --- [hw] [           main] o.h.q.sqm.function.SqmFunctionRegistry   : Registered SqmFunctionTemplate [NamedSqmFunctionTemplate(right)] under right; prior registration was null
2025-06-26T23:30:51.391-04:00 DEBUG 11948 --- [hw] [           main] o.h.q.sqm.function.SqmFunctionRegistry   : Registered SqmFunctionTemplate [NamedSqmFunctionTemplate(replace)] under replace; prior registration was null
2025-06-26T23:30:51.391-04:00 DEBUG 11948 --- [hw] [           main] o.h.q.sqm.function.SqmFunctionRegistry   : Registered SqmFunctionTemplate [NamedSqmFunctionTemplate(concat)] under concat; prior registration was null
2025-06-26T23:30:51.391-04:00 DEBUG 11948 --- [hw] [           main] o.h.q.sqm.function.SqmFunctionRegistry   : Registered SqmFunctionTemplate [NamedSqmFunctionTemplate(lower)] under lower; prior registration was null
2025-06-26T23:30:51.391-04:00 DEBUG 11948 --- [hw] [           main] o.h.q.sqm.function.SqmFunctionRegistry   : Registered SqmFunctionTemplate [NamedSqmFunctionTemplate(upper)] under upper; prior registration was null
2025-06-26T23:30:51.391-04:00 DEBUG 11948 --- [hw] [           main] o.h.q.sqm.function.SqmFunctionRegistry   : Registered SqmFunctionTemplate [NamedSqmFunctionTemplate(substring)] under substring; prior registration was null
2025-06-26T23:30:51.391-04:00 DEBUG 11948 --- [hw] [           main] o.h.q.sqm.function.SqmFunctionRegistry   : Registered SqmFunctionTemplate [NamedSqmFunctionTemplate(locate)] under locate; prior registration was null
2025-06-26T23:30:51.391-04:00 DEBUG 11948 --- [hw] [           main] o.h.q.sqm.function.SqmFunctionRegistry   : Registered SqmFunctionTemplate [NamedSqmFunctionTemplate(character_length)] under character_length; prior registration was null
2025-06-26T23:30:51.391-04:00 DEBUG 11948 --- [hw] [           main] o.h.q.sqm.function.SqmFunctionRegistry   : Registering alternate key : length -> character_length
2025-06-26T23:30:51.391-04:00 DEBUG 11948 --- [hw] [           main] o.h.q.sqm.function.SqmFunctionRegistry   : Registered SqmFunctionTemplate [org.hibernate.dialect.function.LocatePositionEmulation@773a45bd] under position; prior registration was null
2025-06-26T23:30:51.391-04:00 DEBUG 11948 --- [hw] [           main] o.h.q.sqm.function.SqmFunctionRegistry   : Registered SqmFunctionTemplate [org.hibernate.dialect.function.InsertSubstringOverlayEmulation@f501ed0] under overlay; prior registration was null
2025-06-26T23:30:51.391-04:00 DEBUG 11948 --- [hw] [           main] o.h.q.sqm.function.SqmFunctionRegistry   : Registered SqmFunctionTemplate [org.hibernate.dialect.function.TrimFunction@456454e0] under trim; prior registration was null
2025-06-26T23:30:51.391-04:00 DEBUG 11948 --- [hw] [           main] o.h.q.sqm.function.SqmFunctionRegistry   : Registered SqmFunctionTemplate [org.hibernate.dialect.function.CastFunction@6586b4e3] under cast; prior registration was null
2025-06-26T23:30:51.391-04:00 DEBUG 11948 --- [hw] [           main] o.h.q.sqm.function.SqmFunctionRegistry   : Registered SqmFunctionTemplate [org.hibernate.query.sqm.function.PatternBasedSqmFunctionDescriptor@40340243] under collate; prior registration was null
2025-06-26T23:30:51.391-04:00 DEBUG 11948 --- [hw] [           main] o.h.q.sqm.function.SqmFunctionRegistry   : Registered SqmFunctionTemplate [org.hibernate.dialect.function.ExtractFunction@4f9d220b] under extract; prior registration was null
2025-06-26T23:30:51.392-04:00 DEBUG 11948 --- [hw] [           main] o.h.q.sqm.function.SqmFunctionRegistry   : Registered SqmFunctionTemplate [NamedSqmFunctionTemplate(least)] under least; prior registration was null
2025-06-26T23:30:51.392-04:00 DEBUG 11948 --- [hw] [           main] o.h.q.sqm.function.SqmFunctionRegistry   : Registered SqmFunctionTemplate [NamedSqmFunctionTemplate(greatest)] under greatest; prior registration was null
2025-06-26T23:30:51.392-04:00 DEBUG 11948 --- [hw] [           main] o.h.q.sqm.function.SqmFunctionRegistry   : Registered SqmFunctionTemplate [org.hibernate.dialect.function.CoalesceIfnullEmulation@2839ac4c] under ifnull; prior registration was null
2025-06-26T23:30:51.392-04:00 DEBUG 11948 --- [hw] [           main] o.h.q.sqm.function.SqmFunctionRegistry   : Registered SqmFunctionTemplate [NamedSqmFunctionTemplate(lpad)] under lpad; prior registration was null
2025-06-26T23:30:51.392-04:00 DEBUG 11948 --- [hw] [           main] o.h.q.sqm.function.SqmFunctionRegistry   : Registered SqmFunctionTemplate [NamedSqmFunctionTemplate(rpad)] under rpad; prior registration was null
2025-06-26T23:30:51.392-04:00 DEBUG 11948 --- [hw] [           main] o.h.q.sqm.function.SqmFunctionRegistry   : Registered SqmFunctionTemplate [org.hibernate.dialect.function.LpadRpadPadEmulation@78483404] under pad; prior registration was null
2025-06-26T23:30:51.392-04:00 DEBUG 11948 --- [hw] [           main] o.h.q.sqm.function.SqmFunctionRegistry   : Registered SqmFunctionTemplate [org.hibernate.dialect.function.CastStrEmulation@180e1754] under str; prior registration was null
2025-06-26T23:30:51.392-04:00 DEBUG 11948 --- [hw] [           main] o.h.q.sqm.function.SqmFunctionRegistry   : Registered SqmFunctionTemplate [org.hibernate.dialect.function.FormatFunction@3ea5f324] under format; prior registration was null
2025-06-26T23:30:51.392-04:00 DEBUG 11948 --- [hw] [           main] o.h.q.sqm.function.SqmFunctionRegistry   : Registered SqmFunctionTemplate [org.hibernate.dialect.function.TimestampaddFunction@5b9b7370] under timestampadd; prior registration was null
2025-06-26T23:30:51.392-04:00 DEBUG 11948 --- [hw] [           main] o.h.q.sqm.function.SqmFunctionRegistry   : Registered SqmFunctionTemplate [org.hibernate.dialect.function.TimestampdiffFunction@62ca9413] under timestampdiff; prior registration was null
2025-06-26T23:30:51.392-04:00 DEBUG 11948 --- [hw] [           main] o.h.q.sqm.function.SqmFunctionRegistry   : Registering alternate key : dateadd -> timestampadd
2025-06-26T23:30:51.392-04:00 DEBUG 11948 --- [hw] [           main] o.h.q.sqm.function.SqmFunctionRegistry   : Registering alternate key : datediff -> timestampdiff
2025-06-26T23:30:51.392-04:00 DEBUG 11948 --- [hw] [           main] o.h.q.sqm.function.SqmFunctionRegistry   : Registered SqmFunctionTemplate [org.hibernate.dialect.function.CurrentFunction@a969ba9] under current_date; prior registration was null
2025-06-26T23:30:51.392-04:00 DEBUG 11948 --- [hw] [           main] o.h.q.sqm.function.SqmFunctionRegistry   : Registered SqmFunctionTemplate [org.hibernate.dialect.function.CurrentFunction@1b3b650c] under current_time; prior registration was null
2025-06-26T23:30:51.392-04:00 DEBUG 11948 --- [hw] [           main] o.h.q.sqm.function.SqmFunctionRegistry   : Registered SqmFunctionTemplate [org.hibernate.dialect.function.CurrentFunction@1b3b95e8] under current_timestamp; prior registration was null
2025-06-26T23:30:51.392-04:00 DEBUG 11948 --- [hw] [           main] o.h.q.sqm.function.SqmFunctionRegistry   : Registering alternate key : current date -> current_date
2025-06-26T23:30:51.392-04:00 DEBUG 11948 --- [hw] [           main] o.h.q.sqm.function.SqmFunctionRegistry   : Registering alternate key : current time -> current_time
2025-06-26T23:30:51.392-04:00 DEBUG 11948 --- [hw] [           main] o.h.q.sqm.function.SqmFunctionRegistry   : Registering alternate key : current timestamp -> current_timestamp
2025-06-26T23:30:51.392-04:00 DEBUG 11948 --- [hw] [           main] o.h.q.sqm.function.SqmFunctionRegistry   : Registered SqmFunctionTemplate [org.hibernate.dialect.function.CurrentFunction@2d67f090] under local_date; prior registration was null
2025-06-26T23:30:51.392-04:00 DEBUG 11948 --- [hw] [           main] o.h.q.sqm.function.SqmFunctionRegistry   : Registered SqmFunctionTemplate [org.hibernate.dialect.function.CurrentFunction@13126d46] under local_time; prior registration was null
2025-06-26T23:30:51.392-04:00 DEBUG 11948 --- [hw] [           main] o.h.q.sqm.function.SqmFunctionRegistry   : Registered SqmFunctionTemplate [org.hibernate.dialect.function.CurrentFunction@53c1792d] under local_datetime; prior registration was null
2025-06-26T23:30:51.392-04:00 DEBUG 11948 --- [hw] [           main] o.h.q.sqm.function.SqmFunctionRegistry   : Registered SqmFunctionTemplate [org.hibernate.dialect.function.CurrentFunction@14922268] under offset_datetime; prior registration was null
2025-06-26T23:30:51.392-04:00 DEBUG 11948 --- [hw] [           main] o.h.q.sqm.function.SqmFunctionRegistry   : Registering alternate key : local date -> local_date
2025-06-26T23:30:51.392-04:00 DEBUG 11948 --- [hw] [           main] o.h.q.sqm.function.SqmFunctionRegistry   : Registering alternate key : local time -> local_time
2025-06-26T23:30:51.392-04:00 DEBUG 11948 --- [hw] [           main] o.h.q.sqm.function.SqmFunctionRegistry   : Registering alternate key : local datetime -> local_datetime
2025-06-26T23:30:51.392-04:00 DEBUG 11948 --- [hw] [           main] o.h.q.sqm.function.SqmFunctionRegistry   : Registering alternate key : offset datetime -> offset_datetime
2025-06-26T23:30:51.392-04:00 DEBUG 11948 --- [hw] [           main] o.h.q.sqm.function.SqmFunctionRegistry   : Registered SqmFunctionTemplate [org.hibernate.dialect.function.CurrentFunction@663b31a] under instant; prior registration was null
2025-06-26T23:30:51.392-04:00 DEBUG 11948 --- [hw] [           main] o.h.q.sqm.function.SqmFunctionRegistry   : Registering alternate key : current_instant -> instant
2025-06-26T23:30:51.392-04:00 DEBUG 11948 --- [hw] [           main] o.h.q.sqm.function.SqmFunctionRegistry   : Registered SqmFunctionTemplate [org.hibernate.dialect.function.SqlFunction@69b96cd] under sql; prior registration was null
2025-06-26T23:30:51.392-04:00 DEBUG 11948 --- [hw] [           main] o.h.q.sqm.function.SqmFunctionRegistry   : Registered SqmFunctionTemplate [NamedSqmFunctionTemplate(ascii)] under ascii; prior registration was null
2025-06-26T23:30:51.392-04:00 DEBUG 11948 --- [hw] [           main] o.h.q.sqm.function.SqmFunctionRegistry   : Registered SqmFunctionTemplate [NamedSqmFunctionTemplate(chr)] under chr; prior registration was null
2025-06-26T23:30:51.392-04:00 DEBUG 11948 --- [hw] [           main] o.h.q.sqm.function.SqmFunctionRegistry   : Registering alternate key : char -> chr
2025-06-26T23:30:51.393-04:00 DEBUG 11948 --- [hw] [           main] o.h.q.sqm.function.SqmFunctionRegistry   : Registered SqmFunctionTemplate [NamedSqmFunctionTemplate(cosh)] under cosh; prior registration was org.hibernate.query.sqm.function.PatternBasedSqmFunctionDescriptor@22f8be7c
2025-06-26T23:30:51.393-04:00 DEBUG 11948 --- [hw] [           main] o.h.q.sqm.function.SqmFunctionRegistry   : Registered SqmFunctionTemplate [NamedSqmFunctionTemplate(sinh)] under sinh; prior registration was org.hibernate.query.sqm.function.PatternBasedSqmFunctionDescriptor@4d37a098
2025-06-26T23:30:51.393-04:00 DEBUG 11948 --- [hw] [           main] o.h.q.sqm.function.SqmFunctionRegistry   : Registered SqmFunctionTemplate [NamedSqmFunctionTemplate(tanh)] under tanh; prior registration was org.hibernate.query.sqm.function.PatternBasedSqmFunctionDescriptor@3de8af4d
2025-06-26T23:30:51.393-04:00 DEBUG 11948 --- [hw] [           main] o.h.q.sqm.function.SqmFunctionRegistry   : Registered SqmFunctionTemplate [NamedSqmFunctionTemplate(log)] under log; prior registration was org.hibernate.query.sqm.function.PatternBasedSqmFunctionDescriptor@10d60285
2025-06-26T23:30:51.393-04:00 DEBUG 11948 --- [hw] [           main] o.h.q.sqm.function.SqmFunctionRegistry   : Registered SqmFunctionTemplate [org.hibernate.query.sqm.function.PatternBasedSqmFunctionDescriptor@5e4b9f22] under log10; prior registration was null
2025-06-26T23:30:51.393-04:00 DEBUG 11948 --- [hw] [           main] o.h.q.sqm.function.SqmFunctionRegistry   : Registered SqmFunctionTemplate [NamedSqmFunctionTemplate(soundex)] under soundex; prior registration was null
2025-06-26T23:30:51.393-04:00 DEBUG 11948 --- [hw] [           main] o.h.q.sqm.function.SqmFunctionRegistry   : Registered SqmFunctionTemplate [NamedSqmFunctionTemplate(ltrim)] under ltrim; prior registration was null
2025-06-26T23:30:51.393-04:00 DEBUG 11948 --- [hw] [           main] o.h.q.sqm.function.SqmFunctionRegistry   : Registered SqmFunctionTemplate [NamedSqmFunctionTemplate(rtrim)] under rtrim; prior registration was null
2025-06-26T23:30:51.393-04:00 DEBUG 11948 --- [hw] [           main] o.h.q.sqm.function.SqmFunctionRegistry   : Registered SqmFunctionTemplate [NamedSqmFunctionTemplate(initcap)] under initcap; prior registration was null
2025-06-26T23:30:51.393-04:00 DEBUG 11948 --- [hw] [           main] o.h.q.sqm.function.SqmFunctionRegistry   : Registered SqmFunctionTemplate [NamedSqmFunctionTemplate(instr)] under instr; prior registration was null
2025-06-26T23:30:51.393-04:00 DEBUG 11948 --- [hw] [           main] o.h.q.sqm.function.SqmFunctionRegistry   : Registered SqmFunctionTemplate [NamedSqmFunctionTemplate(substr)] under substr; prior registration was null
2025-06-26T23:30:51.393-04:00 DEBUG 11948 --- [hw] [           main] o.h.q.sqm.function.SqmFunctionRegistry   : Registered SqmFunctionTemplate [NamedSqmFunctionTemplate(substr)] under substring; prior registration was NamedSqmFunctionTemplate(substring)
2025-06-26T23:30:51.393-04:00 DEBUG 11948 --- [hw] [           main] o.h.q.sqm.function.SqmFunctionRegistry   : Registered SqmFunctionTemplate [org.hibernate.query.sqm.function.PatternBasedSqmFunctionDescriptor@5b4f77e1] under left; prior registration was NamedSqmFunctionTemplate(left)
2025-06-26T23:30:51.393-04:00 DEBUG 11948 --- [hw] [           main] o.h.q.sqm.function.SqmFunctionRegistry   : Registered SqmFunctionTemplate [org.hibernate.query.sqm.function.PatternBasedSqmFunctionDescriptor@40aff4f1] under right; prior registration was NamedSqmFunctionTemplate(right)
2025-06-26T23:30:51.393-04:00 DEBUG 11948 --- [hw] [           main] o.h.q.sqm.function.SqmFunctionRegistry   : Registered SqmFunctionTemplate [NamedSqmFunctionTemplate(translate)] under translate; prior registration was null
2025-06-26T23:30:51.393-04:00 DEBUG 11948 --- [hw] [           main] o.h.q.sqm.function.SqmFunctionRegistry   : Registered SqmFunctionTemplate [NamedSqmFunctionTemplate(bitand)] under bitand; prior registration was null
2025-06-26T23:30:51.393-04:00 DEBUG 11948 --- [hw] [           main] o.h.q.sqm.function.SqmFunctionRegistry   : Registered SqmFunctionTemplate [NamedSqmFunctionTemplate(last_day)] under last_day; prior registration was null
2025-06-26T23:30:51.393-04:00 DEBUG 11948 --- [hw] [           main] o.h.q.sqm.function.SqmFunctionRegistry   : Registered SqmFunctionTemplate [NamedSqmFunctionTemplate(to_number)] under to_number; prior registration was null
2025-06-26T23:30:51.393-04:00 DEBUG 11948 --- [hw] [           main] o.h.q.sqm.function.SqmFunctionRegistry   : Registered SqmFunctionTemplate [NamedSqmFunctionTemplate(to_char)] under to_char; prior registration was null
2025-06-26T23:30:51.393-04:00 DEBUG 11948 --- [hw] [           main] o.h.q.sqm.function.SqmFunctionRegistry   : Registered SqmFunctionTemplate [NamedSqmFunctionTemplate(to_date)] under to_date; prior registration was null
2025-06-26T23:30:51.393-04:00 DEBUG 11948 --- [hw] [           main] o.h.q.sqm.function.SqmFunctionRegistry   : Registered SqmFunctionTemplate [NamedSqmFunctionTemplate(to_timestamp)] under to_timestamp; prior registration was null
2025-06-26T23:30:51.393-04:00 DEBUG 11948 --- [hw] [           main] o.h.q.sqm.function.SqmFunctionRegistry   : Registered SqmFunctionTemplate [NamedSqmFunctionTemplate(ceil)] under ceil; prior registration was null
2025-06-26T23:30:51.393-04:00 DEBUG 11948 --- [hw] [           main] o.h.q.sqm.function.SqmFunctionRegistry   : Registering alternate key : ceiling -> ceil
2025-06-26T23:30:51.393-04:00 DEBUG 11948 --- [hw] [           main] o.h.q.sqm.function.SqmFunctionRegistry   : Registered SqmFunctionTemplate [org.hibernate.query.sqm.function.PatternBasedSqmFunctionDescriptor@1ad83fd7] under concat; prior registration was NamedSqmFunctionTemplate(concat)
2025-06-26T23:30:51.393-04:00 DEBUG 11948 --- [hw] [           main] o.h.q.sqm.function.SqmFunctionRegistry   : Registered SqmFunctionTemplate [NamedSqmFunctionTemplate(rowid)] under rowid; prior registration was null
2025-06-26T23:30:51.393-04:00 DEBUG 11948 --- [hw] [           main] o.h.q.sqm.function.SqmFunctionRegistry   : Registered SqmFunctionTemplate [NamedSqmFunctionTemplate(rownum)] under rownum; prior registration was null
2025-06-26T23:30:51.393-04:00 DEBUG 11948 --- [hw] [           main] o.h.q.sqm.function.SqmFunctionRegistry   : Registered SqmFunctionTemplate [NamedSqmFunctionTemplate(sysdate)] under sysdate; prior registration was null
2025-06-26T23:30:51.393-04:00 DEBUG 11948 --- [hw] [           main] o.h.q.sqm.function.SqmFunctionRegistry   : Registered SqmFunctionTemplate [NamedSqmFunctionTemplate(systimestamp)] under systimestamp; prior registration was null
2025-06-26T23:30:51.393-04:00 DEBUG 11948 --- [hw] [           main] o.h.q.sqm.function.SqmFunctionRegistry   : Registered SqmFunctionTemplate [NamedSqmFunctionTemplate(add_months)] under add_months; prior registration was null
2025-06-26T23:30:51.393-04:00 DEBUG 11948 --- [hw] [           main] o.h.q.sqm.function.SqmFunctionRegistry   : Registered SqmFunctionTemplate [NamedSqmFunctionTemplate(months_between)] under months_between; prior registration was null
2025-06-26T23:30:51.393-04:00 DEBUG 11948 --- [hw] [           main] o.h.q.sqm.function.SqmFunctionRegistry   : Registered SqmFunctionTemplate [org.hibernate.dialect.function.MinMaxCaseEveryAnyEmulation@18681121] under every; prior registration was org.hibernate.dialect.function.EveryAnyEmulation@5e583af4
2025-06-26T23:30:51.393-04:00 DEBUG 11948 --- [hw] [           main] o.h.q.sqm.function.SqmFunctionRegistry   : Registered SqmFunctionTemplate [org.hibernate.dialect.function.MinMaxCaseEveryAnyEmulation@38388db2] under any; prior registration was org.hibernate.dialect.function.EveryAnyEmulation@98a954a
2025-06-26T23:30:51.393-04:00 DEBUG 11948 --- [hw] [           main] o.h.q.sqm.function.SqmFunctionRegistry   : Registered SqmFunctionTemplate [org.hibernate.query.sqm.function.PatternBasedSqmFunctionDescriptor@78ffe38] under repeat; prior registration was null
2025-06-26T23:30:51.394-04:00 DEBUG 11948 --- [hw] [           main] o.h.q.sqm.function.SqmFunctionRegistry   : Registered SqmFunctionTemplate [org.hibernate.query.sqm.function.PatternBasedSqmFunctionDescriptor@5cf24f99] under radians; prior registration was null
2025-06-26T23:30:51.394-04:00 DEBUG 11948 --- [hw] [           main] o.h.q.sqm.function.SqmFunctionRegistry   : Registered SqmFunctionTemplate [org.hibernate.query.sqm.function.PatternBasedSqmFunctionDescriptor@4cbac3f] under degrees; prior registration was null
2025-06-26T23:30:51.394-04:00 DEBUG 11948 --- [hw] [           main] o.h.q.sqm.function.SqmFunctionRegistry   : Registered SqmFunctionTemplate [NamedSqmFunctionTemplate(median)] under median; prior registration was null
2025-06-26T23:30:51.394-04:00 DEBUG 11948 --- [hw] [           main] o.h.q.sqm.function.SqmFunctionRegistry   : Registered SqmFunctionTemplate [NamedSqmFunctionTemplate(stddev)] under stddev; prior registration was null
2025-06-26T23:30:51.394-04:00 DEBUG 11948 --- [hw] [           main] o.h.q.sqm.function.SqmFunctionRegistry   : Registered SqmFunctionTemplate [NamedSqmFunctionTemplate(stddev_pop)] under stddev_pop; prior registration was null
2025-06-26T23:30:51.394-04:00 DEBUG 11948 --- [hw] [           main] o.h.q.sqm.function.SqmFunctionRegistry   : Registered SqmFunctionTemplate [NamedSqmFunctionTemplate(stddev_samp)] under stddev_samp; prior registration was null
2025-06-26T23:30:51.394-04:00 DEBUG 11948 --- [hw] [           main] o.h.q.sqm.function.SqmFunctionRegistry   : Registered SqmFunctionTemplate [NamedSqmFunctionTemplate(variance)] under variance; prior registration was null
2025-06-26T23:30:51.394-04:00 DEBUG 11948 --- [hw] [           main] o.h.q.sqm.function.SqmFunctionRegistry   : Registered SqmFunctionTemplate [NamedSqmFunctionTemplate(var_pop)] under var_pop; prior registration was null
2025-06-26T23:30:51.394-04:00 DEBUG 11948 --- [hw] [           main] o.h.q.sqm.function.SqmFunctionRegistry   : Registered SqmFunctionTemplate [NamedSqmFunctionTemplate(var_samp)] under var_samp; prior registration was null
2025-06-26T23:30:51.394-04:00 DEBUG 11948 --- [hw] [           main] o.h.q.sqm.function.SqmFunctionRegistry   : Registered SqmFunctionTemplate [NamedSqmFunctionTemplate(covar_pop)] under covar_pop; prior registration was null
2025-06-26T23:30:51.394-04:00 DEBUG 11948 --- [hw] [           main] o.h.q.sqm.function.SqmFunctionRegistry   : Registered SqmFunctionTemplate [NamedSqmFunctionTemplate(covar_samp)] under covar_samp; prior registration was null
2025-06-26T23:30:51.394-04:00 DEBUG 11948 --- [hw] [           main] o.h.q.sqm.function.SqmFunctionRegistry   : Registered SqmFunctionTemplate [NamedSqmFunctionTemplate(corr)] under corr; prior registration was null
2025-06-26T23:30:51.394-04:00 DEBUG 11948 --- [hw] [           main] o.h.q.sqm.function.SqmFunctionRegistry   : Registered SqmFunctionTemplate [NamedSqmFunctionTemplate(regr_avgx)] under regr_avgx; prior registration was null
2025-06-26T23:30:51.394-04:00 DEBUG 11948 --- [hw] [           main] o.h.q.sqm.function.SqmFunctionRegistry   : Registered SqmFunctionTemplate [NamedSqmFunctionTemplate(regr_avgy)] under regr_avgy; prior registration was null
2025-06-26T23:30:51.394-04:00 DEBUG 11948 --- [hw] [           main] o.h.q.sqm.function.SqmFunctionRegistry   : Registered SqmFunctionTemplate [NamedSqmFunctionTemplate(regr_count)] under regr_count; prior registration was null
2025-06-26T23:30:51.394-04:00 DEBUG 11948 --- [hw] [           main] o.h.q.sqm.function.SqmFunctionRegistry   : Registered SqmFunctionTemplate [NamedSqmFunctionTemplate(regr_intercept)] under regr_intercept; prior registration was null
2025-06-26T23:30:51.394-04:00 DEBUG 11948 --- [hw] [           main] o.h.q.sqm.function.SqmFunctionRegistry   : Registered SqmFunctionTemplate [NamedSqmFunctionTemplate(regr_r2)] under regr_r2; prior registration was null
2025-06-26T23:30:51.394-04:00 DEBUG 11948 --- [hw] [           main] o.h.q.sqm.function.SqmFunctionRegistry   : Registered SqmFunctionTemplate [NamedSqmFunctionTemplate(regr_slope)] under regr_slope; prior registration was null
2025-06-26T23:30:51.394-04:00 DEBUG 11948 --- [hw] [           main] o.h.q.sqm.function.SqmFunctionRegistry   : Registered SqmFunctionTemplate [NamedSqmFunctionTemplate(regr_sxx)] under regr_sxx; prior registration was null
2025-06-26T23:30:51.394-04:00 DEBUG 11948 --- [hw] [           main] o.h.q.sqm.function.SqmFunctionRegistry   : Registered SqmFunctionTemplate [NamedSqmFunctionTemplate(regr_sxy)] under regr_sxy; prior registration was null
2025-06-26T23:30:51.394-04:00 DEBUG 11948 --- [hw] [           main] o.h.q.sqm.function.SqmFunctionRegistry   : Registered SqmFunctionTemplate [NamedSqmFunctionTemplate(regr_syy)] under regr_syy; prior registration was null
2025-06-26T23:30:51.394-04:00 DEBUG 11948 --- [hw] [           main] o.h.q.sqm.function.SqmFunctionRegistry   : Registered SqmFunctionTemplate [org.hibernate.dialect.function.LengthFunction@7862e409] under character_length; prior registration was NamedSqmFunctionTemplate(character_length)
2025-06-26T23:30:51.394-04:00 DEBUG 11948 --- [hw] [           main] o.h.q.sqm.function.SqmFunctionRegistry   : Registering alternate key : length -> character_length
2025-06-26T23:30:51.394-04:00 DEBUG 11948 --- [hw] [           main] o.h.q.sqm.function.SqmFunctionRegistry   : Registered SqmFunctionTemplate [org.hibernate.dialect.function.LengthFunction@e4bb03] under octet_length; prior registration was null
2025-06-26T23:30:51.394-04:00 DEBUG 11948 --- [hw] [           main] o.h.q.sqm.function.SqmFunctionRegistry   : Registered SqmFunctionTemplate [org.hibernate.dialect.function.LengthFunction@4e24b201] under bit_length; prior registration was null
2025-06-26T23:30:51.394-04:00 DEBUG 11948 --- [hw] [           main] o.h.q.sqm.function.SqmFunctionRegistry   : Registered SqmFunctionTemplate [NamedSqmFunctionTemplate(coalesce)] under coalesce; prior registration was NamedSqmFunctionTemplate(coalesce)
2025-06-26T23:30:51.394-04:00 DEBUG 11948 --- [hw] [           main] o.h.q.sqm.function.SqmFunctionRegistry   : Registered SqmFunctionTemplate [org.hibernate.query.sqm.function.PatternBasedSqmFunctionDescriptor@17d745ae] under bitor; prior registration was null
2025-06-26T23:30:51.394-04:00 DEBUG 11948 --- [hw] [           main] o.h.q.sqm.function.SqmFunctionRegistry   : Registered SqmFunctionTemplate [org.hibernate.query.sqm.function.PatternBasedSqmFunctionDescriptor@787aa9f1] under bitxor; prior registration was null
2025-06-26T23:30:51.394-04:00 DEBUG 11948 --- [hw] [           main] o.h.q.sqm.function.SqmFunctionRegistry   : Registered SqmFunctionTemplate [org.hibernate.query.sqm.function.MultipatternSqmFunctionDescriptor@5d63295e] under locate; prior registration was NamedSqmFunctionTemplate(locate)
2025-06-26T23:30:51.394-04:00 DEBUG 11948 --- [hw] [           main] o.h.q.sqm.function.SqmFunctionRegistry   : Registered SqmFunctionTemplate [org.hibernate.dialect.function.ListaggFunction@36bc3c49] under listagg; prior registration was null
2025-06-26T23:30:51.394-04:00 DEBUG 11948 --- [hw] [           main] o.h.q.sqm.function.SqmFunctionRegistry   : Registered SqmFunctionTemplate [NamedSqmFunctionTemplate(row_number)] under row_number; prior registration was null
2025-06-26T23:30:51.394-04:00 DEBUG 11948 --- [hw] [           main] o.h.q.sqm.function.SqmFunctionRegistry   : Registered SqmFunctionTemplate [NamedSqmFunctionTemplate(lag)] under lag; prior registration was null
2025-06-26T23:30:51.394-04:00 DEBUG 11948 --- [hw] [           main] o.h.q.sqm.function.SqmFunctionRegistry   : Registered SqmFunctionTemplate [NamedSqmFunctionTemplate(lead)] under lead; prior registration was null
2025-06-26T23:30:51.394-04:00 DEBUG 11948 --- [hw] [           main] o.h.q.sqm.function.SqmFunctionRegistry   : Registered SqmFunctionTemplate [NamedSqmFunctionTemplate(first_value)] under first_value; prior registration was null
2025-06-26T23:30:51.394-04:00 DEBUG 11948 --- [hw] [           main] o.h.q.sqm.function.SqmFunctionRegistry   : Registered SqmFunctionTemplate [NamedSqmFunctionTemplate(last_value)] under last_value; prior registration was null
2025-06-26T23:30:51.394-04:00 DEBUG 11948 --- [hw] [           main] o.h.q.sqm.function.SqmFunctionRegistry   : Registered SqmFunctionTemplate [NamedSqmFunctionTemplate(nth_value)] under nth_value; prior registration was null
2025-06-26T23:30:51.394-04:00 DEBUG 11948 --- [hw] [           main] o.h.q.sqm.function.SqmFunctionRegistry   : Registered SqmFunctionTemplate [org.hibernate.dialect.function.HypotheticalSetFunction@1bebe505] under rank; prior registration was null
2025-06-26T23:30:51.394-04:00 DEBUG 11948 --- [hw] [           main] o.h.q.sqm.function.SqmFunctionRegistry   : Registered SqmFunctionTemplate [org.hibernate.dialect.function.HypotheticalSetFunction@36f3f2a8] under dense_rank; prior registration was null
2025-06-26T23:30:51.394-04:00 DEBUG 11948 --- [hw] [           main] o.h.q.sqm.function.SqmFunctionRegistry   : Registered SqmFunctionTemplate [org.hibernate.dialect.function.HypotheticalSetFunction@721e04f1] under percent_rank; prior registration was null
2025-06-26T23:30:51.394-04:00 DEBUG 11948 --- [hw] [           main] o.h.q.sqm.function.SqmFunctionRegistry   : Registered SqmFunctionTemplate [org.hibernate.dialect.function.HypotheticalSetFunction@2517308f] under cume_dist; prior registration was null
2025-06-26T23:30:51.394-04:00 DEBUG 11948 --- [hw] [           main] o.h.q.sqm.function.SqmFunctionRegistry   : Registered SqmFunctionTemplate [org.hibernate.dialect.function.InverseDistributionFunction@61902ae5] under mode; prior registration was null
2025-06-26T23:30:51.394-04:00 DEBUG 11948 --- [hw] [           main] o.h.q.sqm.function.SqmFunctionRegistry   : Registered SqmFunctionTemplate [org.hibernate.dialect.function.InverseDistributionFunction@485fe2cd] under percentile_cont; prior registration was null
2025-06-26T23:30:51.394-04:00 DEBUG 11948 --- [hw] [           main] o.h.q.sqm.function.SqmFunctionRegistry   : Registered SqmFunctionTemplate [org.hibernate.dialect.function.InverseDistributionFunction@4a645ebb] under percentile_disc; prior registration was null
2025-06-26T23:30:51.394-04:00 DEBUG 11948 --- [hw] [           main] o.h.q.sqm.function.SqmFunctionRegistry   : Registered SqmFunctionTemplate [org.hibernate.dialect.function.ModeStatsModeEmulation@56eb8c30] under mode; prior registration was org.hibernate.dialect.function.InverseDistributionFunction@61902ae5
2025-06-26T23:30:51.395-04:00 DEBUG 11948 --- [hw] [           main] o.h.q.sqm.function.SqmFunctionRegistry   : Registered SqmFunctionTemplate [org.hibernate.dialect.function.OracleTruncFunction@364c430a] under trunc; prior registration was null
2025-06-26T23:30:51.395-04:00 DEBUG 11948 --- [hw] [           main] o.h.q.sqm.function.SqmFunctionRegistry   : Registering alternate key : truncate -> trunc
2025-06-26T23:30:51.395-04:00 DEBUG 11948 --- [hw] [           main] o.h.q.sqm.function.SqmFunctionRegistry   : Registered SqmFunctionTemplate [org.hibernate.dialect.function.array.OracleArrayConstructorFunction@1b28684] under array; prior registration was null
2025-06-26T23:30:51.395-04:00 DEBUG 11948 --- [hw] [           main] o.h.q.sqm.function.SqmFunctionRegistry   : Registered SqmFunctionTemplate [org.hibernate.dialect.function.array.OracleArrayConstructorFunction@694b818f] under array_list; prior registration was null
2025-06-26T23:30:51.395-04:00 DEBUG 11948 --- [hw] [           main] o.h.q.sqm.function.SqmFunctionRegistry   : Registered SqmFunctionTemplate [org.hibernate.dialect.function.array.OracleArrayAggEmulation@63cb1a9a] under array_agg; prior registration was null
2025-06-26T23:30:51.395-04:00 DEBUG 11948 --- [hw] [           main] o.h.q.sqm.function.SqmFunctionRegistry   : Registered SqmFunctionTemplate [org.hibernate.dialect.function.array.OracleArrayPositionFunction@37cb41fa] under array_position; prior registration was null
2025-06-26T23:30:51.395-04:00 DEBUG 11948 --- [hw] [           main] o.h.q.sqm.function.SqmFunctionRegistry   : Registered SqmFunctionTemplate [org.hibernate.dialect.function.array.OracleArrayPositionsFunction@17aadd1c] under array_positions; prior registration was null
2025-06-26T23:30:51.395-04:00 DEBUG 11948 --- [hw] [           main] o.h.q.sqm.function.SqmFunctionRegistry   : Registered SqmFunctionTemplate [org.hibernate.dialect.function.array.OracleArrayPositionsFunction@2c0e0ab9] under array_positions_list; prior registration was null
2025-06-26T23:30:51.395-04:00 DEBUG 11948 --- [hw] [           main] o.h.q.sqm.function.SqmFunctionRegistry   : Registered SqmFunctionTemplate [org.hibernate.dialect.function.array.OracleArrayLengthFunction@41274a53] under array_length; prior registration was null
2025-06-26T23:30:51.395-04:00 DEBUG 11948 --- [hw] [           main] o.h.q.sqm.function.SqmFunctionRegistry   : Registered SqmFunctionTemplate [org.hibernate.dialect.function.DynamicDispatchFunction@20a7dc29] under length; prior registration was null
2025-06-26T23:30:51.395-04:00 DEBUG 11948 --- [hw] [           main] o.h.q.sqm.function.SqmFunctionRegistry   : Registered SqmFunctionTemplate [org.hibernate.dialect.function.array.OracleArrayConcatFunction@61a4a71c] under array_concat; prior registration was null
2025-06-26T23:30:51.395-04:00 DEBUG 11948 --- [hw] [           main] o.h.q.sqm.function.SqmFunctionRegistry   : Registered SqmFunctionTemplate [org.hibernate.dialect.function.array.OracleArrayConcatElementFunction@3d233253] under array_prepend; prior registration was null
2025-06-26T23:30:51.395-04:00 DEBUG 11948 --- [hw] [           main] o.h.q.sqm.function.SqmFunctionRegistry   : Registered SqmFunctionTemplate [org.hibernate.dialect.function.array.OracleArrayConcatElementFunction@462d8276] under array_append; prior registration was null
2025-06-26T23:30:51.395-04:00 DEBUG 11948 --- [hw] [           main] o.h.q.sqm.function.SqmFunctionRegistry   : Registered SqmFunctionTemplate [org.hibernate.dialect.function.array.OracleArrayContainsFunction@5875480e] under array_contains; prior registration was null
2025-06-26T23:30:51.395-04:00 DEBUG 11948 --- [hw] [           main] o.h.q.sqm.function.SqmFunctionRegistry   : Registered SqmFunctionTemplate [org.hibernate.dialect.function.array.OracleArrayContainsFunction@1cad885b] under array_contains_nullable; prior registration was null
2025-06-26T23:30:51.395-04:00 DEBUG 11948 --- [hw] [           main] o.h.q.sqm.function.SqmFunctionRegistry   : Registered SqmFunctionTemplate [org.hibernate.dialect.function.array.OracleArrayIncludesFunction@38b88037] under array_includes; prior registration was null
2025-06-26T23:30:51.395-04:00 DEBUG 11948 --- [hw] [           main] o.h.q.sqm.function.SqmFunctionRegistry   : Registered SqmFunctionTemplate [org.hibernate.dialect.function.array.OracleArrayIncludesFunction@122c8b64] under array_includes_nullable; prior registration was null
2025-06-26T23:30:51.395-04:00 DEBUG 11948 --- [hw] [           main] o.h.q.sqm.function.SqmFunctionRegistry   : Registered SqmFunctionTemplate [org.hibernate.dialect.function.array.OracleArrayIntersectsFunction@606b9417] under array_intersects; prior registration was null
2025-06-26T23:30:51.395-04:00 DEBUG 11948 --- [hw] [           main] o.h.q.sqm.function.SqmFunctionRegistry   : Registered SqmFunctionTemplate [org.hibernate.dialect.function.array.OracleArrayIntersectsFunction@10743711] under array_intersects_nullable; prior registration was null
2025-06-26T23:30:51.395-04:00 DEBUG 11948 --- [hw] [           main] o.h.q.sqm.function.SqmFunctionRegistry   : Registering alternate key : array_overlaps -> array_intersects
2025-06-26T23:30:51.395-04:00 DEBUG 11948 --- [hw] [           main] o.h.q.sqm.function.SqmFunctionRegistry   : Registering alternate key : array_overlaps_nullable -> array_intersects_nullable
2025-06-26T23:30:51.395-04:00 DEBUG 11948 --- [hw] [           main] o.h.q.sqm.function.SqmFunctionRegistry   : Registered SqmFunctionTemplate [org.hibernate.dialect.function.array.OracleArrayGetFunction@6c31b410] under array_get; prior registration was null
2025-06-26T23:30:51.395-04:00 DEBUG 11948 --- [hw] [           main] o.h.q.sqm.function.SqmFunctionRegistry   : Registered SqmFunctionTemplate [org.hibernate.dialect.function.array.OracleArraySetFunction@1ab07559] under array_set; prior registration was null
2025-06-26T23:30:51.395-04:00 DEBUG 11948 --- [hw] [           main] o.h.q.sqm.function.SqmFunctionRegistry   : Registered SqmFunctionTemplate [org.hibernate.dialect.function.array.OracleArrayRemoveFunction@26c79134] under array_remove; prior registration was null
2025-06-26T23:30:51.395-04:00 DEBUG 11948 --- [hw] [           main] o.h.q.sqm.function.SqmFunctionRegistry   : Registered SqmFunctionTemplate [org.hibernate.dialect.function.array.OracleArrayRemoveIndexFunction@17baf642] under array_remove_index; prior registration was null
2025-06-26T23:30:51.395-04:00 DEBUG 11948 --- [hw] [           main] o.h.q.sqm.function.SqmFunctionRegistry   : Registered SqmFunctionTemplate [org.hibernate.dialect.function.array.OracleArraySliceFunction@764a5191] under array_slice; prior registration was null
2025-06-26T23:30:51.395-04:00 DEBUG 11948 --- [hw] [           main] o.h.q.sqm.function.SqmFunctionRegistry   : Registered SqmFunctionTemplate [org.hibernate.dialect.function.array.OracleArrayReplaceFunction@6fc9f8bc] under array_replace; prior registration was null
2025-06-26T23:30:51.395-04:00 DEBUG 11948 --- [hw] [           main] o.h.q.sqm.function.SqmFunctionRegistry   : Registered SqmFunctionTemplate [org.hibernate.dialect.function.array.OracleArrayTrimFunction@751d9a40] under array_trim; prior registration was null
2025-06-26T23:30:51.395-04:00 DEBUG 11948 --- [hw] [           main] o.h.q.sqm.function.SqmFunctionRegistry   : Registered SqmFunctionTemplate [org.hibernate.dialect.function.array.OracleArrayFillFunction@35d57a47] under array_fill; prior registration was null
2025-06-26T23:30:51.395-04:00 DEBUG 11948 --- [hw] [           main] o.h.q.sqm.function.SqmFunctionRegistry   : Registered SqmFunctionTemplate [org.hibernate.dialect.function.array.OracleArrayFillFunction@113773b5] under array_fill_list; prior registration was null
2025-06-26T23:30:51.395-04:00 DEBUG 11948 --- [hw] [           main] o.h.q.sqm.function.SqmFunctionRegistry   : Registered SqmFunctionTemplate [org.hibernate.dialect.function.array.OracleArrayToStringFunction@319b7537] under array_to_string; prior registration was null
2025-06-26T23:30:51.396-04:00 DEBUG 11948 --- [hw] [           main] org.hibernate.HQL_FUNCTIONS              : abs(NUMERIC arg)
2025-06-26T23:30:51.396-04:00 DEBUG 11948 --- [hw] [           main] org.hibernate.HQL_FUNCTIONS              : Double acos(NUMERIC arg)
2025-06-26T23:30:51.396-04:00 DEBUG 11948 --- [hw] [           main] org.hibernate.HQL_FUNCTIONS              : add_months(DATE datetime, INTEGER months)
2025-06-26T23:30:51.396-04:00 DEBUG 11948 --- [hw] [           main] org.hibernate.HQL_FUNCTIONS              : Boolean any(BOOLEAN arg)
2025-06-26T23:30:51.396-04:00 DEBUG 11948 --- [hw] [           main] org.hibernate.HQL_FUNCTIONS              : array( ... )
2025-06-26T23:30:51.396-04:00 DEBUG 11948 --- [hw] [           main] org.hibernate.HQL_FUNCTIONS              : array_agg(arg)
2025-06-26T23:30:51.396-04:00 DEBUG 11948 --- [hw] [           main] org.hibernate.HQL_FUNCTIONS              : array_append( ... )
2025-06-26T23:30:51.396-04:00 DEBUG 11948 --- [hw] [           main] org.hibernate.HQL_FUNCTIONS              : array_concat( ... )
2025-06-26T23:30:51.396-04:00 DEBUG 11948 --- [hw] [           main] org.hibernate.HQL_FUNCTIONS              : Boolean array_contains(ARRAY haystackArray, OBJECT needleElementOrArray)
2025-06-26T23:30:51.396-04:00 DEBUG 11948 --- [hw] [           main] org.hibernate.HQL_FUNCTIONS              : Boolean array_contains_nullable(ARRAY haystackArray, OBJECT needleElementOrArray)
2025-06-26T23:30:51.396-04:00 DEBUG 11948 --- [hw] [           main] org.hibernate.HQL_FUNCTIONS              : array_fill(OBJECT element, INTEGER elementCount)
2025-06-26T23:30:51.396-04:00 DEBUG 11948 --- [hw] [           main] org.hibernate.HQL_FUNCTIONS              : array_fill_list(OBJECT element, INTEGER elementCount)
2025-06-26T23:30:51.396-04:00 DEBUG 11948 --- [hw] [           main] org.hibernate.HQL_FUNCTIONS              : array_get( ... )
2025-06-26T23:30:51.396-04:00 DEBUG 11948 --- [hw] [           main] org.hibernate.HQL_FUNCTIONS              : Boolean array_includes(ARRAY haystackArray, OBJECT needleArray)
2025-06-26T23:30:51.396-04:00 DEBUG 11948 --- [hw] [           main] org.hibernate.HQL_FUNCTIONS              : Boolean array_includes_nullable(ARRAY haystackArray, OBJECT needleArray)
2025-06-26T23:30:51.396-04:00 DEBUG 11948 --- [hw] [           main] org.hibernate.HQL_FUNCTIONS              : Boolean array_intersects(ARRAY array0, OBJECT array1)
2025-06-26T23:30:51.396-04:00 DEBUG 11948 --- [hw] [           main] org.hibernate.HQL_FUNCTIONS              : Boolean array_intersects_nullable(ARRAY array0, OBJECT array1)
2025-06-26T23:30:51.396-04:00 DEBUG 11948 --- [hw] [           main] org.hibernate.HQL_FUNCTIONS              : Integer array_length(ARRAY array)
2025-06-26T23:30:51.396-04:00 DEBUG 11948 --- [hw] [           main] org.hibernate.HQL_FUNCTIONS              : array_list( ... )
2025-06-26T23:30:51.396-04:00 DEBUG 11948 --- [hw] [           main] org.hibernate.HQL_FUNCTIONS              : Boolean array_overlaps(ARRAY array0, OBJECT array1)
2025-06-26T23:30:51.396-04:00 DEBUG 11948 --- [hw] [           main] org.hibernate.HQL_FUNCTIONS              : Boolean array_overlaps_nullable(ARRAY array0, OBJECT array1)
2025-06-26T23:30:51.396-04:00 DEBUG 11948 --- [hw] [           main] org.hibernate.HQL_FUNCTIONS              : Integer array_position(ARRAY array, OBJECT element[, INTEGER startPosition])
2025-06-26T23:30:51.396-04:00 DEBUG 11948 --- [hw] [           main] org.hibernate.HQL_FUNCTIONS              : int[] array_positions(ARRAY array, OBJECT element)
2025-06-26T23:30:51.396-04:00 DEBUG 11948 --- [hw] [           main] org.hibernate.HQL_FUNCTIONS              : List array_positions_list(ARRAY array, OBJECT element)
2025-06-26T23:30:51.396-04:00 DEBUG 11948 --- [hw] [           main] org.hibernate.HQL_FUNCTIONS              : array_prepend( ... )
2025-06-26T23:30:51.396-04:00 DEBUG 11948 --- [hw] [           main] org.hibernate.HQL_FUNCTIONS              : array_remove( ... )
2025-06-26T23:30:51.396-04:00 DEBUG 11948 --- [hw] [           main] org.hibernate.HQL_FUNCTIONS              : array_remove_index( ... )
2025-06-26T23:30:51.396-04:00 DEBUG 11948 --- [hw] [           main] org.hibernate.HQL_FUNCTIONS              : array_replace( ... )
2025-06-26T23:30:51.396-04:00 DEBUG 11948 --- [hw] [           main] org.hibernate.HQL_FUNCTIONS              : array_set( ... )
2025-06-26T23:30:51.396-04:00 DEBUG 11948 --- [hw] [           main] org.hibernate.HQL_FUNCTIONS              : array_slice( ... )
2025-06-26T23:30:51.396-04:00 DEBUG 11948 --- [hw] [           main] org.hibernate.HQL_FUNCTIONS              : String array_to_string( ... )
2025-06-26T23:30:51.396-04:00 DEBUG 11948 --- [hw] [           main] org.hibernate.HQL_FUNCTIONS              : array_trim( ... )
2025-06-26T23:30:51.396-04:00 DEBUG 11948 --- [hw] [           main] org.hibernate.HQL_FUNCTIONS              : Integer ascii(STRING arg)
2025-06-26T23:30:51.396-04:00 DEBUG 11948 --- [hw] [           main] org.hibernate.HQL_FUNCTIONS              : Double asin(NUMERIC arg)
2025-06-26T23:30:51.396-04:00 DEBUG 11948 --- [hw] [           main] org.hibernate.HQL_FUNCTIONS              : Double atan(NUMERIC arg)
2025-06-26T23:30:51.396-04:00 DEBUG 11948 --- [hw] [           main] org.hibernate.HQL_FUNCTIONS              : Double atan2(NUMERIC arg0, NUMERIC arg1)
2025-06-26T23:30:51.396-04:00 DEBUG 11948 --- [hw] [           main] org.hibernate.HQL_FUNCTIONS              : avg(arg)
2025-06-26T23:30:51.396-04:00 DEBUG 11948 --- [hw] [           main] org.hibernate.HQL_FUNCTIONS              : Integer bit_length(STRING_OR_CLOB arg)
2025-06-26T23:30:51.396-04:00 DEBUG 11948 --- [hw] [           main] org.hibernate.HQL_FUNCTIONS              : bitand(arg0, arg1)
2025-06-26T23:30:51.396-04:00 DEBUG 11948 --- [hw] [           main] org.hibernate.HQL_FUNCTIONS              : bitor(arg0, arg1)
2025-06-26T23:30:51.396-04:00 DEBUG 11948 --- [hw] [           main] org.hibernate.HQL_FUNCTIONS              : bitxor(arg0, arg1)
2025-06-26T23:30:51.396-04:00 DEBUG 11948 --- [hw] [           main] org.hibernate.HQL_FUNCTIONS              : cast(arg as Type)
2025-06-26T23:30:51.396-04:00 DEBUG 11948 --- [hw] [           main] org.hibernate.HQL_FUNCTIONS              : ceil(NUMERIC arg)
2025-06-26T23:30:51.396-04:00 DEBUG 11948 --- [hw] [           main] org.hibernate.HQL_FUNCTIONS              : ceiling(NUMERIC arg)
2025-06-26T23:30:51.396-04:00 DEBUG 11948 --- [hw] [           main] org.hibernate.HQL_FUNCTIONS              : Character char(INTEGER arg)
2025-06-26T23:30:51.396-04:00 DEBUG 11948 --- [hw] [           main] org.hibernate.HQL_FUNCTIONS              : Integer character_length(STRING_OR_CLOB arg)
2025-06-26T23:30:51.396-04:00 DEBUG 11948 --- [hw] [           main] org.hibernate.HQL_FUNCTIONS              : Character chr(INTEGER arg)
2025-06-26T23:30:51.396-04:00 DEBUG 11948 --- [hw] [           main] org.hibernate.HQL_FUNCTIONS              : coalesce(arg0[, arg1[, ...]])
2025-06-26T23:30:51.396-04:00 DEBUG 11948 --- [hw] [           main] org.hibernate.HQL_FUNCTIONS              : String collate(STRING string as COLLATION collation)
2025-06-26T23:30:51.396-04:00 DEBUG 11948 --- [hw] [           main] org.hibernate.HQL_FUNCTIONS              : String concat(STRING string0[, STRING string1[, ...]])
2025-06-26T23:30:51.396-04:00 DEBUG 11948 --- [hw] [           main] org.hibernate.HQL_FUNCTIONS              : Double corr(NUMERIC arg0, NUMERIC arg1)
2025-06-26T23:30:51.397-04:00 DEBUG 11948 --- [hw] [           main] org.hibernate.HQL_FUNCTIONS              : Double cos(NUMERIC arg)
2025-06-26T23:30:51.397-04:00 DEBUG 11948 --- [hw] [           main] org.hibernate.HQL_FUNCTIONS              : Double cosh(NUMERIC arg)
2025-06-26T23:30:51.397-04:00 DEBUG 11948 --- [hw] [           main] org.hibernate.HQL_FUNCTIONS              : Long count([distinct ]{arg|*})
2025-06-26T23:30:51.397-04:00 DEBUG 11948 --- [hw] [           main] org.hibernate.HQL_FUNCTIONS              : Double covar_pop(NUMERIC arg0, NUMERIC arg1)
2025-06-26T23:30:51.397-04:00 DEBUG 11948 --- [hw] [           main] org.hibernate.HQL_FUNCTIONS              : Double covar_samp(NUMERIC arg0, NUMERIC arg1)
2025-06-26T23:30:51.397-04:00 DEBUG 11948 --- [hw] [           main] org.hibernate.HQL_FUNCTIONS              : Double cume_dist([arg0[, ...]])
2025-06-26T23:30:51.397-04:00 DEBUG 11948 --- [hw] [           main] org.hibernate.HQL_FUNCTIONS              : Date current date
2025-06-26T23:30:51.397-04:00 DEBUG 11948 --- [hw] [           main] org.hibernate.HQL_FUNCTIONS              : Time current time
2025-06-26T23:30:51.397-04:00 DEBUG 11948 --- [hw] [           main] org.hibernate.HQL_FUNCTIONS              : Timestamp current timestamp
2025-06-26T23:30:51.397-04:00 DEBUG 11948 --- [hw] [           main] org.hibernate.HQL_FUNCTIONS              : Date current_date
2025-06-26T23:30:51.397-04:00 DEBUG 11948 --- [hw] [           main] org.hibernate.HQL_FUNCTIONS              : Instant current_instant
2025-06-26T23:30:51.397-04:00 DEBUG 11948 --- [hw] [           main] org.hibernate.HQL_FUNCTIONS              : Time current_time
2025-06-26T23:30:51.397-04:00 DEBUG 11948 --- [hw] [           main] org.hibernate.HQL_FUNCTIONS              : Timestamp current_timestamp
2025-06-26T23:30:51.397-04:00 DEBUG 11948 --- [hw] [           main] org.hibernate.HQL_FUNCTIONS              : dateadd(TEMPORAL_UNIT field, INTEGER magnitude, TEMPORAL datetime)
2025-06-26T23:30:51.397-04:00 DEBUG 11948 --- [hw] [           main] org.hibernate.HQL_FUNCTIONS              : Long|Double datediff(TEMPORAL_UNIT field, TEMPORAL start, TEMPORAL end)
2025-06-26T23:30:51.397-04:00 DEBUG 11948 --- [hw] [           main] org.hibernate.HQL_FUNCTIONS              : Double degrees(NUMERIC arg)
2025-06-26T23:30:51.397-04:00 DEBUG 11948 --- [hw] [           main] org.hibernate.HQL_FUNCTIONS              : Long dense_rank([arg0[, ...]])
2025-06-26T23:30:51.397-04:00 DEBUG 11948 --- [hw] [           main] org.hibernate.HQL_FUNCTIONS              : Boolean every(BOOLEAN arg)
2025-06-26T23:30:51.397-04:00 DEBUG 11948 --- [hw] [           main] org.hibernate.HQL_FUNCTIONS              : Double exp(NUMERIC arg)
2025-06-26T23:30:51.397-04:00 DEBUG 11948 --- [hw] [           main] org.hibernate.HQL_FUNCTIONS              : extract(TEMPORAL_UNIT field from TEMPORAL arg)
2025-06-26T23:30:51.397-04:00 DEBUG 11948 --- [hw] [           main] org.hibernate.HQL_FUNCTIONS              : first_valueANY value
2025-06-26T23:30:51.397-04:00 DEBUG 11948 --- [hw] [           main] org.hibernate.HQL_FUNCTIONS              : floor(NUMERIC arg)
2025-06-26T23:30:51.397-04:00 DEBUG 11948 --- [hw] [           main] org.hibernate.HQL_FUNCTIONS              : String format(TEMPORAL datetime as STRING pattern)
2025-06-26T23:30:51.397-04:00 DEBUG 11948 --- [hw] [           main] org.hibernate.HQL_FUNCTIONS              : greatest(COMPARABLE arg0, COMPARABLE arg1[, arg2[, ...]])
2025-06-26T23:30:51.397-04:00 DEBUG 11948 --- [hw] [           main] org.hibernate.HQL_FUNCTIONS              : ifnull(arg0, arg1)
2025-06-26T23:30:51.397-04:00 DEBUG 11948 --- [hw] [           main] org.hibernate.HQL_FUNCTIONS              : String initcap(arg)
2025-06-26T23:30:51.397-04:00 DEBUG 11948 --- [hw] [           main] org.hibernate.HQL_FUNCTIONS              : Instant instant
2025-06-26T23:30:51.397-04:00 DEBUG 11948 --- [hw] [           main] org.hibernate.HQL_FUNCTIONS              : Integer instr(STRING string, STRING pattern[, INTEGER start[, INTEGER occurrence]])
2025-06-26T23:30:51.397-04:00 DEBUG 11948 --- [hw] [           main] org.hibernate.HQL_FUNCTIONS              : lagANY value[, INTEGER offset[, ANY default]]
2025-06-26T23:30:51.397-04:00 DEBUG 11948 --- [hw] [           main] org.hibernate.HQL_FUNCTIONS              : Date last_day(DATE arg)
2025-06-26T23:30:51.397-04:00 DEBUG 11948 --- [hw] [           main] org.hibernate.HQL_FUNCTIONS              : last_valueANY value
2025-06-26T23:30:51.398-04:00 DEBUG 11948 --- [hw] [           main] org.hibernate.HQL_FUNCTIONS              : leadANY value[, INTEGER offset[, ANY default]]
2025-06-26T23:30:51.398-04:00 DEBUG 11948 --- [hw] [           main] org.hibernate.HQL_FUNCTIONS              : least(COMPARABLE arg0, COMPARABLE arg1[, arg2[, ...]])
2025-06-26T23:30:51.398-04:00 DEBUG 11948 --- [hw] [           main] org.hibernate.HQL_FUNCTIONS              : String left(STRING string, INTEGER length)
2025-06-26T23:30:51.398-04:00 DEBUG 11948 --- [hw] [           main] org.hibernate.HQL_FUNCTIONS              : length
2025-06-26T23:30:51.398-04:00 DEBUG 11948 --- [hw] [           main] org.hibernate.HQL_FUNCTIONS              : String listagg(STRING arg0, STRING arg1)
2025-06-26T23:30:51.398-04:00 DEBUG 11948 --- [hw] [           main] org.hibernate.HQL_FUNCTIONS              : Double ln(NUMERIC arg)
2025-06-26T23:30:51.398-04:00 DEBUG 11948 --- [hw] [           main] org.hibernate.HQL_FUNCTIONS              : LocalDate local date
2025-06-26T23:30:51.398-04:00 DEBUG 11948 --- [hw] [           main] org.hibernate.HQL_FUNCTIONS              : LocalDateTime local datetime
2025-06-26T23:30:51.398-04:00 DEBUG 11948 --- [hw] [           main] org.hibernate.HQL_FUNCTIONS              : LocalTime local time
2025-06-26T23:30:51.398-04:00 DEBUG 11948 --- [hw] [           main] org.hibernate.HQL_FUNCTIONS              : LocalDate local_date
2025-06-26T23:30:51.398-04:00 DEBUG 11948 --- [hw] [           main] org.hibernate.HQL_FUNCTIONS              : LocalDateTime local_datetime
2025-06-26T23:30:51.398-04:00 DEBUG 11948 --- [hw] [           main] org.hibernate.HQL_FUNCTIONS              : LocalTime local_time
2025-06-26T23:30:51.398-04:00 DEBUG 11948 --- [hw] [           main] org.hibernate.HQL_FUNCTIONS              : Integer locate(pattern, string[, start])
2025-06-26T23:30:51.398-04:00 DEBUG 11948 --- [hw] [           main] org.hibernate.HQL_FUNCTIONS              : Double log(NUMERIC arg0[, NUMERIC arg1])
2025-06-26T23:30:51.398-04:00 DEBUG 11948 --- [hw] [           main] org.hibernate.HQL_FUNCTIONS              : Double log10(NUMERIC arg)
2025-06-26T23:30:51.398-04:00 DEBUG 11948 --- [hw] [           main] org.hibernate.HQL_FUNCTIONS              : String lower(STRING string)
2025-06-26T23:30:51.398-04:00 DEBUG 11948 --- [hw] [           main] org.hibernate.HQL_FUNCTIONS              : String lpad(STRING string, INTEGER length[, STRING padding])
2025-06-26T23:30:51.398-04:00 DEBUG 11948 --- [hw] [           main] org.hibernate.HQL_FUNCTIONS              : String ltrim(STRING string[, STRING characters])
2025-06-26T23:30:51.398-04:00 DEBUG 11948 --- [hw] [           main] org.hibernate.HQL_FUNCTIONS              : max(COMPARABLE arg)
2025-06-26T23:30:51.398-04:00 DEBUG 11948 --- [hw] [           main] org.hibernate.HQL_FUNCTIONS              : Double median(NUMERIC arg)
2025-06-26T23:30:51.398-04:00 DEBUG 11948 --- [hw] [           main] org.hibernate.HQL_FUNCTIONS              : min(COMPARABLE arg)
2025-06-26T23:30:51.398-04:00 DEBUG 11948 --- [hw] [           main] org.hibernate.HQL_FUNCTIONS              : Integer mod(INTEGER arg0, INTEGER arg1)
2025-06-26T23:30:51.398-04:00 DEBUG 11948 --- [hw] [           main] org.hibernate.HQL_FUNCTIONS              : mode()
2025-06-26T23:30:51.398-04:00 DEBUG 11948 --- [hw] [           main] org.hibernate.HQL_FUNCTIONS              : Integer months_between(DATE end, DATE start)
2025-06-26T23:30:51.398-04:00 DEBUG 11948 --- [hw] [           main] org.hibernate.HQL_FUNCTIONS              : nth_valueANY value, INTEGER nth
2025-06-26T23:30:51.398-04:00 DEBUG 11948 --- [hw] [           main] org.hibernate.HQL_FUNCTIONS              : nullif(arg0, arg1)
2025-06-26T23:30:51.398-04:00 DEBUG 11948 --- [hw] [           main] org.hibernate.HQL_FUNCTIONS              : Integer octet_length(STRING_OR_CLOB arg)
2025-06-26T23:30:51.398-04:00 DEBUG 11948 --- [hw] [           main] org.hibernate.HQL_FUNCTIONS              : OffsetDateTime offset datetime
2025-06-26T23:30:51.398-04:00 DEBUG 11948 --- [hw] [           main] org.hibernate.HQL_FUNCTIONS              : OffsetDateTime offset_datetime
2025-06-26T23:30:51.398-04:00 DEBUG 11948 --- [hw] [           main] org.hibernate.HQL_FUNCTIONS              : String overlay(STRING string placing STRING replacement from INTEGER start[ for INTEGER length])
2025-06-26T23:30:51.398-04:00 DEBUG 11948 --- [hw] [           main] org.hibernate.HQL_FUNCTIONS              : String pad(STRING string with INTEGER length {leading|trailing}[ STRING character])
2025-06-26T23:30:51.398-04:00 DEBUG 11948 --- [hw] [           main] org.hibernate.HQL_FUNCTIONS              : Double percent_rank([arg0[, ...]])
2025-06-26T23:30:51.398-04:00 DEBUG 11948 --- [hw] [           main] org.hibernate.HQL_FUNCTIONS              : percentile_cont(NUMERIC arg)
2025-06-26T23:30:51.398-04:00 DEBUG 11948 --- [hw] [           main] org.hibernate.HQL_FUNCTIONS              : percentile_disc(NUMERIC arg)
2025-06-26T23:30:51.399-04:00 DEBUG 11948 --- [hw] [           main] org.hibernate.HQL_FUNCTIONS              : Double pi
2025-06-26T23:30:51.399-04:00 DEBUG 11948 --- [hw] [           main] org.hibernate.HQL_FUNCTIONS              : Integer position(STRING pattern in STRING string)
2025-06-26T23:30:51.399-04:00 DEBUG 11948 --- [hw] [           main] org.hibernate.HQL_FUNCTIONS              : Double power(NUMERIC arg0, NUMERIC arg1)
2025-06-26T23:30:51.399-04:00 DEBUG 11948 --- [hw] [           main] org.hibernate.HQL_FUNCTIONS              : Double radians(NUMERIC arg)
2025-06-26T23:30:51.406-04:00 DEBUG 11948 --- [hw] [           main] org.hibernate.HQL_FUNCTIONS              : Long rank([arg0[, ...]])
2025-06-26T23:30:51.406-04:00 DEBUG 11948 --- [hw] [           main] org.hibernate.HQL_FUNCTIONS              : Double regr_avgx(NUMERIC arg0, NUMERIC arg1)
2025-06-26T23:30:51.406-04:00 DEBUG 11948 --- [hw] [           main] org.hibernate.HQL_FUNCTIONS              : Double regr_avgy(NUMERIC arg0, NUMERIC arg1)
2025-06-26T23:30:51.406-04:00 DEBUG 11948 --- [hw] [           main] org.hibernate.HQL_FUNCTIONS              : Double regr_count(NUMERIC arg0, NUMERIC arg1)
2025-06-26T23:30:51.406-04:00 DEBUG 11948 --- [hw] [           main] org.hibernate.HQL_FUNCTIONS              : Double regr_intercept(NUMERIC arg0, NUMERIC arg1)
2025-06-26T23:30:51.406-04:00 DEBUG 11948 --- [hw] [           main] org.hibernate.HQL_FUNCTIONS              : Double regr_r2(NUMERIC arg0, NUMERIC arg1)
2025-06-26T23:30:51.406-04:00 DEBUG 11948 --- [hw] [           main] org.hibernate.HQL_FUNCTIONS              : Double regr_slope(NUMERIC arg0, NUMERIC arg1)
2025-06-26T23:30:51.406-04:00 DEBUG 11948 --- [hw] [           main] org.hibernate.HQL_FUNCTIONS              : Double regr_sxx(NUMERIC arg0, NUMERIC arg1)
2025-06-26T23:30:51.406-04:00 DEBUG 11948 --- [hw] [           main] org.hibernate.HQL_FUNCTIONS              : Double regr_sxy(NUMERIC arg0, NUMERIC arg1)
2025-06-26T23:30:51.406-04:00 DEBUG 11948 --- [hw] [           main] org.hibernate.HQL_FUNCTIONS              : Double regr_syy(NUMERIC arg0, NUMERIC arg1)
2025-06-26T23:30:51.406-04:00 DEBUG 11948 --- [hw] [           main] org.hibernate.HQL_FUNCTIONS              : String repeat(STRING string, INTEGER times)
2025-06-26T23:30:51.406-04:00 DEBUG 11948 --- [hw] [           main] org.hibernate.HQL_FUNCTIONS              : String replace(STRING string, STRING pattern, STRING replacement)
2025-06-26T23:30:51.407-04:00 DEBUG 11948 --- [hw] [           main] org.hibernate.HQL_FUNCTIONS              : String right(STRING string, INTEGER length)
2025-06-26T23:30:51.407-04:00 DEBUG 11948 --- [hw] [           main] org.hibernate.HQL_FUNCTIONS              : round(NUMERIC number[, INTEGER places])
2025-06-26T23:30:51.407-04:00 DEBUG 11948 --- [hw] [           main] org.hibernate.HQL_FUNCTIONS              : Long row_number()
2025-06-26T23:30:51.407-04:00 DEBUG 11948 --- [hw] [           main] org.hibernate.HQL_FUNCTIONS              : Long rowid
2025-06-26T23:30:51.407-04:00 DEBUG 11948 --- [hw] [           main] org.hibernate.HQL_FUNCTIONS              : Long rownum
2025-06-26T23:30:51.407-04:00 DEBUG 11948 --- [hw] [           main] org.hibernate.HQL_FUNCTIONS              : String rpad(STRING string, INTEGER length[, STRING padding])
2025-06-26T23:30:51.407-04:00 DEBUG 11948 --- [hw] [           main] org.hibernate.HQL_FUNCTIONS              : String rtrim(STRING string[, STRING characters])
2025-06-26T23:30:51.407-04:00 DEBUG 11948 --- [hw] [           main] org.hibernate.HQL_FUNCTIONS              : Integer sign(NUMERIC arg)
2025-06-26T23:30:51.407-04:00 DEBUG 11948 --- [hw] [           main] org.hibernate.HQL_FUNCTIONS              : Double sin(NUMERIC arg)
2025-06-26T23:30:51.407-04:00 DEBUG 11948 --- [hw] [           main] org.hibernate.HQL_FUNCTIONS              : Double sinh(NUMERIC arg)
2025-06-26T23:30:51.407-04:00 DEBUG 11948 --- [hw] [           main] org.hibernate.HQL_FUNCTIONS              : String soundex(arg)
2025-06-26T23:30:51.407-04:00 DEBUG 11948 --- [hw] [           main] org.hibernate.HQL_FUNCTIONS              : Object sql
2025-06-26T23:30:51.407-04:00 DEBUG 11948 --- [hw] [           main] org.hibernate.HQL_FUNCTIONS              : Double sqrt(NUMERIC arg)
2025-06-26T23:30:51.407-04:00 DEBUG 11948 --- [hw] [           main] org.hibernate.HQL_FUNCTIONS              : Double stddev(NUMERIC arg)
2025-06-26T23:30:51.407-04:00 DEBUG 11948 --- [hw] [           main] org.hibernate.HQL_FUNCTIONS              : Double stddev_pop(NUMERIC arg)
2025-06-26T23:30:51.407-04:00 DEBUG 11948 --- [hw] [           main] org.hibernate.HQL_FUNCTIONS              : Double stddev_samp(NUMERIC arg)
2025-06-26T23:30:51.407-04:00 DEBUG 11948 --- [hw] [           main] org.hibernate.HQL_FUNCTIONS              : String str(arg)
2025-06-26T23:30:51.407-04:00 DEBUG 11948 --- [hw] [           main] org.hibernate.HQL_FUNCTIONS              : String substr(STRING string, INTEGER start[, INTEGER length])
2025-06-26T23:30:51.407-04:00 DEBUG 11948 --- [hw] [           main] org.hibernate.HQL_FUNCTIONS              : String substring(STRING string{ from|,} INTEGER start[{ for|,} INTEGER length])
2025-06-26T23:30:51.407-04:00 DEBUG 11948 --- [hw] [           main] org.hibernate.HQL_FUNCTIONS              : sum(arg)
2025-06-26T23:30:51.407-04:00 DEBUG 11948 --- [hw] [           main] org.hibernate.HQL_FUNCTIONS              : Timestamp sysdate
2025-06-26T23:30:51.407-04:00 DEBUG 11948 --- [hw] [           main] org.hibernate.HQL_FUNCTIONS              : Timestamp systimestamp
2025-06-26T23:30:51.407-04:00 DEBUG 11948 --- [hw] [           main] org.hibernate.HQL_FUNCTIONS              : Double tan(NUMERIC arg)
2025-06-26T23:30:51.407-04:00 DEBUG 11948 --- [hw] [           main] org.hibernate.HQL_FUNCTIONS              : Double tanh(NUMERIC arg)
2025-06-26T23:30:51.407-04:00 DEBUG 11948 --- [hw] [           main] org.hibernate.HQL_FUNCTIONS              : timestampadd(TEMPORAL_UNIT field, INTEGER magnitude, TEMPORAL datetime)
2025-06-26T23:30:51.407-04:00 DEBUG 11948 --- [hw] [           main] org.hibernate.HQL_FUNCTIONS              : Long|Double timestampdiff(TEMPORAL_UNIT field, TEMPORAL start, TEMPORAL end)
2025-06-26T23:30:51.407-04:00 DEBUG 11948 --- [hw] [           main] org.hibernate.HQL_FUNCTIONS              : String to_char(ANY arg0[, STRING arg1, STRING arg2])
2025-06-26T23:30:51.407-04:00 DEBUG 11948 --- [hw] [           main] org.hibernate.HQL_FUNCTIONS              : Date to_date(STRING arg0[, STRING arg1, STRING arg2])
2025-06-26T23:30:51.407-04:00 DEBUG 11948 --- [hw] [           main] org.hibernate.HQL_FUNCTIONS              : Double to_number(STRING arg0[, STRING arg1, STRING arg2])
2025-06-26T23:30:51.407-04:00 DEBUG 11948 --- [hw] [           main] org.hibernate.HQL_FUNCTIONS              : Timestamp to_timestamp(STRING arg0[, STRING arg1, STRING arg2])
2025-06-26T23:30:51.407-04:00 DEBUG 11948 --- [hw] [           main] org.hibernate.HQL_FUNCTIONS              : String translate(STRING arg0, STRING arg1, STRING arg2)
2025-06-26T23:30:51.407-04:00 DEBUG 11948 --- [hw] [           main] org.hibernate.HQL_FUNCTIONS              : String trim([[{leading|trailing|both} ][STRING arg0 ]from] STRING arg1)
2025-06-26T23:30:51.407-04:00 DEBUG 11948 --- [hw] [           main] org.hibernate.HQL_FUNCTIONS              : trunc( ... )
2025-06-26T23:30:51.407-04:00 DEBUG 11948 --- [hw] [           main] org.hibernate.HQL_FUNCTIONS              : truncate( ... )
2025-06-26T23:30:51.407-04:00 DEBUG 11948 --- [hw] [           main] org.hibernate.HQL_FUNCTIONS              : String upper(STRING string)
2025-06-26T23:30:51.408-04:00 DEBUG 11948 --- [hw] [           main] org.hibernate.HQL_FUNCTIONS              : Double var_pop(NUMERIC arg)
2025-06-26T23:30:51.408-04:00 DEBUG 11948 --- [hw] [           main] org.hibernate.HQL_FUNCTIONS              : Double var_samp(NUMERIC arg)
2025-06-26T23:30:51.408-04:00 DEBUG 11948 --- [hw] [           main] org.hibernate.HQL_FUNCTIONS              : Double variance(NUMERIC arg)
2025-06-26T23:30:51.408-04:00 DEBUG 11948 --- [hw] [           main] org.hibernate.orm.query.plan.cache       : Starting QueryInterpretationCache(2048)
2025-06-26T23:30:51.408-04:00 DEBUG 11948 --- [hw] [           main] .h.s.i.SessionFactoryServiceRegistryImpl : EventListenerRegistry access via ServiceRegistry is deprecated.  Use `sessionFactory.getEventEngine().getListenerRegistry()` instead
2025-06-26T23:30:51.408-04:00 DEBUG 11948 --- [hw] [           main] h.e.i.EntityCopyObserverFactoryInitiator : Configured EntityCopyObserver strategy: disallow
2025-06-26T23:30:51.409-04:00 DEBUG 11948 --- [hw] [           main] o.h.boot.internal.ClassLoaderAccessImpl  : Not known whether passed class name [com.pedidos.hw.model.Pedido] is safe
2025-06-26T23:30:51.409-04:00 DEBUG 11948 --- [hw] [           main] o.h.boot.internal.ClassLoaderAccessImpl  : No temp ClassLoader provided; using live ClassLoader for loading potentially unsafe class : com.pedidos.hw.model.Pedido
2025-06-26T23:30:51.410-04:00 DEBUG 11948 --- [hw] [           main] o.h.b.i.bytebuddy.BytecodeProviderImpl   : HHH000513: Unable to create the ReflectionOptimizer for [com.pedidos.hw.model.Pedido]: private accessor [detalles]
2025-06-26T23:30:51.410-04:00 DEBUG 11948 --- [hw] [           main] o.h.boot.internal.ClassLoaderAccessImpl  : Not known whether passed class name [com.pedidos.hw.model.DetallePedido] is safe
2025-06-26T23:30:51.410-04:00 DEBUG 11948 --- [hw] [           main] o.h.boot.internal.ClassLoaderAccessImpl  : No temp ClassLoader provided; using live ClassLoader for loading potentially unsafe class : com.pedidos.hw.model.DetallePedido
2025-06-26T23:30:51.411-04:00 DEBUG 11948 --- [hw] [           main] o.h.b.i.bytebuddy.BytecodeProviderImpl   : HHH000513: Unable to create the ReflectionOptimizer for [com.pedidos.hw.model.DetallePedido]: private accessor [cantidad]
2025-06-26T23:30:51.411-04:00 DEBUG 11948 --- [hw] [           main] org.hibernate.orm.jdbc.mutation          : Skipping collection (re)creation - com.pedidos.hw.model.Pedido.detalles
2025-06-26T23:30:51.411-04:00 DEBUG 11948 --- [hw] [           main] org.hibernate.orm.jdbc.mutation          : Skipping collection row deletions - com.pedidos.hw.model.Pedido.detalles
2025-06-26T23:30:51.411-04:00 DEBUG 11948 --- [hw] [           main] org.hibernate.orm.jdbc.mutation          : Skipping collection removals - com.pedidos.hw.model.Pedido.detalles
2025-06-26T23:30:51.412-04:00 DEBUG 11948 --- [hw] [           main] o.hibernate.orm.model.mapping.creation   : Starting post-init callbacks
2025-06-26T23:30:51.412-04:00 DEBUG 11948 --- [hw] [           main] o.hibernate.orm.model.mapping.creation   : Starting PostInitCallbackEntry : PluralAttributeMapping( NavigableRole[com.pedidos.hw.model.Pedido.detalles#{element}]) - element descriptor
2025-06-26T23:30:51.412-04:00 DEBUG 11948 --- [hw] [           main] o.hibernate.orm.model.mapping.creation   : Starting PostInitCallbackEntry : PluralAttributeMapping(com.pedidos.hw.model.Pedido.detalles)#finishInitialization
2025-06-26T23:30:51.412-04:00 DEBUG 11948 --- [hw] [           main] o.hibernate.orm.model.mapping.creation   : Starting PostInitCallbackEntry : PluralAttributeMapping(com.pedidos.hw.model.Pedido.detalles) - key descriptor
2025-06-26T23:30:51.413-04:00 DEBUG 11948 --- [hw] [           main] o.hibernate.orm.model.mapping.creation   : Starting PostInitCallbackEntry : Entity(com.pedidos.hw.model.Pedido) `staticFetchableList` generator
2025-06-26T23:30:51.413-04:00 DEBUG 11948 --- [hw] [           main] o.hibernate.orm.model.mapping.creation   : Starting PostInitCallbackEntry : To-one key - NavigableRole[com.pedidos.hw.model.DetallePedido.pedido]
2025-06-26T23:30:51.413-04:00 DEBUG 11948 --- [hw] [           main] o.hibernate.orm.model.mapping.creation   : Starting PostInitCallbackEntry : Entity(com.pedidos.hw.model.DetallePedido) `staticFetchableList` generator
2025-06-26T23:30:51.413-04:00 DEBUG 11948 --- [hw] [           main] o.hibernate.orm.model.mapping.creation   : Starting PostInitCallbackEntry : PluralAttributeMapping( NavigableRole[com.pedidos.hw.model.Pedido.detalles#{element}]) - element descriptor
2025-06-26T23:30:51.415-04:00 DEBUG 11948 --- [hw] [           main] org.hibernate.orm.sql.ast.create         : Created new SQL alias : p1_0
2025-06-26T23:30:51.415-04:00 DEBUG 11948 --- [hw] [           main] org.hibernate.orm.sql.ast.create         : Registration of TableGroup [StandardTableGroup(com.pedidos.hw.model.Pedido)] with identifierForTableGroup [com.pedidos.hw.model.Pedido] for NavigablePath [com.pedidos.hw.model.Pedido] 
2025-06-26T23:30:51.415-04:00 DEBUG 11948 --- [hw] [           main] org.hibernate.orm.results.graph.AST      : DomainResult Graph:
 \-EntityResultImpl [com.pedidos.hw.model.Pedido]
 |  +-DelayedCollectionFetch [com.pedidos.hw.model.Pedido.detalles]
 |  +-BasicFetch [com.pedidos.hw.model.Pedido.estado]
 |  +-BasicFetch [com.pedidos.hw.model.Pedido.fecha_pedido]
 |  \-BasicFetch [com.pedidos.hw.model.Pedido.id_usuario]

2025-06-26T23:30:51.415-04:00 DEBUG 11948 --- [hw] [           main] org.hibernate.orm.sql.ast.tree           : SQL AST Tree:
    SelectStatement {
      FromClause {
        StandardTableGroup (p1 : com.pedidos.hw.model.Pedido) {
          primaryTableReference : pedido as p1_0
        }
      }
    }

2025-06-26T23:30:51.415-04:00 DEBUG 11948 --- [hw] [           main] o.h.p.entity.AbstractEntityPersister     : Static SQL for entity: com.pedidos.hw.model.Pedido
2025-06-26T23:30:51.415-04:00 DEBUG 11948 --- [hw] [           main] o.h.p.entity.AbstractEntityPersister     :  Version select: select id from pedido where id=?
2025-06-26T23:30:51.415-04:00 DEBUG 11948 --- [hw] [           main] o.h.p.entity.AbstractEntityPersister     :  Insert (0): insert into pedido (estado,fecha_pedido,id_usuario,id) values (?,?,?,default)
2025-06-26T23:30:51.416-04:00 DEBUG 11948 --- [hw] [           main] o.h.p.entity.AbstractEntityPersister     :  Update (0): update pedido set estado=?,fecha_pedido=?,id_usuario=? where id=?
2025-06-26T23:30:51.416-04:00 DEBUG 11948 --- [hw] [           main] o.h.p.entity.AbstractEntityPersister     :  Delete (0): delete from pedido where id=?
2025-06-26T23:30:51.416-04:00 DEBUG 11948 --- [hw] [           main] org.hibernate.orm.sql.ast.create         : Created new SQL alias : dp1_0
2025-06-26T23:30:51.416-04:00 DEBUG 11948 --- [hw] [           main] org.hibernate.orm.sql.ast.create         : Registration of TableGroup [StandardTableGroup(com.pedidos.hw.model.DetallePedido)] with identifierForTableGroup [com.pedidos.hw.model.DetallePedido] for NavigablePath [com.pedidos.hw.model.DetallePedido] 
2025-06-26T23:30:51.416-04:00 DEBUG 11948 --- [hw] [           main] org.hibernate.orm.sql.ast.create         : Registration of TableGroup [org.hibernate.sql.ast.tree.from.LazyTableGroup@5d9e5f2f] with identifierForTableGroup [com.pedidos.hw.model.DetallePedido.pedido] for NavigablePath [com.pedidos.hw.model.DetallePedido.pedido] 
2025-06-26T23:30:51.416-04:00 DEBUG 11948 --- [hw] [           main] org.hibernate.orm.results.graph.AST      : DomainResult Graph:
 \-EntityResultImpl [com.pedidos.hw.model.DetallePedido]
 |  +-BasicFetch [com.pedidos.hw.model.DetallePedido.cantidad]
 |  +-BasicFetch [com.pedidos.hw.model.DetallePedido.id_producto]
 |  \-EntityDelayedFetchImpl [com.pedidos.hw.model.DetallePedido.pedido]

2025-06-26T23:30:51.416-04:00 DEBUG 11948 --- [hw] [           main] org.hibernate.orm.sql.ast.tree           : SQL AST Tree:
    SelectStatement {
      FromClause {
        StandardTableGroup (dp1 : com.pedidos.hw.model.DetallePedido) {
          primaryTableReference : detalle_pedido as dp1_0
          TableGroupJoins {
            left  join LazyTableGroup (p1 : com.pedidos.hw.model.DetallePedido.pedido) {
            }
          }
        }
      }
    }

2025-06-26T23:30:51.416-04:00 DEBUG 11948 --- [hw] [           main] o.h.p.entity.AbstractEntityPersister     : Static SQL for entity: com.pedidos.hw.model.DetallePedido
2025-06-26T23:30:51.416-04:00 DEBUG 11948 --- [hw] [           main] o.h.p.entity.AbstractEntityPersister     :  Version select: select id_detalle from detalle_pedido where id_detalle=?
2025-06-26T23:30:51.416-04:00 DEBUG 11948 --- [hw] [           main] o.h.p.entity.AbstractEntityPersister     :  Insert (0): insert into detalle_pedido (cantidad,id_producto,id_pedido,id_detalle) values (?,?,?,default)
2025-06-26T23:30:51.416-04:00 DEBUG 11948 --- [hw] [           main] o.h.p.entity.AbstractEntityPersister     :  Update (0): update detalle_pedido set cantidad=?,id_producto=?,id_pedido=? where id_detalle=?
2025-06-26T23:30:51.416-04:00 DEBUG 11948 --- [hw] [           main] o.h.p.entity.AbstractEntityPersister     :  Delete (0): delete from detalle_pedido where id_detalle=?
2025-06-26T23:30:51.416-04:00 DEBUG 11948 --- [hw] [           main] org.hibernate.orm.sql.ast.create         : Created new SQL alias : d1_0
2025-06-26T23:30:51.416-04:00 DEBUG 11948 --- [hw] [           main] org.hibernate.orm.sql.ast.create         : Registration of TableGroup [org.hibernate.sql.ast.tree.from.OneToManyTableGroup@782cd00] with identifierForTableGroup [com.pedidos.hw.model.Pedido.detalles] for NavigablePath [com.pedidos.hw.model.Pedido.detalles] 
2025-06-26T23:30:51.417-04:00 DEBUG 11948 --- [hw] [           main] org.hibernate.orm.sql.ast.create         : Registration of TableGroup [StandardTableGroup(com.pedidos.hw.model.Pedido.detalles.{element})] with identifierForTableGroup [com.pedidos.hw.model.Pedido.detalles.{element}] for NavigablePath [com.pedidos.hw.model.Pedido.detalles.{element}] 
2025-06-26T23:30:51.417-04:00 DEBUG 11948 --- [hw] [           main] org.hibernate.orm.sql.ast.create         : Registration of TableGroup [org.hibernate.sql.ast.tree.from.LazyTableGroup@65d07158] with identifierForTableGroup [com.pedidos.hw.model.Pedido.detalles.{element}.pedido] for NavigablePath [com.pedidos.hw.model.Pedido.detalles.{element}.pedido] 
2025-06-26T23:30:51.417-04:00 DEBUG 11948 --- [hw] [           main] org.hibernate.orm.results.graph.AST      : DomainResult Graph:
 \-CollectionDomainResult [com.pedidos.hw.model.Pedido.detalles]

2025-06-26T23:30:51.417-04:00 DEBUG 11948 --- [hw] [           main] org.hibernate.orm.sql.ast.tree           : SQL AST Tree:
    SelectStatement {
      FromClause {
        OneToManyTableGroup (d1 : com.pedidos.hw.model.Pedido.detalles) {
          primaryTableReference : detalle_pedido as d1_0
          TableGroupJoins {
            left  join LazyTableGroup (p1 : com.pedidos.hw.model.Pedido.detalles.{element}.pedido) {
            }
          }
        }
      }
    }

2025-06-26T23:30:51.417-04:00 DEBUG 11948 --- [hw] [           main] org.hibernate.orm.jdbc.mutation          : Static SQL for collection: com.pedidos.hw.model.Pedido.detalles
2025-06-26T23:30:51.419-04:00  INFO 11948 --- [hw] [           main] o.h.e.t.j.p.i.JtaPlatformInitiator       : HHH000489: No JTA platform available (set 'hibernate.transaction.jta.platform' to enable JTA platform integration)
2025-06-26T23:30:51.419-04:00 DEBUG 11948 --- [hw] [           main] o.h.type.spi.TypeConfiguration$Scope     : Scoping TypeConfiguration [org.hibernate.type.spi.TypeConfiguration@74213bb4] to SessionFactoryImplementor [org.hibernate.internal.SessionFactoryImpl@10bcceb5]
2025-06-26T23:30:51.419-04:00 DEBUG 11948 --- [hw] [           main] o.h.query.named.NamedObjectRepository    : Checking 0 named HQL queries
2025-06-26T23:30:51.419-04:00 DEBUG 11948 --- [hw] [           main] o.h.query.named.NamedObjectRepository    : Checking 0 named SQL queries
2025-06-26T23:30:51.422-04:00 DEBUG 11948 --- [hw] [           main] org.hibernate.SQL                        : 
    drop table detalle_pedido cascade constraints
Hibernate: 
    drop table detalle_pedido cascade constraints
2025-06-26T23:30:51.424-04:00  WARN 11948 --- [hw] [           main] o.h.t.s.i.ExceptionHandlerLoggedImpl     : GenerationTarget encountered exception accepting command : Error executing DDL "
    drop table detalle_pedido cascade constraints" via JDBC [Tabla "DETALLE_PEDIDO" no encontrada
Table "DETALLE_PEDIDO" not found;]

org.hibernate.tool.schema.spi.CommandAcceptanceException: Error executing DDL "
    drop table detalle_pedido cascade constraints" via JDBC [Tabla "DETALLE_PEDIDO" no encontrada
Table "DETALLE_PEDIDO" not found;]
	at org.hibernate.tool.schema.internal.exec.GenerationTargetToDatabase.accept(GenerationTargetToDatabase.java:94) ~[hibernate-core-6.6.18.Final.jar:6.6.18.Final]
	at org.hibernate.tool.schema.internal.Helper.applySqlString(Helper.java:233) ~[hibernate-core-6.6.18.Final.jar:6.6.18.Final]
	at org.hibernate.tool.schema.internal.Helper.applySqlStrings(Helper.java:217) ~[hibernate-core-6.6.18.Final.jar:6.6.18.Final]
	at org.hibernate.tool.schema.internal.SchemaDropperImpl.dropTables(SchemaDropperImpl.java:384) ~[hibernate-core-6.6.18.Final.jar:6.6.18.Final]
	at org.hibernate.tool.schema.internal.SchemaDropperImpl.dropConstraintsTablesSequences(SchemaDropperImpl.java:256) ~[hibernate-core-6.6.18.Final.jar:6.6.18.Final]
	at org.hibernate.tool.schema.internal.SchemaDropperImpl.dropFromMetadata(SchemaDropperImpl.java:218) ~[hibernate-core-6.6.18.Final.jar:6.6.18.Final]
	at org.hibernate.tool.schema.internal.SchemaDropperImpl.performDrop(SchemaDropperImpl.java:186) ~[hibernate-core-6.6.18.Final.jar:6.6.18.Final]
	at org.hibernate.tool.schema.internal.SchemaDropperImpl.doDrop(SchemaDropperImpl.java:156) ~[hibernate-core-6.6.18.Final.jar:6.6.18.Final]
	at org.hibernate.tool.schema.internal.SchemaDropperImpl.doDrop(SchemaDropperImpl.java:116) ~[hibernate-core-6.6.18.Final.jar:6.6.18.Final]
	at org.hibernate.tool.schema.spi.SchemaManagementToolCoordinator.performDatabaseAction(SchemaManagementToolCoordinator.java:238) ~[hibernate-core-6.6.18.Final.jar:6.6.18.Final]
	at org.hibernate.tool.schema.spi.SchemaManagementToolCoordinator.lambda$process$5(SchemaManagementToolCoordinator.java:144) ~[hibernate-core-6.6.18.Final.jar:6.6.18.Final]
	at java.base/java.util.HashMap.forEach(HashMap.java:1429) ~[na:na]
	at org.hibernate.tool.schema.spi.SchemaManagementToolCoordinator.process(SchemaManagementToolCoordinator.java:141) ~[hibernate-core-6.6.18.Final.jar:6.6.18.Final]
	at org.hibernate.boot.internal.SessionFactoryObserverForSchemaExport.sessionFactoryCreated(SessionFactoryObserverForSchemaExport.java:37) ~[hibernate-core-6.6.18.Final.jar:6.6.18.Final]
	at org.hibernate.internal.SessionFactoryObserverChain.sessionFactoryCreated(SessionFactoryObserverChain.java:35) ~[hibernate-core-6.6.18.Final.jar:6.6.18.Final]
	at org.hibernate.internal.SessionFactoryImpl.<init>(SessionFactoryImpl.java:324) ~[hibernate-core-6.6.18.Final.jar:6.6.18.Final]
	at org.hibernate.boot.internal.SessionFactoryBuilderImpl.build(SessionFactoryBuilderImpl.java:463) ~[hibernate-core-6.6.18.Final.jar:6.6.18.Final]
	at org.hibernate.jpa.boot.internal.EntityManagerFactoryBuilderImpl.build(EntityManagerFactoryBuilderImpl.java:1517) ~[hibernate-core-6.6.18.Final.jar:6.6.18.Final]
	at org.springframework.orm.jpa.vendor.SpringHibernateJpaPersistenceProvider.createContainerEntityManagerFactory(SpringHibernateJpaPersistenceProvider.java:66) ~[spring-orm-6.2.8.jar:6.2.8]
	at org.springframework.orm.jpa.LocalContainerEntityManagerFactoryBean.createNativeEntityManagerFactory(LocalContainerEntityManagerFactoryBean.java:390) ~[spring-orm-6.2.8.jar:6.2.8]
	at org.springframework.orm.jpa.AbstractEntityManagerFactoryBean.buildNativeEntityManagerFactory(AbstractEntityManagerFactoryBean.java:419) ~[spring-orm-6.2.8.jar:6.2.8]
	at org.springframework.orm.jpa.AbstractEntityManagerFactoryBean.afterPropertiesSet(AbstractEntityManagerFactoryBean.java:400) ~[spring-orm-6.2.8.jar:6.2.8]
	at org.springframework.orm.jpa.LocalContainerEntityManagerFactoryBean.afterPropertiesSet(LocalContainerEntityManagerFactoryBean.java:366) ~[spring-orm-6.2.8.jar:6.2.8]
	at org.springframework.beans.factory.support.AbstractAutowireCapableBeanFactory.invokeInitMethods(AbstractAutowireCapableBeanFactory.java:1873) ~[spring-beans-6.2.8.jar:6.2.8]
	at org.springframework.beans.factory.support.AbstractAutowireCapableBeanFactory.initializeBean(AbstractAutowireCapableBeanFactory.java:1822) ~[spring-beans-6.2.8.jar:6.2.8]
	at org.springframework.beans.factory.support.AbstractAutowireCapableBeanFactory.doCreateBean(AbstractAutowireCapableBeanFactory.java:607) ~[spring-beans-6.2.8.jar:6.2.8]
	at org.springframework.beans.factory.support.AbstractAutowireCapableBeanFactory.createBean(AbstractAutowireCapableBeanFactory.java:529) ~[spring-beans-6.2.8.jar:6.2.8]
	at org.springframework.beans.factory.support.AbstractBeanFactory.lambda$doGetBean$0(AbstractBeanFactory.java:339) ~[spring-beans-6.2.8.jar:6.2.8]
	at org.springframework.beans.factory.support.DefaultSingletonBeanRegistry.getSingleton(DefaultSingletonBeanRegistry.java:373) ~[spring-beans-6.2.8.jar:6.2.8]
	at org.springframework.beans.factory.support.AbstractBeanFactory.doGetBean(AbstractBeanFactory.java:337) ~[spring-beans-6.2.8.jar:6.2.8]
	at org.springframework.beans.factory.support.AbstractBeanFactory.getBean(AbstractBeanFactory.java:207) ~[spring-beans-6.2.8.jar:6.2.8]
	at org.springframework.context.support.AbstractApplicationContext.finishBeanFactoryInitialization(AbstractApplicationContext.java:970) ~[spring-context-6.2.8.jar:6.2.8]
	at org.springframework.context.support.AbstractApplicationContext.refresh(AbstractApplicationContext.java:627) ~[spring-context-6.2.8.jar:6.2.8]
	at org.springframework.boot.SpringApplication.refresh(SpringApplication.java:752) ~[spring-boot-3.4.7.jar:3.4.7]
	at org.springframework.boot.SpringApplication.refreshContext(SpringApplication.java:439) ~[spring-boot-3.4.7.jar:3.4.7]
	at org.springframework.boot.SpringApplication.run(SpringApplication.java:318) ~[spring-boot-3.4.7.jar:3.4.7]
	at org.springframework.boot.test.context.SpringBootContextLoader.lambda$loadContext$3(SpringBootContextLoader.java:144) ~[spring-boot-test-3.4.7.jar:3.4.7]
	at org.springframework.util.function.ThrowingSupplier.get(ThrowingSupplier.java:58) ~[spring-core-6.2.8.jar:6.2.8]
	at org.springframework.util.function.ThrowingSupplier.get(ThrowingSupplier.java:46) ~[spring-core-6.2.8.jar:6.2.8]
	at org.springframework.boot.SpringApplication.withHook(SpringApplication.java:1461) ~[spring-boot-3.4.7.jar:3.4.7]
	at org.springframework.boot.test.context.SpringBootContextLoader$ContextLoaderHook.run(SpringBootContextLoader.java:563) ~[spring-boot-test-3.4.7.jar:3.4.7]
	at org.springframework.boot.test.context.SpringBootContextLoader.loadContext(SpringBootContextLoader.java:144) ~[spring-boot-test-3.4.7.jar:3.4.7]
	at org.springframework.boot.test.context.SpringBootContextLoader.loadContext(SpringBootContextLoader.java:110) ~[spring-boot-test-3.4.7.jar:3.4.7]
	at org.springframework.test.context.cache.DefaultCacheAwareContextLoaderDelegate.loadContextInternal(DefaultCacheAwareContextLoaderDelegate.java:225) ~[spring-test-6.2.8.jar:6.2.8]
	at org.springframework.test.context.cache.DefaultCacheAwareContextLoaderDelegate.loadContext(DefaultCacheAwareContextLoaderDelegate.java:152) ~[spring-test-6.2.8.jar:6.2.8]
	at org.springframework.test.context.support.DefaultTestContext.getApplicationContext(DefaultTestContext.java:130) ~[spring-test-6.2.8.jar:6.2.8]
	at org.springframework.test.context.support.DependencyInjectionTestExecutionListener.injectDependencies(DependencyInjectionTestExecutionListener.java:155) ~[spring-test-6.2.8.jar:6.2.8]
	at org.springframework.test.context.support.DependencyInjectionTestExecutionListener.prepareTestInstance(DependencyInjectionTestExecutionListener.java:111) ~[spring-test-6.2.8.jar:6.2.8]
	at org.springframework.test.context.TestContextManager.prepareTestInstance(TestContextManager.java:260) ~[spring-test-6.2.8.jar:6.2.8]
	at org.springframework.test.context.junit.jupiter.SpringExtension.postProcessTestInstance(SpringExtension.java:159) ~[spring-test-6.2.8.jar:6.2.8]
	at org.junit.jupiter.engine.descriptor.ClassBasedTestDescriptor.lambda$invokeTestInstancePostProcessors$11(ClassBasedTestDescriptor.java:378) ~[junit-jupiter-engine-5.11.4.jar:5.11.4]
	at org.junit.jupiter.engine.descriptor.ClassBasedTestDescriptor.executeAndMaskThrowable(ClassBasedTestDescriptor.java:383) ~[junit-jupiter-engine-5.11.4.jar:5.11.4]
	at org.junit.jupiter.engine.descriptor.ClassBasedTestDescriptor.lambda$invokeTestInstancePostProcessors$12(ClassBasedTestDescriptor.java:378) ~[junit-jupiter-engine-5.11.4.jar:5.11.4]
	at java.base/java.util.stream.ForEachOps$ForEachOp$OfRef.accept(ForEachOps.java:184) ~[na:na]
	at java.base/java.util.stream.ReferencePipeline$3$1.accept(ReferencePipeline.java:197) ~[na:na]
	at java.base/java.util.stream.ReferencePipeline$2$1.accept(ReferencePipeline.java:179) ~[na:na]
	at java.base/java.util.stream.ReferencePipeline$3$1.accept(ReferencePipeline.java:197) ~[na:na]
	at java.base/java.util.ArrayList$ArrayListSpliterator.forEachRemaining(ArrayList.java:1708) ~[na:na]
	at java.base/java.util.stream.AbstractPipeline.copyInto(AbstractPipeline.java:509) ~[na:na]
	at java.base/java.util.stream.AbstractPipeline.wrapAndCopyInto(AbstractPipeline.java:499) ~[na:na]
	at java.base/java.util.stream.ForEachOps$ForEachOp.evaluateSequential(ForEachOps.java:151) ~[na:na]
	at java.base/java.util.stream.ForEachOps$ForEachOp$OfRef.evaluateSequential(ForEachOps.java:174) ~[na:na]
	at java.base/java.util.stream.AbstractPipeline.evaluate(AbstractPipeline.java:234) ~[na:na]
	at java.base/java.util.stream.ReferencePipeline.forEach(ReferencePipeline.java:596) ~[na:na]
	at org.junit.jupiter.engine.descriptor.ClassBasedTestDescriptor.invokeTestInstancePostProcessors(ClassBasedTestDescriptor.java:377) ~[junit-jupiter-engine-5.11.4.jar:5.11.4]
	at org.junit.jupiter.engine.descriptor.ClassBasedTestDescriptor.lambda$instantiateAndPostProcessTestInstance$7(ClassBasedTestDescriptor.java:290) ~[junit-jupiter-engine-5.11.4.jar:5.11.4]
	at org.junit.platform.engine.support.hierarchical.ThrowableCollector.execute(ThrowableCollector.java:73) ~[junit-platform-engine-1.11.4.jar:1.11.4]
	at org.junit.jupiter.engine.descriptor.ClassBasedTestDescriptor.instantiateAndPostProcessTestInstance(ClassBasedTestDescriptor.java:289) ~[junit-jupiter-engine-5.11.4.jar:5.11.4]
	at org.junit.jupiter.engine.descriptor.ClassBasedTestDescriptor.lambda$testInstancesProvider$5(ClassBasedTestDescriptor.java:279) ~[junit-jupiter-engine-5.11.4.jar:5.11.4]
	at java.base/java.util.Optional.orElseGet(Optional.java:364) ~[na:na]
	at org.junit.jupiter.engine.descriptor.ClassBasedTestDescriptor.lambda$testInstancesProvider$6(ClassBasedTestDescriptor.java:278) ~[junit-jupiter-engine-5.11.4.jar:5.11.4]
	at org.junit.jupiter.engine.execution.TestInstancesProvider.getTestInstances(TestInstancesProvider.java:31) ~[junit-jupiter-engine-5.11.4.jar:5.11.4]
	at org.junit.jupiter.engine.descriptor.TestMethodTestDescriptor.lambda$prepare$1(TestMethodTestDescriptor.java:105) ~[junit-jupiter-engine-5.11.4.jar:5.11.4]
	at org.junit.platform.engine.support.hierarchical.ThrowableCollector.execute(ThrowableCollector.java:73) ~[junit-platform-engine-1.11.4.jar:1.11.4]
	at org.junit.jupiter.engine.descriptor.TestMethodTestDescriptor.prepare(TestMethodTestDescriptor.java:104) ~[junit-jupiter-engine-5.11.4.jar:5.11.4]
	at org.junit.jupiter.engine.descriptor.TestMethodTestDescriptor.prepare(TestMethodTestDescriptor.java:68) ~[junit-jupiter-engine-5.11.4.jar:5.11.4]
	at org.junit.platform.engine.support.hierarchical.NodeTestTask.lambda$prepare$2(NodeTestTask.java:128) ~[junit-platform-engine-1.11.4.jar:1.11.4]
	at org.junit.platform.engine.support.hierarchical.ThrowableCollector.execute(ThrowableCollector.java:73) ~[junit-platform-engine-1.11.4.jar:1.11.4]
	at org.junit.platform.engine.support.hierarchical.NodeTestTask.prepare(NodeTestTask.java:128) ~[junit-platform-engine-1.11.4.jar:1.11.4]
	at org.junit.platform.engine.support.hierarchical.NodeTestTask.execute(NodeTestTask.java:95) ~[junit-platform-engine-1.11.4.jar:1.11.4]
	at java.base/java.util.ArrayList.forEach(ArrayList.java:1596) ~[na:na]
	at org.junit.platform.engine.support.hierarchical.SameThreadHierarchicalTestExecutorService.invokeAll(SameThreadHierarchicalTestExecutorService.java:41) ~[junit-platform-engine-1.11.4.jar:1.11.4]
	at org.junit.platform.engine.support.hierarchical.NodeTestTask.lambda$executeRecursively$6(NodeTestTask.java:160) ~[junit-platform-engine-1.11.4.jar:1.11.4]
	at org.junit.platform.engine.support.hierarchical.ThrowableCollector.execute(ThrowableCollector.java:73) ~[junit-platform-engine-1.11.4.jar:1.11.4]
	at org.junit.platform.engine.support.hierarchical.NodeTestTask.lambda$executeRecursively$8(NodeTestTask.java:146) ~[junit-platform-engine-1.11.4.jar:1.11.4]
	at org.junit.platform.engine.support.hierarchical.Node.around(Node.java:137) ~[junit-platform-engine-1.11.4.jar:1.11.4]
	at org.junit.platform.engine.support.hierarchical.NodeTestTask.lambda$executeRecursively$9(NodeTestTask.java:144) ~[junit-platform-engine-1.11.4.jar:1.11.4]
	at org.junit.platform.engine.support.hierarchical.ThrowableCollector.execute(ThrowableCollector.java:73) ~[junit-platform-engine-1.11.4.jar:1.11.4]
	at org.junit.platform.engine.support.hierarchical.NodeTestTask.executeRecursively(NodeTestTask.java:143) ~[junit-platform-engine-1.11.4.jar:1.11.4]
	at org.junit.platform.engine.support.hierarchical.NodeTestTask.execute(NodeTestTask.java:100) ~[junit-platform-engine-1.11.4.jar:1.11.4]
	at java.base/java.util.ArrayList.forEach(ArrayList.java:1596) ~[na:na]
	at org.junit.platform.engine.support.hierarchical.SameThreadHierarchicalTestExecutorService.invokeAll(SameThreadHierarchicalTestExecutorService.java:41) ~[junit-platform-engine-1.11.4.jar:1.11.4]
	at org.junit.platform.engine.support.hierarchical.NodeTestTask.lambda$executeRecursively$6(NodeTestTask.java:160) ~[junit-platform-engine-1.11.4.jar:1.11.4]
	at org.junit.platform.engine.support.hierarchical.ThrowableCollector.execute(ThrowableCollector.java:73) ~[junit-platform-engine-1.11.4.jar:1.11.4]
	at org.junit.platform.engine.support.hierarchical.NodeTestTask.lambda$executeRecursively$8(NodeTestTask.java:146) ~[junit-platform-engine-1.11.4.jar:1.11.4]
	at org.junit.platform.engine.support.hierarchical.Node.around(Node.java:137) ~[junit-platform-engine-1.11.4.jar:1.11.4]
	at org.junit.platform.engine.support.hierarchical.NodeTestTask.lambda$executeRecursively$9(NodeTestTask.java:144) ~[junit-platform-engine-1.11.4.jar:1.11.4]
	at org.junit.platform.engine.support.hierarchical.ThrowableCollector.execute(ThrowableCollector.java:73) ~[junit-platform-engine-1.11.4.jar:1.11.4]
	at org.junit.platform.engine.support.hierarchical.NodeTestTask.executeRecursively(NodeTestTask.java:143) ~[junit-platform-engine-1.11.4.jar:1.11.4]
	at org.junit.platform.engine.support.hierarchical.NodeTestTask.execute(NodeTestTask.java:100) ~[junit-platform-engine-1.11.4.jar:1.11.4]
	at org.junit.platform.engine.support.hierarchical.SameThreadHierarchicalTestExecutorService.submit(SameThreadHierarchicalTestExecutorService.java:35) ~[junit-platform-engine-1.11.4.jar:1.11.4]
	at org.junit.platform.engine.support.hierarchical.HierarchicalTestExecutor.execute(HierarchicalTestExecutor.java:57) ~[junit-platform-engine-1.11.4.jar:1.11.4]
	at org.junit.platform.engine.support.hierarchical.HierarchicalTestEngine.execute(HierarchicalTestEngine.java:54) ~[junit-platform-engine-1.11.4.jar:1.11.4]
	at org.junit.platform.launcher.core.EngineExecutionOrchestrator.execute(EngineExecutionOrchestrator.java:198) ~[junit-platform-launcher-1.11.4.jar:1.11.4]
	at org.junit.platform.launcher.core.EngineExecutionOrchestrator.execute(EngineExecutionOrchestrator.java:169) ~[junit-platform-launcher-1.11.4.jar:1.11.4]
	at org.junit.platform.launcher.core.EngineExecutionOrchestrator.execute(EngineExecutionOrchestrator.java:93) ~[junit-platform-launcher-1.11.4.jar:1.11.4]
	at org.junit.platform.launcher.core.EngineExecutionOrchestrator.lambda$execute$0(EngineExecutionOrchestrator.java:58) ~[junit-platform-launcher-1.11.4.jar:1.11.4]
	at org.junit.platform.launcher.core.EngineExecutionOrchestrator.withInterceptedStreams(EngineExecutionOrchestrator.java:141) ~[junit-platform-launcher-1.11.4.jar:1.11.4]
	at org.junit.platform.launcher.core.EngineExecutionOrchestrator.execute(EngineExecutionOrchestrator.java:57) ~[junit-platform-launcher-1.11.4.jar:1.11.4]
	at org.junit.platform.launcher.core.DefaultLauncher.execute(DefaultLauncher.java:103) ~[junit-platform-launcher-1.11.4.jar:1.11.4]
	at org.junit.platform.launcher.core.DefaultLauncher.execute(DefaultLauncher.java:85) ~[junit-platform-launcher-1.11.4.jar:1.11.4]
	at org.junit.platform.launcher.core.DelegatingLauncher.execute(DelegatingLauncher.java:47) ~[junit-platform-launcher-1.11.4.jar:1.11.4]
	at org.apache.maven.surefire.junitplatform.LazyLauncher.execute(LazyLauncher.java:56) ~[surefire-junit-platform-3.5.3.jar:3.5.3]
	at org.apache.maven.surefire.junitplatform.JUnitPlatformProvider.execute(JUnitPlatformProvider.java:194) ~[surefire-junit-platform-3.5.3.jar:3.5.3]
	at org.apache.maven.surefire.junitplatform.JUnitPlatformProvider.invokeAllTests(JUnitPlatformProvider.java:150) ~[surefire-junit-platform-3.5.3.jar:3.5.3]
	at org.apache.maven.surefire.junitplatform.JUnitPlatformProvider.invoke(JUnitPlatformProvider.java:124) ~[surefire-junit-platform-3.5.3.jar:3.5.3]
	at org.apache.maven.surefire.booter.ForkedBooter.runSuitesInProcess(ForkedBooter.java:385) ~[surefire-booter-3.5.3.jar:3.5.3]
	at org.apache.maven.surefire.booter.ForkedBooter.execute(ForkedBooter.java:162) ~[surefire-booter-3.5.3.jar:3.5.3]
	at org.apache.maven.surefire.booter.ForkedBooter.run(ForkedBooter.java:507) ~[surefire-booter-3.5.3.jar:3.5.3]
	at org.apache.maven.surefire.booter.ForkedBooter.main(ForkedBooter.java:495) ~[surefire-booter-3.5.3.jar:3.5.3]
Caused by: org.h2.jdbc.JdbcSQLSyntaxErrorException: Tabla "DETALLE_PEDIDO" no encontrada
Table "DETALLE_PEDIDO" not found; SQL statement:

    drop table detalle_pedido cascade const [42102-232]
	at org.h2.message.DbException.getJdbcSQLException(DbException.java:514) ~[h2-2.3.232.jar:2.3.232]
	at org.h2.message.DbException.getJdbcSQLException(DbException.java:489) ~[h2-2.3.232.jar:2.3.232]
	at org.h2.message.DbException.get(DbException.java:223) ~[h2-2.3.232.jar:2.3.232]
	at org.h2.message.DbException.get(DbException.java:199) ~[h2-2.3.232.jar:2.3.232]
	at org.h2.command.ddl.DropTable.prepareDrop(DropTable.java:66) ~[h2-2.3.232.jar:2.3.232]
	at org.h2.command.ddl.DropTable.update(DropTable.java:133) ~[h2-2.3.232.jar:2.3.232]
	at org.h2.command.CommandContainer.update(CommandContainer.java:139) ~[h2-2.3.232.jar:2.3.232]
	at org.h2.command.Command.executeUpdate(Command.java:304) ~[h2-2.3.232.jar:2.3.232]
	at org.h2.command.Command.executeUpdate(Command.java:248) ~[h2-2.3.232.jar:2.3.232]
	at org.h2.jdbc.JdbcStatement.executeInternal(JdbcStatement.java:262) ~[h2-2.3.232.jar:2.3.232]
	at org.h2.jdbc.JdbcStatement.execute(JdbcStatement.java:231) ~[h2-2.3.232.jar:2.3.232]
	at org.hibernate.tool.schema.internal.exec.GenerationTargetToDatabase.accept(GenerationTargetToDatabase.java:80) ~[hibernate-core-6.6.18.Final.jar:6.6.18.Final]
	... 119 common frames omitted

2025-06-26T23:30:51.426-04:00 DEBUG 11948 --- [hw] [           main] org.hibernate.SQL                        : 
    drop table pedido cascade constraints
Hibernate: 
    drop table pedido cascade constraints
2025-06-26T23:30:51.426-04:00  WARN 11948 --- [hw] [           main] o.h.t.s.i.ExceptionHandlerLoggedImpl     : GenerationTarget encountered exception accepting command : Error executing DDL "
    drop table pedido cascade constraints" via JDBC [Tabla "PEDIDO" no encontrada
Table "PEDIDO" not found;]

org.hibernate.tool.schema.spi.CommandAcceptanceException: Error executing DDL "
    drop table pedido cascade constraints" via JDBC [Tabla "PEDIDO" no encontrada
Table "PEDIDO" not found;]
	at org.hibernate.tool.schema.internal.exec.GenerationTargetToDatabase.accept(GenerationTargetToDatabase.java:94) ~[hibernate-core-6.6.18.Final.jar:6.6.18.Final]
	at org.hibernate.tool.schema.internal.Helper.applySqlString(Helper.java:233) ~[hibernate-core-6.6.18.Final.jar:6.6.18.Final]
	at org.hibernate.tool.schema.internal.Helper.applySqlStrings(Helper.java:217) ~[hibernate-core-6.6.18.Final.jar:6.6.18.Final]
	at org.hibernate.tool.schema.internal.SchemaDropperImpl.dropTables(SchemaDropperImpl.java:384) ~[hibernate-core-6.6.18.Final.jar:6.6.18.Final]
	at org.hibernate.tool.schema.internal.SchemaDropperImpl.dropConstraintsTablesSequences(SchemaDropperImpl.java:256) ~[hibernate-core-6.6.18.Final.jar:6.6.18.Final]
	at org.hibernate.tool.schema.internal.SchemaDropperImpl.dropFromMetadata(SchemaDropperImpl.java:218) ~[hibernate-core-6.6.18.Final.jar:6.6.18.Final]
	at org.hibernate.tool.schema.internal.SchemaDropperImpl.performDrop(SchemaDropperImpl.java:186) ~[hibernate-core-6.6.18.Final.jar:6.6.18.Final]
	at org.hibernate.tool.schema.internal.SchemaDropperImpl.doDrop(SchemaDropperImpl.java:156) ~[hibernate-core-6.6.18.Final.jar:6.6.18.Final]
	at org.hibernate.tool.schema.internal.SchemaDropperImpl.doDrop(SchemaDropperImpl.java:116) ~[hibernate-core-6.6.18.Final.jar:6.6.18.Final]
	at org.hibernate.tool.schema.spi.SchemaManagementToolCoordinator.performDatabaseAction(SchemaManagementToolCoordinator.java:238) ~[hibernate-core-6.6.18.Final.jar:6.6.18.Final]
	at org.hibernate.tool.schema.spi.SchemaManagementToolCoordinator.lambda$process$5(SchemaManagementToolCoordinator.java:144) ~[hibernate-core-6.6.18.Final.jar:6.6.18.Final]
	at java.base/java.util.HashMap.forEach(HashMap.java:1429) ~[na:na]
	at org.hibernate.tool.schema.spi.SchemaManagementToolCoordinator.process(SchemaManagementToolCoordinator.java:141) ~[hibernate-core-6.6.18.Final.jar:6.6.18.Final]
	at org.hibernate.boot.internal.SessionFactoryObserverForSchemaExport.sessionFactoryCreated(SessionFactoryObserverForSchemaExport.java:37) ~[hibernate-core-6.6.18.Final.jar:6.6.18.Final]
	at org.hibernate.internal.SessionFactoryObserverChain.sessionFactoryCreated(SessionFactoryObserverChain.java:35) ~[hibernate-core-6.6.18.Final.jar:6.6.18.Final]
	at org.hibernate.internal.SessionFactoryImpl.<init>(SessionFactoryImpl.java:324) ~[hibernate-core-6.6.18.Final.jar:6.6.18.Final]
	at org.hibernate.boot.internal.SessionFactoryBuilderImpl.build(SessionFactoryBuilderImpl.java:463) ~[hibernate-core-6.6.18.Final.jar:6.6.18.Final]
	at org.hibernate.jpa.boot.internal.EntityManagerFactoryBuilderImpl.build(EntityManagerFactoryBuilderImpl.java:1517) ~[hibernate-core-6.6.18.Final.jar:6.6.18.Final]
	at org.springframework.orm.jpa.vendor.SpringHibernateJpaPersistenceProvider.createContainerEntityManagerFactory(SpringHibernateJpaPersistenceProvider.java:66) ~[spring-orm-6.2.8.jar:6.2.8]
	at org.springframework.orm.jpa.LocalContainerEntityManagerFactoryBean.createNativeEntityManagerFactory(LocalContainerEntityManagerFactoryBean.java:390) ~[spring-orm-6.2.8.jar:6.2.8]
	at org.springframework.orm.jpa.AbstractEntityManagerFactoryBean.buildNativeEntityManagerFactory(AbstractEntityManagerFactoryBean.java:419) ~[spring-orm-6.2.8.jar:6.2.8]
	at org.springframework.orm.jpa.AbstractEntityManagerFactoryBean.afterPropertiesSet(AbstractEntityManagerFactoryBean.java:400) ~[spring-orm-6.2.8.jar:6.2.8]
	at org.springframework.orm.jpa.LocalContainerEntityManagerFactoryBean.afterPropertiesSet(LocalContainerEntityManagerFactoryBean.java:366) ~[spring-orm-6.2.8.jar:6.2.8]
	at org.springframework.beans.factory.support.AbstractAutowireCapableBeanFactory.invokeInitMethods(AbstractAutowireCapableBeanFactory.java:1873) ~[spring-beans-6.2.8.jar:6.2.8]
	at org.springframework.beans.factory.support.AbstractAutowireCapableBeanFactory.initializeBean(AbstractAutowireCapableBeanFactory.java:1822) ~[spring-beans-6.2.8.jar:6.2.8]
	at org.springframework.beans.factory.support.AbstractAutowireCapableBeanFactory.doCreateBean(AbstractAutowireCapableBeanFactory.java:607) ~[spring-beans-6.2.8.jar:6.2.8]
	at org.springframework.beans.factory.support.AbstractAutowireCapableBeanFactory.createBean(AbstractAutowireCapableBeanFactory.java:529) ~[spring-beans-6.2.8.jar:6.2.8]
	at org.springframework.beans.factory.support.AbstractBeanFactory.lambda$doGetBean$0(AbstractBeanFactory.java:339) ~[spring-beans-6.2.8.jar:6.2.8]
	at org.springframework.beans.factory.support.DefaultSingletonBeanRegistry.getSingleton(DefaultSingletonBeanRegistry.java:373) ~[spring-beans-6.2.8.jar:6.2.8]
	at org.springframework.beans.factory.support.AbstractBeanFactory.doGetBean(AbstractBeanFactory.java:337) ~[spring-beans-6.2.8.jar:6.2.8]
	at org.springframework.beans.factory.support.AbstractBeanFactory.getBean(AbstractBeanFactory.java:207) ~[spring-beans-6.2.8.jar:6.2.8]
	at org.springframework.context.support.AbstractApplicationContext.finishBeanFactoryInitialization(AbstractApplicationContext.java:970) ~[spring-context-6.2.8.jar:6.2.8]
	at org.springframework.context.support.AbstractApplicationContext.refresh(AbstractApplicationContext.java:627) ~[spring-context-6.2.8.jar:6.2.8]
	at org.springframework.boot.SpringApplication.refresh(SpringApplication.java:752) ~[spring-boot-3.4.7.jar:3.4.7]
	at org.springframework.boot.SpringApplication.refreshContext(SpringApplication.java:439) ~[spring-boot-3.4.7.jar:3.4.7]
	at org.springframework.boot.SpringApplication.run(SpringApplication.java:318) ~[spring-boot-3.4.7.jar:3.4.7]
	at org.springframework.boot.test.context.SpringBootContextLoader.lambda$loadContext$3(SpringBootContextLoader.java:144) ~[spring-boot-test-3.4.7.jar:3.4.7]
	at org.springframework.util.function.ThrowingSupplier.get(ThrowingSupplier.java:58) ~[spring-core-6.2.8.jar:6.2.8]
	at org.springframework.util.function.ThrowingSupplier.get(ThrowingSupplier.java:46) ~[spring-core-6.2.8.jar:6.2.8]
	at org.springframework.boot.SpringApplication.withHook(SpringApplication.java:1461) ~[spring-boot-3.4.7.jar:3.4.7]
	at org.springframework.boot.test.context.SpringBootContextLoader$ContextLoaderHook.run(SpringBootContextLoader.java:563) ~[spring-boot-test-3.4.7.jar:3.4.7]
	at org.springframework.boot.test.context.SpringBootContextLoader.loadContext(SpringBootContextLoader.java:144) ~[spring-boot-test-3.4.7.jar:3.4.7]
	at org.springframework.boot.test.context.SpringBootContextLoader.loadContext(SpringBootContextLoader.java:110) ~[spring-boot-test-3.4.7.jar:3.4.7]
	at org.springframework.test.context.cache.DefaultCacheAwareContextLoaderDelegate.loadContextInternal(DefaultCacheAwareContextLoaderDelegate.java:225) ~[spring-test-6.2.8.jar:6.2.8]
	at org.springframework.test.context.cache.DefaultCacheAwareContextLoaderDelegate.loadContext(DefaultCacheAwareContextLoaderDelegate.java:152) ~[spring-test-6.2.8.jar:6.2.8]
	at org.springframework.test.context.support.DefaultTestContext.getApplicationContext(DefaultTestContext.java:130) ~[spring-test-6.2.8.jar:6.2.8]
	at org.springframework.test.context.support.DependencyInjectionTestExecutionListener.injectDependencies(DependencyInjectionTestExecutionListener.java:155) ~[spring-test-6.2.8.jar:6.2.8]
	at org.springframework.test.context.support.DependencyInjectionTestExecutionListener.prepareTestInstance(DependencyInjectionTestExecutionListener.java:111) ~[spring-test-6.2.8.jar:6.2.8]
	at org.springframework.test.context.TestContextManager.prepareTestInstance(TestContextManager.java:260) ~[spring-test-6.2.8.jar:6.2.8]
	at org.springframework.test.context.junit.jupiter.SpringExtension.postProcessTestInstance(SpringExtension.java:159) ~[spring-test-6.2.8.jar:6.2.8]
	at org.junit.jupiter.engine.descriptor.ClassBasedTestDescriptor.lambda$invokeTestInstancePostProcessors$11(ClassBasedTestDescriptor.java:378) ~[junit-jupiter-engine-5.11.4.jar:5.11.4]
	at org.junit.jupiter.engine.descriptor.ClassBasedTestDescriptor.executeAndMaskThrowable(ClassBasedTestDescriptor.java:383) ~[junit-jupiter-engine-5.11.4.jar:5.11.4]
	at org.junit.jupiter.engine.descriptor.ClassBasedTestDescriptor.lambda$invokeTestInstancePostProcessors$12(ClassBasedTestDescriptor.java:378) ~[junit-jupiter-engine-5.11.4.jar:5.11.4]
	at java.base/java.util.stream.ForEachOps$ForEachOp$OfRef.accept(ForEachOps.java:184) ~[na:na]
	at java.base/java.util.stream.ReferencePipeline$3$1.accept(ReferencePipeline.java:197) ~[na:na]
	at java.base/java.util.stream.ReferencePipeline$2$1.accept(ReferencePipeline.java:179) ~[na:na]
	at java.base/java.util.stream.ReferencePipeline$3$1.accept(ReferencePipeline.java:197) ~[na:na]
	at java.base/java.util.ArrayList$ArrayListSpliterator.forEachRemaining(ArrayList.java:1708) ~[na:na]
	at java.base/java.util.stream.AbstractPipeline.copyInto(AbstractPipeline.java:509) ~[na:na]
	at java.base/java.util.stream.AbstractPipeline.wrapAndCopyInto(AbstractPipeline.java:499) ~[na:na]
	at java.base/java.util.stream.ForEachOps$ForEachOp.evaluateSequential(ForEachOps.java:151) ~[na:na]
	at java.base/java.util.stream.ForEachOps$ForEachOp$OfRef.evaluateSequential(ForEachOps.java:174) ~[na:na]
	at java.base/java.util.stream.AbstractPipeline.evaluate(AbstractPipeline.java:234) ~[na:na]
	at java.base/java.util.stream.ReferencePipeline.forEach(ReferencePipeline.java:596) ~[na:na]
	at org.junit.jupiter.engine.descriptor.ClassBasedTestDescriptor.invokeTestInstancePostProcessors(ClassBasedTestDescriptor.java:377) ~[junit-jupiter-engine-5.11.4.jar:5.11.4]
	at org.junit.jupiter.engine.descriptor.ClassBasedTestDescriptor.lambda$instantiateAndPostProcessTestInstance$7(ClassBasedTestDescriptor.java:290) ~[junit-jupiter-engine-5.11.4.jar:5.11.4]
	at org.junit.platform.engine.support.hierarchical.ThrowableCollector.execute(ThrowableCollector.java:73) ~[junit-platform-engine-1.11.4.jar:1.11.4]
	at org.junit.jupiter.engine.descriptor.ClassBasedTestDescriptor.instantiateAndPostProcessTestInstance(ClassBasedTestDescriptor.java:289) ~[junit-jupiter-engine-5.11.4.jar:5.11.4]
	at org.junit.jupiter.engine.descriptor.ClassBasedTestDescriptor.lambda$testInstancesProvider$5(ClassBasedTestDescriptor.java:279) ~[junit-jupiter-engine-5.11.4.jar:5.11.4]
	at java.base/java.util.Optional.orElseGet(Optional.java:364) ~[na:na]
	at org.junit.jupiter.engine.descriptor.ClassBasedTestDescriptor.lambda$testInstancesProvider$6(ClassBasedTestDescriptor.java:278) ~[junit-jupiter-engine-5.11.4.jar:5.11.4]
	at org.junit.jupiter.engine.execution.TestInstancesProvider.getTestInstances(TestInstancesProvider.java:31) ~[junit-jupiter-engine-5.11.4.jar:5.11.4]
	at org.junit.jupiter.engine.descriptor.TestMethodTestDescriptor.lambda$prepare$1(TestMethodTestDescriptor.java:105) ~[junit-jupiter-engine-5.11.4.jar:5.11.4]
	at org.junit.platform.engine.support.hierarchical.ThrowableCollector.execute(ThrowableCollector.java:73) ~[junit-platform-engine-1.11.4.jar:1.11.4]
	at org.junit.jupiter.engine.descriptor.TestMethodTestDescriptor.prepare(TestMethodTestDescriptor.java:104) ~[junit-jupiter-engine-5.11.4.jar:5.11.4]
	at org.junit.jupiter.engine.descriptor.TestMethodTestDescriptor.prepare(TestMethodTestDescriptor.java:68) ~[junit-jupiter-engine-5.11.4.jar:5.11.4]
	at org.junit.platform.engine.support.hierarchical.NodeTestTask.lambda$prepare$2(NodeTestTask.java:128) ~[junit-platform-engine-1.11.4.jar:1.11.4]
	at org.junit.platform.engine.support.hierarchical.ThrowableCollector.execute(ThrowableCollector.java:73) ~[junit-platform-engine-1.11.4.jar:1.11.4]
	at org.junit.platform.engine.support.hierarchical.NodeTestTask.prepare(NodeTestTask.java:128) ~[junit-platform-engine-1.11.4.jar:1.11.4]
	at org.junit.platform.engine.support.hierarchical.NodeTestTask.execute(NodeTestTask.java:95) ~[junit-platform-engine-1.11.4.jar:1.11.4]
	at java.base/java.util.ArrayList.forEach(ArrayList.java:1596) ~[na:na]
	at org.junit.platform.engine.support.hierarchical.SameThreadHierarchicalTestExecutorService.invokeAll(SameThreadHierarchicalTestExecutorService.java:41) ~[junit-platform-engine-1.11.4.jar:1.11.4]
	at org.junit.platform.engine.support.hierarchical.NodeTestTask.lambda$executeRecursively$6(NodeTestTask.java:160) ~[junit-platform-engine-1.11.4.jar:1.11.4]
	at org.junit.platform.engine.support.hierarchical.ThrowableCollector.execute(ThrowableCollector.java:73) ~[junit-platform-engine-1.11.4.jar:1.11.4]
	at org.junit.platform.engine.support.hierarchical.NodeTestTask.lambda$executeRecursively$8(NodeTestTask.java:146) ~[junit-platform-engine-1.11.4.jar:1.11.4]
	at org.junit.platform.engine.support.hierarchical.Node.around(Node.java:137) ~[junit-platform-engine-1.11.4.jar:1.11.4]
	at org.junit.platform.engine.support.hierarchical.NodeTestTask.lambda$executeRecursively$9(NodeTestTask.java:144) ~[junit-platform-engine-1.11.4.jar:1.11.4]
	at org.junit.platform.engine.support.hierarchical.ThrowableCollector.execute(ThrowableCollector.java:73) ~[junit-platform-engine-1.11.4.jar:1.11.4]
	at org.junit.platform.engine.support.hierarchical.NodeTestTask.executeRecursively(NodeTestTask.java:143) ~[junit-platform-engine-1.11.4.jar:1.11.4]
	at org.junit.platform.engine.support.hierarchical.NodeTestTask.execute(NodeTestTask.java:100) ~[junit-platform-engine-1.11.4.jar:1.11.4]
	at java.base/java.util.ArrayList.forEach(ArrayList.java:1596) ~[na:na]
	at org.junit.platform.engine.support.hierarchical.SameThreadHierarchicalTestExecutorService.invokeAll(SameThreadHierarchicalTestExecutorService.java:41) ~[junit-platform-engine-1.11.4.jar:1.11.4]
	at org.junit.platform.engine.support.hierarchical.NodeTestTask.lambda$executeRecursively$6(NodeTestTask.java:160) ~[junit-platform-engine-1.11.4.jar:1.11.4]
	at org.junit.platform.engine.support.hierarchical.ThrowableCollector.execute(ThrowableCollector.java:73) ~[junit-platform-engine-1.11.4.jar:1.11.4]
	at org.junit.platform.engine.support.hierarchical.NodeTestTask.lambda$executeRecursively$8(NodeTestTask.java:146) ~[junit-platform-engine-1.11.4.jar:1.11.4]
	at org.junit.platform.engine.support.hierarchical.Node.around(Node.java:137) ~[junit-platform-engine-1.11.4.jar:1.11.4]
	at org.junit.platform.engine.support.hierarchical.NodeTestTask.lambda$executeRecursively$9(NodeTestTask.java:144) ~[junit-platform-engine-1.11.4.jar:1.11.4]
	at org.junit.platform.engine.support.hierarchical.ThrowableCollector.execute(ThrowableCollector.java:73) ~[junit-platform-engine-1.11.4.jar:1.11.4]
	at org.junit.platform.engine.support.hierarchical.NodeTestTask.executeRecursively(NodeTestTask.java:143) ~[junit-platform-engine-1.11.4.jar:1.11.4]
	at org.junit.platform.engine.support.hierarchical.NodeTestTask.execute(NodeTestTask.java:100) ~[junit-platform-engine-1.11.4.jar:1.11.4]
	at org.junit.platform.engine.support.hierarchical.SameThreadHierarchicalTestExecutorService.submit(SameThreadHierarchicalTestExecutorService.java:35) ~[junit-platform-engine-1.11.4.jar:1.11.4]
	at org.junit.platform.engine.support.hierarchical.HierarchicalTestExecutor.execute(HierarchicalTestExecutor.java:57) ~[junit-platform-engine-1.11.4.jar:1.11.4]
	at org.junit.platform.engine.support.hierarchical.HierarchicalTestEngine.execute(HierarchicalTestEngine.java:54) ~[junit-platform-engine-1.11.4.jar:1.11.4]
	at org.junit.platform.launcher.core.EngineExecutionOrchestrator.execute(EngineExecutionOrchestrator.java:198) ~[junit-platform-launcher-1.11.4.jar:1.11.4]
	at org.junit.platform.launcher.core.EngineExecutionOrchestrator.execute(EngineExecutionOrchestrator.java:169) ~[junit-platform-launcher-1.11.4.jar:1.11.4]
	at org.junit.platform.launcher.core.EngineExecutionOrchestrator.execute(EngineExecutionOrchestrator.java:93) ~[junit-platform-launcher-1.11.4.jar:1.11.4]
	at org.junit.platform.launcher.core.EngineExecutionOrchestrator.lambda$execute$0(EngineExecutionOrchestrator.java:58) ~[junit-platform-launcher-1.11.4.jar:1.11.4]
	at org.junit.platform.launcher.core.EngineExecutionOrchestrator.withInterceptedStreams(EngineExecutionOrchestrator.java:141) ~[junit-platform-launcher-1.11.4.jar:1.11.4]
	at org.junit.platform.launcher.core.EngineExecutionOrchestrator.execute(EngineExecutionOrchestrator.java:57) ~[junit-platform-launcher-1.11.4.jar:1.11.4]
	at org.junit.platform.launcher.core.DefaultLauncher.execute(DefaultLauncher.java:103) ~[junit-platform-launcher-1.11.4.jar:1.11.4]
	at org.junit.platform.launcher.core.DefaultLauncher.execute(DefaultLauncher.java:85) ~[junit-platform-launcher-1.11.4.jar:1.11.4]
	at org.junit.platform.launcher.core.DelegatingLauncher.execute(DelegatingLauncher.java:47) ~[junit-platform-launcher-1.11.4.jar:1.11.4]
	at org.apache.maven.surefire.junitplatform.LazyLauncher.execute(LazyLauncher.java:56) ~[surefire-junit-platform-3.5.3.jar:3.5.3]
	at org.apache.maven.surefire.junitplatform.JUnitPlatformProvider.execute(JUnitPlatformProvider.java:194) ~[surefire-junit-platform-3.5.3.jar:3.5.3]
	at org.apache.maven.surefire.junitplatform.JUnitPlatformProvider.invokeAllTests(JUnitPlatformProvider.java:150) ~[surefire-junit-platform-3.5.3.jar:3.5.3]
	at org.apache.maven.surefire.junitplatform.JUnitPlatformProvider.invoke(JUnitPlatformProvider.java:124) ~[surefire-junit-platform-3.5.3.jar:3.5.3]
	at org.apache.maven.surefire.booter.ForkedBooter.runSuitesInProcess(ForkedBooter.java:385) ~[surefire-booter-3.5.3.jar:3.5.3]
	at org.apache.maven.surefire.booter.ForkedBooter.execute(ForkedBooter.java:162) ~[surefire-booter-3.5.3.jar:3.5.3]
	at org.apache.maven.surefire.booter.ForkedBooter.run(ForkedBooter.java:507) ~[surefire-booter-3.5.3.jar:3.5.3]
	at org.apache.maven.surefire.booter.ForkedBooter.main(ForkedBooter.java:495) ~[surefire-booter-3.5.3.jar:3.5.3]
Caused by: org.h2.jdbc.JdbcSQLSyntaxErrorException: Tabla "PEDIDO" no encontrada
Table "PEDIDO" not found; SQL statement:

    drop table pedido cascade const [42102-232]
	at org.h2.message.DbException.getJdbcSQLException(DbException.java:514) ~[h2-2.3.232.jar:2.3.232]
	at org.h2.message.DbException.getJdbcSQLException(DbException.java:489) ~[h2-2.3.232.jar:2.3.232]
	at org.h2.message.DbException.get(DbException.java:223) ~[h2-2.3.232.jar:2.3.232]
	at org.h2.message.DbException.get(DbException.java:199) ~[h2-2.3.232.jar:2.3.232]
	at org.h2.command.ddl.DropTable.prepareDrop(DropTable.java:66) ~[h2-2.3.232.jar:2.3.232]
	at org.h2.command.ddl.DropTable.update(DropTable.java:133) ~[h2-2.3.232.jar:2.3.232]
	at org.h2.command.CommandContainer.update(CommandContainer.java:139) ~[h2-2.3.232.jar:2.3.232]
	at org.h2.command.Command.executeUpdate(Command.java:304) ~[h2-2.3.232.jar:2.3.232]
	at org.h2.command.Command.executeUpdate(Command.java:248) ~[h2-2.3.232.jar:2.3.232]
	at org.h2.jdbc.JdbcStatement.executeInternal(JdbcStatement.java:262) ~[h2-2.3.232.jar:2.3.232]
	at org.h2.jdbc.JdbcStatement.execute(JdbcStatement.java:231) ~[h2-2.3.232.jar:2.3.232]
	at org.hibernate.tool.schema.internal.exec.GenerationTargetToDatabase.accept(GenerationTargetToDatabase.java:80) ~[hibernate-core-6.6.18.Final.jar:6.6.18.Final]
	... 119 common frames omitted

2025-06-26T23:30:51.433-04:00 DEBUG 11948 --- [hw] [           main] org.hibernate.SQL                        : 
    create table detalle_pedido (
        cantidad number(10,0) not null,
        id_detalle number(19,0) generated by default as identity,
        id_pedido number(19,0) not null,
        id_producto number(19,0),
        primary key (id_detalle)
    )
Hibernate: 
    create table detalle_pedido (
        cantidad number(10,0) not null,
        id_detalle number(19,0) generated by default as identity,
        id_pedido number(19,0) not null,
        id_producto number(19,0),
        primary key (id_detalle)
    )
2025-06-26T23:30:51.446-04:00 DEBUG 11948 --- [hw] [           main] org.hibernate.SQL                        : 
    create table pedido (
        estado number(10,0) not null,
        fecha_pedido date not null,
        id number(19,0) generated by default as identity,
        id_usuario number(19,0) not null,
        primary key (id)
    )
Hibernate: 
    create table pedido (
        estado number(10,0) not null,
        fecha_pedido date not null,
        id number(19,0) generated by default as identity,
        id_usuario number(19,0) not null,
        primary key (id)
    )
2025-06-26T23:30:51.447-04:00 DEBUG 11948 --- [hw] [           main] org.hibernate.SQL                        : 
    alter table detalle_pedido 
       add constraint FK7n9hdifr08joboojejveby1vr 
       foreign key (id_pedido) 
       references pedido
Hibernate: 
    alter table detalle_pedido 
       add constraint FK7n9hdifr08joboojejveby1vr 
       foreign key (id_pedido) 
       references pedido
2025-06-26T23:30:51.465-04:00 DEBUG 11948 --- [hw] [           main] o.h.internal.SessionFactoryRegistry      : Registering SessionFactory: f8f8b0d1-53c5-4f25-b087-6901cc567983 (<unnamed>)
2025-06-26T23:30:51.465-04:00 DEBUG 11948 --- [hw] [           main] o.h.internal.SessionFactoryRegistry      : Not binding SessionFactory to JNDI, no JNDI name configured
2025-06-26T23:30:51.465-04:00 DEBUG 11948 --- [hw] [           main] o.hibernate.internal.SessionFactoryImpl  : Instantiated SessionFactory
2025-06-26T23:30:51.465-04:00  INFO 11948 --- [hw] [           main] j.LocalContainerEntityManagerFactoryBean : Initialized JPA EntityManagerFactory for persistence unit 'default'
2025-06-26T23:30:51.515-04:00 DEBUG 11948 --- [hw] [           main] o.h.stat.internal.StatisticsInitiator    : Statistics initialized [enabled=false]
2025-06-26T23:30:51.533-04:00 DEBUG 11948 --- [hw] [           main] cResourceLocalTransactionCoordinatorImpl : JDBC transaction marked for rollback-only (exception provided for stack trace)

java.lang.Exception: exception just for purpose of providing stack trace
	at org.hibernate.resource.transaction.backend.jdbc.internal.JdbcResourceLocalTransactionCoordinatorImpl$TransactionDriverControlImpl.markRollbackOnly(JdbcResourceLocalTransactionCoordinatorImpl.java:309) ~[hibernate-core-6.6.18.Final.jar:6.6.18.Final]
	at org.hibernate.internal.AbstractSharedSessionContract.buildNamedQuery(AbstractSharedSessionContract.java:1141) ~[hibernate-core-6.6.18.Final.jar:6.6.18.Final]
	at org.hibernate.internal.AbstractSharedSessionContract.createNamedQuery(AbstractSharedSessionContract.java:1019) ~[hibernate-core-6.6.18.Final.jar:6.6.18.Final]
	at org.hibernate.internal.AbstractSharedSessionContract.createNamedQuery(AbstractSharedSessionContract.java:143) ~[hibernate-core-6.6.18.Final.jar:6.6.18.Final]
	at java.base/jdk.internal.reflect.DirectMethodHandleAccessor.invoke(DirectMethodHandleAccessor.java:103) ~[na:na]
	at java.base/java.lang.reflect.Method.invoke(Method.java:580) ~[na:na]
	at org.springframework.orm.jpa.ExtendedEntityManagerCreator$ExtendedEntityManagerInvocationHandler.invoke(ExtendedEntityManagerCreator.java:364) ~[spring-orm-6.2.8.jar:6.2.8]
	at jdk.proxy2/jdk.proxy2.$Proxy181.createNamedQuery(Unknown Source) ~[na:na]
	at org.springframework.data.jpa.repository.query.NamedQuery.hasNamedQuery(NamedQuery.java:120) ~[spring-data-jpa-3.4.7.jar:3.4.7]
	at org.springframework.data.jpa.repository.query.JpaQueryLookupStrategy$DeclaredQueryLookupStrategy.getCountQuery(JpaQueryLookupStrategy.java:206) ~[spring-data-jpa-3.4.7.jar:3.4.7]
	at org.springframework.data.jpa.repository.query.JpaQueryLookupStrategy$DeclaredQueryLookupStrategy.resolveQuery(JpaQueryLookupStrategy.java:175) ~[spring-data-jpa-3.4.7.jar:3.4.7]
	at org.springframework.data.jpa.repository.query.JpaQueryLookupStrategy$CreateIfNotFoundQueryLookupStrategy.resolveQuery(JpaQueryLookupStrategy.java:254) ~[spring-data-jpa-3.4.7.jar:3.4.7]
	at org.springframework.data.jpa.repository.query.JpaQueryLookupStrategy$AbstractQueryLookupStrategy.resolveQuery(JpaQueryLookupStrategy.java:99) ~[spring-data-jpa-3.4.7.jar:3.4.7]
	at org.springframework.data.repository.core.support.QueryExecutorMethodInterceptor.lookupQuery(QueryExecutorMethodInterceptor.java:116) ~[spring-data-commons-3.4.7.jar:3.4.7]
	at org.springframework.data.repository.core.support.QueryExecutorMethodInterceptor.mapMethodsToQuery(QueryExecutorMethodInterceptor.java:104) ~[spring-data-commons-3.4.7.jar:3.4.7]
	at org.springframework.data.repository.core.support.QueryExecutorMethodInterceptor.lambda$new$0(QueryExecutorMethodInterceptor.java:92) ~[spring-data-commons-3.4.7.jar:3.4.7]
	at java.base/java.util.Optional.map(Optional.java:260) ~[na:na]
	at org.springframework.data.repository.core.support.QueryExecutorMethodInterceptor.<init>(QueryExecutorMethodInterceptor.java:92) ~[spring-data-commons-3.4.7.jar:3.4.7]
	at org.springframework.data.repository.core.support.RepositoryFactorySupport.getRepository(RepositoryFactorySupport.java:431) ~[spring-data-commons-3.4.7.jar:3.4.7]
	at org.springframework.data.repository.core.support.RepositoryFactoryBeanSupport.lambda$afterPropertiesSet$4(RepositoryFactoryBeanSupport.java:350) ~[spring-data-commons-3.4.7.jar:3.4.7]
	at org.springframework.data.util.Lazy.getNullable(Lazy.java:135) ~[spring-data-commons-3.4.7.jar:3.4.7]
	at org.springframework.data.util.Lazy.get(Lazy.java:113) ~[spring-data-commons-3.4.7.jar:3.4.7]
	at org.springframework.data.repository.core.support.RepositoryFactoryBeanSupport.afterPropertiesSet(RepositoryFactoryBeanSupport.java:356) ~[spring-data-commons-3.4.7.jar:3.4.7]
	at org.springframework.data.jpa.repository.support.JpaRepositoryFactoryBean.afterPropertiesSet(JpaRepositoryFactoryBean.java:132) ~[spring-data-jpa-3.4.7.jar:3.4.7]
	at org.springframework.beans.factory.support.AbstractAutowireCapableBeanFactory.invokeInitMethods(AbstractAutowireCapableBeanFactory.java:1873) ~[spring-beans-6.2.8.jar:6.2.8]
	at org.springframework.beans.factory.support.AbstractAutowireCapableBeanFactory.initializeBean(AbstractAutowireCapableBeanFactory.java:1822) ~[spring-beans-6.2.8.jar:6.2.8]
	at org.springframework.beans.factory.support.AbstractAutowireCapableBeanFactory.doCreateBean(AbstractAutowireCapableBeanFactory.java:607) ~[spring-beans-6.2.8.jar:6.2.8]
	at org.springframework.beans.factory.support.AbstractAutowireCapableBeanFactory.createBean(AbstractAutowireCapableBeanFactory.java:529) ~[spring-beans-6.2.8.jar:6.2.8]
	at org.springframework.beans.factory.support.AbstractBeanFactory.lambda$doGetBean$0(AbstractBeanFactory.java:339) ~[spring-beans-6.2.8.jar:6.2.8]
	at org.springframework.beans.factory.support.DefaultSingletonBeanRegistry.getSingleton(DefaultSingletonBeanRegistry.java:373) ~[spring-beans-6.2.8.jar:6.2.8]
	at org.springframework.beans.factory.support.AbstractBeanFactory.doGetBean(AbstractBeanFactory.java:337) ~[spring-beans-6.2.8.jar:6.2.8]
	at org.springframework.beans.factory.support.AbstractBeanFactory.getBean(AbstractBeanFactory.java:202) ~[spring-beans-6.2.8.jar:6.2.8]
	at org.springframework.beans.factory.support.DefaultListableBeanFactory.instantiateSingleton(DefaultListableBeanFactory.java:1216) ~[spring-beans-6.2.8.jar:6.2.8]
	at org.springframework.beans.factory.support.DefaultListableBeanFactory.preInstantiateSingleton(DefaultListableBeanFactory.java:1188) ~[spring-beans-6.2.8.jar:6.2.8]
	at org.springframework.beans.factory.support.DefaultListableBeanFactory.preInstantiateSingletons(DefaultListableBeanFactory.java:1123) ~[spring-beans-6.2.8.jar:6.2.8]
	at org.springframework.context.support.AbstractApplicationContext.finishBeanFactoryInitialization(AbstractApplicationContext.java:987) ~[spring-context-6.2.8.jar:6.2.8]
	at org.springframework.context.support.AbstractApplicationContext.refresh(AbstractApplicationContext.java:627) ~[spring-context-6.2.8.jar:6.2.8]
	at org.springframework.boot.SpringApplication.refresh(SpringApplication.java:752) ~[spring-boot-3.4.7.jar:3.4.7]
	at org.springframework.boot.SpringApplication.refreshContext(SpringApplication.java:439) ~[spring-boot-3.4.7.jar:3.4.7]
	at org.springframework.boot.SpringApplication.run(SpringApplication.java:318) ~[spring-boot-3.4.7.jar:3.4.7]
	at org.springframework.boot.test.context.SpringBootContextLoader.lambda$loadContext$3(SpringBootContextLoader.java:144) ~[spring-boot-test-3.4.7.jar:3.4.7]
	at org.springframework.util.function.ThrowingSupplier.get(ThrowingSupplier.java:58) ~[spring-core-6.2.8.jar:6.2.8]
	at org.springframework.util.function.ThrowingSupplier.get(ThrowingSupplier.java:46) ~[spring-core-6.2.8.jar:6.2.8]
	at org.springframework.boot.SpringApplication.withHook(SpringApplication.java:1461) ~[spring-boot-3.4.7.jar:3.4.7]
	at org.springframework.boot.test.context.SpringBootContextLoader$ContextLoaderHook.run(SpringBootContextLoader.java:563) ~[spring-boot-test-3.4.7.jar:3.4.7]
	at org.springframework.boot.test.context.SpringBootContextLoader.loadContext(SpringBootContextLoader.java:144) ~[spring-boot-test-3.4.7.jar:3.4.7]
	at org.springframework.boot.test.context.SpringBootContextLoader.loadContext(SpringBootContextLoader.java:110) ~[spring-boot-test-3.4.7.jar:3.4.7]
	at org.springframework.test.context.cache.DefaultCacheAwareContextLoaderDelegate.loadContextInternal(DefaultCacheAwareContextLoaderDelegate.java:225) ~[spring-test-6.2.8.jar:6.2.8]
	at org.springframework.test.context.cache.DefaultCacheAwareContextLoaderDelegate.loadContext(DefaultCacheAwareContextLoaderDelegate.java:152) ~[spring-test-6.2.8.jar:6.2.8]
	at org.springframework.test.context.support.DefaultTestContext.getApplicationContext(DefaultTestContext.java:130) ~[spring-test-6.2.8.jar:6.2.8]
	at org.springframework.test.context.support.DependencyInjectionTestExecutionListener.injectDependencies(DependencyInjectionTestExecutionListener.java:155) ~[spring-test-6.2.8.jar:6.2.8]
	at org.springframework.test.context.support.DependencyInjectionTestExecutionListener.prepareTestInstance(DependencyInjectionTestExecutionListener.java:111) ~[spring-test-6.2.8.jar:6.2.8]
	at org.springframework.test.context.TestContextManager.prepareTestInstance(TestContextManager.java:260) ~[spring-test-6.2.8.jar:6.2.8]
	at org.springframework.test.context.junit.jupiter.SpringExtension.postProcessTestInstance(SpringExtension.java:159) ~[spring-test-6.2.8.jar:6.2.8]
	at org.junit.jupiter.engine.descriptor.ClassBasedTestDescriptor.lambda$invokeTestInstancePostProcessors$11(ClassBasedTestDescriptor.java:378) ~[junit-jupiter-engine-5.11.4.jar:5.11.4]
	at org.junit.jupiter.engine.descriptor.ClassBasedTestDescriptor.executeAndMaskThrowable(ClassBasedTestDescriptor.java:383) ~[junit-jupiter-engine-5.11.4.jar:5.11.4]
	at org.junit.jupiter.engine.descriptor.ClassBasedTestDescriptor.lambda$invokeTestInstancePostProcessors$12(ClassBasedTestDescriptor.java:378) ~[junit-jupiter-engine-5.11.4.jar:5.11.4]
	at java.base/java.util.stream.ForEachOps$ForEachOp$OfRef.accept(ForEachOps.java:184) ~[na:na]
	at java.base/java.util.stream.ReferencePipeline$3$1.accept(ReferencePipeline.java:197) ~[na:na]
	at java.base/java.util.stream.ReferencePipeline$2$1.accept(ReferencePipeline.java:179) ~[na:na]
	at java.base/java.util.stream.ReferencePipeline$3$1.accept(ReferencePipeline.java:197) ~[na:na]
	at java.base/java.util.ArrayList$ArrayListSpliterator.forEachRemaining(ArrayList.java:1708) ~[na:na]
	at java.base/java.util.stream.AbstractPipeline.copyInto(AbstractPipeline.java:509) ~[na:na]
	at java.base/java.util.stream.AbstractPipeline.wrapAndCopyInto(AbstractPipeline.java:499) ~[na:na]
	at java.base/java.util.stream.ForEachOps$ForEachOp.evaluateSequential(ForEachOps.java:151) ~[na:na]
	at java.base/java.util.stream.ForEachOps$ForEachOp$OfRef.evaluateSequential(ForEachOps.java:174) ~[na:na]
	at java.base/java.util.stream.AbstractPipeline.evaluate(AbstractPipeline.java:234) ~[na:na]
	at java.base/java.util.stream.ReferencePipeline.forEach(ReferencePipeline.java:596) ~[na:na]
	at org.junit.jupiter.engine.descriptor.ClassBasedTestDescriptor.invokeTestInstancePostProcessors(ClassBasedTestDescriptor.java:377) ~[junit-jupiter-engine-5.11.4.jar:5.11.4]
	at org.junit.jupiter.engine.descriptor.ClassBasedTestDescriptor.lambda$instantiateAndPostProcessTestInstance$7(ClassBasedTestDescriptor.java:290) ~[junit-jupiter-engine-5.11.4.jar:5.11.4]
	at org.junit.platform.engine.support.hierarchical.ThrowableCollector.execute(ThrowableCollector.java:73) ~[junit-platform-engine-1.11.4.jar:1.11.4]
	at org.junit.jupiter.engine.descriptor.ClassBasedTestDescriptor.instantiateAndPostProcessTestInstance(ClassBasedTestDescriptor.java:289) ~[junit-jupiter-engine-5.11.4.jar:5.11.4]
	at org.junit.jupiter.engine.descriptor.ClassBasedTestDescriptor.lambda$testInstancesProvider$5(ClassBasedTestDescriptor.java:279) ~[junit-jupiter-engine-5.11.4.jar:5.11.4]
	at java.base/java.util.Optional.orElseGet(Optional.java:364) ~[na:na]
	at org.junit.jupiter.engine.descriptor.ClassBasedTestDescriptor.lambda$testInstancesProvider$6(ClassBasedTestDescriptor.java:278) ~[junit-jupiter-engine-5.11.4.jar:5.11.4]
	at org.junit.jupiter.engine.execution.TestInstancesProvider.getTestInstances(TestInstancesProvider.java:31) ~[junit-jupiter-engine-5.11.4.jar:5.11.4]
	at org.junit.jupiter.engine.descriptor.TestMethodTestDescriptor.lambda$prepare$1(TestMethodTestDescriptor.java:105) ~[junit-jupiter-engine-5.11.4.jar:5.11.4]
	at org.junit.platform.engine.support.hierarchical.ThrowableCollector.execute(ThrowableCollector.java:73) ~[junit-platform-engine-1.11.4.jar:1.11.4]
	at org.junit.jupiter.engine.descriptor.TestMethodTestDescriptor.prepare(TestMethodTestDescriptor.java:104) ~[junit-jupiter-engine-5.11.4.jar:5.11.4]
	at org.junit.jupiter.engine.descriptor.TestMethodTestDescriptor.prepare(TestMethodTestDescriptor.java:68) ~[junit-jupiter-engine-5.11.4.jar:5.11.4]
	at org.junit.platform.engine.support.hierarchical.NodeTestTask.lambda$prepare$2(NodeTestTask.java:128) ~[junit-platform-engine-1.11.4.jar:1.11.4]
	at org.junit.platform.engine.support.hierarchical.ThrowableCollector.execute(ThrowableCollector.java:73) ~[junit-platform-engine-1.11.4.jar:1.11.4]
	at org.junit.platform.engine.support.hierarchical.NodeTestTask.prepare(NodeTestTask.java:128) ~[junit-platform-engine-1.11.4.jar:1.11.4]
	at org.junit.platform.engine.support.hierarchical.NodeTestTask.execute(NodeTestTask.java:95) ~[junit-platform-engine-1.11.4.jar:1.11.4]
	at java.base/java.util.ArrayList.forEach(ArrayList.java:1596) ~[na:na]
	at org.junit.platform.engine.support.hierarchical.SameThreadHierarchicalTestExecutorService.invokeAll(SameThreadHierarchicalTestExecutorService.java:41) ~[junit-platform-engine-1.11.4.jar:1.11.4]
	at org.junit.platform.engine.support.hierarchical.NodeTestTask.lambda$executeRecursively$6(NodeTestTask.java:160) ~[junit-platform-engine-1.11.4.jar:1.11.4]
	at org.junit.platform.engine.support.hierarchical.ThrowableCollector.execute(ThrowableCollector.java:73) ~[junit-platform-engine-1.11.4.jar:1.11.4]
	at org.junit.platform.engine.support.hierarchical.NodeTestTask.lambda$executeRecursively$8(NodeTestTask.java:146) ~[junit-platform-engine-1.11.4.jar:1.11.4]
	at org.junit.platform.engine.support.hierarchical.Node.around(Node.java:137) ~[junit-platform-engine-1.11.4.jar:1.11.4]
	at org.junit.platform.engine.support.hierarchical.NodeTestTask.lambda$executeRecursively$9(NodeTestTask.java:144) ~[junit-platform-engine-1.11.4.jar:1.11.4]
	at org.junit.platform.engine.support.hierarchical.ThrowableCollector.execute(ThrowableCollector.java:73) ~[junit-platform-engine-1.11.4.jar:1.11.4]
	at org.junit.platform.engine.support.hierarchical.NodeTestTask.executeRecursively(NodeTestTask.java:143) ~[junit-platform-engine-1.11.4.jar:1.11.4]
	at org.junit.platform.engine.support.hierarchical.NodeTestTask.execute(NodeTestTask.java:100) ~[junit-platform-engine-1.11.4.jar:1.11.4]
	at java.base/java.util.ArrayList.forEach(ArrayList.java:1596) ~[na:na]
	at org.junit.platform.engine.support.hierarchical.SameThreadHierarchicalTestExecutorService.invokeAll(SameThreadHierarchicalTestExecutorService.java:41) ~[junit-platform-engine-1.11.4.jar:1.11.4]
	at org.junit.platform.engine.support.hierarchical.NodeTestTask.lambda$executeRecursively$6(NodeTestTask.java:160) ~[junit-platform-engine-1.11.4.jar:1.11.4]
	at org.junit.platform.engine.support.hierarchical.ThrowableCollector.execute(ThrowableCollector.java:73) ~[junit-platform-engine-1.11.4.jar:1.11.4]
	at org.junit.platform.engine.support.hierarchical.NodeTestTask.lambda$executeRecursively$8(NodeTestTask.java:146) ~[junit-platform-engine-1.11.4.jar:1.11.4]
	at org.junit.platform.engine.support.hierarchical.Node.around(Node.java:137) ~[junit-platform-engine-1.11.4.jar:1.11.4]
	at org.junit.platform.engine.support.hierarchical.NodeTestTask.lambda$executeRecursively$9(NodeTestTask.java:144) ~[junit-platform-engine-1.11.4.jar:1.11.4]
	at org.junit.platform.engine.support.hierarchical.ThrowableCollector.execute(ThrowableCollector.java:73) ~[junit-platform-engine-1.11.4.jar:1.11.4]
	at org.junit.platform.engine.support.hierarchical.NodeTestTask.executeRecursively(NodeTestTask.java:143) ~[junit-platform-engine-1.11.4.jar:1.11.4]
	at org.junit.platform.engine.support.hierarchical.NodeTestTask.execute(NodeTestTask.java:100) ~[junit-platform-engine-1.11.4.jar:1.11.4]
	at org.junit.platform.engine.support.hierarchical.SameThreadHierarchicalTestExecutorService.submit(SameThreadHierarchicalTestExecutorService.java:35) ~[junit-platform-engine-1.11.4.jar:1.11.4]
	at org.junit.platform.engine.support.hierarchical.HierarchicalTestExecutor.execute(HierarchicalTestExecutor.java:57) ~[junit-platform-engine-1.11.4.jar:1.11.4]
	at org.junit.platform.engine.support.hierarchical.HierarchicalTestEngine.execute(HierarchicalTestEngine.java:54) ~[junit-platform-engine-1.11.4.jar:1.11.4]
	at org.junit.platform.launcher.core.EngineExecutionOrchestrator.execute(EngineExecutionOrchestrator.java:198) ~[junit-platform-launcher-1.11.4.jar:1.11.4]
	at org.junit.platform.launcher.core.EngineExecutionOrchestrator.execute(EngineExecutionOrchestrator.java:169) ~[junit-platform-launcher-1.11.4.jar:1.11.4]
	at org.junit.platform.launcher.core.EngineExecutionOrchestrator.execute(EngineExecutionOrchestrator.java:93) ~[junit-platform-launcher-1.11.4.jar:1.11.4]
	at org.junit.platform.launcher.core.EngineExecutionOrchestrator.lambda$execute$0(EngineExecutionOrchestrator.java:58) ~[junit-platform-launcher-1.11.4.jar:1.11.4]
	at org.junit.platform.launcher.core.EngineExecutionOrchestrator.withInterceptedStreams(EngineExecutionOrchestrator.java:141) ~[junit-platform-launcher-1.11.4.jar:1.11.4]
	at org.junit.platform.launcher.core.EngineExecutionOrchestrator.execute(EngineExecutionOrchestrator.java:57) ~[junit-platform-launcher-1.11.4.jar:1.11.4]
	at org.junit.platform.launcher.core.DefaultLauncher.execute(DefaultLauncher.java:103) ~[junit-platform-launcher-1.11.4.jar:1.11.4]
	at org.junit.platform.launcher.core.DefaultLauncher.execute(DefaultLauncher.java:85) ~[junit-platform-launcher-1.11.4.jar:1.11.4]
	at org.junit.platform.launcher.core.DelegatingLauncher.execute(DelegatingLauncher.java:47) ~[junit-platform-launcher-1.11.4.jar:1.11.4]
	at org.apache.maven.surefire.junitplatform.LazyLauncher.execute(LazyLauncher.java:56) ~[surefire-junit-platform-3.5.3.jar:3.5.3]
	at org.apache.maven.surefire.junitplatform.JUnitPlatformProvider.execute(JUnitPlatformProvider.java:194) ~[surefire-junit-platform-3.5.3.jar:3.5.3]
	at org.apache.maven.surefire.junitplatform.JUnitPlatformProvider.invokeAllTests(JUnitPlatformProvider.java:150) ~[surefire-junit-platform-3.5.3.jar:3.5.3]
	at org.apache.maven.surefire.junitplatform.JUnitPlatformProvider.invoke(JUnitPlatformProvider.java:124) ~[surefire-junit-platform-3.5.3.jar:3.5.3]
	at org.apache.maven.surefire.booter.ForkedBooter.runSuitesInProcess(ForkedBooter.java:385) ~[surefire-booter-3.5.3.jar:3.5.3]
	at org.apache.maven.surefire.booter.ForkedBooter.execute(ForkedBooter.java:162) ~[surefire-booter-3.5.3.jar:3.5.3]
	at org.apache.maven.surefire.booter.ForkedBooter.run(ForkedBooter.java:507) ~[surefire-booter-3.5.3.jar:3.5.3]
	at org.apache.maven.surefire.booter.ForkedBooter.main(ForkedBooter.java:495) ~[surefire-booter-3.5.3.jar:3.5.3]

2025-06-26T23:30:51.535-04:00 DEBUG 11948 --- [hw] [           main] cResourceLocalTransactionCoordinatorImpl : JDBC transaction marked for rollback-only (exception provided for stack trace)

java.lang.Exception: exception just for purpose of providing stack trace
	at org.hibernate.resource.transaction.backend.jdbc.internal.JdbcResourceLocalTransactionCoordinatorImpl$TransactionDriverControlImpl.markRollbackOnly(JdbcResourceLocalTransactionCoordinatorImpl.java:309) ~[hibernate-core-6.6.18.Final.jar:6.6.18.Final]
	at org.hibernate.internal.AbstractSharedSessionContract.buildNamedQuery(AbstractSharedSessionContract.java:1141) ~[hibernate-core-6.6.18.Final.jar:6.6.18.Final]
	at org.hibernate.internal.AbstractSharedSessionContract.createNamedQuery(AbstractSharedSessionContract.java:1019) ~[hibernate-core-6.6.18.Final.jar:6.6.18.Final]
	at org.hibernate.internal.AbstractSharedSessionContract.createNamedQuery(AbstractSharedSessionContract.java:143) ~[hibernate-core-6.6.18.Final.jar:6.6.18.Final]
	at java.base/jdk.internal.reflect.DirectMethodHandleAccessor.invoke(DirectMethodHandleAccessor.java:103) ~[na:na]
	at java.base/java.lang.reflect.Method.invoke(Method.java:580) ~[na:na]
	at org.springframework.orm.jpa.ExtendedEntityManagerCreator$ExtendedEntityManagerInvocationHandler.invoke(ExtendedEntityManagerCreator.java:364) ~[spring-orm-6.2.8.jar:6.2.8]
	at jdk.proxy2/jdk.proxy2.$Proxy181.createNamedQuery(Unknown Source) ~[na:na]
	at org.springframework.data.jpa.repository.query.NamedQuery.hasNamedQuery(NamedQuery.java:120) ~[spring-data-jpa-3.4.7.jar:3.4.7]
	at org.springframework.data.jpa.repository.query.JpaQueryLookupStrategy$DeclaredQueryLookupStrategy.getCountQuery(JpaQueryLookupStrategy.java:206) ~[spring-data-jpa-3.4.7.jar:3.4.7]
	at org.springframework.data.jpa.repository.query.JpaQueryLookupStrategy$DeclaredQueryLookupStrategy.resolveQuery(JpaQueryLookupStrategy.java:175) ~[spring-data-jpa-3.4.7.jar:3.4.7]
	at org.springframework.data.jpa.repository.query.JpaQueryLookupStrategy$CreateIfNotFoundQueryLookupStrategy.resolveQuery(JpaQueryLookupStrategy.java:254) ~[spring-data-jpa-3.4.7.jar:3.4.7]
	at org.springframework.data.jpa.repository.query.JpaQueryLookupStrategy$AbstractQueryLookupStrategy.resolveQuery(JpaQueryLookupStrategy.java:99) ~[spring-data-jpa-3.4.7.jar:3.4.7]
	at org.springframework.data.repository.core.support.QueryExecutorMethodInterceptor.lookupQuery(QueryExecutorMethodInterceptor.java:116) ~[spring-data-commons-3.4.7.jar:3.4.7]
	at org.springframework.data.repository.core.support.QueryExecutorMethodInterceptor.mapMethodsToQuery(QueryExecutorMethodInterceptor.java:104) ~[spring-data-commons-3.4.7.jar:3.4.7]
	at org.springframework.data.repository.core.support.QueryExecutorMethodInterceptor.lambda$new$0(QueryExecutorMethodInterceptor.java:92) ~[spring-data-commons-3.4.7.jar:3.4.7]
	at java.base/java.util.Optional.map(Optional.java:260) ~[na:na]
	at org.springframework.data.repository.core.support.QueryExecutorMethodInterceptor.<init>(QueryExecutorMethodInterceptor.java:92) ~[spring-data-commons-3.4.7.jar:3.4.7]
	at org.springframework.data.repository.core.support.RepositoryFactorySupport.getRepository(RepositoryFactorySupport.java:431) ~[spring-data-commons-3.4.7.jar:3.4.7]
	at org.springframework.data.repository.core.support.RepositoryFactoryBeanSupport.lambda$afterPropertiesSet$4(RepositoryFactoryBeanSupport.java:350) ~[spring-data-commons-3.4.7.jar:3.4.7]
	at org.springframework.data.util.Lazy.getNullable(Lazy.java:135) ~[spring-data-commons-3.4.7.jar:3.4.7]
	at org.springframework.data.util.Lazy.get(Lazy.java:113) ~[spring-data-commons-3.4.7.jar:3.4.7]
	at org.springframework.data.repository.core.support.RepositoryFactoryBeanSupport.afterPropertiesSet(RepositoryFactoryBeanSupport.java:356) ~[spring-data-commons-3.4.7.jar:3.4.7]
	at org.springframework.data.jpa.repository.support.JpaRepositoryFactoryBean.afterPropertiesSet(JpaRepositoryFactoryBean.java:132) ~[spring-data-jpa-3.4.7.jar:3.4.7]
	at org.springframework.beans.factory.support.AbstractAutowireCapableBeanFactory.invokeInitMethods(AbstractAutowireCapableBeanFactory.java:1873) ~[spring-beans-6.2.8.jar:6.2.8]
	at org.springframework.beans.factory.support.AbstractAutowireCapableBeanFactory.initializeBean(AbstractAutowireCapableBeanFactory.java:1822) ~[spring-beans-6.2.8.jar:6.2.8]
	at org.springframework.beans.factory.support.AbstractAutowireCapableBeanFactory.doCreateBean(AbstractAutowireCapableBeanFactory.java:607) ~[spring-beans-6.2.8.jar:6.2.8]
	at org.springframework.beans.factory.support.AbstractAutowireCapableBeanFactory.createBean(AbstractAutowireCapableBeanFactory.java:529) ~[spring-beans-6.2.8.jar:6.2.8]
	at org.springframework.beans.factory.support.AbstractBeanFactory.lambda$doGetBean$0(AbstractBeanFactory.java:339) ~[spring-beans-6.2.8.jar:6.2.8]
	at org.springframework.beans.factory.support.DefaultSingletonBeanRegistry.getSingleton(DefaultSingletonBeanRegistry.java:373) ~[spring-beans-6.2.8.jar:6.2.8]
	at org.springframework.beans.factory.support.AbstractBeanFactory.doGetBean(AbstractBeanFactory.java:337) ~[spring-beans-6.2.8.jar:6.2.8]
	at org.springframework.beans.factory.support.AbstractBeanFactory.getBean(AbstractBeanFactory.java:202) ~[spring-beans-6.2.8.jar:6.2.8]
	at org.springframework.beans.factory.support.DefaultListableBeanFactory.instantiateSingleton(DefaultListableBeanFactory.java:1216) ~[spring-beans-6.2.8.jar:6.2.8]
	at org.springframework.beans.factory.support.DefaultListableBeanFactory.preInstantiateSingleton(DefaultListableBeanFactory.java:1188) ~[spring-beans-6.2.8.jar:6.2.8]
	at org.springframework.beans.factory.support.DefaultListableBeanFactory.preInstantiateSingletons(DefaultListableBeanFactory.java:1123) ~[spring-beans-6.2.8.jar:6.2.8]
	at org.springframework.context.support.AbstractApplicationContext.finishBeanFactoryInitialization(AbstractApplicationContext.java:987) ~[spring-context-6.2.8.jar:6.2.8]
	at org.springframework.context.support.AbstractApplicationContext.refresh(AbstractApplicationContext.java:627) ~[spring-context-6.2.8.jar:6.2.8]
	at org.springframework.boot.SpringApplication.refresh(SpringApplication.java:752) ~[spring-boot-3.4.7.jar:3.4.7]
	at org.springframework.boot.SpringApplication.refreshContext(SpringApplication.java:439) ~[spring-boot-3.4.7.jar:3.4.7]
	at org.springframework.boot.SpringApplication.run(SpringApplication.java:318) ~[spring-boot-3.4.7.jar:3.4.7]
	at org.springframework.boot.test.context.SpringBootContextLoader.lambda$loadContext$3(SpringBootContextLoader.java:144) ~[spring-boot-test-3.4.7.jar:3.4.7]
	at org.springframework.util.function.ThrowingSupplier.get(ThrowingSupplier.java:58) ~[spring-core-6.2.8.jar:6.2.8]
	at org.springframework.util.function.ThrowingSupplier.get(ThrowingSupplier.java:46) ~[spring-core-6.2.8.jar:6.2.8]
	at org.springframework.boot.SpringApplication.withHook(SpringApplication.java:1461) ~[spring-boot-3.4.7.jar:3.4.7]
	at org.springframework.boot.test.context.SpringBootContextLoader$ContextLoaderHook.run(SpringBootContextLoader.java:563) ~[spring-boot-test-3.4.7.jar:3.4.7]
	at org.springframework.boot.test.context.SpringBootContextLoader.loadContext(SpringBootContextLoader.java:144) ~[spring-boot-test-3.4.7.jar:3.4.7]
	at org.springframework.boot.test.context.SpringBootContextLoader.loadContext(SpringBootContextLoader.java:110) ~[spring-boot-test-3.4.7.jar:3.4.7]
	at org.springframework.test.context.cache.DefaultCacheAwareContextLoaderDelegate.loadContextInternal(DefaultCacheAwareContextLoaderDelegate.java:225) ~[spring-test-6.2.8.jar:6.2.8]
	at org.springframework.test.context.cache.DefaultCacheAwareContextLoaderDelegate.loadContext(DefaultCacheAwareContextLoaderDelegate.java:152) ~[spring-test-6.2.8.jar:6.2.8]
	at org.springframework.test.context.support.DefaultTestContext.getApplicationContext(DefaultTestContext.java:130) ~[spring-test-6.2.8.jar:6.2.8]
	at org.springframework.test.context.support.DependencyInjectionTestExecutionListener.injectDependencies(DependencyInjectionTestExecutionListener.java:155) ~[spring-test-6.2.8.jar:6.2.8]
	at org.springframework.test.context.support.DependencyInjectionTestExecutionListener.prepareTestInstance(DependencyInjectionTestExecutionListener.java:111) ~[spring-test-6.2.8.jar:6.2.8]
	at org.springframework.test.context.TestContextManager.prepareTestInstance(TestContextManager.java:260) ~[spring-test-6.2.8.jar:6.2.8]
	at org.springframework.test.context.junit.jupiter.SpringExtension.postProcessTestInstance(SpringExtension.java:159) ~[spring-test-6.2.8.jar:6.2.8]
	at org.junit.jupiter.engine.descriptor.ClassBasedTestDescriptor.lambda$invokeTestInstancePostProcessors$11(ClassBasedTestDescriptor.java:378) ~[junit-jupiter-engine-5.11.4.jar:5.11.4]
	at org.junit.jupiter.engine.descriptor.ClassBasedTestDescriptor.executeAndMaskThrowable(ClassBasedTestDescriptor.java:383) ~[junit-jupiter-engine-5.11.4.jar:5.11.4]
	at org.junit.jupiter.engine.descriptor.ClassBasedTestDescriptor.lambda$invokeTestInstancePostProcessors$12(ClassBasedTestDescriptor.java:378) ~[junit-jupiter-engine-5.11.4.jar:5.11.4]
	at java.base/java.util.stream.ForEachOps$ForEachOp$OfRef.accept(ForEachOps.java:184) ~[na:na]
	at java.base/java.util.stream.ReferencePipeline$3$1.accept(ReferencePipeline.java:197) ~[na:na]
	at java.base/java.util.stream.ReferencePipeline$2$1.accept(ReferencePipeline.java:179) ~[na:na]
	at java.base/java.util.stream.ReferencePipeline$3$1.accept(ReferencePipeline.java:197) ~[na:na]
	at java.base/java.util.ArrayList$ArrayListSpliterator.forEachRemaining(ArrayList.java:1708) ~[na:na]
	at java.base/java.util.stream.AbstractPipeline.copyInto(AbstractPipeline.java:509) ~[na:na]
	at java.base/java.util.stream.AbstractPipeline.wrapAndCopyInto(AbstractPipeline.java:499) ~[na:na]
	at java.base/java.util.stream.ForEachOps$ForEachOp.evaluateSequential(ForEachOps.java:151) ~[na:na]
	at java.base/java.util.stream.ForEachOps$ForEachOp$OfRef.evaluateSequential(ForEachOps.java:174) ~[na:na]
	at java.base/java.util.stream.AbstractPipeline.evaluate(AbstractPipeline.java:234) ~[na:na]
	at java.base/java.util.stream.ReferencePipeline.forEach(ReferencePipeline.java:596) ~[na:na]
	at org.junit.jupiter.engine.descriptor.ClassBasedTestDescriptor.invokeTestInstancePostProcessors(ClassBasedTestDescriptor.java:377) ~[junit-jupiter-engine-5.11.4.jar:5.11.4]
	at org.junit.jupiter.engine.descriptor.ClassBasedTestDescriptor.lambda$instantiateAndPostProcessTestInstance$7(ClassBasedTestDescriptor.java:290) ~[junit-jupiter-engine-5.11.4.jar:5.11.4]
	at org.junit.platform.engine.support.hierarchical.ThrowableCollector.execute(ThrowableCollector.java:73) ~[junit-platform-engine-1.11.4.jar:1.11.4]
	at org.junit.jupiter.engine.descriptor.ClassBasedTestDescriptor.instantiateAndPostProcessTestInstance(ClassBasedTestDescriptor.java:289) ~[junit-jupiter-engine-5.11.4.jar:5.11.4]
	at org.junit.jupiter.engine.descriptor.ClassBasedTestDescriptor.lambda$testInstancesProvider$5(ClassBasedTestDescriptor.java:279) ~[junit-jupiter-engine-5.11.4.jar:5.11.4]
	at java.base/java.util.Optional.orElseGet(Optional.java:364) ~[na:na]
	at org.junit.jupiter.engine.descriptor.ClassBasedTestDescriptor.lambda$testInstancesProvider$6(ClassBasedTestDescriptor.java:278) ~[junit-jupiter-engine-5.11.4.jar:5.11.4]
	at org.junit.jupiter.engine.execution.TestInstancesProvider.getTestInstances(TestInstancesProvider.java:31) ~[junit-jupiter-engine-5.11.4.jar:5.11.4]
	at org.junit.jupiter.engine.descriptor.TestMethodTestDescriptor.lambda$prepare$1(TestMethodTestDescriptor.java:105) ~[junit-jupiter-engine-5.11.4.jar:5.11.4]
	at org.junit.platform.engine.support.hierarchical.ThrowableCollector.execute(ThrowableCollector.java:73) ~[junit-platform-engine-1.11.4.jar:1.11.4]
	at org.junit.jupiter.engine.descriptor.TestMethodTestDescriptor.prepare(TestMethodTestDescriptor.java:104) ~[junit-jupiter-engine-5.11.4.jar:5.11.4]
	at org.junit.jupiter.engine.descriptor.TestMethodTestDescriptor.prepare(TestMethodTestDescriptor.java:68) ~[junit-jupiter-engine-5.11.4.jar:5.11.4]
	at org.junit.platform.engine.support.hierarchical.NodeTestTask.lambda$prepare$2(NodeTestTask.java:128) ~[junit-platform-engine-1.11.4.jar:1.11.4]
	at org.junit.platform.engine.support.hierarchical.ThrowableCollector.execute(ThrowableCollector.java:73) ~[junit-platform-engine-1.11.4.jar:1.11.4]
	at org.junit.platform.engine.support.hierarchical.NodeTestTask.prepare(NodeTestTask.java:128) ~[junit-platform-engine-1.11.4.jar:1.11.4]
	at org.junit.platform.engine.support.hierarchical.NodeTestTask.execute(NodeTestTask.java:95) ~[junit-platform-engine-1.11.4.jar:1.11.4]
	at java.base/java.util.ArrayList.forEach(ArrayList.java:1596) ~[na:na]
	at org.junit.platform.engine.support.hierarchical.SameThreadHierarchicalTestExecutorService.invokeAll(SameThreadHierarchicalTestExecutorService.java:41) ~[junit-platform-engine-1.11.4.jar:1.11.4]
	at org.junit.platform.engine.support.hierarchical.NodeTestTask.lambda$executeRecursively$6(NodeTestTask.java:160) ~[junit-platform-engine-1.11.4.jar:1.11.4]
	at org.junit.platform.engine.support.hierarchical.ThrowableCollector.execute(ThrowableCollector.java:73) ~[junit-platform-engine-1.11.4.jar:1.11.4]
	at org.junit.platform.engine.support.hierarchical.NodeTestTask.lambda$executeRecursively$8(NodeTestTask.java:146) ~[junit-platform-engine-1.11.4.jar:1.11.4]
	at org.junit.platform.engine.support.hierarchical.Node.around(Node.java:137) ~[junit-platform-engine-1.11.4.jar:1.11.4]
	at org.junit.platform.engine.support.hierarchical.NodeTestTask.lambda$executeRecursively$9(NodeTestTask.java:144) ~[junit-platform-engine-1.11.4.jar:1.11.4]
	at org.junit.platform.engine.support.hierarchical.ThrowableCollector.execute(ThrowableCollector.java:73) ~[junit-platform-engine-1.11.4.jar:1.11.4]
	at org.junit.platform.engine.support.hierarchical.NodeTestTask.executeRecursively(NodeTestTask.java:143) ~[junit-platform-engine-1.11.4.jar:1.11.4]
	at org.junit.platform.engine.support.hierarchical.NodeTestTask.execute(NodeTestTask.java:100) ~[junit-platform-engine-1.11.4.jar:1.11.4]
	at java.base/java.util.ArrayList.forEach(ArrayList.java:1596) ~[na:na]
	at org.junit.platform.engine.support.hierarchical.SameThreadHierarchicalTestExecutorService.invokeAll(SameThreadHierarchicalTestExecutorService.java:41) ~[junit-platform-engine-1.11.4.jar:1.11.4]
	at org.junit.platform.engine.support.hierarchical.NodeTestTask.lambda$executeRecursively$6(NodeTestTask.java:160) ~[junit-platform-engine-1.11.4.jar:1.11.4]
	at org.junit.platform.engine.support.hierarchical.ThrowableCollector.execute(ThrowableCollector.java:73) ~[junit-platform-engine-1.11.4.jar:1.11.4]
	at org.junit.platform.engine.support.hierarchical.NodeTestTask.lambda$executeRecursively$8(NodeTestTask.java:146) ~[junit-platform-engine-1.11.4.jar:1.11.4]
	at org.junit.platform.engine.support.hierarchical.Node.around(Node.java:137) ~[junit-platform-engine-1.11.4.jar:1.11.4]
	at org.junit.platform.engine.support.hierarchical.NodeTestTask.lambda$executeRecursively$9(NodeTestTask.java:144) ~[junit-platform-engine-1.11.4.jar:1.11.4]
	at org.junit.platform.engine.support.hierarchical.ThrowableCollector.execute(ThrowableCollector.java:73) ~[junit-platform-engine-1.11.4.jar:1.11.4]
	at org.junit.platform.engine.support.hierarchical.NodeTestTask.executeRecursively(NodeTestTask.java:143) ~[junit-platform-engine-1.11.4.jar:1.11.4]
	at org.junit.platform.engine.support.hierarchical.NodeTestTask.execute(NodeTestTask.java:100) ~[junit-platform-engine-1.11.4.jar:1.11.4]
	at org.junit.platform.engine.support.hierarchical.SameThreadHierarchicalTestExecutorService.submit(SameThreadHierarchicalTestExecutorService.java:35) ~[junit-platform-engine-1.11.4.jar:1.11.4]
	at org.junit.platform.engine.support.hierarchical.HierarchicalTestExecutor.execute(HierarchicalTestExecutor.java:57) ~[junit-platform-engine-1.11.4.jar:1.11.4]
	at org.junit.platform.engine.support.hierarchical.HierarchicalTestEngine.execute(HierarchicalTestEngine.java:54) ~[junit-platform-engine-1.11.4.jar:1.11.4]
	at org.junit.platform.launcher.core.EngineExecutionOrchestrator.execute(EngineExecutionOrchestrator.java:198) ~[junit-platform-launcher-1.11.4.jar:1.11.4]
	at org.junit.platform.launcher.core.EngineExecutionOrchestrator.execute(EngineExecutionOrchestrator.java:169) ~[junit-platform-launcher-1.11.4.jar:1.11.4]
	at org.junit.platform.launcher.core.EngineExecutionOrchestrator.execute(EngineExecutionOrchestrator.java:93) ~[junit-platform-launcher-1.11.4.jar:1.11.4]
	at org.junit.platform.launcher.core.EngineExecutionOrchestrator.lambda$execute$0(EngineExecutionOrchestrator.java:58) ~[junit-platform-launcher-1.11.4.jar:1.11.4]
	at org.junit.platform.launcher.core.EngineExecutionOrchestrator.withInterceptedStreams(EngineExecutionOrchestrator.java:141) ~[junit-platform-launcher-1.11.4.jar:1.11.4]
	at org.junit.platform.launcher.core.EngineExecutionOrchestrator.execute(EngineExecutionOrchestrator.java:57) ~[junit-platform-launcher-1.11.4.jar:1.11.4]
	at org.junit.platform.launcher.core.DefaultLauncher.execute(DefaultLauncher.java:103) ~[junit-platform-launcher-1.11.4.jar:1.11.4]
	at org.junit.platform.launcher.core.DefaultLauncher.execute(DefaultLauncher.java:85) ~[junit-platform-launcher-1.11.4.jar:1.11.4]
	at org.junit.platform.launcher.core.DelegatingLauncher.execute(DelegatingLauncher.java:47) ~[junit-platform-launcher-1.11.4.jar:1.11.4]
	at org.apache.maven.surefire.junitplatform.LazyLauncher.execute(LazyLauncher.java:56) ~[surefire-junit-platform-3.5.3.jar:3.5.3]
	at org.apache.maven.surefire.junitplatform.JUnitPlatformProvider.execute(JUnitPlatformProvider.java:194) ~[surefire-junit-platform-3.5.3.jar:3.5.3]
	at org.apache.maven.surefire.junitplatform.JUnitPlatformProvider.invokeAllTests(JUnitPlatformProvider.java:150) ~[surefire-junit-platform-3.5.3.jar:3.5.3]
	at org.apache.maven.surefire.junitplatform.JUnitPlatformProvider.invoke(JUnitPlatformProvider.java:124) ~[surefire-junit-platform-3.5.3.jar:3.5.3]
	at org.apache.maven.surefire.booter.ForkedBooter.runSuitesInProcess(ForkedBooter.java:385) ~[surefire-booter-3.5.3.jar:3.5.3]
	at org.apache.maven.surefire.booter.ForkedBooter.execute(ForkedBooter.java:162) ~[surefire-booter-3.5.3.jar:3.5.3]
	at org.apache.maven.surefire.booter.ForkedBooter.run(ForkedBooter.java:507) ~[surefire-booter-3.5.3.jar:3.5.3]
	at org.apache.maven.surefire.booter.ForkedBooter.main(ForkedBooter.java:495) ~[surefire-booter-3.5.3.jar:3.5.3]

2025-06-26T23:30:51.556-04:00  INFO 11948 --- [hw] [           main] c.p.h.r.PedidoRepositoryUniTest          : Started PedidoRepositoryUniTest in 0.557 seconds (process running for 16.272)
2025-06-26T23:30:51.565-04:00 DEBUG 11948 --- [hw] [           main] o.h.e.t.internal.TransactionImpl         : On TransactionImpl creation, JpaCompliance#isJpaTransactionComplianceEnabled == false
2025-06-26T23:30:51.565-04:00 DEBUG 11948 --- [hw] [           main] o.h.e.t.internal.TransactionImpl         : begin
2025-06-26T23:30:51.569-04:00 DEBUG 11948 --- [hw] [           main] o.h.j.internal.PersistenceUnitUtilImpl   : jakarta.persistence.PersistenceUnitUtil.getIdentifier is only intended to work with enhanced entities (although Hibernate also adapts this support to its proxies); however the passed entity was not enhanced (nor a proxy).. may not be able to read identifier
2025-06-26T23:30:51.570-04:00 DEBUG 11948 --- [hw] [           main] org.hibernate.engine.spi.ActionQueue     : Executing identity-insert immediately
2025-06-26T23:30:51.570-04:00 DEBUG 11948 --- [hw] [           main] org.hibernate.SQL                        : 
    insert 
    into
        pedido
        (estado, fecha_pedido, id_usuario, id) 
    values
        (?, ?, ?, default)
Hibernate: 
    insert 
    into
        pedido
        (estado, fecha_pedido, id_usuario, id) 
    values
        (?, ?, ?, default)
2025-06-26T23:30:51.582-04:00 DEBUG 11948 --- [hw] [           main] org.hibernate.orm.results                : Initializer list is empty
2025-06-26T23:30:51.582-04:00 DEBUG 11948 --- [hw] [           main] o.h.id.IdentifierGeneratorHelper         : Extracted generated values [com.pedidos.hw.model.Pedido]: [Ljava.lang.Object;@62b0059
2025-06-26T23:30:51.591-04:00 DEBUG 11948 --- [hw] [           main] org.hibernate.engine.spi.ActionQueue     : Executing identity-insert immediately
2025-06-26T23:30:51.592-04:00 DEBUG 11948 --- [hw] [           main] org.hibernate.SQL                        : 
    insert 
    into
        detalle_pedido
        (cantidad, id_producto, id_pedido, id_detalle) 
    values
        (?, ?, ?, default)
Hibernate: 
    insert 
    into
        detalle_pedido
        (cantidad, id_producto, id_pedido, id_detalle) 
    values
        (?, ?, ?, default)
2025-06-26T23:30:51.593-04:00 DEBUG 11948 --- [hw] [           main] org.hibernate.orm.results                : Initializer list is empty
2025-06-26T23:30:51.593-04:00 DEBUG 11948 --- [hw] [           main] o.h.id.IdentifierGeneratorHelper         : Extracted generated values [com.pedidos.hw.model.DetallePedido]: [Ljava.lang.Object;@24ba43e0
2025-06-26T23:30:51.594-04:00 DEBUG 11948 --- [hw] [           main] o.h.j.internal.PersistenceUnitUtilImpl   : jakarta.persistence.PersistenceUnitUtil.getIdentifier is only intended to work with enhanced entities (although Hibernate also adapts this support to its proxies); however the passed entity was not enhanced (nor a proxy).. may not be able to read identifier
2025-06-26T23:30:51.599-04:00 DEBUG 11948 --- [hw] [           main] org.hibernate.orm.results.loading        : Load request found matching entity in context, but it is scheduled for removal; returning null
2025-06-26T23:30:51.652-04:00 DEBUG 11948 --- [hw] [           main] o.h.e.t.internal.TransactionImpl         : rolling back
]]></system-out>
  </testcase>
  <testcase name="listarPedidos" classname="com.pedidos.hw.repository.PedidoRepositoryUniTest" time="0.023">
    <system-out><![CDATA[2025-06-26T23:30:51.657-04:00 DEBUG 11948 --- [hw] [           main] o.h.e.t.internal.TransactionImpl         : On TransactionImpl creation, JpaCompliance#isJpaTransactionComplianceEnabled == false
2025-06-26T23:30:51.657-04:00 DEBUG 11948 --- [hw] [           main] o.h.e.t.internal.TransactionImpl         : begin
2025-06-26T23:30:51.658-04:00 DEBUG 11948 --- [hw] [           main] o.h.j.internal.PersistenceUnitUtilImpl   : jakarta.persistence.PersistenceUnitUtil.getIdentifier is only intended to work with enhanced entities (although Hibernate also adapts this support to its proxies); however the passed entity was not enhanced (nor a proxy).. may not be able to read identifier
2025-06-26T23:30:51.658-04:00 DEBUG 11948 --- [hw] [           main] org.hibernate.engine.spi.ActionQueue     : Executing identity-insert immediately
2025-06-26T23:30:51.659-04:00 DEBUG 11948 --- [hw] [           main] org.hibernate.SQL                        : 
    insert 
    into
        pedido
        (estado, fecha_pedido, id_usuario, id) 
    values
        (?, ?, ?, default)
Hibernate: 
    insert 
    into
        pedido
        (estado, fecha_pedido, id_usuario, id) 
    values
        (?, ?, ?, default)
2025-06-26T23:30:51.659-04:00 DEBUG 11948 --- [hw] [           main] org.hibernate.orm.results                : Initializer list is empty
2025-06-26T23:30:51.659-04:00 DEBUG 11948 --- [hw] [           main] o.h.id.IdentifierGeneratorHelper         : Extracted generated values [com.pedidos.hw.model.Pedido]: [Ljava.lang.Object;@7d2b2f3a
2025-06-26T23:30:51.660-04:00 DEBUG 11948 --- [hw] [           main] org.hibernate.engine.spi.ActionQueue     : Executing identity-insert immediately
2025-06-26T23:30:51.660-04:00 DEBUG 11948 --- [hw] [           main] org.hibernate.SQL                        : 
    insert 
    into
        detalle_pedido
        (cantidad, id_producto, id_pedido, id_detalle) 
    values
        (?, ?, ?, default)
Hibernate: 
    insert 
    into
        detalle_pedido
        (cantidad, id_producto, id_pedido, id_detalle) 
    values
        (?, ?, ?, default)
2025-06-26T23:30:51.661-04:00 DEBUG 11948 --- [hw] [           main] org.hibernate.orm.results                : Initializer list is empty
2025-06-26T23:30:51.661-04:00 DEBUG 11948 --- [hw] [           main] o.h.id.IdentifierGeneratorHelper         : Extracted generated values [com.pedidos.hw.model.DetallePedido]: [Ljava.lang.Object;@7ef4f2b0
2025-06-26T23:30:51.661-04:00 DEBUG 11948 --- [hw] [           main] o.h.j.internal.PersistenceUnitUtilImpl   : jakarta.persistence.PersistenceUnitUtil.getIdentifier is only intended to work with enhanced entities (although Hibernate also adapts this support to its proxies); however the passed entity was not enhanced (nor a proxy).. may not be able to read identifier
2025-06-26T23:30:51.661-04:00 DEBUG 11948 --- [hw] [           main] org.hibernate.engine.spi.ActionQueue     : Executing identity-insert immediately
2025-06-26T23:30:51.661-04:00 DEBUG 11948 --- [hw] [           main] org.hibernate.SQL                        : 
    insert 
    into
        pedido
        (estado, fecha_pedido, id_usuario, id) 
    values
        (?, ?, ?, default)
Hibernate: 
    insert 
    into
        pedido
        (estado, fecha_pedido, id_usuario, id) 
    values
        (?, ?, ?, default)
2025-06-26T23:30:51.662-04:00 DEBUG 11948 --- [hw] [           main] org.hibernate.orm.results                : Initializer list is empty
2025-06-26T23:30:51.662-04:00 DEBUG 11948 --- [hw] [           main] o.h.id.IdentifierGeneratorHelper         : Extracted generated values [com.pedidos.hw.model.Pedido]: [Ljava.lang.Object;@581242e1
2025-06-26T23:30:51.662-04:00 DEBUG 11948 --- [hw] [           main] org.hibernate.engine.spi.ActionQueue     : Executing identity-insert immediately
2025-06-26T23:30:51.662-04:00 DEBUG 11948 --- [hw] [           main] org.hibernate.SQL                        : 
    insert 
    into
        detalle_pedido
        (cantidad, id_producto, id_pedido, id_detalle) 
    values
        (?, ?, ?, default)
Hibernate: 
    insert 
    into
        detalle_pedido
        (cantidad, id_producto, id_pedido, id_detalle) 
    values
        (?, ?, ?, default)
2025-06-26T23:30:51.663-04:00 DEBUG 11948 --- [hw] [           main] org.hibernate.orm.results                : Initializer list is empty
2025-06-26T23:30:51.663-04:00 DEBUG 11948 --- [hw] [           main] o.h.id.IdentifierGeneratorHelper         : Extracted generated values [com.pedidos.hw.model.DetallePedido]: [Ljava.lang.Object;@2ff89271
2025-06-26T23:30:51.664-04:00 DEBUG 11948 --- [hw] [           main] o.h.e.i.AbstractFlushingEventListener    : Processing flush-time cascades
2025-06-26T23:30:51.664-04:00 DEBUG 11948 --- [hw] [           main] o.h.e.i.AbstractFlushingEventListener    : Dirty checking collections
2025-06-26T23:30:51.664-04:00 DEBUG 11948 --- [hw] [           main] org.hibernate.orm.sql.ast.create         : Created new SQL alias : p1_0
2025-06-26T23:30:51.664-04:00 DEBUG 11948 --- [hw] [           main] org.hibernate.orm.sql.ast.create         : Registration of TableGroup [StandardTableGroup(com.pedidos.hw.model.Pedido(2))] with identifierForTableGroup [com.pedidos.hw.model.Pedido] for NavigablePath [com.pedidos.hw.model.Pedido] 
2025-06-26T23:30:51.665-04:00 DEBUG 11948 --- [hw] [           main] org.hibernate.orm.results.graph.AST      : DomainResult Graph:
 \-EntityResultImpl [com.pedidos.hw.model.Pedido(2)]
 |  +-DelayedCollectionFetch [com.pedidos.hw.model.Pedido(2).detalles]
 |  +-BasicFetch [com.pedidos.hw.model.Pedido(2).estado]
 |  +-BasicFetch [com.pedidos.hw.model.Pedido(2).fecha_pedido]
 |  \-BasicFetch [com.pedidos.hw.model.Pedido(2).id_usuario]

2025-06-26T23:30:51.665-04:00 DEBUG 11948 --- [hw] [           main] org.hibernate.orm.sql.ast.tree           : SQL AST Tree:
    SelectStatement {
      FromClause {
        StandardTableGroup (p1 : com.pedidos.hw.model.Pedido(2)) {
          primaryTableReference : pedido as p1_0
        }
      }
    }

2025-06-26T23:30:51.665-04:00 DEBUG 11948 --- [hw] [           main] o.hibernate.engine.internal.Collections  : Collection found: [com.pedidos.hw.model.Pedido.detalles#2], was: [<unreferenced>] (initialized)
2025-06-26T23:30:51.665-04:00 DEBUG 11948 --- [hw] [           main] o.hibernate.engine.internal.Collections  : Collection found: [com.pedidos.hw.model.Pedido.detalles#3], was: [<unreferenced>] (initialized)
2025-06-26T23:30:51.665-04:00 DEBUG 11948 --- [hw] [           main] o.h.e.i.AbstractFlushingEventListener    : Flushed: 0 insertions, 0 updates, 0 deletions to 4 objects
2025-06-26T23:30:51.665-04:00 DEBUG 11948 --- [hw] [           main] o.h.e.i.AbstractFlushingEventListener    : Flushed: 2 (re)creations, 0 updates, 0 removals to 2 collections
2025-06-26T23:30:51.665-04:00 DEBUG 11948 --- [hw] [           main] o.hibernate.internal.util.EntityPrinter  : Listing entities:
2025-06-26T23:30:51.665-04:00 DEBUG 11948 --- [hw] [           main] o.hibernate.internal.util.EntityPrinter  : com.pedidos.hw.model.Pedido{estado=2, fecha_pedido=2025-06-22, id_usuario=11, detalles=[com.pedidos.hw.model.DetallePedido#2], id=2}
2025-06-26T23:30:51.665-04:00 DEBUG 11948 --- [hw] [           main] o.hibernate.internal.util.EntityPrinter  : com.pedidos.hw.model.Pedido{estado=1, fecha_pedido=2025-06-21, id_usuario=10, detalles=[com.pedidos.hw.model.DetallePedido#3], id=3}
2025-06-26T23:30:51.665-04:00 DEBUG 11948 --- [hw] [           main] o.hibernate.internal.util.EntityPrinter  : com.pedidos.hw.model.DetallePedido{id_detalle=2, pedido=com.pedidos.hw.model.Pedido#2, id_producto=9, cantidad=6}
2025-06-26T23:30:51.665-04:00 DEBUG 11948 --- [hw] [           main] o.hibernate.internal.util.EntityPrinter  : com.pedidos.hw.model.DetallePedido{id_detalle=3, pedido=com.pedidos.hw.model.Pedido#3, id_producto=2, cantidad=3}
2025-06-26T23:30:51.665-04:00 DEBUG 11948 --- [hw] [           main] org.hibernate.orm.sql.exec               : Skipping reading Query result cache data: cache-enabled = false, cache-mode = NORMAL
2025-06-26T23:30:51.665-04:00 DEBUG 11948 --- [hw] [           main] org.hibernate.SQL                        : 
    select
        p1_0.id,
        p1_0.estado,
        p1_0.fecha_pedido,
        p1_0.id_usuario 
    from
        pedido p1_0
Hibernate: 
    select
        p1_0.id,
        p1_0.estado,
        p1_0.fecha_pedido,
        p1_0.id_usuario 
    from
        pedido p1_0
2025-06-26T23:30:51.666-04:00 DEBUG 11948 --- [hw] [           main] org.hibernate.orm.results                : Initializer list:
	  com.pedidos.hw.model.Pedido(2) -> EntityJoinedFetchInitializer(com.pedidos.hw.model.Pedido(2))@1302369269 (SingleTableEntityPersister(com.pedidos.hw.model.Pedido))
	  com.pedidos.hw.model.Pedido(2).detalles -> DelayedCollectionInitializer(com.pedidos.hw.model.Pedido(2).detalles)@2871612 (PluralAttribute(com.pedidos.hw.model.Pedido.detalles))

2025-06-26T23:30:51.678-04:00 DEBUG 11948 --- [hw] [           main] o.h.e.t.internal.TransactionImpl         : rolling back
]]></system-out>
  </testcase>
  <testcase name="buscarPedidoPorUsuario" classname="com.pedidos.hw.repository.PedidoRepositoryUniTest" time="0.013">
    <system-out><![CDATA[2025-06-26T23:30:51.680-04:00 DEBUG 11948 --- [hw] [           main] o.h.e.t.internal.TransactionImpl         : On TransactionImpl creation, JpaCompliance#isJpaTransactionComplianceEnabled == false
2025-06-26T23:30:51.680-04:00 DEBUG 11948 --- [hw] [           main] o.h.e.t.internal.TransactionImpl         : begin
2025-06-26T23:30:51.681-04:00 DEBUG 11948 --- [hw] [           main] o.h.j.internal.PersistenceUnitUtilImpl   : jakarta.persistence.PersistenceUnitUtil.getIdentifier is only intended to work with enhanced entities (although Hibernate also adapts this support to its proxies); however the passed entity was not enhanced (nor a proxy).. may not be able to read identifier
2025-06-26T23:30:51.682-04:00 DEBUG 11948 --- [hw] [           main] org.hibernate.engine.spi.ActionQueue     : Executing identity-insert immediately
2025-06-26T23:30:51.682-04:00 DEBUG 11948 --- [hw] [           main] org.hibernate.SQL                        : 
    insert 
    into
        pedido
        (estado, fecha_pedido, id_usuario, id) 
    values
        (?, ?, ?, default)
Hibernate: 
    insert 
    into
        pedido
        (estado, fecha_pedido, id_usuario, id) 
    values
        (?, ?, ?, default)
2025-06-26T23:30:51.683-04:00 DEBUG 11948 --- [hw] [           main] org.hibernate.orm.results                : Initializer list is empty
2025-06-26T23:30:51.683-04:00 DEBUG 11948 --- [hw] [           main] o.h.id.IdentifierGeneratorHelper         : Extracted generated values [com.pedidos.hw.model.Pedido]: [Ljava.lang.Object;@b439e50
2025-06-26T23:30:51.684-04:00 DEBUG 11948 --- [hw] [           main] org.hibernate.engine.spi.ActionQueue     : Executing identity-insert immediately
2025-06-26T23:30:51.684-04:00 DEBUG 11948 --- [hw] [           main] org.hibernate.SQL                        : 
    insert 
    into
        detalle_pedido
        (cantidad, id_producto, id_pedido, id_detalle) 
    values
        (?, ?, ?, default)
Hibernate: 
    insert 
    into
        detalle_pedido
        (cantidad, id_producto, id_pedido, id_detalle) 
    values
        (?, ?, ?, default)
2025-06-26T23:30:51.685-04:00 DEBUG 11948 --- [hw] [           main] org.hibernate.orm.results                : Initializer list is empty
2025-06-26T23:30:51.685-04:00 DEBUG 11948 --- [hw] [           main] o.h.id.IdentifierGeneratorHelper         : Extracted generated values [com.pedidos.hw.model.DetallePedido]: [Ljava.lang.Object;@622eee0b
2025-06-26T23:30:51.686-04:00 DEBUG 11948 --- [hw] [           main] org.hibernate.orm.query.plan.cache       : Creating and caching NativeQuery ParameterInterpretation - ParameterInterpretationImpl (SELECT * FROM pedido WHERE id_usuario = ?) : {
    
}
2025-06-26T23:30:51.686-04:00 DEBUG 11948 --- [hw] [           main] o.h.e.i.AbstractFlushingEventListener    : Processing flush-time cascades
2025-06-26T23:30:51.686-04:00 DEBUG 11948 --- [hw] [           main] o.h.e.i.AbstractFlushingEventListener    : Dirty checking collections
2025-06-26T23:30:51.686-04:00 DEBUG 11948 --- [hw] [           main] o.hibernate.engine.internal.Collections  : Collection found: [com.pedidos.hw.model.Pedido.detalles#4], was: [<unreferenced>] (initialized)
2025-06-26T23:30:51.686-04:00 DEBUG 11948 --- [hw] [           main] o.h.e.i.AbstractFlushingEventListener    : Flushed: 0 insertions, 0 updates, 0 deletions to 2 objects
2025-06-26T23:30:51.686-04:00 DEBUG 11948 --- [hw] [           main] o.h.e.i.AbstractFlushingEventListener    : Flushed: 1 (re)creations, 0 updates, 0 removals to 1 collections
2025-06-26T23:30:51.686-04:00 DEBUG 11948 --- [hw] [           main] o.hibernate.internal.util.EntityPrinter  : Listing entities:
2025-06-26T23:30:51.686-04:00 DEBUG 11948 --- [hw] [           main] o.hibernate.internal.util.EntityPrinter  : com.pedidos.hw.model.Pedido{estado=2, fecha_pedido=2025-06-22, id_usuario=22, detalles=[com.pedidos.hw.model.DetallePedido#4], id=4}
2025-06-26T23:30:51.686-04:00 DEBUG 11948 --- [hw] [           main] o.hibernate.internal.util.EntityPrinter  : com.pedidos.hw.model.DetallePedido{id_detalle=4, pedido=com.pedidos.hw.model.Pedido#4, id_producto=7, cantidad=6}
2025-06-26T23:30:51.687-04:00 DEBUG 11948 --- [hw] [           main] o.h.e.i.AbstractFlushingEventListener    : Processing flush-time cascades
2025-06-26T23:30:51.687-04:00 DEBUG 11948 --- [hw] [           main] o.h.e.i.AbstractFlushingEventListener    : Dirty checking collections
2025-06-26T23:30:51.687-04:00 DEBUG 11948 --- [hw] [           main] o.hibernate.engine.internal.Collections  : Collection found: [com.pedidos.hw.model.Pedido.detalles#4], was: [com.pedidos.hw.model.Pedido.detalles#4] (initialized)
2025-06-26T23:30:51.688-04:00 DEBUG 11948 --- [hw] [           main] o.h.e.i.AbstractFlushingEventListener    : Flushed: 0 insertions, 0 updates, 0 deletions to 2 objects
2025-06-26T23:30:51.688-04:00 DEBUG 11948 --- [hw] [           main] o.h.e.i.AbstractFlushingEventListener    : Flushed: 0 (re)creations, 0 updates, 0 removals to 1 collections
2025-06-26T23:30:51.688-04:00 DEBUG 11948 --- [hw] [           main] o.hibernate.internal.util.EntityPrinter  : Listing entities:
2025-06-26T23:30:51.688-04:00 DEBUG 11948 --- [hw] [           main] o.hibernate.internal.util.EntityPrinter  : com.pedidos.hw.model.Pedido{estado=2, fecha_pedido=2025-06-22, id_usuario=22, detalles=[com.pedidos.hw.model.DetallePedido#4], id=4}
2025-06-26T23:30:51.688-04:00 DEBUG 11948 --- [hw] [           main] o.hibernate.internal.util.EntityPrinter  : com.pedidos.hw.model.DetallePedido{id_detalle=4, pedido=com.pedidos.hw.model.Pedido#4, id_producto=7, cantidad=6}
2025-06-26T23:30:51.688-04:00 DEBUG 11948 --- [hw] [           main] org.hibernate.orm.sql.exec               : Skipping reading Query result cache data: cache-enabled = false, cache-mode = NORMAL
2025-06-26T23:30:51.688-04:00 DEBUG 11948 --- [hw] [           main] org.hibernate.SQL                        : 
    SELECT
        * 
    FROM
        pedido 
    WHERE
        id_usuario = ?
Hibernate: 
    SELECT
        * 
    FROM
        pedido 
    WHERE
        id_usuario = ?
2025-06-26T23:30:51.689-04:00 DEBUG 11948 --- [hw] [           main] org.hibernate.orm.results                : Disallowing positional selections : SELECT * FROM pedido WHERE id_usuario = :id_usuario
2025-06-26T23:30:51.690-04:00 DEBUG 11948 --- [hw] [           main] org.hibernate.orm.results                : Initializer list:
	  com.pedidos.hw.model.Pedido -> EntityJoinedFetchInitializer(com.pedidos.hw.model.Pedido)@867343513 (SingleTableEntityPersister(com.pedidos.hw.model.Pedido))
	  com.pedidos.hw.model.Pedido.detalles -> DelayedCollectionInitializer(com.pedidos.hw.model.Pedido.detalles)@1855035345 (PluralAttribute(com.pedidos.hw.model.Pedido.detalles))

2025-06-26T23:30:51.691-04:00 DEBUG 11948 --- [hw] [           main] o.h.e.t.internal.TransactionImpl         : rolling back
]]></system-out>
  </testcase>
  <testcase name="guardarPedido" classname="com.pedidos.hw.repository.PedidoRepositoryUniTest" time="0.008">
    <system-out><![CDATA[2025-06-26T23:30:51.694-04:00 DEBUG 11948 --- [hw] [           main] o.h.e.t.internal.TransactionImpl         : On TransactionImpl creation, JpaCompliance#isJpaTransactionComplianceEnabled == false
2025-06-26T23:30:51.694-04:00 DEBUG 11948 --- [hw] [           main] o.h.e.t.internal.TransactionImpl         : begin
2025-06-26T23:30:51.696-04:00 DEBUG 11948 --- [hw] [           main] o.h.j.internal.PersistenceUnitUtilImpl   : jakarta.persistence.PersistenceUnitUtil.getIdentifier is only intended to work with enhanced entities (although Hibernate also adapts this support to its proxies); however the passed entity was not enhanced (nor a proxy).. may not be able to read identifier
2025-06-26T23:30:51.696-04:00 DEBUG 11948 --- [hw] [           main] org.hibernate.engine.spi.ActionQueue     : Executing identity-insert immediately
2025-06-26T23:30:51.696-04:00 DEBUG 11948 --- [hw] [           main] org.hibernate.SQL                        : 
    insert 
    into
        pedido
        (estado, fecha_pedido, id_usuario, id) 
    values
        (?, ?, ?, default)
Hibernate: 
    insert 
    into
        pedido
        (estado, fecha_pedido, id_usuario, id) 
    values
        (?, ?, ?, default)
2025-06-26T23:30:51.697-04:00 DEBUG 11948 --- [hw] [           main] org.hibernate.orm.results                : Initializer list is empty
2025-06-26T23:30:51.697-04:00 DEBUG 11948 --- [hw] [           main] o.h.id.IdentifierGeneratorHelper         : Extracted generated values [com.pedidos.hw.model.Pedido]: [Ljava.lang.Object;@2a74149d
2025-06-26T23:30:51.698-04:00 DEBUG 11948 --- [hw] [           main] org.hibernate.engine.spi.ActionQueue     : Executing identity-insert immediately
2025-06-26T23:30:51.698-04:00 DEBUG 11948 --- [hw] [           main] org.hibernate.SQL                        : 
    insert 
    into
        detalle_pedido
        (cantidad, id_producto, id_pedido, id_detalle) 
    values
        (?, ?, ?, default)
Hibernate: 
    insert 
    into
        detalle_pedido
        (cantidad, id_producto, id_pedido, id_detalle) 
    values
        (?, ?, ?, default)
2025-06-26T23:30:51.699-04:00 DEBUG 11948 --- [hw] [           main] org.hibernate.orm.results                : Initializer list is empty
2025-06-26T23:30:51.699-04:00 DEBUG 11948 --- [hw] [           main] o.h.id.IdentifierGeneratorHelper         : Extracted generated values [com.pedidos.hw.model.DetallePedido]: [Ljava.lang.Object;@4a31924e
2025-06-26T23:30:51.700-04:00 DEBUG 11948 --- [hw] [           main] o.h.e.t.internal.TransactionImpl         : rolling back
]]></system-out>
  </testcase>
  <testcase name="contextLoads" classname="com.pedidos.hw.repository.PedidoRepositoryUniTest" time="0.004">
    <system-out><![CDATA[2025-06-26T23:30:51.703-04:00 DEBUG 11948 --- [hw] [           main] o.h.e.t.internal.TransactionImpl         : On TransactionImpl creation, JpaCompliance#isJpaTransactionComplianceEnabled == false
2025-06-26T23:30:51.703-04:00 DEBUG 11948 --- [hw] [           main] o.h.e.t.internal.TransactionImpl         : begin
2025-06-26T23:30:51.705-04:00 DEBUG 11948 --- [hw] [           main] o.h.e.t.internal.TransactionImpl         : rolling back
]]></system-out>
  </testcase>
</testsuite>